# Logfile created on 2016-11-19 13:21:02 +0100 by logger.rb/44203
I, [2016-11-19T13:21:02.769918 #28522]  INFO -- : Size of Sources with '456055*' --> 0
I, [2016-11-19T13:21:50.303191 #28658]  INFO -- : Size of Sources with '456055*' --> 0
I, [2016-11-19T13:22:18.918757 #28743]  INFO -- : Size of Sources with '456055*' --> 432
I, [2016-11-19T13:24:31.126997 #29032]  INFO -- : Size of Sources with '456055*' --> 9
I, [2016-11-19T13:26:30.031695 #29338]  INFO -- : Size of Sources with '456055*' --> 423
I, [2016-11-19T13:28:50.089385 #29668]  INFO -- : Size of Sources with '456055*' --> 423
I, [2016-11-19T13:28:51.934929 #29668]  INFO -- : 456055009 updated to unpublished.
I, [2016-11-19T13:28:52.199953 #29668]  INFO -- : 456055010 updated to unpublished.
I, [2016-11-19T13:28:52.295923 #29668]  INFO -- : 456055011 updated to unpublished.
I, [2016-11-19T13:28:52.462592 #29668]  INFO -- : 456055012 updated to unpublished.
I, [2016-11-19T13:28:52.620969 #29668]  INFO -- : 456055013 updated to unpublished.
I, [2016-11-19T13:28:52.718135 #29668]  INFO -- : 456055014 updated to unpublished.
I, [2016-11-19T13:28:52.817959 #29668]  INFO -- : 456055015 updated to unpublished.
I, [2016-11-19T13:28:52.912595 #29668]  INFO -- : 456055016 updated to unpublished.
I, [2016-11-19T13:28:53.076687 #29668]  INFO -- : 456055017 updated to unpublished.
I, [2016-11-19T13:28:53.170909 #29668]  INFO -- : 456055018 updated to unpublished.
I, [2016-11-19T13:28:53.268097 #29668]  INFO -- : 456055019 updated to unpublished.
I, [2016-11-19T13:28:53.368156 #29668]  INFO -- : 456055020 updated to unpublished.
I, [2016-11-19T13:28:53.443075 #29668]  INFO -- : 456055021 updated to unpublished.
I, [2016-11-19T13:28:53.576395 #29668]  INFO -- : 456055022 updated to unpublished.
I, [2016-11-19T13:28:53.687554 #29668]  INFO -- : 456055023 updated to unpublished.
I, [2016-11-19T13:28:53.779213 #29668]  INFO -- : 456055024 updated to unpublished.
I, [2016-11-19T13:28:53.909772 #29668]  INFO -- : 456055025 updated to unpublished.
I, [2016-11-19T13:28:54.001376 #29668]  INFO -- : 456055026 updated to unpublished.
I, [2016-11-19T13:28:54.126706 #29668]  INFO -- : 456055027 updated to unpublished.
I, [2016-11-19T13:28:54.254322 #29668]  INFO -- : 456055028 updated to unpublished.
I, [2016-11-19T13:28:54.345866 #29668]  INFO -- : 456055029 updated to unpublished.
I, [2016-11-19T13:28:54.462534 #29668]  INFO -- : 456055030 updated to unpublished.
I, [2016-11-19T13:28:54.609572 #29668]  INFO -- : 456055031 updated to unpublished.
I, [2016-11-19T13:28:54.704194 #29668]  INFO -- : 456055032 updated to unpublished.
I, [2016-11-19T13:28:54.795743 #29668]  INFO -- : 456055033 updated to unpublished.
I, [2016-11-19T13:28:54.895859 #29668]  INFO -- : 456055034 updated to unpublished.
I, [2016-11-19T13:28:54.970860 #29668]  INFO -- : 456055035 updated to unpublished.
I, [2016-11-19T13:28:55.091727 #29668]  INFO -- : 456055036 updated to unpublished.
I, [2016-11-19T13:28:55.184627 #29668]  INFO -- : 456055037 updated to unpublished.
I, [2016-11-19T13:28:55.262471 #29668]  INFO -- : 456055038 updated to unpublished.
I, [2016-11-19T13:28:55.345731 #29668]  INFO -- : 456055039 updated to unpublished.
I, [2016-11-19T13:28:55.417955 #29668]  INFO -- : 456055040 updated to unpublished.
I, [2016-11-19T13:28:55.504185 #29668]  INFO -- : 456055041 updated to unpublished.
I, [2016-11-19T13:28:55.595797 #29668]  INFO -- : 456055042 updated to unpublished.
I, [2016-11-19T13:28:55.670768 #29668]  INFO -- : 456055043 updated to unpublished.
I, [2016-11-19T13:28:55.742938 #29668]  INFO -- : 456055044 updated to unpublished.
I, [2016-11-19T13:28:55.829235 #29668]  INFO -- : 456055045 updated to unpublished.
I, [2016-11-19T13:28:55.920803 #29668]  INFO -- : 456055046 updated to unpublished.
I, [2016-11-19T13:28:55.992965 #29668]  INFO -- : 456055047 updated to unpublished.
I, [2016-11-19T13:28:56.116792 #29668]  INFO -- : 456055048 updated to unpublished.
I, [2016-11-19T13:28:56.184584 #29668]  INFO -- : 456055049 updated to unpublished.
I, [2016-11-19T13:28:56.254116 #29668]  INFO -- : 456055050 updated to unpublished.
I, [2016-11-19T13:28:56.354135 #29668]  INFO -- : 456055051 updated to unpublished.
I, [2016-11-19T13:28:56.429135 #29668]  INFO -- : 456055052 updated to unpublished.
I, [2016-11-19T13:28:56.529131 #29668]  INFO -- : 456055053 updated to unpublished.
I, [2016-11-19T13:28:56.604103 #29668]  INFO -- : 456055054 updated to unpublished.
I, [2016-11-19T13:28:56.701238 #29668]  INFO -- : 456055055 updated to unpublished.
I, [2016-11-19T13:28:56.776230 #29668]  INFO -- : 456055056 updated to unpublished.
I, [2016-11-19T13:28:56.959497 #29668]  INFO -- : 456055057 updated to unpublished.
I, [2016-11-19T13:28:57.093459 #29668]  INFO -- : 456055058 updated to unpublished.
I, [2016-11-19T13:28:57.437519 #29668]  INFO -- : 456055059 updated to unpublished.
I, [2016-11-19T13:28:57.529181 #29668]  INFO -- : 456055060 updated to unpublished.
I, [2016-11-19T13:28:57.662456 #29668]  INFO -- : 456055061 updated to unpublished.
I, [2016-11-19T13:28:57.776149 #29668]  INFO -- : 456055062 updated to unpublished.
I, [2016-11-19T13:28:57.859517 #29668]  INFO -- : 456055063 updated to unpublished.
I, [2016-11-19T13:28:58.001281 #29668]  INFO -- : 456055064 updated to unpublished.
I, [2016-11-19T13:28:58.160275 #29668]  INFO -- : 456055065 updated to unpublished.
I, [2016-11-19T13:28:58.309435 #29668]  INFO -- : 456055066 updated to unpublished.
I, [2016-11-19T13:28:58.367745 #29668]  INFO -- : 456055067 updated to unpublished.
I, [2016-11-19T13:28:58.492743 #29668]  INFO -- : 456055068 updated to unpublished.
I, [2016-11-19T13:28:58.559456 #29668]  INFO -- : 456055069 updated to unpublished.
I, [2016-11-19T13:28:58.670653 #29668]  INFO -- : 456055070 updated to unpublished.
I, [2016-11-19T13:28:58.728994 #29668]  INFO -- : 456055071 updated to unpublished.
I, [2016-11-19T13:28:58.845524 #29668]  INFO -- : 456055072 updated to unpublished.
I, [2016-11-19T13:28:58.895629 #29668]  INFO -- : 456055073 updated to unpublished.
I, [2016-11-19T13:28:59.058585 #29668]  INFO -- : 456055074 updated to unpublished.
I, [2016-11-19T13:28:59.201571 #29668]  INFO -- : 456055075 updated to unpublished.
I, [2016-11-19T13:28:59.309405 #29668]  INFO -- : 456055076 updated to unpublished.
I, [2016-11-19T13:28:59.453986 #29668]  INFO -- : 456055077 updated to unpublished.
I, [2016-11-19T13:28:59.592722 #29668]  INFO -- : 456055078 updated to unpublished.
I, [2016-11-19T13:28:59.676026 #29668]  INFO -- : 456055079 updated to unpublished.
I, [2016-11-19T13:28:59.803976 #29668]  INFO -- : 456055080 updated to unpublished.
I, [2016-11-19T13:28:59.870676 #29668]  INFO -- : 456055081 updated to unpublished.
I, [2016-11-19T13:28:59.953975 #29668]  INFO -- : 456055082 updated to unpublished.
I, [2016-11-19T13:29:00.050212 #29668]  INFO -- : 456055083 updated to unpublished.
I, [2016-11-19T13:29:00.137320 #29668]  INFO -- : 456055084 updated to unpublished.
I, [2016-11-19T13:29:00.203919 #29668]  INFO -- : 456055085 updated to unpublished.
I, [2016-11-19T13:29:00.250947 #29668]  INFO -- : 456055086 updated to unpublished.
I, [2016-11-19T13:29:00.317522 #29668]  INFO -- : 456055087 updated to unpublished.
I, [2016-11-19T13:29:00.420794 #29668]  INFO -- : 456055088 updated to unpublished.
I, [2016-11-19T13:29:00.528976 #29668]  INFO -- : 456055089 updated to unpublished.
I, [2016-11-19T13:29:00.617653 #29668]  INFO -- : 456055090 updated to unpublished.
I, [2016-11-19T13:29:00.709330 #29668]  INFO -- : 456055091 updated to unpublished.
I, [2016-11-19T13:29:00.859345 #29668]  INFO -- : 456055092 updated to unpublished.
I, [2016-11-19T13:29:00.942542 #29668]  INFO -- : 456055093 updated to unpublished.
I, [2016-11-19T13:29:01.051900 #29668]  INFO -- : 456055094 updated to unpublished.
I, [2016-11-19T13:29:01.137280 #29668]  INFO -- : 456055095 updated to unpublished.
I, [2016-11-19T13:29:01.267607 #29668]  INFO -- : 456055096 updated to unpublished.
I, [2016-11-19T13:29:01.359296 #29668]  INFO -- : 456055097 updated to unpublished.
I, [2016-11-19T13:29:01.437300 #29668]  INFO -- : 456055098 updated to unpublished.
I, [2016-11-19T13:29:01.520582 #29668]  INFO -- : 456055099 updated to unpublished.
I, [2016-11-19T13:29:01.601251 #29668]  INFO -- : 456055100 updated to unpublished.
I, [2016-11-19T13:29:01.893814 #29668]  INFO -- : 456055101 updated to unpublished.
I, [2016-11-19T13:29:02.020637 #29668]  INFO -- : 456055102 updated to unpublished.
I, [2016-11-19T13:29:02.177054 #29668]  INFO -- : 456055103 updated to unpublished.
I, [2016-11-19T13:29:02.278899 #29668]  INFO -- : 456055104 updated to unpublished.
I, [2016-11-19T13:29:02.392583 #29668]  INFO -- : 456055105 updated to unpublished.
I, [2016-11-19T13:29:02.495555 #29668]  INFO -- : 456055106 updated to unpublished.
I, [2016-11-19T13:29:02.567761 #29668]  INFO -- : 456055107 updated to unpublished.
I, [2016-11-19T13:29:02.709200 #29668]  INFO -- : 456055108 updated to unpublished.
I, [2016-11-19T13:29:02.778912 #29668]  INFO -- : 456055109 updated to unpublished.
I, [2016-11-19T13:29:02.867541 #29668]  INFO -- : 456055110 updated to unpublished.
I, [2016-11-19T13:29:02.937230 #29668]  INFO -- : 456055111 updated to unpublished.
I, [2016-11-19T13:29:03.003899 #29668]  INFO -- : 456055112 updated to unpublished.
I, [2016-11-19T13:29:03.093568 #29668]  INFO -- : 456055113 updated to unpublished.
I, [2016-11-19T13:29:03.187243 #29668]  INFO -- : 456055114 updated to unpublished.
I, [2016-11-19T13:29:03.312252 #29668]  INFO -- : 456055115 updated to unpublished.
I, [2016-11-19T13:29:03.395539 #29668]  INFO -- : 456055116 updated to unpublished.
I, [2016-11-19T13:29:03.495524 #29668]  INFO -- : 456055117 updated to unpublished.
I, [2016-11-19T13:29:03.562377 #29668]  INFO -- : 456055118 updated to unpublished.
I, [2016-11-19T13:29:03.645528 #29668]  INFO -- : 456055119 updated to unpublished.
I, [2016-11-19T13:29:03.737207 #29668]  INFO -- : 456055120 updated to unpublished.
I, [2016-11-19T13:29:03.862178 #29668]  INFO -- : 456055121 updated to unpublished.
I, [2016-11-19T13:29:04.003848 #29668]  INFO -- : 456055122 updated to unpublished.
I, [2016-11-19T13:29:04.108771 #29668]  INFO -- : 456055123 updated to unpublished.
I, [2016-11-19T13:29:04.259109 #29668]  INFO -- : 456055124 updated to unpublished.
I, [2016-11-19T13:29:04.353775 #29668]  INFO -- : 456055125 updated to unpublished.
I, [2016-11-19T13:29:04.534251 #29668]  INFO -- : 456055126 updated to unpublished.
I, [2016-11-19T13:29:04.600770 #29668]  INFO -- : 456055127 updated to unpublished.
I, [2016-11-19T13:29:04.709157 #29668]  INFO -- : 456055128 updated to unpublished.
I, [2016-11-19T13:29:04.778815 #29668]  INFO -- : 456055129 updated to unpublished.
I, [2016-11-19T13:29:04.862139 #29668]  INFO -- : 456055130 updated to unpublished.
I, [2016-11-19T13:29:04.978693 #29668]  INFO -- : 456055131 updated to unpublished.
I, [2016-11-19T13:29:05.083743 #29668]  INFO -- : 456055132 updated to unpublished.
I, [2016-11-19T13:29:05.228788 #29668]  INFO -- : 456055133 updated to unpublished.
I, [2016-11-19T13:29:05.328920 #29668]  INFO -- : 456055134 updated to unpublished.
I, [2016-11-19T13:29:05.470512 #29668]  INFO -- : 456055135 updated to unpublished.
I, [2016-11-19T13:29:05.528783 #29668]  INFO -- : 456055136 updated to unpublished.
I, [2016-11-19T13:29:05.645453 #29668]  INFO -- : 456055137 updated to unpublished.
I, [2016-11-19T13:29:05.720451 #29668]  INFO -- : 456055138 updated to unpublished.
I, [2016-11-19T13:29:05.878768 #29668]  INFO -- : 456055139 updated to unpublished.
I, [2016-11-19T13:29:05.987094 #29668]  INFO -- : 456055140 updated to unpublished.
I, [2016-11-19T13:29:06.108811 #29668]  INFO -- : 456055141 updated to unpublished.
I, [2016-11-19T13:29:06.187106 #29668]  INFO -- : 456055142 updated to unpublished.
I, [2016-11-19T13:29:06.253775 #29668]  INFO -- : 456055143 updated to unpublished.
I, [2016-11-19T13:29:06.353764 #29668]  INFO -- : 456055144 updated to unpublished.
I, [2016-11-19T13:29:06.437113 #29668]  INFO -- : 456055145 updated to unpublished.
I, [2016-11-19T13:29:06.537108 #29668]  INFO -- : 456055146 updated to unpublished.
I, [2016-11-19T13:29:06.662116 #29668]  INFO -- : 456055147 updated to unpublished.
I, [2016-11-19T13:29:06.770436 #29668]  INFO -- : 456055148 updated to unpublished.
I, [2016-11-19T13:29:06.820413 #29668]  INFO -- : 456055149 updated to unpublished.
I, [2016-11-19T13:29:06.912068 #29668]  INFO -- : 456055150 updated to unpublished.
I, [2016-11-19T13:29:07.172783 #29668]  INFO -- : 456055151 updated to unpublished.
I, [2016-11-19T13:29:07.287217 #29668]  INFO -- : 456055152 updated to unpublished.
I, [2016-11-19T13:29:07.645594 #29668]  INFO -- : 456055153 updated to unpublished.
I, [2016-11-19T13:29:07.770360 #29668]  INFO -- : 456055154 updated to unpublished.
I, [2016-11-19T13:29:07.850600 #29668]  INFO -- : 456055155 updated to unpublished.
I, [2016-11-19T13:29:07.978722 #29668]  INFO -- : 456055156 updated to unpublished.
I, [2016-11-19T13:29:08.075823 #29668]  INFO -- : 456055157 updated to unpublished.
I, [2016-11-19T13:29:08.145358 #29668]  INFO -- : 456055158 updated to unpublished.
I, [2016-11-19T13:29:08.228670 #29668]  INFO -- : 456055159 updated to unpublished.
I, [2016-11-19T13:29:08.337066 #29668]  INFO -- : 456055160 updated to unpublished.
I, [2016-11-19T13:29:08.400575 #29668]  INFO -- : 456055161 updated to unpublished.
I, [2016-11-19T13:29:08.511967 #29668]  INFO -- : 456055162 updated to unpublished.
I, [2016-11-19T13:29:08.628674 #29668]  INFO -- : 456055163 updated to unpublished.
I, [2016-11-19T13:29:08.778702 #29668]  INFO -- : 456055164 updated to unpublished.
I, [2016-11-19T13:29:08.862004 #29668]  INFO -- : 456055165 updated to unpublished.
I, [2016-11-19T13:29:08.937027 #29668]  INFO -- : 456055166 updated to unpublished.
I, [2016-11-19T13:29:09.067333 #29668]  INFO -- : 456055167 updated to unpublished.
I, [2016-11-19T13:29:09.133850 #29668]  INFO -- : 456055168 updated to unpublished.
I, [2016-11-19T13:29:09.228652 #29668]  INFO -- : 456055169 updated to unpublished.
I, [2016-11-19T13:29:09.333826 #29668]  INFO -- : 456055170 updated to unpublished.
I, [2016-11-19T13:29:09.408816 #29668]  INFO -- : 456055171 updated to unpublished.
I, [2016-11-19T13:29:09.492160 #29668]  INFO -- : 456055172 updated to unpublished.
I, [2016-11-19T13:29:09.562130 #29668]  INFO -- : 456055173 updated to unpublished.
I, [2016-11-19T13:29:09.636970 #29668]  INFO -- : 456055174 updated to unpublished.
I, [2016-11-19T13:29:09.733797 #29668]  INFO -- : 456055175 updated to unpublished.
I, [2016-11-19T13:29:09.833819 #29668]  INFO -- : 456055176 updated to unpublished.
I, [2016-11-19T13:29:09.925444 #29668]  INFO -- : 456055177 updated to unpublished.
I, [2016-11-19T13:29:10.008788 #29668]  INFO -- : 456055178 updated to unpublished.
I, [2016-11-19T13:29:10.118836 #29668]  INFO -- : 456055179 updated to unpublished.
I, [2016-11-19T13:29:10.195287 #29668]  INFO -- : 456055180 updated to unpublished.
I, [2016-11-19T13:29:10.275339 #29668]  INFO -- : 456055181 updated to unpublished.
I, [2016-11-19T13:29:10.350504 #29668]  INFO -- : 456055182 updated to unpublished.
I, [2016-11-19T13:29:10.428592 #29668]  INFO -- : 456055183 updated to unpublished.
I, [2016-11-19T13:29:10.503588 #29668]  INFO -- : 456055184 updated to unpublished.
I, [2016-11-19T13:29:10.620310 #29668]  INFO -- : 456055185 updated to unpublished.
I, [2016-11-19T13:29:10.695269 #29668]  INFO -- : 456055186 updated to unpublished.
I, [2016-11-19T13:29:10.792109 #29668]  INFO -- : 456055187 updated to unpublished.
I, [2016-11-19T13:29:10.900401 #29668]  INFO -- : 456055188 updated to unpublished.
I, [2016-11-19T13:29:10.983770 #29668]  INFO -- : 456055189 updated to unpublished.
I, [2016-11-19T13:29:11.077316 #29668]  INFO -- : 456055190 updated to unpublished.
I, [2016-11-19T13:29:11.158736 #29668]  INFO -- : 456055191 updated to unpublished.
I, [2016-11-19T13:29:11.267068 #29668]  INFO -- : 456055192 updated to unpublished.
I, [2016-11-19T13:29:11.342066 #29668]  INFO -- : 456055193 updated to unpublished.
I, [2016-11-19T13:29:11.445340 #29668]  INFO -- : 456055194 updated to unpublished.
I, [2016-11-19T13:29:11.517145 #29668]  INFO -- : 456055195 updated to unpublished.
I, [2016-11-19T13:29:11.592050 #29668]  INFO -- : 456055196 updated to unpublished.
I, [2016-11-19T13:29:11.692026 #29668]  INFO -- : 456055197 updated to unpublished.
I, [2016-11-19T13:29:11.770291 #29668]  INFO -- : 456055198 updated to unpublished.
I, [2016-11-19T13:29:11.900358 #29668]  INFO -- : 456055199 updated to unpublished.
I, [2016-11-19T13:29:11.970267 #29668]  INFO -- : 456055200 updated to unpublished.
I, [2016-11-19T13:29:12.085625 #29668]  INFO -- : 456055201 updated to unpublished.
I, [2016-11-19T13:29:12.136859 #29668]  INFO -- : 456055202 updated to unpublished.
I, [2016-11-19T13:29:12.192028 #29668]  INFO -- : 456055203 updated to unpublished.
I, [2016-11-19T13:29:12.236816 #29668]  INFO -- : 456055204 updated to unpublished.
I, [2016-11-19T13:29:12.311926 #29668]  INFO -- : 456055205 updated to unpublished.
I, [2016-11-19T13:29:12.425330 #29668]  INFO -- : 456055206 updated to unpublished.
I, [2016-11-19T13:29:12.503552 #29668]  INFO -- : 456055207 updated to unpublished.
I, [2016-11-19T13:29:12.578631 #29668]  INFO -- : 456055208 updated to unpublished.
I, [2016-11-19T13:29:12.650322 #29668]  INFO -- : 456055209 updated to unpublished.
I, [2016-11-19T13:29:12.720195 #29668]  INFO -- : 456055210 updated to unpublished.
I, [2016-11-19T13:29:12.833631 #29668]  INFO -- : 456055211 updated to unpublished.
I, [2016-11-19T13:29:12.953530 #29668]  INFO -- : 456055212 updated to unpublished.
I, [2016-11-19T13:29:13.075894 #29668]  INFO -- : 456055213 updated to unpublished.
I, [2016-11-19T13:29:13.175288 #29668]  INFO -- : 456055214 updated to unpublished.
I, [2016-11-19T13:29:13.275310 #29668]  INFO -- : 456055215 updated to unpublished.
I, [2016-11-19T13:29:13.345194 #29668]  INFO -- : 456055216 updated to unpublished.
I, [2016-11-19T13:29:13.420096 #29668]  INFO -- : 456055217 updated to unpublished.
I, [2016-11-19T13:29:13.491973 #29668]  INFO -- : 456055218 updated to unpublished.
I, [2016-11-19T13:29:13.561951 #29668]  INFO -- : 456055219 updated to unpublished.
I, [2016-11-19T13:29:13.633619 #29668]  INFO -- : 456055220 updated to unpublished.
I, [2016-11-19T13:29:13.703530 #29668]  INFO -- : 456055221 updated to unpublished.
I, [2016-11-19T13:29:13.775259 #29668]  INFO -- : 456055222 updated to unpublished.
I, [2016-11-19T13:29:13.858600 #29668]  INFO -- : 456055223 updated to unpublished.
I, [2016-11-19T13:29:13.928523 #29668]  INFO -- : 456055224 updated to unpublished.
I, [2016-11-19T13:29:14.000260 #29668]  INFO -- : 456055225 updated to unpublished.
I, [2016-11-19T13:29:14.092598 #29668]  INFO -- : 456055226 updated to unpublished.
I, [2016-11-19T13:29:14.175237 #29668]  INFO -- : 456055227 updated to unpublished.
I, [2016-11-19T13:29:14.245168 #29668]  INFO -- : 456055228 updated to unpublished.
I, [2016-11-19T13:29:14.316909 #29668]  INFO -- : 456055229 updated to unpublished.
I, [2016-11-19T13:29:14.400197 #29668]  INFO -- : 456055230 updated to unpublished.
I, [2016-11-19T13:29:14.470172 #29668]  INFO -- : 456055231 updated to unpublished.
I, [2016-11-19T13:29:14.536822 #29668]  INFO -- : 456055232 updated to unpublished.
I, [2016-11-19T13:29:14.608587 #29668]  INFO -- : 456055233 updated to unpublished.
I, [2016-11-19T13:29:14.678459 #29668]  INFO -- : 456055234 updated to unpublished.
I, [2016-11-19T13:29:14.750204 #29668]  INFO -- : 456055235 updated to unpublished.
I, [2016-11-19T13:29:14.820145 #29668]  INFO -- : 456055236 updated to unpublished.
I, [2016-11-19T13:29:14.886867 #29668]  INFO -- : 456055237 updated to unpublished.
I, [2016-11-19T13:29:14.958564 #29668]  INFO -- : 456055238 updated to unpublished.
I, [2016-11-19T13:29:15.059267 #29668]  INFO -- : 456055239 updated to unpublished.
I, [2016-11-19T13:29:15.136846 #29668]  INFO -- : 456055240 updated to unpublished.
I, [2016-11-19T13:29:15.208533 #29668]  INFO -- : 456055241 updated to unpublished.
I, [2016-11-19T13:29:15.278477 #29668]  INFO -- : 456055242 updated to unpublished.
I, [2016-11-19T13:29:15.341857 #29668]  INFO -- : 456055243 updated to unpublished.
I, [2016-11-19T13:29:15.411783 #29668]  INFO -- : 456055244 updated to unpublished.
I, [2016-11-19T13:29:15.486615 #29668]  INFO -- : 456055245 updated to unpublished.
I, [2016-11-19T13:29:15.553440 #29668]  INFO -- : 456055246 updated to unpublished.
I, [2016-11-19T13:29:15.628432 #29668]  INFO -- : 456055247 updated to unpublished.
I, [2016-11-19T13:29:15.700155 #29668]  INFO -- : 456055248 updated to unpublished.
I, [2016-11-19T13:29:15.770121 #29668]  INFO -- : 456055249 updated to unpublished.
I, [2016-11-19T13:29:15.841838 #29668]  INFO -- : 456055250 updated to unpublished.
I, [2016-11-19T13:29:15.911841 #29668]  INFO -- : 456055251 updated to unpublished.
I, [2016-11-19T13:29:15.986824 #29668]  INFO -- : 456055252 updated to unpublished.
I, [2016-11-19T13:29:16.077296 #29668]  INFO -- : 456055253 updated to unpublished.
I, [2016-11-19T13:29:16.158521 #29668]  INFO -- : 456055254 updated to unpublished.
I, [2016-11-19T13:29:16.241837 #29668]  INFO -- : 456055255 updated to unpublished.
I, [2016-11-19T13:29:16.311807 #29668]  INFO -- : 456055256 updated to unpublished.
I, [2016-11-19T13:29:16.383494 #29668]  INFO -- : 456055257 updated to unpublished.
I, [2016-11-19T13:29:16.453402 #29668]  INFO -- : 456055258 updated to unpublished.
I, [2016-11-19T13:29:16.528437 #29668]  INFO -- : 456055259 updated to unpublished.
I, [2016-11-19T13:29:16.633472 #29668]  INFO -- : 456055260 updated to unpublished.
I, [2016-11-19T13:29:16.703432 #29668]  INFO -- : 456055261 updated to unpublished.
I, [2016-11-19T13:29:16.775105 #29668]  INFO -- : 456055262 updated to unpublished.
I, [2016-11-19T13:29:16.845098 #29668]  INFO -- : 456055263 updated to unpublished.
I, [2016-11-19T13:29:16.916754 #29668]  INFO -- : 456055264 updated to unpublished.
I, [2016-11-19T13:29:17.069059 #29668]  INFO -- : 456055265 updated to unpublished.
I, [2016-11-19T13:29:17.150273 #29668]  INFO -- : 456055266 updated to unpublished.
I, [2016-11-19T13:29:17.208583 #29668]  INFO -- : 456055267 updated to unpublished.
I, [2016-11-19T13:29:17.250021 #29668]  INFO -- : 456055268 updated to unpublished.
I, [2016-11-19T13:29:17.375089 #29668]  INFO -- : 456055269 updated to unpublished.
I, [2016-11-19T13:29:17.475072 #29668]  INFO -- : 456055270 updated to unpublished.
I, [2016-11-19T13:29:17.608404 #29668]  INFO -- : 456055271 updated to unpublished.
I, [2016-11-19T13:29:17.700060 #29668]  INFO -- : 456055272 updated to unpublished.
I, [2016-11-19T13:29:17.841853 #29668]  INFO -- : 456055273 updated to unpublished.
I, [2016-11-19T13:29:17.925050 #29668]  INFO -- : 456055274 updated to unpublished.
I, [2016-11-19T13:29:18.069109 #29668]  INFO -- : 456055275 updated to unpublished.
I, [2016-11-19T13:29:18.153372 #29668]  INFO -- : 456055276 updated to unpublished.
I, [2016-11-19T13:29:18.241704 #29668]  INFO -- : 456055277 updated to unpublished.
I, [2016-11-19T13:29:18.311705 #29668]  INFO -- : 456055278 updated to unpublished.
I, [2016-11-19T13:29:18.400014 #29668]  INFO -- : 456055279 updated to unpublished.
I, [2016-11-19T13:29:18.483353 #29668]  INFO -- : 456055280 updated to unpublished.
I, [2016-11-19T13:29:18.575301 #29668]  INFO -- : 456055281 updated to unpublished.
I, [2016-11-19T13:29:18.674995 #29668]  INFO -- : 456055282 updated to unpublished.
I, [2016-11-19T13:29:18.775000 #29668]  INFO -- : 456055283 updated to unpublished.
I, [2016-11-19T13:29:18.928237 #29668]  INFO -- : 456055284 updated to unpublished.
I, [2016-11-19T13:29:19.069055 #29668]  INFO -- : 456055285 updated to unpublished.
I, [2016-11-19T13:29:19.194994 #29668]  INFO -- : 456055286 updated to unpublished.
I, [2016-11-19T13:29:19.269860 #29668]  INFO -- : 456055287 updated to unpublished.
I, [2016-11-19T13:29:19.383302 #29668]  INFO -- : 456055288 updated to unpublished.
I, [2016-11-19T13:29:19.503330 #29668]  INFO -- : 456055289 updated to unpublished.
I, [2016-11-19T13:29:19.569999 #29668]  INFO -- : 456055290 updated to unpublished.
I, [2016-11-19T13:29:19.699949 #29668]  INFO -- : 456055291 updated to unpublished.
I, [2016-11-19T13:29:19.766615 #29668]  INFO -- : 456055292 updated to unpublished.
I, [2016-11-19T13:29:19.828301 #29668]  INFO -- : 456055293 updated to unpublished.
I, [2016-11-19T13:29:19.894982 #29668]  INFO -- : 456055294 updated to unpublished.
I, [2016-11-19T13:29:19.974959 #29668]  INFO -- : 456055295 updated to unpublished.
I, [2016-11-19T13:29:20.084532 #29668]  INFO -- : 456055296 updated to unpublished.
I, [2016-11-19T13:29:20.186633 #29668]  INFO -- : 456055297 updated to unpublished.
I, [2016-11-19T13:29:20.261612 #29668]  INFO -- : 456055298 updated to unpublished.
I, [2016-11-19T13:29:20.374900 #29668]  INFO -- : 456055299 updated to unpublished.
I, [2016-11-19T13:29:20.441562 #29668]  INFO -- : 456055300 updated to unpublished.
I, [2016-11-19T13:29:20.541561 #29668]  INFO -- : 456055301 updated to unpublished.
I, [2016-11-19T13:29:20.603266 #29668]  INFO -- : 456055302 updated to unpublished.
I, [2016-11-19T13:29:20.683299 #29668]  INFO -- : 456055303 updated to unpublished.
I, [2016-11-19T13:29:20.966622 #29668]  INFO -- : 456055304 updated to unpublished.
I, [2016-11-19T13:29:21.149208 #29668]  INFO -- : 456055305 updated to unpublished.
I, [2016-11-19T13:29:21.278291 #29668]  INFO -- : 456055307 updated to unpublished.
I, [2016-11-19T13:29:21.399877 #29668]  INFO -- : 456055308 updated to unpublished.
I, [2016-11-19T13:29:21.466551 #29668]  INFO -- : 456055309 updated to unpublished.
I, [2016-11-19T13:29:21.549860 #29668]  INFO -- : 456055310 updated to unpublished.
I, [2016-11-19T13:29:21.619929 #29668]  INFO -- : 456055311 updated to unpublished.
I, [2016-11-19T13:29:21.761579 #29668]  INFO -- : 456055312 updated to unpublished.
I, [2016-11-19T13:29:21.841503 #29668]  INFO -- : 456055313 updated to unpublished.
I, [2016-11-19T13:29:21.953355 #29668]  INFO -- : 456055314 updated to unpublished.
I, [2016-11-19T13:29:22.268928 #29668]  INFO -- : 456055315 updated to unpublished.
I, [2016-11-19T13:29:22.478345 #29668]  INFO -- : 456055316 updated to unpublished.
I, [2016-11-19T13:29:22.625262 #29668]  INFO -- : 456055317 updated to unpublished.
I, [2016-11-19T13:29:22.741609 #29668]  INFO -- : 456055318 updated to unpublished.
I, [2016-11-19T13:29:22.844871 #29668]  INFO -- : 456055319 updated to unpublished.
I, [2016-11-19T13:29:22.883019 #29668]  INFO -- : 456055320 updated to unpublished.
I, [2016-11-19T13:29:22.991434 #29668]  INFO -- : 456055321 updated to unpublished.
I, [2016-11-19T13:29:23.109801 #29668]  INFO -- : 456055322 updated to unpublished.
I, [2016-11-19T13:29:23.199769 #29668]  INFO -- : 456055323 updated to unpublished.
I, [2016-11-19T13:29:23.399760 #29668]  INFO -- : 456055324 updated to unpublished.
I, [2016-11-19T13:29:23.466430 #29668]  INFO -- : 456055325 updated to unpublished.
I, [2016-11-19T13:29:23.533071 #29668]  INFO -- : 456055326 updated to unpublished.
I, [2016-11-19T13:29:23.603218 #29668]  INFO -- : 456055327 updated to unpublished.
I, [2016-11-19T13:29:23.699720 #29668]  INFO -- : 456055328 updated to unpublished.
I, [2016-11-19T13:29:23.783028 #29668]  INFO -- : 456055329 updated to unpublished.
I, [2016-11-19T13:29:23.853193 #29668]  INFO -- : 456055330 updated to unpublished.
I, [2016-11-19T13:29:23.919814 #29668]  INFO -- : 456055331 updated to unpublished.
I, [2016-11-19T13:29:23.986511 #29668]  INFO -- : 456055332 updated to unpublished.
I, [2016-11-19T13:29:24.077689 #29668]  INFO -- : 456055333 updated to unpublished.
I, [2016-11-19T13:29:24.161482 #29668]  INFO -- : 456055334 updated to unpublished.
I, [2016-11-19T13:29:24.303164 #29668]  INFO -- : 456055335 updated to unpublished.
I, [2016-11-19T13:29:24.369805 #29668]  INFO -- : 456055336 updated to unpublished.
I, [2016-11-19T13:29:24.444794 #29668]  INFO -- : 456055337 updated to unpublished.
I, [2016-11-19T13:29:24.511480 #29668]  INFO -- : 456055338 updated to unpublished.
I, [2016-11-19T13:29:24.636486 #29668]  INFO -- : 456055339 updated to unpublished.
I, [2016-11-19T13:29:24.703140 #29668]  INFO -- : 456055340 updated to unpublished.
I, [2016-11-19T13:29:24.819803 #29668]  INFO -- : 456055341 updated to unpublished.
I, [2016-11-19T13:29:24.903138 #29668]  INFO -- : 456055342 updated to unpublished.
I, [2016-11-19T13:29:25.126561 #29668]  INFO -- : 456055343 updated to unpublished.
I, [2016-11-19T13:29:25.207940 #29668]  INFO -- : 456055344 updated to unpublished.
I, [2016-11-19T13:29:25.319783 #29668]  INFO -- : 456055345 updated to unpublished.
I, [2016-11-19T13:29:25.386491 #29668]  INFO -- : 456055346 updated to unpublished.
I, [2016-11-19T13:29:25.457947 #29668]  INFO -- : 456055347 updated to unpublished.
I, [2016-11-19T13:29:25.516274 #29668]  INFO -- : 456055348 updated to unpublished.
I, [2016-11-19T13:29:25.586639 #29668]  INFO -- : 456055349 updated to unpublished.
I, [2016-11-19T13:29:25.669783 #29668]  INFO -- : 456055350 updated to unpublished.
I, [2016-11-19T13:29:25.736437 #29668]  INFO -- : 456055351 updated to unpublished.
I, [2016-11-19T13:29:25.861446 #29668]  INFO -- : 456055352 updated to unpublished.
I, [2016-11-19T13:29:25.928095 #29668]  INFO -- : 456055353 updated to unpublished.
I, [2016-11-19T13:29:26.051546 #29668]  INFO -- : 456055354 updated to unpublished.
I, [2016-11-19T13:29:26.141274 #29668]  INFO -- : 456055355 updated to unpublished.
I, [2016-11-19T13:29:26.207932 #29668]  INFO -- : 456055356 updated to unpublished.
I, [2016-11-19T13:29:26.328079 #29668]  INFO -- : 456055357 updated to unpublished.
I, [2016-11-19T13:29:26.444758 #29668]  INFO -- : 456055358 updated to unpublished.
I, [2016-11-19T13:29:26.569830 #29668]  INFO -- : 456055359 updated to unpublished.
I, [2016-11-19T13:29:26.653102 #29668]  INFO -- : 456055360 updated to unpublished.
I, [2016-11-19T13:29:26.753173 #29668]  INFO -- : 456055361 updated to unpublished.
I, [2016-11-19T13:29:26.819730 #29668]  INFO -- : 456055362 updated to unpublished.
I, [2016-11-19T13:29:26.953094 #29668]  INFO -- : 456055363 updated to unpublished.
I, [2016-11-19T13:29:27.109932 #29668]  INFO -- : 456055364 updated to unpublished.
I, [2016-11-19T13:29:27.186380 #29668]  INFO -- : 456055365 updated to unpublished.
I, [2016-11-19T13:29:27.257866 #29668]  INFO -- : 456055366 updated to unpublished.
I, [2016-11-19T13:29:27.328046 #29668]  INFO -- : 456055367 updated to unpublished.
I, [2016-11-19T13:29:27.399519 #29668]  INFO -- : 456055368 updated to unpublished.
I, [2016-11-19T13:29:27.457804 #29668]  INFO -- : 456055369 updated to unpublished.
I, [2016-11-19T13:29:27.524555 #29668]  INFO -- : 456055370 updated to unpublished.
I, [2016-11-19T13:29:27.602979 #29668]  INFO -- : 456055371 updated to unpublished.
I, [2016-11-19T13:29:27.674513 #29668]  INFO -- : 456055372 updated to unpublished.
I, [2016-11-19T13:29:27.778167 #29668]  INFO -- : 456055373 updated to unpublished.
I, [2016-11-19T13:29:27.836351 #29668]  INFO -- : 456055374 updated to unpublished.
I, [2016-11-19T13:29:27.903066 #29668]  INFO -- : 456055375 updated to unpublished.
I, [2016-11-19T13:29:27.974539 #29668]  INFO -- : 456055376 updated to unpublished.
I, [2016-11-19T13:29:28.126630 #29668]  INFO -- : 456055377 updated to unpublished.
I, [2016-11-19T13:29:28.219692 #29668]  INFO -- : 456055378 updated to unpublished.
I, [2016-11-19T13:29:28.299472 #29668]  INFO -- : 456055379 updated to unpublished.
I, [2016-11-19T13:29:28.391176 #29668]  INFO -- : 456055380 updated to unpublished.
I, [2016-11-19T13:29:28.457790 #29668]  INFO -- : 456055381 updated to unpublished.
I, [2016-11-19T13:29:28.603013 #29668]  INFO -- : 456055382 updated to unpublished.
I, [2016-11-19T13:29:28.682816 #29668]  INFO -- : 456055383 updated to unpublished.
I, [2016-11-19T13:29:28.753045 #29668]  INFO -- : 456055384 updated to unpublished.
I, [2016-11-19T13:29:28.866144 #29668]  INFO -- : 456055385 updated to unpublished.
I, [2016-11-19T13:29:28.941135 #29668]  INFO -- : 456055386 updated to unpublished.
I, [2016-11-19T13:29:29.077631 #29668]  INFO -- : 456055387 updated to unpublished.
I, [2016-11-19T13:29:29.144652 #29668]  INFO -- : 456055388 updated to unpublished.
I, [2016-11-19T13:29:29.282741 #29668]  INFO -- : 456055389 updated to unpublished.
I, [2016-11-19T13:29:29.394650 #29668]  INFO -- : 456055390 updated to unpublished.
I, [2016-11-19T13:29:29.469677 #29668]  INFO -- : 456055391 updated to unpublished.
I, [2016-11-19T13:29:29.586326 #29668]  INFO -- : 456055392 updated to unpublished.
I, [2016-11-19T13:29:29.669676 #29668]  INFO -- : 456055393 updated to unpublished.
I, [2016-11-19T13:29:29.761329 #29668]  INFO -- : 456055394 updated to unpublished.
I, [2016-11-19T13:29:29.877961 #29668]  INFO -- : 456055395 updated to unpublished.
I, [2016-11-19T13:29:29.974391 #29668]  INFO -- : 456055396 updated to unpublished.
I, [2016-11-19T13:29:30.111128 #29668]  INFO -- : 456055397 updated to unpublished.
I, [2016-11-19T13:29:30.177959 #29668]  INFO -- : 456055398 updated to unpublished.
I, [2016-11-19T13:29:30.282684 #29668]  INFO -- : 456055399 updated to unpublished.
I, [2016-11-19T13:29:30.349366 #29668]  INFO -- : 456055400 updated to unpublished.
I, [2016-11-19T13:29:30.507585 #29668]  INFO -- : 456055401 updated to unpublished.
I, [2016-11-19T13:29:30.599270 #29668]  INFO -- : 456055402 updated to unpublished.
I, [2016-11-19T13:29:30.716014 #29668]  INFO -- : 456055403 updated to unpublished.
I, [2016-11-19T13:29:30.799337 #29668]  INFO -- : 456055404 updated to unpublished.
I, [2016-11-19T13:29:30.866000 #29668]  INFO -- : 456055405 updated to unpublished.
I, [2016-11-19T13:29:30.932653 #29668]  INFO -- : 456055406 updated to unpublished.
I, [2016-11-19T13:29:31.077780 #29668]  INFO -- : 456055407 updated to unpublished.
I, [2016-11-19T13:29:31.165953 #29668]  INFO -- : 456055408 updated to unpublished.
I, [2016-11-19T13:29:31.269598 #29668]  INFO -- : 456055409 updated to unpublished.
I, [2016-11-19T13:29:31.351237 #29668]  INFO -- : 456055410 updated to unpublished.
I, [2016-11-19T13:29:31.591234 #29668]  INFO -- : 456055411 updated to unpublished.
I, [2016-11-19T13:29:31.690979 #29668]  INFO -- : 456055412 updated to unpublished.
I, [2016-11-19T13:29:31.849321 #29668]  INFO -- : 456055413 updated to unpublished.
I, [2016-11-19T13:29:31.919564 #29668]  INFO -- : 456055414 updated to unpublished.
I, [2016-11-19T13:29:31.986249 #29668]  INFO -- : 456055415 updated to unpublished.
I, [2016-11-19T13:29:32.094702 #29668]  INFO -- : 456055416 updated to unpublished.
I, [2016-11-19T13:29:32.177903 #29668]  INFO -- : 456055417 updated to unpublished.
I, [2016-11-19T13:29:32.265949 #29668]  INFO -- : 456055418 updated to unpublished.
I, [2016-11-19T13:29:32.374255 #29668]  INFO -- : 456055419 updated to unpublished.
I, [2016-11-19T13:29:32.482607 #29668]  INFO -- : 456055420 updated to unpublished.
I, [2016-11-19T13:29:32.627892 #29668]  INFO -- : 456055421 updated to unpublished.
I, [2016-11-19T13:29:32.754435 #29668]  INFO -- : 456055422 updated to unpublished.
I, [2016-11-19T13:29:32.861220 #29668]  INFO -- : 456055423 updated to unpublished.
I, [2016-11-19T13:29:32.927861 #29668]  INFO -- : 456055424 updated to unpublished.
I, [2016-11-19T13:29:33.068705 #29668]  INFO -- : 456055425 updated to unpublished.
I, [2016-11-19T13:29:33.144515 #29668]  INFO -- : 456055426 updated to unpublished.
I, [2016-11-19T13:29:33.236226 #29668]  INFO -- : 456055427 updated to unpublished.
I, [2016-11-19T13:29:33.302852 #29668]  INFO -- : 456055428 updated to unpublished.
I, [2016-11-19T13:29:33.419505 #29668]  INFO -- : 456055429 updated to unpublished.
I, [2016-11-19T13:29:33.486175 #29668]  INFO -- : 456055430 updated to unpublished.
I, [2016-11-19T13:29:33.557518 #29668]  INFO -- : 456055431 updated to unpublished.
I, [2016-11-19T13:29:33.636180 #29668]  INFO -- : 456055432 updated to unpublished.
I, [2016-11-19T13:38:16.302043 #31004]  INFO -- : Size of Sources with '456055*' --> 0
I, [2016-11-19T13:38:43.573409 #31059]  INFO -- : Size of Sources with '456055*' --> 0
I, [2016-11-19T13:42:59.670053 #31742]  INFO -- : Size of Sources with '456055*' --> 0
I, [2016-11-19T13:46:16.270574 #32182]  INFO -- : Size of Sources with '456055*' --> 0
I, [2016-11-19T13:46:52.968987 #32271]  INFO -- : Size of Sources with '456055*' --> 0
I, [2016-11-19T13:47:35.005478 #32368]  INFO -- : Size of Sources with '456055*' --> 0
I, [2016-11-19T13:49:22.010390 #32617]  INFO -- : Size of Sources with '456055*' --> 0
I, [2016-11-19T13:51:15.559902 #435]  INFO -- : Size of Sources with '456055*' --> 0
I, [2016-11-19T13:51:42.705732 #515]  INFO -- : Size of Sources with '456055*' --> 0
I, [2016-11-19T13:53:10.554265 #769]  INFO -- : Size of Sources with '456055*' --> 0
I, [2016-11-19T13:53:55.699300 #903]  INFO -- : Size of Sources with '456055*' --> 0
I, [2016-11-19T13:54:30.006940 #993]  INFO -- : Size of Sources with '456055*' --> 0
I, [2016-11-19T13:54:56.713101 #1067]  INFO -- : Size of Sources with '456055*' --> 432
I, [2016-11-19T13:55:18.649886 #1124]  INFO -- : Size of Sources with '456055*' --> 432
I, [2016-11-19T14:05:39.691100 #2595]  INFO -- : lab.rism: Size of Sources with '456055*' --> 432
I, [2016-11-19T14:05:39.718055 #2595]  INFO -- : lab.rism: 456055000 updated to unpublished.
I, [2016-11-19T14:05:39.719280 #2595]  INFO -- : lab.rism: 456055001 updated to unpublished.
I, [2016-11-19T14:05:39.719314 #2595]  INFO -- : lab.rism: 456055002 updated to unpublished.
I, [2016-11-19T14:05:39.719342 #2595]  INFO -- : lab.rism: 456055003 updated to unpublished.
I, [2016-11-19T14:05:39.719387 #2595]  INFO -- : lab.rism: 456055004 updated to unpublished.
I, [2016-11-19T14:05:39.719412 #2595]  INFO -- : lab.rism: 456055005 updated to unpublished.
I, [2016-11-19T14:05:39.719437 #2595]  INFO -- : lab.rism: 456055006 updated to unpublished.
I, [2016-11-19T14:05:39.719461 #2595]  INFO -- : lab.rism: 456055007 updated to unpublished.
I, [2016-11-19T14:05:39.719486 #2595]  INFO -- : lab.rism: 456055008 updated to unpublished.
I, [2016-11-19T14:05:39.719510 #2595]  INFO -- : lab.rism: 456055009 updated to unpublished.
I, [2016-11-19T14:05:39.719535 #2595]  INFO -- : lab.rism: 456055010 updated to unpublished.
I, [2016-11-19T14:05:39.719560 #2595]  INFO -- : lab.rism: 456055011 updated to unpublished.
I, [2016-11-19T14:05:39.719585 #2595]  INFO -- : lab.rism: 456055012 updated to unpublished.
I, [2016-11-19T14:05:39.719609 #2595]  INFO -- : lab.rism: 456055013 updated to unpublished.
I, [2016-11-19T14:05:39.719634 #2595]  INFO -- : lab.rism: 456055014 updated to unpublished.
I, [2016-11-19T14:05:39.719677 #2595]  INFO -- : lab.rism: 456055015 updated to unpublished.
I, [2016-11-19T14:05:39.719703 #2595]  INFO -- : lab.rism: 456055016 updated to unpublished.
I, [2016-11-19T14:05:39.719727 #2595]  INFO -- : lab.rism: 456055017 updated to unpublished.
I, [2016-11-19T14:05:39.719765 #2595]  INFO -- : lab.rism: 456055018 updated to unpublished.
I, [2016-11-19T14:05:39.719790 #2595]  INFO -- : lab.rism: 456055019 updated to unpublished.
I, [2016-11-19T14:05:39.719815 #2595]  INFO -- : lab.rism: 456055020 updated to unpublished.
I, [2016-11-19T14:05:39.719839 #2595]  INFO -- : lab.rism: 456055021 updated to unpublished.
I, [2016-11-19T14:05:39.719869 #2595]  INFO -- : lab.rism: 456055022 updated to unpublished.
I, [2016-11-19T14:05:39.719894 #2595]  INFO -- : lab.rism: 456055023 updated to unpublished.
I, [2016-11-19T14:05:39.719918 #2595]  INFO -- : lab.rism: 456055024 updated to unpublished.
I, [2016-11-19T14:05:39.719942 #2595]  INFO -- : lab.rism: 456055025 updated to unpublished.
I, [2016-11-19T14:05:39.719967 #2595]  INFO -- : lab.rism: 456055026 updated to unpublished.
I, [2016-11-19T14:05:39.719991 #2595]  INFO -- : lab.rism: 456055027 updated to unpublished.
I, [2016-11-19T14:05:39.720015 #2595]  INFO -- : lab.rism: 456055028 updated to unpublished.
I, [2016-11-19T14:05:39.720039 #2595]  INFO -- : lab.rism: 456055029 updated to unpublished.
I, [2016-11-19T14:05:39.720070 #2595]  INFO -- : lab.rism: 456055030 updated to unpublished.
I, [2016-11-19T14:05:39.720095 #2595]  INFO -- : lab.rism: 456055031 updated to unpublished.
I, [2016-11-19T14:05:39.720119 #2595]  INFO -- : lab.rism: 456055032 updated to unpublished.
I, [2016-11-19T14:05:39.720143 #2595]  INFO -- : lab.rism: 456055033 updated to unpublished.
I, [2016-11-19T14:05:39.720167 #2595]  INFO -- : lab.rism: 456055034 updated to unpublished.
I, [2016-11-19T14:05:39.720192 #2595]  INFO -- : lab.rism: 456055035 updated to unpublished.
I, [2016-11-19T14:05:39.720216 #2595]  INFO -- : lab.rism: 456055036 updated to unpublished.
I, [2016-11-19T14:05:39.720240 #2595]  INFO -- : lab.rism: 456055037 updated to unpublished.
I, [2016-11-19T14:05:39.720272 #2595]  INFO -- : lab.rism: 456055038 updated to unpublished.
I, [2016-11-19T14:05:39.720296 #2595]  INFO -- : lab.rism: 456055039 updated to unpublished.
I, [2016-11-19T14:05:39.720320 #2595]  INFO -- : lab.rism: 456055040 updated to unpublished.
I, [2016-11-19T14:05:39.720345 #2595]  INFO -- : lab.rism: 456055041 updated to unpublished.
I, [2016-11-19T14:05:39.720383 #2595]  INFO -- : lab.rism: 456055042 updated to unpublished.
I, [2016-11-19T14:05:39.720408 #2595]  INFO -- : lab.rism: 456055043 updated to unpublished.
I, [2016-11-19T14:05:39.720431 #2595]  INFO -- : lab.rism: 456055044 updated to unpublished.
I, [2016-11-19T14:05:39.720455 #2595]  INFO -- : lab.rism: 456055045 updated to unpublished.
I, [2016-11-19T14:05:39.720479 #2595]  INFO -- : lab.rism: 456055046 updated to unpublished.
I, [2016-11-19T14:05:39.720503 #2595]  INFO -- : lab.rism: 456055047 updated to unpublished.
I, [2016-11-19T14:05:39.720527 #2595]  INFO -- : lab.rism: 456055048 updated to unpublished.
I, [2016-11-19T14:05:39.720551 #2595]  INFO -- : lab.rism: 456055049 updated to unpublished.
I, [2016-11-19T14:05:39.720575 #2595]  INFO -- : lab.rism: 456055050 updated to unpublished.
I, [2016-11-19T14:05:39.720599 #2595]  INFO -- : lab.rism: 456055051 updated to unpublished.
I, [2016-11-19T14:05:39.720623 #2595]  INFO -- : lab.rism: 456055052 updated to unpublished.
I, [2016-11-19T14:05:39.720673 #2595]  INFO -- : lab.rism: 456055053 updated to unpublished.
I, [2016-11-19T14:05:39.720699 #2595]  INFO -- : lab.rism: 456055054 updated to unpublished.
I, [2016-11-19T14:05:39.720723 #2595]  INFO -- : lab.rism: 456055055 updated to unpublished.
I, [2016-11-19T14:05:39.720747 #2595]  INFO -- : lab.rism: 456055056 updated to unpublished.
I, [2016-11-19T14:05:39.720772 #2595]  INFO -- : lab.rism: 456055057 updated to unpublished.
I, [2016-11-19T14:05:39.720795 #2595]  INFO -- : lab.rism: 456055058 updated to unpublished.
I, [2016-11-19T14:05:39.720819 #2595]  INFO -- : lab.rism: 456055059 updated to unpublished.
I, [2016-11-19T14:05:39.720843 #2595]  INFO -- : lab.rism: 456055060 updated to unpublished.
I, [2016-11-19T14:05:39.720880 #2595]  INFO -- : lab.rism: 456055061 updated to unpublished.
I, [2016-11-19T14:05:39.720916 #2595]  INFO -- : lab.rism: 456055062 updated to unpublished.
I, [2016-11-19T14:05:39.720940 #2595]  INFO -- : lab.rism: 456055063 updated to unpublished.
I, [2016-11-19T14:05:39.720965 #2595]  INFO -- : lab.rism: 456055064 updated to unpublished.
I, [2016-11-19T14:05:39.720989 #2595]  INFO -- : lab.rism: 456055065 updated to unpublished.
I, [2016-11-19T14:05:39.721013 #2595]  INFO -- : lab.rism: 456055066 updated to unpublished.
I, [2016-11-19T14:05:39.721056 #2595]  INFO -- : lab.rism: 456055067 updated to unpublished.
I, [2016-11-19T14:05:39.721080 #2595]  INFO -- : lab.rism: 456055068 updated to unpublished.
I, [2016-11-19T14:05:39.721104 #2595]  INFO -- : lab.rism: 456055069 updated to unpublished.
I, [2016-11-19T14:05:39.721128 #2595]  INFO -- : lab.rism: 456055070 updated to unpublished.
I, [2016-11-19T14:05:39.721151 #2595]  INFO -- : lab.rism: 456055071 updated to unpublished.
I, [2016-11-19T14:05:39.721175 #2595]  INFO -- : lab.rism: 456055072 updated to unpublished.
I, [2016-11-19T14:05:39.721199 #2595]  INFO -- : lab.rism: 456055073 updated to unpublished.
I, [2016-11-19T14:05:39.721223 #2595]  INFO -- : lab.rism: 456055074 updated to unpublished.
I, [2016-11-19T14:05:39.721247 #2595]  INFO -- : lab.rism: 456055075 updated to unpublished.
I, [2016-11-19T14:05:39.721271 #2595]  INFO -- : lab.rism: 456055076 updated to unpublished.
I, [2016-11-19T14:05:39.721295 #2595]  INFO -- : lab.rism: 456055077 updated to unpublished.
I, [2016-11-19T14:05:39.721353 #2595]  INFO -- : lab.rism: 456055078 updated to unpublished.
I, [2016-11-19T14:05:39.721378 #2595]  INFO -- : lab.rism: 456055079 updated to unpublished.
I, [2016-11-19T14:05:39.721402 #2595]  INFO -- : lab.rism: 456055080 updated to unpublished.
I, [2016-11-19T14:05:39.721426 #2595]  INFO -- : lab.rism: 456055081 updated to unpublished.
I, [2016-11-19T14:05:39.721453 #2595]  INFO -- : lab.rism: 456055082 updated to unpublished.
I, [2016-11-19T14:05:39.721477 #2595]  INFO -- : lab.rism: 456055083 updated to unpublished.
I, [2016-11-19T14:05:39.721501 #2595]  INFO -- : lab.rism: 456055084 updated to unpublished.
I, [2016-11-19T14:05:39.721525 #2595]  INFO -- : lab.rism: 456055085 updated to unpublished.
I, [2016-11-19T14:05:39.721548 #2595]  INFO -- : lab.rism: 456055086 updated to unpublished.
I, [2016-11-19T14:05:39.721572 #2595]  INFO -- : lab.rism: 456055087 updated to unpublished.
I, [2016-11-19T14:05:39.721596 #2595]  INFO -- : lab.rism: 456055088 updated to unpublished.
I, [2016-11-19T14:05:39.721620 #2595]  INFO -- : lab.rism: 456055089 updated to unpublished.
I, [2016-11-19T14:05:39.721676 #2595]  INFO -- : lab.rism: 456055090 updated to unpublished.
I, [2016-11-19T14:05:39.721701 #2595]  INFO -- : lab.rism: 456055091 updated to unpublished.
I, [2016-11-19T14:05:39.721725 #2595]  INFO -- : lab.rism: 456055092 updated to unpublished.
I, [2016-11-19T14:05:39.721748 #2595]  INFO -- : lab.rism: 456055093 updated to unpublished.
I, [2016-11-19T14:05:39.721772 #2595]  INFO -- : lab.rism: 456055094 updated to unpublished.
I, [2016-11-19T14:05:39.721796 #2595]  INFO -- : lab.rism: 456055095 updated to unpublished.
I, [2016-11-19T14:05:39.721820 #2595]  INFO -- : lab.rism: 456055096 updated to unpublished.
I, [2016-11-19T14:05:39.721843 #2595]  INFO -- : lab.rism: 456055097 updated to unpublished.
I, [2016-11-19T14:05:39.721867 #2595]  INFO -- : lab.rism: 456055098 updated to unpublished.
I, [2016-11-19T14:05:39.721891 #2595]  INFO -- : lab.rism: 456055099 updated to unpublished.
I, [2016-11-19T14:05:39.721915 #2595]  INFO -- : lab.rism: 456055100 updated to unpublished.
I, [2016-11-19T14:05:39.721938 #2595]  INFO -- : lab.rism: 456055101 updated to unpublished.
I, [2016-11-19T14:05:39.721962 #2595]  INFO -- : lab.rism: 456055102 updated to unpublished.
I, [2016-11-19T14:05:39.721986 #2595]  INFO -- : lab.rism: 456055103 updated to unpublished.
I, [2016-11-19T14:05:39.722040 #2595]  INFO -- : lab.rism: 456055104 updated to unpublished.
I, [2016-11-19T14:05:39.722064 #2595]  INFO -- : lab.rism: 456055105 updated to unpublished.
I, [2016-11-19T14:05:39.722088 #2595]  INFO -- : lab.rism: 456055106 updated to unpublished.
I, [2016-11-19T14:05:39.722112 #2595]  INFO -- : lab.rism: 456055107 updated to unpublished.
I, [2016-11-19T14:05:39.722135 #2595]  INFO -- : lab.rism: 456055108 updated to unpublished.
I, [2016-11-19T14:05:39.722159 #2595]  INFO -- : lab.rism: 456055109 updated to unpublished.
I, [2016-11-19T14:05:39.722183 #2595]  INFO -- : lab.rism: 456055110 updated to unpublished.
I, [2016-11-19T14:05:39.722206 #2595]  INFO -- : lab.rism: 456055111 updated to unpublished.
I, [2016-11-19T14:05:39.722230 #2595]  INFO -- : lab.rism: 456055112 updated to unpublished.
I, [2016-11-19T14:05:39.722253 #2595]  INFO -- : lab.rism: 456055113 updated to unpublished.
I, [2016-11-19T14:05:39.722277 #2595]  INFO -- : lab.rism: 456055114 updated to unpublished.
I, [2016-11-19T14:05:39.722301 #2595]  INFO -- : lab.rism: 456055115 updated to unpublished.
I, [2016-11-19T14:05:39.722324 #2595]  INFO -- : lab.rism: 456055116 updated to unpublished.
I, [2016-11-19T14:05:39.722382 #2595]  INFO -- : lab.rism: 456055117 updated to unpublished.
I, [2016-11-19T14:05:39.722409 #2595]  INFO -- : lab.rism: 456055118 updated to unpublished.
I, [2016-11-19T14:05:39.722433 #2595]  INFO -- : lab.rism: 456055119 updated to unpublished.
I, [2016-11-19T14:05:39.722456 #2595]  INFO -- : lab.rism: 456055120 updated to unpublished.
I, [2016-11-19T14:05:39.722480 #2595]  INFO -- : lab.rism: 456055121 updated to unpublished.
I, [2016-11-19T14:05:39.722504 #2595]  INFO -- : lab.rism: 456055122 updated to unpublished.
I, [2016-11-19T14:05:39.722527 #2595]  INFO -- : lab.rism: 456055123 updated to unpublished.
I, [2016-11-19T14:05:39.722551 #2595]  INFO -- : lab.rism: 456055124 updated to unpublished.
I, [2016-11-19T14:05:39.722575 #2595]  INFO -- : lab.rism: 456055125 updated to unpublished.
I, [2016-11-19T14:05:39.722614 #2595]  INFO -- : lab.rism: 456055126 updated to unpublished.
I, [2016-11-19T14:05:39.722641 #2595]  INFO -- : lab.rism: 456055127 updated to unpublished.
I, [2016-11-19T14:05:39.722666 #2595]  INFO -- : lab.rism: 456055128 updated to unpublished.
I, [2016-11-19T14:05:39.722689 #2595]  INFO -- : lab.rism: 456055129 updated to unpublished.
I, [2016-11-19T14:05:39.722744 #2595]  INFO -- : lab.rism: 456055130 updated to unpublished.
I, [2016-11-19T14:05:39.722776 #2595]  INFO -- : lab.rism: 456055131 updated to unpublished.
I, [2016-11-19T14:05:39.722800 #2595]  INFO -- : lab.rism: 456055132 updated to unpublished.
I, [2016-11-19T14:05:39.722824 #2595]  INFO -- : lab.rism: 456055133 updated to unpublished.
I, [2016-11-19T14:05:39.722848 #2595]  INFO -- : lab.rism: 456055134 updated to unpublished.
I, [2016-11-19T14:05:39.722871 #2595]  INFO -- : lab.rism: 456055135 updated to unpublished.
I, [2016-11-19T14:05:39.722895 #2595]  INFO -- : lab.rism: 456055136 updated to unpublished.
I, [2016-11-19T14:05:39.722919 #2595]  INFO -- : lab.rism: 456055137 updated to unpublished.
I, [2016-11-19T14:05:39.722943 #2595]  INFO -- : lab.rism: 456055138 updated to unpublished.
I, [2016-11-19T14:05:39.722966 #2595]  INFO -- : lab.rism: 456055139 updated to unpublished.
I, [2016-11-19T14:05:39.722990 #2595]  INFO -- : lab.rism: 456055140 updated to unpublished.
I, [2016-11-19T14:05:39.723014 #2595]  INFO -- : lab.rism: 456055141 updated to unpublished.
I, [2016-11-19T14:05:39.723038 #2595]  INFO -- : lab.rism: 456055142 updated to unpublished.
I, [2016-11-19T14:05:39.723085 #2595]  INFO -- : lab.rism: 456055143 updated to unpublished.
I, [2016-11-19T14:05:39.723109 #2595]  INFO -- : lab.rism: 456055144 updated to unpublished.
I, [2016-11-19T14:05:39.723133 #2595]  INFO -- : lab.rism: 456055145 updated to unpublished.
I, [2016-11-19T14:05:39.723157 #2595]  INFO -- : lab.rism: 456055146 updated to unpublished.
I, [2016-11-19T14:05:39.723181 #2595]  INFO -- : lab.rism: 456055147 updated to unpublished.
I, [2016-11-19T14:05:39.723205 #2595]  INFO -- : lab.rism: 456055148 updated to unpublished.
I, [2016-11-19T14:05:39.723229 #2595]  INFO -- : lab.rism: 456055149 updated to unpublished.
I, [2016-11-19T14:05:39.723252 #2595]  INFO -- : lab.rism: 456055150 updated to unpublished.
I, [2016-11-19T14:05:39.723276 #2595]  INFO -- : lab.rism: 456055151 updated to unpublished.
I, [2016-11-19T14:05:39.723300 #2595]  INFO -- : lab.rism: 456055152 updated to unpublished.
I, [2016-11-19T14:05:39.723324 #2595]  INFO -- : lab.rism: 456055153 updated to unpublished.
I, [2016-11-19T14:05:39.723347 #2595]  INFO -- : lab.rism: 456055154 updated to unpublished.
I, [2016-11-19T14:05:39.723371 #2595]  INFO -- : lab.rism: 456055155 updated to unpublished.
I, [2016-11-19T14:05:39.723395 #2595]  INFO -- : lab.rism: 456055156 updated to unpublished.
I, [2016-11-19T14:05:39.723432 #2595]  INFO -- : lab.rism: 456055157 updated to unpublished.
I, [2016-11-19T14:05:39.723456 #2595]  INFO -- : lab.rism: 456055158 updated to unpublished.
I, [2016-11-19T14:05:39.723479 #2595]  INFO -- : lab.rism: 456055159 updated to unpublished.
I, [2016-11-19T14:05:39.723503 #2595]  INFO -- : lab.rism: 456055160 updated to unpublished.
I, [2016-11-19T14:05:39.723527 #2595]  INFO -- : lab.rism: 456055161 updated to unpublished.
I, [2016-11-19T14:05:39.723551 #2595]  INFO -- : lab.rism: 456055162 updated to unpublished.
I, [2016-11-19T14:05:39.723575 #2595]  INFO -- : lab.rism: 456055163 updated to unpublished.
I, [2016-11-19T14:05:39.723598 #2595]  INFO -- : lab.rism: 456055164 updated to unpublished.
I, [2016-11-19T14:05:39.723622 #2595]  INFO -- : lab.rism: 456055165 updated to unpublished.
I, [2016-11-19T14:05:39.723646 #2595]  INFO -- : lab.rism: 456055166 updated to unpublished.
I, [2016-11-19T14:05:39.723670 #2595]  INFO -- : lab.rism: 456055167 updated to unpublished.
I, [2016-11-19T14:05:39.723713 #2595]  INFO -- : lab.rism: 456055168 updated to unpublished.
I, [2016-11-19T14:05:39.723737 #2595]  INFO -- : lab.rism: 456055169 updated to unpublished.
I, [2016-11-19T14:05:39.723761 #2595]  INFO -- : lab.rism: 456055170 updated to unpublished.
I, [2016-11-19T14:05:39.723787 #2595]  INFO -- : lab.rism: 456055171 updated to unpublished.
I, [2016-11-19T14:05:39.723811 #2595]  INFO -- : lab.rism: 456055172 updated to unpublished.
I, [2016-11-19T14:05:39.723835 #2595]  INFO -- : lab.rism: 456055173 updated to unpublished.
I, [2016-11-19T14:05:39.723859 #2595]  INFO -- : lab.rism: 456055174 updated to unpublished.
I, [2016-11-19T14:05:39.723883 #2595]  INFO -- : lab.rism: 456055175 updated to unpublished.
I, [2016-11-19T14:05:39.723907 #2595]  INFO -- : lab.rism: 456055176 updated to unpublished.
I, [2016-11-19T14:05:39.723931 #2595]  INFO -- : lab.rism: 456055177 updated to unpublished.
I, [2016-11-19T14:05:39.723954 #2595]  INFO -- : lab.rism: 456055178 updated to unpublished.
I, [2016-11-19T14:05:39.723979 #2595]  INFO -- : lab.rism: 456055179 updated to unpublished.
I, [2016-11-19T14:05:39.724017 #2595]  INFO -- : lab.rism: 456055180 updated to unpublished.
I, [2016-11-19T14:05:39.724041 #2595]  INFO -- : lab.rism: 456055181 updated to unpublished.
I, [2016-11-19T14:05:39.724065 #2595]  INFO -- : lab.rism: 456055182 updated to unpublished.
I, [2016-11-19T14:05:39.724089 #2595]  INFO -- : lab.rism: 456055183 updated to unpublished.
I, [2016-11-19T14:05:39.724113 #2595]  INFO -- : lab.rism: 456055184 updated to unpublished.
I, [2016-11-19T14:05:39.724136 #2595]  INFO -- : lab.rism: 456055185 updated to unpublished.
I, [2016-11-19T14:05:39.724160 #2595]  INFO -- : lab.rism: 456055186 updated to unpublished.
I, [2016-11-19T14:05:39.724184 #2595]  INFO -- : lab.rism: 456055187 updated to unpublished.
I, [2016-11-19T14:05:39.724207 #2595]  INFO -- : lab.rism: 456055188 updated to unpublished.
I, [2016-11-19T14:05:39.724231 #2595]  INFO -- : lab.rism: 456055189 updated to unpublished.
I, [2016-11-19T14:05:39.724255 #2595]  INFO -- : lab.rism: 456055190 updated to unpublished.
I, [2016-11-19T14:05:39.724285 #2595]  INFO -- : lab.rism: 456055191 updated to unpublished.
I, [2016-11-19T14:05:39.724310 #2595]  INFO -- : lab.rism: 456055192 updated to unpublished.
I, [2016-11-19T14:05:39.724334 #2595]  INFO -- : lab.rism: 456055193 updated to unpublished.
I, [2016-11-19T14:05:39.724357 #2595]  INFO -- : lab.rism: 456055194 updated to unpublished.
I, [2016-11-19T14:05:39.724381 #2595]  INFO -- : lab.rism: 456055195 updated to unpublished.
I, [2016-11-19T14:05:39.724405 #2595]  INFO -- : lab.rism: 456055196 updated to unpublished.
I, [2016-11-19T14:05:39.724429 #2595]  INFO -- : lab.rism: 456055197 updated to unpublished.
I, [2016-11-19T14:05:39.724452 #2595]  INFO -- : lab.rism: 456055198 updated to unpublished.
I, [2016-11-19T14:05:39.724476 #2595]  INFO -- : lab.rism: 456055199 updated to unpublished.
I, [2016-11-19T14:05:39.724500 #2595]  INFO -- : lab.rism: 456055200 updated to unpublished.
I, [2016-11-19T14:05:39.724524 #2595]  INFO -- : lab.rism: 456055201 updated to unpublished.
I, [2016-11-19T14:05:39.724548 #2595]  INFO -- : lab.rism: 456055202 updated to unpublished.
I, [2016-11-19T14:05:39.724579 #2595]  INFO -- : lab.rism: 456055203 updated to unpublished.
I, [2016-11-19T14:05:39.724603 #2595]  INFO -- : lab.rism: 456055204 updated to unpublished.
I, [2016-11-19T14:05:39.724627 #2595]  INFO -- : lab.rism: 456055205 updated to unpublished.
I, [2016-11-19T14:05:39.724651 #2595]  INFO -- : lab.rism: 456055206 updated to unpublished.
I, [2016-11-19T14:05:39.724675 #2595]  INFO -- : lab.rism: 456055207 updated to unpublished.
I, [2016-11-19T14:05:39.724699 #2595]  INFO -- : lab.rism: 456055208 updated to unpublished.
I, [2016-11-19T14:05:39.724722 #2595]  INFO -- : lab.rism: 456055209 updated to unpublished.
I, [2016-11-19T14:05:39.724746 #2595]  INFO -- : lab.rism: 456055210 updated to unpublished.
I, [2016-11-19T14:05:39.724770 #2595]  INFO -- : lab.rism: 456055211 updated to unpublished.
I, [2016-11-19T14:05:39.724794 #2595]  INFO -- : lab.rism: 456055212 updated to unpublished.
I, [2016-11-19T14:05:39.724818 #2595]  INFO -- : lab.rism: 456055213 updated to unpublished.
I, [2016-11-19T14:05:39.724842 #2595]  INFO -- : lab.rism: 456055214 updated to unpublished.
I, [2016-11-19T14:05:39.724888 #2595]  INFO -- : lab.rism: 456055215 updated to unpublished.
I, [2016-11-19T14:05:39.724925 #2595]  INFO -- : lab.rism: 456055216 updated to unpublished.
I, [2016-11-19T14:05:39.724950 #2595]  INFO -- : lab.rism: 456055217 updated to unpublished.
I, [2016-11-19T14:05:39.724982 #2595]  INFO -- : lab.rism: 456055218 updated to unpublished.
I, [2016-11-19T14:05:39.725006 #2595]  INFO -- : lab.rism: 456055219 updated to unpublished.
I, [2016-11-19T14:05:39.725030 #2595]  INFO -- : lab.rism: 456055220 updated to unpublished.
I, [2016-11-19T14:05:39.725054 #2595]  INFO -- : lab.rism: 456055221 updated to unpublished.
I, [2016-11-19T14:05:39.725092 #2595]  INFO -- : lab.rism: 456055222 updated to unpublished.
I, [2016-11-19T14:05:39.725128 #2595]  INFO -- : lab.rism: 456055223 updated to unpublished.
I, [2016-11-19T14:05:39.725152 #2595]  INFO -- : lab.rism: 456055224 updated to unpublished.
I, [2016-11-19T14:05:39.725176 #2595]  INFO -- : lab.rism: 456055225 updated to unpublished.
I, [2016-11-19T14:05:39.725200 #2595]  INFO -- : lab.rism: 456055226 updated to unpublished.
I, [2016-11-19T14:05:39.725224 #2595]  INFO -- : lab.rism: 456055227 updated to unpublished.
I, [2016-11-19T14:05:39.725253 #2595]  INFO -- : lab.rism: 456055228 updated to unpublished.
I, [2016-11-19T14:05:39.725276 #2595]  INFO -- : lab.rism: 456055229 updated to unpublished.
I, [2016-11-19T14:05:39.725300 #2595]  INFO -- : lab.rism: 456055230 updated to unpublished.
I, [2016-11-19T14:05:39.725332 #2595]  INFO -- : lab.rism: 456055231 updated to unpublished.
I, [2016-11-19T14:05:39.725357 #2595]  INFO -- : lab.rism: 456055232 updated to unpublished.
I, [2016-11-19T14:05:39.725381 #2595]  INFO -- : lab.rism: 456055233 updated to unpublished.
I, [2016-11-19T14:05:39.725405 #2595]  INFO -- : lab.rism: 456055234 updated to unpublished.
I, [2016-11-19T14:05:39.725429 #2595]  INFO -- : lab.rism: 456055235 updated to unpublished.
I, [2016-11-19T14:05:39.725453 #2595]  INFO -- : lab.rism: 456055236 updated to unpublished.
I, [2016-11-19T14:05:39.725477 #2595]  INFO -- : lab.rism: 456055237 updated to unpublished.
I, [2016-11-19T14:05:39.725501 #2595]  INFO -- : lab.rism: 456055238 updated to unpublished.
I, [2016-11-19T14:05:39.725524 #2595]  INFO -- : lab.rism: 456055239 updated to unpublished.
I, [2016-11-19T14:05:39.725548 #2595]  INFO -- : lab.rism: 456055240 updated to unpublished.
I, [2016-11-19T14:05:39.725572 #2595]  INFO -- : lab.rism: 456055241 updated to unpublished.
I, [2016-11-19T14:05:39.725596 #2595]  INFO -- : lab.rism: 456055242 updated to unpublished.
I, [2016-11-19T14:05:39.725638 #2595]  INFO -- : lab.rism: 456055243 updated to unpublished.
I, [2016-11-19T14:05:39.725662 #2595]  INFO -- : lab.rism: 456055244 updated to unpublished.
I, [2016-11-19T14:05:39.725686 #2595]  INFO -- : lab.rism: 456055245 updated to unpublished.
I, [2016-11-19T14:05:39.725710 #2595]  INFO -- : lab.rism: 456055246 updated to unpublished.
I, [2016-11-19T14:05:39.725734 #2595]  INFO -- : lab.rism: 456055247 updated to unpublished.
I, [2016-11-19T14:05:39.725758 #2595]  INFO -- : lab.rism: 456055248 updated to unpublished.
I, [2016-11-19T14:05:39.725781 #2595]  INFO -- : lab.rism: 456055249 updated to unpublished.
I, [2016-11-19T14:05:39.725805 #2595]  INFO -- : lab.rism: 456055250 updated to unpublished.
I, [2016-11-19T14:05:39.725829 #2595]  INFO -- : lab.rism: 456055251 updated to unpublished.
I, [2016-11-19T14:05:39.725867 #2595]  INFO -- : lab.rism: 456055252 updated to unpublished.
I, [2016-11-19T14:05:39.725892 #2595]  INFO -- : lab.rism: 456055253 updated to unpublished.
I, [2016-11-19T14:05:39.725916 #2595]  INFO -- : lab.rism: 456055254 updated to unpublished.
I, [2016-11-19T14:05:39.725940 #2595]  INFO -- : lab.rism: 456055255 updated to unpublished.
I, [2016-11-19T14:05:39.725963 #2595]  INFO -- : lab.rism: 456055256 updated to unpublished.
I, [2016-11-19T14:05:39.725987 #2595]  INFO -- : lab.rism: 456055257 updated to unpublished.
I, [2016-11-19T14:05:39.726011 #2595]  INFO -- : lab.rism: 456055258 updated to unpublished.
I, [2016-11-19T14:05:39.726038 #2595]  INFO -- : lab.rism: 456055259 updated to unpublished.
I, [2016-11-19T14:05:39.726063 #2595]  INFO -- : lab.rism: 456055260 updated to unpublished.
I, [2016-11-19T14:05:39.726087 #2595]  INFO -- : lab.rism: 456055261 updated to unpublished.
I, [2016-11-19T14:05:39.726111 #2595]  INFO -- : lab.rism: 456055262 updated to unpublished.
I, [2016-11-19T14:05:39.726135 #2595]  INFO -- : lab.rism: 456055263 updated to unpublished.
I, [2016-11-19T14:05:39.726159 #2595]  INFO -- : lab.rism: 456055264 updated to unpublished.
I, [2016-11-19T14:05:39.726183 #2595]  INFO -- : lab.rism: 456055265 updated to unpublished.
I, [2016-11-19T14:05:39.726206 #2595]  INFO -- : lab.rism: 456055266 updated to unpublished.
I, [2016-11-19T14:05:39.726240 #2595]  INFO -- : lab.rism: 456055267 updated to unpublished.
I, [2016-11-19T14:05:39.726265 #2595]  INFO -- : lab.rism: 456055268 updated to unpublished.
I, [2016-11-19T14:05:39.726288 #2595]  INFO -- : lab.rism: 456055269 updated to unpublished.
I, [2016-11-19T14:05:39.726312 #2595]  INFO -- : lab.rism: 456055270 updated to unpublished.
I, [2016-11-19T14:05:39.726337 #2595]  INFO -- : lab.rism: 456055271 updated to unpublished.
I, [2016-11-19T14:05:39.726360 #2595]  INFO -- : lab.rism: 456055272 updated to unpublished.
I, [2016-11-19T14:05:39.726384 #2595]  INFO -- : lab.rism: 456055273 updated to unpublished.
I, [2016-11-19T14:05:39.726408 #2595]  INFO -- : lab.rism: 456055274 updated to unpublished.
I, [2016-11-19T14:05:39.726432 #2595]  INFO -- : lab.rism: 456055275 updated to unpublished.
I, [2016-11-19T14:05:39.726456 #2595]  INFO -- : lab.rism: 456055276 updated to unpublished.
I, [2016-11-19T14:05:39.726480 #2595]  INFO -- : lab.rism: 456055277 updated to unpublished.
I, [2016-11-19T14:05:39.726504 #2595]  INFO -- : lab.rism: 456055278 updated to unpublished.
I, [2016-11-19T14:05:39.726527 #2595]  INFO -- : lab.rism: 456055279 updated to unpublished.
I, [2016-11-19T14:05:39.726551 #2595]  INFO -- : lab.rism: 456055280 updated to unpublished.
I, [2016-11-19T14:05:39.726582 #2595]  INFO -- : lab.rism: 456055281 updated to unpublished.
I, [2016-11-19T14:05:39.726606 #2595]  INFO -- : lab.rism: 456055282 updated to unpublished.
I, [2016-11-19T14:05:39.726630 #2595]  INFO -- : lab.rism: 456055283 updated to unpublished.
I, [2016-11-19T14:05:39.726653 #2595]  INFO -- : lab.rism: 456055284 updated to unpublished.
I, [2016-11-19T14:05:39.726677 #2595]  INFO -- : lab.rism: 456055285 updated to unpublished.
I, [2016-11-19T14:05:39.726701 #2595]  INFO -- : lab.rism: 456055286 updated to unpublished.
I, [2016-11-19T14:05:39.726725 #2595]  INFO -- : lab.rism: 456055287 updated to unpublished.
I, [2016-11-19T14:05:39.726748 #2595]  INFO -- : lab.rism: 456055288 updated to unpublished.
I, [2016-11-19T14:05:39.726772 #2595]  INFO -- : lab.rism: 456055289 updated to unpublished.
I, [2016-11-19T14:05:39.726796 #2595]  INFO -- : lab.rism: 456055290 updated to unpublished.
I, [2016-11-19T14:05:39.726820 #2595]  INFO -- : lab.rism: 456055291 updated to unpublished.
I, [2016-11-19T14:05:39.726852 #2595]  INFO -- : lab.rism: 456055292 updated to unpublished.
I, [2016-11-19T14:05:39.726875 #2595]  INFO -- : lab.rism: 456055293 updated to unpublished.
I, [2016-11-19T14:05:39.726899 #2595]  INFO -- : lab.rism: 456055294 updated to unpublished.
I, [2016-11-19T14:05:39.726923 #2595]  INFO -- : lab.rism: 456055295 updated to unpublished.
I, [2016-11-19T14:05:39.726947 #2595]  INFO -- : lab.rism: 456055296 updated to unpublished.
I, [2016-11-19T14:05:39.726971 #2595]  INFO -- : lab.rism: 456055297 updated to unpublished.
I, [2016-11-19T14:05:39.726995 #2595]  INFO -- : lab.rism: 456055298 updated to unpublished.
I, [2016-11-19T14:05:39.727019 #2595]  INFO -- : lab.rism: 456055299 updated to unpublished.
I, [2016-11-19T14:05:39.727043 #2595]  INFO -- : lab.rism: 456055300 updated to unpublished.
I, [2016-11-19T14:05:39.727067 #2595]  INFO -- : lab.rism: 456055301 updated to unpublished.
I, [2016-11-19T14:05:39.727090 #2595]  INFO -- : lab.rism: 456055302 updated to unpublished.
I, [2016-11-19T14:05:39.727117 #2595]  INFO -- : lab.rism: 456055303 updated to unpublished.
I, [2016-11-19T14:05:39.727141 #2595]  INFO -- : lab.rism: 456055304 updated to unpublished.
I, [2016-11-19T14:05:39.727173 #2595]  INFO -- : lab.rism: 456055305 updated to unpublished.
I, [2016-11-19T14:05:39.727197 #2595]  INFO -- : lab.rism: 456055307 updated to unpublished.
I, [2016-11-19T14:05:39.727221 #2595]  INFO -- : lab.rism: 456055308 updated to unpublished.
I, [2016-11-19T14:05:39.727245 #2595]  INFO -- : lab.rism: 456055309 updated to unpublished.
I, [2016-11-19T14:05:39.727269 #2595]  INFO -- : lab.rism: 456055310 updated to unpublished.
I, [2016-11-19T14:05:39.727293 #2595]  INFO -- : lab.rism: 456055311 updated to unpublished.
I, [2016-11-19T14:05:39.727317 #2595]  INFO -- : lab.rism: 456055312 updated to unpublished.
I, [2016-11-19T14:05:39.727340 #2595]  INFO -- : lab.rism: 456055313 updated to unpublished.
I, [2016-11-19T14:05:39.727364 #2595]  INFO -- : lab.rism: 456055314 updated to unpublished.
I, [2016-11-19T14:05:39.727388 #2595]  INFO -- : lab.rism: 456055315 updated to unpublished.
I, [2016-11-19T14:05:39.727412 #2595]  INFO -- : lab.rism: 456055316 updated to unpublished.
I, [2016-11-19T14:05:39.727435 #2595]  INFO -- : lab.rism: 456055317 updated to unpublished.
I, [2016-11-19T14:05:39.727459 #2595]  INFO -- : lab.rism: 456055318 updated to unpublished.
I, [2016-11-19T14:05:39.727483 #2595]  INFO -- : lab.rism: 456055319 updated to unpublished.
I, [2016-11-19T14:05:39.727519 #2595]  INFO -- : lab.rism: 456055320 updated to unpublished.
I, [2016-11-19T14:05:39.727543 #2595]  INFO -- : lab.rism: 456055321 updated to unpublished.
I, [2016-11-19T14:05:39.727567 #2595]  INFO -- : lab.rism: 456055322 updated to unpublished.
I, [2016-11-19T14:05:39.727591 #2595]  INFO -- : lab.rism: 456055323 updated to unpublished.
I, [2016-11-19T14:05:39.727615 #2595]  INFO -- : lab.rism: 456055324 updated to unpublished.
I, [2016-11-19T14:05:39.727638 #2595]  INFO -- : lab.rism: 456055325 updated to unpublished.
I, [2016-11-19T14:05:39.727662 #2595]  INFO -- : lab.rism: 456055326 updated to unpublished.
I, [2016-11-19T14:05:39.727686 #2595]  INFO -- : lab.rism: 456055327 updated to unpublished.
I, [2016-11-19T14:05:39.727709 #2595]  INFO -- : lab.rism: 456055328 updated to unpublished.
I, [2016-11-19T14:05:39.727733 #2595]  INFO -- : lab.rism: 456055329 updated to unpublished.
I, [2016-11-19T14:05:39.727770 #2595]  INFO -- : lab.rism: 456055330 updated to unpublished.
I, [2016-11-19T14:05:39.727795 #2595]  INFO -- : lab.rism: 456055331 updated to unpublished.
I, [2016-11-19T14:05:39.727818 #2595]  INFO -- : lab.rism: 456055332 updated to unpublished.
I, [2016-11-19T14:05:39.727842 #2595]  INFO -- : lab.rism: 456055333 updated to unpublished.
I, [2016-11-19T14:05:39.727867 #2595]  INFO -- : lab.rism: 456055334 updated to unpublished.
I, [2016-11-19T14:05:39.727890 #2595]  INFO -- : lab.rism: 456055335 updated to unpublished.
I, [2016-11-19T14:05:39.727914 #2595]  INFO -- : lab.rism: 456055336 updated to unpublished.
I, [2016-11-19T14:05:39.727959 #2595]  INFO -- : lab.rism: 456055337 updated to unpublished.
I, [2016-11-19T14:05:39.727985 #2595]  INFO -- : lab.rism: 456055338 updated to unpublished.
I, [2016-11-19T14:05:39.728008 #2595]  INFO -- : lab.rism: 456055339 updated to unpublished.
I, [2016-11-19T14:05:39.728032 #2595]  INFO -- : lab.rism: 456055340 updated to unpublished.
I, [2016-11-19T14:05:39.728056 #2595]  INFO -- : lab.rism: 456055341 updated to unpublished.
I, [2016-11-19T14:05:39.728080 #2595]  INFO -- : lab.rism: 456055342 updated to unpublished.
I, [2016-11-19T14:05:39.728104 #2595]  INFO -- : lab.rism: 456055343 updated to unpublished.
I, [2016-11-19T14:05:39.728127 #2595]  INFO -- : lab.rism: 456055344 updated to unpublished.
I, [2016-11-19T14:05:39.728151 #2595]  INFO -- : lab.rism: 456055345 updated to unpublished.
I, [2016-11-19T14:05:39.728174 #2595]  INFO -- : lab.rism: 456055346 updated to unpublished.
I, [2016-11-19T14:05:39.728198 #2595]  INFO -- : lab.rism: 456055347 updated to unpublished.
I, [2016-11-19T14:05:39.728226 #2595]  INFO -- : lab.rism: 456055348 updated to unpublished.
I, [2016-11-19T14:05:39.728250 #2595]  INFO -- : lab.rism: 456055349 updated to unpublished.
I, [2016-11-19T14:05:39.728288 #2595]  INFO -- : lab.rism: 456055350 updated to unpublished.
I, [2016-11-19T14:05:39.728313 #2595]  INFO -- : lab.rism: 456055351 updated to unpublished.
I, [2016-11-19T14:05:39.728337 #2595]  INFO -- : lab.rism: 456055352 updated to unpublished.
I, [2016-11-19T14:05:39.728361 #2595]  INFO -- : lab.rism: 456055353 updated to unpublished.
I, [2016-11-19T14:05:39.728385 #2595]  INFO -- : lab.rism: 456055354 updated to unpublished.
I, [2016-11-19T14:05:39.728408 #2595]  INFO -- : lab.rism: 456055355 updated to unpublished.
I, [2016-11-19T14:05:39.728432 #2595]  INFO -- : lab.rism: 456055356 updated to unpublished.
I, [2016-11-19T14:05:39.728456 #2595]  INFO -- : lab.rism: 456055357 updated to unpublished.
I, [2016-11-19T14:05:39.728493 #2595]  INFO -- : lab.rism: 456055358 updated to unpublished.
I, [2016-11-19T14:05:39.728518 #2595]  INFO -- : lab.rism: 456055359 updated to unpublished.
I, [2016-11-19T14:05:39.728542 #2595]  INFO -- : lab.rism: 456055360 updated to unpublished.
I, [2016-11-19T14:05:39.728566 #2595]  INFO -- : lab.rism: 456055361 updated to unpublished.
I, [2016-11-19T14:05:39.728590 #2595]  INFO -- : lab.rism: 456055362 updated to unpublished.
I, [2016-11-19T14:05:39.728614 #2595]  INFO -- : lab.rism: 456055363 updated to unpublished.
I, [2016-11-19T14:05:39.728638 #2595]  INFO -- : lab.rism: 456055364 updated to unpublished.
I, [2016-11-19T14:05:39.728661 #2595]  INFO -- : lab.rism: 456055365 updated to unpublished.
I, [2016-11-19T14:05:39.728685 #2595]  INFO -- : lab.rism: 456055366 updated to unpublished.
I, [2016-11-19T14:05:39.728709 #2595]  INFO -- : lab.rism: 456055367 updated to unpublished.
I, [2016-11-19T14:05:39.728733 #2595]  INFO -- : lab.rism: 456055368 updated to unpublished.
I, [2016-11-19T14:05:39.728757 #2595]  INFO -- : lab.rism: 456055369 updated to unpublished.
I, [2016-11-19T14:05:39.728781 #2595]  INFO -- : lab.rism: 456055370 updated to unpublished.
I, [2016-11-19T14:05:39.728805 #2595]  INFO -- : lab.rism: 456055371 updated to unpublished.
I, [2016-11-19T14:05:39.728836 #2595]  INFO -- : lab.rism: 456055372 updated to unpublished.
I, [2016-11-19T14:05:39.728871 #2595]  INFO -- : lab.rism: 456055373 updated to unpublished.
I, [2016-11-19T14:05:39.728910 #2595]  INFO -- : lab.rism: 456055374 updated to unpublished.
I, [2016-11-19T14:05:39.728935 #2595]  INFO -- : lab.rism: 456055375 updated to unpublished.
I, [2016-11-19T14:05:39.728959 #2595]  INFO -- : lab.rism: 456055376 updated to unpublished.
I, [2016-11-19T14:05:39.728983 #2595]  INFO -- : lab.rism: 456055377 updated to unpublished.
I, [2016-11-19T14:05:39.729007 #2595]  INFO -- : lab.rism: 456055378 updated to unpublished.
I, [2016-11-19T14:05:39.729031 #2595]  INFO -- : lab.rism: 456055379 updated to unpublished.
I, [2016-11-19T14:05:39.729055 #2595]  INFO -- : lab.rism: 456055380 updated to unpublished.
I, [2016-11-19T14:05:39.729078 #2595]  INFO -- : lab.rism: 456055381 updated to unpublished.
I, [2016-11-19T14:05:39.729117 #2595]  INFO -- : lab.rism: 456055382 updated to unpublished.
I, [2016-11-19T14:05:39.729142 #2595]  INFO -- : lab.rism: 456055383 updated to unpublished.
I, [2016-11-19T14:05:39.729166 #2595]  INFO -- : lab.rism: 456055384 updated to unpublished.
I, [2016-11-19T14:05:39.729190 #2595]  INFO -- : lab.rism: 456055385 updated to unpublished.
I, [2016-11-19T14:05:39.729214 #2595]  INFO -- : lab.rism: 456055386 updated to unpublished.
I, [2016-11-19T14:05:39.729239 #2595]  INFO -- : lab.rism: 456055387 updated to unpublished.
I, [2016-11-19T14:05:39.729262 #2595]  INFO -- : lab.rism: 456055388 updated to unpublished.
I, [2016-11-19T14:05:39.729286 #2595]  INFO -- : lab.rism: 456055389 updated to unpublished.
I, [2016-11-19T14:05:39.729310 #2595]  INFO -- : lab.rism: 456055390 updated to unpublished.
I, [2016-11-19T14:05:39.729334 #2595]  INFO -- : lab.rism: 456055391 updated to unpublished.
I, [2016-11-19T14:05:39.729361 #2595]  INFO -- : lab.rism: 456055392 updated to unpublished.
I, [2016-11-19T14:05:39.729401 #2595]  INFO -- : lab.rism: 456055393 updated to unpublished.
I, [2016-11-19T14:05:39.729425 #2595]  INFO -- : lab.rism: 456055394 updated to unpublished.
I, [2016-11-19T14:05:39.729449 #2595]  INFO -- : lab.rism: 456055395 updated to unpublished.
I, [2016-11-19T14:05:39.729473 #2595]  INFO -- : lab.rism: 456055396 updated to unpublished.
I, [2016-11-19T14:05:39.729497 #2595]  INFO -- : lab.rism: 456055397 updated to unpublished.
I, [2016-11-19T14:05:39.729520 #2595]  INFO -- : lab.rism: 456055398 updated to unpublished.
I, [2016-11-19T14:05:39.729544 #2595]  INFO -- : lab.rism: 456055399 updated to unpublished.
I, [2016-11-19T14:05:39.729568 #2595]  INFO -- : lab.rism: 456055400 updated to unpublished.
I, [2016-11-19T14:05:39.729609 #2595]  INFO -- : lab.rism: 456055401 updated to unpublished.
I, [2016-11-19T14:05:39.729634 #2595]  INFO -- : lab.rism: 456055402 updated to unpublished.
I, [2016-11-19T14:05:39.729658 #2595]  INFO -- : lab.rism: 456055403 updated to unpublished.
I, [2016-11-19T14:05:39.729682 #2595]  INFO -- : lab.rism: 456055404 updated to unpublished.
I, [2016-11-19T14:05:39.729705 #2595]  INFO -- : lab.rism: 456055405 updated to unpublished.
I, [2016-11-19T14:05:39.729729 #2595]  INFO -- : lab.rism: 456055406 updated to unpublished.
I, [2016-11-19T14:05:39.729753 #2595]  INFO -- : lab.rism: 456055407 updated to unpublished.
I, [2016-11-19T14:05:39.729777 #2595]  INFO -- : lab.rism: 456055408 updated to unpublished.
I, [2016-11-19T14:05:39.729801 #2595]  INFO -- : lab.rism: 456055409 updated to unpublished.
I, [2016-11-19T14:05:39.729824 #2595]  INFO -- : lab.rism: 456055410 updated to unpublished.
I, [2016-11-19T14:05:39.729848 #2595]  INFO -- : lab.rism: 456055411 updated to unpublished.
I, [2016-11-19T14:05:39.729872 #2595]  INFO -- : lab.rism: 456055412 updated to unpublished.
I, [2016-11-19T14:05:39.729915 #2595]  INFO -- : lab.rism: 456055413 updated to unpublished.
I, [2016-11-19T14:05:39.729940 #2595]  INFO -- : lab.rism: 456055414 updated to unpublished.
I, [2016-11-19T14:05:39.729964 #2595]  INFO -- : lab.rism: 456055415 updated to unpublished.
I, [2016-11-19T14:05:39.729987 #2595]  INFO -- : lab.rism: 456055416 updated to unpublished.
I, [2016-11-19T14:05:39.730011 #2595]  INFO -- : lab.rism: 456055417 updated to unpublished.
I, [2016-11-19T14:05:39.730035 #2595]  INFO -- : lab.rism: 456055418 updated to unpublished.
I, [2016-11-19T14:05:39.730059 #2595]  INFO -- : lab.rism: 456055419 updated to unpublished.
I, [2016-11-19T14:05:39.730083 #2595]  INFO -- : lab.rism: 456055420 updated to unpublished.
I, [2016-11-19T14:05:39.730106 #2595]  INFO -- : lab.rism: 456055421 updated to unpublished.
I, [2016-11-19T14:05:39.730130 #2595]  INFO -- : lab.rism: 456055422 updated to unpublished.
I, [2016-11-19T14:05:39.730173 #2595]  INFO -- : lab.rism: 456055423 updated to unpublished.
I, [2016-11-19T14:05:39.730198 #2595]  INFO -- : lab.rism: 456055424 updated to unpublished.
I, [2016-11-19T14:05:39.730222 #2595]  INFO -- : lab.rism: 456055425 updated to unpublished.
I, [2016-11-19T14:05:39.730246 #2595]  INFO -- : lab.rism: 456055426 updated to unpublished.
I, [2016-11-19T14:05:39.730270 #2595]  INFO -- : lab.rism: 456055427 updated to unpublished.
I, [2016-11-19T14:05:39.730294 #2595]  INFO -- : lab.rism: 456055428 updated to unpublished.
I, [2016-11-19T14:05:39.730318 #2595]  INFO -- : lab.rism: 456055429 updated to unpublished.
I, [2016-11-19T14:05:39.730342 #2595]  INFO -- : lab.rism: 456055430 updated to unpublished.
I, [2016-11-19T14:05:39.730366 #2595]  INFO -- : lab.rism: 456055431 updated to unpublished.
I, [2016-11-19T14:05:39.730390 #2595]  INFO -- : lab.rism: 456055432 updated to unpublished.
