# Logfile created on 2017-05-16 09:12:38 +0200 by logger.rb/44203
I, [2017-05-16T09:12:38.870723 #6681]  INFO -- : lab.rism: Size of collection --> 600
I, [2017-05-16T09:12:39.135759 #6681]  INFO -- : lab.rism: Source #450012669  new digitizalization with content 'http://digital.blb-karlsruhe.de/3636045'
I, [2017-05-16T09:12:39.520441 #6681]  INFO -- : lab.rism: Source #450012671  new digitizalization with content 'http://digital.blb-karlsruhe.de/3639916'
I, [2017-05-16T09:12:39.961854 #6681]  INFO -- : lab.rism: Source #450012672  new digitizalization with content 'http://digital.blb-karlsruhe.de/3639917'
I, [2017-05-16T09:12:40.435032 #6681]  INFO -- : lab.rism: Source #450012673  new digitizalization with content 'http://digital.blb-karlsruhe.de/3642111'
I, [2017-05-16T09:12:40.863567 #6681]  INFO -- : lab.rism: Source #450012674  new digitizalization with content 'http://digital.blb-karlsruhe.de/3642116'
I, [2017-05-16T09:12:40.925982 #6681]  INFO -- : lab.rism: Source #450012675  new digitizalization with content 'http://digital.blb-karlsruhe.de/3642121'
I, [2017-05-16T09:12:40.968777 #6681]  INFO -- : lab.rism: Source #450012676  new digitizalization with content 'http://digital.blb-karlsruhe.de/3642126'
I, [2017-05-16T09:12:41.083219 #6681]  INFO -- : lab.rism: Source #450012677  new digitizalization with content 'http://digital.blb-karlsruhe.de/3642130'
I, [2017-05-16T09:12:41.143805 #6681]  INFO -- : lab.rism: Source #450012678  new digitizalization with content 'http://digital.blb-karlsruhe.de/3642135'
I, [2017-05-16T09:12:41.195478 #6681]  INFO -- : lab.rism: Source #450012679  new digitizalization with content 'http://digital.blb-karlsruhe.de/3642140'
I, [2017-05-16T09:12:41.285919 #6681]  INFO -- : lab.rism: Source #450012680  new digitizalization with content 'http://digital.blb-karlsruhe.de/3642144'
I, [2017-05-16T09:12:41.333921 #6681]  INFO -- : lab.rism: Source #450012681  new digitizalization with content 'http://digital.blb-karlsruhe.de/3642162'
I, [2017-05-16T09:12:41.420806 #6681]  INFO -- : lab.rism: Source #450012685  new digitizalization with content 'http://digital.blb-karlsruhe.de/3726028'
I, [2017-05-16T09:12:41.469410 #6681]  INFO -- : lab.rism: Source #450012687  new digitizalization with content 'http://digital.blb-karlsruhe.de/3726072'
I, [2017-05-16T09:12:41.553423 #6681]  INFO -- : lab.rism: Source #450012689  new digitizalization with content 'http://digital.blb-karlsruhe.de/3726079'
I, [2017-05-16T09:12:41.620544 #6681]  INFO -- : lab.rism: Source #450012690  new digitizalization with content 'http://digital.blb-karlsruhe.de/3726080'
I, [2017-05-16T09:12:41.678692 #6681]  INFO -- : lab.rism: Source #450012692  new digitizalization with content 'http://digital.blb-karlsruhe.de/3732620'
I, [2017-05-16T09:12:41.714925 #6681]  INFO -- : lab.rism: Source #450012695  new digitizalization with content 'http://digital.blb-karlsruhe.de/3732619'
I, [2017-05-16T09:12:41.810086 #6681]  INFO -- : lab.rism: Source #450012698  new digitizalization with content 'http://digital.blb-karlsruhe.de/3661076'
I, [2017-05-16T09:12:41.862920 #6681]  INFO -- : lab.rism: Source #450012700  new digitizalization with content 'http://digital.blb-karlsruhe.de/3661077'
I, [2017-05-16T09:12:41.945715 #6681]  INFO -- : lab.rism: Source #450012701  new digitizalization with content 'http://digital.blb-karlsruhe.de/3661078'
I, [2017-05-16T09:12:41.994420 #6681]  INFO -- : lab.rism: Source #450012702  new digitizalization with content 'http://digital.blb-karlsruhe.de/3661079'
I, [2017-05-16T09:12:42.055383 #6681]  INFO -- : lab.rism: Source #450012703  new digitizalization with content 'http://digital.blb-karlsruhe.de/3661080'
I, [2017-05-16T09:12:42.100735 #6681]  INFO -- : lab.rism: Source #450012704  new digitizalization with content 'http://digital.blb-karlsruhe.de/3661081'
I, [2017-05-16T09:12:42.150282 #6681]  INFO -- : lab.rism: Source #450012719  new digitizalization with content 'http://digital.blb-karlsruhe.de/3661075'
I, [2017-05-16T09:12:42.208940 #6681]  INFO -- : lab.rism: Source #450012720  new digitizalization with content 'http://digital.blb-karlsruhe.de/3661083'
I, [2017-05-16T09:12:42.260305 #6681]  INFO -- : lab.rism: Source #450012762  new digitizalization with content 'http://digital.blb-karlsruhe.de/3651896'
I, [2017-05-16T09:12:42.374755 #6681]  INFO -- : lab.rism: Source #450012795  new digitizalization with content 'http://digital.blb-karlsruhe.de/3726027'
I, [2017-05-16T09:12:42.437184 #6681]  INFO -- : lab.rism: Source #450012797  new digitizalization with content 'http://digital.blb-karlsruhe.de/3661084'
I, [2017-05-16T09:12:42.528238 #6681]  INFO -- : lab.rism: Source #450012798  new digitizalization with content 'http://digital.blb-karlsruhe.de/3661085'
I, [2017-05-16T09:12:42.622684 #6681]  INFO -- : lab.rism: Source #450012831  new digitizalization with content 'http://digital.blb-karlsruhe.de/3661086'
I, [2017-05-16T09:12:42.732817 #6681]  INFO -- : lab.rism: Source #450012848  new digitizalization with content 'http://digital.blb-karlsruhe.de/3369441'
I, [2017-05-16T09:12:42.818396 #6681]  INFO -- : lab.rism: Source #450012853  new digitizalization with content 'http://digital.blb-karlsruhe.de/3687136'
I, [2017-05-16T09:12:42.861842 #6681]  INFO -- : lab.rism: Source #450012869  new digitizalization with content 'http://digital.blb-karlsruhe.de/3661129'
I, [2017-05-16T09:12:42.902244 #6681]  INFO -- : lab.rism: Source #450012885  new digitizalization with content 'http://digital.blb-karlsruhe.de/3661132'
I, [2017-05-16T09:12:42.994150 #6681]  INFO -- : lab.rism: Source #450012911  new digitizalization with content 'http://digital.blb-karlsruhe.de/3184751'
I, [2017-05-16T09:12:43.123089 #6681]  INFO -- : lab.rism: Source #450012912  new digitizalization with content 'http://digital.blb-karlsruhe.de/3661133'
I, [2017-05-16T09:12:43.187778 #6681]  INFO -- : lab.rism: Source #450012973  new digitizalization with content 'http://digital.blb-karlsruhe.de/3661134'
I, [2017-05-16T09:12:43.235319 #6681]  INFO -- : lab.rism: Source #450013082  new digitizalization with content 'http://digital.blb-karlsruhe.de/3715365'
I, [2017-05-16T09:12:43.293687 #6681]  INFO -- : lab.rism: Source #450013116  new digitizalization with content 'http://digital.blb-karlsruhe.de/3713019'
I, [2017-05-16T09:12:43.333234 #6681]  INFO -- : lab.rism: Source #450013126  new digitizalization with content 'http://digital.blb-karlsruhe.de/3639918'
I, [2017-05-16T09:12:43.366811 #6681]  INFO -- : lab.rism: Source #450013128  new digitizalization with content 'http://digital.blb-karlsruhe.de/3642149'
I, [2017-05-16T09:12:43.399300 #6681]  INFO -- : lab.rism: Source #450013129  new digitizalization with content 'http://digital.blb-karlsruhe.de/3642154'
I, [2017-05-16T09:12:43.458887 #6681]  INFO -- : lab.rism: Source #450013130  new digitizalization with content 'http://digital.blb-karlsruhe.de/3642167'
I, [2017-05-16T09:12:43.553419 #6681]  INFO -- : lab.rism: Source #450013131  new digitizalization with content 'http://digital.blb-karlsruhe.de/3643624'
I, [2017-05-16T09:12:43.602289 #6681]  INFO -- : lab.rism: Source #450013132  new digitizalization with content 'http://digital.blb-karlsruhe.de/3651400'
I, [2017-05-16T09:12:43.643107 #6681]  INFO -- : lab.rism: Source #450013133  new digitizalization with content 'http://digital.blb-karlsruhe.de/3651401'
I, [2017-05-16T09:12:43.736146 #6681]  INFO -- : lab.rism: Source #450013134  new digitizalization with content 'http://digital.blb-karlsruhe.de/3651402'
I, [2017-05-16T09:12:43.786654 #6681]  INFO -- : lab.rism: Source #450013135  new digitizalization with content 'http://digital.blb-karlsruhe.de/3651403'
I, [2017-05-16T09:12:43.851818 #6681]  INFO -- : lab.rism: Source #450013136  new digitizalization with content 'http://digital.blb-karlsruhe.de/3651443'
I, [2017-05-16T09:12:43.894881 #6681]  INFO -- : lab.rism: Source #450013137  new digitizalization with content 'http://digital.blb-karlsruhe.de/3651444'
I, [2017-05-16T09:12:43.935150 #6681]  INFO -- : lab.rism: Source #450013138  new digitizalization with content 'http://digital.blb-karlsruhe.de/3651445'
I, [2017-05-16T09:12:43.976303 #6681]  INFO -- : lab.rism: Source #450013139  new digitizalization with content 'http://digital.blb-karlsruhe.de/3651446'
I, [2017-05-16T09:12:44.017200 #6681]  INFO -- : lab.rism: Source #450013140  new digitizalization with content 'http://digital.blb-karlsruhe.de/3651447'
I, [2017-05-16T09:12:44.131603 #6681]  INFO -- : lab.rism: Source #450013141  new digitizalization with content 'http://digital.blb-karlsruhe.de/3651448'
I, [2017-05-16T09:12:44.205984 #6681]  INFO -- : lab.rism: Source #450013142  new digitizalization with content 'http://digital.blb-karlsruhe.de/3651449'
I, [2017-05-16T09:12:44.320280 #6681]  INFO -- : lab.rism: Source #450013143  new digitizalization with content 'http://digital.blb-karlsruhe.de/3651450'
I, [2017-05-16T09:12:44.413687 #6681]  INFO -- : lab.rism: Source #450013144  new digitizalization with content 'http://digital.blb-karlsruhe.de/3651451'
I, [2017-05-16T09:12:44.461258 #6681]  INFO -- : lab.rism: Source #450013145  new digitizalization with content 'http://digital.blb-karlsruhe.de/3651452'
I, [2017-05-16T09:12:44.502148 #6681]  INFO -- : lab.rism: Source #450013146  new digitizalization with content 'http://digital.blb-karlsruhe.de/3651453'
I, [2017-05-16T09:12:44.543360 #6681]  INFO -- : lab.rism: Source #450013147  new digitizalization with content 'http://digital.blb-karlsruhe.de/3651454'
I, [2017-05-16T09:12:44.584430 #6681]  INFO -- : lab.rism: Source #450013148  new digitizalization with content 'http://digital.blb-karlsruhe.de/3651455'
I, [2017-05-16T09:12:44.617614 #6681]  INFO -- : lab.rism: Source #450013149  new digitizalization with content 'http://digital.blb-karlsruhe.de/3651895'
I, [2017-05-16T09:12:44.660344 #6681]  INFO -- : lab.rism: Source #450013150  new digitizalization with content 'http://digital.blb-karlsruhe.de/3651897'
I, [2017-05-16T09:12:44.754108 #6681]  INFO -- : lab.rism: Source #450013151  new digitizalization with content 'http://digital.blb-karlsruhe.de/3651898'
I, [2017-05-16T09:12:44.812216 #6681]  INFO -- : lab.rism: Source #450013152  new digitizalization with content 'http://digital.blb-karlsruhe.de/3651899'
I, [2017-05-16T09:12:44.860538 #6681]  INFO -- : lab.rism: Source #450013153  new digitizalization with content 'http://digital.blb-karlsruhe.de/3651900'
I, [2017-05-16T09:12:44.965502 #6681]  INFO -- : lab.rism: Source #450013154  new digitizalization with content 'http://digital.blb-karlsruhe.de/3651901'
I, [2017-05-16T09:12:45.020610 #6681]  INFO -- : lab.rism: Source #450013155  new digitizalization with content 'http://digital.blb-karlsruhe.de/3651902'
I, [2017-05-16T09:12:45.088465 #6681]  INFO -- : lab.rism: Source #450013156  new digitizalization with content 'http://digital.blb-karlsruhe.de/3651903'
I, [2017-05-16T09:12:45.136071 #6681]  INFO -- : lab.rism: Source #450013157  new digitizalization with content 'http://digital.blb-karlsruhe.de/3711763'
I, [2017-05-16T09:12:45.212665 #6681]  INFO -- : lab.rism: Source #450013158  new digitizalization with content 'http://digital.blb-karlsruhe.de/3687127'
I, [2017-05-16T09:12:45.261570 #6681]  INFO -- : lab.rism: Source #450013159  new digitizalization with content 'http://digital.blb-karlsruhe.de/3687128'
I, [2017-05-16T09:12:45.381429 #6681]  INFO -- : lab.rism: Source #450013160  new digitizalization with content 'http://digital.blb-karlsruhe.de/3687129'
I, [2017-05-16T09:12:45.437571 #6681]  INFO -- : lab.rism: Source #450013161  new digitizalization with content 'http://digital.blb-karlsruhe.de/3687130'
I, [2017-05-16T09:12:45.536868 #6681]  INFO -- : lab.rism: Source #450013162  new digitizalization with content 'http://digital.blb-karlsruhe.de/3687131'
I, [2017-05-16T09:12:45.576595 #6681]  INFO -- : lab.rism: Source #450013163  new digitizalization with content 'http://digital.blb-karlsruhe.de/3687132'
I, [2017-05-16T09:12:45.619179 #6681]  INFO -- : lab.rism: Source #450013164  new digitizalization with content 'http://digital.blb-karlsruhe.de/3687133'
I, [2017-05-16T09:12:45.705258 #6681]  INFO -- : lab.rism: Source #450013165  new digitizalization with content 'http://digital.blb-karlsruhe.de/3687134'
I, [2017-05-16T09:12:45.752627 #6681]  INFO -- : lab.rism: Source #450013166  new digitizalization with content 'http://digital.blb-karlsruhe.de/3687135'
I, [2017-05-16T09:12:45.853824 #6681]  INFO -- : lab.rism: Source #450013167  new digitizalization with content 'http://digital.blb-karlsruhe.de/3687137'
I, [2017-05-16T09:12:45.912076 #6681]  INFO -- : lab.rism: Source #450013168  new digitizalization with content 'http://digital.blb-karlsruhe.de/3687138'
I, [2017-05-16T09:12:46.008220 #6681]  INFO -- : lab.rism: Source #450013169  new digitizalization with content 'http://digital.blb-karlsruhe.de/3687139'
I, [2017-05-16T09:12:46.082269 #6681]  INFO -- : lab.rism: Source #450013171  new digitizalization with content 'http://digital.blb-karlsruhe.de/3713001'
I, [2017-05-16T09:12:46.135827 #6681]  INFO -- : lab.rism: Source #450013172  new digitizalization with content 'http://digital.blb-karlsruhe.de/3713003'
I, [2017-05-16T09:12:46.177349 #6681]  INFO -- : lab.rism: Source #450013173  new digitizalization with content 'http://digital.blb-karlsruhe.de/3713002'
I, [2017-05-16T09:12:46.218656 #6681]  INFO -- : lab.rism: Source #450013174  new digitizalization with content 'http://digital.blb-karlsruhe.de/3713004'
I, [2017-05-16T09:12:46.259987 #6681]  INFO -- : lab.rism: Source #450013175  new digitizalization with content 'http://digital.blb-karlsruhe.de/3713005'
I, [2017-05-16T09:12:46.404282 #6681]  INFO -- : lab.rism: Source #450013176  new digitizalization with content 'http://digital.blb-karlsruhe.de/3713006'
I, [2017-05-16T09:12:46.454498 #6681]  INFO -- : lab.rism: Source #450013177  new digitizalization with content 'http://digital.blb-karlsruhe.de/3713009'
I, [2017-05-16T09:12:46.549097 #6681]  INFO -- : lab.rism: Source #450013178  new digitizalization with content 'http://digital.blb-karlsruhe.de/3713010'
I, [2017-05-16T09:12:46.612445 #6681]  INFO -- : lab.rism: Source #450013179  new digitizalization with content 'http://digital.blb-karlsruhe.de/3713011'
I, [2017-05-16T09:12:46.654350 #6681]  INFO -- : lab.rism: Source #450013180  new digitizalization with content 'http://digital.blb-karlsruhe.de/3713013'
I, [2017-05-16T09:12:46.702745 #6681]  INFO -- : lab.rism: Source #450013181  new digitizalization with content 'http://digital.blb-karlsruhe.de/3713014'
I, [2017-05-16T09:12:46.745512 #6681]  INFO -- : lab.rism: Source #450013182  new digitizalization with content 'http://digital.blb-karlsruhe.de/3713015'
I, [2017-05-16T09:12:46.784398 #6681]  INFO -- : lab.rism: Source #450013183  new digitizalization with content 'http://digital.blb-karlsruhe.de/3713016'
I, [2017-05-16T09:12:46.834905 #6681]  INFO -- : lab.rism: Source #450013184  new digitizalization with content 'http://digital.blb-karlsruhe.de/3713017'
I, [2017-05-16T09:12:46.868410 #6681]  INFO -- : lab.rism: Source #450013185  new digitizalization with content 'http://digital.blb-karlsruhe.de/3713020'
I, [2017-05-16T09:12:46.960354 #6681]  INFO -- : lab.rism: Source #450013186  new digitizalization with content 'http://digital.blb-karlsruhe.de/3713018'
I, [2017-05-16T09:12:47.014381 #6681]  INFO -- : lab.rism: Source #450013187  new digitizalization with content 'http://digital.blb-karlsruhe.de/3713021'
I, [2017-05-16T09:12:47.124231 #6681]  INFO -- : lab.rism: Source #450013188  new digitizalization with content 'http://digital.blb-karlsruhe.de/3713022'
I, [2017-05-16T09:12:47.188113 #6681]  INFO -- : lab.rism: Source #450013189  new digitizalization with content 'http://digital.blb-karlsruhe.de/3713988'
I, [2017-05-16T09:12:47.237161 #6681]  INFO -- : lab.rism: Source #450013190  new digitizalization with content 'http://digital.blb-karlsruhe.de/3713767'
I, [2017-05-16T09:12:47.277550 #6681]  INFO -- : lab.rism: Source #450013191  new digitizalization with content 'http://digital.blb-karlsruhe.de/3713946'
I, [2017-05-16T09:12:47.324943 #6681]  INFO -- : lab.rism: Source #450013192  new digitizalization with content 'http://digital.blb-karlsruhe.de/3713834'
I, [2017-05-16T09:12:47.369014 #6681]  INFO -- : lab.rism: Source #450013193  new digitizalization with content 'http://digital.blb-karlsruhe.de/3715306'
I, [2017-05-16T09:12:47.410021 #6681]  INFO -- : lab.rism: Source #450013194  new digitizalization with content 'http://digital.blb-karlsruhe.de/3715307'
I, [2017-05-16T09:12:47.504943 #6681]  INFO -- : lab.rism: Source #450013195  new digitizalization with content 'http://digital.blb-karlsruhe.de/3715308'
I, [2017-05-16T09:12:47.555606 #6681]  INFO -- : lab.rism: Source #450013196  new digitizalization with content 'http://digital.blb-karlsruhe.de/3715309'
I, [2017-05-16T09:12:47.604427 #6681]  INFO -- : lab.rism: Source #450013197  new digitizalization with content 'http://digital.blb-karlsruhe.de/3715310'
I, [2017-05-16T09:12:47.739052 #6681]  INFO -- : lab.rism: Source #450013198  new digitizalization with content 'http://digital.blb-karlsruhe.de/3715311'
I, [2017-05-16T09:12:47.887499 #6681]  INFO -- : lab.rism: Source #450013199  new digitizalization with content 'http://digital.blb-karlsruhe.de/3715312'
I, [2017-05-16T09:12:47.946120 #6681]  INFO -- : lab.rism: Source #450013200  new digitizalization with content 'http://digital.blb-karlsruhe.de/3715313'
I, [2017-05-16T09:12:47.995645 #6681]  INFO -- : lab.rism: Source #450013201  new digitizalization with content 'http://digital.blb-karlsruhe.de/3715314'
I, [2017-05-16T09:12:48.058189 #6681]  INFO -- : lab.rism: Source #450013202  new digitizalization with content 'http://digital.blb-karlsruhe.de/3715315'
I, [2017-05-16T09:12:48.111732 #6681]  INFO -- : lab.rism: Source #450013203  new digitizalization with content 'http://digital.blb-karlsruhe.de/3715316'
I, [2017-05-16T09:12:48.153810 #6681]  INFO -- : lab.rism: Source #450013204  new digitizalization with content 'http://digital.blb-karlsruhe.de/3715317'
I, [2017-05-16T09:12:48.196298 #6681]  INFO -- : lab.rism: Source #450013205  new digitizalization with content 'http://digital.blb-karlsruhe.de/3715318'
I, [2017-05-16T09:12:48.270334 #6681]  INFO -- : lab.rism: Source #450013206  new digitizalization with content 'http://digital.blb-karlsruhe.de/3715319'
I, [2017-05-16T09:12:48.310302 #6681]  INFO -- : lab.rism: Source #450013207  new digitizalization with content 'http://digital.blb-karlsruhe.de/3715320'
I, [2017-05-16T09:12:48.343920 #6681]  INFO -- : lab.rism: Source #450013208  new digitizalization with content 'http://digital.blb-karlsruhe.de/3715321'
I, [2017-05-16T09:12:48.385552 #6681]  INFO -- : lab.rism: Source #450013209  new digitizalization with content 'http://digital.blb-karlsruhe.de/3715322'
I, [2017-05-16T09:12:48.428789 #6681]  INFO -- : lab.rism: Source #450013210  new digitizalization with content 'http://digital.blb-karlsruhe.de/3715323'
I, [2017-05-16T09:12:48.470072 #6681]  INFO -- : lab.rism: Source #450013211  new digitizalization with content 'http://digital.blb-karlsruhe.de/3715324'
I, [2017-05-16T09:12:48.511806 #6681]  INFO -- : lab.rism: Source #450013212  new digitizalization with content 'http://digital.blb-karlsruhe.de/3715325'
I, [2017-05-16T09:12:48.552853 #6681]  INFO -- : lab.rism: Source #450013213  new digitizalization with content 'http://digital.blb-karlsruhe.de/3715326'
I, [2017-05-16T09:12:48.604076 #6681]  INFO -- : lab.rism: Source #450013214  new digitizalization with content 'http://digital.blb-karlsruhe.de/3715327'
I, [2017-05-16T09:12:48.644576 #6681]  INFO -- : lab.rism: Source #450013215  new digitizalization with content 'http://digital.blb-karlsruhe.de/3715329'
I, [2017-05-16T09:12:48.687064 #6681]  INFO -- : lab.rism: Source #450013216  new digitizalization with content 'http://digital.blb-karlsruhe.de/3715330'
I, [2017-05-16T09:12:48.798208 #6681]  INFO -- : lab.rism: Source #450013217  new digitizalization with content 'http://digital.blb-karlsruhe.de/3715331'
I, [2017-05-16T09:12:48.854435 #6681]  INFO -- : lab.rism: Source #450013218  new digitizalization with content 'http://digital.blb-karlsruhe.de/3715332'
I, [2017-05-16T09:12:48.903268 #6681]  INFO -- : lab.rism: Source #450013219  new digitizalization with content 'http://digital.blb-karlsruhe.de/3715366'
I, [2017-05-16T09:12:48.989093 #6681]  INFO -- : lab.rism: Source #450013221  new digitizalization with content 'http://digital.blb-karlsruhe.de/3715367'
I, [2017-05-16T09:12:49.064605 #6681]  INFO -- : lab.rism: Source #450013222  new digitizalization with content 'http://digital.blb-karlsruhe.de/3661073'
I, [2017-05-16T09:12:49.135761 #6681]  INFO -- : lab.rism: Source #450013231  new digitizalization with content 'http://digital.blb-karlsruhe.de/3715375'
I, [2017-05-16T09:12:49.177325 #6681]  INFO -- : lab.rism: Source #450013232  new digitizalization with content 'http://digital.blb-karlsruhe.de/3715377'
I, [2017-05-16T09:12:49.218063 #6681]  INFO -- : lab.rism: Source #450013233  new digitizalization with content 'http://digital.blb-karlsruhe.de/3715378'
I, [2017-05-16T09:12:49.260566 #6681]  INFO -- : lab.rism: Source #450013234  new digitizalization with content 'http://digital.blb-karlsruhe.de/3726024'
I, [2017-05-16T09:12:49.370433 #6681]  INFO -- : lab.rism: Source #450013235  new digitizalization with content 'http://digital.blb-karlsruhe.de/3726073'
I, [2017-05-16T09:12:49.422002 #6681]  INFO -- : lab.rism: Source #450013253  new digitizalization with content 'http://digital.blb-karlsruhe.de/3226487'
I, [2017-05-16T09:12:49.468977 #6681]  INFO -- : lab.rism: Source #450013297  new digitizalization with content 'http://digital.blb-karlsruhe.de/3715376'
I, [2017-05-16T09:12:49.571490 #6681]  INFO -- : lab.rism: Source #450013298  new digitizalization with content 'http://digital.blb-karlsruhe.de/3726026'
I, [2017-05-16T09:12:49.620021 #6681]  INFO -- : lab.rism: Source #450013299  new digitizalization with content 'http://digital.blb-karlsruhe.de/3726025'
I, [2017-05-16T09:12:49.664015 #6681]  INFO -- : lab.rism: Source #450013300  new digitizalization with content 'http://digital.blb-karlsruhe.de/3726075'
I, [2017-05-16T09:12:49.711063 #6681]  INFO -- : lab.rism: Source #450013316  new digitizalization with content 'http://digital.blb-karlsruhe.de/3636046'
I, [2017-05-16T09:12:49.760441 #6681]  INFO -- : lab.rism: Source #450013390  new digitizalization with content 'http://digital.blb-karlsruhe.de/3726082'
I, [2017-05-16T09:12:49.809375 #6681]  INFO -- : lab.rism: Source #450013393  new digitizalization with content 'http://digital.blb-karlsruhe.de/3732631'
I, [2017-05-16T09:12:49.845790 #6681]  INFO -- : lab.rism: Source #450013408  new digitizalization with content 'http://digital.blb-karlsruhe.de/3661124'
I, [2017-05-16T09:12:49.886875 #6681]  INFO -- : lab.rism: Source #450013409  new digitizalization with content 'http://digital.blb-karlsruhe.de/3661125'
I, [2017-05-16T09:12:49.984129 #6681]  INFO -- : lab.rism: Source #450013410  new digitizalization with content 'http://digital.blb-karlsruhe.de/3226488'
I, [2017-05-16T09:12:50.120460 #6681]  INFO -- : lab.rism: Source #450013411  new digitizalization with content 'http://digital.blb-karlsruhe.de/3661126'
I, [2017-05-16T09:12:50.225473 #6681]  INFO -- : lab.rism: Source #450013412  new digitizalization with content 'http://digital.blb-karlsruhe.de/3661127'
I, [2017-05-16T09:12:50.297733 #6681]  INFO -- : lab.rism: Source #450013413  new digitizalization with content 'http://digital.blb-karlsruhe.de/3661128'
I, [2017-05-16T09:12:50.383713 #6681]  INFO -- : lab.rism: Source #450013471  new digitizalization with content 'http://digital.blb-karlsruhe.de/3732616'
I, [2017-05-16T09:12:50.458062 #6681]  INFO -- : lab.rism: Source #450013541  new digitizalization with content 'http://digital.blb-karlsruhe.de/3732618'
I, [2017-05-16T09:12:50.532652 #6681]  INFO -- : lab.rism: Source #450013679  new digitizalization with content 'http://digital.blb-karlsruhe.de/3515644'
I, [2017-05-16T09:12:50.707012 #6681]  INFO -- : lab.rism: Source #450013916  new digitizalization with content 'http://digital.blb-karlsruhe.de/3726077'
I, [2017-05-16T09:12:50.888741 #6681]  INFO -- : lab.rism: Source #450014106  new digitizalization with content 'http://digital.blb-karlsruhe.de/3167615'
I, [2017-05-16T09:12:51.007555 #6681]  INFO -- : lab.rism: Source #450017852  new digitizalization with content 'http://digital.blb-karlsruhe.de/3687156'
I, [2017-05-16T09:12:51.107991 #6681]  INFO -- : lab.rism: Source #450017909  new digitizalization with content 'http://digital.blb-karlsruhe.de/3515648'
I, [2017-05-16T09:12:51.156524 #6681]  INFO -- : lab.rism: Source #450017910  new digitizalization with content 'http://digital.blb-karlsruhe.de/3515649'
I, [2017-05-16T09:12:51.213643 #6681]  INFO -- : lab.rism: Source #450017911  new digitizalization with content 'http://digital.blb-karlsruhe.de/3515650'
I, [2017-05-16T09:12:51.255479 #6681]  INFO -- : lab.rism: Source #450017912  new digitizalization with content 'http://digital.blb-karlsruhe.de/3515651'
I, [2017-05-16T09:12:51.294539 #6681]  INFO -- : lab.rism: Source #450018064  new digitizalization with content 'http://digital.blb-karlsruhe.de/3303973'
I, [2017-05-16T09:12:51.381640 #6681]  INFO -- : lab.rism: Source #450018101  new digitizalization with content 'http://digital.blb-karlsruhe.de/3367378'
I, [2017-05-16T09:12:51.492706 #6681]  INFO -- : lab.rism: Source #450018121  new digitizalization with content 'http://digital.blb-karlsruhe.de/3713008'
I, [2017-05-16T09:12:51.548227 #6681]  INFO -- : lab.rism: Source #450018147  new digitizalization with content 'http://digital.blb-karlsruhe.de/3713012'
I, [2017-05-16T09:12:51.596276 #6681]  INFO -- : lab.rism: Source #450018184  new digitizalization with content 'http://digital.blb-karlsruhe.de/3732630'
I, [2017-05-16T09:12:51.673378 #6681]  INFO -- : lab.rism: Source #450018192  new digitizalization with content 'http://digital.blb-karlsruhe.de/3650123'
I, [2017-05-16T09:12:51.764758 #6681]  INFO -- : lab.rism: Source #450018193  new digitizalization with content 'http://digital.blb-karlsruhe.de/3650127'
I, [2017-05-16T09:12:51.812777 #6681]  INFO -- : lab.rism: Source #450018194  new digitizalization with content 'http://digital.blb-karlsruhe.de/3642158'
I, [2017-05-16T09:12:51.854229 #6681]  INFO -- : lab.rism: Source #450018330  new digitizalization with content 'http://digital.blb-karlsruhe.de/3715333'
I, [2017-05-16T09:12:51.913165 #6681]  INFO -- : lab.rism: Source #450018331  new digitizalization with content 'http://digital.blb-karlsruhe.de/3732615'
I, [2017-05-16T09:12:51.951748 #6681]  INFO -- : lab.rism: Source #450018368  new digitizalization with content 'http://digital.blb-karlsruhe.de/3661135'
I, [2017-05-16T09:12:51.986261 #6681]  INFO -- : lab.rism: Source #450018521  new digitizalization with content 'http://digital.blb-karlsruhe.de/3109741'
I, [2017-05-16T09:12:52.129597 #6681]  INFO -- : lab.rism: Source #450018651  new digitizalization with content 'http://digital.blb-karlsruhe.de/3661087'
I, [2017-05-16T09:12:52.225013 #6681]  INFO -- : lab.rism: Source #450018869  new digitizalization with content 'http://digital.blb-karlsruhe.de/3302897'
I, [2017-05-16T09:12:52.297428 #6681]  INFO -- : lab.rism: Source #450018876  new digitizalization with content 'http://digital.blb-karlsruhe.de/3515645'
I, [2017-05-16T09:12:52.380702 #6681]  INFO -- : lab.rism: Source #450018883  new digitizalization with content 'http://digital.blb-karlsruhe.de/3515646'
I, [2017-05-16T09:12:52.424379 #6681]  INFO -- : lab.rism: Source #450018884  new digitizalization with content 'http://digital.blb-karlsruhe.de/3515647'
I, [2017-05-16T09:12:52.463948 #6681]  INFO -- : lab.rism: Source #450018887  new digitizalization with content 'http://digital.blb-karlsruhe.de/3226489'
I, [2017-05-16T09:12:52.535549 #6681]  INFO -- : lab.rism: Source #450018894  new digitizalization with content 'http://digital.blb-karlsruhe.de/3303978'
I, [2017-05-16T09:12:52.654015 #6681]  INFO -- : lab.rism: Source #450018895  new digitizalization with content 'http://digital.blb-karlsruhe.de/3303977'
I, [2017-05-16T09:12:52.719322 #6681]  INFO -- : lab.rism: Source #450018896  new digitizalization with content 'http://digital.blb-karlsruhe.de/3303979'
I, [2017-05-16T09:12:52.779523 #6681]  INFO -- : lab.rism: Source #450018905  new digitizalization with content 'http://digital.blb-karlsruhe.de/3316474'
I, [2017-05-16T09:12:52.910772 #6681]  INFO -- : lab.rism: Source #450018906  new digitizalization with content 'http://digital.blb-karlsruhe.de/3316475'
I, [2017-05-16T09:12:53.017677 #6681]  INFO -- : lab.rism: Source #450018910  new digitizalization with content 'http://digital.blb-karlsruhe.de/3226490'
I, [2017-05-16T09:12:53.092676 #6681]  INFO -- : lab.rism: Source #450018983  new digitizalization with content 'http://digital.blb-karlsruhe.de/3661130'
I, [2017-05-16T09:12:53.181449 #6681]  INFO -- : lab.rism: Source #450018985  new digitizalization with content 'http://digital.blb-karlsruhe.de/3661131'
I, [2017-05-16T09:12:53.249758 #6681]  INFO -- : lab.rism: Source #450018986  new digitizalization with content 'http://digital.blb-karlsruhe.de/3366354'
I, [2017-05-16T09:12:53.340367 #6681]  INFO -- : lab.rism: Source #450019025  new digitizalization with content 'http://digital.blb-karlsruhe.de/3726078'
I, [2017-05-16T09:12:53.422132 #6681]  INFO -- : lab.rism: Source #450019026  new digitizalization with content 'http://digital.blb-karlsruhe.de/3732380'
I, [2017-05-16T09:12:53.489197 #6681]  INFO -- : lab.rism: Source #450019092  new digitizalization with content 'http://digital.blb-karlsruhe.de/3596814'
I, [2017-05-16T09:12:53.614001 #6681]  INFO -- : lab.rism: Source #450019113  new digitizalization with content 'http://digital.blb-karlsruhe.de/3636043'
I, [2017-05-16T09:12:53.682023 #6681]  INFO -- : lab.rism: Source #450019114  new digitizalization with content 'http://digital.blb-karlsruhe.de/3639915'
I, [2017-05-16T09:12:53.730685 #6681]  INFO -- : lab.rism: Source #450019120  new digitizalization with content 'http://digital.blb-karlsruhe.de/3639919'
I, [2017-05-16T09:12:53.772476 #6681]  INFO -- : lab.rism: Source #450019121  new digitizalization with content 'http://digital.blb-karlsruhe.de/3639920'
I, [2017-05-16T09:12:53.839515 #6681]  INFO -- : lab.rism: Source #450019123  new digitizalization with content 'http://digital.blb-karlsruhe.de/3642172'
I, [2017-05-16T09:12:53.882910 #6681]  INFO -- : lab.rism: Source #450019127  new digitizalization with content 'http://digital.blb-karlsruhe.de/3726029'
I, [2017-05-16T09:12:53.968615 #6681]  INFO -- : lab.rism: Source #450019128  new digitizalization with content 'http://digital.blb-karlsruhe.de/3726030'
I, [2017-05-16T09:12:54.043952 #6681]  INFO -- : lab.rism: Source #450019129  new digitizalization with content 'http://digital.blb-karlsruhe.de/3726031'
I, [2017-05-16T09:12:54.106692 #6681]  INFO -- : lab.rism: Source #450019130  new digitizalization with content 'http://digital.blb-karlsruhe.de/3726032'
I, [2017-05-16T09:12:54.208461 #6681]  INFO -- : lab.rism: Source #450019131  new digitizalization with content 'http://digital.blb-karlsruhe.de/3726033'
I, [2017-05-16T09:12:54.259651 #6681]  INFO -- : lab.rism: Source #450019132  new digitizalization with content 'http://digital.blb-karlsruhe.de/3726034'
I, [2017-05-16T09:12:54.323966 #6681]  INFO -- : lab.rism: Source #450019138  new digitizalization with content 'http://digital.blb-karlsruhe.de/3726038'
I, [2017-05-16T09:12:54.365753 #6681]  INFO -- : lab.rism: Source #450019139  new digitizalization with content 'http://digital.blb-karlsruhe.de/3726037'
I, [2017-05-16T09:12:54.422395 #6681]  INFO -- : lab.rism: Source #450019140  new digitizalization with content 'http://digital.blb-karlsruhe.de/3726036'
I, [2017-05-16T09:12:54.480529 #6681]  INFO -- : lab.rism: Source #450019141  new digitizalization with content 'http://digital.blb-karlsruhe.de/3726035'
I, [2017-05-16T09:12:54.522427 #6681]  INFO -- : lab.rism: Source #450019168  new digitizalization with content 'http://digital.blb-karlsruhe.de/3732632'
I, [2017-05-16T09:12:54.604901 #6681]  INFO -- : lab.rism: Source #450019169  new digitizalization with content 'http://digital.blb-karlsruhe.de/3661082'
I, [2017-05-16T09:12:54.654149 #6681]  INFO -- : lab.rism: Source #450019170  new digitizalization with content 'http://digital.blb-karlsruhe.de/3733569'
I, [2017-05-16T09:12:54.720241 #6681]  INFO -- : lab.rism: Source #450019395  new digitizalization with content 'http://digital.blb-karlsruhe.de/3726076'
I, [2017-05-16T09:12:54.762108 #6681]  INFO -- : lab.rism: Source #450019396  new digitizalization with content 'http://digital.blb-karlsruhe.de/3715328'
I, [2017-05-16T09:12:54.871700 #6681]  INFO -- : lab.rism: Source #450019410  new digitizalization with content 'http://digital.blb-karlsruhe.de/3661074'
I, [2017-05-16T09:12:55.060430 #6681]  INFO -- : lab.rism: Source #450019475  new digitizalization with content 'http://digital.blb-karlsruhe.de/3715368'
I, [2017-05-16T09:12:55.330689 #6681]  INFO -- : lab.rism: Source #450019497  new digitizalization with content 'http://digital.blb-karlsruhe.de/3650088'
I, [2017-05-16T09:12:55.416143 #6681]  INFO -- : lab.rism: Source #450019657  new digitizalization with content 'http://digital.blb-karlsruhe.de/447670'
I, [2017-05-16T09:12:55.672295 #6681]  INFO -- : lab.rism: Source #450021832  new digitizalization with content 'http://digital.blb-karlsruhe.de/3331370'
I, [2017-05-16T09:12:56.063109 #6681]  INFO -- : lab.rism: Source #450036744  new digitizalization with content 'http://digital.blb-karlsruhe.de/3481242'
I, [2017-05-16T09:12:56.155792 #6681]  INFO -- : lab.rism: Source #450036990  new digitizalization with content 'http://digital.blb-karlsruhe.de/3331329'
I, [2017-05-16T09:12:56.232818 #6681]  INFO -- : lab.rism: Source #453008169  new digitizalization with content 'http://digital.blb-karlsruhe.de/3732617'
I, [2017-05-16T09:12:56.375343 #6681]  INFO -- : lab.rism: Source #453008180  new digitizalization with content 'http://digital.blb-karlsruhe.de/3515643'
I, [2017-05-16T09:12:56.472068 #6681]  INFO -- : lab.rism: Source #453008183  new digitizalization with content 'http://digital.blb-karlsruhe.de/3331333'
I, [2017-05-16T09:12:56.569889 #6681]  INFO -- : lab.rism: Source #453008247  new digitizalization with content 'http://digital.blb-karlsruhe.de/3366353'
I, [2017-05-16T09:12:56.656499 #6681]  INFO -- : lab.rism: Source #453008270  new digitizalization with content 'http://digital.blb-karlsruhe.de/3517240'
I, [2017-05-16T09:12:56.748687 #6681]  INFO -- : lab.rism: Source #453008273  new digitizalization with content 'http://digital.blb-karlsruhe.de/3517241'
I, [2017-05-16T09:12:56.950193 #6681]  INFO -- : lab.rism: Source #453008282  new digitizalization with content 'http://digital.blb-karlsruhe.de/3517242'
I, [2017-05-16T09:12:56.998151 #6681]  INFO -- : lab.rism: Source #453008366  new digitizalization with content 'http://digital.blb-karlsruhe.de/3331330'
I, [2017-05-16T09:12:57.134132 #6681]  INFO -- : lab.rism: Source #453008370  new digitizalization with content 'http://digital.blb-karlsruhe.de/3331371'
I, [2017-05-16T09:12:57.199338 #6681]  INFO -- : lab.rism: Source #453008371  new digitizalization with content 'http://digital.blb-karlsruhe.de/3331372'
I, [2017-05-16T09:12:57.248787 #6681]  INFO -- : lab.rism: Source #453008397  new digitizalization with content 'http://digital.blb-karlsruhe.de/3331331'
I, [2017-05-16T09:12:57.297966 #6681]  INFO -- : lab.rism: Source #453008398  new digitizalization with content 'http://digital.blb-karlsruhe.de/3331332'
I, [2017-05-16T09:12:57.394599 #6681]  INFO -- : lab.rism: Source #453008420  new digitizalization with content 'http://digital.blb-karlsruhe.de/3309730'
I, [2017-05-16T09:12:57.449616 #6681]  INFO -- : lab.rism: Source #453008441  new digitizalization with content 'http://digital.blb-karlsruhe.de/3366352'
I, [2017-05-16T09:12:57.498184 #6681]  INFO -- : lab.rism: Source #453010341  new digitizalization with content 'http://digital.blb-karlsruhe.de/3109799'
I, [2017-05-16T09:12:57.615677 #6681]  INFO -- : lab.rism: Source #700000647  new digitizalization with content 'http://uurl.kbr.be/1541187'
I, [2017-05-16T09:12:57.810992 #6681]  INFO -- : lab.rism: Source #700000648  new digitizalization with content 'http://uurl.kbr.be/1541185'
I, [2017-05-16T09:12:57.916285 #6681]  INFO -- : lab.rism: Source #700001281  new digitizalization with content 'http://uurl.kbr.be/1541179'
I, [2017-05-16T09:12:57.991207 #6681]  INFO -- : lab.rism: Source #700001594  new digitizalization with content 'http://uurl.kbr.be/1541181'
I, [2017-05-16T09:12:58.075721 #6681]  INFO -- : lab.rism: Source #700001705  new digitizalization with content 'http://uurl.kbr.be/1541183'
I, [2017-05-16T09:12:58.131284 #6681]  INFO -- : lab.rism: Source #700001706  new digitizalization with content 'http://uurl.kbr.be/1541229'
I, [2017-05-16T09:12:58.197022 #6681]  INFO -- : lab.rism: Source #700001714  new digitizalization with content 'http://uurl.kbr.be/1541227'
I, [2017-05-16T09:12:58.264422 #6681]  INFO -- : lab.rism: Source #700002104  new digitizalization with content 'http://uurl.kbr.be/1541203'
I, [2017-05-16T09:12:58.348971 #6681]  INFO -- : lab.rism: Source #700005586  new digitizalization with content 'http://uurl.kbr.be/1541195'
I, [2017-05-16T09:12:58.403856 #6681]  INFO -- : lab.rism: Source #700005603  new digitizalization with content 'http://uurl.kbr.be/1420826'
I, [2017-05-16T09:12:58.540984 #6681]  INFO -- : lab.rism: Source #700005609  new digitizalization with content 'http://uurl.kbr.be/1541199'
I, [2017-05-16T09:12:58.615359 #6681]  INFO -- : lab.rism: Source #700005628  new digitizalization with content 'http://uurl.kbr.be/1541225'
I, [2017-05-16T09:12:58.667023 #6681]  INFO -- : lab.rism: Source #700005726  new digitizalization with content 'http://uurl.kbr.be/1541215'
I, [2017-05-16T09:12:58.713717 #6681]  INFO -- : lab.rism: Source #700005751  new digitizalization with content 'http://uurl.kbr.be/1541197'
I, [2017-05-16T09:12:58.757569 #6681]  INFO -- : lab.rism: Source #700005769  new digitizalization with content 'http://uurl.kbr.be/1541201'
I, [2017-05-16T09:12:58.799771 #6681]  INFO -- : lab.rism: Source #700005907  new digitizalization with content 'http://uurl.kbr.be/1420946'
I, [2017-05-16T09:12:58.913550 #6681]  INFO -- : lab.rism: Source #700006048  new digitizalization with content 'http://uurl.kbr.be/1541217'
I, [2017-05-16T09:12:58.972714 #6681]  INFO -- : lab.rism: Source #700006052  new digitizalization with content 'http://uurl.kbr.be/1541231'
I, [2017-05-16T09:12:59.047600 #6681]  INFO -- : lab.rism: Source #700006061  new digitizalization with content 'http://uurl.kbr.be/1541189'
I, [2017-05-16T09:12:59.174567 #6681]  INFO -- : lab.rism: Source #700006062  new digitizalization with content 'http://uurl.kbr.be/1541207'
I, [2017-05-16T09:12:59.280501 #6681]  INFO -- : lab.rism: Source #700006069  new digitizalization with content 'http://uurl.kbr.be/1541209'
I, [2017-05-16T09:12:59.340971 #6681]  INFO -- : lab.rism: Source #700006083  new digitizalization with content 'http://uurl.kbr.be/1541221'
I, [2017-05-16T09:12:59.391703 #6681]  INFO -- : lab.rism: Source #700006120  new digitizalization with content 'http://uurl.kbr.be/1420881'
I, [2017-05-16T09:12:59.449714 #6681]  INFO -- : lab.rism: Source #700006121  new digitizalization with content 'http://uurl.kbr.be/1541213'
I, [2017-05-16T09:12:59.521562 #6681]  INFO -- : lab.rism: Source #700006146  new digitizalization with content 'http://uurl.kbr.be/1541193'
I, [2017-05-16T09:12:59.588051 #6681]  INFO -- : lab.rism: Source #700006159  new digitizalization with content 'http://uurl.kbr.be/1541223'
I, [2017-05-16T09:12:59.637401 #6681]  INFO -- : lab.rism: Source #700006568  new digitizalization with content 'http://uurl.kbr.be/1420903'
I, [2017-05-16T09:12:59.699559 #6681]  INFO -- : lab.rism: Source #700006725  new digitizalization with content 'http://uurl.kbr.be/1420844'
I, [2017-05-16T09:12:59.747362 #6681]  INFO -- : lab.rism: Source #700006914  new digitizalization with content 'http://uurl.kbr.be/1541211'
I, [2017-05-16T09:12:59.833813 #6681]  INFO -- : lab.rism: Source #700006938  new digitizalization with content 'http://uurl.kbr.be/1541219'
I, [2017-05-16T09:12:59.976800 #6681]  INFO -- : lab.rism: Source #700006969  new digitizalization with content 'http://uurl.kbr.be/1541205'
I, [2017-05-16T09:13:00.067283 #6681]  INFO -- : lab.rism: Source #700007052  new digitizalization with content 'http://uurl.kbr.be/1420834'
I, [2017-05-16T09:13:00.142711 #6681]  INFO -- : lab.rism: Source #700007053  new digitizalization with content 'http://uurl.kbr.be/1420833'
I, [2017-05-16T09:13:00.297093 #6681]  INFO -- : lab.rism: Source #700007054  new digitizalization with content 'http://uurl.kbr.be/1420848'
I, [2017-05-16T09:13:00.339549 #6681]  INFO -- : lab.rism: Source #700007055  new digitizalization with content 'http://uurl.kbr.be/1420825'
I, [2017-05-16T09:13:00.381859 #6681]  INFO -- : lab.rism: Source #700007056  new digitizalization with content 'http://uurl.kbr.be/1420818'
I, [2017-05-16T09:13:00.457971 #6681]  INFO -- : lab.rism: Source #700007057  new digitizalization with content 'http://uurl.kbr.be/1420838'
I, [2017-05-16T09:13:00.498723 #6681]  INFO -- : lab.rism: Source #700007058  new digitizalization with content 'http://uurl.kbr.be/1420819'
I, [2017-05-16T09:13:00.592288 #6681]  INFO -- : lab.rism: Source #700007059  new digitizalization with content 'http://uurl.kbr.be/1420839'
I, [2017-05-16T09:13:00.641270 #6681]  INFO -- : lab.rism: Source #700007060  new digitizalization with content 'http://uurl.kbr.be/1420843'
I, [2017-05-16T09:13:00.683950 #6681]  INFO -- : lab.rism: Source #701000020  new digitizalization with content 'http://uurl.kbr.be/1322830'
I, [2017-05-16T09:13:00.805568 #6681]  INFO -- : lab.rism: Source #701000022  new digitizalization with content 'http://uurl.kbr.be/1420930'
I, [2017-05-16T09:13:01.015600 #6681]  INFO -- : lab.rism: Source #701000031  new digitizalization with content 'http://uurl.kbr.be/1420849'
I, [2017-05-16T09:13:01.151216 #6681]  INFO -- : lab.rism: Source #701000046  new digitizalization with content 'http://uurl.kbr.be/1287035'
I, [2017-05-16T09:13:01.311654 #6681]  INFO -- : lab.rism: Source #701000230  new digitizalization with content 'http://uurl.kbr.be/1312325'
I, [2017-05-16T09:13:01.392039 #6681]  INFO -- : lab.rism: Source #706000582  new digitizalization with content 'http://uurl.kbr.be/1420896'
I, [2017-05-16T09:13:01.520162 #6681]  INFO -- : lab.rism: Source #706000583  new digitizalization with content 'http://uurl.kbr.be/1420900'
I, [2017-05-16T09:13:01.566742 #6681]  INFO -- : lab.rism: Source #706000584  new digitizalization with content 'http://uurl.kbr.be/1420895'
I, [2017-05-16T09:13:01.661666 #6681]  INFO -- : lab.rism: Source #990000139 US-R new digitizalization with content 'http://hdl.handle.net/1802/14860'
I, [2017-05-16T09:13:01.822498 #6681]  INFO -- : lab.rism: Source #990000804 US-R new digitizalization with content 'http://hdl.handle.net/1802/16037'
I, [2017-05-16T09:13:01.881789 #6681]  INFO -- : lab.rism: Source #990000809 US-R new digitizalization with content 'http://hdl.handle.net/1802/16638'
I, [2017-05-16T09:13:01.919367 #6681]  INFO -- : lab.rism: Source #990000889 US-DN new digitizalization with content 'http://digital.library.unt.edu/ark:/67531/metadc463627/'
I, [2017-05-16T09:13:01.978698 #6681]  INFO -- : lab.rism: Source #990000988 US-R new digitizalization with content 'http://hdl.handle.net/1802/5369'
I, [2017-05-16T09:13:02.179130 #6681]  INFO -- : lab.rism: Source #990001270 US-R new digitizalization with content 'http://hdl.handle.net/1802/8668'
I, [2017-05-16T09:13:02.213958 #6681]  INFO -- : lab.rism: Source #990001427 US-R new digitizalization with content 'http://hdl.handle.net/1802/16032'
I, [2017-05-16T09:13:02.265929 #6681]  INFO -- : lab.rism: Source #990001925 US-DN new digitizalization with content 'http://digital.library.unt.edu/ark:/67531/metadc12/'
I, [2017-05-16T09:13:02.296812 #6681]  INFO -- : lab.rism: Source #990002131 US-DN new digitizalization with content 'http://digital.library.unt.edu/ark:/67531/metadc78/'
I, [2017-05-16T09:13:02.347554 #6681]  INFO -- : lab.rism: Source #990003876 US-R new digitizalization with content 'http://hdl.handle.net/1802/16641'
I, [2017-05-16T09:13:02.438116 #6681]  INFO -- : lab.rism: Source #990003878 US-R new digitizalization with content 'http://hdl.handle.net/1802/11049'
I, [2017-05-16T09:13:02.475055 #6681]  INFO -- : lab.rism: Source #990005170 US-Pu new digitizalization with content 'http://digital.library.pitt.edu/cgi-bin/t/text/text-idx?idno=31735041720578;view=toc;c=ulstext'
I, [2017-05-16T09:13:02.515489 #6681]  INFO -- : lab.rism: Source #990005712 US-R new digitizalization with content 'http://hdl.handle.net/1802/16406'
I, [2017-05-16T09:13:02.538424 #6681]  INFO -- : lab.rism: Source #990005798 US-R new digitizalization with content 'http://hdl.handle.net/1802/8776'
I, [2017-05-16T09:13:02.562902 #6681]  INFO -- : lab.rism: Source #990005799 US-R new digitizalization with content 'http://hdl.handle.net/1802/7995'
I, [2017-05-16T09:13:02.638694 #6681]  INFO -- : lab.rism: Source #990005802 US-R new digitizalization with content 'http://hdl.handle.net/1802/11313'
I, [2017-05-16T09:13:02.663929 #6681]  INFO -- : lab.rism: Source #990005812 US-R new digitizalization with content 'http://hdl.handle.net/1802/4736'
I, [2017-05-16T09:13:02.688307 #6681]  INFO -- : lab.rism: Source #990005816 US-R new digitizalization with content 'http://hdl.handle.net/1802/11311'
I, [2017-05-16T09:13:02.738195 #6681]  INFO -- : lab.rism: Source #990005818 US-R new digitizalization with content 'http://hdl.handle.net/1802/11385'
I, [2017-05-16T09:13:02.762925 #6681]  INFO -- : lab.rism: Source #990005822 US-R new digitizalization with content 'http://hdl.handle.net/1802/11310'
I, [2017-05-16T09:13:02.788342 #6681]  INFO -- : lab.rism: Source #990005852 US-R new digitizalization with content 'http://hdl.handle.net/1802/17975'
I, [2017-05-16T09:13:02.812992 #6681]  INFO -- : lab.rism: Source #990005853 US-R new digitizalization with content 'http://hdl.handle.net/1802/17977'
I, [2017-05-16T09:13:02.838010 #6681]  INFO -- : lab.rism: Source #990005855 US-R new digitizalization with content 'http://hdl.handle.net/1802/18033'
I, [2017-05-16T09:13:02.862842 #6681]  INFO -- : lab.rism: Source #990005856 US-R new digitizalization with content 'http://hdl.handle.net/1802/18035'
I, [2017-05-16T09:13:02.939083 #6681]  INFO -- : lab.rism: Source #990005857 US-R new digitizalization with content 'http://hdl.handle.net/1802/18034'
I, [2017-05-16T09:13:02.963249 #6681]  INFO -- : lab.rism: Source #990005860 US-R new digitizalization with content 'http://hdl.handle.net/1802/19356'
I, [2017-05-16T09:13:03.002600 #6681]  INFO -- : lab.rism: Source #990005862 US-R new digitizalization with content 'http://hdl.handle.net/1802/19626'
I, [2017-05-16T09:13:03.052112 #6681]  INFO -- : lab.rism: Source #990005864 US-R new digitizalization with content 'http://hdl.handle.net/1802/19627'
I, [2017-05-16T09:13:03.079803 #6681]  INFO -- : lab.rism: Source #990005865 US-R new digitizalization with content 'http://hdl.handle.net/1802/20182'
I, [2017-05-16T09:13:03.104656 #6681]  INFO -- : lab.rism: Source #990005868 US-R new digitizalization with content 'http://hdl.handle.net/1802/13410'
I, [2017-05-16T09:13:03.128873 #6681]  INFO -- : lab.rism: Source #990005869 US-R new digitizalization with content 'http://hdl.handle.net/1802/21539'
I, [2017-05-16T09:13:03.146001 #6681]  INFO -- : lab.rism: Source #990005871 US-R new digitizalization with content 'http://hdl.handle.net/1802/20184'
I, [2017-05-16T09:13:03.162471 #6681]  INFO -- : lab.rism: Source #990005874 US-R new digitizalization with content 'http://hdl.handle.net/1802/20348'
I, [2017-05-16T09:13:03.238471 #6681]  INFO -- : lab.rism: Source #990005876 US-R new digitizalization with content 'http://hdl.handle.net/1802/20350'
I, [2017-05-16T09:13:03.263505 #6681]  INFO -- : lab.rism: Source #990005877 US-R new digitizalization with content 'http://hdl.handle.net/1802/20349'
I, [2017-05-16T09:13:03.288699 #6681]  INFO -- : lab.rism: Source #990005884 US-R new digitizalization with content 'http://hdl.handle.net/1802/17978'
I, [2017-05-16T09:13:03.313142 #6681]  INFO -- : lab.rism: Source #990005885 US-R new digitizalization with content 'http://hdl.handle.net/1802/20856'
I, [2017-05-16T09:13:03.338105 #6681]  INFO -- : lab.rism: Source #990005886 US-R new digitizalization with content 'http://hdl.handle.net/1802/21537'
I, [2017-05-16T09:13:03.376000 #6681]  INFO -- : lab.rism: Source #990005901 US-R new digitizalization with content 'http://hdl.handle.net/1802/13614'
I, [2017-05-16T09:13:03.404415 #6681]  INFO -- : lab.rism: Source #990005907 US-R new digitizalization with content 'http://hdl.handle.net/1802/13200'
I, [2017-05-16T09:13:03.429811 #6681]  INFO -- : lab.rism: Source #990005919 US-R new digitizalization with content 'http://hdl.handle.net/1802/13201'
I, [2017-05-16T09:13:03.455150 #6681]  INFO -- : lab.rism: Source #990005921 US-R new digitizalization with content 'http://hdl.handle.net/1802/13412'
I, [2017-05-16T09:13:03.524000 #6681]  INFO -- : lab.rism: Source #990006182 US-R new digitizalization with content 'http://hdl.handle.net/1802/19032'
I, [2017-05-16T09:13:03.562460 #6681]  INFO -- : lab.rism: Source #990006877 US-R new digitizalization with content 'http://hdl.handle.net/1802/21621'
I, [2017-05-16T09:13:03.639289 #6681]  INFO -- : lab.rism: Source #990007207 US-DN new digitizalization with content 'http://digital.library.unt.edu/ark:/67531/metadc463636/'
I, [2017-05-16T09:13:03.663524 #6681]  INFO -- : lab.rism: Source #990007349 US-R new digitizalization with content 'http://hdl.handle.net/1802/21546'
I, [2017-05-16T09:13:03.705188 #6681]  INFO -- : lab.rism: Source #990007351 US-R new digitizalization with content 'http://hdl.handle.net/1802/21534'
I, [2017-05-16T09:13:03.730145 #6681]  INFO -- : lab.rism: Source #990007353 US-R new digitizalization with content 'http://hdl.handle.net/1802/21533'
I, [2017-05-16T09:13:03.755137 #6681]  INFO -- : lab.rism: Source #990007363 US-R new digitizalization with content 'http://hdl.handle.net/1802/11417'
I, [2017-05-16T09:13:03.779482 #6681]  INFO -- : lab.rism: Source #990007364 US-R new digitizalization with content 'http://hdl.handle.net/1802/11415'
I, [2017-05-16T09:13:03.795943 #6681]  INFO -- : lab.rism: Source #990007365 US-R new digitizalization with content 'http://hdl.handle.net/1802/11416'
I, [2017-05-16T09:13:03.812560 #6681]  INFO -- : lab.rism: Source #990007366 US-R new digitizalization with content 'http://hdl.handle.net/1802/11416'
I, [2017-05-16T09:13:03.840760 #6681]  INFO -- : lab.rism: Source #990008176 US-R new digitizalization with content 'http://hdl.handle.net/1802/21567'
I, [2017-05-16T09:13:03.879085 #6681]  INFO -- : lab.rism: Source #990008195 US-R new digitizalization with content 'http://hdl.handle.net/1802/21563'
I, [2017-05-16T09:13:03.955743 #6681]  INFO -- : lab.rism: Source #990008196 US-R new digitizalization with content 'http://hdl.handle.net/1802/21564'
I, [2017-05-16T09:13:04.029860 #6681]  INFO -- : lab.rism: Source #990008199 US-R new digitizalization with content 'http://hdl.handle.net/1802/6775'
I, [2017-05-16T09:13:04.076962 #6681]  INFO -- : lab.rism: Source #990008211 US-R new digitizalization with content 'http://hdl.handle.net/1802/9405'
I, [2017-05-16T09:13:04.104578 #6681]  INFO -- : lab.rism: Source #990008216 US-R new digitizalization with content 'http://hdl.handle.net/1802/21926'
I, [2017-05-16T09:13:04.128561 #6681]  INFO -- : lab.rism: Source #990008218 US-R new digitizalization with content 'http://hdl.handle.net/1802/10959'
I, [2017-05-16T09:13:04.145939 #6681]  INFO -- : lab.rism: Source #990008388 US-R new digitizalization with content 'http://hdl.handle.net/1802/14958'
I, [2017-05-16T09:13:04.186687 #6681]  INFO -- : lab.rism: Source #990008389 US-R new digitizalization with content 'http://hdl.handle.net/1802/14957'
I, [2017-05-16T09:13:04.278663 #6681]  INFO -- : lab.rism: Source #990008393 US-R new digitizalization with content 'http://hdl.handle.net/1802/14959'
I, [2017-05-16T09:13:04.295649 #6681]  INFO -- : lab.rism: Source #990008406 US-R new digitizalization with content 'http://hdl.handle.net/1802/14960'
I, [2017-05-16T09:13:04.371431 #6681]  INFO -- : lab.rism: Source #990008410 US-R new digitizalization with content 'http://hdl.handle.net/1802/4922'
I, [2017-05-16T09:13:04.438116 #6681]  INFO -- : lab.rism: Source #990008417 US-R new digitizalization with content 'http://hdl.handle.net/1802/14965'
I, [2017-05-16T09:13:04.464448 #6681]  INFO -- : lab.rism: Source #990008505 US-DN new digitizalization with content 'http://digital.library.unt.edu/ark:/67531/metadc23/'
I, [2017-05-16T09:13:04.489450 #6681]  INFO -- : lab.rism: Source #990008537 US-R new digitizalization with content 'http://hdl.handle.net/1802/7398'
I, [2017-05-16T09:13:04.611232 #6681]  INFO -- : lab.rism: Source #990008843 US-Pu new digitizalization with content 'http://digital.library.pitt.edu/cgi-bin/t/text/text-idx?idno=31735041720495;view=toc;c=ulstext'
I, [2017-05-16T09:13:04.680628 #6681]  INFO -- : lab.rism: Source #990008888 US-DN new digitizalization with content 'http://digital.library.unt.edu/ark:/67531/metadc463618/'
I, [2017-05-16T09:13:04.720630 #6681]  INFO -- : lab.rism: Source #990009398 US-R new digitizalization with content 'http://hdl.handle.net/1802/7392'
I, [2017-05-16T09:13:04.764206 #6681]  INFO -- : lab.rism: Source #990009750 US-DN new digitizalization with content 'http://digital.library.unt.edu/ark:/67531/metadc82/'
I, [2017-05-16T09:13:04.796336 #6681]  INFO -- : lab.rism: Source #990010082 US-DN new digitizalization with content 'http://digital.library.unt.edu/ark:/67531/metadc3/'
I, [2017-05-16T09:13:04.821256 #6681]  INFO -- : lab.rism: Source #990010084 US-DN new digitizalization with content 'http://digital.library.unt.edu/ark:/67531/metadc463620/'
I, [2017-05-16T09:13:04.846232 #6681]  INFO -- : lab.rism: Source #990010580 US-DN new digitizalization with content 'http://digital.library.unt.edu/ark:/67531/metadc463638/'
I, [2017-05-16T09:13:04.921921 #6681]  INFO -- : lab.rism: Source #990010584 US-DN new digitizalization with content 'http://digital.library.unt.edu/ark:/67531/metadc463638/'
I, [2017-05-16T09:13:04.997367 #6681]  INFO -- : lab.rism: Source #990010791 US-DN new digitizalization with content 'http://digital.library.unt.edu/ark:/67531/metadc50/'
I, [2017-05-16T09:13:05.051680 #6681]  INFO -- : lab.rism: Source #990010800 US-DN new digitizalization with content 'http://digital.library.unt.edu/ark:/67531/metadc4/'
I, [2017-05-16T09:13:05.105495 #6681]  INFO -- : lab.rism: Source #990011060 US-R new digitizalization with content 'http://hdl.handle.net/1802/15378'
I, [2017-05-16T09:13:05.138298 #6681]  INFO -- : lab.rism: Source #990011111 US-R new digitizalization with content 'http://hdl.handle.net/1802/15193'
I, [2017-05-16T09:13:05.163593 #6681]  INFO -- : lab.rism: Source #990011142 US-R new digitizalization with content 'http://hdl.handle.net/1802/15196'
I, [2017-05-16T09:13:05.188361 #6681]  INFO -- : lab.rism: Source #990011176 US-R new digitizalization with content 'http://hdl.handle.net/1802/16070'
I, [2017-05-16T09:13:05.221932 #6681]  INFO -- : lab.rism: Source #990011212 US-DN new digitizalization with content 'http://digital.library.unt.edu/ark:/67531/metadc463626/'
I, [2017-05-16T09:13:05.267964 #6681]  INFO -- : lab.rism: Source #990012894 US-R new digitizalization with content 'http://hdl.handle.net/1802/5071'
I, [2017-05-16T09:13:05.355471 #6681]  INFO -- : lab.rism: Source #990012895 US-R new digitizalization with content 'http://hdl.handle.net/1802/21923'
I, [2017-05-16T09:13:05.429841 #6681]  INFO -- : lab.rism: Source #990012897 US-R new digitizalization with content 'http://hdl.handle.net/1802/21928'
I, [2017-05-16T09:13:05.455140 #6681]  INFO -- : lab.rism: Source #990012899 US-R new digitizalization with content 'http://hdl.handle.net/1802/5045'
I, [2017-05-16T09:13:05.479970 #6681]  INFO -- : lab.rism: Source #990012903 US-R new digitizalization with content 'http://hdl.handle.net/1802/21927'
I, [2017-05-16T09:13:05.520960 #6681]  INFO -- : lab.rism: Source #990013033 US-R new digitizalization with content 'http://hdl.handle.net/1802/21940'
I, [2017-05-16T09:13:05.556803 #6681]  INFO -- : lab.rism: Source #990013036 US-R new digitizalization with content 'http://hdl.handle.net/1802/21939'
I, [2017-05-16T09:13:05.580232 #6681]  INFO -- : lab.rism: Source #990013050 US-R new digitizalization with content 'http://hdl.handle.net/1802/7389'
I, [2017-05-16T09:13:05.605282 #6681]  INFO -- : lab.rism: Source #990013332 US-R new digitizalization with content 'http://hdl.handle.net/1802/16069'
I, [2017-05-16T09:13:05.630206 #6681]  INFO -- : lab.rism: Source #990013659 US-DN new digitizalization with content 'http://digital.library.unt.edu/ark:/67531/metadc463634/'
I, [2017-05-16T09:13:05.671451 #6681]  INFO -- : lab.rism: Source #990013663 US-DN new digitizalization with content 'http://digital.library.unt.edu/ark:/67531/metadc5/'
I, [2017-05-16T09:13:05.696730 #6681]  INFO -- : lab.rism: Source #990013666 US-DN new digitizalization with content 'http://digital.library.unt.edu/ark:/67531/metadc6/'
I, [2017-05-16T09:13:05.772687 #6681]  INFO -- : lab.rism: Source #990014303 US-Pu new digitizalization with content 'http://digital.library.pitt.edu/cgi-bin/t/text/text-idx?idno=31735054997303;view=toc;c=ulstext'
I, [2017-05-16T09:13:05.859850 #6681]  INFO -- : lab.rism: Source #990015209 US-R new digitizalization with content 'http://hdl.handle.net/1802/14879'
I, [2017-05-16T09:13:05.939444 #6681]  INFO -- : lab.rism: Source #990015474 US-DN new digitizalization with content 'http://digital.library.unt.edu/ark:/67531/metadc7/'
I, [2017-05-16T09:13:05.963938 #6681]  INFO -- : lab.rism: Source #990015475 US-DN new digitizalization with content 'http://digital.library.unt.edu/ark:/67531/metadc8/'
I, [2017-05-16T09:13:05.988803 #6681]  INFO -- : lab.rism: Source #990015561 US-R new digitizalization with content 'http://hdl.handle.net/1802/22668'
I, [2017-05-16T09:13:06.022263 #6681]  INFO -- : lab.rism: Source #990016397 US-R new digitizalization with content 'http://hdl.handle.net/1802/22670'
I, [2017-05-16T09:13:06.195774 #6681]  INFO -- : lab.rism: Source #990016499 US-R new digitizalization with content 'http://hdl.handle.net/1802/6099'
I, [2017-05-16T09:13:06.230693 #6681]  INFO -- : lab.rism: Source #990016994 US-R new digitizalization with content 'http://hdl.handle.net/1802/11537'
I, [2017-05-16T09:13:06.255383 #6681]  INFO -- : lab.rism: Source #990017424 US-R new digitizalization with content 'http://hdl.handle.net/1802/23316'
I, [2017-05-16T09:13:06.291309 #6681]  INFO -- : lab.rism: Source #990018105 US-R new digitizalization with content 'http://hdl.handle.net/1802/14556'
I, [2017-05-16T09:13:06.321003 #6681]  INFO -- : lab.rism: Source #990018107 US-R new digitizalization with content 'http://hdl.handle.net/1802/6771'
I, [2017-05-16T09:13:06.346329 #6681]  INFO -- : lab.rism: Source #990018430 US-R new digitizalization with content 'http://hdl.handle.net/1802/14981'
I, [2017-05-16T09:13:06.379516 #6681]  INFO -- : lab.rism: Source #990018487 US-R new digitizalization with content 'http://hdl.handle.net/1802/3175'
I, [2017-05-16T09:13:06.405286 #6681]  INFO -- : lab.rism: Source #990018777 US-R new digitizalization with content 'http://hdl.handle.net/1802/14933'
I, [2017-05-16T09:13:06.436944 #6681]  INFO -- : lab.rism: Source #990019128 US-R new digitizalization with content 'http://hdl.handle.net/1802/26453'
I, [2017-05-16T09:13:06.471788 #6681]  INFO -- : lab.rism: Source #990019159 US-R new digitizalization with content 'http://hdl.handle.net/1802/16066'
I, [2017-05-16T09:13:06.560482 #6681]  INFO -- : lab.rism: Source #990021152 US-R new digitizalization with content 'http://hdl.handle.net/1802/6162'
I, [2017-05-16T09:13:06.656713 #6681]  INFO -- : lab.rism: Source #990021427 US-R new digitizalization with content 'http://hdl.handle.net/1802/10706'
I, [2017-05-16T09:13:06.688602 #6681]  INFO -- : lab.rism: Source #990021698 US-R new digitizalization with content 'http://hdl.handle.net/1802/25013'
I, [2017-05-16T09:13:06.713835 #6681]  INFO -- : lab.rism: Source #990021769 US-DN new digitizalization with content 'http://digital.library.unt.edu/ark:/67531/metadc34/'
I, [2017-05-16T09:13:06.748415 #6681]  INFO -- : lab.rism: Source #990021809 US-DN new digitizalization with content 'http://digital.library.unt.edu/ark:/67531/metadc56/'
I, [2017-05-16T09:13:06.771591 #6681]  INFO -- : lab.rism: Source #990021810 US-DN new digitizalization with content 'http://digital.library.unt.edu/ark:/67531/metadc67/'
I, [2017-05-16T09:13:06.813406 #6681]  INFO -- : lab.rism: Source #990021864 US-DN new digitizalization with content 'http://digital.library.unt.edu/ark:/67531/metadc13/'
I, [2017-05-16T09:13:06.913229 #6681]  INFO -- : lab.rism: Source #990021873 US-DN new digitizalization with content 'http://digital.library.unt.edu/ark%3A/67531/metadc15/'
I, [2017-05-16T09:13:06.958649 #6681]  INFO -- : lab.rism: Source #990021970 US-DN new digitizalization with content 'http://digital.library.unt.edu/ark:/67531/metadc16/'
I, [2017-05-16T09:13:06.979926 #6681]  INFO -- : lab.rism: Source #990022456 US-R new digitizalization with content 'http://hdl.handle.net/1802/8077'
I, [2017-05-16T09:13:07.067716 #6681]  INFO -- : lab.rism: Source #990022974 US-DN new digitizalization with content 'http://digital.library.unt.edu/ark:/67531/metadc17/'
I, [2017-05-16T09:13:07.162562 #6681]  INFO -- : lab.rism: Source #990023029 US-DN new digitizalization with content 'http://digital.library.unt.edu/ark:/67531/metadc18/'
I, [2017-05-16T09:13:07.197361 #6681]  INFO -- : lab.rism: Source #990023067 US-DN new digitizalization with content 'http://digital.library.unt.edu/ark:/67531/metadc19/'
I, [2017-05-16T09:13:07.222447 #6681]  INFO -- : lab.rism: Source #990023117 US-DN new digitizalization with content 'http://digital.library.unt.edu/ark:/67531/metadc20/'
I, [2017-05-16T09:13:07.247339 #6681]  INFO -- : lab.rism: Source #990023192 US-DN new digitizalization with content 'http://digital.library.unt.edu/ark:/67531/metadc21/'
I, [2017-05-16T09:13:07.280189 #6681]  INFO -- : lab.rism: Source #990023229 US-DN new digitizalization with content 'http://digital.library.unt.edu/ark:/67531/metadc22/'
I, [2017-05-16T09:13:07.305242 #6681]  INFO -- : lab.rism: Source #990023323 US-DN new digitizalization with content 'http://digital.library.unt.edu/ark%3A/67531/metadc463628/'
I, [2017-05-16T09:13:07.371416 #6681]  INFO -- : lab.rism: Source #990023440 US-DN new digitizalization with content 'http://digital.library.unt.edu/ark:/67531/metadc24/'
I, [2017-05-16T09:13:07.405647 #6681]  INFO -- : lab.rism: Source #990024006 US-R new digitizalization with content 'http://hdl.handle.net/1802/7993'
I, [2017-05-16T09:13:07.517985 #6681]  INFO -- : lab.rism: Source #990024196 US-R new digitizalization with content 'http://hdl.handle.net/1802/26224'
I, [2017-05-16T09:13:07.555392 #6681]  INFO -- : lab.rism: Source #990024202 US-R new digitizalization with content 'http://hdl.handle.net/1802/26454'
I, [2017-05-16T09:13:07.622003 #6681]  INFO -- : lab.rism: Source #990024209 US-R new digitizalization with content 'http://hdl.handle.net/1802/26431'
I, [2017-05-16T09:13:07.649711 #6681]  INFO -- : lab.rism: Source #990024214 US-R new digitizalization with content 'http://hdl.handle.net/1802/25893'
I, [2017-05-16T09:13:07.672163 #6681]  INFO -- : lab.rism: Source #990024230 US-R new digitizalization with content 'http://hdl.handle.net/1802/26226'
I, [2017-05-16T09:13:07.696952 #6681]  INFO -- : lab.rism: Source #990024233 US-R new digitizalization with content 'http://hdl.handle.net/1802/26220'
I, [2017-05-16T09:13:07.721726 #6681]  INFO -- : lab.rism: Source #990024249 US-R new digitizalization with content 'http://hdl.handle.net/1802/14881'
I, [2017-05-16T09:13:07.746960 #6681]  INFO -- : lab.rism: Source #990024708 US-DN new digitizalization with content 'http://digital.library.unt.edu/ark:/67531/metadc11794/'
I, [2017-05-16T09:13:07.771775 #6681]  INFO -- : lab.rism: Source #990024938 US-DN new digitizalization with content 'http://digital.library.unt.edu/ark:/67531/metadc11799/'
I, [2017-05-16T09:13:07.848233 #6681]  INFO -- : lab.rism: Source #990025016 US-DN new digitizalization with content 'http://digital.library.unt.edu/ark:/67531/metadc11800/'
I, [2017-05-16T09:13:07.872370 #6681]  INFO -- : lab.rism: Source #990025104 US-DN new digitizalization with content 'http://digital.library.unt.edu/ark:/67531/metadc11079/'
I, [2017-05-16T09:13:07.947067 #6681]  INFO -- : lab.rism: Source #990025277 US-DN new digitizalization with content 'http://digital.library.unt.edu/ark:/67531/metadc11077/'
I, [2017-05-16T09:13:07.971900 #6681]  INFO -- : lab.rism: Source #990025297 US-Pu new digitizalization with content 'http://digital.library.pitt.edu/cgi-bin/t/text/text-idx?idno=31735041720602;view=toc;c=ulstext'
I, [2017-05-16T09:13:08.029620 #6681]  INFO -- : lab.rism: Source #990025355 US-DN new digitizalization with content 'http://digital.library.unt.edu/ark:/67531/metadc25952/'
I, [2017-05-16T09:13:08.078006 #6681]  INFO -- : lab.rism: Source #990025356 US-DN new digitizalization with content 'http://digital.library.unt.edu/ark:/67531/metadc25953/'
I, [2017-05-16T09:13:08.106087 #6681]  INFO -- : lab.rism: Source #990025746 US-DN new digitizalization with content 'http://digital.library.unt.edu/ark:/67531/metadc11803/'
I, [2017-05-16T09:13:08.130316 #6681]  INFO -- : lab.rism: Source #990025748 US-DN new digitizalization with content 'http://digital.library.unt.edu/ark:/67531/metadc11801/'
I, [2017-05-16T09:13:08.155418 #6681]  INFO -- : lab.rism: Source #990025752 US-DN new digitizalization with content 'http://digital.library.unt.edu/ark:/67531/metadc11796/'
I, [2017-05-16T09:13:08.231032 #6681]  INFO -- : lab.rism: Source #990025754 US-DN new digitizalization with content 'http://digital.library.unt.edu/ark:/67531/metadc25950/'
I, [2017-05-16T09:13:08.255933 #6681]  INFO -- : lab.rism: Source #990025764 US-DN new digitizalization with content 'http://digital.library.unt.edu/ark:/67531/metadc11078/'
I, [2017-05-16T09:13:08.330231 #6681]  INFO -- : lab.rism: Source #990025782 US-DN new digitizalization with content 'http://digital.library.unt.edu/ark:/67531/metadc11080/'
I, [2017-05-16T09:13:08.356311 #6681]  INFO -- : lab.rism: Source #990025784 US-DN new digitizalization with content 'http://digital.library.unt.edu/ark:/67531/metadc11802/'
I, [2017-05-16T09:13:08.380831 #6681]  INFO -- : lab.rism: Source #990025793 US-DN new digitizalization with content 'http://digital.library.unt.edu/ark:/67531/metadc25949/'
I, [2017-05-16T09:13:08.405766 #6681]  INFO -- : lab.rism: Source #990026467 US-R new digitizalization with content 'http://hdl.handle.net/1802/19237'
I, [2017-05-16T09:13:08.463359 #6681]  INFO -- : lab.rism: Source #990026617 US-DN new digitizalization with content 'http://digital.library.unt.edu/ark:/67531/metadc463619/'
I, [2017-05-16T09:13:08.489579 #6681]  INFO -- : lab.rism: Source #990026627 US-DN new digitizalization with content 'http://digital.library.unt.edu/ark:/67531/metadc673970/'
I, [2017-05-16T09:13:08.513882 #6681]  INFO -- : lab.rism: Source #990026628 US-DN new digitizalization with content 'http://digital.library.unt.edu/ark:/67531/metadc673964/'
I, [2017-05-16T09:13:08.538878 #6681]  INFO -- : lab.rism: Source #990026630 US-DN new digitizalization with content 'http://digital.library.unt.edu/ark:/67531/metadc673938/'
I, [2017-05-16T09:13:08.563571 #6681]  INFO -- : lab.rism: Source #990026631 US-DN new digitizalization with content 'http://digital.library.unt.edu/ark:/67531/metadc673875/'
I, [2017-05-16T09:13:08.639704 #6681]  INFO -- : lab.rism: Source #990026632 US-DN new digitizalization with content 'http://digital.library.unt.edu/ark:/67531/metadc673934/'
I, [2017-05-16T09:13:08.666545 #6681]  INFO -- : lab.rism: Source #990026633 US-DN new digitizalization with content 'http://digital.library.unt.edu/ark:/67531/metadc673871/'
I, [2017-05-16T09:13:08.738977 #6681]  INFO -- : lab.rism: Source #990026634 US-DN new digitizalization with content 'http://digital.library.unt.edu/ark:/67531/metadc673878/'
I, [2017-05-16T09:13:08.764398 #6681]  INFO -- : lab.rism: Source #990026635 US-DN new digitizalization with content 'http://digital.library.unt.edu/ark:/67531/metadc673928/'
I, [2017-05-16T09:13:08.788931 #6681]  INFO -- : lab.rism: Source #990026636 US-DN new digitizalization with content 'http://digital.library.unt.edu/ark:/67531/metadc673899/'
I, [2017-05-16T09:13:08.813749 #6681]  INFO -- : lab.rism: Source #990026637 US-DN new digitizalization with content 'http://digital.library.unt.edu/ark:/67531/metadc673956/'
I, [2017-05-16T09:13:08.838776 #6681]  INFO -- : lab.rism: Source #990026638 US-DN new digitizalization with content 'http://digital.library.unt.edu/ark:/67531/metadc673958/'
I, [2017-05-16T09:13:08.863777 #6681]  INFO -- : lab.rism: Source #990026640 US-DN new digitizalization with content 'http://digital.library.unt.edu/ark:/67531/metadc673960/?q=haydn%20'
I, [2017-05-16T09:13:08.904856 #6681]  INFO -- : lab.rism: Source #990027653 US-R new digitizalization with content 'http://hdl.handle.net/1802/27080'
I, [2017-05-16T09:13:08.980682 #6681]  INFO -- : lab.rism: Source #990027691 US-R new digitizalization with content 'http://hdl.handle.net/1802/27098'
I, [2017-05-16T09:13:09.014895 #6681]  INFO -- : lab.rism: Source #990027766 US-R new digitizalization with content 'http://hdl.handle.net/1802/27082'
I, [2017-05-16T09:13:09.120226 #6681]  INFO -- : lab.rism: Source #990027959 US-R new digitizalization with content 'http://hdl.handle.net/1802/11662'
I, [2017-05-16T09:13:09.155831 #6681]  INFO -- : lab.rism: Source #990029022 US-R new digitizalization with content 'http://hdl.handle.net/1802/19236'
I, [2017-05-16T09:13:09.180959 #6681]  INFO -- : lab.rism: Source #990029822 US-R new digitizalization with content 'http://hdl.handle.net/1802/27358'
I, [2017-05-16T09:13:09.213119 #6681]  INFO -- : lab.rism: Source #990030008 US-R new digitizalization with content 'http://hdl.handle.net/1802/6380'
I, [2017-05-16T09:13:09.313197 #6681]  INFO -- : lab.rism: Source #990030018 US-R new digitizalization with content 'http://hdl.handle.net/1802/27356'
I, [2017-05-16T09:13:09.330014 #6681]  INFO -- : lab.rism: Source #990030050 US-R new digitizalization with content 'http://hdl.handle.net/1802/11660'
I, [2017-05-16T09:13:09.346403 #6681]  INFO -- : lab.rism: Source #990030053 US-R new digitizalization with content 'http://hdl.handle.net/1802/11658'
I, [2017-05-16T09:13:09.363208 #6681]  INFO -- : lab.rism: Source #990030294 US-R new digitizalization with content 'http://hdl.handle.net/1802/5063'
I, [2017-05-16T09:13:09.392735 #6681]  INFO -- : lab.rism: Source #990030420 US-R new digitizalization with content 'http://hdl.handle.net/1802/16065'
I, [2017-05-16T09:13:09.421644 #6681]  INFO -- : lab.rism: Source #990031231 US-Pu new digitizalization with content 'http://digital.library.pitt.edu/cgi-bin/t/text/text-idx?idno=31735044989501;view=toc;c=ulstext'
I, [2017-05-16T09:13:09.512530 #6681]  INFO -- : lab.rism: Source #990031524 US-Pu new digitizalization with content 'http://digital.library.pitt.edu/cgi-bin/t/text/text-idx?idno=31735041720719;view=toc;c=ulstext'
I, [2017-05-16T09:13:09.621175 #6681]  INFO -- : lab.rism: Source #990031817 US-R new digitizalization with content 'http://hdl.handle.net/1802/11657'
I, [2017-05-16T09:13:09.647795 #6681]  INFO -- : lab.rism: Source #990032239 US-Pu new digitizalization with content 'http://digital.library.pitt.edu/cgi-bin/t/text/text-idx?idno=31735054997337;view=toc;c=ulstext'
I, [2017-05-16T09:13:09.674494 #6681]  INFO -- : lab.rism: Source #990032335 US-R new digitizalization with content 'http://hdl.handle.net/1802/8076'
I, [2017-05-16T09:13:09.697452 #6681]  INFO -- : lab.rism: Source #990032417 US-R new digitizalization with content 'http://hdl.handle.net/1802/3603'
I, [2017-05-16T09:13:09.729778 #6681]  INFO -- : lab.rism: Source #990032944 US-R new digitizalization with content 'http://hdl.handle.net/1802/27593'
I, [2017-05-16T09:13:09.767261 #6681]  INFO -- : lab.rism: Source #990033891 US-R new digitizalization with content 'http://hdl.handle.net/1802/6442'
I, [2017-05-16T09:13:09.804500 #6681]  INFO -- : lab.rism: Source #990035046 US-R new digitizalization with content 'http://hdl.handle.net/1802/10088'
I, [2017-05-16T09:13:09.837818 #6681]  INFO -- : lab.rism: Source #990035049 US-R new digitizalization with content 'http://hdl.handle.net/1802/10156'
I, [2017-05-16T09:13:09.854933 #6681]  INFO -- : lab.rism: Source #990035057 US-R new digitizalization with content 'http://hdl.handle.net/1802/27573'
I, [2017-05-16T09:13:09.931406 #6681]  INFO -- : lab.rism: Source #990035347 US-R new digitizalization with content 'http://hdl.handle.net/1802/17965'
I, [2017-05-16T09:13:10.039405 #6681]  INFO -- : lab.rism: Source #990035349 US-R new digitizalization with content 'http://hdl.handle.net/1802/4332'
I, [2017-05-16T09:13:10.251520 #6681]  INFO -- : lab.rism: Source #990035352 US-R new digitizalization with content 'http://hdl.handle.net/1802/4331'
I, [2017-05-16T09:13:10.358489 #6681]  INFO -- : lab.rism: Source #990035367 US-R new digitizalization with content 'http://hdl.handle.net/1802/5123'
I, [2017-05-16T09:13:10.583903 #6681]  INFO -- : lab.rism: Source #990035405 US-R new digitizalization with content 'http://hdl.handle.net/1802/27598'
I, [2017-05-16T09:13:10.682038 #6681]  INFO -- : lab.rism: Source #990035408 US-R new digitizalization with content 'http://hdl.handle.net/1802/27643'
I, [2017-05-16T09:13:10.860081 #6681]  INFO -- : lab.rism: Source #990035451 US-R new digitizalization with content 'http://hdl.handle.net/1802/28494'
I, [2017-05-16T09:13:10.987857 #6681]  INFO -- : lab.rism: Source #990035477 US-R new digitizalization with content 'http://hdl.handle.net/1802/4642'
I, [2017-05-16T09:13:11.119142 #6681]  INFO -- : lab.rism: Source #990035499 US-R new digitizalization with content 'http://hdl.handle.net/1802/5350'
I, [2017-05-16T09:13:11.302611 #6681]  INFO -- : lab.rism: Source #990035771 US-R new digitizalization with content 'http://hdl.handle.net/1802/29052'
I, [2017-05-16T09:13:11.449824 #6681]  INFO -- : lab.rism: Source #990036839 US-R new digitizalization with content 'http://hdl.handle.net/1802/29041'
I, [2017-05-16T09:13:11.671140 #6681]  INFO -- : lab.rism: Source #990038035 US-R new digitizalization with content 'http://hdl.handle.net/1802/14586'
I, [2017-05-16T09:13:11.724332 #6681]  INFO -- : lab.rism: Source #990038049 US-R new digitizalization with content 'http://hdl.handle.net/1802/14584'
I, [2017-05-16T09:13:11.747421 #6681]  INFO -- : lab.rism: Source #990038220 US-R new digitizalization with content 'http://hdl.handle.net/1802/29284'
I, [2017-05-16T09:13:11.772270 #6681]  INFO -- : lab.rism: Source #990038441 US-R new digitizalization with content 'http://hdl.handle.net/1802/29387'
I, [2017-05-16T09:13:11.797458 #6681]  INFO -- : lab.rism: Source #990038577 US-DN new digitizalization with content 'http://digital.library.unt.edu/ark:/67531/metadc51/'
I, [2017-05-16T09:13:11.821942 #6681]  INFO -- : lab.rism: Source #990038586 US-DN new digitizalization with content 'http://digital.library.unt.edu/ark:/67531/metadc52/'
I, [2017-05-16T09:13:11.899785 #6681]  INFO -- : lab.rism: Source #990038594 US-DN new digitizalization with content 'http://digital.library.unt.edu/ark:/67531/metadc54/'
I, [2017-05-16T09:13:12.139765 #6681]  INFO -- : lab.rism: Source #990038595 US-DN new digitizalization with content 'http://digital.library.unt.edu/ark:/67531/metadc55/'
I, [2017-05-16T09:13:12.195895 #6681]  INFO -- : lab.rism: Source #990038597 US-DN new digitizalization with content 'http://digital.library.unt.edu/ark:/67531/metadc57/'
I, [2017-05-16T09:13:12.231079 #6681]  INFO -- : lab.rism: Source #990038603 US-DN new digitizalization with content 'http://digital.library.unt.edu/ark:/67531/metadc58/'
I, [2017-05-16T09:13:12.255941 #6681]  INFO -- : lab.rism: Source #990038618 US-DN new digitizalization with content 'http://digital.library.unt.edu/ark:/67531/metadc59/'
I, [2017-05-16T09:13:12.280221 #6681]  INFO -- : lab.rism: Source #990038624 US-DN new digitizalization with content 'http://digital.library.unt.edu/ark:/67531/metadc60/'
I, [2017-05-16T09:13:12.304607 #6681]  INFO -- : lab.rism: Source #990038631 US-DN new digitizalization with content 'http://digital.library.unt.edu/ark:/67531/metadc61/'
I, [2017-05-16T09:13:12.321894 #6681]  INFO -- : lab.rism: Source #990038632 US-DN new digitizalization with content 'http://digital.library.unt.edu/ark:/67531/metadc62/'
I, [2017-05-16T09:13:12.338330 #6681]  INFO -- : lab.rism: Source #990038643 US-DN new digitizalization with content 'http://digital.library.unt.edu/ark:/67531/metadc63/'
I, [2017-05-16T09:13:12.413815 #6681]  INFO -- : lab.rism: Source #990038644 US-DN new digitizalization with content 'http://digital.library.unt.edu/ark:/67531/metadc64/'
I, [2017-05-16T09:13:12.439820 #6681]  INFO -- : lab.rism: Source #990038656 US-DN new digitizalization with content 'http://digital.library.unt.edu/ark:/67531/metadc66/'
I, [2017-05-16T09:13:12.464582 #6681]  INFO -- : lab.rism: Source #990038657 US-DN new digitizalization with content 'http://digital.library.unt.edu/ark:/67531/metadc68/'
I, [2017-05-16T09:13:12.488958 #6681]  INFO -- : lab.rism: Source #990038666 US-DN new digitizalization with content 'http://digital.library.unt.edu/ark:/67531/metadc70/'
I, [2017-05-16T09:13:12.513838 #6681]  INFO -- : lab.rism: Source #990038667 US-DN new digitizalization with content 'http://digital.library.unt.edu/ark:/67531/metadc71/'
I, [2017-05-16T09:13:12.538751 #6681]  INFO -- : lab.rism: Source #990038676 US-DN new digitizalization with content 'http://digital.library.unt.edu/ark:/67531/metadc69/'
I, [2017-05-16T09:13:12.555403 #6681]  INFO -- : lab.rism: Source #990038681 US-DN new digitizalization with content 'http://digital.library.unt.edu/ark:/67531/metadc72/'
I, [2017-05-16T09:13:12.572224 #6681]  INFO -- : lab.rism: Source #990038694 US-DN new digitizalization with content 'http://digital.library.unt.edu/ark:/67531/metadc65/'
I, [2017-05-16T09:13:12.622246 #6681]  INFO -- : lab.rism: Source #990038698 US-DN new digitizalization with content 'http://digital.library.unt.edu/ark:/67531/metadc73/'
I, [2017-05-16T09:13:12.638924 #6681]  INFO -- : lab.rism: Source #990038994 US-R new digitizalization with content 'http://hdl.handle.net/1802/13076'
I, [2017-05-16T09:13:12.662526 #6681]  INFO -- : lab.rism: Source #990040109 US-R new digitizalization with content 'http://hdl.handle.net/1802/29551'
I, [2017-05-16T09:13:12.758998 #6681]  INFO -- : lab.rism: Source #990041647 US-R new digitizalization with content 'http://hdl.handle.net/1802/29959'
I, [2017-05-16T09:13:12.789608 #6681]  INFO -- : lab.rism: Source #990041664 US-DN new digitizalization with content 'http://digital.library.unt.edu/ark:/67531/metadc463630/'
I, [2017-05-16T09:13:12.870301 #6681]  INFO -- : lab.rism: Source #990041759 US-DN new digitizalization with content 'http://digital.library.unt.edu/ark:/67531/metadc463621/m1/1/'
I, [2017-05-16T09:13:12.914029 #6681]  INFO -- : lab.rism: Source #990041767 US-DN new digitizalization with content 'http://digital.library.unt.edu/ark:/67531/metadc463624/'
I, [2017-05-16T09:13:12.930615 #6681]  INFO -- : lab.rism: Source #990041859 US-DN new digitizalization with content 'http://digital.library.unt.edu/ark:/67531/metadc463639/'
I, [2017-05-16T09:13:13.038230 #6681]  INFO -- : lab.rism: Source #990042536 US-DN new digitizalization with content 'http://digital.library.unt.edu/ark:/67531/metadc25/'
I, [2017-05-16T09:13:13.162220 #6681]  INFO -- : lab.rism: Source #990042558 US-DN new digitizalization with content 'http://digital.library.unt.edu/ark:/67531/metadc463617/'
I, [2017-05-16T09:13:13.207542 #6681]  INFO -- : lab.rism: Source #990044794 US-R new digitizalization with content 'http://hdl.handle.net/1802/13414'
I, [2017-05-16T09:13:13.286300 #6681]  INFO -- : lab.rism: Source #990044854 US-R new digitizalization with content 'http://hdl.handle.net/1802/15072'
I, [2017-05-16T09:13:13.314705 #6681]  INFO -- : lab.rism: Source #990044870 US-R new digitizalization with content 'http://hdl.handle.net/1802/15100'
I, [2017-05-16T09:13:13.347559 #6681]  INFO -- : lab.rism: Source #990047826 US-DN new digitizalization with content 'http://digital.library.unt.edu/ark:/67531/metadc26/'
I, [2017-05-16T09:13:13.397821 #6681]  INFO -- : lab.rism: Source #990047863 US-DN new digitizalization with content 'http://digital.library.unt.edu/ark:/67531/metadc27/'
I, [2017-05-16T09:13:13.422755 #6681]  INFO -- : lab.rism: Source #990048298 US-R new digitizalization with content 'http://hdl.handle.net/1802/23825'
I, [2017-05-16T09:13:13.464288 #6681]  INFO -- : lab.rism: Source #990048306 US-R new digitizalization with content 'http://hdl.handle.net/1802/23825'
I, [2017-05-16T09:13:13.538885 #6681]  INFO -- : lab.rism: Source #990048309 US-R new digitizalization with content 'http://hdl.handle.net/1802/23825'
I, [2017-05-16T09:13:13.564979 #6681]  INFO -- : lab.rism: Source #990048326 US-R new digitizalization with content 'http://hdl.handle.net/1802/23825'
I, [2017-05-16T09:13:13.589479 #6681]  INFO -- : lab.rism: Source #990048574 US-R new digitizalization with content 'http://hdl.handle.net/1802/15037'
I, [2017-05-16T09:13:13.620173 #6681]  INFO -- : lab.rism: Source #990048945 US-DN new digitizalization with content 'http://digital.library.unt.edu/ark:/67531/metadc29/'
I, [2017-05-16T09:13:13.647467 #6681]  INFO -- : lab.rism: Source #990048949 US-DN new digitizalization with content 'http://digital.library.unt.edu/ark:/67531/metadc28/'
I, [2017-05-16T09:13:13.742898 #6681]  INFO -- : lab.rism: Source #990049404 US-DN new digitizalization with content 'http://digital.library.unt.edu/ark:/67531/metadc36/'
I, [2017-05-16T09:13:13.765344 #6681]  INFO -- : lab.rism: Source #990049533 US-DN new digitizalization with content 'http://digital.library.unt.edu/ark:/67531/metadc31/'
I, [2017-05-16T09:13:13.789357 #6681]  INFO -- : lab.rism: Source #990049534 US-DN new digitizalization with content 'http://digital.library.unt.edu/ark:/67531/metadc30/'
I, [2017-05-16T09:13:13.814136 #6681]  INFO -- : lab.rism: Source #990049546 US-DN new digitizalization with content 'http://digital.library.unt.edu/ark:/67531/metadc32/'
I, [2017-05-16T09:13:13.838451 #6681]  INFO -- : lab.rism: Source #990049583 US-DN new digitizalization with content 'http://digital.library.unt.edu/ark:/67531/metadc33/'
I, [2017-05-16T09:13:13.855993 #6681]  INFO -- : lab.rism: Source #990049616 US-DN new digitizalization with content 'http://digital.library.unt.edu/ark:/67531/metadc35/'
I, [2017-05-16T09:13:13.924116 #6681]  INFO -- : lab.rism: Source #990049887 US-R new digitizalization with content 'http://hdl.handle.net/1802/13132'
I, [2017-05-16T09:13:13.956337 #6681]  INFO -- : lab.rism: Source #990050928 US-R new digitizalization with content 'http://hdl.handle.net/1802/14240'
I, [2017-05-16T09:13:13.981115 #6681]  INFO -- : lab.rism: Source #990050944 US-R new digitizalization with content 'http://hdl.handle.net/1802/14553'
I, [2017-05-16T09:13:14.006546 #6681]  INFO -- : lab.rism: Source #990050967 US-R new digitizalization with content 'http://hdl.handle.net/1802/14362'
I, [2017-05-16T09:13:14.118890 #6681]  INFO -- : lab.rism: Source #990050983 US-R new digitizalization with content 'http://hdl.handle.net/1802/14361'
I, [2017-05-16T09:13:14.147353 #6681]  INFO -- : lab.rism: Source #990050987 US-R new digitizalization with content 'http://hdl.handle.net/1802/14554'
I, [2017-05-16T09:13:14.172210 #6681]  INFO -- : lab.rism: Source #990052966 US-R new digitizalization with content 'http://hdl.handle.net/1802/6795'
I, [2017-05-16T09:13:14.189132 #6681]  INFO -- : lab.rism: Source #990053100 US-DN new digitizalization with content 'http://digital.library.unt.edu/ark:/67531/metadc463632/'
I, [2017-05-16T09:13:14.212060 #6681]  INFO -- : lab.rism: Source #990053493 US-R new digitizalization with content 'http://hdl.handle.net/1802/14837'
I, [2017-05-16T09:13:14.238634 #6681]  INFO -- : lab.rism: Source #990053557 US-DN new digitizalization with content 'http://digital.library.unt.edu/ark:/67531/metadc37/'
I, [2017-05-16T09:13:14.255283 #6681]  INFO -- : lab.rism: Source #990053585 US-DN new digitizalization with content 'http://digital.library.unt.edu/ark:/67531/metadc38/'
I, [2017-05-16T09:13:14.284980 #6681]  INFO -- : lab.rism: Source #990054714 US-R new digitizalization with content 'http://hdl.handle.net/1802/16064'
I, [2017-05-16T09:13:14.304891 #6681]  INFO -- : lab.rism: Source #990054717 US-R new digitizalization with content 'http://hdl.handle.net/1802/16063'
I, [2017-05-16T09:13:14.322001 #6681]  INFO -- : lab.rism: Source #990055312 US-R new digitizalization with content 'http://hdl.handle.net/1802/14833'
I, [2017-05-16T09:13:14.396506 #6681]  INFO -- : lab.rism: Source #990055315 US-R new digitizalization with content 'http://hdl.handle.net/1802/14834'
I, [2017-05-16T09:13:14.430731 #6681]  INFO -- : lab.rism: Source #990055517 US-R new digitizalization with content 'http://hdl.handle.net/1802/14606'
I, [2017-05-16T09:13:14.456257 #6681]  INFO -- : lab.rism: Source #990055526 US-R new digitizalization with content 'http://hdl.handle.net/1802/14608'
I, [2017-05-16T09:13:14.481314 #6681]  INFO -- : lab.rism: Source #990055538 US-R new digitizalization with content 'http://hdl.handle.net/1802/27644'
I, [2017-05-16T09:13:14.505801 #6681]  INFO -- : lab.rism: Source #990055554 US-R new digitizalization with content 'http://hdl.handle.net/1802/27800'
I, [2017-05-16T09:13:14.522128 #6681]  INFO -- : lab.rism: Source #990055599 US-R new digitizalization with content 'http://hdl.handle.net/1802/14617'
I, [2017-05-16T09:13:14.539176 #6681]  INFO -- : lab.rism: Source #990055727 US-R new digitizalization with content 'http://hdl.handle.net/1802/11044'
I, [2017-05-16T09:13:14.555373 #6681]  INFO -- : lab.rism: Source #990055768 US-R new digitizalization with content 'http://hdl.handle.net/1802/5150'
I, [2017-05-16T09:13:14.633515 #6681]  INFO -- : lab.rism: Source #990056210 US-DN new digitizalization with content 'http://digital.library.unt.edu/ark:/67531/metadc40/'
I, [2017-05-16T09:13:14.655402 #6681]  INFO -- : lab.rism: Source #990056619 US-DN new digitizalization with content 'http://digital.library.unt.edu/ark:/67531/metadc43/'
I, [2017-05-16T09:13:14.671957 #6681]  INFO -- : lab.rism: Source #990056664 US-DN new digitizalization with content 'http://digital.library.unt.edu/ark:/67531/metadc42/'
I, [2017-05-16T09:13:14.756634 #6681]  INFO -- : lab.rism: Source #990056705 US-DN new digitizalization with content 'http://digital.library.unt.edu/ark:/67531/metadc41/'
I, [2017-05-16T09:13:14.804810 #6681]  INFO -- : lab.rism: Source #990056863 US-R new digitizalization with content 'http://hdl.handle.net/1802/12797'
I, [2017-05-16T09:13:14.830943 #6681]  INFO -- : lab.rism: Source #990057011 US-DN new digitizalization with content 'http://digital.library.unt.edu/ark:/67531/metadc46/'
I, [2017-05-16T09:13:14.855782 #6681]  INFO -- : lab.rism: Source #990057095 US-DN new digitizalization with content 'http://digital.library.unt.edu/ark:/67531/metadc47/'
I, [2017-05-16T09:13:14.872076 #6681]  INFO -- : lab.rism: Source #990057168 US-R new digitizalization with content 'http://hdl.handle.net/1802/30213'
I, [2017-05-16T09:13:14.901490 #6681]  INFO -- : lab.rism: Source #990058480 US-R new digitizalization with content 'http://hdl.handle.net/1802/14587'
I, [2017-05-16T09:13:14.930880 #6681]  INFO -- : lab.rism: Source #990058823 US-R new digitizalization with content 'http://hdl.handle.net/1802/16423'
I, [2017-05-16T09:13:14.955825 #6681]  INFO -- : lab.rism: Source #990058898 US-DN new digitizalization with content 'http://digital.library.unt.edu/ark:/67531/metadc48/'
I, [2017-05-16T09:13:14.983356 #6681]  INFO -- : lab.rism: Source #990060830 US-R new digitizalization with content 'http://hdl.handle.net/1802/7919'
I, [2017-05-16T09:13:15.161889 #6681]  INFO -- : lab.rism: Source #990061092 US-DN new digitizalization with content 'http://digital.library.unt.edu/ark:/67531/metadc49/'
I, [2017-05-16T09:13:15.198576 #6681]  INFO -- : lab.rism: Source #990063303 US-DN new digitizalization with content 'http://digital.library.unt.edu/ark:/67531/metadc463622/'
I, [2017-05-16T09:13:15.222796 #6681]  INFO -- : lab.rism: Source #990063310 US-DN new digitizalization with content 'http://digital.library.unt.edu/ark:/67531/metadc463622/'
I, [2017-05-16T09:13:15.254946 #6681]  INFO -- : lab.rism: Source #990064147 US-R new digitizalization with content 'http://hdl.handle.net/1802/16061'
I, [2017-05-16T09:13:15.308314 #6681]  INFO -- : lab.rism: Source #990065086 US-R new digitizalization with content 'http://hdl.handle.net/1802/4977'
I, [2017-05-16T09:13:15.347923 #6681]  INFO -- : lab.rism: Source #990065454 US-R new digitizalization with content 'http://hdl.handle.net/1802/14867'
I, [2017-05-16T09:13:15.378505 #6681]  INFO -- : lab.rism: Source #990066868 US-R new digitizalization with content 'http://hdl.handle.net/1802/6774'
I, [2017-05-16T09:13:15.405463 #6681]  INFO -- : lab.rism: Source #990067575 US-R new digitizalization with content 'http://hdl.handle.net/1802/16053'
I, [2017-05-16T09:13:15.422292 #6681]  INFO -- : lab.rism: Source #990068141 US-R new digitizalization with content 'http://hdl.handle.net/1802/14930'
I, [2017-05-16T09:13:15.438848 #6681]  INFO -- : lab.rism: Source #990068384 US-R new digitizalization with content 'http://hdl.handle.net/1802/9403'
I, [2017-05-16T09:13:15.461668 #6681]  INFO -- : lab.rism: Source #990069146 US-R new digitizalization with content 'http://hdl.handle.net/1802/4956'
I, [2017-05-16T09:13:15.488664 #6681]  INFO -- : lab.rism: Source #990069209 US-R new digitizalization with content 'http://hdl.handle.net/1802/18556'
I, [2017-05-16T09:13:15.505285 #6681]  INFO -- : lab.rism: Source #990069347 US-R new digitizalization with content 'http://hdl.handle.net/1802/2450'
I, [2017-05-16T09:13:15.521671 #6681]  INFO -- : lab.rism: Source #990069354 US-R new digitizalization with content 'http://hdl.handle.net/1802/6079'
I, [2017-05-16T09:13:15.538529 #6681]  INFO -- : lab.rism: Source #990069470 US-R new digitizalization with content 'http://hdl.handle.net/1802/3312'
I, [2017-05-16T09:13:15.555238 #6681]  INFO -- : lab.rism: Source #990069474 US-R new digitizalization with content 'http://hdl.handle.net/1802/3171'
I, [2017-05-16T09:13:15.571806 #6681]  INFO -- : lab.rism: Source #990069481 US-R new digitizalization with content 'http://hdl.handle.net/1802/3313'
I, [2017-05-16T09:13:15.588331 #6681]  INFO -- : lab.rism: Source #990069486 US-R new digitizalization with content 'http://hdl.handle.net/1802/7387'
I, [2017-05-16T09:13:15.604831 #6681]  INFO -- : lab.rism: Source #990069487 US-R new digitizalization with content 'http://hdl.handle.net/1802/3173'
I, [2017-05-16T09:13:15.621519 #6681]  INFO -- : lab.rism: Source #990069489 US-R new digitizalization with content 'http://hdl.handle.net/1802/3169'
I, [2017-05-16T09:13:15.645924 #6681]  INFO -- : lab.rism: Source #991003124 US-R new digitizalization with content 'http://hdl.handle.net/1802/26073'
I, [2017-05-16T09:13:15.684388 #6681]  INFO -- : lab.rism: Source #991012603 US-R new digitizalization with content 'http://hdl.handle.net/1802/16036'
I, [2017-05-16T09:13:15.713342 #6681]  INFO -- : lab.rism: Source #991012605 US-R new digitizalization with content 'http://hdl.handle.net/1802/16035'
I, [2017-05-16T09:13:15.730191 #6681]  INFO -- : lab.rism: Source #991014133 US-R new digitizalization with content 'http://hdl.handle.net/1802/16405'
I, [2017-05-16T09:13:15.754134 #6681]  INFO -- : lab.rism: Source #991014359 US-R new digitizalization with content 'http://hdl.handle.net/1802/11053'
I, [2017-05-16T09:13:15.773237 #6681]  INFO -- : lab.rism: Source #991014387 US-R new digitizalization with content 'http://hdl.handle.net/1802/16407'
I, [2017-05-16T09:13:15.840185 #6681]  INFO -- : lab.rism: Source #991015123 US-R new digitizalization with content 'http://hdl.handle.net/1802/21924'
I, [2017-05-16T09:13:15.877347 #6681]  INFO -- : lab.rism: Source #991017608 US-R new digitizalization with content 'http://hdl.handle.net/1802/22659'
I, [2017-05-16T09:13:15.913701 #6681]  INFO -- : lab.rism: Source #991019748 US-R new digitizalization with content 'http://hdl.handle.net/1802/3481'
I, [2017-05-16T09:13:15.951000 #6681]  INFO -- : lab.rism: Source #992001280 US-Pu new digitizalization with content 'http://digital.library.pitt.edu/cgi-bin/t/text/text-idx?idno=31735041720537;view=toc;c=ulstext'
I, [2017-05-16T09:13:15.980841 #6681]  INFO -- : lab.rism: Source #992001371 US-Pu new digitizalization with content 'http://digital.library.pitt.edu/cgi-bin/t/text/text-idx?idno=31735041720594;view=toc;c=ulstext'
I, [2017-05-16T09:13:15.997324 #6681]  INFO -- : lab.rism: Source #992001659 US-Pu new digitizalization with content 'http://digital.library.pitt.edu/cgi-bin/t/text/text-idx?idno=31735041720453;view=toc;c=ulstext'
