# Logfile created on 2017-09-27 07:59:25 +0200 by logger.rb/44203
I, [2017-09-27T07:59:39.473849 #6513]  INFO -- : lab.rism: Size of collection --> 0
I, [2017-09-27T08:01:07.541914 #6688]  INFO -- : lab.rism: Size of collection --> 0
I, [2017-09-27T08:04:09.444735 #7247]  INFO -- : lab.rism: Size of collection --> 700
I, [2017-09-27T08:07:01.682506 #7675]  INFO -- : lab.rism: Size of collection --> 700
I, [2017-09-27T08:08:56.804329 #7994]  INFO -- : lab.rism: Size of collection --> 700
I, [2017-09-27T08:10:09.407938 #8255]  INFO -- : lab.rism: Size of collection --> 700
I, [2017-09-27T08:11:16.257978 #8472]  INFO -- : lab.rism: Size of collection --> 700
I, [2017-09-27T08:13:35.196680 #8886]  INFO -- : lab.rism: Size of collection --> 700
I, [2017-09-27T08:13:42.961827 #8886]  INFO -- : lab.rism: Source 450043661 moved 'Typography' to sf $d
I, [2017-09-27T08:13:44.053066 #8886]  INFO -- : lab.rism: Source 456017191 moved 'Reproduction' to sf $d
I, [2017-09-27T08:13:44.374463 #8886]  INFO -- : lab.rism: Source 456017193 moved 'Reproduction' to sf $d
I, [2017-09-27T08:13:44.540902 #8886]  INFO -- : lab.rism: Source 456017195 moved 'Reproduction' to sf $d
I, [2017-09-27T08:13:44.623775 #8886]  INFO -- : lab.rism: Source 456017199 moved 'Reproduction' to sf $d
I, [2017-09-27T08:13:44.719424 #8886]  INFO -- : lab.rism: Source 456017201 moved 'Reproduction' to sf $d
I, [2017-09-27T08:13:44.820775 #8886]  INFO -- : lab.rism: Source 456017202 moved 'Reproduction' to sf $d
I, [2017-09-27T08:13:44.886775 #8886]  INFO -- : lab.rism: Source 456017203 moved 'Typescript' to sf $d
I, [2017-09-27T08:13:44.977555 #8886]  INFO -- : lab.rism: Source 456017209 moved 'Reproduction' to sf $d
I, [2017-09-27T08:13:45.063462 #8886]  INFO -- : lab.rism: Source 456017212 moved 'Reproduction' to sf $d
I, [2017-09-27T08:13:45.147482 #8886]  INFO -- : lab.rism: Source 456017216 moved 'Reproduction' to sf $d
I, [2017-09-27T08:13:45.227173 #8886]  INFO -- : lab.rism: Source 456017222 moved 'Computer printout' to sf $d
I, [2017-09-27T08:13:45.285238 #8886]  INFO -- : lab.rism: Source 456017225 moved 'Reproduction' to sf $d
I, [2017-09-27T08:13:45.329618 #8886]  INFO -- : lab.rism: Source 456017227 moved 'Reproduction' to sf $d
I, [2017-09-27T08:13:45.427578 #8886]  INFO -- : lab.rism: Source 456017231 moved 'Reproduction' to sf $d
I, [2017-09-27T08:13:45.552867 #8886]  INFO -- : lab.rism: Source 456017233 moved 'Reproduction' to sf $d
I, [2017-09-27T08:13:45.674616 #8886]  INFO -- : lab.rism: Source 456017237 moved 'Reproduction' to sf $d
I, [2017-09-27T08:13:45.770804 #8886]  INFO -- : lab.rism: Source 456017238 moved 'Reproduction' to sf $d
I, [2017-09-27T08:13:45.835656 #8886]  INFO -- : lab.rism: Source 456017240 moved 'Reproduction' to sf $d
I, [2017-09-27T08:13:45.918641 #8886]  INFO -- : lab.rism: Source 456017241 moved 'Reproduction' to sf $d
I, [2017-09-27T08:13:45.987291 #8886]  INFO -- : lab.rism: Source 456017242 moved 'Reproduction' to sf $d
I, [2017-09-27T08:13:46.055433 #8886]  INFO -- : lab.rism: Source 456017243 moved 'Reproduction' to sf $d
I, [2017-09-27T08:13:46.112406 #8886]  INFO -- : lab.rism: Source 456017244 moved 'Reproduction' to sf $d
I, [2017-09-27T08:13:46.155173 #8886]  INFO -- : lab.rism: Source 456017249 moved 'Reproduction' to sf $d
I, [2017-09-27T08:13:46.209559 #8886]  INFO -- : lab.rism: Source 456017250 moved 'Reproduction' to sf $d
I, [2017-09-27T08:13:46.267947 #8886]  INFO -- : lab.rism: Source 456017253 moved 'Reproduction' to sf $d
I, [2017-09-27T08:13:46.362667 #8886]  INFO -- : lab.rism: Source 456017257 moved 'Reproduction' to sf $d
I, [2017-09-27T08:13:46.473903 #8886]  INFO -- : lab.rism: Source 456017259 moved 'Reproduction' to sf $d
I, [2017-09-27T08:13:46.583578 #8886]  INFO -- : lab.rism: Source 456081354 moved 'Photoreproductive process' to sf $d
I, [2017-09-27T08:13:46.712174 #8886]  INFO -- : lab.rism: Source 456082804 moved 'Reproduction' to sf $d
I, [2017-09-27T08:13:46.828969 #8886]  INFO -- : lab.rism: Source 456082805 moved 'Reproduction' to sf $d
I, [2017-09-27T08:13:46.920667 #8886]  INFO -- : lab.rism: Source 456083177 moved 'Reproduction' to sf $d
I, [2017-09-27T08:13:47.007498 #8886]  INFO -- : lab.rism: Source 456083214 moved 'Reproduction' to sf $d
I, [2017-09-27T08:13:47.121339 #8886]  INFO -- : lab.rism: Source 456083215 moved 'Reproduction' to sf $d
I, [2017-09-27T08:13:47.215148 #8886]  INFO -- : lab.rism: Source 456083216 moved 'Photoreproductive process' to sf $d
I, [2017-09-27T08:13:47.264224 #8886]  INFO -- : lab.rism: Source 456083218 moved 'Photoreproductive process' to sf $d
I, [2017-09-27T08:13:47.354205 #8886]  INFO -- : lab.rism: Source 456083300 moved 'Reproduction' to sf $d
I, [2017-09-27T08:13:47.419899 #8886]  INFO -- : lab.rism: Source 456083303 moved 'Photoreproductive process' to sf $d
I, [2017-09-27T08:13:47.510857 #8886]  INFO -- : lab.rism: Source 456083304 moved 'Photoreproductive process' to sf $d
I, [2017-09-27T08:13:47.597192 #8886]  INFO -- : lab.rism: Source 456083306 moved 'Reproduction' to sf $d
I, [2017-09-27T08:13:47.688148 #8886]  INFO -- : lab.rism: Source 456083355 moved 'Reproduction' to sf $d
I, [2017-09-27T08:13:47.778463 #8886]  INFO -- : lab.rism: Source 456083422 moved 'Reproduction' to sf $d
I, [2017-09-27T08:13:47.876455 #8886]  INFO -- : lab.rism: Source 456083423 moved 'Reproduction' to sf $d
I, [2017-09-27T08:13:47.946090 #8886]  INFO -- : lab.rism: Source 456083666 moved 'Photoreproductive process' to sf $d
I, [2017-09-27T08:13:48.067078 #8886]  INFO -- : lab.rism: Source 456083667 moved 'Photoreproductive process' to sf $d
I, [2017-09-27T08:13:48.139272 #8886]  INFO -- : lab.rism: Source 456083682 moved 'Reproduction' to sf $d
I, [2017-09-27T08:13:48.228276 #8886]  INFO -- : lab.rism: Source 553015082 moved 'Photoreproductive process' to sf $d
I, [2017-09-27T08:13:48.390436 #8886]  INFO -- : lab.rism: Source 990000448 moved 'Typography' to sf $d
I, [2017-09-27T08:13:48.620117 #8886]  INFO -- : lab.rism: Source 990000449 moved 'Typography' to sf $d
I, [2017-09-27T08:13:48.680270 #8886]  INFO -- : lab.rism: Source 990003127 moved 'Engraving' to sf $d
I, [2017-09-27T08:13:48.766989 #8886]  INFO -- : lab.rism: Source 990004330 moved 'Engraving' to sf $d
I, [2017-09-27T08:13:49.098405 #8886]  INFO -- : lab.rism: Source 990005764 moved 'Engraving' to sf $d
I, [2017-09-27T08:13:49.635095 #8886]  INFO -- : lab.rism: Source 990008172 moved 'Engraving' to sf $d
I, [2017-09-27T08:13:49.931521 #8886]  INFO -- : lab.rism: Source 990012370 moved 'Engraving' to sf $d
I, [2017-09-27T08:13:50.082419 #8886]  INFO -- : lab.rism: Source 990013700 moved 'Engraving' to sf $d
I, [2017-09-27T08:13:50.224964 #8886]  INFO -- : lab.rism: Source 990015955 moved 'Lithography' to sf $d
I, [2017-09-27T08:13:50.319993 #8886]  INFO -- : lab.rism: Source 990016786 moved 'Engraving' to sf $d
I, [2017-09-27T08:13:50.442363 #8886]  INFO -- : lab.rism: Source 990017146 moved 'Engraving' to sf $d
I, [2017-09-27T08:13:50.518771 #8886]  INFO -- : lab.rism: Source 990018361 moved 'Engraving' to sf $d
I, [2017-09-27T08:13:50.592692 #8886]  INFO -- : lab.rism: Source 990018436 moved 'Engraving' to sf $d
I, [2017-09-27T08:13:50.674355 #8886]  INFO -- : lab.rism: Source 990018786 moved 'Engraving' to sf $d
I, [2017-09-27T08:13:50.717332 #8886]  INFO -- : lab.rism: Source 990020175 moved 'Engraving' to sf $d
I, [2017-09-27T08:13:50.784472 #8886]  INFO -- : lab.rism: Source 990020242 moved 'Engraving' to sf $d
I, [2017-09-27T08:13:50.852648 #8886]  INFO -- : lab.rism: Source 990021826 moved 'Typography' to sf $d
I, [2017-09-27T08:13:50.963295 #8886]  INFO -- : lab.rism: Source 990021831 moved 'Typography' to sf $d
I, [2017-09-27T08:13:51.044750 #8886]  INFO -- : lab.rism: Source 990021838 moved 'Typography' to sf $d
I, [2017-09-27T08:13:51.100272 #8886]  INFO -- : lab.rism: Source 990021900 moved 'Engraving' to sf $d
I, [2017-09-27T08:13:51.151194 #8886]  INFO -- : lab.rism: Source 990022621 moved 'Typography' to sf $d
I, [2017-09-27T08:13:51.273432 #8886]  INFO -- : lab.rism: Source 990022642 moved 'Engraving' to sf $d
I, [2017-09-27T08:13:51.343251 #8886]  INFO -- : lab.rism: Source 990022643 moved 'Engraving' to sf $d
I, [2017-09-27T08:13:51.400404 #8886]  INFO -- : lab.rism: Source 990022945 moved 'Engraving' to sf $d
I, [2017-09-27T08:13:51.470256 #8886]  INFO -- : lab.rism: Source 990023356 moved 'Engraving' to sf $d
I, [2017-09-27T08:13:51.575625 #8886]  INFO -- : lab.rism: Source 990023403 moved 'Engraving' to sf $d
I, [2017-09-27T08:13:51.642471 #8886]  INFO -- : lab.rism: Source 990023492 moved 'Typography' to sf $d
I, [2017-09-27T08:13:51.692796 #8886]  INFO -- : lab.rism: Source 990024237 moved 'Engraving' to sf $d
I, [2017-09-27T08:13:51.785821 #8886]  INFO -- : lab.rism: Source 990025291 moved 'Typography' to sf $d
I, [2017-09-27T08:13:51.902336 #8886]  INFO -- : lab.rism: Source 990025835 moved 'Engraving' to sf $d
I, [2017-09-27T08:13:52.064863 #8886]  INFO -- : lab.rism: Source 990026535 moved 'Engraving' to sf $d
I, [2017-09-27T08:13:52.166575 #8886]  INFO -- : lab.rism: Source 990027354 moved 'Engraving' to sf $d
I, [2017-09-27T08:13:52.261707 #8886]  INFO -- : lab.rism: Source 990027672 moved 'Engraving' to sf $d
I, [2017-09-27T08:13:52.317322 #8886]  INFO -- : lab.rism: Source 990027750 moved 'Lithography' to sf $d
I, [2017-09-27T08:13:52.395525 #8886]  INFO -- : lab.rism: Source 990029475 moved 'Engraving' to sf $d
I, [2017-09-27T08:13:52.529901 #8886]  INFO -- : lab.rism: Source 990029852 moved 'Lithography' to sf $d
I, [2017-09-27T08:13:52.636961 #8886]  INFO -- : lab.rism: Source 990029854 moved 'Engraving' to sf $d
I, [2017-09-27T08:13:52.685132 #8886]  INFO -- : lab.rism: Source 990032498 moved 'Typography' to sf $d
I, [2017-09-27T08:13:52.769999 #8886]  INFO -- : lab.rism: Source 990032960 moved 'Engraving' to sf $d
I, [2017-09-27T08:13:52.826656 #8886]  INFO -- : lab.rism: Source 990034704 moved 'Engraving' to sf $d
I, [2017-09-27T08:13:52.989784 #8886]  INFO -- : lab.rism: Source 990034709 moved 'Typography' to sf $d
I, [2017-09-27T08:13:53.081765 #8886]  INFO -- : lab.rism: Source 990034806 moved 'Engraving' to sf $d
I, [2017-09-27T08:13:53.187033 #8886]  INFO -- : lab.rism: Source 990034963 moved 'Engraving' to sf $d
I, [2017-09-27T08:13:53.267770 #8886]  INFO -- : lab.rism: Source 990035046 moved 'Engraving' to sf $d
I, [2017-09-27T08:13:53.318304 #8886]  INFO -- : lab.rism: Source 990035047 moved 'Engraving' to sf $d
I, [2017-09-27T08:13:53.367349 #8886]  INFO -- : lab.rism: Source 990035056 moved 'Engraving' to sf $d
I, [2017-09-27T08:13:53.425739 #8886]  INFO -- : lab.rism: Source 990035379 moved 'Engraving' to sf $d
I, [2017-09-27T08:13:53.493406 #8886]  INFO -- : lab.rism: Source 990035384 moved 'Engraving' to sf $d
I, [2017-09-27T08:13:53.639918 #8886]  INFO -- : lab.rism: Source 990035395 moved 'Engraving' to sf $d
I, [2017-09-27T08:13:53.726064 #8886]  INFO -- : lab.rism: Source 990035413 moved 'Engraving' to sf $d
I, [2017-09-27T08:13:53.790042 #8886]  INFO -- : lab.rism: Source 990035420 moved 'Engraving' to sf $d
I, [2017-09-27T08:13:53.855611 #8886]  INFO -- : lab.rism: Source 990035424 moved 'Engraving' to sf $d
I, [2017-09-27T08:13:53.901528 #8886]  INFO -- : lab.rism: Source 990035429 moved 'Engraving' to sf $d
I, [2017-09-27T08:13:53.954614 #8886]  INFO -- : lab.rism: Source 990035437 moved 'Engraving' to sf $d
I, [2017-09-27T08:13:54.035098 #8886]  INFO -- : lab.rism: Source 990035478 moved 'Engraving' to sf $d
I, [2017-09-27T08:13:54.128080 #8886]  INFO -- : lab.rism: Source 990037906 moved 'Engraving' to sf $d
I, [2017-09-27T08:13:54.239546 #8886]  INFO -- : lab.rism: Source 990038429 moved 'Engraving' to sf $d
I, [2017-09-27T08:13:54.327452 #8886]  INFO -- : lab.rism: Source 990039619 moved 'Engraving' to sf $d
I, [2017-09-27T08:13:54.444613 #8886]  INFO -- : lab.rism: Source 990040173 moved 'Typography' to sf $d
I, [2017-09-27T08:13:54.535261 #8886]  INFO -- : lab.rism: Source 990041704 moved 'Engraving' to sf $d
I, [2017-09-27T08:13:54.656131 #8886]  INFO -- : lab.rism: Source 990043601 moved 'Engraving' to sf $d
I, [2017-09-27T08:13:54.743929 #8886]  INFO -- : lab.rism: Source 990044514 moved 'Engraving' to sf $d
I, [2017-09-27T08:13:54.829876 #8886]  INFO -- : lab.rism: Source 990044669 moved 'Typography' to sf $d
I, [2017-09-27T08:13:54.893505 #8886]  INFO -- : lab.rism: Source 990046733 moved 'Typography' to sf $d
I, [2017-09-27T08:13:55.062633 #8886]  INFO -- : lab.rism: Source 990046992 moved 'Engraving' to sf $d
I, [2017-09-27T08:13:55.190527 #8886]  INFO -- : lab.rism: Source 990047581 moved 'Typography' to sf $d
I, [2017-09-27T08:13:55.335149 #8886]  INFO -- : lab.rism: Source 990047913 moved 'Engraving' to sf $d
I, [2017-09-27T08:13:55.403452 #8886]  INFO -- : lab.rism: Source 990050035 moved 'Typography' to sf $d
I, [2017-09-27T08:13:55.504160 #8886]  INFO -- : lab.rism: Source 990051229 moved 'Engraving' to sf $d
I, [2017-09-27T08:13:55.615238 #8886]  INFO -- : lab.rism: Source 990055615 moved 'Engraving' to sf $d
I, [2017-09-27T08:13:55.711707 #8886]  INFO -- : lab.rism: Source 990055731 moved 'Engraving' to sf $d
I, [2017-09-27T08:13:55.817805 #8886]  INFO -- : lab.rism: Source 990055869 moved 'Typography' to sf $d
I, [2017-09-27T08:13:55.875881 #8886]  INFO -- : lab.rism: Source 990058111 moved 'Lithography' to sf $d
I, [2017-09-27T08:13:55.969353 #8886]  INFO -- : lab.rism: Source 990058865 moved 'Engraving' to sf $d
I, [2017-09-27T08:13:56.060536 #8886]  INFO -- : lab.rism: Source 990061339 moved 'Engraving' to sf $d
I, [2017-09-27T08:13:56.160196 #8886]  INFO -- : lab.rism: Source 990061888 moved 'Engraving' to sf $d
I, [2017-09-27T08:13:56.236659 #8886]  INFO -- : lab.rism: Source 990061922 moved 'Lithography' to sf $d
I, [2017-09-27T08:13:56.297074 #8886]  INFO -- : lab.rism: Source 990062246 moved 'Typography' to sf $d
I, [2017-09-27T08:13:56.359831 #8886]  INFO -- : lab.rism: Source 990063924 moved 'Engraving' to sf $d
I, [2017-09-27T08:13:56.454189 #8886]  INFO -- : lab.rism: Source 990063940 moved 'Typography' to sf $d
I, [2017-09-27T08:13:56.535344 #8886]  INFO -- : lab.rism: Source 990063941 moved 'Engraving' to sf $d
I, [2017-09-27T08:13:56.593211 #8886]  INFO -- : lab.rism: Source 990063946 moved 'Engraving' to sf $d
I, [2017-09-27T08:13:56.652851 #8886]  INFO -- : lab.rism: Source 990063950 moved 'Engraving' to sf $d
I, [2017-09-27T08:13:56.701470 #8886]  INFO -- : lab.rism: Source 990063953 moved 'Engraving' to sf $d
I, [2017-09-27T08:13:56.742189 #8886]  INFO -- : lab.rism: Source 990063956 moved 'Engraving' to sf $d
I, [2017-09-27T08:13:56.793845 #8886]  INFO -- : lab.rism: Source 990064837 moved 'Typography' to sf $d
I, [2017-09-27T08:13:56.859787 #8886]  INFO -- : lab.rism: Source 990065714 moved 'Engraving' to sf $d
I, [2017-09-27T08:13:56.936455 #8886]  INFO -- : lab.rism: Source 990066918 moved 'Engraving' to sf $d
I, [2017-09-27T08:13:57.010985 #8886]  INFO -- : lab.rism: Source 991004181 moved 'Engraving' to sf $d
I, [2017-09-27T08:13:57.102236 #8886]  INFO -- : lab.rism: Source 991005691 moved 'Engraving' to sf $d
I, [2017-09-27T08:13:57.168696 #8886]  INFO -- : lab.rism: Source 991006029 moved 'Engraving' to sf $d
I, [2017-09-27T08:13:57.211759 #8886]  INFO -- : lab.rism: Source 991007430 moved 'Typography' to sf $d
I, [2017-09-27T08:13:57.296252 #8886]  INFO -- : lab.rism: Source 991008830 moved 'Engraving' to sf $d
I, [2017-09-27T08:13:57.368498 #8886]  INFO -- : lab.rism: Source 991015691 moved 'Typography' to sf $d
I, [2017-09-27T08:13:57.460716 #8886]  INFO -- : lab.rism: Source 991016060 moved 'Engraving' to sf $d
I, [2017-09-27T08:13:57.552180 #8886]  INFO -- : lab.rism: Source 991019728 moved 'Engraving' to sf $d
I, [2017-09-27T08:13:57.634895 #8886]  INFO -- : lab.rism: Source 991020649 moved 'Engraving' to sf $d
I, [2017-09-27T08:13:57.697506 #8886]  INFO -- : lab.rism: Source 991029207 moved 'Engraving' to sf $d
I, [2017-09-27T08:13:57.812275 #8886]  INFO -- : lab.rism: Source 991029625 moved 'Engraving' to sf $d
I, [2017-09-27T08:13:57.953050 #8886]  INFO -- : lab.rism: Source 991029658 moved 'Engraving' to sf $d
I, [2017-09-27T08:13:58.008747 #8886]  INFO -- : lab.rism: Source 992001544 moved 'Typography' to sf $d
I, [2017-09-27T08:13:58.146644 #8886]  INFO -- : lab.rism: Source 993104083 moved 'Typography' to sf $d
I, [2017-09-27T08:13:58.337988 #8886]  INFO -- : lab.rism: Source 993104532 moved 'Typography' to sf $d
I, [2017-09-27T08:13:58.454096 #8886]  INFO -- : lab.rism: Source 993104540 moved 'Typography' to sf $d
I, [2017-09-27T08:13:58.512357 #8886]  INFO -- : lab.rism: Source 993104547 moved 'Typography' to sf $d
I, [2017-09-27T08:13:58.700550 #8886]  INFO -- : lab.rism: Source 993104592 moved 'Typography' to sf $d
I, [2017-09-27T08:13:59.017710 #8886]  INFO -- : lab.rism: Source 993114955 moved 'Typography' to sf $d
I, [2017-09-27T08:13:59.628441 #8886]  INFO -- : lab.rism: Source 1001000031 moved 'Reproduction' to sf $d
I, [2017-09-27T08:13:59.628529 #8886]  INFO -- : lab.rism: Source 1001000031 moved 'Transparency' to sf $d
I, [2017-09-27T08:13:59.958237 #8886]  INFO -- : lab.rism: Source 1001000040 moved 'Photoreproductive process' to sf $d
I, [2017-09-27T08:14:00.263278 #8886]  INFO -- : lab.rism: Source 1001000047 moved 'Photoreproductive process' to sf $d
I, [2017-09-27T08:14:00.388856 #8886]  INFO -- : lab.rism: Source 1001000078 moved 'Lithography' to sf $d
I, [2017-09-27T08:14:00.541832 #8886]  INFO -- : lab.rism: Source 1001000246 moved 'Photoreproductive process' to sf $d
I, [2017-09-27T08:14:00.829213 #8886]  INFO -- : lab.rism: Source 1001000259 moved 'Photoreproductive process' to sf $d
I, [2017-09-27T08:14:00.927988 #8886]  INFO -- : lab.rism: Source 1001000456 moved 'Photoreproductive process' to sf $d
I, [2017-09-27T08:14:01.267290 #8886]  INFO -- : lab.rism: Source 1001000756 moved 'Autography' to sf $d
I, [2017-09-27T08:14:01.350873 #8886]  INFO -- : lab.rism: Source 1001000757 moved 'Autography' to sf $d
I, [2017-09-27T08:14:01.415515 #8886]  INFO -- : lab.rism: Source 1001000865 moved 'Photoreproductive process' to sf $d
I, [2017-09-27T08:14:01.488964 #8886]  INFO -- : lab.rism: Source 1001000957 moved 'Photoreproductive process' to sf $d
I, [2017-09-27T08:14:01.546674 #8886]  INFO -- : lab.rism: Source 1001000958 moved 'Photoreproductive process' to sf $d
I, [2017-09-27T08:14:01.592515 #8886]  INFO -- : lab.rism: Source 1001000989 moved 'Reproduction' to sf $d
I, [2017-09-27T08:14:01.658298 #8886]  INFO -- : lab.rism: Source 1001001003 moved 'Reproduction' to sf $d
I, [2017-09-27T08:14:01.713098 #8886]  INFO -- : lab.rism: Source 1001001915 moved 'Autography' to sf $d
I, [2017-09-27T08:14:01.808294 #8886]  INFO -- : lab.rism: Source 1001001931 moved 'Autography' to sf $d
I, [2017-09-27T08:14:01.854410 #8886]  INFO -- : lab.rism: Source 1001001935 moved 'Autography' to sf $d
I, [2017-09-27T08:14:01.896218 #8886]  INFO -- : lab.rism: Source 1001002108 moved 'Reproduction' to sf $d
I, [2017-09-27T08:14:01.957262 #8886]  INFO -- : lab.rism: Source 1001002123 moved 'Autography' to sf $d
I, [2017-09-27T08:14:02.045852 #8886]  INFO -- : lab.rism: Source 1001002218 moved 'Autography' to sf $d
I, [2017-09-27T08:14:02.116703 #8886]  INFO -- : lab.rism: Source 1001002278 moved 'Autography' to sf $d
I, [2017-09-27T08:14:02.319702 #8886]  INFO -- : lab.rism: Source 1001002344 moved 'Autography' to sf $d
I, [2017-09-27T08:14:02.393654 #8886]  INFO -- : lab.rism: Source 1001002345 moved 'Autography' to sf $d
I, [2017-09-27T08:14:02.431679 #8886]  INFO -- : lab.rism: Source 1001002346 moved 'Autography' to sf $d
I, [2017-09-27T08:14:02.487512 #8886]  INFO -- : lab.rism: Source 1001002347 moved 'Autography' to sf $d
I, [2017-09-27T08:14:02.545745 #8886]  INFO -- : lab.rism: Source 1001002420 moved 'Autography' to sf $d
I, [2017-09-27T08:14:02.633087 #8886]  INFO -- : lab.rism: Source 1001003087 moved 'Lithography' to sf $d
I, [2017-09-27T08:14:02.704832 #8886]  INFO -- : lab.rism: Source 1001003088 moved 'Lithography' to sf $d
I, [2017-09-27T08:14:02.752224 #8886]  INFO -- : lab.rism: Source 1001003817 moved 'Photoreproductive process' to sf $d
I, [2017-09-27T08:14:02.917812 #8886]  INFO -- : lab.rism: Source 1001003827 moved 'Photoreproductive process' to sf $d
I, [2017-09-27T08:14:02.980833 #8886]  INFO -- : lab.rism: Source 1001003900 moved 'Photoreproductive process' to sf $d
I, [2017-09-27T08:14:03.064880 #8886]  INFO -- : lab.rism: Source 1001003904 moved 'Photoreproductive process' to sf $d
I, [2017-09-27T08:14:03.122515 #8886]  INFO -- : lab.rism: Source 1001003905 moved 'Photoreproductive process' to sf $d
I, [2017-09-27T08:14:03.169693 #8886]  INFO -- : lab.rism: Source 1001003909 moved 'Photoreproductive process' to sf $d
I, [2017-09-27T08:14:03.223306 #8886]  INFO -- : lab.rism: Source 1001003913 moved 'Photoreproductive process' to sf $d
I, [2017-09-27T08:14:03.309436 #8886]  INFO -- : lab.rism: Source 1001004129 moved 'Photoreproductive process' to sf $d
I, [2017-09-27T08:14:03.394255 #8886]  INFO -- : lab.rism: Source 1001004287 moved 'Photoreproductive process' to sf $d
I, [2017-09-27T08:14:03.488571 #8886]  INFO -- : lab.rism: Source 1001004290 moved 'Photoreproductive process' to sf $d
I, [2017-09-27T08:14:03.541459 #8886]  INFO -- : lab.rism: Source 1001004315 moved 'Reproduction' to sf $d
I, [2017-09-27T08:14:03.607790 #8886]  INFO -- : lab.rism: Source 1001004320 moved 'Reproduction' to sf $d
I, [2017-09-27T08:14:03.650327 #8886]  INFO -- : lab.rism: Source 1001004638 moved 'Reproduction' to sf $d
I, [2017-09-27T08:14:03.696757 #8886]  INFO -- : lab.rism: Source 1001004696 moved 'Reproduction' to sf $d
I, [2017-09-27T08:14:03.741885 #8886]  INFO -- : lab.rism: Source 1001004897 moved 'Autography' to sf $d
I, [2017-09-27T08:14:03.947486 #8886]  INFO -- : lab.rism: Source 1001005058 moved 'Reproduction' to sf $d
I, [2017-09-27T08:14:04.016338 #8886]  INFO -- : lab.rism: Source 1001005086 moved 'Autography' to sf $d
I, [2017-09-27T08:14:04.107819 #8886]  INFO -- : lab.rism: Source 1001005178 moved 'Reproduction' to sf $d
I, [2017-09-27T08:14:04.161288 #8886]  INFO -- : lab.rism: Source 1001005259 moved 'Reproduction' to sf $d
I, [2017-09-27T08:14:04.221707 #8886]  INFO -- : lab.rism: Source 1001005301 moved 'Reproduction' to sf $d
I, [2017-09-27T08:14:04.262585 #8886]  INFO -- : lab.rism: Source 1001005363 moved 'Reproduction' to sf $d
I, [2017-09-27T08:14:04.299492 #8886]  INFO -- : lab.rism: Source 1001005392 moved 'Autography' to sf $d
I, [2017-09-27T08:14:04.340830 #8886]  INFO -- : lab.rism: Source 1001005512 moved 'Autography' to sf $d
I, [2017-09-27T08:14:04.397964 #8886]  INFO -- : lab.rism: Source 1001005553 moved 'Autography' to sf $d
I, [2017-09-27T08:14:04.481864 #8886]  INFO -- : lab.rism: Source 1001005726 moved 'Autography' to sf $d
I, [2017-09-27T08:14:04.601047 #8886]  INFO -- : lab.rism: Source 1001005819 moved 'Reproduction' to sf $d
I, [2017-09-27T08:14:04.685392 #8886]  INFO -- : lab.rism: Source 1001005835 moved 'Reproduction' to sf $d
I, [2017-09-27T08:14:04.733340 #8886]  INFO -- : lab.rism: Source 1001005890 moved 'Reproduction' to sf $d
I, [2017-09-27T08:14:04.775261 #8886]  INFO -- : lab.rism: Source 1001006075 moved 'Autography' to sf $d
I, [2017-09-27T08:14:04.829856 #8886]  INFO -- : lab.rism: Source 1001006129 moved 'Reproduction' to sf $d
I, [2017-09-27T08:14:04.866907 #8886]  INFO -- : lab.rism: Source 1001006177 moved 'Autography' to sf $d
I, [2017-09-27T08:14:04.931256 #8886]  INFO -- : lab.rism: Source 1001006197 moved 'Autography' to sf $d
I, [2017-09-27T08:14:04.986264 #8886]  INFO -- : lab.rism: Source 1001006253 moved 'Autography' to sf $d
I, [2017-09-27T08:14:05.064446 #8886]  INFO -- : lab.rism: Source 1001006298 moved 'Reproduction' to sf $d
I, [2017-09-27T08:14:05.126068 #8886]  INFO -- : lab.rism: Source 1001006390 moved 'Reproduction' to sf $d
I, [2017-09-27T08:14:05.286308 #8886]  INFO -- : lab.rism: Source 1001006397 moved 'Autography' to sf $d
I, [2017-09-27T08:14:05.438479 #8886]  INFO -- : lab.rism: Source 1001006402 moved 'Autography' to sf $d
I, [2017-09-27T08:14:05.493780 #8886]  INFO -- : lab.rism: Source 1001006498 moved 'Autography' to sf $d
I, [2017-09-27T08:14:05.547812 #8886]  INFO -- : lab.rism: Source 1001006502 moved 'Autography' to sf $d
I, [2017-09-27T08:14:05.589071 #8886]  INFO -- : lab.rism: Source 1001006704 moved 'Reproduction' to sf $d
I, [2017-09-27T08:14:05.630674 #8886]  INFO -- : lab.rism: Source 1001006707 moved 'Reproduction' to sf $d
I, [2017-09-27T08:14:05.672187 #8886]  INFO -- : lab.rism: Source 1001006714 moved 'Reproduction' to sf $d
I, [2017-09-27T08:14:05.710568 #8886]  INFO -- : lab.rism: Source 1001006740 moved 'Autography' to sf $d
I, [2017-09-27T08:14:05.765420 #8886]  INFO -- : lab.rism: Source 1001006774 moved 'Reproduction' to sf $d
I, [2017-09-27T08:14:05.815325 #8886]  INFO -- : lab.rism: Source 1001006775 moved 'Reproduction' to sf $d
I, [2017-09-27T08:14:05.855318 #8886]  INFO -- : lab.rism: Source 1001006862 moved 'Reproduction' to sf $d
I, [2017-09-27T08:14:05.917339 #8886]  INFO -- : lab.rism: Source 1001006867 moved 'Reproduction' to sf $d
I, [2017-09-27T08:14:05.958280 #8886]  INFO -- : lab.rism: Source 1001006869 moved 'Reproduction' to sf $d
I, [2017-09-27T08:14:05.999807 #8886]  INFO -- : lab.rism: Source 1001006873 moved 'Reproduction' to sf $d
I, [2017-09-27T08:14:06.062263 #8886]  INFO -- : lab.rism: Source 1001006882 moved 'Reproduction' to sf $d
I, [2017-09-27T08:14:06.124856 #8886]  INFO -- : lab.rism: Source 1001006945 moved 'Reproduction' to sf $d
I, [2017-09-27T08:14:06.175073 #8886]  INFO -- : lab.rism: Source 1001006991 moved 'Reproduction' to sf $d
I, [2017-09-27T08:14:06.231932 #8886]  INFO -- : lab.rism: Source 1001007023 moved 'Reproduction' to sf $d
I, [2017-09-27T08:14:06.298699 #8886]  INFO -- : lab.rism: Source 1001007039 moved 'Reproduction' to sf $d
I, [2017-09-27T08:14:06.342852 #8886]  INFO -- : lab.rism: Source 1001007041 moved 'Reproduction' to sf $d
I, [2017-09-27T08:14:06.384490 #8886]  INFO -- : lab.rism: Source 1001007047 moved 'Reproduction' to sf $d
I, [2017-09-27T08:14:06.427352 #8886]  INFO -- : lab.rism: Source 1001007065 moved 'Reproduction' to sf $d
I, [2017-09-27T08:14:06.474579 #8886]  INFO -- : lab.rism: Source 1001007091 moved 'Autography' to sf $d
I, [2017-09-27T08:14:06.611222 #8886]  INFO -- : lab.rism: Source 1001007255 moved 'Reproduction' to sf $d
I, [2017-09-27T08:14:06.663838 #8886]  INFO -- : lab.rism: Source 1001007259 moved 'Reproduction' to sf $d
I, [2017-09-27T08:14:06.699950 #8886]  INFO -- : lab.rism: Source 1001007270 moved 'Reproduction' to sf $d
I, [2017-09-27T08:14:06.739201 #8886]  INFO -- : lab.rism: Source 1001007277 moved 'Reproduction' to sf $d
I, [2017-09-27T08:14:06.775308 #8886]  INFO -- : lab.rism: Source 1001007321 moved 'Reproduction' to sf $d
I, [2017-09-27T08:14:06.814624 #8886]  INFO -- : lab.rism: Source 1001007328 moved 'Reproduction' to sf $d
I, [2017-09-27T08:14:06.855722 #8886]  INFO -- : lab.rism: Source 1001007364 moved 'Reproduction' to sf $d
I, [2017-09-27T08:14:06.908480 #8886]  INFO -- : lab.rism: Source 1001007387 moved 'Reproduction' to sf $d
I, [2017-09-27T08:14:06.947620 #8886]  INFO -- : lab.rism: Source 1001007393 moved 'Reproduction' to sf $d
I, [2017-09-27T08:14:06.983553 #8886]  INFO -- : lab.rism: Source 1001007403 moved 'Reproduction' to sf $d
I, [2017-09-27T08:14:07.044626 #8886]  INFO -- : lab.rism: Source 1001007411 moved 'Reproduction' to sf $d
I, [2017-09-27T08:14:07.089008 #8886]  INFO -- : lab.rism: Source 1001007412 moved 'Reproduction' to sf $d
I, [2017-09-27T08:14:07.126437 #8886]  INFO -- : lab.rism: Source 1001007425 moved 'Reproduction' to sf $d
I, [2017-09-27T08:14:07.167492 #8886]  INFO -- : lab.rism: Source 1001007428 moved 'Reproduction' to sf $d
I, [2017-09-27T08:14:07.205529 #8886]  INFO -- : lab.rism: Source 1001007430 moved 'Reproduction' to sf $d
I, [2017-09-27T08:14:07.243487 #8886]  INFO -- : lab.rism: Source 1001007454 moved 'Reproduction' to sf $d
I, [2017-09-27T08:14:07.298274 #8886]  INFO -- : lab.rism: Source 1001007665 moved 'Reproduction' to sf $d
I, [2017-09-27T08:14:07.355137 #8886]  INFO -- : lab.rism: Source 1001007677 moved 'Reproduction' to sf $d
I, [2017-09-27T08:14:07.391785 #8886]  INFO -- : lab.rism: Source 1001007695 moved 'Engraving' to sf $d
I, [2017-09-27T08:14:07.447595 #8886]  INFO -- : lab.rism: Source 1001007755 moved 'Reproduction' to sf $d
I, [2017-09-27T08:14:07.516835 #8886]  INFO -- : lab.rism: Source 1001007831 moved 'Reproduction' to sf $d
I, [2017-09-27T08:14:07.570737 #8886]  INFO -- : lab.rism: Source 1001007945 moved 'Autography' to sf $d
I, [2017-09-27T08:14:07.570809 #8886]  INFO -- : lab.rism: Source 1001007945 moved 'Autography' to sf $d
I, [2017-09-27T08:14:07.759370 #8886]  INFO -- : lab.rism: Source 1001008022 moved 'Reproduction' to sf $d
I, [2017-09-27T08:14:07.801007 #8886]  INFO -- : lab.rism: Source 1001008024 moved 'Reproduction' to sf $d
I, [2017-09-27T08:14:07.881783 #8886]  INFO -- : lab.rism: Source 1001008031 moved 'Reproduction' to sf $d
I, [2017-09-27T08:14:07.994262 #8886]  INFO -- : lab.rism: Source 1001008036 moved 'Reproduction' to sf $d
I, [2017-09-27T08:14:08.063568 #8886]  INFO -- : lab.rism: Source 1001008039 moved 'Reproduction' to sf $d
I, [2017-09-27T08:14:08.118634 #8886]  INFO -- : lab.rism: Source 1001008059 moved 'Autography' to sf $d
I, [2017-09-27T08:14:08.184859 #8886]  INFO -- : lab.rism: Source 1001008084 moved 'Autography' to sf $d
I, [2017-09-27T08:14:08.247685 #8886]  INFO -- : lab.rism: Source 1001008156 moved 'Reproduction' to sf $d
I, [2017-09-27T08:14:08.305477 #8886]  INFO -- : lab.rism: Source 1001008159 moved 'Reproduction' to sf $d
I, [2017-09-27T08:14:08.348647 #8886]  INFO -- : lab.rism: Source 1001008216 moved 'Autography' to sf $d
I, [2017-09-27T08:14:08.412745 #8886]  INFO -- : lab.rism: Source 1001008240 moved 'Autography' to sf $d
I, [2017-09-27T08:14:08.465216 #8886]  INFO -- : lab.rism: Source 1001008281 moved 'Reproduction' to sf $d
I, [2017-09-27T08:14:08.506471 #8886]  INFO -- : lab.rism: Source 1001008291 moved 'Reproduction' to sf $d
I, [2017-09-27T08:14:08.547632 #8886]  INFO -- : lab.rism: Source 1001008293 moved 'Reproduction' to sf $d
I, [2017-09-27T08:14:08.628270 #8886]  INFO -- : lab.rism: Source 1001008303 moved 'Reproduction' to sf $d
I, [2017-09-27T08:14:08.682210 #8886]  INFO -- : lab.rism: Source 1001008411 moved 'Autography' to sf $d
I, [2017-09-27T08:14:08.749847 #8886]  INFO -- : lab.rism: Source 1001008417 moved 'Reproduction' to sf $d
I, [2017-09-27T08:14:08.887840 #8886]  INFO -- : lab.rism: Source 1001008420 moved 'Reproduction' to sf $d
I, [2017-09-27T08:14:08.942494 #8886]  INFO -- : lab.rism: Source 1001008426 moved 'Reproduction' to sf $d
I, [2017-09-27T08:14:08.992242 #8886]  INFO -- : lab.rism: Source 1001008429 moved 'Reproduction' to sf $d
I, [2017-09-27T08:14:09.139447 #8886]  INFO -- : lab.rism: Source 1001008653 moved 'Lithography' to sf $d
I, [2017-09-27T08:14:09.202826 #8886]  INFO -- : lab.rism: Source 1001008833 moved 'Autography' to sf $d
I, [2017-09-27T08:14:09.283391 #8886]  INFO -- : lab.rism: Source 1001008836 moved 'Autography' to sf $d
I, [2017-09-27T08:14:09.348909 #8886]  INFO -- : lab.rism: Source 1001008837 moved 'Autography' to sf $d
I, [2017-09-27T08:14:09.403870 #8886]  INFO -- : lab.rism: Source 1001008943 moved 'Reproduction' to sf $d
I, [2017-09-27T08:14:09.476768 #8886]  INFO -- : lab.rism: Source 1001008988 moved 'Reproduction' to sf $d
I, [2017-09-27T08:14:09.901673 #8886]  INFO -- : lab.rism: Source 1001009018 moved 'Reproduction' to sf $d
I, [2017-09-27T08:14:10.073063 #8886]  INFO -- : lab.rism: Source 1001009019 moved 'Reproduction' to sf $d
I, [2017-09-27T08:14:10.133703 #8886]  INFO -- : lab.rism: Source 1001009021 moved 'Reproduction' to sf $d
I, [2017-09-27T08:14:10.187562 #8886]  INFO -- : lab.rism: Source 1001009055 moved 'Autography' to sf $d
I, [2017-09-27T08:14:10.298078 #8886]  INFO -- : lab.rism: Source 1001009058 moved 'Autography' to sf $d
I, [2017-09-27T08:14:10.358269 #8886]  INFO -- : lab.rism: Source 1001009246 moved 'Reproduction' to sf $d
I, [2017-09-27T08:14:10.403102 #8886]  INFO -- : lab.rism: Source 1001009247 moved 'Reproduction' to sf $d
I, [2017-09-27T08:14:10.449219 #8886]  INFO -- : lab.rism: Source 1001009250 moved 'Reproduction' to sf $d
I, [2017-09-27T08:14:10.504184 #8886]  INFO -- : lab.rism: Source 1001009359 moved 'Reproduction' to sf $d
I, [2017-09-27T08:14:10.557178 #8886]  INFO -- : lab.rism: Source 1001009474 moved 'Reproduction' to sf $d
I, [2017-09-27T08:14:10.615460 #8886]  INFO -- : lab.rism: Source 1001009476 moved 'Reproduction' to sf $d
I, [2017-09-27T08:14:10.655068 #8886]  INFO -- : lab.rism: Source 1001009607 moved 'Reproduction' to sf $d
I, [2017-09-27T08:14:10.713759 #8886]  INFO -- : lab.rism: Source 1001009638 moved 'Reproduction' to sf $d
I, [2017-09-27T08:14:10.881948 #8886]  INFO -- : lab.rism: Source 1001009647 moved 'Reproduction' to sf $d
I, [2017-09-27T08:14:10.970682 #8886]  INFO -- : lab.rism: Source 1001009699 moved 'Reproduction' to sf $d
I, [2017-09-27T08:14:11.047016 #8886]  INFO -- : lab.rism: Source 1001009700 moved 'Reproduction' to sf $d
I, [2017-09-27T08:14:11.103756 #8886]  INFO -- : lab.rism: Source 1001009801 moved 'Reproduction' to sf $d
I, [2017-09-27T08:14:11.149801 #8886]  INFO -- : lab.rism: Source 1001009842 moved 'Reproduction' to sf $d
I, [2017-09-27T08:14:11.191152 #8886]  INFO -- : lab.rism: Source 1001009870 moved 'Reproduction' to sf $d
I, [2017-09-27T08:14:11.240717 #8886]  INFO -- : lab.rism: Source 1001009871 moved 'Reproduction' to sf $d
I, [2017-09-27T08:14:11.277437 #8886]  INFO -- : lab.rism: Source 1001009872 moved 'Reproduction' to sf $d
I, [2017-09-27T08:14:11.310500 #8886]  INFO -- : lab.rism: Source 1001009876 moved 'Reproduction' to sf $d
I, [2017-09-27T08:14:11.348420 #8886]  INFO -- : lab.rism: Source 1001009877 moved 'Reproduction' to sf $d
I, [2017-09-27T08:14:11.385595 #8886]  INFO -- : lab.rism: Source 1001009878 moved 'Reproduction' to sf $d
I, [2017-09-27T08:14:11.423933 #8886]  INFO -- : lab.rism: Source 1001009883 moved 'Reproduction' to sf $d
I, [2017-09-27T08:14:11.460141 #8886]  INFO -- : lab.rism: Source 1001009896 moved 'Reproduction' to sf $d
I, [2017-09-27T08:14:11.493391 #8886]  INFO -- : lab.rism: Source 1001009897 moved 'Reproduction' to sf $d
I, [2017-09-27T08:14:11.531433 #8886]  INFO -- : lab.rism: Source 1001009902 moved 'Reproduction' to sf $d
I, [2017-09-27T08:14:11.582961 #8886]  INFO -- : lab.rism: Source 1001009904 moved 'Reproduction' to sf $d
I, [2017-09-27T08:14:11.619854 #8886]  INFO -- : lab.rism: Source 1001009906 moved 'Reproduction' to sf $d
I, [2017-09-27T08:14:11.666050 #8886]  INFO -- : lab.rism: Source 1001009977 moved 'Reproduction' to sf $d
I, [2017-09-27T08:14:11.713803 #8886]  INFO -- : lab.rism: Source 1001010002 moved 'Reproduction' to sf $d
I, [2017-09-27T08:14:11.768300 #8886]  INFO -- : lab.rism: Source 1001010005 moved 'Reproduction' to sf $d
I, [2017-09-27T08:14:11.813146 #8886]  INFO -- : lab.rism: Source 1001010006 moved 'Reproduction' to sf $d
I, [2017-09-27T08:14:11.929149 #8886]  INFO -- : lab.rism: Source 1001010007 moved 'Reproduction' to sf $d
I, [2017-09-27T08:14:11.965699 #8886]  INFO -- : lab.rism: Source 1001010211 moved 'Reproduction' to sf $d
I, [2017-09-27T08:14:12.049246 #8886]  INFO -- : lab.rism: Source 1001010213 moved 'Reproduction' to sf $d
I, [2017-09-27T08:14:12.107285 #8886]  INFO -- : lab.rism: Source 1001010221 moved 'Autography' to sf $d
I, [2017-09-27T08:14:12.210746 #8886]  INFO -- : lab.rism: Source 1001010224 moved 'Reproduction' to sf $d
I, [2017-09-27T08:14:12.263376 #8886]  INFO -- : lab.rism: Source 1001010279 moved 'Reproduction' to sf $d
I, [2017-09-27T08:14:12.312716 #8886]  INFO -- : lab.rism: Source 1001010281 moved 'Reproduction' to sf $d
I, [2017-09-27T08:14:12.357132 #8886]  INFO -- : lab.rism: Source 1001010327 moved 'Reproduction' to sf $d
I, [2017-09-27T08:14:12.400129 #8886]  INFO -- : lab.rism: Source 1001010585 moved 'Autography' to sf $d
I, [2017-09-27T08:14:12.460869 #8886]  INFO -- : lab.rism: Source 1001010725 moved 'Autography' to sf $d
I, [2017-09-27T08:14:12.543465 #8886]  INFO -- : lab.rism: Source 1001010730 moved 'Autography' to sf $d
I, [2017-09-27T08:14:12.604477 #8886]  INFO -- : lab.rism: Source 1001010731 moved 'Autography' to sf $d
I, [2017-09-27T08:14:12.662530 #8886]  INFO -- : lab.rism: Source 1001010732 moved 'Autography' to sf $d
I, [2017-09-27T08:14:12.720312 #8886]  INFO -- : lab.rism: Source 1001010963 moved 'Reproduction' to sf $d
I, [2017-09-27T08:14:12.794803 #8886]  INFO -- : lab.rism: Source 1001011108 moved 'Autography' to sf $d
I, [2017-09-27T08:14:12.955564 #8886]  INFO -- : lab.rism: Source 1001011109 moved 'Autography' to sf $d
I, [2017-09-27T08:14:13.059496 #8886]  INFO -- : lab.rism: Source 1001011110 moved 'Autography' to sf $d
I, [2017-09-27T08:14:13.216822 #8886]  INFO -- : lab.rism: Source 1001011111 moved 'Autography' to sf $d
I, [2017-09-27T08:14:13.277809 #8886]  INFO -- : lab.rism: Source 1001011112 moved 'Autography' to sf $d
I, [2017-09-27T08:14:13.352113 #8886]  INFO -- : lab.rism: Source 1001011144 moved 'Reproduction' to sf $d
I, [2017-09-27T08:14:13.410935 #8886]  INFO -- : lab.rism: Source 1001011152 moved 'Autography' to sf $d
I, [2017-09-27T08:14:13.460214 #8886]  INFO -- : lab.rism: Source 1001011153 moved 'Autography' to sf $d
I, [2017-09-27T08:14:13.503774 #8886]  INFO -- : lab.rism: Source 1001011160 moved 'Autography' to sf $d
I, [2017-09-27T08:14:13.558569 #8886]  INFO -- : lab.rism: Source 1001011161 moved 'Autography' to sf $d
I, [2017-09-27T08:14:13.603230 #8886]  INFO -- : lab.rism: Source 1001011286 moved 'Autography' to sf $d
I, [2017-09-27T08:14:13.696342 #8886]  INFO -- : lab.rism: Source 1001011349 moved 'Autography' to sf $d
I, [2017-09-27T08:14:13.776714 #8886]  INFO -- : lab.rism: Source 1001011350 moved 'Autography' to sf $d
I, [2017-09-27T08:14:13.898422 #8886]  INFO -- : lab.rism: Source 1001011351 moved 'Autography' to sf $d
I, [2017-09-27T08:14:14.027357 #8886]  INFO -- : lab.rism: Source 1001011352 moved 'Autography' to sf $d
I, [2017-09-27T08:14:14.204517 #8886]  INFO -- : lab.rism: Source 1001011356 moved 'Autography' to sf $d
I, [2017-09-27T08:14:14.358700 #8886]  INFO -- : lab.rism: Source 1001011460 moved 'Autography' to sf $d
I, [2017-09-27T08:14:14.682625 #8886]  INFO -- : lab.rism: Source 1001011539 moved 'Autography' to sf $d
I, [2017-09-27T08:14:14.932598 #8886]  INFO -- : lab.rism: Source 1001011541 moved 'Autography' to sf $d
I, [2017-09-27T08:14:15.368155 #8886]  INFO -- : lab.rism: Source 1001011627 moved 'Reproduction' to sf $d
I, [2017-09-27T08:14:15.561279 #8886]  INFO -- : lab.rism: Source 1001011629 moved 'Facsimile' to sf $d
I, [2017-09-27T08:14:15.616450 #8886]  INFO -- : lab.rism: Source 1001011633 moved 'Reproduction' to sf $d
I, [2017-09-27T08:14:15.653055 #8886]  INFO -- : lab.rism: Source 1001011634 moved 'Reproduction' to sf $d
I, [2017-09-27T08:14:15.692509 #8886]  INFO -- : lab.rism: Source 1001011637 moved 'Reproduction' to sf $d
I, [2017-09-27T08:14:15.729075 #8886]  INFO -- : lab.rism: Source 1001011639 moved 'Reproduction' to sf $d
I, [2017-09-27T08:14:15.784678 #8886]  INFO -- : lab.rism: Source 1001011641 moved 'Reproduction' to sf $d
I, [2017-09-27T08:14:15.820982 #8886]  INFO -- : lab.rism: Source 1001011664 moved 'Reproduction' to sf $d
I, [2017-09-27T08:14:15.979358 #8886]  INFO -- : lab.rism: Source 1001011680 moved 'Reproduction' to sf $d
I, [2017-09-27T08:14:16.057776 #8886]  INFO -- : lab.rism: Source 1001011684 moved 'Reproduction' to sf $d
I, [2017-09-27T08:14:16.110725 #8886]  INFO -- : lab.rism: Source 1001011685 moved 'Reproduction' to sf $d
I, [2017-09-27T08:14:16.155151 #8886]  INFO -- : lab.rism: Source 1001011692 moved 'Reproduction' to sf $d
I, [2017-09-27T08:14:16.197947 #8886]  INFO -- : lab.rism: Source 1001011704 moved 'Reproduction' to sf $d
I, [2017-09-27T08:14:16.238339 #8886]  INFO -- : lab.rism: Source 1001011707 moved 'Reproduction' to sf $d
I, [2017-09-27T08:14:16.281335 #8886]  INFO -- : lab.rism: Source 1001011738 moved 'Autography' to sf $d
I, [2017-09-27T08:14:16.333094 #8886]  INFO -- : lab.rism: Source 1001011750 moved 'Autography' to sf $d
I, [2017-09-27T08:14:16.380376 #8886]  INFO -- : lab.rism: Source 1001011792 moved 'Reproduction' to sf $d
I, [2017-09-27T08:14:16.436812 #8886]  INFO -- : lab.rism: Source 1001011816 moved 'Reproduction' to sf $d
I, [2017-09-27T08:14:16.494944 #8886]  INFO -- : lab.rism: Source 1001011818 moved 'Reproduction' to sf $d
I, [2017-09-27T08:14:16.539913 #8886]  INFO -- : lab.rism: Source 1001011819 moved 'Reproduction' to sf $d
I, [2017-09-27T08:14:16.645641 #8886]  INFO -- : lab.rism: Source 1001012057 moved 'Reproduction' to sf $d
I, [2017-09-27T08:14:16.691851 #8886]  INFO -- : lab.rism: Source 1001012058 moved 'Reproduction' to sf $d
I, [2017-09-27T08:14:16.730231 #8886]  INFO -- : lab.rism: Source 1001012081 moved 'Reproduction' to sf $d
I, [2017-09-27T08:14:16.767379 #8886]  INFO -- : lab.rism: Source 1001012103 moved 'Reproduction' to sf $d
I, [2017-09-27T08:14:16.808335 #8886]  INFO -- : lab.rism: Source 1001012203 moved 'Autography' to sf $d
I, [2017-09-27T08:14:16.904818 #8886]  INFO -- : lab.rism: Source 1001012334 moved 'Reproduction' to sf $d
I, [2017-09-27T08:14:17.022148 #8886]  INFO -- : lab.rism: Source 1001012335 moved 'Reproduction' to sf $d
I, [2017-09-27T08:14:17.090861 #8886]  INFO -- : lab.rism: Source 1001012338 moved 'Photoreproductive process' to sf $d
I, [2017-09-27T08:14:17.163779 #8886]  INFO -- : lab.rism: Source 1001012343 moved 'Reproduction' to sf $d
I, [2017-09-27T08:14:17.226870 #8886]  INFO -- : lab.rism: Source 1001012994 moved 'Reproduction' to sf $d
I, [2017-09-27T08:14:17.329362 #8886]  INFO -- : lab.rism: Source 1001013197 moved 'Autography' to sf $d
I, [2017-09-27T08:14:17.421949 #8886]  INFO -- : lab.rism: Source 1001013242 moved 'Reproduction' to sf $d
I, [2017-09-27T08:14:17.477374 #8886]  INFO -- : lab.rism: Source 1001013364 moved 'Reproduction' to sf $d
I, [2017-09-27T08:14:17.535898 #8886]  INFO -- : lab.rism: Source 1001013375 moved 'Reproduction' to sf $d
I, [2017-09-27T08:14:17.580511 #8886]  INFO -- : lab.rism: Source 1001013381 moved 'Reproduction' to sf $d
I, [2017-09-27T08:14:17.638463 #8886]  INFO -- : lab.rism: Source 1001013418 moved 'Autography' to sf $d
I, [2017-09-27T08:14:17.695369 #8886]  INFO -- : lab.rism: Source 1001013423 moved 'Autography' to sf $d
I, [2017-09-27T08:14:17.738643 #8886]  INFO -- : lab.rism: Source 1001013515 moved 'Reproduction' to sf $d
I, [2017-09-27T08:14:17.802746 #8886]  INFO -- : lab.rism: Source 1001013530 moved 'Reproduction' to sf $d
I, [2017-09-27T08:14:17.907461 #8886]  INFO -- : lab.rism: Source 1001013531 moved 'Reproduction' to sf $d
I, [2017-09-27T08:14:18.127846 #8886]  INFO -- : lab.rism: Source 1001013604 moved 'Photoreproductive process' to sf $d
I, [2017-09-27T08:14:18.174658 #8886]  INFO -- : lab.rism: Source 1001013787 moved 'Autography' to sf $d
I, [2017-09-27T08:14:18.235110 #8886]  INFO -- : lab.rism: Source 1001013788 moved 'Autography' to sf $d
I, [2017-09-27T08:14:18.276610 #8886]  INFO -- : lab.rism: Source 1001013804 moved 'Reproduction' to sf $d
I, [2017-09-27T08:14:18.313864 #8886]  INFO -- : lab.rism: Source 1001013806 moved 'Reproduction' to sf $d
I, [2017-09-27T08:14:18.357144 #8886]  INFO -- : lab.rism: Source 1001013810 moved 'Facsimile' to sf $d
I, [2017-09-27T08:14:18.409903 #8886]  INFO -- : lab.rism: Source 1001013831 moved 'Photoreproductive process' to sf $d
I, [2017-09-27T08:14:18.452653 #8886]  INFO -- : lab.rism: Source 1001013842 moved 'Photoreproductive process' to sf $d
I, [2017-09-27T08:14:18.492913 #8886]  INFO -- : lab.rism: Source 1001013844 moved 'Photoreproductive process' to sf $d
I, [2017-09-27T08:14:18.532097 #8886]  INFO -- : lab.rism: Source 1001013875 moved 'Reproduction' to sf $d
I, [2017-09-27T08:14:18.633053 #8886]  INFO -- : lab.rism: Source 1001013876 moved 'Reproduction' to sf $d
I, [2017-09-27T08:14:18.698955 #8886]  INFO -- : lab.rism: Source 1001013935 moved 'Reproduction' to sf $d
I, [2017-09-27T08:14:18.760948 #8886]  INFO -- : lab.rism: Source 1001014782 moved 'Reproduction' to sf $d
I, [2017-09-27T08:14:18.831326 #8886]  INFO -- : lab.rism: Source 1001014817 moved 'Reproduction' to sf $d
I, [2017-09-27T08:14:18.966611 #8886]  INFO -- : lab.rism: Source 1001014818 moved 'Reproduction' to sf $d
I, [2017-09-27T08:14:19.041031 #8886]  INFO -- : lab.rism: Source 1001014941 moved 'Autography' to sf $d
I, [2017-09-27T08:14:19.127297 #8886]  INFO -- : lab.rism: Source 1001014946 moved 'Autography' to sf $d
I, [2017-09-27T08:14:19.186372 #8886]  INFO -- : lab.rism: Source 1001015033 moved 'Reproduction' to sf $d
I, [2017-09-27T08:14:19.235334 #8886]  INFO -- : lab.rism: Source 1001015034 moved 'Autography' to sf $d
I, [2017-09-27T08:14:19.310164 #8886]  INFO -- : lab.rism: Source 1001015035 moved 'Autography' to sf $d
I, [2017-09-27T08:14:19.430240 #8886]  INFO -- : lab.rism: Source 1001015036 moved 'Autography' to sf $d
I, [2017-09-27T08:14:19.473163 #8886]  INFO -- : lab.rism: Source 1001015039 moved 'Autography' to sf $d
I, [2017-09-27T08:14:19.513306 #8886]  INFO -- : lab.rism: Source 1001015040 moved 'Autography' to sf $d
I, [2017-09-27T08:14:19.554877 #8886]  INFO -- : lab.rism: Source 1001015042 moved 'Autography' to sf $d
I, [2017-09-27T08:14:19.600962 #8886]  INFO -- : lab.rism: Source 1001015043 moved 'Autography' to sf $d
I, [2017-09-27T08:14:19.638153 #8886]  INFO -- : lab.rism: Source 1001015044 moved 'Autography' to sf $d
I, [2017-09-27T08:14:19.676212 #8886]  INFO -- : lab.rism: Source 1001015045 moved 'Autography' to sf $d
I, [2017-09-27T08:14:19.712935 #8886]  INFO -- : lab.rism: Source 1001015046 moved 'Autography' to sf $d
I, [2017-09-27T08:14:19.751465 #8886]  INFO -- : lab.rism: Source 1001015083 moved 'Reproduction' to sf $d
I, [2017-09-27T08:14:19.787777 #8886]  INFO -- : lab.rism: Source 1001015116 moved 'Reproduction' to sf $d
I, [2017-09-27T08:14:19.821949 #8886]  INFO -- : lab.rism: Source 1001015188 moved 'Reproduction' to sf $d
I, [2017-09-27T08:14:19.956159 #8886]  INFO -- : lab.rism: Source 1001015299 moved 'Autography' to sf $d
I, [2017-09-27T08:14:20.058192 #8886]  INFO -- : lab.rism: Source 1001015467 moved 'Autography' to sf $d
I, [2017-09-27T08:14:20.140198 #8886]  INFO -- : lab.rism: Source 1001015468 moved 'Autography' to sf $d
I, [2017-09-27T08:14:20.191063 #8886]  INFO -- : lab.rism: Source 1001015479 moved 'Autography' to sf $d
I, [2017-09-27T08:14:20.239429 #8886]  INFO -- : lab.rism: Source 1001015517 moved 'Reproduction' to sf $d
I, [2017-09-27T08:14:20.302058 #8886]  INFO -- : lab.rism: Source 1001015518 moved 'Reproduction' to sf $d
I, [2017-09-27T08:14:20.343424 #8886]  INFO -- : lab.rism: Source 1001015519 moved 'Reproduction' to sf $d
I, [2017-09-27T08:14:20.388226 #8886]  INFO -- : lab.rism: Source 1001015563 moved 'Reproduction' to sf $d
I, [2017-09-27T08:14:20.454621 #8886]  INFO -- : lab.rism: Source 1001015637 moved 'Autography' to sf $d
I, [2017-09-27T08:14:20.636871 #8886]  INFO -- : lab.rism: Source 1001015657 moved 'Autography' to sf $d
I, [2017-09-27T08:14:20.705749 #8886]  INFO -- : lab.rism: Source 1001015662 moved 'Autography' to sf $d
I, [2017-09-27T08:14:20.764841 #8886]  INFO -- : lab.rism: Source 1001015682 moved 'Autography' to sf $d
I, [2017-09-27T08:14:20.818758 #8886]  INFO -- : lab.rism: Source 1001015716 moved 'Autography' to sf $d
I, [2017-09-27T08:14:21.091424 #8886]  INFO -- : lab.rism: Source 1001015723 moved 'Autography' to sf $d
I, [2017-09-27T08:14:21.159354 #8886]  INFO -- : lab.rism: Source 1001015739 moved 'Autography' to sf $d
I, [2017-09-27T08:14:21.215758 #8886]  INFO -- : lab.rism: Source 1001015741 moved 'Autography' to sf $d
I, [2017-09-27T08:14:21.266558 #8886]  INFO -- : lab.rism: Source 1001015745 moved 'Autography' to sf $d
I, [2017-09-27T08:14:21.316729 #8886]  INFO -- : lab.rism: Source 1001015766 moved 'Autography' to sf $d
I, [2017-09-27T08:14:21.377599 #8886]  INFO -- : lab.rism: Source 1001015770 moved 'Autography' to sf $d
I, [2017-09-27T08:14:21.423018 #8886]  INFO -- : lab.rism: Source 1001015773 moved 'Autography' to sf $d
I, [2017-09-27T08:14:21.514797 #8886]  INFO -- : lab.rism: Source 1001015774 moved 'Autography' to sf $d
I, [2017-09-27T08:14:21.570112 #8886]  INFO -- : lab.rism: Source 1001015782 moved 'Autography' to sf $d
I, [2017-09-27T08:14:21.615653 #8886]  INFO -- : lab.rism: Source 1001015788 moved 'Autography' to sf $d
I, [2017-09-27T08:14:21.657795 #8886]  INFO -- : lab.rism: Source 1001015791 moved 'Autography' to sf $d
I, [2017-09-27T08:14:21.696299 #8886]  INFO -- : lab.rism: Source 1001015920 moved 'Reproduction' to sf $d
I, [2017-09-27T08:14:21.726460 #8886]  INFO -- : lab.rism: Source 1001015947 moved 'Autography' to sf $d
I, [2017-09-27T08:14:21.773233 #8886]  INFO -- : lab.rism: Source 1001015992 moved 'Autography' to sf $d
I, [2017-09-27T08:14:21.998843 #8886]  INFO -- : lab.rism: Source 1001016000 moved 'Autography' to sf $d
I, [2017-09-27T08:14:22.067610 #8886]  INFO -- : lab.rism: Source 1001016005 moved 'Autography' to sf $d
I, [2017-09-27T08:14:22.127964 #8886]  INFO -- : lab.rism: Source 1001016220 moved 'Autography' to sf $d
I, [2017-09-27T08:14:22.223420 #8886]  INFO -- : lab.rism: Source 1001016228 moved 'Autography' to sf $d
I, [2017-09-27T08:14:22.305702 #8886]  INFO -- : lab.rism: Source 1001016236 moved 'Autography' to sf $d
I, [2017-09-27T08:14:22.371855 #8886]  INFO -- : lab.rism: Source 1001016240 moved 'Autography' to sf $d
I, [2017-09-27T08:14:22.433267 #8886]  INFO -- : lab.rism: Source 1001016244 moved 'Autography' to sf $d
I, [2017-09-27T08:14:22.490121 #8886]  INFO -- : lab.rism: Source 1001016251 moved 'Reproduction' to sf $d
I, [2017-09-27T08:14:22.661765 #8886]  INFO -- : lab.rism: Source 1001016289 moved 'Autography' to sf $d
I, [2017-09-27T08:14:22.751070 #8886]  INFO -- : lab.rism: Source 1001016294 moved 'Autography' to sf $d
I, [2017-09-27T08:14:22.822848 #8886]  INFO -- : lab.rism: Source 1001016310 moved 'Autography' to sf $d
I, [2017-09-27T08:14:23.024752 #8886]  INFO -- : lab.rism: Source 1001016314 moved 'Autography' to sf $d
I, [2017-09-27T08:14:23.102354 #8886]  INFO -- : lab.rism: Source 1001016326 moved 'Autography' to sf $d
I, [2017-09-27T08:14:23.218112 #8886]  INFO -- : lab.rism: Source 1001016332 moved 'Autography' to sf $d
I, [2017-09-27T08:14:23.281866 #8886]  INFO -- : lab.rism: Source 1001016351 moved 'Autography' to sf $d
I, [2017-09-27T08:14:23.422974 #8886]  INFO -- : lab.rism: Source 1001016382 moved 'Reproduction' to sf $d
I, [2017-09-27T08:14:23.466101 #8886]  INFO -- : lab.rism: Source 1001016403 moved 'Reproduction' to sf $d
I, [2017-09-27T08:14:23.593413 #8886]  INFO -- : lab.rism: Source 1001016414 moved 'Autography' to sf $d
I, [2017-09-27T08:14:24.032132 #8886]  INFO -- : lab.rism: Source 1001016517 moved 'Autography' to sf $d
I, [2017-09-27T08:14:24.259495 #8886]  INFO -- : lab.rism: Source 1001016615 moved 'Autography' to sf $d
I, [2017-09-27T08:14:24.330102 #8886]  INFO -- : lab.rism: Source 1001016618 moved 'Autography' to sf $d
I, [2017-09-27T08:14:24.384120 #8886]  INFO -- : lab.rism: Source 1001016662 moved 'Autography' to sf $d
I, [2017-09-27T08:14:24.459426 #8886]  INFO -- : lab.rism: Source 1001016663 moved 'Autography' to sf $d
I, [2017-09-27T08:14:24.525654 #8886]  INFO -- : lab.rism: Source 1001016748 moved 'Autography' to sf $d
I, [2017-09-27T08:14:24.683315 #8886]  INFO -- : lab.rism: Source 1001016824 moved 'Reproduction' to sf $d
I, [2017-09-27T08:14:24.758361 #8886]  INFO -- : lab.rism: Source 1001016825 moved 'Reproduction' to sf $d
I, [2017-09-27T08:14:24.808414 #8886]  INFO -- : lab.rism: Source 1001016826 moved 'Reproduction' to sf $d
I, [2017-09-27T08:14:24.973552 #8886]  INFO -- : lab.rism: Source 1001016871 moved 'Autography' to sf $d
I, [2017-09-27T08:14:25.058579 #8886]  INFO -- : lab.rism: Source 1001016876 moved 'Autography' to sf $d
I, [2017-09-27T08:14:25.118175 #8886]  INFO -- : lab.rism: Source 1001017041 moved 'Autography' to sf $d
I, [2017-09-27T08:14:25.193659 #8886]  INFO -- : lab.rism: Source 1001017043 moved 'Autography' to sf $d
I, [2017-09-27T08:14:25.259837 #8886]  INFO -- : lab.rism: Source 1001017051 moved 'Autography' to sf $d
I, [2017-09-27T08:14:25.308528 #8886]  INFO -- : lab.rism: Source 1001017354 moved 'Autography' to sf $d
I, [2017-09-27T08:14:25.461829 #8886]  INFO -- : lab.rism: Source 1001017355 moved 'Autography' to sf $d
I, [2017-09-27T08:14:25.526428 #8886]  INFO -- : lab.rism: Source 1001017356 moved 'Autography' to sf $d
I, [2017-09-27T08:14:25.666800 #8886]  INFO -- : lab.rism: Source 1001017357 moved 'Autography' to sf $d
I, [2017-09-27T08:14:25.727344 #8886]  INFO -- : lab.rism: Source 1001017358 moved 'Autography' to sf $d
I, [2017-09-27T08:14:25.780709 #8886]  INFO -- : lab.rism: Source 1001017359 moved 'Autography' to sf $d
I, [2017-09-27T08:14:25.878030 #8886]  INFO -- : lab.rism: Source 1001017360 moved 'Autography' to sf $d
I, [2017-09-27T08:14:26.045159 #8886]  INFO -- : lab.rism: Source 1001017361 moved 'Reproduction' to sf $d
I, [2017-09-27T08:14:26.103883 #8886]  INFO -- : lab.rism: Source 1001017677 moved 'Reproduction' to sf $d
I, [2017-09-27T08:14:26.153032 #8886]  INFO -- : lab.rism: Source 1001017715 moved 'Autography' to sf $d
I, [2017-09-27T08:14:26.208098 #8886]  INFO -- : lab.rism: Source 1001017716 moved 'Autography' to sf $d
I, [2017-09-27T08:14:26.259946 #8886]  INFO -- : lab.rism: Source 1001017717 moved 'Autography' to sf $d
I, [2017-09-27T08:14:26.353694 #8886]  INFO -- : lab.rism: Source 1001017718 moved 'Autography' to sf $d
I, [2017-09-27T08:14:26.419998 #8886]  INFO -- : lab.rism: Source 1001017719 moved 'Autography' to sf $d
I, [2017-09-27T08:14:26.477130 #8886]  INFO -- : lab.rism: Source 1001017720 moved 'Autography' to sf $d
I, [2017-09-27T08:14:26.528386 #8886]  INFO -- : lab.rism: Source 1001017721 moved 'Autography' to sf $d
I, [2017-09-27T08:14:26.594942 #8886]  INFO -- : lab.rism: Source 1001017722 moved 'Autography' to sf $d
I, [2017-09-27T08:14:26.651234 #8886]  INFO -- : lab.rism: Source 1001017723 moved 'Autography' to sf $d
I, [2017-09-27T08:14:26.701084 #8886]  INFO -- : lab.rism: Source 1001017724 moved 'Autography' to sf $d
I, [2017-09-27T08:14:26.751088 #8886]  INFO -- : lab.rism: Source 1001017725 moved 'Autography' to sf $d
I, [2017-09-27T08:14:26.955704 #8886]  INFO -- : lab.rism: Source 1001017726 moved 'Autography' to sf $d
I, [2017-09-27T08:14:27.024504 #8886]  INFO -- : lab.rism: Source 1001017727 moved 'Autography' to sf $d
I, [2017-09-27T08:14:27.157345 #8886]  INFO -- : lab.rism: Source 1001017728 moved 'Autography' to sf $d
I, [2017-09-27T08:14:27.227572 #8886]  INFO -- : lab.rism: Source 1001017729 moved 'Autography' to sf $d
I, [2017-09-27T08:14:27.284861 #8886]  INFO -- : lab.rism: Source 1001017730 moved 'Autography' to sf $d
I, [2017-09-27T08:14:27.341485 #8886]  INFO -- : lab.rism: Source 1001017731 moved 'Autography' to sf $d
I, [2017-09-27T08:14:27.393483 #8886]  INFO -- : lab.rism: Source 1001017732 moved 'Autography' to sf $d
I, [2017-09-27T08:14:27.443412 #8886]  INFO -- : lab.rism: Source 1001017733 moved 'Autography' to sf $d
I, [2017-09-27T08:14:27.492514 #8886]  INFO -- : lab.rism: Source 1001017746 moved 'Autography' to sf $d
I, [2017-09-27T08:14:27.542180 #8886]  INFO -- : lab.rism: Source 1001017748 moved 'Autography' to sf $d
I, [2017-09-27T08:14:27.583407 #8886]  INFO -- : lab.rism: Source 1001017751 moved 'Autography' to sf $d
I, [2017-09-27T08:14:27.753935 #8886]  INFO -- : lab.rism: Source 1001017752 moved 'Autography' to sf $d
I, [2017-09-27T08:14:27.877244 #8886]  INFO -- : lab.rism: Source 1001017984 moved 'Reproduction' to sf $d
I, [2017-09-27T08:14:28.194808 #8886]  INFO -- : lab.rism: Source 1001018109 moved 'Autography' to sf $d
I, [2017-09-27T08:14:28.338068 #8886]  INFO -- : lab.rism: Source 1001018265 moved 'Autography' to sf $d
I, [2017-09-27T08:14:28.452566 #8886]  INFO -- : lab.rism: Source 1001018692 moved 'Autography' to sf $d
I, [2017-09-27T08:14:28.526106 #8886]  INFO -- : lab.rism: Source 1001018693 moved 'Autography' to sf $d
I, [2017-09-27T08:14:28.584796 #8886]  INFO -- : lab.rism: Source 1001018694 moved 'Autography' to sf $d
I, [2017-09-27T08:14:28.718957 #8886]  INFO -- : lab.rism: Source 1001018695 moved 'Autography' to sf $d
I, [2017-09-27T08:14:28.768342 #8886]  INFO -- : lab.rism: Source 1001018698 moved 'Autography' to sf $d
I, [2017-09-27T08:14:28.817899 #8886]  INFO -- : lab.rism: Source 1001018699 moved 'Autography' to sf $d
I, [2017-09-27T08:14:28.968874 #8886]  INFO -- : lab.rism: Source 1001018700 moved 'Autography' to sf $d
I, [2017-09-27T08:14:29.200458 #8886]  INFO -- : lab.rism: Source 1001018701 moved 'Autography' to sf $d
I, [2017-09-27T08:14:29.309428 #8886]  INFO -- : lab.rism: Source 1001018702 moved 'Autography' to sf $d
I, [2017-09-27T08:14:29.520962 #8886]  INFO -- : lab.rism: Source 1001018703 moved 'Autography' to sf $d
I, [2017-09-27T08:14:29.697546 #8886]  INFO -- : lab.rism: Source 1001018704 moved 'Autography' to sf $d
I, [2017-09-27T08:14:29.796955 #8886]  INFO -- : lab.rism: Source 1001018705 moved 'Autography' to sf $d
I, [2017-09-27T08:14:29.950592 #8886]  INFO -- : lab.rism: Source 1001018706 moved 'Autography' to sf $d
I, [2017-09-27T08:14:30.239285 #8886]  INFO -- : lab.rism: Source 1001018713 moved 'Photoreproductive process' to sf $d
I, [2017-09-27T08:14:30.486720 #8886]  INFO -- : lab.rism: Source 1001018768 moved 'Autography' to sf $d
I, [2017-09-27T08:14:30.628314 #8886]  INFO -- : lab.rism: Source 1001018804 moved 'Autography' to sf $d
I, [2017-09-27T08:14:30.812194 #8886]  INFO -- : lab.rism: Source 1001018824 moved 'Autography' to sf $d
I, [2017-09-27T08:14:31.111307 #8886]  INFO -- : lab.rism: Source 1001018834 moved 'Autography' to sf $d
I, [2017-09-27T08:14:31.293040 #8886]  INFO -- : lab.rism: Source 1001018838 moved 'Autography' to sf $d
I, [2017-09-27T08:14:31.359103 #8886]  INFO -- : lab.rism: Source 1001018840 moved 'Autography' to sf $d
I, [2017-09-27T08:14:31.493804 #8886]  INFO -- : lab.rism: Source 1001018847 moved 'Autography' to sf $d
I, [2017-09-27T08:14:31.700206 #8886]  INFO -- : lab.rism: Source 1001018848 moved 'Autography' to sf $d
I, [2017-09-27T08:14:31.761186 #8886]  INFO -- : lab.rism: Source 1001018849 moved 'Autography' to sf $d
I, [2017-09-27T08:14:31.816669 #8886]  INFO -- : lab.rism: Source 1001018850 moved 'Autography' to sf $d
I, [2017-09-27T08:14:31.884093 #8886]  INFO -- : lab.rism: Source 1001018851 moved 'Autography' to sf $d
I, [2017-09-27T08:14:32.017940 #8886]  INFO -- : lab.rism: Source 1001018852 moved 'Autography' to sf $d
I, [2017-09-27T08:14:32.095752 #8886]  INFO -- : lab.rism: Source 1001018853 moved 'Autography' to sf $d
I, [2017-09-27T08:14:32.152180 #8886]  INFO -- : lab.rism: Source 1001018854 moved 'Autography' to sf $d
I, [2017-09-27T08:14:32.201993 #8886]  INFO -- : lab.rism: Source 1001018855 moved 'Autography' to sf $d
I, [2017-09-27T08:14:32.251741 #8886]  INFO -- : lab.rism: Source 1001018856 moved 'Autography' to sf $d
I, [2017-09-27T08:14:32.303817 #8886]  INFO -- : lab.rism: Source 1001018857 moved 'Autography' to sf $d
I, [2017-09-27T08:14:32.352208 #8886]  INFO -- : lab.rism: Source 1001018858 moved 'Autography' to sf $d
I, [2017-09-27T08:14:32.401835 #8886]  INFO -- : lab.rism: Source 1001018859 moved 'Autography' to sf $d
I, [2017-09-27T08:14:32.501859 #8886]  INFO -- : lab.rism: Source 1001018860 moved 'Autography' to sf $d
I, [2017-09-27T08:14:32.569820 #8886]  INFO -- : lab.rism: Source 1001018861 moved 'Autography' to sf $d
I, [2017-09-27T08:14:32.625117 #8886]  INFO -- : lab.rism: Source 1001018862 moved 'Autography' to sf $d
I, [2017-09-27T08:14:32.676993 #8886]  INFO -- : lab.rism: Source 1001018863 moved 'Autography' to sf $d
I, [2017-09-27T08:14:32.724183 #8886]  INFO -- : lab.rism: Source 1001018864 moved 'Autography' to sf $d
I, [2017-09-27T08:14:32.767896 #8886]  INFO -- : lab.rism: Source 1001018865 moved 'Autography' to sf $d
I, [2017-09-27T08:14:32.885393 #8886]  INFO -- : lab.rism: Source 1001018867 moved 'Autography' to sf $d
I, [2017-09-27T08:14:32.975607 #8886]  INFO -- : lab.rism: Source 1001018868 moved 'Autography' to sf $d
I, [2017-09-27T08:14:33.053840 #8886]  INFO -- : lab.rism: Source 1001018869 moved 'Autography' to sf $d
I, [2017-09-27T08:14:33.110856 #8886]  INFO -- : lab.rism: Source 1001018870 moved 'Autography' to sf $d
I, [2017-09-27T08:14:33.161028 #8886]  INFO -- : lab.rism: Source 1001018871 moved 'Autography' to sf $d
I, [2017-09-27T08:14:33.210699 #8886]  INFO -- : lab.rism: Source 1001019018 moved 'Autography' to sf $d
I, [2017-09-27T08:14:33.260333 #8886]  INFO -- : lab.rism: Source 1001019025 moved 'Autography' to sf $d
I, [2017-09-27T08:14:33.312491 #8886]  INFO -- : lab.rism: Source 1001019049 moved 'Autography' to sf $d
I, [2017-09-27T08:14:33.359799 #8886]  INFO -- : lab.rism: Source 1001019057 moved 'Autography' to sf $d
I, [2017-09-27T08:14:33.468589 #8886]  INFO -- : lab.rism: Source 1001019062 moved 'Autography' to sf $d
I, [2017-09-27T08:14:33.529569 #8886]  INFO -- : lab.rism: Source 1001019068 moved 'Autography' to sf $d
I, [2017-09-27T08:14:33.594979 #8886]  INFO -- : lab.rism: Source 1001019280 moved 'Autography' to sf $d
I, [2017-09-27T08:14:33.660832 #8886]  INFO -- : lab.rism: Source 1001019281 moved 'Autography' to sf $d
I, [2017-09-27T08:14:33.710724 #8886]  INFO -- : lab.rism: Source 1001019282 moved 'Autography' to sf $d
I, [2017-09-27T08:14:33.760893 #8886]  INFO -- : lab.rism: Source 1001019283 moved 'Autography' to sf $d
I, [2017-09-27T08:14:33.810782 #8886]  INFO -- : lab.rism: Source 1001019284 moved 'Autography' to sf $d
I, [2017-09-27T08:14:34.278278 #8886]  INFO -- : lab.rism: Source 1001019285 moved 'Autography' to sf $d
I, [2017-09-27T08:14:34.390722 #8886]  INFO -- : lab.rism: Source 1001019286 moved 'Autography' to sf $d
I, [2017-09-27T08:14:34.504567 #8886]  INFO -- : lab.rism: Source 1001019288 moved 'Autography' to sf $d
I, [2017-09-27T08:14:34.652932 #8886]  INFO -- : lab.rism: Source 1001019289 moved 'Autography' to sf $d
I, [2017-09-27T08:14:34.702868 #8886]  INFO -- : lab.rism: Source 1001019290 moved 'Autography' to sf $d
I, [2017-09-27T08:14:34.753957 #8886]  INFO -- : lab.rism: Source 1001019291 moved 'Autography' to sf $d
I, [2017-09-27T08:14:34.810157 #8886]  INFO -- : lab.rism: Source 1001019292 moved 'Autography' to sf $d
I, [2017-09-27T08:14:34.935114 #8886]  INFO -- : lab.rism: Source 1001019293 moved 'Autography' to sf $d
I, [2017-09-27T08:14:35.001943 #8886]  INFO -- : lab.rism: Source 1001019295 moved 'Autography' to sf $d
I, [2017-09-27T08:14:35.126610 #8886]  INFO -- : lab.rism: Source 1001019296 moved 'Autography' to sf $d
I, [2017-09-27T08:14:35.174379 #8886]  INFO -- : lab.rism: Source 1001019298 moved 'Autography' to sf $d
I, [2017-09-27T08:14:35.218530 #8886]  INFO -- : lab.rism: Source 1001019300 moved 'Autography' to sf $d
I, [2017-09-27T08:14:35.260234 #8886]  INFO -- : lab.rism: Source 1001019301 moved 'Autography' to sf $d
I, [2017-09-27T08:14:35.301654 #8886]  INFO -- : lab.rism: Source 1001019302 moved 'Autography' to sf $d
I, [2017-09-27T08:14:35.343505 #8886]  INFO -- : lab.rism: Source 1001019303 moved 'Autography' to sf $d
I, [2017-09-27T08:14:35.430211 #8886]  INFO -- : lab.rism: Source 1001019304 moved 'Autography' to sf $d
I, [2017-09-27T08:14:35.486494 #8886]  INFO -- : lab.rism: Source 1001019307 moved 'Autography' to sf $d
I, [2017-09-27T08:14:35.537384 #8886]  INFO -- : lab.rism: Source 1001019308 moved 'Autography' to sf $d
I, [2017-09-27T08:14:35.582775 #8886]  INFO -- : lab.rism: Source 1001019313 moved 'Autography' to sf $d
I, [2017-09-27T08:14:35.678327 #8886]  INFO -- : lab.rism: Source 1001019314 moved 'Autography' to sf $d
I, [2017-09-27T08:14:35.745999 #8886]  INFO -- : lab.rism: Source 1001019315 moved 'Autography' to sf $d
I, [2017-09-27T08:14:35.964074 #8886]  INFO -- : lab.rism: Source 1001019317 moved 'Autography' to sf $d
I, [2017-09-27T08:14:36.129166 #8886]  INFO -- : lab.rism: Source 1001019318 moved 'Autography' to sf $d
I, [2017-09-27T08:14:36.204212 #8886]  INFO -- : lab.rism: Source 1001019408 moved 'Autography' to sf $d
I, [2017-09-27T08:14:36.259986 #8886]  INFO -- : lab.rism: Source 1001019411 moved 'Autography' to sf $d
I, [2017-09-27T08:14:36.368055 #8886]  INFO -- : lab.rism: Source 1001019412 moved 'Autography' to sf $d
I, [2017-09-27T08:14:36.418708 #8886]  INFO -- : lab.rism: Source 1001019413 moved 'Autography' to sf $d
I, [2017-09-27T08:14:36.471703 #8886]  INFO -- : lab.rism: Source 1001019414 moved 'Autography' to sf $d
I, [2017-09-27T08:14:36.569647 #8886]  INFO -- : lab.rism: Source 1001019415 moved 'Autography' to sf $d
I, [2017-09-27T08:14:36.628859 #8886]  INFO -- : lab.rism: Source 1001019416 moved 'Autography' to sf $d
I, [2017-09-27T08:14:36.684439 #8886]  INFO -- : lab.rism: Source 1001019417 moved 'Autography' to sf $d
I, [2017-09-27T08:14:36.733812 #8886]  INFO -- : lab.rism: Source 1001019418 moved 'Autography' to sf $d
I, [2017-09-27T08:14:36.777978 #8886]  INFO -- : lab.rism: Source 1001019419 moved 'Autography' to sf $d
I, [2017-09-27T08:14:36.872389 #8886]  INFO -- : lab.rism: Source 1001019420 moved 'Autography' to sf $d
I, [2017-09-27T08:14:37.015002 #8886]  INFO -- : lab.rism: Source 1001019421 moved 'Autography' to sf $d
I, [2017-09-27T08:14:37.217019 #8886]  INFO -- : lab.rism: Source 1001019422 moved 'Autography' to sf $d
I, [2017-09-27T08:14:37.354690 #8886]  INFO -- : lab.rism: Source 1001019423 moved 'Autography' to sf $d
I, [2017-09-27T08:14:37.419788 #8886]  INFO -- : lab.rism: Source 1001019424 moved 'Autography' to sf $d
I, [2017-09-27T08:14:37.481947 #8886]  INFO -- : lab.rism: Source 1001019425 moved 'Autography' to sf $d
I, [2017-09-27T08:14:37.665583 #8886]  INFO -- : lab.rism: Source 1001019426 moved 'Autography' to sf $d
I, [2017-09-27T08:14:37.730953 #8886]  INFO -- : lab.rism: Source 1001019427 moved 'Autography' to sf $d
I, [2017-09-27T08:14:37.788035 #8886]  INFO -- : lab.rism: Source 1001019428 moved 'Autography' to sf $d
I, [2017-09-27T08:14:37.864484 #8886]  INFO -- : lab.rism: Source 1001019429 moved 'Autography' to sf $d
I, [2017-09-27T08:14:38.058708 #8886]  INFO -- : lab.rism: Source 1001020018 moved 'Autography' to sf $d
I, [2017-09-27T08:14:38.157634 #8886]  INFO -- : lab.rism: Source 1001020019 moved 'Autography' to sf $d
I, [2017-09-27T08:14:38.238798 #8886]  INFO -- : lab.rism: Source 1001020020 moved 'Autography' to sf $d
I, [2017-09-27T08:14:38.293894 #8886]  INFO -- : lab.rism: Source 1001020021 moved 'Autography' to sf $d
I, [2017-09-27T08:14:38.436148 #8886]  INFO -- : lab.rism: Source 1001020022 moved 'Autography' to sf $d
I, [2017-09-27T08:14:38.505376 #8886]  INFO -- : lab.rism: Source 1001020023 moved 'Autography' to sf $d
I, [2017-09-27T08:14:38.562938 #8886]  INFO -- : lab.rism: Source 1001020024 moved 'Autography' to sf $d
I, [2017-09-27T08:14:38.613007 #8886]  INFO -- : lab.rism: Source 1001020025 moved 'Autography' to sf $d
I, [2017-09-27T08:14:38.714762 #8886]  INFO -- : lab.rism: Source 1001020026 moved 'Autography' to sf $d
I, [2017-09-27T08:14:38.779456 #8886]  INFO -- : lab.rism: Source 1001020027 moved 'Autography' to sf $d
I, [2017-09-27T08:14:38.836648 #8886]  INFO -- : lab.rism: Source 1001020028 moved 'Autography' to sf $d
I, [2017-09-27T08:14:38.979117 #8886]  INFO -- : lab.rism: Source 1001020029 moved 'Autography' to sf $d
I, [2017-09-27T08:14:39.314571 #8886]  INFO -- : lab.rism: Source 1001020030 moved 'Autography' to sf $d
I, [2017-09-27T08:14:39.469576 #8886]  INFO -- : lab.rism: Source 1001020031 moved 'Autography' to sf $d
I, [2017-09-27T08:14:39.530391 #8886]  INFO -- : lab.rism: Source 1001020032 moved 'Autography' to sf $d
I, [2017-09-27T08:14:39.748443 #8886]  INFO -- : lab.rism: Source 1001020033 moved 'Autography' to sf $d
I, [2017-09-27T08:14:39.820039 #8886]  INFO -- : lab.rism: Source 1001020034 moved 'Autography' to sf $d
I, [2017-09-27T08:14:39.884590 #8886]  INFO -- : lab.rism: Source 1001020035 moved 'Autography' to sf $d
I, [2017-09-27T08:14:39.950742 #8886]  INFO -- : lab.rism: Source 1001020036 moved 'Autography' to sf $d
I, [2017-09-27T08:14:40.002285 #8886]  INFO -- : lab.rism: Source 1001020129 moved 'Reproduction' to sf $d
I, [2017-09-27T08:14:40.123735 #8886]  INFO -- : lab.rism: Source 1001020152 moved 'Reproduction' to sf $d
I, [2017-09-27T08:14:40.194789 #8886]  INFO -- : lab.rism: Source 1001020173 moved 'Reproduction' to sf $d
I, [2017-09-27T08:14:40.245735 #8886]  INFO -- : lab.rism: Source 1001020264 moved 'Reproduction' to sf $d
I, [2017-09-27T08:14:40.286386 #8886]  INFO -- : lab.rism: Source 1001020369 moved 'Photoreproductive process' to sf $d
I, [2017-09-27T08:14:40.344644 #8886]  INFO -- : lab.rism: Source 1001020443 moved 'Photoreproductive process' to sf $d
I, [2017-09-27T08:14:40.403756 #8886]  INFO -- : lab.rism: Source 1001020513 moved 'Autography' to sf $d
I, [2017-09-27T08:14:40.461838 #8886]  INFO -- : lab.rism: Source 1001020514 moved 'Autography' to sf $d
I, [2017-09-27T08:14:40.511187 #8886]  INFO -- : lab.rism: Source 1001020515 moved 'Autography' to sf $d
I, [2017-09-27T08:14:40.560647 #8886]  INFO -- : lab.rism: Source 1001020516 moved 'Autography' to sf $d
I, [2017-09-27T08:14:40.603195 #8886]  INFO -- : lab.rism: Source 1001020517 moved 'Autography' to sf $d
I, [2017-09-27T08:14:40.697237 #8886]  INFO -- : lab.rism: Source 1001020518 moved 'Autography' to sf $d
I, [2017-09-27T08:14:40.754975 #8886]  INFO -- : lab.rism: Source 1001020519 moved 'Autography' to sf $d
I, [2017-09-27T08:14:40.920151 #8886]  INFO -- : lab.rism: Source 1001020520 moved 'Autography' to sf $d
I, [2017-09-27T08:14:41.073661 #8886]  INFO -- : lab.rism: Source 1001020521 moved 'Autography' to sf $d
I, [2017-09-27T08:14:41.179733 #8886]  INFO -- : lab.rism: Source 1001020522 moved 'Autography' to sf $d
I, [2017-09-27T08:14:41.244837 #8886]  INFO -- : lab.rism: Source 1001020523 moved 'Autography' to sf $d
I, [2017-09-27T08:14:41.305077 #8886]  INFO -- : lab.rism: Source 1001020524 moved 'Autography' to sf $d
I, [2017-09-27T08:14:41.363176 #8886]  INFO -- : lab.rism: Source 1001020525 moved 'Autography' to sf $d
I, [2017-09-27T08:14:41.443983 #8886]  INFO -- : lab.rism: Source 1001020526 moved 'Autography' to sf $d
I, [2017-09-27T08:14:41.496397 #8886]  INFO -- : lab.rism: Source 1001020527 moved 'Autography' to sf $d
I, [2017-09-27T08:14:41.556629 #8886]  INFO -- : lab.rism: Source 1001020528 moved 'Autography' to sf $d
I, [2017-09-27T08:14:41.614749 #8886]  INFO -- : lab.rism: Source 1001020529 moved 'Autography' to sf $d
I, [2017-09-27T08:14:41.677352 #8886]  INFO -- : lab.rism: Source 1001020530 moved 'Autography' to sf $d
I, [2017-09-27T08:14:41.729502 #8886]  INFO -- : lab.rism: Source 1001020531 moved 'Autography' to sf $d
I, [2017-09-27T08:14:41.795847 #8886]  INFO -- : lab.rism: Source 1001020532 moved 'Autography' to sf $d
I, [2017-09-27T08:14:41.949418 #8886]  INFO -- : lab.rism: Source 1001020533 moved 'Autography' to sf $d
I, [2017-09-27T08:14:42.030498 #8886]  INFO -- : lab.rism: Source 1001020534 moved 'Autography' to sf $d
I, [2017-09-27T08:14:42.163482 #8886]  INFO -- : lab.rism: Source 1001020535 moved 'Autography' to sf $d
I, [2017-09-27T08:14:42.255132 #8886]  INFO -- : lab.rism: Source 1001020536 moved 'Autography' to sf $d
I, [2017-09-27T08:14:42.404527 #8886]  INFO -- : lab.rism: Source 1001020537 moved 'Autography' to sf $d
I, [2017-09-27T08:14:42.462757 #8886]  INFO -- : lab.rism: Source 1001020538 moved 'Autography' to sf $d
I, [2017-09-27T08:14:42.512811 #8886]  INFO -- : lab.rism: Source 1001020539 moved 'Autography' to sf $d
I, [2017-09-27T08:14:42.617046 #8886]  INFO -- : lab.rism: Source 1001020540 moved 'Autography' to sf $d
I, [2017-09-27T08:14:42.686626 #8886]  INFO -- : lab.rism: Source 1001020541 moved 'Autography' to sf $d
I, [2017-09-27T08:14:42.744272 #8886]  INFO -- : lab.rism: Source 1001020542 moved 'Autography' to sf $d
I, [2017-09-27T08:14:42.795983 #8886]  INFO -- : lab.rism: Source 1001020543 moved 'Autography' to sf $d
I, [2017-09-27T08:14:42.880441 #8886]  INFO -- : lab.rism: Source 1001020804 moved 'Autography' to sf $d
I, [2017-09-27T08:14:43.031870 #8886]  INFO -- : lab.rism: Source 1001020805 moved 'Autography' to sf $d
I, [2017-09-27T08:14:43.113109 #8886]  INFO -- : lab.rism: Source 1001020806 moved 'Autography' to sf $d
I, [2017-09-27T08:14:43.171106 #8886]  INFO -- : lab.rism: Source 1001020807 moved 'Autography' to sf $d
I, [2017-09-27T08:14:43.221283 #8886]  INFO -- : lab.rism: Source 1001020808 moved 'Autography' to sf $d
I, [2017-09-27T08:14:43.270846 #8886]  INFO -- : lab.rism: Source 1001020809 moved 'Autography' to sf $d
I, [2017-09-27T08:14:43.320869 #8886]  INFO -- : lab.rism: Source 1001020810 moved 'Autography' to sf $d
I, [2017-09-27T08:14:43.370776 #8886]  INFO -- : lab.rism: Source 1001020811 moved 'Autography' to sf $d
I, [2017-09-27T08:14:43.420586 #8886]  INFO -- : lab.rism: Source 1001020812 moved 'Autography' to sf $d
I, [2017-09-27T08:14:43.470371 #8886]  INFO -- : lab.rism: Source 1001020813 moved 'Autography' to sf $d
I, [2017-09-27T08:14:43.564673 #8886]  INFO -- : lab.rism: Source 1001020814 moved 'Autography' to sf $d
I, [2017-09-27T08:14:43.722058 #8886]  INFO -- : lab.rism: Source 1001020815 moved 'Autography' to sf $d
I, [2017-09-27T08:14:43.770260 #8886]  INFO -- : lab.rism: Source 1001020816 moved 'Autography' to sf $d
I, [2017-09-27T08:14:43.817774 #8886]  INFO -- : lab.rism: Source 1001020817 moved 'Autography' to sf $d
I, [2017-09-27T08:14:43.878615 #8886]  INFO -- : lab.rism: Source 1001020818 moved 'Autography' to sf $d
I, [2017-09-27T08:14:44.014458 #8886]  INFO -- : lab.rism: Source 1001021324 moved 'Reproduction' to sf $d
I, [2017-09-27T08:14:44.384187 #8886]  INFO -- : lab.rism: Source 1001021518 moved 'Reproduction' to sf $d
I, [2017-09-27T08:14:44.720191 #8886]  INFO -- : lab.rism: Source 1001021519 moved 'Reproduction' to sf $d
I, [2017-09-27T08:14:45.201742 #8886]  INFO -- : lab.rism: Source 1001021520 moved 'Reproduction' to sf $d
I, [2017-09-27T08:14:45.723557 #8886]  INFO -- : lab.rism: Source 1001021653 moved 'Reproduction' to sf $d
I, [2017-09-27T08:14:46.161632 #8886]  INFO -- : lab.rism: Source 1001021655 moved 'Reproduction' to sf $d
I, [2017-09-27T08:14:46.272480 #8886]  INFO -- : lab.rism: Source 1001021661 moved 'Reproduction' to sf $d
I, [2017-09-27T08:14:46.328738 #8886]  INFO -- : lab.rism: Source 1001021663 moved 'Reproduction' to sf $d
I, [2017-09-27T08:14:46.380809 #8886]  INFO -- : lab.rism: Source 1001021695 moved 'Reproduction' to sf $d
I, [2017-09-27T08:14:46.429273 #8886]  INFO -- : lab.rism: Source 1001021801 moved 'Reproduction' to sf $d
I, [2017-09-27T08:14:46.476718 #8886]  INFO -- : lab.rism: Source 1001021886 moved 'Reproduction' to sf $d
