# Logfile created on 2020-06-04 10:29:58 +0200 by logger.rb/56815
I, [2020-06-04T10:29:58.906814 #14173]  INFO -- : lab.rism: Size of collection --> 260
I, [2020-06-04T10:29:59.116159 #14173]  INFO -- : lab.rism: Source #840010032 deleted 240$k '1781'
I, [2020-06-04T10:29:59.127176 #14173]  INFO -- : lab.rism: Source #840010055 deleted 240$k '1775'
I, [2020-06-04T10:29:59.136207 #14173]  INFO -- : lab.rism: Source #840010058 deleted 240$k '1769'
I, [2020-06-04T10:29:59.143971 #14173]  INFO -- : lab.rism: Source #840010239 deleted 240$k '1721'
I, [2020-06-04T10:29:59.152850 #14173]  INFO -- : lab.rism: Source #840010987 deleted 240$k '1786'
I, [2020-06-04T10:29:59.166457 #14173]  INFO -- : lab.rism: Source #840011399 deleted 240$k '1728'
I, [2020-06-04T10:29:59.176305 #14173]  INFO -- : lab.rism: Source #840011861 deleted 240$k '1738'
I, [2020-06-04T10:29:59.185096 #14173]  INFO -- : lab.rism: Source #840011865 deleted 240$k '1697'
I, [2020-06-04T10:29:59.210902 #14173]  INFO -- : lab.rism: Source #840011881 deleted 240$k '1750'
I, [2020-06-04T10:29:59.219266 #14173]  INFO -- : lab.rism: Source #840012005 deleted 240$k '1792'
I, [2020-06-04T10:29:59.230193 #14173]  INFO -- : lab.rism: Source #840012138 deleted 240$k 'Décembre 1832'
I, [2020-06-04T10:29:59.243899 #14173]  INFO -- : lab.rism: Source #840012142 deleted 240$k '1826'
I, [2020-06-04T10:29:59.256277 #14173]  INFO -- : lab.rism: Source #840012143 deleted 240$k '1827'
I, [2020-06-04T10:29:59.264969 #14173]  INFO -- : lab.rism: Source #840012145 deleted 240$k 'Décembre 1832'
I, [2020-06-04T10:29:59.277658 #14173]  INFO -- : lab.rism: Source #840012146 deleted 240$k '1833'
I, [2020-06-04T10:29:59.286480 #14173]  INFO -- : lab.rism: Source #840012147 deleted 240$k '1833'
I, [2020-06-04T10:29:59.303183 #14173]  INFO -- : lab.rism: Source #840012148 deleted 240$k 'décembre 1834'
I, [2020-06-04T10:29:59.316076 #14173]  INFO -- : lab.rism: Source #840012149 deleted 240$k 'décembre 1834'
I, [2020-06-04T10:29:59.328006 #14173]  INFO -- : lab.rism: Source #840012150 deleted 240$k 'juin 1835'
I, [2020-06-04T10:29:59.352361 #14173]  INFO -- : lab.rism: Source #840012151 deleted 240$k 'décembre 1835'
I, [2020-06-04T10:29:59.368684 #14173]  INFO -- : lab.rism: Source #840012152 deleted 240$k 'décembre 1835'
I, [2020-06-04T10:29:59.382206 #14173]  INFO -- : lab.rism: Source #840012153 deleted 240$k '1835'
I, [2020-06-04T10:29:59.401689 #14173]  INFO -- : lab.rism: Source #840012154 deleted 240$k 'juin 1835'
I, [2020-06-04T10:29:59.414150 #14173]  INFO -- : lab.rism: Source #840012155 deleted 240$k '1836'
I, [2020-06-04T10:29:59.426456 #14173]  INFO -- : lab.rism: Source #840012156 deleted 240$k '1836'
I, [2020-06-04T10:29:59.438526 #14173]  INFO -- : lab.rism: Source #840012157 deleted 240$k 'Décembre 1836'
I, [2020-06-04T10:29:59.450413 #14173]  INFO -- : lab.rism: Source #840012158 deleted 240$k 'Décembre 1836'
I, [2020-06-04T10:29:59.462144 #14173]  INFO -- : lab.rism: Source #840012159 deleted 240$k 'juin 1836'
I, [2020-06-04T10:29:59.474350 #14173]  INFO -- : lab.rism: Source #840012160 deleted 240$k 'juin 1836'
I, [2020-06-04T10:29:59.485509 #14173]  INFO -- : lab.rism: Source #840012205 deleted 240$k '1837'
I, [2020-06-04T10:29:59.515182 #14173]  INFO -- : lab.rism: Source #840012225 deleted 240$k '1663'
I, [2020-06-04T10:29:59.520797 #14173]  INFO -- : lab.rism: Source #840012227 deleted 240$k '1827'
I, [2020-06-04T10:29:59.526112 #14173]  INFO -- : lab.rism: Source #840012228 deleted 240$k '1829'
I, [2020-06-04T10:29:59.531508 #14173]  INFO -- : lab.rism: Source #840012232 deleted 240$k '1831'
I, [2020-06-04T10:29:59.536847 #14173]  INFO -- : lab.rism: Source #840012233 deleted 240$k '1833'
I, [2020-06-04T10:29:59.545162 #14173]  INFO -- : lab.rism: Source #840012234 deleted 240$k '1823'
I, [2020-06-04T10:29:59.577817 #14173]  INFO -- : lab.rism: Source #840012244 deleted 240$k '1841'
I, [2020-06-04T10:29:59.630441 #14173]  INFO -- : lab.rism: Source #840012259 deleted 240$k '1813-1820'
I, [2020-06-04T10:29:59.641100 #14173]  INFO -- : lab.rism: Source #840013279 deleted 240$k '1828'
I, [2020-06-04T10:29:59.645373 #14173]  INFO -- : lab.rism: Source #840013413 deleted 240$k '1773'
I, [2020-06-04T10:29:59.649288 #14173]  INFO -- : lab.rism: Source #840013414 deleted 240$k '1780'
I, [2020-06-04T10:29:59.661549 #14173]  INFO -- : lab.rism: Source #840013436 deleted 240$k '1784'
I, [2020-06-04T10:29:59.669253 #14173]  INFO -- : lab.rism: Source #840013443 deleted 240$k '1780'
I, [2020-06-04T10:29:59.679317 #14173]  INFO -- : lab.rism: Source #840013564 deleted 240$k '1789'
I, [2020-06-04T10:29:59.690243 #14173]  INFO -- : lab.rism: Source #840013585 deleted 240$k '1789'
I, [2020-06-04T10:29:59.700435 #14173]  INFO -- : lab.rism: Source #840013672 deleted 240$k '1671'
I, [2020-06-04T10:29:59.706687 #14173]  INFO -- : lab.rism: Source #840013803 deleted 240$k '1800'
I, [2020-06-04T10:29:59.714363 #14173]  INFO -- : lab.rism: Source #840014062 deleted 240$k '1779'
I, [2020-06-04T10:29:59.721832 #14173]  INFO -- : lab.rism: Source #840014066 deleted 240$k '1791'
I, [2020-06-04T10:29:59.730047 #14173]  INFO -- : lab.rism: Source #840014132 deleted 240$k '1785'
I, [2020-06-04T10:29:59.738266 #14173]  INFO -- : lab.rism: Source #840014133 deleted 240$k '1785'
I, [2020-06-04T10:29:59.748505 #14173]  INFO -- : lab.rism: Source #840014274 deleted 240$k '1795'
I, [2020-06-04T10:29:59.755983 #14173]  INFO -- : lab.rism: Source #840014345 deleted 240$k '1828'
I, [2020-06-04T10:29:59.775938 #14173]  INFO -- : lab.rism: Source #840014398 deleted 240$k '1762'
I, [2020-06-04T10:29:59.786396 #14173]  INFO -- : lab.rism: Source #840014418 deleted 240$k '1629'
I, [2020-06-04T10:29:59.814405 #14173]  INFO -- : lab.rism: Source #840014446 deleted 240$k '1750'
I, [2020-06-04T10:29:59.835761 #14173]  INFO -- : lab.rism: Source #840014460 deleted 240$k '1812'
I, [2020-06-04T10:29:59.847459 #14173]  INFO -- : lab.rism: Source #840014461 deleted 240$k '1753'
I, [2020-06-04T10:29:59.863931 #14173]  INFO -- : lab.rism: Source #840014526 deleted 240$k '1739'
I, [2020-06-04T10:29:59.876068 #14173]  INFO -- : lab.rism: Source #840014527 deleted 240$k '1742'
I, [2020-06-04T10:29:59.888070 #14173]  INFO -- : lab.rism: Source #840014529 deleted 240$k '1753'
I, [2020-06-04T10:29:59.896661 #14173]  INFO -- : lab.rism: Source #840014559 deleted 240$k '1750'
I, [2020-06-04T10:29:59.918696 #14173]  INFO -- : lab.rism: Source #840014575 deleted 240$k '1751'
I, [2020-06-04T10:29:59.928768 #14173]  INFO -- : lab.rism: Source #840014612 deleted 240$k 'décembre 1837'
I, [2020-06-04T10:29:59.939728 #14173]  INFO -- : lab.rism: Source #840014613 deleted 240$k 'décembre 1837'
I, [2020-06-04T10:29:59.951144 #14173]  INFO -- : lab.rism: Source #840014614 deleted 240$k '1837'
I, [2020-06-04T10:29:59.962443 #14173]  INFO -- : lab.rism: Source #840014615 deleted 240$k '1837'
I, [2020-06-04T10:29:59.978116 #14173]  INFO -- : lab.rism: Source #840014616 deleted 240$k '1837'
I, [2020-06-04T10:29:59.997910 #14173]  INFO -- : lab.rism: Source #840014617 deleted 240$k '1837'
I, [2020-06-04T10:30:00.021730 #14173]  INFO -- : lab.rism: Source #840014618 deleted 240$k 'juin 1838'
I, [2020-06-04T10:30:00.046943 #14173]  INFO -- : lab.rism: Source #840014619 deleted 240$k '1838'
I, [2020-06-04T10:30:00.071197 #14173]  INFO -- : lab.rism: Source #840014620 deleted 240$k '1838'
I, [2020-06-04T10:30:00.091895 #14173]  INFO -- : lab.rism: Source #840014621 deleted 240$k 'juillet 1839'
I, [2020-06-04T10:30:00.110775 #14173]  INFO -- : lab.rism: Source #840014622 deleted 240$k 'décembre 1838'
I, [2020-06-04T10:30:00.130993 #14173]  INFO -- : lab.rism: Source #840014623 deleted 240$k 'décembre 1838'
I, [2020-06-04T10:30:00.151136 #14173]  INFO -- : lab.rism: Source #840014624 deleted 240$k 'Décembre 1839'
I, [2020-06-04T10:30:00.169796 #14173]  INFO -- : lab.rism: Source #840014625 deleted 240$k 'juin 1839'
I, [2020-06-04T10:30:00.187747 #14173]  INFO -- : lab.rism: Source #840014626 deleted 240$k 'juin 1839'
I, [2020-06-04T10:30:00.214720 #14173]  INFO -- : lab.rism: Source #840014627 deleted 240$k 'juin 1838'
I, [2020-06-04T10:30:00.224147 #14173]  INFO -- : lab.rism: Source #840014628 deleted 240$k '1838'
I, [2020-06-04T10:30:00.236628 #14173]  INFO -- : lab.rism: Source #840014629 deleted 240$k 'juillet 1839'
I, [2020-06-04T10:30:00.248291 #14173]  INFO -- : lab.rism: Source #840014630 deleted 240$k 'Décembre 1839'
I, [2020-06-04T10:30:00.257513 #14173]  INFO -- : lab.rism: Source #840014631 deleted 240$k 'juin 1840'
I, [2020-06-04T10:30:00.266538 #14173]  INFO -- : lab.rism: Source #840014632 deleted 240$k 'juin 1840'
I, [2020-06-04T10:30:00.275619 #14173]  INFO -- : lab.rism: Source #840014633 deleted 240$k 'juillet 1840'
I, [2020-06-04T10:30:00.284834 #14173]  INFO -- : lab.rism: Source #840014634 deleted 240$k '1841'
I, [2020-06-04T10:30:00.293166 #14173]  INFO -- : lab.rism: Source #840014636 deleted 240$k '1841'
I, [2020-06-04T10:30:00.302463 #14173]  INFO -- : lab.rism: Source #840014637 deleted 240$k 'juillet 1841'
I, [2020-06-04T10:30:00.311607 #14173]  INFO -- : lab.rism: Source #840014638 deleted 240$k 'juillet 1841'
I, [2020-06-04T10:30:00.323483 #14173]  INFO -- : lab.rism: Source #840014639 deleted 240$k 'décembre 1841'
I, [2020-06-04T10:30:00.335112 #14173]  INFO -- : lab.rism: Source #840014640 deleted 240$k 'décembre 1841'
I, [2020-06-04T10:30:00.349183 #14173]  INFO -- : lab.rism: Source #840014825 deleted 240$k '1708'
I, [2020-06-04T10:30:00.354128 #14173]  INFO -- : lab.rism: Source #840014836 deleted 240$k '1723'
I, [2020-06-04T10:30:00.358940 #14173]  INFO -- : lab.rism: Source #840014838 deleted 240$k '1731'
I, [2020-06-04T10:30:00.374735 #14173]  INFO -- : lab.rism: Source #840014851 deleted 240$k '1768'
I, [2020-06-04T10:30:00.379569 #14173]  INFO -- : lab.rism: Source #840014852 deleted 240$k '1781'
I, [2020-06-04T10:30:00.389521 #14173]  INFO -- : lab.rism: Source #840014856 deleted 240$k '1767'
I, [2020-06-04T10:30:00.397652 #14173]  INFO -- : lab.rism: Source #840014857 deleted 240$k '1761'
I, [2020-06-04T10:30:00.408158 #14173]  INFO -- : lab.rism: Source #840014865 deleted 240$k '1784'
I, [2020-06-04T10:30:00.419852 #14173]  INFO -- : lab.rism: Source #840014873 deleted 240$k '1816'
I, [2020-06-04T10:30:00.432658 #14173]  INFO -- : lab.rism: Source #840015046 deleted 240$k '1802'
I, [2020-06-04T10:30:00.438626 #14173]  INFO -- : lab.rism: Source #840015060 deleted 240$k '1802'
I, [2020-06-04T10:30:00.444418 #14173]  INFO -- : lab.rism: Source #840015064 deleted 240$k '1802'
I, [2020-06-04T10:30:00.453576 #14173]  INFO -- : lab.rism: Source #840015352 deleted 240$k '1703'
I, [2020-06-04T10:30:00.467287 #14173]  INFO -- : lab.rism: Source #840015366 deleted 240$k '1806'
I, [2020-06-04T10:30:00.501825 #14173]  INFO -- : lab.rism: Source #840015421 deleted 240$k '1802'
I, [2020-06-04T10:30:00.508101 #14173]  INFO -- : lab.rism: Source #840015693 deleted 240$k '1759'
I, [2020-06-04T10:30:00.515667 #14173]  INFO -- : lab.rism: Source #840015821 deleted 240$k '1824'
I, [2020-06-04T10:30:00.520403 #14173]  INFO -- : lab.rism: Source #840015848 deleted 240$k '175.?'
I, [2020-06-04T10:30:00.528046 #14173]  INFO -- : lab.rism: Source #840015883 deleted 240$k '1759'
I, [2020-06-04T10:30:00.537064 #14173]  INFO -- : lab.rism: Source #840015885 deleted 240$k '1759'
I, [2020-06-04T10:30:00.541729 #14173]  INFO -- : lab.rism: Source #840015920 deleted 240$k '1758'
I, [2020-06-04T10:30:00.550796 #14173]  INFO -- : lab.rism: Source #840016026 deleted 240$k '1749'
I, [2020-06-04T10:30:00.555390 #14173]  INFO -- : lab.rism: Source #840016065 deleted 240$k '175.?'
I, [2020-06-04T10:30:00.564662 #14173]  INFO -- : lab.rism: Source #840016271 deleted 240$k '1744'
I, [2020-06-04T10:30:00.581749 #14173]  INFO -- : lab.rism: Source #840016364 deleted 240$k '1770'
I, [2020-06-04T10:30:00.609779 #14173]  INFO -- : lab.rism: Source #840016598 deleted 240$k '1759'
I, [2020-06-04T10:30:00.614842 #14173]  INFO -- : lab.rism: Source #840016641 deleted 240$k '175.?'
I, [2020-06-04T10:30:00.619850 #14173]  INFO -- : lab.rism: Source #840016642 deleted 240$k '175.?'
I, [2020-06-04T10:30:00.624647 #14173]  INFO -- : lab.rism: Source #840016656 deleted 240$k '175.?'
I, [2020-06-04T10:30:00.632851 #14173]  INFO -- : lab.rism: Source #840016659 deleted 240$k '175.?'
I, [2020-06-04T10:30:00.646246 #14173]  INFO -- : lab.rism: Source #840016682 deleted 240$k '1754'
I, [2020-06-04T10:30:00.656506 #14173]  INFO -- : lab.rism: Source #840016686 deleted 240$k '1786'
I, [2020-06-04T10:30:00.671540 #14173]  INFO -- : lab.rism: Source #840016697 deleted 240$k '1754'
I, [2020-06-04T10:30:00.683200 #14173]  INFO -- : lab.rism: Source #840016701 deleted 240$k '1754'
I, [2020-06-04T10:30:00.691318 #14173]  INFO -- : lab.rism: Source #840016709 deleted 240$k '1754'
I, [2020-06-04T10:30:00.696179 #14173]  INFO -- : lab.rism: Source #840016747 deleted 240$k '1745'
I, [2020-06-04T10:30:00.703817 #14173]  INFO -- : lab.rism: Source #840016748 deleted 240$k '1745'
I, [2020-06-04T10:30:00.711667 #14173]  INFO -- : lab.rism: Source #840016767 deleted 240$k '1745'
I, [2020-06-04T10:30:00.719178 #14173]  INFO -- : lab.rism: Source #840016769 deleted 240$k '1745'
I, [2020-06-04T10:30:00.731685 #14173]  INFO -- : lab.rism: Source #840016770 deleted 240$k '1745'
I, [2020-06-04T10:30:00.737853 #14173]  INFO -- : lab.rism: Source #840016771 deleted 240$k '1745'
I, [2020-06-04T10:30:00.748780 #14173]  INFO -- : lab.rism: Source #840016773 deleted 240$k '1745'
I, [2020-06-04T10:30:00.753408 #14173]  INFO -- : lab.rism: Source #840016775 deleted 240$k '1745'
I, [2020-06-04T10:30:00.760135 #14173]  INFO -- : lab.rism: Source #840016776 deleted 240$k '1745'
I, [2020-06-04T10:30:00.767277 #14173]  INFO -- : lab.rism: Source #840016777 deleted 240$k '1745'
I, [2020-06-04T10:30:00.771558 #14173]  INFO -- : lab.rism: Source #840016820 deleted 240$k '1754'
I, [2020-06-04T10:30:00.778734 #14173]  INFO -- : lab.rism: Source #840016823 deleted 240$k '1754'
I, [2020-06-04T10:30:00.782966 #14173]  INFO -- : lab.rism: Source #840016829 deleted 240$k '1754'
I, [2020-06-04T10:30:00.789546 #14173]  INFO -- : lab.rism: Source #840016836 deleted 240$k '1737'
I, [2020-06-04T10:30:00.796032 #14173]  INFO -- : lab.rism: Source #840016844 deleted 240$k '1759'
I, [2020-06-04T10:30:00.809695 #14173]  INFO -- : lab.rism: Source #840017164 deleted 240$k '1775'
I, [2020-06-04T10:30:00.821036 #14173]  INFO -- : lab.rism: Source #840017165 deleted 240$k '1774'
I, [2020-06-04T10:30:00.830368 #14173]  INFO -- : lab.rism: Source #840017167 deleted 240$k '1774'
I, [2020-06-04T10:30:00.846275 #14173]  INFO -- : lab.rism: Source #840017172 deleted 240$k '1767'
I, [2020-06-04T10:30:00.852569 #14173]  INFO -- : lab.rism: Source #840017173 deleted 240$k '1764'
I, [2020-06-04T10:30:00.860035 #14173]  INFO -- : lab.rism: Source #840017214 deleted 240$k '1784'
I, [2020-06-04T10:30:00.868007 #14173]  INFO -- : lab.rism: Source #840017215 deleted 240$k '1784'
I, [2020-06-04T10:30:00.874357 #14173]  INFO -- : lab.rism: Source #840017248 deleted 240$k '1754'
I, [2020-06-04T10:30:00.880644 #14173]  INFO -- : lab.rism: Source #840017261 deleted 240$k '1734'
I, [2020-06-04T10:30:00.891901 #14173]  INFO -- : lab.rism: Source #840017577 deleted 240$k '1620'
I, [2020-06-04T10:30:00.901057 #14173]  INFO -- : lab.rism: Source #840017900 deleted 240$k '1754'
I, [2020-06-04T10:30:00.910366 #14173]  INFO -- : lab.rism: Source #840017901 deleted 240$k '1754'
I, [2020-06-04T10:30:00.914727 #14173]  INFO -- : lab.rism: Source #840018065 deleted 240$k '1680-1710'
I, [2020-06-04T10:30:00.923486 #14173]  INFO -- : lab.rism: Source #840018187 deleted 240$k '1789'
I, [2020-06-04T10:30:00.936845 #14173]  INFO -- : lab.rism: Source #840018412 deleted 240$k '1712'
I, [2020-06-04T10:30:00.944603 #14173]  INFO -- : lab.rism: Source #840018414 deleted 240$k '1720?'
I, [2020-06-04T10:30:00.957617 #14173]  INFO -- : lab.rism: Source #840018733 deleted 240$k '1668'
I, [2020-06-04T10:30:00.967940 #14173]  INFO -- : lab.rism: Source #840018748 deleted 240$k '1668'
I, [2020-06-04T10:30:00.978284 #14173]  INFO -- : lab.rism: Source #840018749 deleted 240$k '1668'
I, [2020-06-04T10:30:00.988669 #14173]  INFO -- : lab.rism: Source #840018753 deleted 240$k '1668'
I, [2020-06-04T10:30:01.005489 #14173]  INFO -- : lab.rism: Source #840021092 deleted 240$k '1787'
I, [2020-06-04T10:30:01.014708 #14173]  INFO -- : lab.rism: Source #840021331 deleted 240$k '1811?'
I, [2020-06-04T10:30:01.021877 #14173]  INFO -- : lab.rism: Source #840021332 deleted 240$k '1811?'
I, [2020-06-04T10:30:01.029193 #14173]  INFO -- : lab.rism: Source #840021333 deleted 240$k '1811?'
I, [2020-06-04T10:30:01.036422 #14173]  INFO -- : lab.rism: Source #840021334 deleted 240$k '1811?'
I, [2020-06-04T10:30:01.043693 #14173]  INFO -- : lab.rism: Source #840021335 deleted 240$k '1811?'
I, [2020-06-04T10:30:01.050936 #14173]  INFO -- : lab.rism: Source #840021336 deleted 240$k '1811?'
I, [2020-06-04T10:30:01.058099 #14173]  INFO -- : lab.rism: Source #840021337 deleted 240$k '1811?'
I, [2020-06-04T10:30:01.066952 #14173]  INFO -- : lab.rism: Source #840021338 deleted 240$k '1811?'
I, [2020-06-04T10:30:01.074079 #14173]  INFO -- : lab.rism: Source #840021339 deleted 240$k '1811?'
I, [2020-06-04T10:30:01.081184 #14173]  INFO -- : lab.rism: Source #840021340 deleted 240$k '1811?'
I, [2020-06-04T10:30:01.088452 #14173]  INFO -- : lab.rism: Source #840021341 deleted 240$k '1811?'
I, [2020-06-04T10:30:01.095675 #14173]  INFO -- : lab.rism: Source #840021342 deleted 240$k '1811?'
I, [2020-06-04T10:30:01.102916 #14173]  INFO -- : lab.rism: Source #840021343 deleted 240$k '1811?'
I, [2020-06-04T10:30:01.111812 #14173]  INFO -- : lab.rism: Source #840021344 deleted 240$k '1811?'
I, [2020-06-04T10:30:01.118615 #14173]  INFO -- : lab.rism: Source #840021345 deleted 240$k '1811?'
I, [2020-06-04T10:30:01.125420 #14173]  INFO -- : lab.rism: Source #840021346 deleted 240$k '1811?'
I, [2020-06-04T10:30:01.132228 #14173]  INFO -- : lab.rism: Source #840021347 deleted 240$k '1811?'
I, [2020-06-04T10:30:01.141168 #14173]  INFO -- : lab.rism: Source #840021348 deleted 240$k '1811?'
I, [2020-06-04T10:30:01.148929 #14173]  INFO -- : lab.rism: Source #840021349 deleted 240$k '1811?'
I, [2020-06-04T10:30:01.156657 #14173]  INFO -- : lab.rism: Source #840021350 deleted 240$k '1811?'
I, [2020-06-04T10:30:01.163909 #14173]  INFO -- : lab.rism: Source #840021654 deleted 240$k '1697'
I, [2020-06-04T10:30:01.171456 #14173]  INFO -- : lab.rism: Source #840025221 deleted 240$k '1804'
I, [2020-06-04T10:30:01.181654 #14173]  INFO -- : lab.rism: Source #840025895 deleted 240$k '1668'
I, [2020-06-04T10:30:01.191416 #14173]  INFO -- : lab.rism: Source #840025900 deleted 240$k '1668'
I, [2020-06-04T10:30:01.198512 #14173]  INFO -- : lab.rism: Source #840025928 deleted 240$k '1668'
I, [2020-06-04T10:30:01.207255 #14173]  INFO -- : lab.rism: Source #840026191 deleted 240$k '1776'
I, [2020-06-04T10:30:01.215951 #14173]  INFO -- : lab.rism: Source #840026192 deleted 240$k '1776'
I, [2020-06-04T10:30:01.224581 #14173]  INFO -- : lab.rism: Source #840026193 deleted 240$k '1776'
I, [2020-06-04T10:30:01.233456 #14173]  INFO -- : lab.rism: Source #840026194 deleted 240$k '1776'
I, [2020-06-04T10:30:01.245826 #14173]  INFO -- : lab.rism: Source #840026256 deleted 240$k '1770'
I, [2020-06-04T10:30:01.256253 #14173]  INFO -- : lab.rism: Source #840026385 deleted 240$k '1749'
I, [2020-06-04T10:30:01.298563 #14173]  INFO -- : lab.rism: Source #840026546 deleted 240$k '1749'
I, [2020-06-04T10:30:01.305785 #14173]  INFO -- : lab.rism: Source #840026547 deleted 240$k '1756'
I, [2020-06-04T10:30:01.320997 #14173]  INFO -- : lab.rism: Source #840026548 deleted 240$k '1749'
I, [2020-06-04T10:30:01.328071 #14173]  INFO -- : lab.rism: Source #840026549 deleted 240$k '1756'
I, [2020-06-04T10:30:01.332252 #14173]  INFO -- : lab.rism: Source #840026983 deleted 240$k '1739'
I, [2020-06-04T10:30:01.340350 #14173]  INFO -- : lab.rism: Source #840028451 deleted 240$k '1659'
I, [2020-06-04T10:30:01.348272 #14173]  INFO -- : lab.rism: Source #840028453 deleted 240$k '1662'
I, [2020-06-04T10:30:01.354452 #14173]  INFO -- : lab.rism: Source #840028471 deleted 240$k '1675'
I, [2020-06-04T10:30:01.360722 #14173]  INFO -- : lab.rism: Source #840028475 deleted 240$k '1675'
I, [2020-06-04T10:30:01.369429 #14173]  INFO -- : lab.rism: Source #840028515 deleted 240$k '1659'
I, [2020-06-04T10:30:01.378031 #14173]  INFO -- : lab.rism: Source #840028516 deleted 240$k '1659'
I, [2020-06-04T10:30:01.386485 #14173]  INFO -- : lab.rism: Source #840028517 deleted 240$k '1659'
I, [2020-06-04T10:30:01.397340 #14173]  INFO -- : lab.rism: Source #840028522 deleted 240$k '1659'
I, [2020-06-04T10:30:01.406017 #14173]  INFO -- : lab.rism: Source #840028523 deleted 240$k '1659'
I, [2020-06-04T10:30:01.414578 #14173]  INFO -- : lab.rism: Source #840028536 deleted 240$k '1659'
I, [2020-06-04T10:30:01.422892 #14173]  INFO -- : lab.rism: Source #840028537 deleted 240$k '1678'
I, [2020-06-04T10:30:01.431280 #14173]  INFO -- : lab.rism: Source #840028556 deleted 240$k '1667'
I, [2020-06-04T10:30:01.439614 #14173]  INFO -- : lab.rism: Source #840028558 deleted 240$k '1667'
I, [2020-06-04T10:30:01.447903 #14173]  INFO -- : lab.rism: Source #840028575 deleted 240$k '1667'
I, [2020-06-04T10:30:01.455284 #14173]  INFO -- : lab.rism: Source #840028714 deleted 240$k '1738'
I, [2020-06-04T10:30:01.459888 #14173]  INFO -- : lab.rism: Source #840029514 deleted 240$k '1698'
I, [2020-06-04T10:30:01.469557 #14173]  INFO -- : lab.rism: Source #840029694 deleted 240$k '1668'
I, [2020-06-04T10:30:01.475923 #14173]  INFO -- : lab.rism: Source #840029837 deleted 240$k '1781'
I, [2020-06-04T10:30:01.482457 #14173]  INFO -- : lab.rism: Source #840029838 deleted 240$k '1781'
I, [2020-06-04T10:30:01.488861 #14173]  INFO -- : lab.rism: Source #840029839 deleted 240$k '1781'
I, [2020-06-04T10:30:01.495150 #14173]  INFO -- : lab.rism: Source #840030454 deleted 240$k '1604'
I, [2020-06-04T10:30:01.501449 #14173]  INFO -- : lab.rism: Source #840030455 deleted 240$k '1604'
I, [2020-06-04T10:30:01.517182 #14173]  INFO -- : lab.rism: Source #840030464 deleted 240$k '1604'
I, [2020-06-04T10:30:01.527932 #14173]  INFO -- : lab.rism: Source #840030934 deleted 240$k '1796'
I, [2020-06-04T10:30:01.535527 #14173]  INFO -- : lab.rism: Source #840030938 deleted 240$k '1796'
I, [2020-06-04T10:30:01.542822 #14173]  INFO -- : lab.rism: Source #840031062 deleted 240$k '1668'
I, [2020-06-04T10:30:01.554412 #14173]  INFO -- : lab.rism: Source #840031108 deleted 240$k '1668'
I, [2020-06-04T10:30:16.351932 #14272]  INFO -- : lab.rism: Size of collection --> 260
I, [2020-06-04T10:30:16.512678 #14272]  INFO -- : lab.rism: Source #840010032 deleted 240$k '1781'
I, [2020-06-04T10:30:16.523031 #14272]  INFO -- : lab.rism: Source #840010055 deleted 240$k '1775'
I, [2020-06-04T10:30:16.531800 #14272]  INFO -- : lab.rism: Source #840010058 deleted 240$k '1769'
I, [2020-06-04T10:30:16.539450 #14272]  INFO -- : lab.rism: Source #840010239 deleted 240$k '1721'
I, [2020-06-04T10:30:16.547957 #14272]  INFO -- : lab.rism: Source #840010987 deleted 240$k '1786'
I, [2020-06-04T10:30:16.560457 #14272]  INFO -- : lab.rism: Source #840011399 deleted 240$k '1728'
I, [2020-06-04T10:30:16.569761 #14272]  INFO -- : lab.rism: Source #840011861 deleted 240$k '1738'
I, [2020-06-04T10:30:16.578434 #14272]  INFO -- : lab.rism: Source #840011865 deleted 240$k '1697'
I, [2020-06-04T10:30:16.603967 #14272]  INFO -- : lab.rism: Source #840011881 deleted 240$k '1750'
I, [2020-06-04T10:30:16.612061 #14272]  INFO -- : lab.rism: Source #840012005 deleted 240$k '1792'
I, [2020-06-04T10:30:16.622661 #14272]  INFO -- : lab.rism: Source #840012138 deleted 240$k 'Décembre 1832'
I, [2020-06-04T10:30:16.636627 #14272]  INFO -- : lab.rism: Source #840012142 deleted 240$k '1826'
I, [2020-06-04T10:30:16.648320 #14272]  INFO -- : lab.rism: Source #840012143 deleted 240$k '1827'
I, [2020-06-04T10:30:16.656549 #14272]  INFO -- : lab.rism: Source #840012145 deleted 240$k 'Décembre 1832'
I, [2020-06-04T10:30:16.668212 #14272]  INFO -- : lab.rism: Source #840012146 deleted 240$k '1833'
I, [2020-06-04T10:30:16.676980 #14272]  INFO -- : lab.rism: Source #840012147 deleted 240$k '1833'
I, [2020-06-04T10:30:16.693382 #14272]  INFO -- : lab.rism: Source #840012148 deleted 240$k 'décembre 1834'
I, [2020-06-04T10:30:16.705584 #14272]  INFO -- : lab.rism: Source #840012149 deleted 240$k 'décembre 1834'
I, [2020-06-04T10:30:16.717023 #14272]  INFO -- : lab.rism: Source #840012150 deleted 240$k 'juin 1835'
I, [2020-06-04T10:30:16.728533 #14272]  INFO -- : lab.rism: Source #840012151 deleted 240$k 'décembre 1835'
I, [2020-06-04T10:30:16.736526 #14272]  INFO -- : lab.rism: Source #840012152 deleted 240$k 'décembre 1835'
I, [2020-06-04T10:30:16.744619 #14272]  INFO -- : lab.rism: Source #840012153 deleted 240$k '1835'
I, [2020-06-04T10:30:16.756132 #14272]  INFO -- : lab.rism: Source #840012154 deleted 240$k 'juin 1835'
I, [2020-06-04T10:30:16.764079 #14272]  INFO -- : lab.rism: Source #840012155 deleted 240$k '1836'
I, [2020-06-04T10:30:16.771933 #14272]  INFO -- : lab.rism: Source #840012156 deleted 240$k '1836'
I, [2020-06-04T10:30:16.779868 #14272]  INFO -- : lab.rism: Source #840012157 deleted 240$k 'Décembre 1836'
I, [2020-06-04T10:30:16.787967 #14272]  INFO -- : lab.rism: Source #840012158 deleted 240$k 'Décembre 1836'
I, [2020-06-04T10:30:16.796287 #14272]  INFO -- : lab.rism: Source #840012159 deleted 240$k 'juin 1836'
I, [2020-06-04T10:30:16.804513 #14272]  INFO -- : lab.rism: Source #840012160 deleted 240$k 'juin 1836'
I, [2020-06-04T10:30:16.811786 #14272]  INFO -- : lab.rism: Source #840012205 deleted 240$k '1837'
I, [2020-06-04T10:30:16.831328 #14272]  INFO -- : lab.rism: Source #840012225 deleted 240$k '1663'
I, [2020-06-04T10:30:16.835053 #14272]  INFO -- : lab.rism: Source #840012227 deleted 240$k '1827'
I, [2020-06-04T10:30:16.838455 #14272]  INFO -- : lab.rism: Source #840012228 deleted 240$k '1829'
I, [2020-06-04T10:30:16.841824 #14272]  INFO -- : lab.rism: Source #840012232 deleted 240$k '1831'
I, [2020-06-04T10:30:16.845318 #14272]  INFO -- : lab.rism: Source #840012233 deleted 240$k '1833'
I, [2020-06-04T10:30:16.850631 #14272]  INFO -- : lab.rism: Source #840012234 deleted 240$k '1823'
I, [2020-06-04T10:30:16.870790 #14272]  INFO -- : lab.rism: Source #840012244 deleted 240$k '1841'
I, [2020-06-04T10:30:16.909069 #14272]  INFO -- : lab.rism: Source #840012259 deleted 240$k '1813-1820'
I, [2020-06-04T10:30:16.916706 #14272]  INFO -- : lab.rism: Source #840013279 deleted 240$k '1828'
I, [2020-06-04T10:30:16.920030 #14272]  INFO -- : lab.rism: Source #840013413 deleted 240$k '1773'
I, [2020-06-04T10:30:16.923128 #14272]  INFO -- : lab.rism: Source #840013414 deleted 240$k '1780'
I, [2020-06-04T10:30:16.932764 #14272]  INFO -- : lab.rism: Source #840013436 deleted 240$k '1784'
I, [2020-06-04T10:30:16.939079 #14272]  INFO -- : lab.rism: Source #840013443 deleted 240$k '1780'
I, [2020-06-04T10:30:16.947449 #14272]  INFO -- : lab.rism: Source #840013564 deleted 240$k '1789'
I, [2020-06-04T10:30:16.956985 #14272]  INFO -- : lab.rism: Source #840013585 deleted 240$k '1789'
I, [2020-06-04T10:30:16.965863 #14272]  INFO -- : lab.rism: Source #840013672 deleted 240$k '1671'
I, [2020-06-04T10:30:16.972110 #14272]  INFO -- : lab.rism: Source #840013803 deleted 240$k '1800'
I, [2020-06-04T10:30:16.979466 #14272]  INFO -- : lab.rism: Source #840014062 deleted 240$k '1779'
I, [2020-06-04T10:30:16.987139 #14272]  INFO -- : lab.rism: Source #840014066 deleted 240$k '1791'
I, [2020-06-04T10:30:16.994399 #14272]  INFO -- : lab.rism: Source #840014132 deleted 240$k '1785'
I, [2020-06-04T10:30:17.001509 #14272]  INFO -- : lab.rism: Source #840014133 deleted 240$k '1785'
I, [2020-06-04T10:30:17.009892 #14272]  INFO -- : lab.rism: Source #840014274 deleted 240$k '1795'
I, [2020-06-04T10:30:17.016134 #14272]  INFO -- : lab.rism: Source #840014345 deleted 240$k '1828'
I, [2020-06-04T10:30:17.033544 #14272]  INFO -- : lab.rism: Source #840014398 deleted 240$k '1762'
I, [2020-06-04T10:30:17.042446 #14272]  INFO -- : lab.rism: Source #840014418 deleted 240$k '1629'
I, [2020-06-04T10:30:17.068221 #14272]  INFO -- : lab.rism: Source #840014446 deleted 240$k '1750'
I, [2020-06-04T10:30:17.087581 #14272]  INFO -- : lab.rism: Source #840014460 deleted 240$k '1812'
I, [2020-06-04T10:30:17.098264 #14272]  INFO -- : lab.rism: Source #840014461 deleted 240$k '1753'
I, [2020-06-04T10:30:17.113431 #14272]  INFO -- : lab.rism: Source #840014526 deleted 240$k '1739'
I, [2020-06-04T10:30:17.123928 #14272]  INFO -- : lab.rism: Source #840014527 deleted 240$k '1742'
I, [2020-06-04T10:30:17.135139 #14272]  INFO -- : lab.rism: Source #840014529 deleted 240$k '1753'
I, [2020-06-04T10:30:17.143125 #14272]  INFO -- : lab.rism: Source #840014559 deleted 240$k '1750'
I, [2020-06-04T10:30:17.163430 #14272]  INFO -- : lab.rism: Source #840014575 deleted 240$k '1751'
I, [2020-06-04T10:30:17.172832 #14272]  INFO -- : lab.rism: Source #840014612 deleted 240$k 'décembre 1837'
I, [2020-06-04T10:30:17.182948 #14272]  INFO -- : lab.rism: Source #840014613 deleted 240$k 'décembre 1837'
I, [2020-06-04T10:30:17.193089 #14272]  INFO -- : lab.rism: Source #840014614 deleted 240$k '1837'
I, [2020-06-04T10:30:17.203766 #14272]  INFO -- : lab.rism: Source #840014615 deleted 240$k '1837'
I, [2020-06-04T10:30:17.220869 #14272]  INFO -- : lab.rism: Source #840014616 deleted 240$k '1837'
I, [2020-06-04T10:30:17.239785 #14272]  INFO -- : lab.rism: Source #840014617 deleted 240$k '1837'
I, [2020-06-04T10:30:17.253579 #14272]  INFO -- : lab.rism: Source #840014618 deleted 240$k 'juin 1838'
I, [2020-06-04T10:30:17.267456 #14272]  INFO -- : lab.rism: Source #840014619 deleted 240$k '1838'
I, [2020-06-04T10:30:17.282292 #14272]  INFO -- : lab.rism: Source #840014620 deleted 240$k '1838'
I, [2020-06-04T10:30:17.296068 #14272]  INFO -- : lab.rism: Source #840014621 deleted 240$k 'juillet 1839'
I, [2020-06-04T10:30:17.310179 #14272]  INFO -- : lab.rism: Source #840014622 deleted 240$k 'décembre 1838'
I, [2020-06-04T10:30:17.324619 #14272]  INFO -- : lab.rism: Source #840014623 deleted 240$k 'décembre 1838'
I, [2020-06-04T10:30:17.338438 #14272]  INFO -- : lab.rism: Source #840014624 deleted 240$k 'Décembre 1839'
I, [2020-06-04T10:30:17.352534 #14272]  INFO -- : lab.rism: Source #840014625 deleted 240$k 'juin 1839'
I, [2020-06-04T10:30:17.375681 #14272]  INFO -- : lab.rism: Source #840014626 deleted 240$k 'juin 1839'
I, [2020-06-04T10:30:17.383567 #14272]  INFO -- : lab.rism: Source #840014627 deleted 240$k 'juin 1838'
I, [2020-06-04T10:30:17.389630 #14272]  INFO -- : lab.rism: Source #840014628 deleted 240$k '1838'
I, [2020-06-04T10:30:17.398752 #14272]  INFO -- : lab.rism: Source #840014629 deleted 240$k 'juillet 1839'
I, [2020-06-04T10:30:17.407523 #14272]  INFO -- : lab.rism: Source #840014630 deleted 240$k 'Décembre 1839'
I, [2020-06-04T10:30:17.414408 #14272]  INFO -- : lab.rism: Source #840014631 deleted 240$k 'juin 1840'
I, [2020-06-04T10:30:17.421203 #14272]  INFO -- : lab.rism: Source #840014632 deleted 240$k 'juin 1840'
I, [2020-06-04T10:30:17.427948 #14272]  INFO -- : lab.rism: Source #840014633 deleted 240$k 'juillet 1840'
I, [2020-06-04T10:30:17.434783 #14272]  INFO -- : lab.rism: Source #840014634 deleted 240$k '1841'
I, [2020-06-04T10:30:17.441020 #14272]  INFO -- : lab.rism: Source #840014636 deleted 240$k '1841'
I, [2020-06-04T10:30:17.447875 #14272]  INFO -- : lab.rism: Source #840014637 deleted 240$k 'juillet 1841'
I, [2020-06-04T10:30:17.454720 #14272]  INFO -- : lab.rism: Source #840014638 deleted 240$k 'juillet 1841'
I, [2020-06-04T10:30:17.463560 #14272]  INFO -- : lab.rism: Source #840014639 deleted 240$k 'décembre 1841'
I, [2020-06-04T10:30:17.472208 #14272]  INFO -- : lab.rism: Source #840014640 deleted 240$k 'décembre 1841'
I, [2020-06-04T10:30:17.482352 #14272]  INFO -- : lab.rism: Source #840014825 deleted 240$k '1708'
I, [2020-06-04T10:30:17.485921 #14272]  INFO -- : lab.rism: Source #840014836 deleted 240$k '1723'
I, [2020-06-04T10:30:17.489475 #14272]  INFO -- : lab.rism: Source #840014838 deleted 240$k '1731'
I, [2020-06-04T10:30:17.500912 #14272]  INFO -- : lab.rism: Source #840014851 deleted 240$k '1768'
I, [2020-06-04T10:30:17.504388 #14272]  INFO -- : lab.rism: Source #840014852 deleted 240$k '1781'
I, [2020-06-04T10:30:17.510269 #14272]  INFO -- : lab.rism: Source #840014856 deleted 240$k '1767'
I, [2020-06-04T10:30:17.516090 #14272]  INFO -- : lab.rism: Source #840014857 deleted 240$k '1761'
I, [2020-06-04T10:30:17.529068 #14272]  INFO -- : lab.rism: Source #840014865 deleted 240$k '1784'
I, [2020-06-04T10:30:17.541712 #14272]  INFO -- : lab.rism: Source #840014873 deleted 240$k '1816'
I, [2020-06-04T10:30:17.551385 #14272]  INFO -- : lab.rism: Source #840015046 deleted 240$k '1802'
I, [2020-06-04T10:30:17.555792 #14272]  INFO -- : lab.rism: Source #840015060 deleted 240$k '1802'
I, [2020-06-04T10:30:17.559957 #14272]  INFO -- : lab.rism: Source #840015064 deleted 240$k '1802'
I, [2020-06-04T10:30:17.566122 #14272]  INFO -- : lab.rism: Source #840015352 deleted 240$k '1703'
I, [2020-06-04T10:30:17.575516 #14272]  INFO -- : lab.rism: Source #840015366 deleted 240$k '1806'
I, [2020-06-04T10:30:17.598848 #14272]  INFO -- : lab.rism: Source #840015421 deleted 240$k '1802'
I, [2020-06-04T10:30:17.603388 #14272]  INFO -- : lab.rism: Source #840015693 deleted 240$k '1759'
I, [2020-06-04T10:30:17.608936 #14272]  INFO -- : lab.rism: Source #840015821 deleted 240$k '1824'
I, [2020-06-04T10:30:17.612817 #14272]  INFO -- : lab.rism: Source #840015848 deleted 240$k '175.?'
I, [2020-06-04T10:30:17.619374 #14272]  INFO -- : lab.rism: Source #840015883 deleted 240$k '1759'
I, [2020-06-04T10:30:17.627408 #14272]  INFO -- : lab.rism: Source #840015885 deleted 240$k '1759'
I, [2020-06-04T10:30:17.631539 #14272]  INFO -- : lab.rism: Source #840015920 deleted 240$k '1758'
I, [2020-06-04T10:30:17.639387 #14272]  INFO -- : lab.rism: Source #840016026 deleted 240$k '1749'
I, [2020-06-04T10:30:17.643504 #14272]  INFO -- : lab.rism: Source #840016065 deleted 240$k '175.?'
I, [2020-06-04T10:30:17.651514 #14272]  INFO -- : lab.rism: Source #840016271 deleted 240$k '1744'
I, [2020-06-04T10:30:17.667043 #14272]  INFO -- : lab.rism: Source #840016364 deleted 240$k '1770'
I, [2020-06-04T10:30:17.692665 #14272]  INFO -- : lab.rism: Source #840016598 deleted 240$k '1759'
I, [2020-06-04T10:30:17.696803 #14272]  INFO -- : lab.rism: Source #840016641 deleted 240$k '175.?'
I, [2020-06-04T10:30:17.700871 #14272]  INFO -- : lab.rism: Source #840016642 deleted 240$k '175.?'
I, [2020-06-04T10:30:17.704982 #14272]  INFO -- : lab.rism: Source #840016656 deleted 240$k '175.?'
I, [2020-06-04T10:30:17.739265 #14272]  INFO -- : lab.rism: Source #840016659 deleted 240$k '175.?'
I, [2020-06-04T10:30:17.761563 #14272]  INFO -- : lab.rism: Source #840016682 deleted 240$k '1754'
I, [2020-06-04T10:30:17.777616 #14272]  INFO -- : lab.rism: Source #840016686 deleted 240$k '1786'
I, [2020-06-04T10:30:17.799408 #14272]  INFO -- : lab.rism: Source #840016697 deleted 240$k '1754'
I, [2020-06-04T10:30:17.815662 #14272]  INFO -- : lab.rism: Source #840016701 deleted 240$k '1754'
I, [2020-06-04T10:30:17.826708 #14272]  INFO -- : lab.rism: Source #840016709 deleted 240$k '1754'
I, [2020-06-04T10:30:17.833170 #14272]  INFO -- : lab.rism: Source #840016747 deleted 240$k '1745'
I, [2020-06-04T10:30:17.842776 #14272]  INFO -- : lab.rism: Source #840016748 deleted 240$k '1745'
I, [2020-06-04T10:30:17.852130 #14272]  INFO -- : lab.rism: Source #840016767 deleted 240$k '1745'
I, [2020-06-04T10:30:17.861296 #14272]  INFO -- : lab.rism: Source #840016769 deleted 240$k '1745'
I, [2020-06-04T10:30:17.874410 #14272]  INFO -- : lab.rism: Source #840016770 deleted 240$k '1745'
I, [2020-06-04T10:30:17.879352 #14272]  INFO -- : lab.rism: Source #840016771 deleted 240$k '1745'
I, [2020-06-04T10:30:17.888191 #14272]  INFO -- : lab.rism: Source #840016773 deleted 240$k '1745'
I, [2020-06-04T10:30:17.893627 #14272]  INFO -- : lab.rism: Source #840016775 deleted 240$k '1745'
I, [2020-06-04T10:30:17.902377 #14272]  INFO -- : lab.rism: Source #840016776 deleted 240$k '1745'
I, [2020-06-04T10:30:17.911273 #14272]  INFO -- : lab.rism: Source #840016777 deleted 240$k '1745'
I, [2020-06-04T10:30:17.916641 #14272]  INFO -- : lab.rism: Source #840016820 deleted 240$k '1754'
I, [2020-06-04T10:30:17.925515 #14272]  INFO -- : lab.rism: Source #840016823 deleted 240$k '1754'
I, [2020-06-04T10:30:17.930628 #14272]  INFO -- : lab.rism: Source #840016829 deleted 240$k '1754'
I, [2020-06-04T10:30:17.938822 #14272]  INFO -- : lab.rism: Source #840016836 deleted 240$k '1737'
I, [2020-06-04T10:30:17.946625 #14272]  INFO -- : lab.rism: Source #840016844 deleted 240$k '1759'
I, [2020-06-04T10:30:17.964368 #14272]  INFO -- : lab.rism: Source #840017164 deleted 240$k '1775'
I, [2020-06-04T10:30:17.979073 #14272]  INFO -- : lab.rism: Source #840017165 deleted 240$k '1774'
I, [2020-06-04T10:30:17.991592 #14272]  INFO -- : lab.rism: Source #840017167 deleted 240$k '1774'
I, [2020-06-04T10:30:18.010681 #14272]  INFO -- : lab.rism: Source #840017172 deleted 240$k '1767'
I, [2020-06-04T10:30:18.018470 #14272]  INFO -- : lab.rism: Source #840017173 deleted 240$k '1764'
I, [2020-06-04T10:30:18.027998 #14272]  INFO -- : lab.rism: Source #840017214 deleted 240$k '1784'
I, [2020-06-04T10:30:18.038184 #14272]  INFO -- : lab.rism: Source #840017215 deleted 240$k '1784'
I, [2020-06-04T10:30:18.046015 #14272]  INFO -- : lab.rism: Source #840017248 deleted 240$k '1754'
I, [2020-06-04T10:30:18.053470 #14272]  INFO -- : lab.rism: Source #840017261 deleted 240$k '1734'
I, [2020-06-04T10:30:18.067217 #14272]  INFO -- : lab.rism: Source #840017577 deleted 240$k '1620'
I, [2020-06-04T10:30:18.078437 #14272]  INFO -- : lab.rism: Source #840017900 deleted 240$k '1754'
I, [2020-06-04T10:30:18.089775 #14272]  INFO -- : lab.rism: Source #840017901 deleted 240$k '1754'
I, [2020-06-04T10:30:18.095039 #14272]  INFO -- : lab.rism: Source #840018065 deleted 240$k '1680-1710'
I, [2020-06-04T10:30:18.105629 #14272]  INFO -- : lab.rism: Source #840018187 deleted 240$k '1789'
I, [2020-06-04T10:30:18.121828 #14272]  INFO -- : lab.rism: Source #840018412 deleted 240$k '1712'
I, [2020-06-04T10:30:18.130819 #14272]  INFO -- : lab.rism: Source #840018414 deleted 240$k '1720?'
I, [2020-06-04T10:30:18.146163 #14272]  INFO -- : lab.rism: Source #840018733 deleted 240$k '1668'
I, [2020-06-04T10:30:18.158150 #14272]  INFO -- : lab.rism: Source #840018748 deleted 240$k '1668'
I, [2020-06-04T10:30:18.170233 #14272]  INFO -- : lab.rism: Source #840018749 deleted 240$k '1668'
I, [2020-06-04T10:30:18.182427 #14272]  INFO -- : lab.rism: Source #840018753 deleted 240$k '1668'
I, [2020-06-04T10:30:18.187332 #14272]  INFO -- : lab.rism: Source #840021092 deleted 240$k '1787'
I, [2020-06-04T10:30:18.198134 #14272]  INFO -- : lab.rism: Source #840021331 deleted 240$k '1811?'
I, [2020-06-04T10:30:18.207114 #14272]  INFO -- : lab.rism: Source #840021332 deleted 240$k '1811?'
I, [2020-06-04T10:30:18.216027 #14272]  INFO -- : lab.rism: Source #840021333 deleted 240$k '1811?'
I, [2020-06-04T10:30:18.224762 #14272]  INFO -- : lab.rism: Source #840021334 deleted 240$k '1811?'
I, [2020-06-04T10:30:18.233442 #14272]  INFO -- : lab.rism: Source #840021335 deleted 240$k '1811?'
I, [2020-06-04T10:30:18.242321 #14272]  INFO -- : lab.rism: Source #840021336 deleted 240$k '1811?'
I, [2020-06-04T10:30:18.251313 #14272]  INFO -- : lab.rism: Source #840021337 deleted 240$k '1811?'
I, [2020-06-04T10:30:18.262363 #14272]  INFO -- : lab.rism: Source #840021338 deleted 240$k '1811?'
I, [2020-06-04T10:30:18.271289 #14272]  INFO -- : lab.rism: Source #840021339 deleted 240$k '1811?'
I, [2020-06-04T10:30:18.280232 #14272]  INFO -- : lab.rism: Source #840021340 deleted 240$k '1811?'
I, [2020-06-04T10:30:18.289170 #14272]  INFO -- : lab.rism: Source #840021341 deleted 240$k '1811?'
I, [2020-06-04T10:30:18.298150 #14272]  INFO -- : lab.rism: Source #840021342 deleted 240$k '1811?'
I, [2020-06-04T10:30:18.307185 #14272]  INFO -- : lab.rism: Source #840021343 deleted 240$k '1811?'
I, [2020-06-04T10:30:18.318164 #14272]  INFO -- : lab.rism: Source #840021344 deleted 240$k '1811?'
I, [2020-06-04T10:30:18.327064 #14272]  INFO -- : lab.rism: Source #840021345 deleted 240$k '1811?'
I, [2020-06-04T10:30:18.336108 #14272]  INFO -- : lab.rism: Source #840021346 deleted 240$k '1811?'
I, [2020-06-04T10:30:18.345114 #14272]  INFO -- : lab.rism: Source #840021347 deleted 240$k '1811?'
I, [2020-06-04T10:30:18.354196 #14272]  INFO -- : lab.rism: Source #840021348 deleted 240$k '1811?'
I, [2020-06-04T10:30:18.363409 #14272]  INFO -- : lab.rism: Source #840021349 deleted 240$k '1811?'
I, [2020-06-04T10:30:18.372620 #14272]  INFO -- : lab.rism: Source #840021350 deleted 240$k '1811?'
I, [2020-06-04T10:30:18.380682 #14272]  INFO -- : lab.rism: Source #840021654 deleted 240$k '1697'
I, [2020-06-04T10:30:18.388657 #14272]  INFO -- : lab.rism: Source #840025221 deleted 240$k '1804'
I, [2020-06-04T10:30:18.399761 #14272]  INFO -- : lab.rism: Source #840025895 deleted 240$k '1668'
I, [2020-06-04T10:30:18.410499 #14272]  INFO -- : lab.rism: Source #840025900 deleted 240$k '1668'
I, [2020-06-04T10:30:18.417897 #14272]  INFO -- : lab.rism: Source #840025928 deleted 240$k '1668'
I, [2020-06-04T10:30:18.427057 #14272]  INFO -- : lab.rism: Source #840026191 deleted 240$k '1776'
I, [2020-06-04T10:30:18.436579 #14272]  INFO -- : lab.rism: Source #840026192 deleted 240$k '1776'
I, [2020-06-04T10:30:18.446050 #14272]  INFO -- : lab.rism: Source #840026193 deleted 240$k '1776'
I, [2020-06-04T10:30:18.455417 #14272]  INFO -- : lab.rism: Source #840026194 deleted 240$k '1776'
I, [2020-06-04T10:30:18.467882 #14272]  INFO -- : lab.rism: Source #840026256 deleted 240$k '1770'
I, [2020-06-04T10:30:18.478493 #14272]  INFO -- : lab.rism: Source #840026385 deleted 240$k '1749'
I, [2020-06-04T10:30:18.526020 #14272]  INFO -- : lab.rism: Source #840026546 deleted 240$k '1749'
I, [2020-06-04T10:30:18.533975 #14272]  INFO -- : lab.rism: Source #840026547 deleted 240$k '1756'
I, [2020-06-04T10:30:18.549867 #14272]  INFO -- : lab.rism: Source #840026548 deleted 240$k '1749'
I, [2020-06-04T10:30:18.557012 #14272]  INFO -- : lab.rism: Source #840026549 deleted 240$k '1756'
I, [2020-06-04T10:30:18.561164 #14272]  INFO -- : lab.rism: Source #840026983 deleted 240$k '1739'
I, [2020-06-04T10:30:18.569618 #14272]  INFO -- : lab.rism: Source #840028451 deleted 240$k '1659'
I, [2020-06-04T10:30:18.578110 #14272]  INFO -- : lab.rism: Source #840028453 deleted 240$k '1662'
I, [2020-06-04T10:30:18.584572 #14272]  INFO -- : lab.rism: Source #840028471 deleted 240$k '1675'
I, [2020-06-04T10:30:18.590960 #14272]  INFO -- : lab.rism: Source #840028475 deleted 240$k '1675'
I, [2020-06-04T10:30:18.599143 #14272]  INFO -- : lab.rism: Source #840028515 deleted 240$k '1659'
I, [2020-06-04T10:30:18.607281 #14272]  INFO -- : lab.rism: Source #840028516 deleted 240$k '1659'
I, [2020-06-04T10:30:18.615489 #14272]  INFO -- : lab.rism: Source #840028517 deleted 240$k '1659'
I, [2020-06-04T10:30:18.625486 #14272]  INFO -- : lab.rism: Source #840028522 deleted 240$k '1659'
I, [2020-06-04T10:30:18.633666 #14272]  INFO -- : lab.rism: Source #840028523 deleted 240$k '1659'
I, [2020-06-04T10:30:18.641845 #14272]  INFO -- : lab.rism: Source #840028536 deleted 240$k '1659'
I, [2020-06-04T10:30:18.649967 #14272]  INFO -- : lab.rism: Source #840028537 deleted 240$k '1678'
I, [2020-06-04T10:30:18.658128 #14272]  INFO -- : lab.rism: Source #840028556 deleted 240$k '1667'
I, [2020-06-04T10:30:18.666132 #14272]  INFO -- : lab.rism: Source #840028558 deleted 240$k '1667'
I, [2020-06-04T10:30:18.674092 #14272]  INFO -- : lab.rism: Source #840028575 deleted 240$k '1667'
I, [2020-06-04T10:30:18.680956 #14272]  INFO -- : lab.rism: Source #840028714 deleted 240$k '1738'
I, [2020-06-04T10:30:18.685573 #14272]  INFO -- : lab.rism: Source #840029514 deleted 240$k '1698'
I, [2020-06-04T10:30:18.695502 #14272]  INFO -- : lab.rism: Source #840029694 deleted 240$k '1668'
I, [2020-06-04T10:30:18.701999 #14272]  INFO -- : lab.rism: Source #840029837 deleted 240$k '1781'
I, [2020-06-04T10:30:18.708479 #14272]  INFO -- : lab.rism: Source #840029838 deleted 240$k '1781'
I, [2020-06-04T10:30:18.714808 #14272]  INFO -- : lab.rism: Source #840029839 deleted 240$k '1781'
I, [2020-06-04T10:30:18.720962 #14272]  INFO -- : lab.rism: Source #840030454 deleted 240$k '1604'
I, [2020-06-04T10:30:18.727093 #14272]  INFO -- : lab.rism: Source #840030455 deleted 240$k '1604'
I, [2020-06-04T10:30:18.741218 #14272]  INFO -- : lab.rism: Source #840030464 deleted 240$k '1604'
I, [2020-06-04T10:30:18.750700 #14272]  INFO -- : lab.rism: Source #840030934 deleted 240$k '1796'
I, [2020-06-04T10:30:18.757825 #14272]  INFO -- : lab.rism: Source #840030938 deleted 240$k '1796'
I, [2020-06-04T10:30:18.764659 #14272]  INFO -- : lab.rism: Source #840031062 deleted 240$k '1668'
I, [2020-06-04T10:30:18.775587 #14272]  INFO -- : lab.rism: Source #840031108 deleted 240$k '1668'
I, [2020-06-04T10:32:35.420163 #14759]  INFO -- : lab.rism: Size of collection --> 260
I, [2020-06-04T10:32:35.582408 #14759]  INFO -- : lab.rism: Source #840010032 deleted 240$k '1781'
I, [2020-06-04T10:32:35.822648 #14759]  INFO -- : lab.rism: Source #840010055 deleted 240$k '1775'
I, [2020-06-04T10:32:35.924856 #14759]  INFO -- : lab.rism: Source #840010058 deleted 240$k '1769'
I, [2020-06-04T10:32:36.012352 #14759]  INFO -- : lab.rism: Source #840010239 deleted 240$k '1721'
I, [2020-06-04T10:32:36.133286 #14759]  INFO -- : lab.rism: Source #840010987 deleted 240$k '1786'
I, [2020-06-04T10:32:36.232196 #14759]  INFO -- : lab.rism: Source #840011399 deleted 240$k '1728'
I, [2020-06-04T10:32:36.296706 #14759]  INFO -- : lab.rism: Source #840011861 deleted 240$k '1738'
I, [2020-06-04T10:32:36.387669 #14759]  INFO -- : lab.rism: Source #840011865 deleted 240$k '1697'
I, [2020-06-04T10:32:36.493934 #14759]  INFO -- : lab.rism: Source #840011881 deleted 240$k '1750'
I, [2020-06-04T10:32:36.562204 #14759]  INFO -- : lab.rism: Source #840012005 deleted 240$k '1792'
I, [2020-06-04T10:32:36.639337 #14759]  INFO -- : lab.rism: Source #840012138 deleted 240$k 'Décembre 1832'
I, [2020-06-04T10:32:36.726165 #14759]  INFO -- : lab.rism: Source #840012142 deleted 240$k '1826'
I, [2020-06-04T10:32:36.847764 #14759]  INFO -- : lab.rism: Source #840012143 deleted 240$k '1827'
I, [2020-06-04T10:32:36.921363 #14759]  INFO -- : lab.rism: Source #840012145 deleted 240$k 'Décembre 1832'
I, [2020-06-04T10:32:36.984315 #14759]  INFO -- : lab.rism: Source #840012146 deleted 240$k '1833'
I, [2020-06-04T10:32:37.078469 #14759]  INFO -- : lab.rism: Source #840012147 deleted 240$k '1833'
I, [2020-06-04T10:32:37.156333 #14759]  INFO -- : lab.rism: Source #840012148 deleted 240$k 'décembre 1834'
I, [2020-06-04T10:32:37.226483 #14759]  INFO -- : lab.rism: Source #840012149 deleted 240$k 'décembre 1834'
I, [2020-06-04T10:32:37.299883 #14759]  INFO -- : lab.rism: Source #840012150 deleted 240$k 'juin 1835'
I, [2020-06-04T10:32:37.357757 #14759]  INFO -- : lab.rism: Source #840012151 deleted 240$k 'décembre 1835'
I, [2020-06-04T10:32:37.408817 #14759]  INFO -- : lab.rism: Source #840012152 deleted 240$k 'décembre 1835'
I, [2020-06-04T10:32:37.458674 #14759]  INFO -- : lab.rism: Source #840012153 deleted 240$k '1835'
I, [2020-06-04T10:32:37.524885 #14759]  INFO -- : lab.rism: Source #840012154 deleted 240$k 'juin 1835'
I, [2020-06-04T10:32:37.607765 #14759]  INFO -- : lab.rism: Source #840012155 deleted 240$k '1836'
I, [2020-06-04T10:32:37.669296 #14759]  INFO -- : lab.rism: Source #840012156 deleted 240$k '1836'
I, [2020-06-04T10:32:37.730317 #14759]  INFO -- : lab.rism: Source #840012157 deleted 240$k 'Décembre 1836'
I, [2020-06-04T10:32:37.788834 #14759]  INFO -- : lab.rism: Source #840012158 deleted 240$k 'Décembre 1836'
I, [2020-06-04T10:32:37.848528 #14759]  INFO -- : lab.rism: Source #840012159 deleted 240$k 'juin 1836'
I, [2020-06-04T10:32:37.924364 #14759]  INFO -- : lab.rism: Source #840012160 deleted 240$k 'juin 1836'
I, [2020-06-04T10:32:37.997015 #14759]  INFO -- : lab.rism: Source #840012205 deleted 240$k '1837'
I, [2020-06-04T10:32:38.109848 #14759]  INFO -- : lab.rism: Source #840012225 deleted 240$k '1663'
I, [2020-06-04T10:32:38.173834 #14759]  INFO -- : lab.rism: Source #840012227 deleted 240$k '1827'
I, [2020-06-04T10:32:38.249383 #14759]  INFO -- : lab.rism: Source #840012228 deleted 240$k '1829'
I, [2020-06-04T10:32:38.315862 #14759]  INFO -- : lab.rism: Source #840012232 deleted 240$k '1831'
I, [2020-06-04T10:32:38.362234 #14759]  INFO -- : lab.rism: Source #840012233 deleted 240$k '1833'
I, [2020-06-04T10:32:38.414234 #14759]  INFO -- : lab.rism: Source #840012234 deleted 240$k '1823'
I, [2020-06-04T10:32:38.492685 #14759]  INFO -- : lab.rism: Source #840012244 deleted 240$k '1841'
I, [2020-06-04T10:32:38.572766 #14759]  INFO -- : lab.rism: Source #840012259 deleted 240$k '1813-1820'
I, [2020-06-04T10:32:38.646067 #14759]  INFO -- : lab.rism: Source #840013279 deleted 240$k '1828'
I, [2020-06-04T10:32:38.695098 #14759]  INFO -- : lab.rism: Source #840013413 deleted 240$k '1773'
I, [2020-06-04T10:32:38.748478 #14759]  INFO -- : lab.rism: Source #840013414 deleted 240$k '1780'
I, [2020-06-04T10:32:38.816658 #14759]  INFO -- : lab.rism: Source #840013436 deleted 240$k '1784'
I, [2020-06-04T10:32:38.875741 #14759]  INFO -- : lab.rism: Source #840013443 deleted 240$k '1780'
I, [2020-06-04T10:32:38.939852 #14759]  INFO -- : lab.rism: Source #840013564 deleted 240$k '1789'
I, [2020-06-04T10:32:39.018215 #14759]  INFO -- : lab.rism: Source #840013585 deleted 240$k '1789'
I, [2020-06-04T10:32:39.119073 #14759]  INFO -- : lab.rism: Source #840013672 deleted 240$k '1671'
I, [2020-06-04T10:32:39.197394 #14759]  INFO -- : lab.rism: Source #840013803 deleted 240$k '1800'
I, [2020-06-04T10:32:39.265781 #14759]  INFO -- : lab.rism: Source #840014062 deleted 240$k '1779'
I, [2020-06-04T10:32:39.310853 #14759]  INFO -- : lab.rism: Source #840014066 deleted 240$k '1791'
I, [2020-06-04T10:32:39.369379 #14759]  INFO -- : lab.rism: Source #840014132 deleted 240$k '1785'
I, [2020-06-04T10:32:39.427893 #14759]  INFO -- : lab.rism: Source #840014133 deleted 240$k '1785'
I, [2020-06-04T10:32:39.475758 #14759]  INFO -- : lab.rism: Source #840014274 deleted 240$k '1795'
I, [2020-06-04T10:32:39.553962 #14759]  INFO -- : lab.rism: Source #840014345 deleted 240$k '1828'
I, [2020-06-04T10:32:39.650660 #14759]  INFO -- : lab.rism: Source #840014398 deleted 240$k '1762'
I, [2020-06-04T10:32:39.789638 #14759]  INFO -- : lab.rism: Source #840014418 deleted 240$k '1629'
I, [2020-06-04T10:32:39.885378 #14759]  INFO -- : lab.rism: Source #840014446 deleted 240$k '1750'
I, [2020-06-04T10:32:39.985877 #14759]  INFO -- : lab.rism: Source #840014460 deleted 240$k '1812'
I, [2020-06-04T10:32:40.107307 #14759]  INFO -- : lab.rism: Source #840014461 deleted 240$k '1753'
I, [2020-06-04T10:32:40.192725 #14759]  INFO -- : lab.rism: Source #840014526 deleted 240$k '1739'
I, [2020-06-04T10:32:40.272326 #14759]  INFO -- : lab.rism: Source #840014527 deleted 240$k '1742'
I, [2020-06-04T10:32:40.340232 #14759]  INFO -- : lab.rism: Source #840014529 deleted 240$k '1753'
I, [2020-06-04T10:32:40.422186 #14759]  INFO -- : lab.rism: Source #840014559 deleted 240$k '1750'
I, [2020-06-04T10:32:40.504300 #14759]  INFO -- : lab.rism: Source #840014575 deleted 240$k '1751'
I, [2020-06-04T10:32:40.563182 #14759]  INFO -- : lab.rism: Source #840014612 deleted 240$k 'décembre 1837'
I, [2020-06-04T10:32:40.610184 #14759]  INFO -- : lab.rism: Source #840014613 deleted 240$k 'décembre 1837'
I, [2020-06-04T10:32:40.672777 #14759]  INFO -- : lab.rism: Source #840014614 deleted 240$k '1837'
I, [2020-06-04T10:32:40.722487 #14759]  INFO -- : lab.rism: Source #840014615 deleted 240$k '1837'
I, [2020-06-04T10:32:40.774113 #14759]  INFO -- : lab.rism: Source #840014616 deleted 240$k '1837'
I, [2020-06-04T10:32:40.835377 #14759]  INFO -- : lab.rism: Source #840014617 deleted 240$k '1837'
I, [2020-06-04T10:32:40.905388 #14759]  INFO -- : lab.rism: Source #840014618 deleted 240$k 'juin 1838'
I, [2020-06-04T10:32:40.955818 #14759]  INFO -- : lab.rism: Source #840014619 deleted 240$k '1838'
I, [2020-06-04T10:32:41.007430 #14759]  INFO -- : lab.rism: Source #840014620 deleted 240$k '1838'
I, [2020-06-04T10:32:41.097312 #14759]  INFO -- : lab.rism: Source #840014621 deleted 240$k 'juillet 1839'
I, [2020-06-04T10:32:41.162988 #14759]  INFO -- : lab.rism: Source #840014622 deleted 240$k 'décembre 1838'
I, [2020-06-04T10:32:41.214239 #14759]  INFO -- : lab.rism: Source #840014623 deleted 240$k 'décembre 1838'
I, [2020-06-04T10:32:41.263205 #14759]  INFO -- : lab.rism: Source #840014624 deleted 240$k 'Décembre 1839'
I, [2020-06-04T10:32:41.330721 #14759]  INFO -- : lab.rism: Source #840014625 deleted 240$k 'juin 1839'
I, [2020-06-04T10:32:41.380480 #14759]  INFO -- : lab.rism: Source #840014626 deleted 240$k 'juin 1839'
I, [2020-06-04T10:32:41.429864 #14759]  INFO -- : lab.rism: Source #840014627 deleted 240$k 'juin 1838'
I, [2020-06-04T10:32:41.494769 #14759]  INFO -- : lab.rism: Source #840014628 deleted 240$k '1838'
I, [2020-06-04T10:32:41.542870 #14759]  INFO -- : lab.rism: Source #840014629 deleted 240$k 'juillet 1839'
I, [2020-06-04T10:32:41.586807 #14759]  INFO -- : lab.rism: Source #840014630 deleted 240$k 'Décembre 1839'
I, [2020-06-04T10:32:41.643086 #14759]  INFO -- : lab.rism: Source #840014631 deleted 240$k 'juin 1840'
I, [2020-06-04T10:32:41.702129 #14759]  INFO -- : lab.rism: Source #840014632 deleted 240$k 'juin 1840'
I, [2020-06-04T10:32:41.770068 #14759]  INFO -- : lab.rism: Source #840014633 deleted 240$k 'juillet 1840'
I, [2020-06-04T10:32:41.823358 #14759]  INFO -- : lab.rism: Source #840014634 deleted 240$k '1841'
I, [2020-06-04T10:32:41.868226 #14759]  INFO -- : lab.rism: Source #840014636 deleted 240$k '1841'
I, [2020-06-04T10:32:41.909787 #14759]  INFO -- : lab.rism: Source #840014637 deleted 240$k 'juillet 1841'
I, [2020-06-04T10:32:41.951879 #14759]  INFO -- : lab.rism: Source #840014638 deleted 240$k 'juillet 1841'
I, [2020-06-04T10:32:42.004583 #14759]  INFO -- : lab.rism: Source #840014639 deleted 240$k 'décembre 1841'
I, [2020-06-04T10:32:42.128667 #14759]  INFO -- : lab.rism: Source #840014640 deleted 240$k 'décembre 1841'
I, [2020-06-04T10:32:42.198822 #14759]  INFO -- : lab.rism: Source #840014825 deleted 240$k '1708'
I, [2020-06-04T10:32:42.257957 #14759]  INFO -- : lab.rism: Source #840014836 deleted 240$k '1723'
I, [2020-06-04T10:32:42.324340 #14759]  INFO -- : lab.rism: Source #840014838 deleted 240$k '1731'
I, [2020-06-04T10:32:42.388764 #14759]  INFO -- : lab.rism: Source #840014851 deleted 240$k '1768'
I, [2020-06-04T10:32:42.431584 #14759]  INFO -- : lab.rism: Source #840014852 deleted 240$k '1781'
I, [2020-06-04T10:32:42.484243 #14759]  INFO -- : lab.rism: Source #840014856 deleted 240$k '1767'
I, [2020-06-04T10:32:42.526777 #14759]  INFO -- : lab.rism: Source #840014857 deleted 240$k '1761'
I, [2020-06-04T10:32:42.575039 #14759]  INFO -- : lab.rism: Source #840014865 deleted 240$k '1784'
I, [2020-06-04T10:32:42.629674 #14759]  INFO -- : lab.rism: Source #840014873 deleted 240$k '1816'
I, [2020-06-04T10:32:42.698966 #14759]  INFO -- : lab.rism: Source #840015046 deleted 240$k '1802'
I, [2020-06-04T10:32:42.758491 #14759]  INFO -- : lab.rism: Source #840015060 deleted 240$k '1802'
I, [2020-06-04T10:32:42.808863 #14759]  INFO -- : lab.rism: Source #840015064 deleted 240$k '1802'
I, [2020-06-04T10:32:42.857606 #14759]  INFO -- : lab.rism: Source #840015352 deleted 240$k '1703'
I, [2020-06-04T10:32:42.903043 #14759]  INFO -- : lab.rism: Source #840015366 deleted 240$k '1806'
I, [2020-06-04T10:32:42.999662 #14759]  INFO -- : lab.rism: Source #840015421 deleted 240$k '1802'
I, [2020-06-04T10:32:43.077104 #14759]  INFO -- : lab.rism: Source #840015693 deleted 240$k '1759'
I, [2020-06-04T10:32:43.169129 #14759]  INFO -- : lab.rism: Source #840015821 deleted 240$k '1824'
I, [2020-06-04T10:32:43.217603 #14759]  INFO -- : lab.rism: Source #840015848 deleted 240$k '175.?'
I, [2020-06-04T10:32:43.296210 #14759]  INFO -- : lab.rism: Source #840015883 deleted 240$k '1759'
I, [2020-06-04T10:32:43.374894 #14759]  INFO -- : lab.rism: Source #840015885 deleted 240$k '1759'
I, [2020-06-04T10:32:43.444011 #14759]  INFO -- : lab.rism: Source #840015920 deleted 240$k '1758'
I, [2020-06-04T10:32:43.536400 #14759]  INFO -- : lab.rism: Source #840016026 deleted 240$k '1749'
I, [2020-06-04T10:32:43.610894 #14759]  INFO -- : lab.rism: Source #840016065 deleted 240$k '175.?'
I, [2020-06-04T10:32:43.670426 #14759]  INFO -- : lab.rism: Source #840016271 deleted 240$k '1744'
I, [2020-06-04T10:32:43.740837 #14759]  INFO -- : lab.rism: Source #840016364 deleted 240$k '1770'
I, [2020-06-04T10:32:43.852084 #14759]  INFO -- : lab.rism: Source #840016598 deleted 240$k '1759'
I, [2020-06-04T10:32:43.918272 #14759]  INFO -- : lab.rism: Source #840016641 deleted 240$k '175.?'
I, [2020-06-04T10:32:43.984700 #14759]  INFO -- : lab.rism: Source #840016642 deleted 240$k '175.?'
I, [2020-06-04T10:32:44.050205 #14759]  INFO -- : lab.rism: Source #840016656 deleted 240$k '175.?'
I, [2020-06-04T10:32:44.133147 #14759]  INFO -- : lab.rism: Source #840016659 deleted 240$k '175.?'
I, [2020-06-04T10:32:44.214032 #14759]  INFO -- : lab.rism: Source #840016682 deleted 240$k '1754'
I, [2020-06-04T10:32:44.298584 #14759]  INFO -- : lab.rism: Source #840016686 deleted 240$k '1786'
I, [2020-06-04T10:32:44.369977 #14759]  INFO -- : lab.rism: Source #840016697 deleted 240$k '1754'
I, [2020-06-04T10:32:44.442707 #14759]  INFO -- : lab.rism: Source #840016701 deleted 240$k '1754'
I, [2020-06-04T10:32:44.531361 #14759]  INFO -- : lab.rism: Source #840016709 deleted 240$k '1754'
I, [2020-06-04T10:32:44.603385 #14759]  INFO -- : lab.rism: Source #840016747 deleted 240$k '1745'
I, [2020-06-04T10:32:44.665438 #14759]  INFO -- : lab.rism: Source #840016748 deleted 240$k '1745'
I, [2020-06-04T10:32:44.722303 #14759]  INFO -- : lab.rism: Source #840016767 deleted 240$k '1745'
I, [2020-06-04T10:32:44.779593 #14759]  INFO -- : lab.rism: Source #840016769 deleted 240$k '1745'
I, [2020-06-04T10:32:44.859142 #14759]  INFO -- : lab.rism: Source #840016770 deleted 240$k '1745'
I, [2020-06-04T10:32:44.914667 #14759]  INFO -- : lab.rism: Source #840016771 deleted 240$k '1745'
I, [2020-06-04T10:32:44.968968 #14759]  INFO -- : lab.rism: Source #840016773 deleted 240$k '1745'
I, [2020-06-04T10:32:45.044682 #14759]  INFO -- : lab.rism: Source #840016775 deleted 240$k '1745'
I, [2020-06-04T10:32:45.113918 #14759]  INFO -- : lab.rism: Source #840016776 deleted 240$k '1745'
I, [2020-06-04T10:32:45.182657 #14759]  INFO -- : lab.rism: Source #840016777 deleted 240$k '1745'
I, [2020-06-04T10:32:45.268645 #14759]  INFO -- : lab.rism: Source #840016820 deleted 240$k '1754'
I, [2020-06-04T10:32:45.360892 #14759]  INFO -- : lab.rism: Source #840016823 deleted 240$k '1754'
I, [2020-06-04T10:32:45.428585 #14759]  INFO -- : lab.rism: Source #840016829 deleted 240$k '1754'
I, [2020-06-04T10:32:45.486711 #14759]  INFO -- : lab.rism: Source #840016836 deleted 240$k '1737'
I, [2020-06-04T10:32:45.548577 #14759]  INFO -- : lab.rism: Source #840016844 deleted 240$k '1759'
I, [2020-06-04T10:32:45.624588 #14759]  INFO -- : lab.rism: Source #840017164 deleted 240$k '1775'
I, [2020-06-04T10:32:45.711911 #14759]  INFO -- : lab.rism: Source #840017165 deleted 240$k '1774'
I, [2020-06-04T10:32:45.774213 #14759]  INFO -- : lab.rism: Source #840017167 deleted 240$k '1774'
I, [2020-06-04T10:32:45.842354 #14759]  INFO -- : lab.rism: Source #840017172 deleted 240$k '1767'
I, [2020-06-04T10:32:45.888120 #14759]  INFO -- : lab.rism: Source #840017173 deleted 240$k '1764'
I, [2020-06-04T10:32:45.956725 #14759]  INFO -- : lab.rism: Source #840017214 deleted 240$k '1784'
I, [2020-06-04T10:32:46.083372 #14759]  INFO -- : lab.rism: Source #840017215 deleted 240$k '1784'
I, [2020-06-04T10:32:46.166948 #14759]  INFO -- : lab.rism: Source #840017248 deleted 240$k '1754'
I, [2020-06-04T10:32:46.231732 #14759]  INFO -- : lab.rism: Source #840017261 deleted 240$k '1734'
I, [2020-06-04T10:32:46.303771 #14759]  INFO -- : lab.rism: Source #840017577 deleted 240$k '1620'
I, [2020-06-04T10:32:46.388032 #14759]  INFO -- : lab.rism: Source #840017900 deleted 240$k '1754'
I, [2020-06-04T10:32:46.467991 #14759]  INFO -- : lab.rism: Source #840017901 deleted 240$k '1754'
I, [2020-06-04T10:32:46.563000 #14759]  INFO -- : lab.rism: Source #840018065 deleted 240$k '1680-1710'
I, [2020-06-04T10:32:46.622973 #14759]  INFO -- : lab.rism: Source #840018187 deleted 240$k '1789'
I, [2020-06-04T10:32:46.690750 #14759]  INFO -- : lab.rism: Source #840018412 deleted 240$k '1712'
I, [2020-06-04T10:32:46.774757 #14759]  INFO -- : lab.rism: Source #840018414 deleted 240$k '1720?'
I, [2020-06-04T10:32:46.858337 #14759]  INFO -- : lab.rism: Source #840018733 deleted 240$k '1668'
I, [2020-06-04T10:32:46.959144 #14759]  INFO -- : lab.rism: Source #840018748 deleted 240$k '1668'
I, [2020-06-04T10:32:47.073590 #14759]  INFO -- : lab.rism: Source #840018749 deleted 240$k '1668'
I, [2020-06-04T10:32:47.176951 #14759]  INFO -- : lab.rism: Source #840018753 deleted 240$k '1668'
I, [2020-06-04T10:32:47.255914 #14759]  INFO -- : lab.rism: Source #840021092 deleted 240$k '1787'
I, [2020-06-04T10:32:47.355328 #14759]  INFO -- : lab.rism: Source #840021331 deleted 240$k '1811?'
I, [2020-06-04T10:32:47.420068 #14759]  INFO -- : lab.rism: Source #840021332 deleted 240$k '1811?'
I, [2020-06-04T10:32:47.482270 #14759]  INFO -- : lab.rism: Source #840021333 deleted 240$k '1811?'
I, [2020-06-04T10:32:47.544116 #14759]  INFO -- : lab.rism: Source #840021334 deleted 240$k '1811?'
I, [2020-06-04T10:32:47.608747 #14759]  INFO -- : lab.rism: Source #840021335 deleted 240$k '1811?'
I, [2020-06-04T10:32:47.670828 #14759]  INFO -- : lab.rism: Source #840021336 deleted 240$k '1811?'
I, [2020-06-04T10:32:47.729255 #14759]  INFO -- : lab.rism: Source #840021337 deleted 240$k '1811?'
I, [2020-06-04T10:32:47.798182 #14759]  INFO -- : lab.rism: Source #840021338 deleted 240$k '1811?'
I, [2020-06-04T10:32:47.857933 #14759]  INFO -- : lab.rism: Source #840021339 deleted 240$k '1811?'
I, [2020-06-04T10:32:47.933055 #14759]  INFO -- : lab.rism: Source #840021340 deleted 240$k '1811?'
I, [2020-06-04T10:32:48.007492 #14759]  INFO -- : lab.rism: Source #840021341 deleted 240$k '1811?'
I, [2020-06-04T10:32:48.080152 #14759]  INFO -- : lab.rism: Source #840021342 deleted 240$k '1811?'
I, [2020-06-04T10:32:48.157985 #14759]  INFO -- : lab.rism: Source #840021343 deleted 240$k '1811?'
I, [2020-06-04T10:32:48.213327 #14759]  INFO -- : lab.rism: Source #840021344 deleted 240$k '1811?'
I, [2020-06-04T10:32:48.273862 #14759]  INFO -- : lab.rism: Source #840021345 deleted 240$k '1811?'
I, [2020-06-04T10:32:48.332250 #14759]  INFO -- : lab.rism: Source #840021346 deleted 240$k '1811?'
I, [2020-06-04T10:32:48.387985 #14759]  INFO -- : lab.rism: Source #840021347 deleted 240$k '1811?'
I, [2020-06-04T10:32:48.439467 #14759]  INFO -- : lab.rism: Source #840021348 deleted 240$k '1811?'
I, [2020-06-04T10:32:48.506247 #14759]  INFO -- : lab.rism: Source #840021349 deleted 240$k '1811?'
I, [2020-06-04T10:32:48.556255 #14759]  INFO -- : lab.rism: Source #840021350 deleted 240$k '1811?'
I, [2020-06-04T10:32:48.605096 #14759]  INFO -- : lab.rism: Source #840021654 deleted 240$k '1697'
I, [2020-06-04T10:32:48.663526 #14759]  INFO -- : lab.rism: Source #840025221 deleted 240$k '1804'
I, [2020-06-04T10:32:48.724684 #14759]  INFO -- : lab.rism: Source #840025895 deleted 240$k '1668'
I, [2020-06-04T10:32:48.790985 #14759]  INFO -- : lab.rism: Source #840025900 deleted 240$k '1668'
I, [2020-06-04T10:32:48.843018 #14759]  INFO -- : lab.rism: Source #840025928 deleted 240$k '1668'
I, [2020-06-04T10:32:48.894921 #14759]  INFO -- : lab.rism: Source #840026191 deleted 240$k '1776'
I, [2020-06-04T10:32:48.953696 #14759]  INFO -- : lab.rism: Source #840026192 deleted 240$k '1776'
I, [2020-06-04T10:32:49.011485 #14759]  INFO -- : lab.rism: Source #840026193 deleted 240$k '1776'
I, [2020-06-04T10:32:49.116901 #14759]  INFO -- : lab.rism: Source #840026194 deleted 240$k '1776'
I, [2020-06-04T10:32:49.212272 #14759]  INFO -- : lab.rism: Source #840026256 deleted 240$k '1770'
I, [2020-06-04T10:32:49.362682 #14759]  INFO -- : lab.rism: Source #840026385 deleted 240$k '1749'
I, [2020-06-04T10:32:49.499780 #14759]  INFO -- : lab.rism: Source #840026546 deleted 240$k '1749'
I, [2020-06-04T10:32:49.601351 #14759]  INFO -- : lab.rism: Source #840026547 deleted 240$k '1756'
I, [2020-06-04T10:32:49.721045 #14759]  INFO -- : lab.rism: Source #840026548 deleted 240$k '1749'
I, [2020-06-04T10:32:49.818812 #14759]  INFO -- : lab.rism: Source #840026549 deleted 240$k '1756'
I, [2020-06-04T10:32:49.896392 #14759]  INFO -- : lab.rism: Source #840026983 deleted 240$k '1739'
I, [2020-06-04T10:32:49.998629 #14759]  INFO -- : lab.rism: Source #840028451 deleted 240$k '1659'
I, [2020-06-04T10:32:50.081251 #14759]  INFO -- : lab.rism: Source #840028453 deleted 240$k '1662'
I, [2020-06-04T10:32:50.156006 #14759]  INFO -- : lab.rism: Source #840028471 deleted 240$k '1675'
I, [2020-06-04T10:32:50.222088 #14759]  INFO -- : lab.rism: Source #840028475 deleted 240$k '1675'
I, [2020-06-04T10:32:50.286262 #14759]  INFO -- : lab.rism: Source #840028515 deleted 240$k '1659'
I, [2020-06-04T10:32:50.348283 #14759]  INFO -- : lab.rism: Source #840028516 deleted 240$k '1659'
I, [2020-06-04T10:32:50.423520 #14759]  INFO -- : lab.rism: Source #840028517 deleted 240$k '1659'
I, [2020-06-04T10:32:50.484380 #14759]  INFO -- : lab.rism: Source #840028522 deleted 240$k '1659'
I, [2020-06-04T10:32:50.556438 #14759]  INFO -- : lab.rism: Source #840028523 deleted 240$k '1659'
I, [2020-06-04T10:32:50.610425 #14759]  INFO -- : lab.rism: Source #840028536 deleted 240$k '1659'
I, [2020-06-04T10:32:50.664541 #14759]  INFO -- : lab.rism: Source #840028537 deleted 240$k '1678'
I, [2020-06-04T10:32:50.719538 #14759]  INFO -- : lab.rism: Source #840028556 deleted 240$k '1667'
I, [2020-06-04T10:32:50.821424 #14759]  INFO -- : lab.rism: Source #840028558 deleted 240$k '1667'
I, [2020-06-04T10:32:50.914805 #14759]  INFO -- : lab.rism: Source #840028575 deleted 240$k '1667'
I, [2020-06-04T10:32:51.089542 #14759]  INFO -- : lab.rism: Source #840028714 deleted 240$k '1738'
I, [2020-06-04T10:32:51.193220 #14759]  INFO -- : lab.rism: Source #840029514 deleted 240$k '1698'
I, [2020-06-04T10:32:51.317911 #14759]  INFO -- : lab.rism: Source #840029694 deleted 240$k '1668'
I, [2020-06-04T10:32:51.429064 #14759]  INFO -- : lab.rism: Source #840029837 deleted 240$k '1781'
I, [2020-06-04T10:32:51.552751 #14759]  INFO -- : lab.rism: Source #840029838 deleted 240$k '1781'
I, [2020-06-04T10:32:51.658116 #14759]  INFO -- : lab.rism: Source #840029839 deleted 240$k '1781'
I, [2020-06-04T10:32:51.811494 #14759]  INFO -- : lab.rism: Source #840030454 deleted 240$k '1604'
I, [2020-06-04T10:32:51.935698 #14759]  INFO -- : lab.rism: Source #840030455 deleted 240$k '1604'
I, [2020-06-04T10:32:52.064730 #14759]  INFO -- : lab.rism: Source #840030464 deleted 240$k '1604'
I, [2020-06-04T10:32:52.171868 #14759]  INFO -- : lab.rism: Source #840030934 deleted 240$k '1796'
I, [2020-06-04T10:32:52.245935 #14759]  INFO -- : lab.rism: Source #840030938 deleted 240$k '1796'
I, [2020-06-04T10:32:52.321615 #14759]  INFO -- : lab.rism: Source #840031062 deleted 240$k '1668'
I, [2020-06-04T10:32:52.416725 #14759]  INFO -- : lab.rism: Source #840031108 deleted 240$k '1668'
