# Logfile created on 2020-02-04 10:04:52 +0100 by logger.rb/56815
I, [2020-02-04T10:04:52.253354 #21264]  INFO -- : lab.rism: Size of collection --> 27
I, [2020-02-04T10:08:12.143201 #22077]  INFO -- : lab.rism: Size of collection --> 27
I, [2020-02-04T10:09:33.384609 #22433]  INFO -- : lab.rism: Size of collection --> 27
I, [2020-02-04T10:10:10.509745 #22655]  INFO -- : lab.rism: Size of collection --> 27
I, [2020-02-04T10:10:55.333667 #22893]  INFO -- : lab.rism: Size of collection --> 27
I, [2020-02-04T10:12:02.400718 #23174]  INFO -- : lab.rism: Size of collection --> 0
I, [2020-02-04T10:12:33.492626 #23341]  INFO -- : lab.rism: Size of collection --> 0
I, [2020-02-04T10:26:15.082179 #26436]  INFO -- : lab.rism: Size of collection --> 0
I, [2020-02-04T10:33:30.756275 #28166]  INFO -- : lab.rism: Size of collection --> 198
I, [2020-02-04T10:34:45.077281 #28555]  INFO -- : lab.rism: Size of collection --> 198
I, [2020-02-04T10:38:29.585583 #29306]  INFO -- : lab.rism: Size of collection --> 198
I, [2020-02-04T10:40:33.421808 #29787]  INFO -- : lab.rism: Size of collection --> 198
I, [2020-02-04T10:46:22.356135 #30954]  INFO -- : lab.rism: Size of collection --> 198
I, [2020-02-04T10:46:22.733787 #30954]  INFO -- : lab.rism: Source #840010007 593: '[0;33;49mMs. autogr. ?[0m' => '[0;32;49mPossible autograph manuscript[0m'
I, [2020-02-04T10:46:22.808754 #30954]  INFO -- : lab.rism: Source #840010030 593: '[0;33;49mMs. autogr. ?[0m' => '[0;32;49mPossible autograph manuscript[0m'
I, [2020-02-04T10:46:22.867239 #30954]  INFO -- : lab.rism: Source #840010036 593: '[0;33;49mMs. autogr. ?[0m' => '[0;32;49mPossible autograph manuscript[0m'
I, [2020-02-04T10:46:22.925578 #30954]  INFO -- : lab.rism: Source #840010038 593: '[0;33;49mMs. autogr. ?[0m' => '[0;32;49mPossible autograph manuscript[0m'
I, [2020-02-04T10:46:23.000579 #30954]  INFO -- : lab.rism: Source #840010039 593: '[0;33;49mMs. autogr. ?[0m' => '[0;32;49mPossible autograph manuscript[0m'
I, [2020-02-04T10:46:23.078672 #30954]  INFO -- : lab.rism: Source #840010040 593: '[0;33;49mMs. autogr. ?[0m' => '[0;32;49mPossible autograph manuscript[0m'
I, [2020-02-04T10:46:23.142298 #30954]  INFO -- : lab.rism: Source #840010041 593: '[0;33;49mMs. autogr. ?[0m' => '[0;32;49mPossible autograph manuscript[0m'
I, [2020-02-04T10:46:23.250729 #30954]  INFO -- : lab.rism: Source #840010042 593: '[0;33;49mMs. autogr. ?[0m' => '[0;32;49mPossible autograph manuscript[0m'
I, [2020-02-04T10:46:23.342370 #30954]  INFO -- : lab.rism: Source #840010369 593: '[0;33;49mMs[0m' => '[0;32;49mManuscript copy[0m'
I, [2020-02-04T10:46:23.425655 #30954]  INFO -- : lab.rism: Source #840010370 593: '[0;33;49mMs[0m' => '[0;32;49mManuscript copy[0m'
I, [2020-02-04T10:46:23.475698 #30954]  INFO -- : lab.rism: Source #840010373 593: '[0;33;49mMs[0m' => '[0;32;49mManuscript copy[0m'
I, [2020-02-04T10:46:23.567326 #30954]  INFO -- : lab.rism: Source #840011177 593: '[0;33;49mMs. autogr. ?[0m' => '[0;32;49mPossible autograph manuscript[0m'
I, [2020-02-04T10:46:23.659101 #30954]  INFO -- : lab.rism: Source #840011318 593: '[0;33;49mMus.[0m' => '[0;32;49mManuscript copy[0m'
I, [2020-02-04T10:46:23.759244 #30954]  INFO -- : lab.rism: Source #840011387 593: '[0;33;49mMusique imprimeÌe et ms. autogr.[0m' => '[0;32;49mOther[0m'
I, [2020-02-04T10:46:23.884308 #30954]  INFO -- : lab.rism: Source #840011825 593: '[0;33;49mMs[0m' => '[0;32;49mManuscript copy[0m'
I, [2020-02-04T10:46:23.942632 #30954]  INFO -- : lab.rism: Source #840011831 593: '[0;33;49mMs[0m' => '[0;32;49mManuscript copy[0m'
I, [2020-02-04T10:46:24.078931 #30954]  INFO -- : lab.rism: Source #840011877 593: '[0;33;49mms[0m' => '[0;32;49mManuscript copy[0m'
I, [2020-02-04T10:47:10.190005 #31192]  INFO -- : lab.rism: Size of collection --> 198
I, [2020-02-04T10:49:17.039219 #31638]  INFO -- : lab.rism: Size of collection --> 198
I, [2020-02-04T10:49:47.799089 #31823]  INFO -- : lab.rism: Size of collection --> 198
I, [2020-02-04T10:51:55.043514 #32310]  INFO -- : lab.rism: Size of collection --> 198
I, [2020-02-05T07:43:17.403131 #22860]  INFO -- : lab.rism: Size of collection --> 198
I, [2020-02-05T07:43:52.342681 #23049]  INFO -- : lab.rism: Size of collection --> 198
I, [2020-02-05T07:45:40.242480 #23445]  INFO -- : lab.rism: Size of collection --> 198
I, [2020-02-05T07:46:23.232484 #23653]  INFO -- : lab.rism: Size of collection --> 198
I, [2020-02-05T07:48:19.212371 #24068]  INFO -- : lab.rism: Size of collection --> 198
I, [2020-02-05T07:49:38.577869 #24378]  INFO -- : lab.rism: Size of collection --> 198
I, [2020-02-05T07:49:39.383378 #24378]  INFO -- : lab.rism: Source #840010007 593: '[0;33;49mMs. autogr. ?[0m' => '[0;32;49mPossible autograph manuscript[0m'
I, [2020-02-05T07:51:17.621418 #24378]  INFO -- : lab.rism: Source #840010030 593: '[0;33;49mMs. autogr. ?[0m' => '[0;32;49mPossible autograph manuscript[0m'
I, [2020-02-05T07:51:57.582629 #24378]  INFO -- : lab.rism: Source #840010036 593: '[0;33;49mMs. autogr. ?[0m' => '[0;32;49mPossible autograph manuscript[0m'
I, [2020-02-05T07:51:59.491074 #24378]  INFO -- : lab.rism: Source #840010038 593: '[0;33;49mMs. autogr. ?[0m' => '[0;32;49mPossible autograph manuscript[0m'
I, [2020-02-05T07:52:00.591070 #24378]  INFO -- : lab.rism: Source #840010039 593: '[0;33;49mMs. autogr. ?[0m' => '[0;32;49mPossible autograph manuscript[0m'
I, [2020-02-05T07:52:01.474520 #24378]  INFO -- : lab.rism: Source #840010040 593: '[0;33;49mMs. autogr. ?[0m' => '[0;32;49mPossible autograph manuscript[0m'
I, [2020-02-05T07:52:02.250474 #24378]  INFO -- : lab.rism: Source #840010041 593: '[0;33;49mMs. autogr. ?[0m' => '[0;32;49mPossible autograph manuscript[0m'
I, [2020-02-05T07:52:03.079908 #24378]  INFO -- : lab.rism: Source #840010042 593: '[0;33;49mMs. autogr. ?[0m' => '[0;32;49mPossible autograph manuscript[0m'
I, [2020-02-05T07:52:03.942158 #24378]  INFO -- : lab.rism: Source #840010369 593: '[0;33;49mMs[0m' => '[0;32;49mManuscript copy[0m'
I, [2020-02-05T07:52:31.566106 #24378]  INFO -- : lab.rism: Source #840010370 593: '[0;33;49mMs[0m' => '[0;32;49mManuscript copy[0m'
I, [2020-02-05T07:52:32.685737 #24378]  INFO -- : lab.rism: Source #840010373 593: '[0;33;49mMs[0m' => '[0;32;49mManuscript copy[0m'
I, [2020-02-05T07:52:33.607106 #24378]  INFO -- : lab.rism: Source #840011177 593: '[0;33;49mMs. autogr. ?[0m' => '[0;32;49mPossible autograph manuscript[0m'
I, [2020-02-05T07:52:35.166886 #24378]  INFO -- : lab.rism: Source #840011318 593: '[0;33;49mMus.[0m' => '[0;32;49mManuscript copy[0m'
I, [2020-02-05T07:52:36.694157 #24378]  INFO -- : lab.rism: Source #840011387 593: '[0;33;49mMusique imprimeÌe et ms. autogr.[0m' => '[0;32;49mOther[0m'
I, [2020-02-05T07:52:40.560215 #24378]  INFO -- : lab.rism: Source #840011825 593: '[0;33;49mMs[0m' => '[0;32;49mManuscript copy[0m'
I, [2020-02-05T07:52:41.580612 #24378]  INFO -- : lab.rism: Source #840011831 593: '[0;33;49mMs[0m' => '[0;32;49mManuscript copy[0m'
I, [2020-02-05T07:52:42.430746 #24378]  INFO -- : lab.rism: Source #840011877 593: '[0;33;49mms[0m' => '[0;32;49mManuscript copy[0m'
I, [2020-02-05T07:52:43.185541 #24378]  INFO -- : lab.rism: Source #840012018 593: '[0;33;49mMs[0m' => '[0;32;49mManuscript copy[0m'
I, [2020-02-05T07:52:44.010281 #24378]  INFO -- : lab.rism: Source #840012027 593: '[0;33;49mMs[0m' => '[0;32;49mManuscript copy[0m'
I, [2020-02-05T07:52:44.818983 #24378]  INFO -- : lab.rism: Source #840012081 593: '[0;33;49mMs. et ms. autogr.[0m' => '[0;32;49mAutograph manuscript[0m'
I, [2020-02-05T07:54:06.492543 #24378]  INFO -- : lab.rism: Source #840012084 593: '[0;33;49mMs. et eÌd.[0m' => '[0;32;49mOther[0m'
I, [2020-02-05T07:54:09.117630 #24378]  INFO -- : lab.rism: Source #840013194 593: '[0;33;49mMs. autogr. de Francoeur[0m' => '[0;32;49mAutograph manuscript[0m'
I, [2020-02-05T07:54:11.337690 #24378]  INFO -- : lab.rism: Source #840013249 593: '[0;33;49mMs autogr.[0m' => '[0;32;49mAutograph manuscript[0m'
I, [2020-02-05T07:54:12.686935 #24378]  INFO -- : lab.rism: Source #840013346 593: '[0;33;49mMs. autogr[0m' => '[0;32;49mAutograph manuscript[0m'
I, [2020-02-05T07:54:13.495314 #24378]  INFO -- : lab.rism: Source #840013367 593: '[0;33;49mMs. autogr. de Trial[0m' => '[0;32;49mAutograph manuscript[0m'
I, [2020-02-05T07:54:15.204654 #24378]  INFO -- : lab.rism: Source #840013368 593: '[0;33;49mMs. autogr. de Berton[0m' => '[0;32;49mAutograph manuscript[0m'
I, [2020-02-05T07:54:16.535394 #24378]  INFO -- : lab.rism: Source #840013374 593: '[0;33;49mMs. autogr. de Berton[0m' => '[0;32;49mAutograph manuscript[0m'
I, [2020-02-05T07:54:17.346509 #24378]  INFO -- : lab.rism: Source #840014175 593: '[0;33;49mMs. autogr.?[0m' => '[0;32;49mPossible autograph manuscript[0m'
I, [2020-02-05T07:54:25.580198 #24378]  INFO -- : lab.rism: Source #840014369 593: '[0;33;49mMs[0m' => '[0;32;49mManuscript copy[0m'
I, [2020-02-05T07:54:26.844562 #24378]  INFO -- : lab.rism: Source #840014530 593: '[0;33;49m[Partie][0m' => '[0;32;49mOther[0m'
I, [2020-02-05T07:54:28.021812 #24378]  INFO -- : lab.rism: Source #840014594 593: '[0;33;49mMs. non autogr.[0m' => '[0;32;49mManuscript copy[0m'
I, [2020-02-05T07:54:32.138655 #24378]  INFO -- : lab.rism: Source #840014667 593: '[0;33;49mMs. autogr. et ms.[0m' => '[0;32;49mAutograph manuscript[0m'
I, [2020-02-05T07:54:34.443084 #24378]  INFO -- : lab.rism: Source #840014770 593: '[0;33;49mMs. (autogr. ?)[0m' => '[0;32;49mManuscript copy[0m'
I, [2020-02-05T07:54:37.810500 #24378]  INFO -- : lab.rism: Source #840014771 593: '[0;33;49mMs. autogr. de L.-J. Francoeur[0m' => '[0;32;49mAutograph manuscript[0m'
I, [2020-02-05T07:54:41.206079 #24378]  INFO -- : lab.rism: Source #840014813 593: '[0;33;49mMs. (non autogr.)[0m' => '[0;32;49mManuscript copy[0m'
I, [2020-02-05T07:54:45.214764 #24378]  INFO -- : lab.rism: Source #840014828 593: '[0;33;49mMs. (non autogr.)[0m' => '[0;32;49mManuscript copy[0m'
I, [2020-02-05T07:54:45.876851 #24378]  INFO -- : lab.rism: Source #840014844 593: '[0;33;49mMs. (non autogr.)[0m' => '[0;32;49mManuscript copy[0m'
I, [2020-02-05T07:54:46.514860 #24378]  INFO -- : lab.rism: Source #840014899 593: '[0;33;49mMs. en partie autogr. de Jean-Baptiste Lully[0m' => '[0;32;49mAutograph manuscript[0m'
I, [2020-02-05T07:54:47.214938 #24378]  INFO -- : lab.rism: Source #840014919 593: '[0;33;49mMs. (non autogr.)[0m' => '[0;32;49mManuscript copy[0m'
I, [2020-02-05T07:54:49.360029 #24378]  INFO -- : lab.rism: Source #840014920 593: '[0;33;49mMs. (non autogr.)[0m' => '[0;32;49mManuscript copy[0m'
I, [2020-02-05T07:54:50.206724 #24378]  INFO -- : lab.rism: Source #840014921 593: '[0;33;49mMs. (non autogr.)[0m' => '[0;32;49mManuscript copy[0m'
I, [2020-02-05T07:54:50.868239 #24378]  INFO -- : lab.rism: Source #840014922 593: '[0;33;49mMs. (non autogr.)[0m' => '[0;32;49mManuscript copy[0m'
I, [2020-02-05T07:54:51.565361 #24378]  INFO -- : lab.rism: Source #840014923 593: '[0;33;49mMs. (non autogr.)[0m' => '[0;32;49mManuscript copy[0m'
I, [2020-02-05T07:54:52.248697 #24378]  INFO -- : lab.rism: Source #840014924 593: '[0;33;49mMs. (non autogr.)[0m' => '[0;32;49mManuscript copy[0m'
I, [2020-02-05T07:54:52.826551 #24378]  INFO -- : lab.rism: Source #840014991 593: '[0;33;49mMs. (non autogr.)[0m' => '[0;32;49mManuscript copy[0m'
I, [2020-02-05T07:54:53.507315 #24378]  INFO -- : lab.rism: Source #840015036 593: '[0;33;49mMs., avec p. de t. imprimeÌe[0m' => '[0;32;49mOther[0m'
I, [2020-02-05T07:55:24.447011 #24378]  INFO -- : lab.rism: Source #840015123 593: '[0;33;49mMs. autogr[0m' => '[0;32;49mAutograph manuscript[0m'
I, [2020-02-05T07:55:25.640882 #24378]  INFO -- : lab.rism: Source #840015293 593: '[0;33;49mMs. autogr. (en partie ?)[0m' => '[0;32;49mAutograph manuscript[0m'
I, [2020-02-05T07:55:28.430827 #24378]  INFO -- : lab.rism: Source #840016221 593: '[0;33;49mMs[0m' => '[0;32;49mManuscript copy[0m'
I, [2020-02-05T07:55:29.522795 #24378]  INFO -- : lab.rism: Source #840016225 593: '[0;33;49mMs[0m' => '[0;32;49mManuscript copy[0m'
I, [2020-02-05T07:55:30.299323 #24378]  INFO -- : lab.rism: Source #840016227 593: '[0;33;49mMs[0m' => '[0;32;49mManuscript copy[0m'
I, [2020-02-05T07:55:30.957354 #24378]  INFO -- : lab.rism: Source #840016641 593: '[0;33;49mMs. autogr[0m' => '[0;32;49mAutograph manuscript[0m'
I, [2020-02-05T07:55:33.099718 #24378]  INFO -- : lab.rism: Source #840017429 593: '[0;33;49mMs. autogr. ?[0m' => '[0;32;49mPossible autograph manuscript[0m'
I, [2020-02-05T07:55:34.573335 #24378]  INFO -- : lab.rism: Source #840017789 593: '[0;33;49m[EÌpreuves corrigeÌes autographes][0m' => '[0;32;49mPartial autograph[0m'
I, [2020-02-05T07:55:41.667026 #24378]  INFO -- : lab.rism: Source #840017808 593: '[0;33;49m[Edition avec ajouts ms.][0m' => '[0;32;49mOther[0m'
I, [2020-02-05T07:55:41.757018 #24378]  INFO -- : lab.rism: Source #840017819 593: '[0;33;49m[Ajouts ms. en partie autogr.][0m' => '[0;32;49mOther[0m'
I, [2020-02-05T07:55:41.823668 #24378]  INFO -- : lab.rism: Source #840017836 593: '[0;33;49m[Ajouts ms. partiellement autogr.][0m' => '[0;32;49mOther[0m'
I, [2020-02-05T07:55:41.898762 #24378]  INFO -- : lab.rism: Source #840017922 593: '[0;33;49mAjouts ms.[0m' => '[0;32;49mAutograph manuscript[0m'
I, [2020-02-05T07:55:41.948673 #24378]  INFO -- : lab.rism: Source #840018039 593: '[0;33;49mms. et impr.[0m' => '[0;32;49mOther[0m'
I, [2020-02-05T07:55:41.990402 #24378]  INFO -- : lab.rism: Source #840018041 593: '[0;33;49mms.[0m' => '[0;32;49mManuscript copy[0m'
I, [2020-02-05T07:55:42.090527 #24378]  INFO -- : lab.rism: Source #840018282 593: '[0;33;49mMs[0m' => '[0;32;49mManuscript copy[0m'
I, [2020-02-05T07:55:42.156831 #24378]  INFO -- : lab.rism: Source #840018287 593: '[0;33;49mMs[0m' => '[0;32;49mManuscript copy[0m'
I, [2020-02-05T07:55:42.207182 #24378]  INFO -- : lab.rism: Source #840018298 593: '[0;33;49mMs. frcÌ§.[0m' => '[0;32;49mManuscript copy[0m'
I, [2020-02-05T07:55:42.257195 #24378]  INFO -- : lab.rism: Source #840018429 593: '[0;33;49mMs. en partie autogr.[0m' => '[0;32;49mAutograph manuscript[0m'
I, [2020-02-05T07:55:42.307242 #24378]  INFO -- : lab.rism: Source #840018490 593: '[0;33;49mMs. en partie autogr.[0m' => '[0;32;49mAutograph manuscript[0m'
I, [2020-02-05T07:55:42.348937 #24378]  INFO -- : lab.rism: Source #840018501 593: '[0;33;49mMs. avec insertions imprimeÌes[0m' => '[0;32;49mOther[0m'
I, [2020-02-05T07:55:42.407269 #24378]  INFO -- : lab.rism: Source #840018696 593: '[0;33;49mMs. en partie autogr.[0m' => '[0;32;49mAutograph manuscript[0m'
I, [2020-02-05T07:55:42.482314 #24378]  INFO -- : lab.rism: Source #840018736 593: '[0;33;49mMs. en partie autogr.[0m' => '[0;32;49mAutograph manuscript[0m'
I, [2020-02-05T07:55:42.532392 #24378]  INFO -- : lab.rism: Source #840018788 593: '[0;33;49mMs. en partie autogr.[0m' => '[0;32;49mAutograph manuscript[0m'
I, [2020-02-05T07:55:42.582064 #24378]  INFO -- : lab.rism: Source #840018842 593: '[0;33;49m[Exemplaire avec corrections autographes][0m' => '[0;32;49mOther[0m'
I, [2020-02-05T07:55:42.641155 #24378]  INFO -- : lab.rism: Source #840018907 593: '[0;33;49mMs. en partie autogr.[0m' => '[0;32;49mAutograph manuscript[0m'
I, [2020-02-05T07:55:42.732556 #24378]  INFO -- : lab.rism: Source #840018976 593: '[0;33;49mMs. autogr. ?[0m' => '[0;32;49mPossible autograph manuscript[0m'
I, [2020-02-05T07:55:42.790758 #24378]  INFO -- : lab.rism: Source #840018983 593: '[0;33;49mMs. en partie autogr.[0m' => '[0;32;49mAutograph manuscript[0m'
I, [2020-02-05T07:55:42.865887 #24378]  INFO -- : lab.rism: Source #840019028 593: '[0;33;49mMs. en partie autogr.[0m' => '[0;32;49mAutograph manuscript[0m'
I, [2020-02-05T07:55:42.932531 #24378]  INFO -- : lab.rism: Source #840019032 593: '[0;33;49mMs. en partie autogr.[0m' => '[0;32;49mAutograph manuscript[0m'
I, [2020-02-05T07:55:42.990932 #24378]  INFO -- : lab.rism: Source #840019034 593: '[0;33;49mMs. en partie autogr.[0m' => '[0;32;49mAutograph manuscript[0m'
I, [2020-02-05T07:55:43.073788 #24378]  INFO -- : lab.rism: Source #840019036 593: '[0;33;49mMs. en partie autogr.[0m' => '[0;32;49mAutograph manuscript[0m'
I, [2020-02-05T07:55:43.132627 #24378]  INFO -- : lab.rism: Source #840019037 593: '[0;33;49mMs. en partie autogr.[0m' => '[0;32;49mAutograph manuscript[0m'
I, [2020-02-05T07:55:43.182637 #24378]  INFO -- : lab.rism: Source #840020427 593: '[0;33;49mMs. en partie autogr.[0m' => '[0;32;49mAutograph manuscript[0m'
I, [2020-02-05T07:55:43.224311 #24378]  INFO -- : lab.rism: Source #840020428 593: '[0;33;49mMs. en partie autogr.[0m' => '[0;32;49mAutograph manuscript[0m'
I, [2020-02-05T07:55:43.282690 #24378]  INFO -- : lab.rism: Source #840020429 593: '[0;33;49mMs. en partie autogr.[0m' => '[0;32;49mAutograph manuscript[0m'
I, [2020-02-05T07:55:43.357746 #24378]  INFO -- : lab.rism: Source #840021236 593: '[0;33;49mMs. en partie autogr.[0m' => '[0;32;49mAutograph manuscript[0m'
I, [2020-02-05T07:55:43.416120 #24378]  INFO -- : lab.rism: Source #840021237 593: '[0;33;49mMs. en partie autogr.[0m' => '[0;32;49mAutograph manuscript[0m'
I, [2020-02-05T07:55:43.491103 #24378]  INFO -- : lab.rism: Source #840021238 593: '[0;33;49mMs. en partie autogr.[0m' => '[0;32;49mAutograph manuscript[0m'
I, [2020-02-05T07:55:43.549399 #24378]  INFO -- : lab.rism: Source #840021243 593: '[0;33;49mMs. autogr. ?[0m' => '[0;32;49mPossible autograph manuscript[0m'
I, [2020-02-05T07:55:43.599432 #24378]  INFO -- : lab.rism: Source #840021244 593: '[0;33;49mMs. autogr. ?[0m' => '[0;32;49mPossible autograph manuscript[0m'
I, [2020-02-05T07:55:43.649441 #24378]  INFO -- : lab.rism: Source #840021245 593: '[0;33;49mMs. autogr. ?[0m' => '[0;32;49mPossible autograph manuscript[0m'
I, [2020-02-05T07:55:43.699620 #24378]  INFO -- : lab.rism: Source #840021246 593: '[0;33;49mMs. autogr. ?[0m' => '[0;32;49mPossible autograph manuscript[0m'
I, [2020-02-05T07:55:43.774553 #24378]  INFO -- : lab.rism: Source #840021247 593: '[0;33;49mMs. autogr. ?[0m' => '[0;32;49mPossible autograph manuscript[0m'
I, [2020-02-05T07:55:43.824524 #24378]  INFO -- : lab.rism: Source #840021248 593: '[0;33;49mMs. autogr. ?[0m' => '[0;32;49mPossible autograph manuscript[0m'
I, [2020-02-05T07:55:44.007859 #24378]  INFO -- : lab.rism: Source #840021249 593: '[0;33;49mMs. autogr. ?[0m' => '[0;32;49mPossible autograph manuscript[0m'
I, [2020-02-05T07:55:44.115656 #24378]  INFO -- : lab.rism: Source #840021250 593: '[0;33;49mMs. autogr. ?[0m' => '[0;32;49mPossible autograph manuscript[0m'
I, [2020-02-05T07:55:44.182925 #24378]  INFO -- : lab.rism: Source #840021251 593: '[0;33;49mMs. autogr. ?[0m' => '[0;32;49mPossible autograph manuscript[0m'
I, [2020-02-05T07:55:44.266283 #24378]  INFO -- : lab.rism: Source #840021252 593: '[0;33;49mMs. autogr. ?[0m' => '[0;32;49mPossible autograph manuscript[0m'
I, [2020-02-05T07:55:44.332937 #24378]  INFO -- : lab.rism: Source #840021253 593: '[0;33;49mMs. autogr. ?[0m' => '[0;32;49mPossible autograph manuscript[0m'
I, [2020-02-05T07:55:44.382897 #24378]  INFO -- : lab.rism: Source #840021254 593: '[0;33;49mMs. autogr. ?[0m' => '[0;32;49mPossible autograph manuscript[0m'
I, [2020-02-05T07:55:44.457975 #24378]  INFO -- : lab.rism: Source #840022475 593: '[0;33;49mMs. en partie autogr.[0m' => '[0;32;49mAutograph manuscript[0m'
I, [2020-02-05T07:55:44.516349 #24378]  INFO -- : lab.rism: Source #840022476 593: '[0;33;49mMs. en partie autogr.[0m' => '[0;32;49mAutograph manuscript[0m'
I, [2020-02-05T07:55:44.574620 #24378]  INFO -- : lab.rism: Source #840022477 593: '[0;33;49mMs. en partie autogr.[0m' => '[0;32;49mAutograph manuscript[0m'
I, [2020-02-05T07:55:44.624601 #24378]  INFO -- : lab.rism: Source #840022478 593: '[0;33;49mMs. en partie autogr.[0m' => '[0;32;49mAutograph manuscript[0m'
I, [2020-02-05T07:55:44.674680 #24378]  INFO -- : lab.rism: Source #840023493 593: '[0;33;49mMs. autogr.?[0m' => '[0;32;49mPossible autograph manuscript[0m'
I, [2020-02-05T07:55:44.733170 #24378]  INFO -- : lab.rism: Source #840023494 593: '[0;33;49mMs. autogr.?[0m' => '[0;32;49mPossible autograph manuscript[0m'
I, [2020-02-05T07:55:44.816379 #24378]  INFO -- : lab.rism: Source #840023495 593: '[0;33;49mMs. autogr.?[0m' => '[0;32;49mPossible autograph manuscript[0m'
I, [2020-02-05T07:55:44.866280 #24378]  INFO -- : lab.rism: Source #840024628 593: '[0;33;49mNouvelle et dernieÌ€re Edition, contenant les corrections JugeÌes // convenables et neÌ€cessaires par les auteurs, dont l'intention est, qu'il ne soit // fait dans quelque partie que ce puisse eÌ‚tre, aucune espece de changement // aÌ€ cet ouvrage s'il arrive qu'on le mette de nouveau sous les yeux du // public[0m' => '[0;32;49mOther[0m'
I, [2020-02-05T07:55:44.916004 #24378]  INFO -- : lab.rism: Source #840024629 593: '[0;33;49mNouvelle et dernieÌ€re Edition, contenant les corrections JugeÌes // convenables et neÌ€cessaires par les auteurs, dont l'intention est, qu'il ne soit // fait dans quelque partie que ce puisse eÌ‚tre, aucune espece de changement // aÌ€ cet ouvrage s'il arrive qu'on le mette de nouveau sous les yeux du // public[0m' => '[0;32;49mOther[0m'
I, [2020-02-05T07:55:44.965987 #24378]  INFO -- : lab.rism: Source #840024630 593: '[0;33;49mNouvelle et dernieÌ€re Edition, contenant les corrections JugeÌes // convenables et neÌ€cessaires par les auteurs, dont l'intention est, qu'il ne soit // fait dans quelque partie que ce puisse eÌ‚tre, aucune espece de changement // aÌ€ cet ouvrage s'il arrive qu'on le mette de nouveau sous les yeux du // public[0m' => '[0;32;49mOther[0m'
I, [2020-02-05T07:55:45.067040 #24378]  INFO -- : lab.rism: Source #840024631 593: '[0;33;49mMs. autogr. de Francoeur[0m' => '[0;32;49mAutograph manuscript[0m'
I, [2020-02-05T07:55:45.141495 #24378]  INFO -- : lab.rism: Source #840024632 593: '[0;33;49mMs. autogr. de Francoeur[0m' => '[0;32;49mAutograph manuscript[0m'
I, [2020-02-05T07:55:45.241511 #24378]  INFO -- : lab.rism: Source #840024633 593: '[0;33;49mMs. autogr. de Francoeur[0m' => '[0;32;49mAutograph manuscript[0m'
I, [2020-02-05T07:55:45.316545 #24378]  INFO -- : lab.rism: Source #840024817 593: '[0;33;49mMs. (autogr. ?)[0m' => '[0;32;49mManuscript copy[0m'
I, [2020-02-05T07:55:45.383298 #24378]  INFO -- : lab.rism: Source #840024818 593: '[0;33;49mMs. (autogr. ?)[0m' => '[0;32;49mManuscript copy[0m'
I, [2020-02-05T07:55:45.466590 #24378]  INFO -- : lab.rism: Source #840024819 593: '[0;33;49mMs. (autogr. ?)[0m' => '[0;32;49mManuscript copy[0m'
I, [2020-02-05T07:55:45.541523 #24378]  INFO -- : lab.rism: Source #840024820 593: '[0;33;49mMs. (autogr. ?)[0m' => '[0;32;49mManuscript copy[0m'
I, [2020-02-05T07:55:45.599853 #24378]  INFO -- : lab.rism: Source #840024821 593: '[0;33;49mMs. (autogr. ?)[0m' => '[0;32;49mManuscript copy[0m'
I, [2020-02-05T07:55:45.658190 #24378]  INFO -- : lab.rism: Source #840024822 593: '[0;33;49mMs. (autogr. ?)[0m' => '[0;32;49mManuscript copy[0m'
I, [2020-02-05T07:55:45.733233 #24378]  INFO -- : lab.rism: Source #840024823 593: '[0;33;49mMs. (autogr. ?)[0m' => '[0;32;49mManuscript copy[0m'
I, [2020-02-05T07:55:45.799487 #24378]  INFO -- : lab.rism: Source #840024824 593: '[0;33;49mMs. (autogr. ?)[0m' => '[0;32;49mManuscript copy[0m'
I, [2020-02-05T07:55:45.858407 #24378]  INFO -- : lab.rism: Source #840024825 593: '[0;33;49mMs. (autogr. ?)[0m' => '[0;32;49mManuscript copy[0m'
I, [2020-02-05T07:55:45.933264 #24378]  INFO -- : lab.rism: Source #840024826 593: '[0;33;49mMs. (autogr. ?)[0m' => '[0;32;49mManuscript copy[0m'
I, [2020-02-05T07:55:45.999981 #24378]  INFO -- : lab.rism: Source #840024842 593: '[0;33;49mMs. (autogr. ?)[0m' => '[0;32;49mManuscript copy[0m'
I, [2020-02-05T07:55:46.074935 #24378]  INFO -- : lab.rism: Source #840024843 593: '[0;33;49mMs. (autogr. ?)[0m' => '[0;32;49mManuscript copy[0m'
I, [2020-02-05T07:55:46.141671 #24378]  INFO -- : lab.rism: Source #840024844 593: '[0;33;49mMs. (autogr. ?)[0m' => '[0;32;49mManuscript copy[0m'
I, [2020-02-05T07:55:46.208339 #24378]  INFO -- : lab.rism: Source #840024845 593: '[0;33;49mMs. (autogr. ?)[0m' => '[0;32;49mManuscript copy[0m'
I, [2020-02-05T07:55:46.291683 #24378]  INFO -- : lab.rism: Source #840024846 593: '[0;33;49mMs. (autogr. ?)[0m' => '[0;32;49mManuscript copy[0m'
I, [2020-02-05T07:55:46.358369 #24378]  INFO -- : lab.rism: Source #840024847 593: '[0;33;49mMs. (autogr. ?)[0m' => '[0;32;49mManuscript copy[0m'
I, [2020-02-05T07:55:46.425019 #24378]  INFO -- : lab.rism: Source #840024848 593: '[0;33;49mMs. (autogr. ?)[0m' => '[0;32;49mManuscript copy[0m'
I, [2020-02-05T07:55:46.483361 #24378]  INFO -- : lab.rism: Source #840024849 593: '[0;33;49mMs. (autogr. ?)[0m' => '[0;32;49mManuscript copy[0m'
I, [2020-02-05T07:55:46.541665 #24378]  INFO -- : lab.rism: Source #840024850 593: '[0;33;49mMs. (autogr. ?)[0m' => '[0;32;49mManuscript copy[0m'
I, [2020-02-05T07:55:46.591770 #24378]  INFO -- : lab.rism: Source #840024851 593: '[0;33;49mMs. (autogr. ?)[0m' => '[0;32;49mManuscript copy[0m'
I, [2020-02-05T07:55:46.641674 #24378]  INFO -- : lab.rism: Source #840024852 593: '[0;33;49mMs. (autogr. ?)[0m' => '[0;32;49mManuscript copy[0m'
I, [2020-02-05T07:55:46.691723 #24378]  INFO -- : lab.rism: Source #840024853 593: '[0;33;49mMs. (autogr. ?)[0m' => '[0;32;49mManuscript copy[0m'
I, [2020-02-05T07:55:46.750188 #24378]  INFO -- : lab.rism: Source #840024854 593: '[0;33;49mMs. (autogr. ?)[0m' => '[0;32;49mManuscript copy[0m'
I, [2020-02-05T07:55:46.850386 #24378]  INFO -- : lab.rism: Source #840024855 593: '[0;33;49mMs. (autogr. ?)[0m' => '[0;32;49mManuscript copy[0m'
I, [2020-02-05T07:55:46.916904 #24378]  INFO -- : lab.rism: Source #840024856 593: '[0;33;49mMs. (autogr. ?)[0m' => '[0;32;49mManuscript copy[0m'
I, [2020-02-05T07:55:46.966697 #24378]  INFO -- : lab.rism: Source #840024857 593: '[0;33;49mMs. (autogr. ?)[0m' => '[0;32;49mManuscript copy[0m'
I, [2020-02-05T07:55:47.033792 #24378]  INFO -- : lab.rism: Source #840024858 593: '[0;33;49mMs. (autogr. ?)[0m' => '[0;32;49mManuscript copy[0m'
I, [2020-02-05T07:55:47.108574 #24378]  INFO -- : lab.rism: Source #840024859 593: '[0;33;49mMs. (autogr. ?)[0m' => '[0;32;49mManuscript copy[0m'
I, [2020-02-05T07:55:47.183534 #24378]  INFO -- : lab.rism: Source #840024860 593: '[0;33;49mMs. (autogr. ?)[0m' => '[0;32;49mManuscript copy[0m'
I, [2020-02-05T07:55:47.241845 #24378]  INFO -- : lab.rism: Source #840024944 593: '[0;33;49mMs. (non autogr.)[0m' => '[0;32;49mManuscript copy[0m'
I, [2020-02-05T07:55:47.300215 #24378]  INFO -- : lab.rism: Source #840024945 593: '[0;33;49mMs. (non autogr.)[0m' => '[0;32;49mManuscript copy[0m'
I, [2020-02-05T07:55:47.358160 #24378]  INFO -- : lab.rism: Source #840025038 593: '[0;33;49mMs. en partie autogr. de Jean-Baptiste Lully[0m' => '[0;32;49mAutograph manuscript[0m'
I, [2020-02-05T07:55:47.408574 #24378]  INFO -- : lab.rism: Source #840025039 593: '[0;33;49mMs. en partie autogr. de Jean-Baptiste Lully[0m' => '[0;32;49mAutograph manuscript[0m'
I, [2020-02-05T07:55:47.458596 #24378]  INFO -- : lab.rism: Source #840025040 593: '[0;33;49mMs. en partie autogr. de Jean-Baptiste Lully[0m' => '[0;32;49mAutograph manuscript[0m'
I, [2020-02-05T07:55:47.508589 #24378]  INFO -- : lab.rism: Source #840025057 593: '[0;33;49mMs. (non autogr.)[0m' => '[0;32;49mManuscript copy[0m'
I, [2020-02-05T07:55:47.558579 #24378]  INFO -- : lab.rism: Source #840025058 593: '[0;33;49mMs. (non autogr.)[0m' => '[0;32;49mManuscript copy[0m'
I, [2020-02-05T07:55:47.608596 #24378]  INFO -- : lab.rism: Source #840025059 593: '[0;33;49mMs. (non autogr.)[0m' => '[0;32;49mManuscript copy[0m'
I, [2020-02-05T07:55:47.650235 #24378]  INFO -- : lab.rism: Source #840025060 593: '[0;33;49mMs. (non autogr.)[0m' => '[0;32;49mManuscript copy[0m'
I, [2020-02-05T07:55:47.691971 #24378]  INFO -- : lab.rism: Source #840025061 593: '[0;33;49mMs. (non autogr.)[0m' => '[0;32;49mManuscript copy[0m'
I, [2020-02-05T07:55:47.733605 #24378]  INFO -- : lab.rism: Source #840025062 593: '[0;33;49mMs. (non autogr.)[0m' => '[0;32;49mManuscript copy[0m'
I, [2020-02-05T07:55:47.917251 #24378]  INFO -- : lab.rism: Source #840025200 593: '[0;33;49mMs. autogr[0m' => '[0;32;49mAutograph manuscript[0m'
I, [2020-02-05T07:55:47.983781 #24378]  INFO -- : lab.rism: Source #840025201 593: '[0;33;49mMs. autogr[0m' => '[0;32;49mAutograph manuscript[0m'
I, [2020-02-05T07:55:48.082237 #24378]  INFO -- : lab.rism: Source #840025202 593: '[0;33;49mMs. autogr[0m' => '[0;32;49mAutograph manuscript[0m'
I, [2020-02-05T07:55:48.133671 #24378]  INFO -- : lab.rism: Source #840025203 593: '[0;33;49mMs. autogr[0m' => '[0;32;49mAutograph manuscript[0m'
I, [2020-02-05T07:55:48.183742 #24378]  INFO -- : lab.rism: Source #840025204 593: '[0;33;49mMs. autogr[0m' => '[0;32;49mAutograph manuscript[0m'
I, [2020-02-05T07:55:48.258368 #24378]  INFO -- : lab.rism: Source #840027185 593: '[0;33;49m[Edition avec ajouts ms.][0m' => '[0;32;49mOther[0m'
I, [2020-02-05T07:55:48.325444 #24378]  INFO -- : lab.rism: Source #840027186 593: '[0;33;49m[Edition avec ajouts ms.][0m' => '[0;32;49mOther[0m'
I, [2020-02-05T07:55:48.450779 #24378]  INFO -- : lab.rism: Source #840027187 593: '[0;33;49m[Edition avec ajouts ms.][0m' => '[0;32;49mOther[0m'
I, [2020-02-05T07:55:48.550629 #24378]  INFO -- : lab.rism: Source #840027190 593: '[0;33;49m[Edition avec ajouts ms.][0m' => '[0;32;49mOther[0m'
I, [2020-02-05T07:55:48.608894 #24378]  INFO -- : lab.rism: Source #840027264 593: '[0;33;49mMs. en partie autogr.[0m' => '[0;32;49mAutograph manuscript[0m'
I, [2020-02-05T07:55:48.658934 #24378]  INFO -- : lab.rism: Source #840027265 593: '[0;33;49mMs. en partie autogr.[0m' => '[0;32;49mAutograph manuscript[0m'
I, [2020-02-05T07:55:48.708945 #24378]  INFO -- : lab.rism: Source #840027266 593: '[0;33;49mMs. en partie autogr.[0m' => '[0;32;49mAutograph manuscript[0m'
I, [2020-02-05T07:55:48.758959 #24378]  INFO -- : lab.rism: Source #840027267 593: '[0;33;49mMs. en partie autogr.[0m' => '[0;32;49mAutograph manuscript[0m'
I, [2020-02-05T07:55:48.808922 #24378]  INFO -- : lab.rism: Source #840027268 593: '[0;33;49mMs. en partie autogr.[0m' => '[0;32;49mAutograph manuscript[0m'
I, [2020-02-05T07:55:48.859002 #24378]  INFO -- : lab.rism: Source #840027269 593: '[0;33;49mMs. en partie autogr.[0m' => '[0;32;49mAutograph manuscript[0m'
I, [2020-02-05T07:55:48.908980 #24378]  INFO -- : lab.rism: Source #840027270 593: '[0;33;49mMs. en partie autogr.[0m' => '[0;32;49mAutograph manuscript[0m'
I, [2020-02-05T07:55:48.959028 #24378]  INFO -- : lab.rism: Source #840027587 593: '[0;33;49mms. et impr.[0m' => '[0;32;49mOther[0m'
I, [2020-02-05T07:55:49.000687 #24378]  INFO -- : lab.rism: Source #840027588 593: '[0;33;49mms. et impr.[0m' => '[0;32;49mOther[0m'
I, [2020-02-05T07:55:49.073932 #24378]  INFO -- : lab.rism: Source #840027622 593: '[0;33;49mms.[0m' => '[0;32;49mManuscript copy[0m'
I, [2020-02-05T07:55:49.134124 #24378]  INFO -- : lab.rism: Source #840027623 593: '[0;33;49mms.[0m' => '[0;32;49mManuscript copy[0m'
I, [2020-02-05T07:55:49.184112 #24378]  INFO -- : lab.rism: Source #840027624 593: '[0;33;49mms.[0m' => '[0;32;49mManuscript copy[0m'
I, [2020-02-05T07:55:49.234115 #24378]  INFO -- : lab.rism: Source #840027625 593: '[0;33;49mms.[0m' => '[0;32;49mManuscript copy[0m'
I, [2020-02-05T07:55:49.284051 #24378]  INFO -- : lab.rism: Source #840027626 593: '[0;33;49mms.[0m' => '[0;32;49mManuscript copy[0m'
I, [2020-02-05T07:55:49.325718 #24378]  INFO -- : lab.rism: Source #840027627 593: '[0;33;49mms.[0m' => '[0;32;49mManuscript copy[0m'
I, [2020-02-05T07:55:49.367413 #24378]  INFO -- : lab.rism: Source #840027628 593: '[0;33;49mms.[0m' => '[0;32;49mManuscript copy[0m'
I, [2020-02-05T07:55:49.409075 #24378]  INFO -- : lab.rism: Source #840027629 593: '[0;33;49mms.[0m' => '[0;32;49mManuscript copy[0m'
I, [2020-02-05T07:55:49.450757 #24378]  INFO -- : lab.rism: Source #840027630 593: '[0;33;49mms.[0m' => '[0;32;49mManuscript copy[0m'
I, [2020-02-05T07:55:49.492461 #24378]  INFO -- : lab.rism: Source #840027631 593: '[0;33;49mms.[0m' => '[0;32;49mManuscript copy[0m'
I, [2020-02-05T07:55:49.534176 #24378]  INFO -- : lab.rism: Source #840027632 593: '[0;33;49mms.[0m' => '[0;32;49mManuscript copy[0m'
I, [2020-02-05T07:55:49.575786 #24378]  INFO -- : lab.rism: Source #840027633 593: '[0;33;49mms.[0m' => '[0;32;49mManuscript copy[0m'
I, [2020-02-05T07:55:49.617506 #24378]  INFO -- : lab.rism: Source #840027634 593: '[0;33;49mms.[0m' => '[0;32;49mManuscript copy[0m'
I, [2020-02-05T07:55:49.659177 #24378]  INFO -- : lab.rism: Source #840027635 593: '[0;33;49mms.[0m' => '[0;32;49mManuscript copy[0m'
I, [2020-02-05T07:55:49.700873 #24378]  INFO -- : lab.rism: Source #840027636 593: '[0;33;49mms.[0m' => '[0;32;49mManuscript copy[0m'
I, [2020-02-05T07:55:49.767591 #24378]  INFO -- : lab.rism: Source #840030567 593: '[0;33;49mMs. avec insertions imprimeÌes[0m' => '[0;32;49mOther[0m'
I, [2020-02-05T07:55:49.850959 #24378]  INFO -- : lab.rism: Source #840030568 593: '[0;33;49mMs. avec insertions imprimeÌes[0m' => '[0;32;49mOther[0m'
I, [2020-02-05T07:55:49.925959 #24378]  INFO -- : lab.rism: Source #840030569 593: '[0;33;49mMs. avec insertions imprimeÌes[0m' => '[0;32;49mOther[0m'
I, [2020-02-05T07:55:50.074178 #24378]  INFO -- : lab.rism: Source #840030570 593: '[0;33;49mMs. avec insertions imprimeÌes[0m' => '[0;32;49mOther[0m'
I, [2020-02-05T07:55:50.134327 #24378]  INFO -- : lab.rism: Source #840030571 593: '[0;33;49mMs. avec insertions imprimeÌes[0m' => '[0;32;49mOther[0m'
I, [2020-02-05T09:13:44.311855 #7760]  INFO -- : lab.rism: Size of collection --> 198
I, [2020-02-05T09:13:45.226181 #7760]  INFO -- : lab.rism: Source #840010007 593: '[0;33;49mMs. autogr. ?[0m' => '[0;32;49mPossible autograph manuscript[0m'
I, [2020-02-05T09:13:45.307548 #7760]  INFO -- : lab.rism: Source #840010030 593: '[0;33;49mMs. autogr. ?[0m' => '[0;32;49mPossible autograph manuscript[0m'
I, [2020-02-05T09:13:45.379699 #7760]  INFO -- : lab.rism: Source #840010036 593: '[0;33;49mMs. autogr. ?[0m' => '[0;32;49mPossible autograph manuscript[0m'
I, [2020-02-05T09:13:45.690900 #7760]  INFO -- : lab.rism: Source #840010038 593: '[0;33;49mMs. autogr. ?[0m' => '[0;32;49mPossible autograph manuscript[0m'
I, [2020-02-05T09:13:45.757537 #7760]  INFO -- : lab.rism: Source #840010039 593: '[0;33;49mMs. autogr. ?[0m' => '[0;32;49mPossible autograph manuscript[0m'
I, [2020-02-05T09:13:45.824187 #7760]  INFO -- : lab.rism: Source #840010040 593: '[0;33;49mMs. autogr. ?[0m' => '[0;32;49mPossible autograph manuscript[0m'
I, [2020-02-05T09:13:45.882493 #7760]  INFO -- : lab.rism: Source #840010041 593: '[0;33;49mMs. autogr. ?[0m' => '[0;32;49mPossible autograph manuscript[0m'
I, [2020-02-05T09:13:45.932532 #7760]  INFO -- : lab.rism: Source #840010042 593: '[0;33;49mMs. autogr. ?[0m' => '[0;32;49mPossible autograph manuscript[0m'
I, [2020-02-05T09:13:46.004807 #7760]  INFO -- : lab.rism: Source #840010369 593: '[0;33;49mMs[0m' => '[0;32;49mManuscript copy[0m'
I, [2020-02-05T09:13:46.076004 #7760]  INFO -- : lab.rism: Source #840010370 593: '[0;33;49mMs[0m' => '[0;32;49mManuscript copy[0m'
I, [2020-02-05T09:13:46.138184 #7760]  INFO -- : lab.rism: Source #840010373 593: '[0;33;49mMs[0m' => '[0;32;49mManuscript copy[0m'
I, [2020-02-05T09:13:46.196483 #7760]  INFO -- : lab.rism: Source #840011177 593: '[0;33;49mMs. autogr. ?[0m' => '[0;32;49mPossible autograph manuscript[0m'
I, [2020-02-05T09:13:46.341130 #7760]  INFO -- : lab.rism: Source #840011318 593: '[0;33;49mMus.[0m' => '[0;32;49mManuscript copy[0m'
I, [2020-02-05T09:13:46.489131 #7760]  INFO -- : lab.rism: Source #840011387 593: '[0;33;49mMusique imprimeÌe et ms. autogr.[0m' => '[0;32;49mOther[0m'
I, [2020-02-05T09:13:46.674592 #7760]  INFO -- : lab.rism: Source #840011825 593: '[0;33;49mMs[0m' => '[0;32;49mManuscript copy[0m'
I, [2020-02-05T09:13:46.732857 #7760]  INFO -- : lab.rism: Source #840011831 593: '[0;33;49mMs[0m' => '[0;32;49mManuscript copy[0m'
I, [2020-02-05T09:13:46.816950 #7760]  INFO -- : lab.rism: Source #840011877 593: '[0;33;49mms[0m' => '[0;32;49mManuscript copy[0m'
I, [2020-02-05T09:13:46.922097 #7760]  INFO -- : lab.rism: Source #840012018 593: '[0;33;49mMs[0m' => '[0;32;49mManuscript copy[0m'
I, [2020-02-05T09:13:46.997296 #7760]  INFO -- : lab.rism: Source #840012027 593: '[0;33;49mMs[0m' => '[0;32;49mManuscript copy[0m'
I, [2020-02-05T09:13:47.101225 #7760]  INFO -- : lab.rism: Source #840012081 593: '[0;33;49mMs. et ms. autogr.[0m' => '[0;32;49mAutograph manuscript[0m'
I, [2020-02-05T09:13:47.188632 #7760]  INFO -- : lab.rism: Source #840012084 593: '[0;33;49mMs. et eÌd.[0m' => '[0;32;49mOther[0m'
I, [2020-02-05T09:13:47.255244 #7760]  INFO -- : lab.rism: Source #840013194 593: '[0;33;49mMs. autogr. de Francoeur[0m' => '[0;32;49mAutograph manuscript[0m'
I, [2020-02-05T09:13:47.330422 #7760]  INFO -- : lab.rism: Source #840013249 593: '[0;33;49mMs autogr.[0m' => '[0;32;49mAutograph manuscript[0m'
I, [2020-02-05T09:13:47.430634 #7760]  INFO -- : lab.rism: Source #840013346 593: '[0;33;49mMs. autogr[0m' => '[0;32;49mAutograph manuscript[0m'
I, [2020-02-05T09:13:47.697107 #7760]  INFO -- : lab.rism: Source #840013367 593: '[0;33;49mMs. autogr. de Trial[0m' => '[0;32;49mAutograph manuscript[0m'
I, [2020-02-05T09:13:47.755491 #7760]  INFO -- : lab.rism: Source #840013368 593: '[0;33;49mMs. autogr. de Berton[0m' => '[0;32;49mAutograph manuscript[0m'
I, [2020-02-05T09:13:47.813819 #7760]  INFO -- : lab.rism: Source #840013374 593: '[0;33;49mMs. autogr. de Berton[0m' => '[0;32;49mAutograph manuscript[0m'
I, [2020-02-05T09:13:47.874860 #7760]  INFO -- : lab.rism: Source #840014175 593: '[0;33;49mMs. autogr.?[0m' => '[0;32;49mPossible autograph manuscript[0m'
I, [2020-02-05T09:13:47.964009 #7760]  INFO -- : lab.rism: Source #840014369 593: '[0;33;49mMs[0m' => '[0;32;49mManuscript copy[0m'
I, [2020-02-05T09:13:48.034931 #7760]  INFO -- : lab.rism: Source #840014530 593: '[0;33;49m[Partie][0m' => '[0;32;49mOther[0m'
I, [2020-02-05T09:13:48.130716 #7760]  INFO -- : lab.rism: Source #840014594 593: '[0;33;49mMs. non autogr.[0m' => '[0;32;49mManuscript copy[0m'
I, [2020-02-05T09:13:48.233466 #7760]  INFO -- : lab.rism: Source #840014667 593: '[0;33;49mMs. autogr. et ms.[0m' => '[0;32;49mAutograph manuscript[0m'
I, [2020-02-05T09:13:48.323274 #7760]  INFO -- : lab.rism: Source #840014770 593: '[0;33;49mMs. (autogr. ?)[0m' => '[0;32;49mPossible autograph manuscript[0m'
I, [2020-02-05T09:13:48.400189 #7760]  INFO -- : lab.rism: Source #840014771 593: '[0;33;49mMs. autogr. de L.-J. Francoeur[0m' => '[0;32;49mAutograph manuscript[0m'
I, [2020-02-05T09:13:48.641950 #7760]  INFO -- : lab.rism: Source #840014813 593: '[0;33;49mMs. (non autogr.)[0m' => '[0;32;49mManuscript copy[0m'
I, [2020-02-05T09:13:48.708570 #7760]  INFO -- : lab.rism: Source #840014828 593: '[0;33;49mMs. (non autogr.)[0m' => '[0;32;49mManuscript copy[0m'
I, [2020-02-05T09:13:48.790309 #7760]  INFO -- : lab.rism: Source #840014844 593: '[0;33;49mMs. (non autogr.)[0m' => '[0;32;49mManuscript copy[0m'
I, [2020-02-05T09:13:48.850392 #7760]  INFO -- : lab.rism: Source #840014899 593: '[0;33;49mMs. en partie autogr. de Jean-Baptiste Lully[0m' => '[0;32;49mPartial autograph[0m'
I, [2020-02-05T09:13:48.917016 #7760]  INFO -- : lab.rism: Source #840014919 593: '[0;33;49mMs. (non autogr.)[0m' => '[0;32;49mManuscript copy[0m'
I, [2020-02-05T09:13:49.000462 #7760]  INFO -- : lab.rism: Source #840014920 593: '[0;33;49mMs. (non autogr.)[0m' => '[0;32;49mManuscript copy[0m'
I, [2020-02-05T09:13:49.068343 #7760]  INFO -- : lab.rism: Source #840014921 593: '[0;33;49mMs. (non autogr.)[0m' => '[0;32;49mManuscript copy[0m'
I, [2020-02-05T09:13:49.125312 #7760]  INFO -- : lab.rism: Source #840014922 593: '[0;33;49mMs. (non autogr.)[0m' => '[0;32;49mManuscript copy[0m'
I, [2020-02-05T09:13:49.175350 #7760]  INFO -- : lab.rism: Source #840014923 593: '[0;33;49mMs. (non autogr.)[0m' => '[0;32;49mManuscript copy[0m'
I, [2020-02-05T09:13:49.216986 #7760]  INFO -- : lab.rism: Source #840014924 593: '[0;33;49mMs. (non autogr.)[0m' => '[0;32;49mManuscript copy[0m'
I, [2020-02-05T09:13:49.258680 #7760]  INFO -- : lab.rism: Source #840014991 593: '[0;33;49mMs. (non autogr.)[0m' => '[0;32;49mManuscript copy[0m'
I, [2020-02-05T09:13:49.332174 #7760]  INFO -- : lab.rism: Source #840015036 593: '[0;33;49mMs., avec p. de t. imprimeÌe[0m' => '[0;32;49mOther[0m'
I, [2020-02-05T09:13:49.417210 #7760]  INFO -- : lab.rism: Source #840015123 593: '[0;33;49mMs. autogr[0m' => '[0;32;49mAutograph manuscript[0m'
I, [2020-02-05T09:13:49.708911 #7760]  INFO -- : lab.rism: Source #840015293 593: '[0;33;49mMs. autogr. (en partie ?)[0m' => '[0;32;49mAutograph manuscript[0m'
I, [2020-02-05T09:13:49.775612 #7760]  INFO -- : lab.rism: Source #840016221 593: '[0;33;49mMs[0m' => '[0;32;49mManuscript copy[0m'
I, [2020-02-05T09:13:49.825516 #7760]  INFO -- : lab.rism: Source #840016225 593: '[0;33;49mMs[0m' => '[0;32;49mManuscript copy[0m'
I, [2020-02-05T09:13:49.883867 #7760]  INFO -- : lab.rism: Source #840016227 593: '[0;33;49mMs[0m' => '[0;32;49mManuscript copy[0m'
I, [2020-02-05T09:13:49.950589 #7760]  INFO -- : lab.rism: Source #840016641 593: '[0;33;49mMs. autogr[0m' => '[0;32;49mAutograph manuscript[0m'
I, [2020-02-05T09:13:50.035266 #7760]  INFO -- : lab.rism: Source #840017429 593: '[0;33;49mMs. autogr. ?[0m' => '[0;32;49mPossible autograph manuscript[0m'
I, [2020-02-05T09:13:50.134024 #7760]  INFO -- : lab.rism: Source #840017789 593: '[0;33;49m[EÌpreuves corrigeÌes autographes][0m' => '[0;32;49mManuscript copy with autograph annotations[0m'
I, [2020-02-05T09:13:50.192373 #7760]  INFO -- : lab.rism: Source #840017808 593: '[0;33;49m[Edition avec ajouts ms.][0m' => '[0;32;49mOther[0m'
I, [2020-02-05T09:13:50.265754 #7760]  INFO -- : lab.rism: Source #840017819 593: '[0;33;49m[Ajouts ms. en partie autogr.][0m' => '[0;32;49mOther[0m'
I, [2020-02-05T09:13:50.332453 #7760]  INFO -- : lab.rism: Source #840017836 593: '[0;33;49m[Ajouts ms. partiellement autogr.][0m' => '[0;32;49mOther[0m'
I, [2020-02-05T09:13:50.417561 #7760]  INFO -- : lab.rism: Source #840017922 593: '[0;33;49mAjouts ms.[0m' => '[0;32;49mAutograph manuscript[0m'
I, [2020-02-05T09:13:50.701075 #7760]  INFO -- : lab.rism: Source #840018039 593: '[0;33;49mms. et impr.[0m' => '[0;32;49mOther[0m'
I, [2020-02-05T09:13:50.774405 #7760]  INFO -- : lab.rism: Source #840018041 593: '[0;33;49mms.[0m' => '[0;32;49mManuscript copy[0m'
I, [2020-02-05T09:13:50.851011 #7760]  INFO -- : lab.rism: Source #840018282 593: '[0;33;49mMs[0m' => '[0;32;49mManuscript copy[0m'
I, [2020-02-05T09:13:50.909389 #7760]  INFO -- : lab.rism: Source #840018287 593: '[0;33;49mMs[0m' => '[0;32;49mManuscript copy[0m'
I, [2020-02-05T09:13:50.957742 #7760]  INFO -- : lab.rism: Source #840018298 593: '[0;33;49mMs. frcÌ§.[0m' => '[0;32;49mManuscript copy[0m'
I, [2020-02-05T09:13:51.001079 #7760]  INFO -- : lab.rism: Source #840018429 593: '[0;33;49mMs. en partie autogr.[0m' => '[0;32;49mPartial autograph[0m'
I, [2020-02-05T09:13:51.093729 #7760]  INFO -- : lab.rism: Source #840018490 593: '[0;33;49mMs. en partie autogr.[0m' => '[0;32;49mPartial autograph[0m'
I, [2020-02-05T09:13:51.142803 #7760]  INFO -- : lab.rism: Source #840018501 593: '[0;33;49mMs. avec insertions imprimeÌes[0m' => '[0;32;49mOther[0m'
I, [2020-02-05T09:13:51.184508 #7760]  INFO -- : lab.rism: Source #840018696 593: '[0;33;49mMs. en partie autogr.[0m' => '[0;32;49mPartial autograph[0m'
I, [2020-02-05T09:13:51.242855 #7760]  INFO -- : lab.rism: Source #840018736 593: '[0;33;49mMs. en partie autogr.[0m' => '[0;32;49mPartial autograph[0m'
I, [2020-02-05T09:13:51.301232 #7760]  INFO -- : lab.rism: Source #840018788 593: '[0;33;49mMs. en partie autogr.[0m' => '[0;32;49mPartial autograph[0m'
I, [2020-02-05T09:13:51.342917 #7760]  INFO -- : lab.rism: Source #840018842 593: '[0;33;49m[Exemplaire avec corrections autographes][0m' => '[0;32;49mManuscript copy with autograph annotations[0m'
I, [2020-02-05T09:13:51.384716 #7760]  INFO -- : lab.rism: Source #840018907 593: '[0;33;49mMs. en partie autogr.[0m' => '[0;32;49mPartial autograph[0m'
I, [2020-02-05T09:13:51.559812 #7760]  INFO -- : lab.rism: Source #840018976 593: '[0;33;49mMs. autogr. ?[0m' => '[0;32;49mPossible autograph manuscript[0m'
I, [2020-02-05T09:13:51.643145 #7760]  INFO -- : lab.rism: Source #840018983 593: '[0;33;49mMs. en partie autogr.[0m' => '[0;32;49mPartial autograph[0m'
I, [2020-02-05T09:13:51.701413 #7760]  INFO -- : lab.rism: Source #840019028 593: '[0;33;49mMs. en partie autogr.[0m' => '[0;32;49mPartial autograph[0m'
I, [2020-02-05T09:13:51.785007 #7760]  INFO -- : lab.rism: Source #840019032 593: '[0;33;49mMs. en partie autogr.[0m' => '[0;32;49mPartial autograph[0m'
I, [2020-02-05T09:13:51.841485 #7760]  INFO -- : lab.rism: Source #840019034 593: '[0;33;49mMs. en partie autogr.[0m' => '[0;32;49mPartial autograph[0m'
I, [2020-02-05T09:13:51.893131 #7760]  INFO -- : lab.rism: Source #840019036 593: '[0;33;49mMs. en partie autogr.[0m' => '[0;32;49mPartial autograph[0m'
I, [2020-02-05T09:13:51.958213 #7760]  INFO -- : lab.rism: Source #840019037 593: '[0;33;49mMs. en partie autogr.[0m' => '[0;32;49mPartial autograph[0m'
I, [2020-02-05T09:13:52.052086 #7760]  INFO -- : lab.rism: Source #840020427 593: '[0;33;49mMs. en partie autogr.[0m' => '[0;32;49mPartial autograph[0m'
I, [2020-02-05T09:13:52.118203 #7760]  INFO -- : lab.rism: Source #840020428 593: '[0;33;49mMs. en partie autogr.[0m' => '[0;32;49mPartial autograph[0m'
I, [2020-02-05T09:13:52.199931 #7760]  INFO -- : lab.rism: Source #840020429 593: '[0;33;49mMs. en partie autogr.[0m' => '[0;32;49mPartial autograph[0m'
I, [2020-02-05T09:13:52.283298 #7760]  INFO -- : lab.rism: Source #840021236 593: '[0;33;49mMs. en partie autogr.[0m' => '[0;32;49mPartial autograph[0m'
I, [2020-02-05T09:13:52.349990 #7760]  INFO -- : lab.rism: Source #840021237 593: '[0;33;49mMs. en partie autogr.[0m' => '[0;32;49mPartial autograph[0m'
I, [2020-02-05T09:13:52.433391 #7760]  INFO -- : lab.rism: Source #840021238 593: '[0;33;49mMs. en partie autogr.[0m' => '[0;32;49mPartial autograph[0m'
I, [2020-02-05T09:13:52.710020 #7760]  INFO -- : lab.rism: Source #840021243 593: '[0;33;49mMs. autogr. ?[0m' => '[0;32;49mPossible autograph manuscript[0m'
I, [2020-02-05T09:13:52.776805 #7760]  INFO -- : lab.rism: Source #840021244 593: '[0;33;49mMs. autogr. ?[0m' => '[0;32;49mPossible autograph manuscript[0m'
I, [2020-02-05T09:13:52.834960 #7760]  INFO -- : lab.rism: Source #840021245 593: '[0;33;49mMs. autogr. ?[0m' => '[0;32;49mPossible autograph manuscript[0m'
I, [2020-02-05T09:13:52.893335 #7760]  INFO -- : lab.rism: Source #840021246 593: '[0;33;49mMs. autogr. ?[0m' => '[0;32;49mPossible autograph manuscript[0m'
I, [2020-02-05T09:13:52.950032 #7760]  INFO -- : lab.rism: Source #840021247 593: '[0;33;49mMs. autogr. ?[0m' => '[0;32;49mPossible autograph manuscript[0m'
I, [2020-02-05T09:13:53.001691 #7760]  INFO -- : lab.rism: Source #840021248 593: '[0;33;49mMs. autogr. ?[0m' => '[0;32;49mPossible autograph manuscript[0m'
I, [2020-02-05T09:13:53.077182 #7760]  INFO -- : lab.rism: Source #840021249 593: '[0;33;49mMs. autogr. ?[0m' => '[0;32;49mPossible autograph manuscript[0m'
I, [2020-02-05T09:13:53.160085 #7760]  INFO -- : lab.rism: Source #840021250 593: '[0;33;49mMs. autogr. ?[0m' => '[0;32;49mPossible autograph manuscript[0m'
I, [2020-02-05T09:13:53.201670 #7760]  INFO -- : lab.rism: Source #840021251 593: '[0;33;49mMs. autogr. ?[0m' => '[0;32;49mPossible autograph manuscript[0m'
I, [2020-02-05T09:13:53.243382 #7760]  INFO -- : lab.rism: Source #840021252 593: '[0;33;49mMs. autogr. ?[0m' => '[0;32;49mPossible autograph manuscript[0m'
I, [2020-02-05T09:13:53.293405 #7760]  INFO -- : lab.rism: Source #840021253 593: '[0;33;49mMs. autogr. ?[0m' => '[0;32;49mPossible autograph manuscript[0m'
I, [2020-02-05T09:13:53.343418 #7760]  INFO -- : lab.rism: Source #840021254 593: '[0;33;49mMs. autogr. ?[0m' => '[0;32;49mPossible autograph manuscript[0m'
I, [2020-02-05T09:13:53.433494 #7760]  INFO -- : lab.rism: Source #840022475 593: '[0;33;49mMs. en partie autogr.[0m' => '[0;32;49mPartial autograph[0m'
I, [2020-02-05T09:13:53.693498 #7760]  INFO -- : lab.rism: Source #840022476 593: '[0;33;49mMs. en partie autogr.[0m' => '[0;32;49mPartial autograph[0m'
I, [2020-02-05T09:13:53.760159 #7760]  INFO -- : lab.rism: Source #840022477 593: '[0;33;49mMs. en partie autogr.[0m' => '[0;32;49mPartial autograph[0m'
I, [2020-02-05T09:13:53.818478 #7760]  INFO -- : lab.rism: Source #840022478 593: '[0;33;49mMs. en partie autogr.[0m' => '[0;32;49mPartial autograph[0m'
I, [2020-02-05T09:13:53.876815 #7760]  INFO -- : lab.rism: Source #840023493 593: '[0;33;49mMs. autogr.?[0m' => '[0;32;49mPossible autograph manuscript[0m'
I, [2020-02-05T09:13:53.933570 #7760]  INFO -- : lab.rism: Source #840023494 593: '[0;33;49mMs. autogr.?[0m' => '[0;32;49mPossible autograph manuscript[0m'
I, [2020-02-05T09:13:53.985143 #7760]  INFO -- : lab.rism: Source #840023495 593: '[0;33;49mMs. autogr.?[0m' => '[0;32;49mPossible autograph manuscript[0m'
I, [2020-02-05T09:13:54.060722 #7760]  INFO -- : lab.rism: Source #840024628 593: '[0;33;49mNouvelle et dernieÌ€re Edition, contenant les corrections JugeÌes // convenables et neÌ€cessaires par les auteurs, dont l'intention est, qu'il ne soit // fait dans quelque partie que ce puisse eÌ‚tre, aucune espece de changement // aÌ€ cet ouvrage s'il arrive qu'on le mette de nouveau sous les yeux du // public[0m' => '[0;32;49mOther[0m'
I, [2020-02-05T09:13:54.135202 #7760]  INFO -- : lab.rism: Source #840024629 593: '[0;33;49mNouvelle et dernieÌ€re Edition, contenant les corrections JugeÌes // convenables et neÌ€cessaires par les auteurs, dont l'intention est, qu'il ne soit // fait dans quelque partie que ce puisse eÌ‚tre, aucune espece de changement // aÌ€ cet ouvrage s'il arrive qu'on le mette de nouveau sous les yeux du // public[0m' => '[0;32;49mOther[0m'
I, [2020-02-05T09:13:54.210309 #7760]  INFO -- : lab.rism: Source #840024630 593: '[0;33;49mNouvelle et dernieÌ€re Edition, contenant les corrections JugeÌes // convenables et neÌ€cessaires par les auteurs, dont l'intention est, qu'il ne soit // fait dans quelque partie que ce puisse eÌ‚tre, aucune espece de changement // aÌ€ cet ouvrage s'il arrive qu'on le mette de nouveau sous les yeux du // public[0m' => '[0;32;49mOther[0m'
I, [2020-02-05T09:13:54.293619 #7760]  INFO -- : lab.rism: Source #840024631 593: '[0;33;49mMs. autogr. de Francoeur[0m' => '[0;32;49mAutograph manuscript[0m'
I, [2020-02-05T09:13:54.368602 #7760]  INFO -- : lab.rism: Source #840024632 593: '[0;33;49mMs. autogr. de Francoeur[0m' => '[0;32;49mAutograph manuscript[0m'
I, [2020-02-05T09:13:54.558872 #7760]  INFO -- : lab.rism: Source #840024633 593: '[0;33;49mMs. autogr. de Francoeur[0m' => '[0;32;49mAutograph manuscript[0m'
I, [2020-02-05T09:13:54.702014 #7760]  INFO -- : lab.rism: Source #840024817 593: '[0;33;49mMs. (autogr. ?)[0m' => '[0;32;49mPossible autograph manuscript[0m'
I, [2020-02-05T09:13:54.783920 #7760]  INFO -- : lab.rism: Source #840024818 593: '[0;33;49mMs. (autogr. ?)[0m' => '[0;32;49mPossible autograph manuscript[0m'
I, [2020-02-05T09:13:54.851974 #7760]  INFO -- : lab.rism: Source #840024819 593: '[0;33;49mMs. (autogr. ?)[0m' => '[0;32;49mPossible autograph manuscript[0m'
I, [2020-02-05T09:13:54.918687 #7760]  INFO -- : lab.rism: Source #840024820 593: '[0;33;49mMs. (autogr. ?)[0m' => '[0;32;49mPossible autograph manuscript[0m'
I, [2020-02-05T09:13:54.985330 #7760]  INFO -- : lab.rism: Source #840024821 593: '[0;33;49mMs. (autogr. ?)[0m' => '[0;32;49mPossible autograph manuscript[0m'
I, [2020-02-05T09:13:55.069324 #7760]  INFO -- : lab.rism: Source #840024822 593: '[0;33;49mMs. (autogr. ?)[0m' => '[0;32;49mPossible autograph manuscript[0m'
I, [2020-02-05T09:13:55.152194 #7760]  INFO -- : lab.rism: Source #840024823 593: '[0;33;49mMs. (autogr. ?)[0m' => '[0;32;49mPossible autograph manuscript[0m'
I, [2020-02-05T09:13:55.235480 #7760]  INFO -- : lab.rism: Source #840024824 593: '[0;33;49mMs. (autogr. ?)[0m' => '[0;32;49mPossible autograph manuscript[0m'
I, [2020-02-05T09:13:55.285312 #7760]  INFO -- : lab.rism: Source #840024825 593: '[0;33;49mMs. (autogr. ?)[0m' => '[0;32;49mPossible autograph manuscript[0m'
I, [2020-02-05T09:13:55.335311 #7760]  INFO -- : lab.rism: Source #840024826 593: '[0;33;49mMs. (autogr. ?)[0m' => '[0;32;49mPossible autograph manuscript[0m'
I, [2020-02-05T09:13:55.385384 #7760]  INFO -- : lab.rism: Source #840024842 593: '[0;33;49mMs. (autogr. ?)[0m' => '[0;32;49mPossible autograph manuscript[0m'
I, [2020-02-05T09:13:55.640723 #7760]  INFO -- : lab.rism: Source #840024843 593: '[0;33;49mMs. (autogr. ?)[0m' => '[0;32;49mPossible autograph manuscript[0m'
I, [2020-02-05T09:13:55.727102 #7760]  INFO -- : lab.rism: Source #840024844 593: '[0;33;49mMs. (autogr. ?)[0m' => '[0;32;49mPossible autograph manuscript[0m'
I, [2020-02-05T09:13:55.802056 #7760]  INFO -- : lab.rism: Source #840024845 593: '[0;33;49mMs. (autogr. ?)[0m' => '[0;32;49mPossible autograph manuscript[0m'
I, [2020-02-05T09:13:55.877113 #7760]  INFO -- : lab.rism: Source #840024846 593: '[0;33;49mMs. (autogr. ?)[0m' => '[0;32;49mPossible autograph manuscript[0m'
I, [2020-02-05T09:13:55.952126 #7760]  INFO -- : lab.rism: Source #840024847 593: '[0;33;49mMs. (autogr. ?)[0m' => '[0;32;49mPossible autograph manuscript[0m'
I, [2020-02-05T09:13:56.036158 #7760]  INFO -- : lab.rism: Source #840024848 593: '[0;33;49mMs. (autogr. ?)[0m' => '[0;32;49mPossible autograph manuscript[0m'
I, [2020-02-05T09:13:56.118892 #7760]  INFO -- : lab.rism: Source #840024849 593: '[0;33;49mMs. (autogr. ?)[0m' => '[0;32;49mPossible autograph manuscript[0m'
I, [2020-02-05T09:13:56.193797 #7760]  INFO -- : lab.rism: Source #840024850 593: '[0;33;49mMs. (autogr. ?)[0m' => '[0;32;49mPossible autograph manuscript[0m'
I, [2020-02-05T09:13:56.260498 #7760]  INFO -- : lab.rism: Source #840024851 593: '[0;33;49mMs. (autogr. ?)[0m' => '[0;32;49mPossible autograph manuscript[0m'
I, [2020-02-05T09:13:56.384030 #7760]  INFO -- : lab.rism: Source #840024852 593: '[0;33;49mMs. (autogr. ?)[0m' => '[0;32;49mPossible autograph manuscript[0m'
I, [2020-02-05T09:13:56.685536 #7760]  INFO -- : lab.rism: Source #840024853 593: '[0;33;49mMs. (autogr. ?)[0m' => '[0;32;49mPossible autograph manuscript[0m'
I, [2020-02-05T09:13:56.760545 #7760]  INFO -- : lab.rism: Source #840024854 593: '[0;33;49mMs. (autogr. ?)[0m' => '[0;32;49mPossible autograph manuscript[0m'
I, [2020-02-05T09:13:56.833996 #7760]  INFO -- : lab.rism: Source #840024855 593: '[0;33;49mMs. (autogr. ?)[0m' => '[0;32;49mPossible autograph manuscript[0m'
I, [2020-02-05T09:13:56.909059 #7760]  INFO -- : lab.rism: Source #840024856 593: '[0;33;49mMs. (autogr. ?)[0m' => '[0;32;49mPossible autograph manuscript[0m'
I, [2020-02-05T09:13:56.977166 #7760]  INFO -- : lab.rism: Source #840024857 593: '[0;33;49mMs. (autogr. ?)[0m' => '[0;32;49mPossible autograph manuscript[0m'
I, [2020-02-05T09:13:57.061279 #7760]  INFO -- : lab.rism: Source #840024858 593: '[0;33;49mMs. (autogr. ?)[0m' => '[0;32;49mPossible autograph manuscript[0m'
I, [2020-02-05T09:13:57.135590 #7760]  INFO -- : lab.rism: Source #840024859 593: '[0;33;49mMs. (autogr. ?)[0m' => '[0;32;49mPossible autograph manuscript[0m'
I, [2020-02-05T09:13:57.209096 #7760]  INFO -- : lab.rism: Source #840024860 593: '[0;33;49mMs. (autogr. ?)[0m' => '[0;32;49mPossible autograph manuscript[0m'
I, [2020-02-05T09:13:57.275838 #7760]  INFO -- : lab.rism: Source #840024944 593: '[0;33;49mMs. (non autogr.)[0m' => '[0;32;49mManuscript copy[0m'
I, [2020-02-05T09:13:57.318814 #7760]  INFO -- : lab.rism: Source #840024945 593: '[0;33;49mMs. (non autogr.)[0m' => '[0;32;49mManuscript copy[0m'
I, [2020-02-05T09:13:57.368888 #7760]  INFO -- : lab.rism: Source #840025038 593: '[0;33;49mMs. en partie autogr. de Jean-Baptiste Lully[0m' => '[0;32;49mPartial autograph[0m'
I, [2020-02-05T09:13:57.443990 #7760]  INFO -- : lab.rism: Source #840025039 593: '[0;33;49mMs. en partie autogr. de Jean-Baptiste Lully[0m' => '[0;32;49mPartial autograph[0m'
I, [2020-02-05T09:13:57.544018 #7760]  INFO -- : lab.rism: Source #840025040 593: '[0;33;49mMs. en partie autogr. de Jean-Baptiste Lully[0m' => '[0;32;49mPartial autograph[0m'
I, [2020-02-05T09:13:57.727321 #7760]  INFO -- : lab.rism: Source #840025057 593: '[0;33;49mMs. (non autogr.)[0m' => '[0;32;49mManuscript copy[0m'
I, [2020-02-05T09:13:57.794013 #7760]  INFO -- : lab.rism: Source #840025058 593: '[0;33;49mMs. (non autogr.)[0m' => '[0;32;49mManuscript copy[0m'
I, [2020-02-05T09:13:57.860655 #7760]  INFO -- : lab.rism: Source #840025059 593: '[0;33;49mMs. (non autogr.)[0m' => '[0;32;49mManuscript copy[0m'
I, [2020-02-05T09:13:57.927348 #7760]  INFO -- : lab.rism: Source #840025060 593: '[0;33;49mMs. (non autogr.)[0m' => '[0;32;49mManuscript copy[0m'
I, [2020-02-05T09:13:57.993990 #7760]  INFO -- : lab.rism: Source #840025061 593: '[0;33;49mMs. (non autogr.)[0m' => '[0;32;49mManuscript copy[0m'
I, [2020-02-05T09:13:58.077991 #7760]  INFO -- : lab.rism: Source #840025062 593: '[0;33;49mMs. (non autogr.)[0m' => '[0;32;49mManuscript copy[0m'
I, [2020-02-05T09:13:58.150942 #7760]  INFO -- : lab.rism: Source #840025200 593: '[0;33;49mMs. autogr[0m' => '[0;32;49mAutograph manuscript[0m'
I, [2020-02-05T09:13:58.227372 #7760]  INFO -- : lab.rism: Source #840025201 593: '[0;33;49mMs. autogr[0m' => '[0;32;49mAutograph manuscript[0m'
I, [2020-02-05T09:13:58.310717 #7760]  INFO -- : lab.rism: Source #840025202 593: '[0;33;49mMs. autogr[0m' => '[0;32;49mAutograph manuscript[0m'
I, [2020-02-05T09:13:58.377455 #7760]  INFO -- : lab.rism: Source #840025203 593: '[0;33;49mMs. autogr[0m' => '[0;32;49mAutograph manuscript[0m'
I, [2020-02-05T09:13:58.507181 #7760]  INFO -- : lab.rism: Source #840025204 593: '[0;33;49mMs. autogr[0m' => '[0;32;49mAutograph manuscript[0m'
I, [2020-02-05T09:13:58.601055 #7760]  INFO -- : lab.rism: Source #840027185 593: '[0;33;49m[Edition avec ajouts ms.][0m' => '[0;32;49mOther[0m'
I, [2020-02-05T09:13:58.677498 #7760]  INFO -- : lab.rism: Source #840027186 593: '[0;33;49m[Edition avec ajouts ms.][0m' => '[0;32;49mOther[0m'
I, [2020-02-05T09:13:58.817865 #7760]  INFO -- : lab.rism: Source #840027187 593: '[0;33;49m[Edition avec ajouts ms.][0m' => '[0;32;49mOther[0m'
I, [2020-02-05T09:13:58.951128 #7760]  INFO -- : lab.rism: Source #840027190 593: '[0;33;49m[Edition avec ajouts ms.][0m' => '[0;32;49mOther[0m'
I, [2020-02-05T09:13:59.044865 #7760]  INFO -- : lab.rism: Source #840027264 593: '[0;33;49mMs. en partie autogr.[0m' => '[0;32;49mPartial autograph[0m'
I, [2020-02-05T09:13:59.110880 #7760]  INFO -- : lab.rism: Source #840027265 593: '[0;33;49mMs. en partie autogr.[0m' => '[0;32;49mPartial autograph[0m'
I, [2020-02-05T09:13:59.169181 #7760]  INFO -- : lab.rism: Source #840027266 593: '[0;33;49mMs. en partie autogr.[0m' => '[0;32;49mPartial autograph[0m'
I, [2020-02-05T09:13:59.235893 #7760]  INFO -- : lab.rism: Source #840027267 593: '[0;33;49mMs. en partie autogr.[0m' => '[0;32;49mPartial autograph[0m'
I, [2020-02-05T09:13:59.359538 #7760]  INFO -- : lab.rism: Source #840027268 593: '[0;33;49mMs. en partie autogr.[0m' => '[0;32;49mPartial autograph[0m'
I, [2020-02-05T09:13:59.452524 #7760]  INFO -- : lab.rism: Source #840027269 593: '[0;33;49mMs. en partie autogr.[0m' => '[0;32;49mPartial autograph[0m'
I, [2020-02-05T09:13:59.644327 #7760]  INFO -- : lab.rism: Source #840027270 593: '[0;33;49mMs. en partie autogr.[0m' => '[0;32;49mPartial autograph[0m'
I, [2020-02-05T09:13:59.827569 #7760]  INFO -- : lab.rism: Source #840027587 593: '[0;33;49mms. et impr.[0m' => '[0;32;49mOther[0m'
I, [2020-02-05T09:14:00.036756 #7760]  INFO -- : lab.rism: Source #840027588 593: '[0;33;49mms. et impr.[0m' => '[0;32;49mOther[0m'
I, [2020-02-05T09:14:00.085781 #7760]  INFO -- : lab.rism: Source #840027622 593: '[0;33;49mms.[0m' => '[0;32;49mManuscript copy[0m'
I, [2020-02-05T09:14:00.127538 #7760]  INFO -- : lab.rism: Source #840027623 593: '[0;33;49mms.[0m' => '[0;32;49mManuscript copy[0m'
I, [2020-02-05T09:14:00.201288 #7760]  INFO -- : lab.rism: Source #840027624 593: '[0;33;49mms.[0m' => '[0;32;49mManuscript copy[0m'
I, [2020-02-05T09:14:00.267809 #7760]  INFO -- : lab.rism: Source #840027625 593: '[0;33;49mms.[0m' => '[0;32;49mManuscript copy[0m'
I, [2020-02-05T09:14:00.342916 #7760]  INFO -- : lab.rism: Source #840027626 593: '[0;33;49mms.[0m' => '[0;32;49mManuscript copy[0m'
I, [2020-02-05T09:14:00.443123 #7760]  INFO -- : lab.rism: Source #840027627 593: '[0;33;49mms.[0m' => '[0;32;49mManuscript copy[0m'
I, [2020-02-05T09:14:00.761924 #7760]  INFO -- : lab.rism: Source #840027628 593: '[0;33;49mms.[0m' => '[0;32;49mManuscript copy[0m'
I, [2020-02-05T09:14:00.967943 #7760]  INFO -- : lab.rism: Source #840027629 593: '[0;33;49mms.[0m' => '[0;32;49mManuscript copy[0m'
I, [2020-02-05T09:14:01.111842 #7760]  INFO -- : lab.rism: Source #840027630 593: '[0;33;49mms.[0m' => '[0;32;49mManuscript copy[0m'
I, [2020-02-05T09:14:01.193098 #7760]  INFO -- : lab.rism: Source #840027631 593: '[0;33;49mms.[0m' => '[0;32;49mManuscript copy[0m'
I, [2020-02-05T09:14:01.269331 #7760]  INFO -- : lab.rism: Source #840027632 593: '[0;33;49mms.[0m' => '[0;32;49mManuscript copy[0m'
I, [2020-02-05T09:14:01.419557 #7760]  INFO -- : lab.rism: Source #840027633 593: '[0;33;49mms.[0m' => '[0;32;49mManuscript copy[0m'
I, [2020-02-05T09:14:01.785028 #7760]  INFO -- : lab.rism: Source #840027634 593: '[0;33;49mms.[0m' => '[0;32;49mManuscript copy[0m'
I, [2020-02-05T09:14:01.893344 #7760]  INFO -- : lab.rism: Source #840027635 593: '[0;33;49mms.[0m' => '[0;32;49mManuscript copy[0m'
I, [2020-02-05T09:14:01.993176 #7760]  INFO -- : lab.rism: Source #840027636 593: '[0;33;49mms.[0m' => '[0;32;49mManuscript copy[0m'
I, [2020-02-05T09:14:02.178570 #7760]  INFO -- : lab.rism: Source #840030567 593: '[0;33;49mMs. avec insertions imprimeÌes[0m' => '[0;32;49mOther[0m'
I, [2020-02-05T09:14:02.327903 #7760]  INFO -- : lab.rism: Source #840030568 593: '[0;33;49mMs. avec insertions imprimeÌes[0m' => '[0;32;49mOther[0m'
I, [2020-02-05T09:14:02.452861 #7760]  INFO -- : lab.rism: Source #840030569 593: '[0;33;49mMs. avec insertions imprimeÌes[0m' => '[0;32;49mOther[0m'
I, [2020-02-05T09:14:02.811296 #7760]  INFO -- : lab.rism: Source #840030570 593: '[0;33;49mMs. avec insertions imprimeÌes[0m' => '[0;32;49mOther[0m'
I, [2020-02-05T09:14:02.884732 #7760]  INFO -- : lab.rism: Source #840030571 593: '[0;33;49mMs. avec insertions imprimeÌes[0m' => '[0;32;49mOther[0m'
