# Logfile created on 2021-02-09 12:56:47 +0100 by logger.rb/66358
I, [2021-02-09T12:56:48.834161 #547]  INFO -- : lab.rism: Size of collection --> 58768
I, [2021-02-09T12:57:06.224158 #547]  INFO -- : lab.rism: Institution 14890 changed country 'DE' to 'XA-DE'
I, [2021-02-09T12:57:36.733861 #547]  INFO -- : lab.rism: Institution 46515 changed country 'DE' to 'XA-DE'
I, [2021-02-09T12:57:39.678811 #547]  INFO -- : lab.rism: Institution 62361 changed country 'AT' to 'XA-AT'
I, [2021-02-09T12:57:42.120471 #547]  INFO -- : lab.rism: Institution 62659 changed country 'AT' to 'XA-AT'
I, [2021-02-09T12:57:42.706183 #547]  INFO -- : lab.rism: Institution 62666 changed country 'AT' to 'XA-AT'
I, [2021-02-09T12:57:43.450713 #547]  INFO -- : lab.rism: Institution 62800 changed country 'AT' to 'XA-AT'
I, [2021-02-09T12:57:44.058899 #547]  INFO -- : lab.rism: Institution 62920 changed country 'AT' to 'XA-AT'
I, [2021-02-09T12:57:44.631327 #547]  INFO -- : lab.rism: Institution 63052 changed country 'AT' to 'XA-AT'
I, [2021-02-09T12:57:45.877074 #547]  INFO -- : lab.rism: Institution 63160 changed country 'AT' to 'XA-AT'
I, [2021-02-09T12:57:46.346447 #547]  INFO -- : lab.rism: Institution 63183 changed country 'AT' to 'XA-AT'
I, [2021-02-09T12:57:46.799523 #547]  INFO -- : lab.rism: Institution 63186 changed country 'AT' to 'XA-AT'
I, [2021-02-09T12:57:47.187621 #547]  INFO -- : lab.rism: Institution 63277 changed country 'AT' to 'XA-AT'
I, [2021-02-09T12:57:47.870261 #547]  INFO -- : lab.rism: Institution 63278 changed country 'AT' to 'XA-AT'
I, [2021-02-09T12:57:48.426479 #547]  INFO -- : lab.rism: Institution 63285 changed country 'AT' to 'XA-AT'
I, [2021-02-09T12:57:48.947410 #547]  INFO -- : lab.rism: Institution 63307 changed country 'AT' to 'XA-AT'
I, [2021-02-09T12:57:53.384484 #547]  INFO -- : lab.rism: Institution 74706 changed country 'DE' to 'XA-DE'
I, [2021-02-09T12:57:57.165909 #547]  INFO -- : lab.rism: Institution 83598 changed country 'DE' to 'XA-DE'
I, [2021-02-09T12:57:59.361219 #547]  INFO -- : lab.rism: Institution 30000192 changed country 'CZ' to 'XA-CZ'
I, [2021-02-09T12:58:00.826312 #547]  INFO -- : lab.rism: Institution 30000438 changed country 'BE' to 'XA-BE'
I, [2021-02-09T12:59:38.854829 #547]  INFO -- : lab.rism: Institution 30003030 changed country 'F' to 'XA-FR'
I, [2021-02-09T12:59:39.233311 #547]  INFO -- : lab.rism: Institution 30003031 changed country 'F' to 'XA-FR'
I, [2021-02-09T12:59:40.252871 #547]  INFO -- : lab.rism: Institution 30003364 changed country 'F' to 'XA-FR'
I, [2021-02-09T12:59:40.586372 #547]  INFO -- : lab.rism: Institution 30003366 changed country 'F' to 'XA-FR'
I, [2021-02-09T12:59:41.229316 #547]  INFO -- : lab.rism: Institution 30003869 changed country 'SA' to 'XB-SA'
I, [2021-02-09T12:59:43.280578 #547]  INFO -- : lab.rism: Institution 30005740 changed country 'F' to 'XA-FR'
I, [2021-02-09T12:59:44.322213 #547]  INFO -- : lab.rism: Institution 30005962 changed country 'F' to 'XA-FR'
I, [2021-02-09T12:59:44.584840 #547]  INFO -- : lab.rism: Institution 30005966 changed country 'F' to 'XA-FR'
I, [2021-02-09T12:59:44.956270 #547]  INFO -- : lab.rism: Institution 30006095 changed country 'F' to 'XA-FR'
I, [2021-02-09T12:59:45.202899 #547]  INFO -- : lab.rism: Institution 30006116 changed country 'F' to 'XA-FR'
I, [2021-02-09T12:59:45.445358 #547]  INFO -- : lab.rism: Institution 30006196 changed country 'F' to 'XA-FR'
I, [2021-02-09T12:59:45.599931 #547]  INFO -- : lab.rism: Institution 30006198 changed country 'F' to 'XA-FR'
I, [2021-02-09T12:59:46.070292 #547]  INFO -- : lab.rism: Institution 30006452 changed country 'F' to 'XA-FR'
I, [2021-02-09T12:59:46.368670 #547]  INFO -- : lab.rism: Institution 30006546 changed country 'F' to 'XA-FR'
I, [2021-02-09T12:59:46.584307 #547]  INFO -- : lab.rism: Institution 30006563 changed country 'F' to 'XA-FR'
I, [2021-02-09T12:59:46.731332 #547]  INFO -- : lab.rism: Institution 30006616 changed country 'F' to 'XA-FR'
I, [2021-02-09T12:59:47.075821 #547]  INFO -- : lab.rism: Institution 30006649 changed country 'F' to 'XA-FR'
I, [2021-02-09T12:59:49.466735 #547]  INFO -- : lab.rism: Institution 30060546 changed country 'BE' to 'XA-BE'
I, [2021-02-09T12:59:52.829071 #547]  INFO -- : lab.rism: Institution 30061300 changed country 'BE' to 'XA-BE'
I, [2021-02-09T12:59:55.754305 #547]  INFO -- : lab.rism: Institution 30061513 changed country 'F' to 'XA-FR'
I, [2021-02-09T12:59:56.531080 #547]  INFO -- : lab.rism: Institution 30061519 changed country 'IRLN' to 'XA-GB-NIR'
I, [2021-02-09T12:59:57.181492 #547]  INFO -- : lab.rism: Institution 30061536 changed country 'F' to 'XA-FR'
I, [2021-02-09T12:59:57.868478 #547]  INFO -- : lab.rism: Institution 30061537 changed country 'F' to 'XA-FR'
I, [2021-02-09T12:59:59.352764 #547]  INFO -- : lab.rism: Institution 30061538 changed country 'F' to 'XA-FR'
I, [2021-02-09T12:59:59.575301 #547]  INFO -- : lab.rism: Institution 30061541 changed country 'F' to 'XA-FR'
I, [2021-02-09T12:59:59.832043 #547]  INFO -- : lab.rism: Institution 30061542 changed country 'F' to 'XA-FR'
I, [2021-02-09T13:00:00.836828 #547]  INFO -- : lab.rism: Institution 30061544 changed country 'F' to 'XA-FR'
I, [2021-02-09T13:00:01.575812 #547]  INFO -- : lab.rism: Institution 30061545 changed country 'F' to 'XA-FR'
I, [2021-02-09T13:00:01.944084 #547]  INFO -- : lab.rism: Institution 30061546 changed country 'F' to 'XA-FR'
I, [2021-02-09T13:00:02.658709 #547]  INFO -- : lab.rism: Institution 30061547 changed country 'F' to 'XA-FR'
I, [2021-02-09T13:00:02.798065 #547]  INFO -- : lab.rism: Institution 30061548 changed country 'F' to 'XA-FR'
I, [2021-02-09T13:00:02.984612 #547]  INFO -- : lab.rism: Institution 30061549 changed country 'F' to 'XA-FR'
I, [2021-02-09T13:00:03.188645 #547]  INFO -- : lab.rism: Institution 30061582 changed country 'DE' to 'XA-DE'
I, [2021-02-09T13:00:05.280496 #547]  INFO -- : lab.rism: Institution 30069827 changed country 'AT' to 'XA-AT'
I, [2021-02-09T13:00:16.269095 #547]  INFO -- : lab.rism: Institution 30070461 changed country 'F' to 'XA-FR'
I, [2021-02-09T13:00:16.996568 #547]  INFO -- : lab.rism: Institution 30070462 changed country 'IRLN' to 'XA-GB-NIR'
I, [2021-02-09T13:00:17.644668 #547]  INFO -- : lab.rism: Institution 30070463 changed country 'IRLN' to 'XA-GB-NIR'
I, [2021-02-09T13:00:17.864044 #547]  INFO -- : lab.rism: Institution 30070464 changed country 'IRLN' to 'XA-GB-NIR'
I, [2021-02-09T13:00:20.558640 #547]  INFO -- : lab.rism: Institution 30070465 changed country 'IRLN' to 'XA-GB-NIR'
I, [2021-02-09T13:00:20.838655 #547]  INFO -- : lab.rism: Institution 30070467 changed country 'IRLN' to 'XA-GB-NIR'
I, [2021-02-09T13:00:21.104758 #547]  INFO -- : lab.rism: Institution 30070468 changed country 'IRLN' to 'XA-GB-NIR'
I, [2021-02-09T13:00:21.363767 #547]  INFO -- : lab.rism: Institution 30070469 changed country 'IRLN' to 'XA-GB-NIR'
I, [2021-02-09T13:00:21.673811 #547]  INFO -- : lab.rism: Institution 30070470 changed country 'IRLN' to 'XA-GB-NIR'
I, [2021-02-09T13:00:21.954603 #547]  INFO -- : lab.rism: Institution 30070471 changed country 'IRLN' to 'XA-GB-NIR'
I, [2021-02-09T13:00:22.341957 #547]  INFO -- : lab.rism: Institution 30070477 changed country 'IRLN' to 'XA-GB-NIR'
I, [2021-02-09T13:00:22.759277 #547]  INFO -- : lab.rism: Institution 30070479 changed country 'IRLN' to 'XA-GB-NIR'
I, [2021-02-09T13:00:23.124650 #547]  INFO -- : lab.rism: Institution 30070489 changed country 'IRLN' to 'XA-GB-NIR'
I, [2021-02-09T13:00:23.734952 #547]  INFO -- : lab.rism: Institution 30070495 changed country 'IRLN' to 'XA-GB-NIR'
I, [2021-02-09T13:00:24.129195 #547]  INFO -- : lab.rism: Institution 30070496 changed country 'IRLN' to 'XA-GB-NIR'
I, [2021-02-09T13:00:24.430661 #547]  INFO -- : lab.rism: Institution 30070497 changed country 'IRLN' to 'XA-GB-NIR'
I, [2021-02-09T13:00:24.770694 #547]  INFO -- : lab.rism: Institution 30070521 changed country 'F' to 'XA-FR'
I, [2021-02-09T13:00:25.463926 #547]  INFO -- : lab.rism: Institution 30076131 changed country 'CZ' to 'XA-CZ'
I, [2021-02-09T13:00:28.101394 #547]  INFO -- : lab.rism: Institution 30077089 changed country 'DE' to 'XA-DE'
I, [2021-02-09T13:00:29.189066 #547]  INFO -- : lab.rism: Institution 30077283 changed country 'CZ' to 'XA-CZ'
I, [2021-02-09T13:00:29.843398 #547]  INFO -- : lab.rism: Institution 30077284 changed country 'CZ' to 'XA-CZ'
I, [2021-02-09T13:00:30.211292 #547]  INFO -- : lab.rism: Institution 30077286 changed country 'DE' to 'XA-DE'
I, [2021-02-09T13:00:30.472352 #547]  INFO -- : lab.rism: Institution 30077287 changed country 'GB' to 'XA-GB'
I, [2021-02-09T13:00:30.870580 #547]  INFO -- : lab.rism: Institution 30077293 changed country 'DE' to 'XA-DE'
I, [2021-02-09T13:00:32.974549 #547]  INFO -- : lab.rism: Institution 30077294 changed country 'AT' to 'XA-AT'
I, [2021-02-09T13:00:33.384609 #547]  INFO -- : lab.rism: Institution 30077301 changed country 'US' to 'XD-US'
I, [2021-02-09T13:00:33.848368 #547]  INFO -- : lab.rism: Institution 30077305 changed country 'AT' to 'XA-AT'
I, [2021-02-09T13:00:35.989350 #547]  INFO -- : lab.rism: Institution 30077323 changed country 'IT' to 'XA-IT'
I, [2021-02-09T13:00:36.814249 #547]  INFO -- : lab.rism: Institution 30077325 changed country 'IT' to 'XA-IT'
I, [2021-02-09T13:00:37.473130 #547]  INFO -- : lab.rism: Institution 30077326 changed country 'IT' to 'XA-IT'
I, [2021-02-09T13:00:38.652365 #547]  INFO -- : lab.rism: Institution 30077328 changed country 'IT' to 'XA-IT'
I, [2021-02-09T13:00:39.096968 #547]  INFO -- : lab.rism: Institution 30077329 changed country 'IT' to 'XA-IT'
I, [2021-02-09T13:00:39.441851 #547]  INFO -- : lab.rism: Institution 30077335 changed country 'AT' to 'XA-AT'
I, [2021-02-09T13:00:39.849926 #547]  INFO -- : lab.rism: Institution 30077336 changed country 'ES' to 'XA-ES'
I, [2021-02-09T13:00:40.263353 #547]  INFO -- : lab.rism: Institution 30077339 changed country 'BE' to 'XA-BE'
I, [2021-02-09T13:00:40.613234 #547]  INFO -- : lab.rism: Institution 30077340 changed country 'BE' to 'XA-BE'
I, [2021-02-09T13:00:40.948325 #547]  INFO -- : lab.rism: Institution 30077341 changed country 'DE' to 'XA-DE'
I, [2021-02-09T13:00:41.558573 #547]  INFO -- : lab.rism: Institution 30077345 changed country 'DE' to 'XA-DE'
I, [2021-02-09T13:00:41.933727 #547]  INFO -- : lab.rism: Institution 30077350 changed country 'DE' to 'XA-DE'
I, [2021-02-09T13:00:42.426676 #547]  INFO -- : lab.rism: Institution 30077360 changed country 'DE' to 'XA-DE'
I, [2021-02-09T13:00:43.109063 #547]  INFO -- : lab.rism: Institution 30077365 changed country 'AT' to 'XA-AT'
I, [2021-02-09T13:00:44.250255 #547]  INFO -- : lab.rism: Institution 30077367 changed country 'PT' to 'XA-PT'
I, [2021-02-09T13:00:44.426516 #547]  INFO -- : lab.rism: Institution 30077368 changed country 'PT' to 'XA-PT'
I, [2021-02-09T13:00:45.367830 #547]  INFO -- : lab.rism: Institution 30077369 changed country 'PT' to 'XA-PT'
I, [2021-02-09T13:00:45.863120 #547]  INFO -- : lab.rism: Institution 30077370 changed country 'PT' to 'XA-PT'
I, [2021-02-09T13:00:46.242559 #547]  INFO -- : lab.rism: Institution 30077371 changed country 'PT' to 'XA-PT'
I, [2021-02-09T13:00:47.238378 #547]  INFO -- : lab.rism: Institution 30077372 changed country 'PT' to 'XA-PT'
I, [2021-02-09T13:00:47.737171 #547]  INFO -- : lab.rism: Institution 30077373 changed country 'PT' to 'XA-PT'
I, [2021-02-09T13:00:48.983591 #547]  INFO -- : lab.rism: Institution 30077374 changed country 'PT' to 'XA-PT'
I, [2021-02-09T13:00:49.589747 #547]  INFO -- : lab.rism: Institution 30077375 changed country 'PT' to 'XA-PT'
I, [2021-02-09T13:00:50.320397 #547]  INFO -- : lab.rism: Institution 30077376 changed country 'PT' to 'XA-PT'
I, [2021-02-09T13:00:50.536918 #547]  INFO -- : lab.rism: Institution 30077377 changed country 'PT' to 'XA-PT'
I, [2021-02-09T13:00:50.998435 #547]  INFO -- : lab.rism: Institution 30077378 changed country 'PT' to 'XA-PT'
I, [2021-02-09T13:00:51.751810 #547]  INFO -- : lab.rism: Institution 30077379 changed country 'PT' to 'XA-PT'
I, [2021-02-09T13:00:52.087093 #547]  INFO -- : lab.rism: Institution 30077380 changed country 'PT' to 'XA-PT'
I, [2021-02-09T13:00:52.739526 #547]  INFO -- : lab.rism: Institution 30077381 changed country 'PT' to 'XA-PT'
I, [2021-02-09T13:00:52.922783 #547]  INFO -- : lab.rism: Institution 30077382 changed country 'PT' to 'XA-PT'
I, [2021-02-09T13:00:53.645079 #547]  INFO -- : lab.rism: Institution 30077383 changed country 'PT' to 'XA-PT'
I, [2021-02-09T13:00:54.071327 #547]  INFO -- : lab.rism: Institution 30077384 changed country 'PT' to 'XA-PT'
I, [2021-02-09T13:00:54.261303 #547]  INFO -- : lab.rism: Institution 30077385 changed country 'PT' to 'XA-PT'
I, [2021-02-09T13:00:54.654814 #547]  INFO -- : lab.rism: Institution 30077386 changed country 'PT' to 'XA-PT'
I, [2021-02-09T13:00:54.878847 #547]  INFO -- : lab.rism: Institution 30077387 changed country 'PT' to 'XA-PT'
I, [2021-02-09T13:00:55.112561 #547]  INFO -- : lab.rism: Institution 30077388 changed country 'PT' to 'XA-PT'
I, [2021-02-09T13:00:55.213749 #547]  INFO -- : lab.rism: Institution 30077391 changed country 'US' to 'XD-US'
I, [2021-02-09T13:00:55.887769 #547]  INFO -- : lab.rism: Institution 30077395 changed country 'FR' to 'XA-FR'
I, [2021-02-09T13:00:56.573588 #547]  INFO -- : lab.rism: Institution 30077398 changed country 'AT' to 'XA-AT'
I, [2021-02-09T13:00:59.872293 #547]  INFO -- : lab.rism: Institution 30077407 changed country 'IT' to 'XA-IT'
I, [2021-02-09T13:01:00.173841 #547]  INFO -- : lab.rism: Institution 30077408 changed country 'IT' to 'XA-IT'
I, [2021-02-09T13:01:00.337600 #547]  INFO -- : lab.rism: Institution 30077409 changed country 'IT' to 'XA-IT'
I, [2021-02-09T13:01:00.881258 #547]  INFO -- : lab.rism: Institution 30077419 changed country 'AT' to 'XA-AT'
I, [2021-02-09T13:01:01.294328 #547]  INFO -- : lab.rism: Institution 30077420 changed country 'CZ' to 'XA-CZ'
I, [2021-02-09T13:01:01.522193 #547]  INFO -- : lab.rism: Institution 30077446 changed country 'US' to 'XD-US'
I, [2021-02-09T13:01:02.310202 #547]  INFO -- : lab.rism: Institution 30077460 changed country 'PH' to 'XB-PH'
I, [2021-02-09T13:01:07.192897 #547]  INFO -- : lab.rism: Institution 30077461 changed country 'AT' to 'XA-AT'
I, [2021-02-09T13:01:07.545395 #547]  INFO -- : lab.rism: Institution 30077465 changed country 'BE' to 'XA-BE'
I, [2021-02-09T13:01:08.057199 #547]  INFO -- : lab.rism: Institution 30077477 changed country 'PT' to 'XA-PT'
I, [2021-02-09T13:01:08.601228 #547]  INFO -- : lab.rism: Institution 30077490 changed country 'AT' to 'XA-AT'
I, [2021-02-09T13:01:09.923751 #547]  INFO -- : lab.rism: Institution 30077506 changed country 'GB' to 'XA-GB'
I, [2021-02-09T13:01:10.499784 #547]  INFO -- : lab.rism: Institution 30077507 changed country 'BE' to 'XA-BE'
I, [2021-02-09T13:01:11.337552 #547]  INFO -- : lab.rism: Institution 30077510 changed country 'DE' to 'XA-DE'
I, [2021-02-09T13:01:11.947392 #547]  INFO -- : lab.rism: Institution 30077514 changed country 'AT' to 'XA-AT'
I, [2021-02-09T13:01:14.811761 #547]  INFO -- : lab.rism: Institution 30077547 changed country 'AT' to 'XA-AT'
I, [2021-02-09T13:01:34.486029 #547]  INFO -- : lab.rism: Institution 30077722 changed country 'AT' to 'XA-AT'
I, [2021-02-09T13:01:34.850043 #547]  INFO -- : lab.rism: Institution 30077733 changed country 'IT' to 'XA-IT'
I, [2021-02-09T13:01:35.573957 #547]  INFO -- : lab.rism: Institution 30077800 changed country 'US' to 'XD-US'
I, [2021-02-09T13:01:35.919543 #547]  INFO -- : lab.rism: Institution 30077891 changed country 'PT' to 'XA-PT'
I, [2021-02-09T13:01:36.226513 #547]  INFO -- : lab.rism: Institution 30077962 changed country 'AT' to 'XA-AT'
I, [2021-02-09T13:01:36.938116 #547]  INFO -- : lab.rism: Institution 30077969 changed country 'IT' to 'XA-IT'
I, [2021-02-09T13:01:37.571162 #547]  INFO -- : lab.rism: Institution 30078015 changed country 'FR' to 'XA-FR'
I, [2021-02-09T13:01:37.887052 #547]  INFO -- : lab.rism: Institution 30078025 changed country 'GB' to 'XA-GB'
I, [2021-02-09T13:01:38.326719 #547]  INFO -- : lab.rism: Institution 30078026 changed country 'GB' to 'XA-GB'
I, [2021-02-09T13:01:38.635298 #547]  INFO -- : lab.rism: Institution 30078027 changed country 'US' to 'XD-US'
I, [2021-02-09T13:01:39.329937 #547]  INFO -- : lab.rism: Institution 30078028 changed country 'US' to 'XD-US'
I, [2021-02-09T13:01:39.828077 #547]  INFO -- : lab.rism: Institution 30078033 changed country 'IT' to 'XA-IT'
I, [2021-02-09T13:01:46.334163 #547]  INFO -- : lab.rism: Institution 30078039 changed country 'PL' to 'XA-PL'
I, [2021-02-09T13:01:47.331620 #547]  INFO -- : lab.rism: Institution 30078048 changed country 'BE' to 'XA-BE'
I, [2021-02-09T13:01:47.822776 #547]  INFO -- : lab.rism: Institution 30078057 changed country 'AT' to 'XA-AT'
I, [2021-02-09T13:01:48.177322 #547]  INFO -- : lab.rism: Institution 30078079 changed country 'BE' to 'XA-BE'
I, [2021-02-09T13:01:48.447977 #547]  INFO -- : lab.rism: Institution 30078092 changed country 'AT' to 'XA-AT'
I, [2021-02-09T13:01:50.172433 #547]  INFO -- : lab.rism: Institution 30078093 changed country 'AT' to 'XA-AT'
I, [2021-02-09T13:01:50.682286 #547]  INFO -- : lab.rism: Institution 30078104 changed country 'FR' to 'XA-FR'
I, [2021-02-09T13:01:51.223580 #547]  INFO -- : lab.rism: Institution 30078105 changed country 'FR' to 'XA-FR'
I, [2021-02-09T13:01:51.862558 #547]  INFO -- : lab.rism: Institution 30078108 changed country 'FR' to 'XA-FR'
I, [2021-02-09T13:01:52.440430 #547]  INFO -- : lab.rism: Institution 30078109 changed country 'FR' to 'XA-FR'
I, [2021-02-09T13:01:53.144745 #547]  INFO -- : lab.rism: Institution 30078110 changed country 'FR' to 'XA-FR'
I, [2021-02-09T13:01:53.886632 #547]  INFO -- : lab.rism: Institution 30078111 changed country 'FR' to 'XA-FR'
I, [2021-02-09T13:01:54.445463 #547]  INFO -- : lab.rism: Institution 30078112 changed country 'FR' to 'XA-FR'
I, [2021-02-09T13:01:55.440977 #547]  INFO -- : lab.rism: Institution 30078113 changed country 'FR' to 'XA-FR'
I, [2021-02-09T13:01:55.976207 #547]  INFO -- : lab.rism: Institution 30078115 changed country 'FR' to 'XA-FR'
I, [2021-02-09T13:01:56.692599 #547]  INFO -- : lab.rism: Institution 30078116 changed country 'FR' to 'XA-FR'
I, [2021-02-09T13:01:57.714981 #547]  INFO -- : lab.rism: Institution 30078117 changed country 'FR' to 'XA-FR'
I, [2021-02-09T13:01:57.942950 #547]  INFO -- : lab.rism: Institution 30078118 changed country 'IT' to 'XA-IT'
I, [2021-02-09T13:01:58.194618 #547]  INFO -- : lab.rism: Institution 30078119 changed country 'IT' to 'XA-IT'
I, [2021-02-09T13:01:58.469570 #547]  INFO -- : lab.rism: Institution 30078123 changed country 'ES' to 'XA-ES'
I, [2021-02-09T13:01:59.470914 #547]  INFO -- : lab.rism: Institution 30078124 changed country 'ES' to 'XA-ES'
I, [2021-02-09T13:02:00.211300 #547]  INFO -- : lab.rism: Institution 30078125 changed country 'CZ' to 'XA-CZ'
I, [2021-02-09T13:02:00.792983 #547]  INFO -- : lab.rism: Institution 30078127 changed country 'FR' to 'XA-FR'
I, [2021-02-09T13:02:01.351316 #547]  INFO -- : lab.rism: Institution 30078128 changed country 'FR' to 'XA-FR'
I, [2021-02-09T13:02:01.467501 #547]  INFO -- : lab.rism: Institution 30078129 changed country 'FR' to 'XA-FR'
I, [2021-02-09T13:02:01.969779 #547]  INFO -- : lab.rism: Institution 30078130 changed country 'FR' to 'XA-FR'
I, [2021-02-09T13:02:02.629404 #547]  INFO -- : lab.rism: Institution 30078131 changed country 'FR' to 'XA-FR'
I, [2021-02-09T13:02:02.857704 #547]  INFO -- : lab.rism: Institution 30078132 changed country 'FR' to 'XA-FR'
I, [2021-02-09T13:02:03.142632 #547]  INFO -- : lab.rism: Institution 30078133 changed country 'FR' to 'XA-FR'
I, [2021-02-09T13:02:03.341046 #547]  INFO -- : lab.rism: Institution 30078134 changed country 'FR' to 'XA-FR'
I, [2021-02-09T13:02:03.476820 #547]  INFO -- : lab.rism: Institution 30078137 changed country 'US' to 'XD-US'
I, [2021-02-09T13:02:03.743016 #547]  INFO -- : lab.rism: Institution 30078141 changed country 'AT' to 'XA-AT'
I, [2021-02-09T13:02:04.216890 #547]  INFO -- : lab.rism: Institution 30078142 changed country 'AT' to 'XA-AT'
I, [2021-02-09T13:02:04.938103 #547]  INFO -- : lab.rism: Institution 30078144 changed country 'FR' to 'XA-FR'
I, [2021-02-09T13:02:05.316313 #547]  INFO -- : lab.rism: Institution 30078146 changed country 'FR' to 'XA-FR'
I, [2021-02-09T13:02:05.443185 #547]  INFO -- : lab.rism: Institution 30078147 changed country 'FR' to 'XA-FR'
I, [2021-02-09T13:02:05.959268 #547]  INFO -- : lab.rism: Institution 30078167 changed country 'DE' to 'XA-DE'
I, [2021-02-09T13:02:06.383184 #547]  INFO -- : lab.rism: Institution 30078182 changed country 'FR' to 'XA-FR'
I, [2021-02-09T13:02:07.007449 #547]  INFO -- : lab.rism: Institution 30078188 changed country 'BE' to 'XA-BE'
I, [2021-02-09T13:02:07.522867 #547]  INFO -- : lab.rism: Institution 30078191 changed country 'DE' to 'XA-DE'
I, [2021-02-09T13:02:08.434233 #547]  INFO -- : lab.rism: Institution 30078199 changed country 'AT' to 'XA-AT'
I, [2021-02-09T13:02:09.106224 #547]  INFO -- : lab.rism: Institution 30078212 changed country 'IT' to 'XA-IT'
I, [2021-02-09T13:02:15.691804 #547]  INFO -- : lab.rism: Institution 30078259 changed country 'PL' to 'XA-PL'
I, [2021-02-09T13:02:16.749993 #547]  INFO -- : lab.rism: Institution 30078561 changed country 'GB' to 'XA-GB'
I, [2021-02-09T13:02:16.962422 #547]  INFO -- : lab.rism: Institution 30078563 changed country 'FR' to 'XA-FR'
I, [2021-02-09T13:02:17.312261 #547]  INFO -- : lab.rism: Institution 30078569 changed country 'AT' to 'XA-AT'
I, [2021-02-09T13:02:17.571789 #547]  INFO -- : lab.rism: Institution 30078570 changed country 'AT' to 'XA-AT'
I, [2021-02-09T13:02:17.854599 #547]  INFO -- : lab.rism: Institution 30078653 changed country 'AT' to 'XA-AT'
I, [2021-02-09T13:02:18.103614 #547]  INFO -- : lab.rism: Institution 30078719 changed country 'IT' to 'XA-IT'
I, [2021-02-09T13:02:18.633845 #547]  INFO -- : lab.rism: Institution 30078789 changed country 'GB' to 'XA-GB'
I, [2021-02-09T13:02:19.147714 #547]  INFO -- : lab.rism: Institution 30078809 changed country 'FR' to 'XA-FR'
I, [2021-02-09T13:02:19.273963 #547]  INFO -- : lab.rism: Institution 30078810 changed country 'FR' to 'XA-FR'
I, [2021-02-09T13:02:19.569628 #547]  INFO -- : lab.rism: Institution 30078813 changed country 'US' to 'XD-US'
I, [2021-02-09T13:02:19.709400 #547]  INFO -- : lab.rism: Institution 30078814 changed country 'FR' to 'XA-FR'
I, [2021-02-09T13:02:19.931339 #547]  INFO -- : lab.rism: Institution 30078861 changed country 'FR' to 'XA-FR'
I, [2021-02-09T13:02:20.124312 #547]  INFO -- : lab.rism: Institution 30078864 changed country 'PL' to 'XA-PL'
I, [2021-02-09T13:02:20.225346 #547]  INFO -- : lab.rism: Institution 30078872 changed country 'GB' to 'XA-GB'
I, [2021-02-09T13:02:20.350643 #547]  INFO -- : lab.rism: Institution 30078875 changed country 'GB' to 'XA-GB'
I, [2021-02-09T13:02:20.477625 #547]  INFO -- : lab.rism: Institution 30078877 changed country 'GB' to 'XA-GB'
I, [2021-02-09T13:02:20.583817 #547]  INFO -- : lab.rism: Institution 30078878 changed country 'IT' to 'XA-IT'
I, [2021-02-09T13:02:20.641852 #547]  INFO -- : lab.rism: Institution 30078879 changed country 'GB' to 'XA-GB'
I, [2021-02-09T13:02:20.700053 #547]  INFO -- : lab.rism: Institution 30078880 changed country 'GB' to 'XA-GB'
I, [2021-02-09T13:02:20.749921 #547]  INFO -- : lab.rism: Institution 30078882 changed country 'GB' to 'XA-GB'
I, [2021-02-09T13:02:20.800014 #547]  INFO -- : lab.rism: Institution 30078883 changed country 'GB' to 'XA-GB'
I, [2021-02-09T13:02:20.900577 #547]  INFO -- : lab.rism: Institution 30078884 changed country 'GB' to 'XA-GB'
I, [2021-02-09T13:02:20.981793 #547]  INFO -- : lab.rism: Institution 30078885 changed country 'GB' to 'XA-GB'
I, [2021-02-09T13:02:21.057848 #547]  INFO -- : lab.rism: Institution 30078886 changed country 'GB' to 'XA-GB'
I, [2021-02-09T13:02:21.117061 #547]  INFO -- : lab.rism: Institution 30078887 changed country 'GB' to 'XA-GB'
I, [2021-02-09T13:02:21.156727 #547]  INFO -- : lab.rism: Institution 30078888 changed country 'GB' to 'XA-GB'
I, [2021-02-09T13:02:21.208525 #547]  INFO -- : lab.rism: Institution 30078889 changed country 'GB' to 'XA-GB'
I, [2021-02-09T13:02:21.260661 #547]  INFO -- : lab.rism: Institution 30078890 changed country 'GB' to 'XA-GB'
I, [2021-02-09T13:02:21.300612 #547]  INFO -- : lab.rism: Institution 30078894 changed country 'GB' to 'XA-GB'
I, [2021-02-09T13:02:21.383971 #547]  INFO -- : lab.rism: Institution 30078895 changed country 'GB' to 'XA-GB'
I, [2021-02-09T13:02:21.479587 #547]  INFO -- : lab.rism: Institution 30078902 changed country 'PT' to 'XA-PT'
I, [2021-02-09T13:02:21.568261 #547]  INFO -- : lab.rism: Institution 30078936 changed country 'PT' to 'XA-PT'
I, [2021-02-09T13:02:21.638103 #547]  INFO -- : lab.rism: Institution 30078950 changed country 'AT' to 'XA-AT'
I, [2021-02-09T13:02:21.772209 #547]  INFO -- : lab.rism: Institution 30078961 changed country 'IT' to 'XA-IT'
I, [2021-02-09T13:02:21.872983 #547]  INFO -- : lab.rism: Institution 30078971 changed country 'PL' to 'XA-PL'
I, [2021-02-09T13:02:21.975708 #547]  INFO -- : lab.rism: Institution 30078972 changed country 'US' to 'XD-US'
I, [2021-02-09T13:02:22.126841 #547]  INFO -- : lab.rism: Institution 30079028 changed country 'AT' to 'XA-AT'
I, [2021-02-09T13:02:22.209827 #547]  INFO -- : lab.rism: Institution 30079030 changed country 'US' to 'XD-US'
I, [2021-02-09T13:02:22.283701 #547]  INFO -- : lab.rism: Institution 30079047 changed country 'ES' to 'XA-ES'
I, [2021-02-09T13:02:22.325299 #547]  INFO -- : lab.rism: Institution 30079048 changed country 'ES' to 'XA-ES'
I, [2021-02-09T13:02:22.383546 #547]  INFO -- : lab.rism: Institution 30079049 changed country 'ES' to 'XA-ES'
I, [2021-02-09T13:02:22.433561 #547]  INFO -- : lab.rism: Institution 30079050 changed country 'ES' to 'XA-ES'
I, [2021-02-09T13:02:22.576064 #547]  INFO -- : lab.rism: Institution 30079051 changed country 'ES' to 'XA-ES'
I, [2021-02-09T13:02:22.717312 #547]  INFO -- : lab.rism: Institution 30079052 changed country 'ES' to 'XA-ES'
I, [2021-02-09T13:02:23.219114 #547]  INFO -- : lab.rism: Institution 30079056 changed country 'ES' to 'XA-ES'
I, [2021-02-09T13:02:23.295066 #547]  INFO -- : lab.rism: Institution 30079057 changed country 'ES' to 'XA-ES'
I, [2021-02-09T13:02:23.425864 #547]  INFO -- : lab.rism: Institution 30079058 changed country 'ES' to 'XA-ES'
I, [2021-02-09T13:02:23.548184 #547]  INFO -- : lab.rism: Institution 30079059 changed country 'ES' to 'XA-ES'
I, [2021-02-09T13:02:23.609094 #547]  INFO -- : lab.rism: Institution 30079060 changed country 'ES' to 'XA-ES'
I, [2021-02-09T13:02:23.692245 #547]  INFO -- : lab.rism: Institution 30079061 changed country 'ES' to 'XA-ES'
I, [2021-02-09T13:02:23.817781 #547]  INFO -- : lab.rism: Institution 30079062 changed country 'ES' to 'XA-ES'
I, [2021-02-09T13:02:23.884323 #547]  INFO -- : lab.rism: Institution 30079063 changed country 'ES' to 'XA-ES'
I, [2021-02-09T13:02:23.967724 #547]  INFO -- : lab.rism: Institution 30079064 changed country 'ES' to 'XA-ES'
I, [2021-02-09T13:02:24.083507 #547]  INFO -- : lab.rism: Institution 30079065 changed country 'ES' to 'XA-ES'
I, [2021-02-09T13:02:24.142447 #547]  INFO -- : lab.rism: Institution 30079066 changed country 'ES' to 'XA-ES'
I, [2021-02-09T13:02:24.225412 #547]  INFO -- : lab.rism: Institution 30079067 changed country 'ES' to 'XA-ES'
I, [2021-02-09T13:02:24.290848 #547]  INFO -- : lab.rism: Institution 30079068 changed country 'ES' to 'XA-ES'
I, [2021-02-09T13:02:24.412787 #547]  INFO -- : lab.rism: Institution 30079069 changed country 'ES' to 'XA-ES'
I, [2021-02-09T13:02:24.540891 #547]  INFO -- : lab.rism: Institution 30079070 changed country 'ES' to 'XA-ES'
I, [2021-02-09T13:02:24.601228 #547]  INFO -- : lab.rism: Institution 30079071 changed country 'ES' to 'XA-ES'
I, [2021-02-09T13:02:24.965316 #547]  INFO -- : lab.rism: Institution 30079140 changed country 'PL' to 'XA-PL'
I, [2021-02-09T13:02:25.168842 #547]  INFO -- : lab.rism: Institution 30079169 changed country 'PL' to 'XA-PL'
I, [2021-02-09T13:02:25.334033 #547]  INFO -- : lab.rism: Institution 30079172 changed country 'AT' to 'XA-AT'
I, [2021-02-09T13:02:25.445154 #547]  INFO -- : lab.rism: Institution 30079173 changed country 'AT' to 'XA-AT'
I, [2021-02-09T13:02:25.508606 #547]  INFO -- : lab.rism: Institution 30079174 changed country 'AT' to 'XA-AT'
I, [2021-02-09T13:02:25.674564 #547]  INFO -- : lab.rism: Institution 30079175 changed country 'AT' to 'XA-AT'
I, [2021-02-09T13:02:25.830689 #547]  INFO -- : lab.rism: Institution 30079180 changed country 'IT' to 'XA-IT'
I, [2021-02-09T13:02:25.878521 #547]  INFO -- : lab.rism: Institution 30079189 changed country 'IT' to 'XA-IT'
I, [2021-02-09T13:02:25.921595 #547]  INFO -- : lab.rism: Institution 30079209 changed country 'US' to 'XD-US'
I, [2021-02-09T13:02:26.010036 #547]  INFO -- : lab.rism: Institution 30079212 changed country 'AT' to 'XA-AT'
I, [2021-02-09T13:02:26.141786 #547]  INFO -- : lab.rism: Institution 30079216 changed country 'FR' to 'XA-FR'
I, [2021-02-09T13:02:26.178261 #547]  INFO -- : lab.rism: Institution 30079219 changed country 'FR' to 'XA-FR'
I, [2021-02-09T13:02:26.208566 #547]  INFO -- : lab.rism: Institution 30079220 changed country 'FR' to 'XA-FR'
I, [2021-02-09T13:02:26.242518 #547]  INFO -- : lab.rism: Institution 30079221 changed country 'ES' to 'XA-ES'
I, [2021-02-09T13:02:26.323461 #547]  INFO -- : lab.rism: Institution 30079222 changed country 'FR' to 'XA-FR'
I, [2021-02-09T13:02:26.392201 #547]  INFO -- : lab.rism: Institution 30079223 changed country 'FR' to 'XA-FR'
I, [2021-02-09T13:02:26.570932 #547]  INFO -- : lab.rism: Institution 30079224 changed country 'FR' to 'XA-FR'
I, [2021-02-09T13:02:26.673529 #547]  INFO -- : lab.rism: Institution 30079225 changed country 'FR' to 'XA-FR'
I, [2021-02-09T13:02:26.742204 #547]  INFO -- : lab.rism: Institution 30079226 changed country 'FR' to 'XA-FR'
I, [2021-02-09T13:02:26.800434 #547]  INFO -- : lab.rism: Institution 30079227 changed country 'FR' to 'XA-FR'
I, [2021-02-09T13:02:26.850337 #547]  INFO -- : lab.rism: Institution 30079229 changed country 'FR' to 'XA-FR'
I, [2021-02-09T13:02:26.916926 #547]  INFO -- : lab.rism: Institution 30079230 changed country 'FR' to 'XA-FR'
I, [2021-02-09T13:02:26.982502 #547]  INFO -- : lab.rism: Institution 30079242 changed country 'AT' to 'XA-AT'
I, [2021-02-09T13:02:27.195599 #547]  INFO -- : lab.rism: Institution 30079247 changed country 'AT' to 'XA-AT'
I, [2021-02-09T13:02:27.308900 #547]  INFO -- : lab.rism: Institution 30079248 changed country 'PL' to 'XA-PL'
I, [2021-02-09T13:02:27.372059 #547]  INFO -- : lab.rism: Institution 30079255 changed country 'PL' to 'XA-PL'
I, [2021-02-09T13:02:27.501236 #547]  INFO -- : lab.rism: Institution 30079259 changed country 'AT' to 'XA-AT'
I, [2021-02-09T13:02:27.691417 #547]  INFO -- : lab.rism: Institution 30079263 changed country 'CZ' to 'XA-CZ'
I, [2021-02-09T13:02:27.826446 #547]  INFO -- : lab.rism: Institution 30079264 changed country 'CZ' to 'XA-CZ'
I, [2021-02-09T13:02:27.883608 #547]  INFO -- : lab.rism: Institution 30079265 changed country 'CZ' to 'XA-CZ'
I, [2021-02-09T13:02:27.973285 #547]  INFO -- : lab.rism: Institution 30079266 changed country 'CZ' to 'XA-CZ'
I, [2021-02-09T13:02:28.050120 #547]  INFO -- : lab.rism: Institution 30079267 changed country 'CZ' to 'XA-CZ'
I, [2021-02-09T13:02:28.099348 #547]  INFO -- : lab.rism: Institution 30079275 changed country 'GB' to 'XA-GB'
I, [2021-02-09T13:02:28.131414 #547]  INFO -- : lab.rism: Institution 30079276 changed country 'GB' to 'XA-GB'
I, [2021-02-09T13:02:28.248896 #547]  INFO -- : lab.rism: Institution 30079294 changed country 'ES' to 'XA-ES'
I, [2021-02-09T13:02:28.310699 #547]  INFO -- : lab.rism: Institution 30079296 changed country 'PL' to 'XA-PL'
I, [2021-02-09T13:02:28.423683 #547]  INFO -- : lab.rism: Institution 30079314 changed country 'BE' to 'XA-BE'
I, [2021-02-09T13:02:28.518065 #547]  INFO -- : lab.rism: Institution 30079315 changed country 'ID' to 'XB-ID'
I, [2021-02-09T13:02:28.576471 #547]  INFO -- : lab.rism: Institution 30079316 changed country 'ID' to 'XB-ID'
I, [2021-02-09T13:02:28.694957 #547]  INFO -- : lab.rism: Institution 30079318 changed country 'US' to 'XD-US'
I, [2021-02-09T13:02:28.777789 #547]  INFO -- : lab.rism: Institution 30079320 changed country 'AT' to 'XA-AT'
I, [2021-02-09T13:02:28.872631 #547]  INFO -- : lab.rism: Institution 30079333 changed country 'AT' to 'XA-AT'
I, [2021-02-09T13:02:29.121972 #547]  INFO -- : lab.rism: Institution 30079342 changed country 'PT' to 'XA-PT'
I, [2021-02-09T13:02:29.253582 #547]  INFO -- : lab.rism: Institution 30079407 changed country 'MC' to 'XA-MC'
I, [2021-02-09T13:02:29.343522 #547]  INFO -- : lab.rism: Institution 30079470 changed country 'AT' to 'XA-AT'
I, [2021-02-09T13:02:29.499960 #547]  INFO -- : lab.rism: Institution 30079482 changed country 'GB' to 'XA-GB'
I, [2021-02-09T13:02:29.699453 #547]  INFO -- : lab.rism: Institution 30079486 changed country 'ES' to 'XA-ES'
I, [2021-02-09T13:02:29.919504 #547]  INFO -- : lab.rism: Institution 30079487 changed country 'ES' to 'XA-ES'
I, [2021-02-09T13:02:29.959923 #547]  INFO -- : lab.rism: Institution 30079488 changed country 'ES' to 'XA-ES'
I, [2021-02-09T13:02:30.034962 #547]  INFO -- : lab.rism: Institution 30079489 changed country 'BE' to 'XA-BE'
I, [2021-02-09T13:02:30.174976 #547]  INFO -- : lab.rism: Institution 30079490 changed country 'DE' to 'XA-DE'
I, [2021-02-09T13:02:30.286064 #547]  INFO -- : lab.rism: Institution 30079510 changed country 'ES' to 'XA-ES'
I, [2021-02-09T13:02:30.347509 #547]  INFO -- : lab.rism: Institution 30079513 changed country 'IT' to 'XA-IT'
I, [2021-02-09T13:02:30.593851 #547]  INFO -- : lab.rism: Institution 30079515 changed country 'AT' to 'XA-AT'
I, [2021-02-09T13:02:31.038308 #547]  INFO -- : lab.rism: Institution 30079531 changed country 'DE' to 'XA-DE'
I, [2021-02-09T13:02:31.359002 #547]  INFO -- : lab.rism: Institution 30079538 changed country 'AT' to 'XA-AT'
I, [2021-02-09T13:02:31.568577 #547]  INFO -- : lab.rism: Institution 30079542 changed country 'GB' to 'XA-GB'
I, [2021-02-09T13:02:31.620357 #547]  INFO -- : lab.rism: Institution 30079549 changed country 'ES' to 'XA-ES'
I, [2021-02-09T13:02:31.727637 #547]  INFO -- : lab.rism: Institution 30079550 changed country 'ES' to 'XA-ES'
I, [2021-02-09T13:02:31.817948 #547]  INFO -- : lab.rism: Institution 30079551 changed country 'ES' to 'XA-ES'
I, [2021-02-09T13:02:32.001710 #547]  INFO -- : lab.rism: Institution 30079552 changed country 'ES' to 'XA-ES'
I, [2021-02-09T13:02:32.335226 #547]  INFO -- : lab.rism: Institution 30079553 changed country 'ES' to 'XA-ES'
I, [2021-02-09T13:02:32.585197 #547]  INFO -- : lab.rism: Institution 30079554 changed country 'ES' to 'XA-ES'
I, [2021-02-09T13:02:32.685137 #547]  INFO -- : lab.rism: Institution 30079555 changed country 'ES' to 'XA-ES'
I, [2021-02-09T13:02:32.735335 #547]  INFO -- : lab.rism: Institution 30079556 changed country 'ES' to 'XA-ES'
I, [2021-02-09T13:02:32.801626 #547]  INFO -- : lab.rism: Institution 30079557 changed country 'ES' to 'XA-ES'
I, [2021-02-09T13:02:32.952197 #547]  INFO -- : lab.rism: Institution 30079558 changed country 'ES' to 'XA-ES'
I, [2021-02-09T13:02:33.019031 #547]  INFO -- : lab.rism: Institution 30079559 changed country 'ES' to 'XA-ES'
I, [2021-02-09T13:02:33.165566 #547]  INFO -- : lab.rism: Institution 30079560 changed country 'ES' to 'XA-ES'
I, [2021-02-09T13:02:33.235521 #547]  INFO -- : lab.rism: Institution 30079561 changed country 'ES' to 'XA-ES'
I, [2021-02-09T13:02:33.347908 #547]  INFO -- : lab.rism: Institution 30079562 changed country 'ES' to 'XA-ES'
I, [2021-02-09T13:02:33.641420 #547]  INFO -- : lab.rism: Institution 30079563 changed country 'ES' to 'XA-ES'
I, [2021-02-09T13:02:33.818782 #547]  INFO -- : lab.rism: Institution 30079564 changed country 'ES' to 'XA-ES'
I, [2021-02-09T13:02:33.892235 #547]  INFO -- : lab.rism: Institution 30079567 changed country 'IT' to 'XA-IT'
I, [2021-02-09T13:02:34.039365 #547]  INFO -- : lab.rism: Institution 30079574 changed country 'ES' to 'XA-ES'
I, [2021-02-09T13:02:34.608794 #547]  INFO -- : lab.rism: Institution 30079575 changed country 'ES' to 'XA-ES'
I, [2021-02-09T13:02:34.785709 #547]  INFO -- : lab.rism: Institution 30079576 changed country 'ES' to 'XA-ES'
I, [2021-02-09T13:02:35.403079 #547]  INFO -- : lab.rism: Institution 30079577 changed country 'ES' to 'XA-ES'
I, [2021-02-09T13:02:35.638091 #547]  INFO -- : lab.rism: Institution 30079578 changed country 'ES' to 'XA-ES'
I, [2021-02-09T13:02:35.908125 #547]  INFO -- : lab.rism: Institution 30079579 changed country 'ES' to 'XA-ES'
I, [2021-02-09T13:02:35.985258 #547]  INFO -- : lab.rism: Institution 30079580 changed country 'ES' to 'XA-ES'
I, [2021-02-09T13:02:36.200464 #547]  INFO -- : lab.rism: Institution 30079581 changed country 'ES' to 'XA-ES'
I, [2021-02-09T13:02:36.360184 #547]  INFO -- : lab.rism: Institution 30079582 changed country 'ES' to 'XA-ES'
I, [2021-02-09T13:02:36.526799 #547]  INFO -- : lab.rism: Institution 30079583 changed country 'ES' to 'XA-ES'
I, [2021-02-09T13:02:36.574407 #547]  INFO -- : lab.rism: Institution 30079584 changed country 'ES' to 'XA-ES'
I, [2021-02-09T13:02:36.652263 #547]  INFO -- : lab.rism: Institution 30079585 changed country 'ES' to 'XA-ES'
I, [2021-02-09T13:02:36.710108 #547]  INFO -- : lab.rism: Institution 30079586 changed country 'ES' to 'XA-ES'
I, [2021-02-09T13:02:36.768291 #547]  INFO -- : lab.rism: Institution 30079587 changed country 'ES' to 'XA-ES'
I, [2021-02-09T13:02:36.835104 #547]  INFO -- : lab.rism: Institution 30079588 changed country 'ES' to 'XA-ES'
I, [2021-02-09T13:02:36.884776 #547]  INFO -- : lab.rism: Institution 30079589 changed country 'ES' to 'XA-ES'
I, [2021-02-09T13:02:36.944438 #547]  INFO -- : lab.rism: Institution 30079593 changed country 'ES' to 'XA-ES'
I, [2021-02-09T13:02:36.993594 #547]  INFO -- : lab.rism: Institution 30079594 changed country 'ES' to 'XA-ES'
I, [2021-02-09T13:02:37.151589 #547]  INFO -- : lab.rism: Institution 30079595 changed country 'ES' to 'XA-ES'
I, [2021-02-09T13:02:37.257810 #547]  INFO -- : lab.rism: Institution 30079596 changed country 'ES' to 'XA-ES'
I, [2021-02-09T13:02:37.310246 #547]  INFO -- : lab.rism: Institution 30079597 changed country 'ES' to 'XA-ES'
I, [2021-02-09T13:02:37.351775 #547]  INFO -- : lab.rism: Institution 30079598 changed country 'ES' to 'XA-ES'
I, [2021-02-09T13:02:37.401717 #547]  INFO -- : lab.rism: Institution 30079599 changed country 'ES' to 'XA-ES'
I, [2021-02-09T13:02:37.465994 #547]  INFO -- : lab.rism: Institution 30079600 changed country 'ES' to 'XA-ES'
I, [2021-02-09T13:02:37.552039 #547]  INFO -- : lab.rism: Institution 30079601 changed country 'ES' to 'XA-ES'
I, [2021-02-09T13:02:37.601888 #547]  INFO -- : lab.rism: Institution 30079602 changed country 'ES' to 'XA-ES'
I, [2021-02-09T13:02:37.677732 #547]  INFO -- : lab.rism: Institution 30079603 changed country 'ES' to 'XA-ES'
I, [2021-02-09T13:02:37.716198 #547]  INFO -- : lab.rism: Institution 30079604 changed country 'ES' to 'XA-ES'
I, [2021-02-09T13:02:37.749390 #547]  INFO -- : lab.rism: Institution 30079605 changed country 'ES' to 'XA-ES'
I, [2021-02-09T13:02:37.782620 #547]  INFO -- : lab.rism: Institution 30079606 changed country 'ES' to 'XA-ES'
I, [2021-02-09T13:02:37.809893 #547]  INFO -- : lab.rism: Institution 30079607 changed country 'ES' to 'XA-ES'
I, [2021-02-09T13:02:37.859928 #547]  INFO -- : lab.rism: Institution 30079608 changed country 'ES' to 'XA-ES'
I, [2021-02-09T13:02:37.893258 #547]  INFO -- : lab.rism: Institution 30079609 changed country 'ES' to 'XA-ES'
I, [2021-02-09T13:02:37.934978 #547]  INFO -- : lab.rism: Institution 30079610 changed country 'ES' to 'XA-ES'
I, [2021-02-09T13:02:38.018736 #547]  INFO -- : lab.rism: Institution 30079611 changed country 'ES' to 'XA-ES'
I, [2021-02-09T13:02:38.133323 #547]  INFO -- : lab.rism: Institution 30079612 changed country 'ES' to 'XA-ES'
I, [2021-02-09T13:02:38.177162 #547]  INFO -- : lab.rism: Institution 30079613 changed country 'ES' to 'XA-ES'
I, [2021-02-09T13:02:38.210283 #547]  INFO -- : lab.rism: Institution 30079614 changed country 'ES' to 'XA-ES'
I, [2021-02-09T13:02:38.243813 #547]  INFO -- : lab.rism: Institution 30079615 changed country 'ES' to 'XA-ES'
I, [2021-02-09T13:02:38.278148 #547]  INFO -- : lab.rism: Institution 30079617 changed country 'ES' to 'XA-ES'
I, [2021-02-09T13:02:38.310146 #547]  INFO -- : lab.rism: Institution 30079618 changed country 'ES' to 'XA-ES'
I, [2021-02-09T13:02:38.341142 #547]  INFO -- : lab.rism: Institution 30079619 changed country 'ES' to 'XA-ES'
I, [2021-02-09T13:02:38.449949 #547]  INFO -- : lab.rism: Institution 30079620 changed country 'ES' to 'XA-ES'
I, [2021-02-09T13:02:38.536701 #547]  INFO -- : lab.rism: Institution 30079622 changed country 'ES' to 'XA-ES'
I, [2021-02-09T13:02:38.568756 #547]  INFO -- : lab.rism: Institution 30079623 changed country 'ES' to 'XA-ES'
I, [2021-02-09T13:02:38.601993 #547]  INFO -- : lab.rism: Institution 30079624 changed country 'ES' to 'XA-ES'
I, [2021-02-09T13:02:38.635673 #547]  INFO -- : lab.rism: Institution 30079625 changed country 'ES' to 'XA-ES'
I, [2021-02-09T13:02:38.747611 #547]  INFO -- : lab.rism: Institution 30079626 changed country 'ES' to 'XA-ES'
I, [2021-02-09T13:02:38.819059 #547]  INFO -- : lab.rism: Institution 30079628 changed country 'ES' to 'XA-ES'
I, [2021-02-09T13:02:38.899741 #547]  INFO -- : lab.rism: Institution 30079629 changed country 'ES' to 'XA-ES'
I, [2021-02-09T13:02:38.952237 #547]  INFO -- : lab.rism: Institution 30079630 changed country 'ES' to 'XA-ES'
I, [2021-02-09T13:02:38.993700 #547]  INFO -- : lab.rism: Institution 30079631 changed country 'ES' to 'XA-ES'
I, [2021-02-09T13:02:39.059843 #547]  INFO -- : lab.rism: Institution 30079632 changed country 'ES' to 'XA-ES'
I, [2021-02-09T13:02:39.093545 #547]  INFO -- : lab.rism: Institution 30079633 changed country 'ES' to 'XA-ES'
I, [2021-02-09T13:02:39.124544 #547]  INFO -- : lab.rism: Institution 30079634 changed country 'ES' to 'XA-ES'
I, [2021-02-09T13:02:39.198561 #547]  INFO -- : lab.rism: Institution 30079638 changed country 'ES' to 'XA-ES'
I, [2021-02-09T13:02:39.385718 #547]  INFO -- : lab.rism: Institution 30079639 changed country 'ES' to 'XA-ES'
I, [2021-02-09T13:02:39.507828 #547]  INFO -- : lab.rism: Institution 30079640 changed country 'ES' to 'XA-ES'
I, [2021-02-09T13:02:39.549904 #547]  INFO -- : lab.rism: Institution 30079641 changed country 'ES' to 'XA-ES'
I, [2021-02-09T13:02:39.618788 #547]  INFO -- : lab.rism: Institution 30079642 changed country 'ES' to 'XA-ES'
I, [2021-02-09T13:02:39.658017 #547]  INFO -- : lab.rism: Institution 30079643 changed country 'ES' to 'XA-ES'
I, [2021-02-09T13:02:39.693659 #547]  INFO -- : lab.rism: Institution 30079644 changed country 'ES' to 'XA-ES'
I, [2021-02-09T13:02:39.735606 #547]  INFO -- : lab.rism: Institution 30079645 changed country 'ES' to 'XA-ES'
I, [2021-02-09T13:02:39.919102 #547]  INFO -- : lab.rism: Institution 30079646 changed country 'ES' to 'XA-ES'
I, [2021-02-09T13:02:39.991334 #547]  INFO -- : lab.rism: Institution 30079647 changed country 'ES' to 'XA-ES'
I, [2021-02-09T13:02:40.034935 #547]  INFO -- : lab.rism: Institution 30079648 changed country 'ES' to 'XA-ES'
I, [2021-02-09T13:02:40.085991 #547]  INFO -- : lab.rism: Institution 30079649 changed country 'ES' to 'XA-ES'
I, [2021-02-09T13:02:40.282928 #547]  INFO -- : lab.rism: Institution 30079650 changed country 'ES' to 'XA-ES'
I, [2021-02-09T13:02:40.366603 #547]  INFO -- : lab.rism: Institution 30079651 changed country 'ES' to 'XA-ES'
I, [2021-02-09T13:02:40.420616 #547]  INFO -- : lab.rism: Institution 30079653 changed country 'ES' to 'XA-ES'
I, [2021-02-09T13:02:40.449557 #547]  INFO -- : lab.rism: Institution 30079654 changed country 'ES' to 'XA-ES'
I, [2021-02-09T13:02:40.474866 #547]  INFO -- : lab.rism: Institution 30079655 changed country 'ES' to 'XA-ES'
I, [2021-02-09T13:02:40.527389 #547]  INFO -- : lab.rism: Institution 30079656 changed country 'ES' to 'XA-ES'
I, [2021-02-09T13:02:40.618894 #547]  INFO -- : lab.rism: Institution 30079657 changed country 'ES' to 'XA-ES'
I, [2021-02-09T13:02:40.652425 #547]  INFO -- : lab.rism: Institution 30079658 changed country 'ES' to 'XA-ES'
I, [2021-02-09T13:02:40.742011 #547]  INFO -- : lab.rism: Institution 30079660 changed country 'ES' to 'XA-ES'
I, [2021-02-09T13:02:40.785391 #547]  INFO -- : lab.rism: Institution 30079661 changed country 'ES' to 'XA-ES'
I, [2021-02-09T13:02:40.818718 #547]  INFO -- : lab.rism: Institution 30079662 changed country 'ES' to 'XA-ES'
I, [2021-02-09T13:02:40.860327 #547]  INFO -- : lab.rism: Institution 30079663 changed country 'ES' to 'XA-ES'
I, [2021-02-09T13:02:40.882838 #547]  INFO -- : lab.rism: Institution 30079664 changed country 'ES' to 'XA-ES'
I, [2021-02-09T13:02:40.987174 #547]  INFO -- : lab.rism: Institution 30079665 changed country 'ES' to 'XA-ES'
I, [2021-02-09T13:02:41.010254 #547]  INFO -- : lab.rism: Institution 30079666 changed country 'ES' to 'XA-ES'
I, [2021-02-09T13:02:41.099762 #547]  INFO -- : lab.rism: Institution 30079667 changed country 'ES' to 'XA-ES'
I, [2021-02-09T13:02:41.145374 #547]  INFO -- : lab.rism: Institution 30079668 changed country 'ES' to 'XA-ES'
I, [2021-02-09T13:02:44.491321 #547]  INFO -- : lab.rism: Institution 30079669 changed country 'ES' to 'XA-ES'
I, [2021-02-09T13:02:44.607969 #547]  INFO -- : lab.rism: Institution 30079670 changed country 'ES' to 'XA-ES'
I, [2021-02-09T13:02:44.649427 #547]  INFO -- : lab.rism: Institution 30079671 changed country 'ES' to 'XA-ES'
I, [2021-02-09T13:02:44.724504 #547]  INFO -- : lab.rism: Institution 30079672 changed country 'ES' to 'XA-ES'
I, [2021-02-09T13:02:44.774462 #547]  INFO -- : lab.rism: Institution 30079673 changed country 'ES' to 'XA-ES'
I, [2021-02-09T13:02:44.868646 #547]  INFO -- : lab.rism: Institution 30079674 changed country 'ES' to 'XA-ES'
I, [2021-02-09T13:02:44.901995 #547]  INFO -- : lab.rism: Institution 30079675 changed country 'ES' to 'XA-ES'
I, [2021-02-09T13:02:44.943545 #547]  INFO -- : lab.rism: Institution 30079676 changed country 'ES' to 'XA-ES'
I, [2021-02-09T13:02:44.968644 #547]  INFO -- : lab.rism: Institution 30079677 changed country 'ES' to 'XA-ES'
I, [2021-02-09T13:02:45.011483 #547]  INFO -- : lab.rism: Institution 30079678 changed country 'ES' to 'XA-ES'
I, [2021-02-09T13:02:45.077252 #547]  INFO -- : lab.rism: Institution 30079679 changed country 'AT' to 'XA-AT'
I, [2021-02-09T13:02:45.186970 #547]  INFO -- : lab.rism: Institution 30079705 changed country 'AD' to 'XA-AD'
I, [2021-02-09T13:02:45.219445 #547]  INFO -- : lab.rism: Institution 30079706 changed country 'AD' to 'XA-AD'
I, [2021-02-09T13:02:45.419199 #547]  INFO -- : lab.rism: Institution 30079707 changed country 'ES' to 'XA-ES'
I, [2021-02-09T13:02:45.747971 #547]  INFO -- : lab.rism: Institution 30079724 changed country 'DE' to 'XA-DE'
I, [2021-02-09T13:02:45.859045 #547]  INFO -- : lab.rism: Institution 30079804 changed country 'MC' to 'XA-MC'
I, [2021-02-09T13:02:45.920968 #547]  INFO -- : lab.rism: Institution 30079813 changed country 'GB' to 'XA-GB'
I, [2021-02-09T13:02:46.098298 #547]  INFO -- : lab.rism: Institution 30079922 changed country 'GB' to 'XA-GB'
I, [2021-02-09T13:02:46.254401 #547]  INFO -- : lab.rism: Institution 30079924 changed country 'PT' to 'XA-PT'
I, [2021-02-09T13:02:46.570081 #547]  INFO -- : lab.rism: Institution 30079925 changed country 'GB' to 'XA-GB'
I, [2021-02-09T13:02:46.816153 #547]  INFO -- : lab.rism: Institution 30080081 changed country 'BE' to 'XA-BE'
I, [2021-02-09T13:02:46.884263 #547]  INFO -- : lab.rism: Institution 30080103 changed country 'AT' to 'XA-AT'
I, [2021-02-09T13:02:47.364814 #547]  INFO -- : lab.rism: Institution 30080127 changed country 'AT' to 'XA-AT'
I, [2021-02-09T13:02:47.429025 #547]  INFO -- : lab.rism: Institution 30080139 changed country 'AT' to 'XA-AT'
I, [2021-02-09T13:02:47.686071 #547]  INFO -- : lab.rism: Institution 30080140 changed country 'AT' to 'XA-AT'
I, [2021-02-09T13:02:47.727237 #547]  INFO -- : lab.rism: Institution 30080141 changed country 'ES' to 'XA-ES'
I, [2021-02-09T13:02:47.842895 #547]  INFO -- : lab.rism: Institution 30080142 changed country 'ES' to 'XA-ES'
I, [2021-02-09T13:02:47.927249 #547]  INFO -- : lab.rism: Institution 30080143 changed country 'ES' to 'XA-ES'
I, [2021-02-09T13:02:48.610333 #547]  INFO -- : lab.rism: Institution 30080144 changed country 'ES' to 'XA-ES'
I, [2021-02-09T13:02:48.819674 #547]  INFO -- : lab.rism: Institution 30080145 changed country 'ES' to 'XA-ES'
I, [2021-02-09T13:02:48.897465 #547]  INFO -- : lab.rism: Institution 30080146 changed country 'ES' to 'XA-ES'
I, [2021-02-09T13:02:48.957252 #547]  INFO -- : lab.rism: Institution 30080147 changed country 'AT' to 'XA-AT'
I, [2021-02-09T13:02:49.068386 #547]  INFO -- : lab.rism: Institution 30080148 changed country 'ES' to 'XA-ES'
I, [2021-02-09T13:02:49.174567 #547]  INFO -- : lab.rism: Institution 30080149 changed country 'ES' to 'XA-ES'
I, [2021-02-09T13:02:49.326393 #547]  INFO -- : lab.rism: Institution 30080155 changed country 'ES' to 'XA-ES'
I, [2021-02-09T13:02:49.419673 #547]  INFO -- : lab.rism: Institution 30080156 changed country 'ES' to 'XA-ES'
I, [2021-02-09T13:02:49.461209 #547]  INFO -- : lab.rism: Institution 30080157 changed country 'ES' to 'XA-ES'
I, [2021-02-09T13:02:49.535949 #547]  INFO -- : lab.rism: Institution 30080158 changed country 'ES' to 'XA-ES'
I, [2021-02-09T13:02:49.729664 #547]  INFO -- : lab.rism: Institution 30080159 changed country 'ES' to 'XA-ES'
I, [2021-02-09T13:02:49.777534 #547]  INFO -- : lab.rism: Institution 30080160 changed country 'ES' to 'XA-ES'
I, [2021-02-09T13:02:49.819601 #547]  INFO -- : lab.rism: Institution 30080162 changed country 'ES' to 'XA-ES'
I, [2021-02-09T13:02:49.869590 #547]  INFO -- : lab.rism: Institution 30080163 changed country 'ES' to 'XA-ES'
I, [2021-02-09T13:02:50.112824 #547]  INFO -- : lab.rism: Institution 30080166 changed country 'ES' to 'XA-ES'
I, [2021-02-09T13:02:50.177761 #547]  INFO -- : lab.rism: Institution 30080167 changed country 'ES' to 'XA-ES'
I, [2021-02-09T13:02:50.249885 #547]  INFO -- : lab.rism: Institution 30080168 changed country 'ES' to 'XA-ES'
I, [2021-02-09T13:02:50.410122 #547]  INFO -- : lab.rism: Institution 30080169 changed country 'ES' to 'XA-ES'
I, [2021-02-09T13:02:50.524119 #547]  INFO -- : lab.rism: Institution 30080170 changed country 'ES' to 'XA-ES'
I, [2021-02-09T13:02:50.727249 #547]  INFO -- : lab.rism: Institution 30080172 changed country 'ES' to 'XA-ES'
I, [2021-02-09T13:02:50.860841 #547]  INFO -- : lab.rism: Institution 30080174 changed country 'ES' to 'XA-ES'
I, [2021-02-09T13:02:50.953222 #547]  INFO -- : lab.rism: Institution 30080175 changed country 'ES' to 'XA-ES'
I, [2021-02-09T13:02:51.191415 #547]  INFO -- : lab.rism: Institution 30080178 changed country 'ES' to 'XA-ES'
I, [2021-02-09T13:02:51.334207 #547]  INFO -- : lab.rism: Institution 30080179 changed country 'ES' to 'XA-ES'
I, [2021-02-09T13:02:51.494365 #547]  INFO -- : lab.rism: Institution 30080181 changed country 'ES' to 'XA-ES'
I, [2021-02-09T13:02:51.679618 #547]  INFO -- : lab.rism: Institution 30080182 changed country 'ES' to 'XA-ES'
I, [2021-02-09T13:02:51.844802 #547]  INFO -- : lab.rism: Institution 30080183 changed country 'ES' to 'XA-ES'
I, [2021-02-09T13:02:51.936774 #547]  INFO -- : lab.rism: Institution 30080185 changed country 'ES' to 'XA-ES'
I, [2021-02-09T13:02:52.011588 #547]  INFO -- : lab.rism: Institution 30080186 changed country 'ES' to 'XA-ES'
I, [2021-02-09T13:02:52.198542 #547]  INFO -- : lab.rism: Institution 30080187 changed country 'ES' to 'XA-ES'
I, [2021-02-09T13:02:52.287014 #547]  INFO -- : lab.rism: Institution 30080188 changed country 'ES' to 'XA-ES'
I, [2021-02-09T13:02:52.462061 #547]  INFO -- : lab.rism: Institution 30080189 changed country 'ES' to 'XA-ES'
I, [2021-02-09T13:02:52.573752 #547]  INFO -- : lab.rism: Institution 30080190 changed country 'ES' to 'XA-ES'
I, [2021-02-09T13:02:52.651210 #547]  INFO -- : lab.rism: Institution 30080194 changed country 'ES' to 'XA-ES'
I, [2021-02-09T13:02:52.803510 #547]  INFO -- : lab.rism: Institution 30080195 changed country 'ES' to 'XA-ES'
I, [2021-02-09T13:02:53.044401 #547]  INFO -- : lab.rism: Institution 30080196 changed country 'ES' to 'XA-ES'
I, [2021-02-09T13:02:53.094533 #547]  INFO -- : lab.rism: Institution 30080198 changed country 'ES' to 'XA-ES'
I, [2021-02-09T13:02:53.230344 #547]  INFO -- : lab.rism: Institution 30080209 changed country 'ES' to 'XA-ES'
I, [2021-02-09T13:02:53.269191 #547]  INFO -- : lab.rism: Institution 30080211 changed country 'ES' to 'XA-ES'
I, [2021-02-09T13:02:53.291458 #547]  INFO -- : lab.rism: Institution 30080215 changed country 'ES' to 'XA-ES'
I, [2021-02-09T13:02:53.334857 #547]  INFO -- : lab.rism: Institution 30080225 changed country 'AT' to 'XA-AT'
I, [2021-02-09T13:02:53.372224 #547]  INFO -- : lab.rism: Institution 30080231 changed country 'AT' to 'XA-AT'
I, [2021-02-09T13:02:53.402978 #547]  INFO -- : lab.rism: Institution 30080233 changed country 'AT' to 'XA-AT'
I, [2021-02-09T13:02:53.437544 #547]  INFO -- : lab.rism: Institution 30080241 changed country 'AT' to 'XA-AT'
I, [2021-02-09T13:02:53.494419 #547]  INFO -- : lab.rism: Institution 30080242 changed country 'AT' to 'XA-AT'
I, [2021-02-09T13:02:53.598334 #547]  INFO -- : lab.rism: Institution 30080250 changed country 'AT' to 'XA-AT'
I, [2021-02-09T13:02:53.619659 #547]  INFO -- : lab.rism: Institution 30080252 changed country 'AT' to 'XA-AT'
I, [2021-02-09T13:02:53.670452 #547]  INFO -- : lab.rism: Institution 30080257 changed country 'AT' to 'XA-AT'
I, [2021-02-09T13:02:53.741474 #547]  INFO -- : lab.rism: Institution 30080258 changed country 'AT' to 'XA-AT'
I, [2021-02-09T13:02:53.777343 #547]  INFO -- : lab.rism: Institution 30080259 changed country 'AT' to 'XA-AT'
I, [2021-02-09T13:02:53.799554 #547]  INFO -- : lab.rism: Institution 30080260 changed country 'AT' to 'XA-AT'
I, [2021-02-09T13:02:53.819058 #547]  INFO -- : lab.rism: Institution 30080261 changed country 'AT' to 'XA-AT'
I, [2021-02-09T13:02:53.841867 #547]  INFO -- : lab.rism: Institution 30080263 changed country 'AT' to 'XA-AT'
I, [2021-02-09T13:02:53.860852 #547]  INFO -- : lab.rism: Institution 30080265 changed country 'AT' to 'XA-AT'
I, [2021-02-09T13:02:53.938853 #547]  INFO -- : lab.rism: Institution 30080266 changed country 'AT' to 'XA-AT'
I, [2021-02-09T13:02:53.995204 #547]  INFO -- : lab.rism: Institution 30080270 changed country 'AT' to 'XA-AT'
I, [2021-02-09T13:02:54.101074 #547]  INFO -- : lab.rism: Institution 30080271 changed country 'AT' to 'XA-AT'
I, [2021-02-09T13:02:54.142001 #547]  INFO -- : lab.rism: Institution 30080272 changed country 'AT' to 'XA-AT'
I, [2021-02-09T13:02:54.175185 #547]  INFO -- : lab.rism: Institution 30080273 changed country 'AT' to 'XA-AT'
I, [2021-02-09T13:02:54.203076 #547]  INFO -- : lab.rism: Institution 30080277 changed country 'AT' to 'XA-AT'
I, [2021-02-09T13:02:54.257295 #547]  INFO -- : lab.rism: Institution 30080286 changed country 'AT' to 'XA-AT'
I, [2021-02-09T13:02:54.286149 #547]  INFO -- : lab.rism: Institution 30080287 changed country 'CZ' to 'XA-CZ'
I, [2021-02-09T13:02:54.316784 #547]  INFO -- : lab.rism: Institution 30080289 changed country 'DE' to 'XA-DE'
I, [2021-02-09T13:02:54.474634 #547]  INFO -- : lab.rism: Institution 30080301 changed country 'AT' to 'XA-AT'
I, [2021-02-09T13:02:54.619279 #547]  INFO -- : lab.rism: Institution 30080322 changed country 'BE' to 'XA-BE'
I, [2021-02-09T13:02:54.727259 #547]  INFO -- : lab.rism: Institution 30080416 changed country 'FR' to 'XA-FR'
I, [2021-02-09T13:02:54.793184 #547]  INFO -- : lab.rism: Institution 30080435 changed country 'BE' to 'XA-BE'
I, [2021-02-09T13:02:54.836089 #547]  INFO -- : lab.rism: Institution 30080436 changed country 'BE' to 'XA-BE'
I, [2021-02-09T13:02:54.896362 #547]  INFO -- : lab.rism: Institution 30080439 changed country 'FR' to 'XA-FR'
I, [2021-02-09T13:02:55.024725 #547]  INFO -- : lab.rism: Institution 30080440 changed country 'CZ' to 'XA-CZ'
