# Logfile created on 2020-06-03 14:45:23 +0200 by logger.rb/56815
I, [2020-06-03T14:45:23.575598 #31092]  INFO -- : lab.rism: Size of collection --> 222
I, [2020-06-03T14:45:23.703494 #31092]  INFO -- : lab.rism: Source #840011277 moved 240$k to 500 '1791'
I, [2020-06-03T14:45:25.215630 #31092]  INFO -- : lab.rism: Source #840011601 moved 240$k to 500 '1739'
I, [2020-06-03T14:45:25.415886 #31092]  INFO -- : lab.rism: Source #840011603 moved 240$k to 500 '1739'
I, [2020-06-03T14:45:25.527360 #31092]  INFO -- : lab.rism: Source #840011619 moved 240$k to 500 '1738'
I, [2020-06-03T14:45:25.601364 #31092]  INFO -- : lab.rism: Source #840011620 moved 240$k to 500 '1738'
I, [2020-06-03T14:45:25.685631 #31092]  INFO -- : lab.rism: Source #840011621 moved 240$k to 500 '1746'
I, [2020-06-03T14:45:25.756538 #31092]  INFO -- : lab.rism: Source #840011622 moved 240$k to 500 '1746'
I, [2020-06-03T14:45:25.817860 #31092]  INFO -- : lab.rism: Source #840011623 moved 240$k to 500 '1746'
I, [2020-06-03T14:45:25.897637 #31092]  INFO -- : lab.rism: Source #840011880 moved 240$k to 500 '1750'
I, [2020-06-03T14:45:25.969776 #31092]  INFO -- : lab.rism: Source #840011887 moved 240$k to 500 '1708'
I, [2020-06-03T14:45:26.090486 #31092]  INFO -- : lab.rism: Source #840011895 moved 240$k to 500 '1750'
I, [2020-06-03T14:45:26.346632 #31092]  INFO -- : lab.rism: Source #840011920 moved 240$k to 500 '1753'
I, [2020-06-03T14:45:26.421464 #31092]  INFO -- : lab.rism: Source #840011921 moved 240$k to 500 '1742'
I, [2020-06-03T14:45:26.492805 #31092]  INFO -- : lab.rism: Source #840011924 moved 240$k to 500 '1751'
I, [2020-06-03T14:45:26.559929 #31092]  INFO -- : lab.rism: Source #840013801 moved 240$k to 500 '1800'
I, [2020-06-03T14:45:26.613778 #31092]  INFO -- : lab.rism: Source #840013802 moved 240$k to 500 '1800'
I, [2020-06-03T14:45:26.736380 #31092]  INFO -- : lab.rism: Source #840014349 moved 240$k to 500 '1750'
I, [2020-06-03T14:45:26.799689 #31092]  INFO -- : lab.rism: Source #840014366 moved 240$k to 500 '1742'
I, [2020-06-03T14:45:26.882188 #31092]  INFO -- : lab.rism: Source #840014392 moved 240$k to 500 '1743'
I, [2020-06-03T14:45:26.960096 #31092]  INFO -- : lab.rism: Source #840014412 moved 240$k to 500 '1750'
I, [2020-06-03T14:45:27.022729 #31092]  INFO -- : lab.rism: Source #840014417 moved 240$k to 500 '1739'
I, [2020-06-03T14:45:27.119752 #31092]  INFO -- : lab.rism: Source #840014447 moved 240$k to 500 '1750'
I, [2020-06-03T14:45:27.205937 #31092]  INFO -- : lab.rism: Source #840014582 moved 240$k to 500 '1738'
I, [2020-06-03T14:45:27.506792 #31092]  INFO -- : lab.rism: Source #840014591 moved 240$k to 500 '1742'
I, [2020-06-03T14:45:27.591388 #31092]  INFO -- : lab.rism: Source #840014635 moved 240$k to 500 'juillet 1840'
I, [2020-06-03T14:45:27.679454 #31092]  INFO -- : lab.rism: Source #840014884 moved 240$k to 500 '1770'
I, [2020-06-03T14:45:27.767897 #31092]  INFO -- : lab.rism: Source #840015820 moved 240$k to 500 '1824'
I, [2020-06-03T14:45:27.847559 #31092]  INFO -- : lab.rism: Source #840016948 moved 240$k to 500 '1758'
I, [2020-06-03T14:45:27.919500 #31092]  INFO -- : lab.rism: Source #840018539 moved 240$k to 500 '1737'
I, [2020-06-03T14:45:28.078353 #31092]  INFO -- : lab.rism: Source #840021502 moved 240$k to 500 '1697'
I, [2020-06-03T14:45:28.523689 #31092]  INFO -- : lab.rism: Source #840021721 moved 240$k to 500 '1668'
I, [2020-06-03T14:45:28.644370 #31092]  INFO -- : lab.rism: Source #840021778 moved 240$k to 500 '1663'
I, [2020-06-03T14:45:28.747710 #31092]  INFO -- : lab.rism: Source #840021799 moved 240$k to 500 '1819'
I, [2020-06-03T14:45:28.872974 #31092]  INFO -- : lab.rism: Source #840023190 moved 240$k to 500 '1698'
I, [2020-06-03T14:45:28.973439 #31092]  INFO -- : lab.rism: Source #840023191 moved 240$k to 500 '1698'
I, [2020-06-03T14:45:29.068151 #31092]  INFO -- : lab.rism: Source #840023192 moved 240$k to 500 '1698'
I, [2020-06-03T14:45:29.205724 #31092]  INFO -- : lab.rism: Source #840023193 moved 240$k to 500 '1698'
I, [2020-06-03T14:45:29.389881 #31092]  INFO -- : lab.rism: Source #840023194 moved 240$k to 500 '1698'
I, [2020-06-03T14:45:29.455623 #31092]  INFO -- : lab.rism: Source #840023195 moved 240$k to 500 '1698'
I, [2020-06-03T14:45:29.549210 #31092]  INFO -- : lab.rism: Source #840023196 moved 240$k to 500 '1698'
I, [2020-06-03T14:45:29.638781 #31092]  INFO -- : lab.rism: Source #840023197 moved 240$k to 500 '1698'
I, [2020-06-03T14:45:29.696698 #31092]  INFO -- : lab.rism: Source #840023198 moved 240$k to 500 '1698'
I, [2020-06-03T14:45:29.757874 #31092]  INFO -- : lab.rism: Source #840023199 moved 240$k to 500 '1698'
I, [2020-06-03T14:45:29.848492 #31092]  INFO -- : lab.rism: Source #840023200 moved 240$k to 500 '1698'
I, [2020-06-03T14:45:29.956138 #31092]  INFO -- : lab.rism: Source #840023201 moved 240$k to 500 '1698'
I, [2020-06-03T14:45:30.070530 #31092]  INFO -- : lab.rism: Source #840023202 moved 240$k to 500 '1698'
I, [2020-06-03T14:45:30.237275 #31092]  INFO -- : lab.rism: Source #840023203 moved 240$k to 500 '1698'
I, [2020-06-03T14:45:30.314519 #31092]  INFO -- : lab.rism: Source #840023204 moved 240$k to 500 '1698'
I, [2020-06-03T14:45:30.397160 #31092]  INFO -- : lab.rism: Source #840023205 moved 240$k to 500 '1698'
I, [2020-06-03T14:45:30.463906 #31092]  INFO -- : lab.rism: Source #840023206 moved 240$k to 500 '1698'
I, [2020-06-03T14:45:30.523663 #31092]  INFO -- : lab.rism: Source #840023207 moved 240$k to 500 '1698'
I, [2020-06-03T14:45:30.580220 #31092]  INFO -- : lab.rism: Source #840023208 moved 240$k to 500 '1698'
I, [2020-06-03T14:45:30.655363 #31092]  INFO -- : lab.rism: Source #840023209 moved 240$k to 500 '1698'
I, [2020-06-03T14:45:30.721796 #31092]  INFO -- : lab.rism: Source #840023210 moved 240$k to 500 '1698'
I, [2020-06-03T14:45:30.779933 #31092]  INFO -- : lab.rism: Source #840023211 moved 240$k to 500 '1698'
I, [2020-06-03T14:45:30.838380 #31092]  INFO -- : lab.rism: Source #840023212 moved 240$k to 500 '1698'
I, [2020-06-03T14:45:30.903849 #31092]  INFO -- : lab.rism: Source #840023213 moved 240$k to 500 '1698'
I, [2020-06-03T14:45:30.966658 #31092]  INFO -- : lab.rism: Source #840023356 moved 240$k to 500 '1783'
I, [2020-06-03T14:45:31.056421 #31092]  INFO -- : lab.rism: Source #840023357 moved 240$k to 500 '1783'
I, [2020-06-03T14:45:31.149834 #31092]  INFO -- : lab.rism: Source #840023358 moved 240$k to 500 '1784?'
I, [2020-06-03T14:45:31.344609 #31092]  INFO -- : lab.rism: Source #840023359 moved 240$k to 500 '1784?'
I, [2020-06-03T14:45:31.416779 #31092]  INFO -- : lab.rism: Source #840023360 moved 240$k to 500 '1784?'
I, [2020-06-03T14:45:31.474763 #31092]  INFO -- : lab.rism: Source #840023361 moved 240$k to 500 '1789'
I, [2020-06-03T14:45:31.543100 #31092]  INFO -- : lab.rism: Source #840023362 moved 240$k to 500 '1789'
I, [2020-06-03T14:45:31.632744 #31092]  INFO -- : lab.rism: Source #840023363 moved 240$k to 500 '1789'
I, [2020-06-03T14:45:31.700600 #31092]  INFO -- : lab.rism: Source #840023364 moved 240$k to 500 '1789'
I, [2020-06-03T14:45:31.775157 #31092]  INFO -- : lab.rism: Source #840023365 moved 240$k to 500 '1789'
I, [2020-06-03T14:45:31.861722 #31092]  INFO -- : lab.rism: Source #840023366 moved 240$k to 500 '1789'
I, [2020-06-03T14:45:31.934554 #31092]  INFO -- : lab.rism: Source #840023367 moved 240$k to 500 '1791'
I, [2020-06-03T14:45:31.991591 #31092]  INFO -- : lab.rism: Source #840023368 moved 240$k to 500 '1791'
I, [2020-06-03T14:45:32.070634 #31092]  INFO -- : lab.rism: Source #840023369 moved 240$k to 500 '1791'
I, [2020-06-03T14:45:32.150219 #31092]  INFO -- : lab.rism: Source #840023370 moved 240$k to 500 '1791'
I, [2020-06-03T14:45:32.293589 #31092]  INFO -- : lab.rism: Source #840023371 moved 240$k to 500 '1791'
I, [2020-06-03T14:45:32.359490 #31092]  INFO -- : lab.rism: Source #840023372 moved 240$k to 500 '1791'
I, [2020-06-03T14:45:32.450081 #31092]  INFO -- : lab.rism: Source #840023387 moved 240$k to 500 '1793'
I, [2020-06-03T14:45:32.530591 #31092]  INFO -- : lab.rism: Source #840023412 moved 240$k to 500 '1787'
I, [2020-06-03T14:45:32.586504 #31092]  INFO -- : lab.rism: Source #840023413 moved 240$k to 500 '1787'
I, [2020-06-03T14:45:32.642186 #31092]  INFO -- : lab.rism: Source #840023414 moved 240$k to 500 '1788'
I, [2020-06-03T14:45:32.692032 #31092]  INFO -- : lab.rism: Source #840023415 moved 240$k to 500 '1788'
I, [2020-06-03T14:45:32.757744 #31092]  INFO -- : lab.rism: Source #840024438 moved 240$k to 500 '1762'
I, [2020-06-03T14:45:32.826366 #31092]  INFO -- : lab.rism: Source #840024688 moved 240$k to 500 '1769'
I, [2020-06-03T14:45:32.887477 #31092]  INFO -- : lab.rism: Source #840024985 moved 240$k to 500 '1675'
I, [2020-06-03T14:45:33.009926 #31092]  INFO -- : lab.rism: Source #840025005 moved 240$k to 500 '1675'
I, [2020-06-03T14:45:33.142868 #31092]  INFO -- : lab.rism: Source #840025026 moved 240$k to 500 '1675'
I, [2020-06-03T14:45:33.401610 #31092]  INFO -- : lab.rism: Source #840025027 moved 240$k to 500 '1668'
I, [2020-06-03T14:45:33.478270 #31092]  INFO -- : lab.rism: Source #840025053 moved 240$k to 500 '1737'
I, [2020-06-03T14:45:33.563555 #31092]  INFO -- : lab.rism: Source #840025054 moved 240$k to 500 '1737'
I, [2020-06-03T14:45:33.629154 #31092]  INFO -- : lab.rism: Source #840025442 moved 240$k to 500 '1660'
I, [2020-06-03T14:45:33.755715 #31092]  INFO -- : lab.rism: Source #840026196 moved 240$k to 500 '1776'
I, [2020-06-03T14:45:33.852691 #31092]  INFO -- : lab.rism: Source #840026197 moved 240$k to 500 '1776'
I, [2020-06-03T14:45:33.917671 #31092]  INFO -- : lab.rism: Source #840026198 moved 240$k to 500 '1776'
I, [2020-06-03T14:45:33.976994 #31092]  INFO -- : lab.rism: Source #840026199 moved 240$k to 500 '1776'
I, [2020-06-03T14:45:34.079246 #31092]  INFO -- : lab.rism: Source #840026545 moved 240$k to 500 '1737'
I, [2020-06-03T14:45:34.379275 #31092]  INFO -- : lab.rism: Source #840027057 moved 240$k to 500 '1756'
I, [2020-06-03T14:45:34.466195 #31092]  INFO -- : lab.rism: Source #840029195 moved 240$k to 500 '1675'
I, [2020-06-03T14:45:34.507520 #31092]  INFO -- : lab.rism: Source #840029196 moved 240$k to 500 '1675'
I, [2020-06-03T14:45:34.604817 #31092]  INFO -- : lab.rism: Source #840029197 moved 240$k to 500 '1675'
I, [2020-06-03T14:45:34.681629 #31092]  INFO -- : lab.rism: Source #840029198 moved 240$k to 500 '1675'
I, [2020-06-03T14:45:34.744020 #31092]  INFO -- : lab.rism: Source #840029199 moved 240$k to 500 '1675'
I, [2020-06-03T14:45:34.821186 #31092]  INFO -- : lab.rism: Source #840029200 moved 240$k to 500 '1675'
I, [2020-06-03T14:45:34.922557 #31092]  INFO -- : lab.rism: Source #840029202 moved 240$k to 500 '1675'
I, [2020-06-03T14:45:35.005342 #31092]  INFO -- : lab.rism: Source #840029204 moved 240$k to 500 '1675'
I, [2020-06-03T14:45:35.090139 #31092]  INFO -- : lab.rism: Source #840029205 moved 240$k to 500 '1675'
I, [2020-06-03T14:45:35.223211 #31092]  INFO -- : lab.rism: Source #840029207 moved 240$k to 500 '1675'
I, [2020-06-03T14:45:35.383506 #31092]  INFO -- : lab.rism: Source #840029208 moved 240$k to 500 '1675'
I, [2020-06-03T14:45:35.472404 #31092]  INFO -- : lab.rism: Source #840029211 moved 240$k to 500 '1675'
I, [2020-06-03T14:45:35.526185 #31092]  INFO -- : lab.rism: Source #840029212 moved 240$k to 500 '1675'
I, [2020-06-03T14:45:35.576079 #31092]  INFO -- : lab.rism: Source #840029213 moved 240$k to 500 '1675'
I, [2020-06-03T14:45:35.626218 #31092]  INFO -- : lab.rism: Source #840029214 moved 240$k to 500 '1675'
I, [2020-06-03T14:45:35.677207 #31092]  INFO -- : lab.rism: Source #840029216 moved 240$k to 500 '1675'
I, [2020-06-03T14:45:35.724620 #31092]  INFO -- : lab.rism: Source #840029217 moved 240$k to 500 '1675'
I, [2020-06-03T14:45:35.781328 #31092]  INFO -- : lab.rism: Source #840029218 moved 240$k to 500 '1675'
I, [2020-06-03T14:45:35.834129 #31092]  INFO -- : lab.rism: Source #840029219 moved 240$k to 500 '1675'
I, [2020-06-03T14:45:35.887897 #31092]  INFO -- : lab.rism: Source #840029220 moved 240$k to 500 '1675'
I, [2020-06-03T14:45:35.933779 #31092]  INFO -- : lab.rism: Source #840029222 moved 240$k to 500 '1675'
I, [2020-06-03T14:45:35.986635 #31092]  INFO -- : lab.rism: Source #840029225 moved 240$k to 500 '1675'
I, [2020-06-03T14:45:36.066163 #31092]  INFO -- : lab.rism: Source #840029226 moved 240$k to 500 '1675'
I, [2020-06-03T14:45:36.145585 #31092]  INFO -- : lab.rism: Source #840029227 moved 240$k to 500 '1675'
I, [2020-06-03T14:45:36.404675 #31092]  INFO -- : lab.rism: Source #840029228 moved 240$k to 500 '1675'
I, [2020-06-03T14:45:36.467921 #31092]  INFO -- : lab.rism: Source #840029229 moved 240$k to 500 '1675'
I, [2020-06-03T14:45:36.527486 #31092]  INFO -- : lab.rism: Source #840029231 moved 240$k to 500 '1675'
I, [2020-06-03T14:45:36.584569 #31092]  INFO -- : lab.rism: Source #840029232 moved 240$k to 500 '1675'
I, [2020-06-03T14:45:36.635744 #31092]  INFO -- : lab.rism: Source #840029233 moved 240$k to 500 '1675'
I, [2020-06-03T14:45:36.687473 #31092]  INFO -- : lab.rism: Source #840029241 moved 240$k to 500 '1675'
I, [2020-06-03T14:45:36.743343 #31092]  INFO -- : lab.rism: Source #840029243 moved 240$k to 500 '1675'
I, [2020-06-03T14:45:36.793598 #31092]  INFO -- : lab.rism: Source #840029245 moved 240$k to 500 '1675'
I, [2020-06-03T14:45:36.843199 #31092]  INFO -- : lab.rism: Source #840029246 moved 240$k to 500 '1675'
I, [2020-06-03T14:45:36.892238 #31092]  INFO -- : lab.rism: Source #840029247 moved 240$k to 500 '1675'
I, [2020-06-03T14:45:36.941195 #31092]  INFO -- : lab.rism: Source #840029250 moved 240$k to 500 '1675'
I, [2020-06-03T14:45:37.013578 #31092]  INFO -- : lab.rism: Source #840029251 moved 240$k to 500 '1675'
I, [2020-06-03T14:45:37.087669 #31092]  INFO -- : lab.rism: Source #840029254 moved 240$k to 500 '1675'
I, [2020-06-03T14:45:37.142738 #31092]  INFO -- : lab.rism: Source #840029258 moved 240$k to 500 '1675'
I, [2020-06-03T14:45:37.332694 #31092]  INFO -- : lab.rism: Source #840029259 moved 240$k to 500 '1675'
I, [2020-06-03T14:45:37.394771 #31092]  INFO -- : lab.rism: Source #840029260 moved 240$k to 500 '1675'
I, [2020-06-03T14:45:37.452374 #31092]  INFO -- : lab.rism: Source #840029261 moved 240$k to 500 '1675'
I, [2020-06-03T14:45:37.509686 #31092]  INFO -- : lab.rism: Source #840029880 moved 240$k to 500 '1657'
I, [2020-06-03T14:45:37.593015 #31092]  INFO -- : lab.rism: Source #840029881 moved 240$k to 500 '1657'
I, [2020-06-03T14:45:37.650346 #31092]  INFO -- : lab.rism: Source #840029882 moved 240$k to 500 '1657'
I, [2020-06-03T14:45:37.702237 #31092]  INFO -- : lab.rism: Source #840029883 moved 240$k to 500 '1657'
I, [2020-06-03T14:45:37.751084 #31092]  INFO -- : lab.rism: Source #840029884 moved 240$k to 500 '1657'
I, [2020-06-03T14:45:37.800909 #31092]  INFO -- : lab.rism: Source #840029885 moved 240$k to 500 '1657'
I, [2020-06-03T14:45:37.866822 #31092]  INFO -- : lab.rism: Source #840029886 moved 240$k to 500 '1657'
I, [2020-06-03T14:45:37.950684 #31092]  INFO -- : lab.rism: Source #840029887 moved 240$k to 500 '1657'
I, [2020-06-03T14:45:38.049355 #31092]  INFO -- : lab.rism: Source #840029888 moved 240$k to 500 '1657'
I, [2020-06-03T14:45:38.180011 #31092]  INFO -- : lab.rism: Source #840029889 moved 240$k to 500 '1657'
I, [2020-06-03T14:45:38.481032 #31092]  INFO -- : lab.rism: Source #840029890 moved 240$k to 500 '1657'
I, [2020-06-03T14:45:38.560703 #31092]  INFO -- : lab.rism: Source #840029891 moved 240$k to 500 '1657'
I, [2020-06-03T14:45:38.627237 #31092]  INFO -- : lab.rism: Source #840029892 moved 240$k to 500 '1657'
I, [2020-06-03T14:45:38.685310 #31092]  INFO -- : lab.rism: Source #840029893 moved 240$k to 500 '1657'
I, [2020-06-03T14:45:38.745400 #31092]  INFO -- : lab.rism: Source #840029894 moved 240$k to 500 '1657'
I, [2020-06-03T14:45:38.801940 #31092]  INFO -- : lab.rism: Source #840029895 moved 240$k to 500 '1657'
I, [2020-06-03T14:45:38.860144 #31092]  INFO -- : lab.rism: Source #840029896 moved 240$k to 500 '1657'
I, [2020-06-03T14:45:38.918601 #31092]  INFO -- : lab.rism: Source #840029897 moved 240$k to 500 '1657'
I, [2020-06-03T14:45:38.985603 #31092]  INFO -- : lab.rism: Source #840029898 moved 240$k to 500 '1657'
I, [2020-06-03T14:45:39.075886 #31092]  INFO -- : lab.rism: Source #840030383 moved 240$k to 500 '1689'
I, [2020-06-03T14:45:39.146363 #31092]  INFO -- : lab.rism: Source #840030384 moved 240$k to 500 '1689'
I, [2020-06-03T14:45:39.341118 #31092]  INFO -- : lab.rism: Source #840030385 moved 240$k to 500 '1689'
I, [2020-06-03T14:45:39.414622 #31092]  INFO -- : lab.rism: Source #840030386 moved 240$k to 500 '1689'
I, [2020-06-03T14:45:39.498672 #31092]  INFO -- : lab.rism: Source #840030388 moved 240$k to 500 '1689'
I, [2020-06-03T14:45:39.580113 #31092]  INFO -- : lab.rism: Source #840030389 moved 240$k to 500 '1689'
I, [2020-06-03T14:45:39.645756 #31092]  INFO -- : lab.rism: Source #840030390 moved 240$k to 500 '1689'
I, [2020-06-03T14:45:39.704040 #31092]  INFO -- : lab.rism: Source #840030391 moved 240$k to 500 '1689'
I, [2020-06-03T14:45:39.776074 #31092]  INFO -- : lab.rism: Source #840030393 moved 240$k to 500 '1662-1663'
I, [2020-06-03T14:45:39.849443 #31092]  INFO -- : lab.rism: Source #840030394 moved 240$k to 500 '1662-1663'
I, [2020-06-03T14:45:39.926048 #31092]  INFO -- : lab.rism: Source #840030395 moved 240$k to 500 '1662-1663'
I, [2020-06-03T14:45:40.031670 #31092]  INFO -- : lab.rism: Source #840030396 moved 240$k to 500 '1662-1663'
I, [2020-06-03T14:45:40.319273 #31092]  INFO -- : lab.rism: Source #840030397 moved 240$k to 500 '1662-1663'
I, [2020-06-03T14:45:40.494343 #31092]  INFO -- : lab.rism: Source #840030398 moved 240$k to 500 '1662-1663'
I, [2020-06-03T14:45:40.611816 #31092]  INFO -- : lab.rism: Source #840030399 moved 240$k to 500 '1662-1663'
I, [2020-06-03T14:45:40.712399 #31092]  INFO -- : lab.rism: Source #840030400 moved 240$k to 500 '1662-1663'
I, [2020-06-03T14:45:40.816790 #31092]  INFO -- : lab.rism: Source #840030401 moved 240$k to 500 '1662-1663'
I, [2020-06-03T14:45:40.959548 #31092]  INFO -- : lab.rism: Source #840030441 moved 240$k to 500 '1626'
I, [2020-06-03T14:45:41.085283 #31092]  INFO -- : lab.rism: Source #840030442 moved 240$k to 500 '1626'
I, [2020-06-03T14:45:41.251974 #31092]  INFO -- : lab.rism: Source #840030443 moved 240$k to 500 '1626'
I, [2020-06-03T14:45:41.617541 #31092]  INFO -- : lab.rism: Source #840030444 moved 240$k to 500 '1626'
I, [2020-06-03T14:45:41.726723 #31092]  INFO -- : lab.rism: Source #840030445 moved 240$k to 500 '1626'
I, [2020-06-03T14:45:41.846526 #31092]  INFO -- : lab.rism: Source #840030446 moved 240$k to 500 '1626'
I, [2020-06-03T14:45:41.937655 #31092]  INFO -- : lab.rism: Source #840030447 moved 240$k to 500 '1626'
I, [2020-06-03T14:45:42.097678 #31092]  INFO -- : lab.rism: Source #840030448 moved 240$k to 500 '1626'
I, [2020-06-03T14:45:42.540038 #31092]  INFO -- : lab.rism: Source #840030449 moved 240$k to 500 '1619'
I, [2020-06-03T14:45:42.626003 #31092]  INFO -- : lab.rism: Source #840030450 moved 240$k to 500 '1626'
I, [2020-06-03T14:45:42.691368 #31092]  INFO -- : lab.rism: Source #840030451 moved 240$k to 500 '1626'
I, [2020-06-03T14:45:42.758571 #31092]  INFO -- : lab.rism: Source #840030452 moved 240$k to 500 '1626'
I, [2020-06-03T14:45:42.817272 #31092]  INFO -- : lab.rism: Source #840030453 moved 240$k to 500 '1626'
I, [2020-06-03T14:45:42.875144 #31092]  INFO -- : lab.rism: Source #840030457 moved 240$k to 500 '1626'
I, [2020-06-03T14:45:42.923065 #31092]  INFO -- : lab.rism: Source #840030458 moved 240$k to 500 '1626'
I, [2020-06-03T14:45:42.972628 #31092]  INFO -- : lab.rism: Source #840030459 moved 240$k to 500 '1626'
I, [2020-06-03T14:45:43.021952 #31092]  INFO -- : lab.rism: Source #840030461 moved 240$k to 500 '1626'
I, [2020-06-03T14:45:43.085701 #31092]  INFO -- : lab.rism: Source #840030462 moved 240$k to 500 '1626'
I, [2020-06-03T14:45:43.337931 #31092]  INFO -- : lab.rism: Source #840030465 moved 240$k to 500 '1619'
I, [2020-06-03T14:45:43.399701 #31092]  INFO -- : lab.rism: Source #840030467 moved 240$k to 500 '1626'
I, [2020-06-03T14:45:43.457476 #31092]  INFO -- : lab.rism: Source #840030468 moved 240$k to 500 '1626'
I, [2020-06-03T14:45:43.507382 #31092]  INFO -- : lab.rism: Source #840030469 moved 240$k to 500 '1626'
I, [2020-06-03T14:45:43.559341 #31092]  INFO -- : lab.rism: Source #840030470 moved 240$k to 500 '1626'
I, [2020-06-03T14:45:43.632097 #31092]  INFO -- : lab.rism: Source #840031049 moved 240$k to 500 '1675'
I, [2020-06-03T14:45:43.705596 #31092]  INFO -- : lab.rism: Source #840031147 moved 240$k to 500 '1668'
I, [2020-06-03T14:45:43.819506 #31092]  INFO -- : lab.rism: Source #840031212 moved 240$k to 500 '1675'
I, [2020-06-04T10:10:29.058952 #10190]  INFO -- : lab.rism: Size of collection --> 222
I, [2020-06-04T10:12:06.847308 #10190]  INFO -- : lab.rism: Source #840020739 moved 240$k to 500 'Excerpts'
I, [2020-06-04T10:12:50.469042 #10190]  INFO -- : lab.rism: Source #840030322 moved 240$k to 500 'Excerpts'
I, [2020-06-04T10:12:52.493407 #10190]  INFO -- : lab.rism: Source #840030323 moved 240$k to 500 'Excerpts'
I, [2020-06-04T10:13:14.102628 #10713]  INFO -- : lab.rism: Size of collection --> 222
I, [2020-06-04T10:13:38.363126 #10713]  INFO -- : lab.rism: Source #840020739 moved 240$k to 500 'Excerpts'
I, [2020-06-04T10:13:40.891762 #10713]  INFO -- : lab.rism: Source #840030322 moved 240$k to 500 'Excerpts'
I, [2020-06-04T10:13:45.243806 #10713]  INFO -- : lab.rism: Source #840030323 moved 240$k to 500 'Excerpts'
I, [2020-06-04T10:13:50.324720 #10861]  INFO -- : lab.rism: Size of collection --> 222
I, [2020-06-04T10:14:41.747444 #10861]  INFO -- : lab.rism: Source #840020739 moved 240$k to 500 'Excerpts'
I, [2020-06-04T10:14:43.427578 #10861]  INFO -- : lab.rism: Source #840030322 moved 240$k to 500 'Excerpts'
I, [2020-06-04T10:14:46.300723 #10861]  INFO -- : lab.rism: Source #840030323 moved 240$k to 500 'Excerpts'
I, [2020-06-04T10:16:19.760013 #11358]  INFO -- : lab.rism: Size of collection --> 222
I, [2020-06-04T10:16:47.715875 #11358]  INFO -- : lab.rism: Source #840020739 moved 240$k to 500 'Excerpts'
I, [2020-06-04T10:16:48.828114 #11358]  INFO -- : lab.rism: Source #840030322 moved 240$k to 500 'Excerpts'
I, [2020-06-04T10:16:49.482606 #11358]  INFO -- : lab.rism: Source #840030323 moved 240$k to 500 'Excerpts'
I, [2020-06-04T10:19:15.446728 #11961]  INFO -- : lab.rism: Size of collection --> 222
I, [2020-06-04T10:20:34.516610 #12243]  INFO -- : lab.rism: Size of collection --> 222
I, [2020-06-10T15:41:22.058562 #5079]  INFO -- : lab.rism: Size of collection --> 222
I, [2020-06-10T15:41:22.242421 #5079]  INFO -- : lab.rism: Source #840011277 moved 240$k to 500 '1791'
I, [2020-06-10T15:41:22.475483 #5079]  INFO -- : lab.rism: Source #840011601 moved 240$k to 500 '1739'
I, [2020-06-10T15:41:22.563929 #5079]  INFO -- : lab.rism: Source #840011603 moved 240$k to 500 '1739'
I, [2020-06-10T15:41:22.654352 #5079]  INFO -- : lab.rism: Source #840011619 moved 240$k to 500 '1738'
I, [2020-06-10T15:41:22.733258 #5079]  INFO -- : lab.rism: Source #840011620 moved 240$k to 500 '1738'
I, [2020-06-10T15:41:22.807903 #5079]  INFO -- : lab.rism: Source #840011621 moved 240$k to 500 '1746'
I, [2020-06-10T15:41:22.890057 #5079]  INFO -- : lab.rism: Source #840011622 moved 240$k to 500 '1746'
I, [2020-06-10T15:41:22.983646 #5079]  INFO -- : lab.rism: Source #840011623 moved 240$k to 500 '1746'
I, [2020-06-10T15:41:23.118457 #5079]  INFO -- : lab.rism: Source #840011880 moved 240$k to 500 '1750'
I, [2020-06-10T15:41:23.207418 #5079]  INFO -- : lab.rism: Source #840011887 moved 240$k to 500 '1708'
I, [2020-06-10T15:41:23.291446 #5079]  INFO -- : lab.rism: Source #840011895 moved 240$k to 500 '1750'
I, [2020-06-10T15:41:23.354889 #5079]  INFO -- : lab.rism: Source #840011920 moved 240$k to 500 '1753'
I, [2020-06-10T15:41:23.437363 #5079]  INFO -- : lab.rism: Source #840011921 moved 240$k to 500 '1742'
I, [2020-06-10T15:41:23.514131 #5079]  INFO -- : lab.rism: Source #840011924 moved 240$k to 500 '1751'
I, [2020-06-10T15:41:23.587160 #5079]  INFO -- : lab.rism: Source #840013801 moved 240$k to 500 '1800'
I, [2020-06-10T15:41:23.704898 #5079]  INFO -- : lab.rism: Source #840013802 moved 240$k to 500 '1800'
I, [2020-06-10T15:41:24.004171 #5079]  INFO -- : lab.rism: Source #840014349 moved 240$k to 500 '1750'
I, [2020-06-10T15:41:24.096892 #5079]  INFO -- : lab.rism: Source #840014366 moved 240$k to 500 '1742'
I, [2020-06-10T15:41:24.156980 #5079]  INFO -- : lab.rism: Source #840014392 moved 240$k to 500 '1743'
I, [2020-06-10T15:41:24.220475 #5079]  INFO -- : lab.rism: Source #840014412 moved 240$k to 500 '1750'
I, [2020-06-10T15:41:24.283127 #5079]  INFO -- : lab.rism: Source #840014417 moved 240$k to 500 '1739'
I, [2020-06-10T15:41:24.336823 #5079]  INFO -- : lab.rism: Source #840014447 moved 240$k to 500 '1750'
I, [2020-06-10T15:41:24.396818 #5079]  INFO -- : lab.rism: Source #840014582 moved 240$k to 500 '1738'
I, [2020-06-10T15:41:24.455208 #5079]  INFO -- : lab.rism: Source #840014591 moved 240$k to 500 '1742'
I, [2020-06-10T15:41:24.513347 #5079]  INFO -- : lab.rism: Source #840014635 moved 240$k to 500 'juillet 1840'
I, [2020-06-10T15:41:24.582968 #5079]  INFO -- : lab.rism: Source #840014884 moved 240$k to 500 '1770'
I, [2020-06-10T15:41:24.638359 #5079]  INFO -- : lab.rism: Source #840015820 moved 240$k to 500 '1824'
I, [2020-06-10T15:41:24.683482 #5079]  INFO -- : lab.rism: Source #840016948 moved 240$k to 500 '1758'
I, [2020-06-10T15:41:24.751832 #5079]  INFO -- : lab.rism: Source #840018539 moved 240$k to 500 '1737'
I, [2020-06-10T15:41:25.078673 #5079]  INFO -- : lab.rism: Source #840021502 moved 240$k to 500 '1697'
I, [2020-06-10T15:41:25.226213 #5079]  INFO -- : lab.rism: Source #840021721 moved 240$k to 500 '1668'
I, [2020-06-10T15:41:25.310903 #5079]  INFO -- : lab.rism: Source #840021778 moved 240$k to 500 '1663'
I, [2020-06-10T15:41:25.390645 #5079]  INFO -- : lab.rism: Source #840021799 moved 240$k to 500 '1819'
I, [2020-06-10T15:41:25.467082 #5079]  INFO -- : lab.rism: Source #840023190 moved 240$k to 500 '1698'
I, [2020-06-10T15:41:25.531938 #5079]  INFO -- : lab.rism: Source #840023191 moved 240$k to 500 '1698'
I, [2020-06-10T15:41:25.582952 #5079]  INFO -- : lab.rism: Source #840023192 moved 240$k to 500 '1698'
I, [2020-06-10T15:41:25.632380 #5079]  INFO -- : lab.rism: Source #840023193 moved 240$k to 500 '1698'
I, [2020-06-10T15:41:25.674371 #5079]  INFO -- : lab.rism: Source #840023194 moved 240$k to 500 '1698'
I, [2020-06-10T15:41:25.721308 #5079]  INFO -- : lab.rism: Source #840023195 moved 240$k to 500 '1698'
I, [2020-06-10T15:41:25.861434 #5079]  INFO -- : lab.rism: Source #840023196 moved 240$k to 500 '1698'
I, [2020-06-10T15:41:26.001901 #5079]  INFO -- : lab.rism: Source #840023197 moved 240$k to 500 '1698'
I, [2020-06-10T15:41:26.088974 #5079]  INFO -- : lab.rism: Source #840023198 moved 240$k to 500 '1698'
I, [2020-06-10T15:41:26.164805 #5079]  INFO -- : lab.rism: Source #840023199 moved 240$k to 500 '1698'
I, [2020-06-10T15:41:26.225576 #5079]  INFO -- : lab.rism: Source #840023200 moved 240$k to 500 '1698'
I, [2020-06-10T15:41:26.284026 #5079]  INFO -- : lab.rism: Source #840023201 moved 240$k to 500 '1698'
I, [2020-06-10T15:41:26.350015 #5079]  INFO -- : lab.rism: Source #840023202 moved 240$k to 500 '1698'
I, [2020-06-10T15:41:26.408131 #5079]  INFO -- : lab.rism: Source #840023203 moved 240$k to 500 '1698'
I, [2020-06-10T15:41:26.463877 #5079]  INFO -- : lab.rism: Source #840023204 moved 240$k to 500 '1698'
I, [2020-06-10T15:41:26.516563 #5079]  INFO -- : lab.rism: Source #840023205 moved 240$k to 500 '1698'
I, [2020-06-10T15:41:26.568259 #5079]  INFO -- : lab.rism: Source #840023206 moved 240$k to 500 '1698'
I, [2020-06-10T15:41:26.616363 #5079]  INFO -- : lab.rism: Source #840023207 moved 240$k to 500 '1698'
I, [2020-06-10T15:41:26.666460 #5079]  INFO -- : lab.rism: Source #840023208 moved 240$k to 500 '1698'
I, [2020-06-10T15:41:26.787374 #5079]  INFO -- : lab.rism: Source #840023209 moved 240$k to 500 '1698'
I, [2020-06-10T15:41:26.874657 #5079]  INFO -- : lab.rism: Source #840023210 moved 240$k to 500 '1698'
I, [2020-06-10T15:41:26.991339 #5079]  INFO -- : lab.rism: Source #840023211 moved 240$k to 500 '1698'
I, [2020-06-10T15:41:27.131615 #5079]  INFO -- : lab.rism: Source #840023212 moved 240$k to 500 '1698'
I, [2020-06-10T15:41:27.454286 #5079]  INFO -- : lab.rism: Source #840023213 moved 240$k to 500 '1698'
I, [2020-06-10T15:41:27.596256 #5079]  INFO -- : lab.rism: Source #840023356 moved 240$k to 500 '1783'
I, [2020-06-10T15:41:27.664917 #5079]  INFO -- : lab.rism: Source #840023357 moved 240$k to 500 '1783'
I, [2020-06-10T15:41:27.788317 #5079]  INFO -- : lab.rism: Source #840023358 moved 240$k to 500 '1784?'
I, [2020-06-10T15:41:27.875986 #5079]  INFO -- : lab.rism: Source #840023359 moved 240$k to 500 '1784?'
I, [2020-06-10T15:41:27.955009 #5079]  INFO -- : lab.rism: Source #840023360 moved 240$k to 500 '1784?'
I, [2020-06-10T15:41:28.044411 #5079]  INFO -- : lab.rism: Source #840023361 moved 240$k to 500 '1789'
I, [2020-06-10T15:41:28.170828 #5079]  INFO -- : lab.rism: Source #840023362 moved 240$k to 500 '1789'
I, [2020-06-10T15:41:28.259844 #5079]  INFO -- : lab.rism: Source #840023363 moved 240$k to 500 '1789'
I, [2020-06-10T15:41:28.333483 #5079]  INFO -- : lab.rism: Source #840023364 moved 240$k to 500 '1789'
I, [2020-06-10T15:41:28.404641 #5079]  INFO -- : lab.rism: Source #840023365 moved 240$k to 500 '1789'
I, [2020-06-10T15:41:28.474330 #5079]  INFO -- : lab.rism: Source #840023366 moved 240$k to 500 '1789'
I, [2020-06-10T15:41:28.591157 #5079]  INFO -- : lab.rism: Source #840023367 moved 240$k to 500 '1791'
I, [2020-06-10T15:41:28.675575 #5079]  INFO -- : lab.rism: Source #840023368 moved 240$k to 500 '1791'
I, [2020-06-10T15:41:28.739333 #5079]  INFO -- : lab.rism: Source #840023369 moved 240$k to 500 '1791'
I, [2020-06-10T15:41:28.821346 #5079]  INFO -- : lab.rism: Source #840023370 moved 240$k to 500 '1791'
I, [2020-06-10T15:41:28.891369 #5079]  INFO -- : lab.rism: Source #840023371 moved 240$k to 500 '1791'
I, [2020-06-10T15:41:28.957000 #5079]  INFO -- : lab.rism: Source #840023372 moved 240$k to 500 '1791'
I, [2020-06-10T15:41:29.044656 #5079]  INFO -- : lab.rism: Source #840023387 moved 240$k to 500 '1793'
I, [2020-06-10T15:41:29.159426 #5079]  INFO -- : lab.rism: Source #840023412 moved 240$k to 500 '1787'
I, [2020-06-10T15:41:29.228481 #5079]  INFO -- : lab.rism: Source #840023413 moved 240$k to 500 '1787'
I, [2020-06-10T15:41:29.278081 #5079]  INFO -- : lab.rism: Source #840023414 moved 240$k to 500 '1788'
I, [2020-06-10T15:41:29.345118 #5079]  INFO -- : lab.rism: Source #840023415 moved 240$k to 500 '1788'
I, [2020-06-10T15:41:29.401556 #5079]  INFO -- : lab.rism: Source #840024438 moved 240$k to 500 '1762'
I, [2020-06-10T15:41:29.482882 #5079]  INFO -- : lab.rism: Source #840024688 moved 240$k to 500 '1769'
I, [2020-06-10T15:41:29.553443 #5079]  INFO -- : lab.rism: Source #840024985 moved 240$k to 500 '1675'
I, [2020-06-10T15:41:29.632382 #5079]  INFO -- : lab.rism: Source #840025005 moved 240$k to 500 '1675'
I, [2020-06-10T15:41:29.769070 #5079]  INFO -- : lab.rism: Source #840025026 moved 240$k to 500 '1675'
I, [2020-06-10T15:41:29.873712 #5079]  INFO -- : lab.rism: Source #840025027 moved 240$k to 500 '1668'
I, [2020-06-10T15:41:29.940335 #5079]  INFO -- : lab.rism: Source #840025053 moved 240$k to 500 '1737'
I, [2020-06-10T15:41:30.007984 #5079]  INFO -- : lab.rism: Source #840025054 moved 240$k to 500 '1737'
I, [2020-06-10T15:41:30.094744 #5079]  INFO -- : lab.rism: Source #840025442 moved 240$k to 500 '1660'
I, [2020-06-10T15:41:30.218420 #5079]  INFO -- : lab.rism: Source #840026196 moved 240$k to 500 '1776'
I, [2020-06-10T15:41:30.320094 #5079]  INFO -- : lab.rism: Source #840026197 moved 240$k to 500 '1776'
I, [2020-06-10T15:41:30.389434 #5079]  INFO -- : lab.rism: Source #840026198 moved 240$k to 500 '1776'
I, [2020-06-10T15:41:30.459107 #5079]  INFO -- : lab.rism: Source #840026199 moved 240$k to 500 '1776'
I, [2020-06-10T15:41:30.591709 #5079]  INFO -- : lab.rism: Source #840026545 moved 240$k to 500 '1737'
I, [2020-06-10T15:41:30.698504 #5079]  INFO -- : lab.rism: Source #840027057 moved 240$k to 500 '1756'
I, [2020-06-10T15:41:30.885713 #5079]  INFO -- : lab.rism: Source #840029195 moved 240$k to 500 '1675'
I, [2020-06-10T15:41:30.963268 #5079]  INFO -- : lab.rism: Source #840029196 moved 240$k to 500 '1675'
I, [2020-06-10T15:41:31.012077 #5079]  INFO -- : lab.rism: Source #840029197 moved 240$k to 500 '1675'
I, [2020-06-10T15:41:31.081344 #5079]  INFO -- : lab.rism: Source #840029198 moved 240$k to 500 '1675'
I, [2020-06-10T15:41:31.133288 #5079]  INFO -- : lab.rism: Source #840029199 moved 240$k to 500 '1675'
I, [2020-06-10T15:41:31.226509 #5079]  INFO -- : lab.rism: Source #840029200 moved 240$k to 500 '1675'
I, [2020-06-10T15:41:31.342033 #5079]  INFO -- : lab.rism: Source #840029202 moved 240$k to 500 '1675'
I, [2020-06-10T15:41:31.413239 #5079]  INFO -- : lab.rism: Source #840029204 moved 240$k to 500 '1675'
I, [2020-06-10T15:41:31.483908 #5079]  INFO -- : lab.rism: Source #840029205 moved 240$k to 500 '1675'
I, [2020-06-10T15:41:31.606166 #5079]  INFO -- : lab.rism: Source #840029207 moved 240$k to 500 '1675'
I, [2020-06-10T15:41:31.720293 #5079]  INFO -- : lab.rism: Source #840029208 moved 240$k to 500 '1675'
I, [2020-06-10T15:41:31.830295 #5079]  INFO -- : lab.rism: Source #840029211 moved 240$k to 500 '1675'
I, [2020-06-10T15:41:32.008259 #5079]  INFO -- : lab.rism: Source #840029212 moved 240$k to 500 '1675'
I, [2020-06-10T15:41:32.165048 #5079]  INFO -- : lab.rism: Source #840029213 moved 240$k to 500 '1675'
I, [2020-06-10T15:41:32.384350 #5079]  INFO -- : lab.rism: Source #840029214 moved 240$k to 500 '1675'
I, [2020-06-10T15:41:32.501922 #5079]  INFO -- : lab.rism: Source #840029216 moved 240$k to 500 '1675'
I, [2020-06-10T15:41:32.617478 #5079]  INFO -- : lab.rism: Source #840029217 moved 240$k to 500 '1675'
I, [2020-06-10T15:41:32.699904 #5079]  INFO -- : lab.rism: Source #840029218 moved 240$k to 500 '1675'
I, [2020-06-10T15:41:32.866745 #5079]  INFO -- : lab.rism: Source #840029219 moved 240$k to 500 '1675'
I, [2020-06-10T15:41:32.967350 #5079]  INFO -- : lab.rism: Source #840029220 moved 240$k to 500 '1675'
I, [2020-06-10T15:41:33.105684 #5079]  INFO -- : lab.rism: Source #840029222 moved 240$k to 500 '1675'
I, [2020-06-10T15:41:33.190275 #5079]  INFO -- : lab.rism: Source #840029225 moved 240$k to 500 '1675'
I, [2020-06-10T15:41:33.256725 #5079]  INFO -- : lab.rism: Source #840029226 moved 240$k to 500 '1675'
I, [2020-06-10T15:41:33.314895 #5079]  INFO -- : lab.rism: Source #840029227 moved 240$k to 500 '1675'
I, [2020-06-10T15:41:33.381604 #5079]  INFO -- : lab.rism: Source #840029228 moved 240$k to 500 '1675'
I, [2020-06-10T15:41:33.443823 #5079]  INFO -- : lab.rism: Source #840029229 moved 240$k to 500 '1675'
I, [2020-06-10T15:41:33.502435 #5079]  INFO -- : lab.rism: Source #840029231 moved 240$k to 500 '1675'
I, [2020-06-10T15:41:33.555332 #5079]  INFO -- : lab.rism: Source #840029232 moved 240$k to 500 '1675'
I, [2020-06-10T15:41:33.610211 #5079]  INFO -- : lab.rism: Source #840029233 moved 240$k to 500 '1675'
I, [2020-06-10T15:41:33.659905 #5079]  INFO -- : lab.rism: Source #840029241 moved 240$k to 500 '1675'
I, [2020-06-10T15:41:33.713326 #5079]  INFO -- : lab.rism: Source #840029243 moved 240$k to 500 '1675'
I, [2020-06-10T15:41:33.817194 #5079]  INFO -- : lab.rism: Source #840029245 moved 240$k to 500 '1675'
I, [2020-06-10T15:41:33.890144 #5079]  INFO -- : lab.rism: Source #840029246 moved 240$k to 500 '1675'
I, [2020-06-10T15:41:33.948337 #5079]  INFO -- : lab.rism: Source #840029247 moved 240$k to 500 '1675'
I, [2020-06-10T15:41:34.005522 #5079]  INFO -- : lab.rism: Source #840029250 moved 240$k to 500 '1675'
I, [2020-06-10T15:41:34.079798 #5079]  INFO -- : lab.rism: Source #840029251 moved 240$k to 500 '1675'
I, [2020-06-10T15:41:34.143728 #5079]  INFO -- : lab.rism: Source #840029254 moved 240$k to 500 '1675'
I, [2020-06-10T15:41:34.196852 #5079]  INFO -- : lab.rism: Source #840029258 moved 240$k to 500 '1675'
I, [2020-06-10T15:41:34.292723 #5079]  INFO -- : lab.rism: Source #840029259 moved 240$k to 500 '1675'
I, [2020-06-10T15:41:34.362699 #5079]  INFO -- : lab.rism: Source #840029260 moved 240$k to 500 '1675'
I, [2020-06-10T15:41:34.422932 #5079]  INFO -- : lab.rism: Source #840029261 moved 240$k to 500 '1675'
I, [2020-06-10T15:41:34.484811 #5079]  INFO -- : lab.rism: Source #840029880 moved 240$k to 500 '1657'
I, [2020-06-10T15:41:34.573846 #5079]  INFO -- : lab.rism: Source #840029881 moved 240$k to 500 '1657'
I, [2020-06-10T15:41:34.641082 #5079]  INFO -- : lab.rism: Source #840029882 moved 240$k to 500 '1657'
I, [2020-06-10T15:41:34.694707 #5079]  INFO -- : lab.rism: Source #840029883 moved 240$k to 500 '1657'
I, [2020-06-10T15:41:34.810618 #5079]  INFO -- : lab.rism: Source #840029884 moved 240$k to 500 '1657'
I, [2020-06-10T15:41:34.916084 #5079]  INFO -- : lab.rism: Source #840029885 moved 240$k to 500 '1657'
I, [2020-06-10T15:41:34.983452 #5079]  INFO -- : lab.rism: Source #840029886 moved 240$k to 500 '1657'
I, [2020-06-10T15:41:35.069767 #5079]  INFO -- : lab.rism: Source #840029887 moved 240$k to 500 '1657'
I, [2020-06-10T15:41:35.197185 #5079]  INFO -- : lab.rism: Source #840029888 moved 240$k to 500 '1657'
I, [2020-06-10T15:41:35.276755 #5079]  INFO -- : lab.rism: Source #840029889 moved 240$k to 500 '1657'
I, [2020-06-10T15:41:35.341924 #5079]  INFO -- : lab.rism: Source #840029890 moved 240$k to 500 '1657'
I, [2020-06-10T15:41:35.404854 #5079]  INFO -- : lab.rism: Source #840029891 moved 240$k to 500 '1657'
I, [2020-06-10T15:41:35.466392 #5079]  INFO -- : lab.rism: Source #840029892 moved 240$k to 500 '1657'
I, [2020-06-10T15:41:35.545582 #5079]  INFO -- : lab.rism: Source #840029893 moved 240$k to 500 '1657'
I, [2020-06-10T15:41:35.607592 #5079]  INFO -- : lab.rism: Source #840029894 moved 240$k to 500 '1657'
I, [2020-06-10T15:41:35.661682 #5079]  INFO -- : lab.rism: Source #840029895 moved 240$k to 500 '1657'
I, [2020-06-10T15:41:35.719817 #5079]  INFO -- : lab.rism: Source #840029896 moved 240$k to 500 '1657'
I, [2020-06-10T15:41:35.871676 #5079]  INFO -- : lab.rism: Source #840029897 moved 240$k to 500 '1657'
I, [2020-06-10T15:41:35.955596 #5079]  INFO -- : lab.rism: Source #840029898 moved 240$k to 500 '1657'
I, [2020-06-10T15:41:36.087102 #5079]  INFO -- : lab.rism: Source #840030383 moved 240$k to 500 '1689'
I, [2020-06-10T15:41:36.187124 #5079]  INFO -- : lab.rism: Source #840030384 moved 240$k to 500 '1689'
I, [2020-06-10T15:41:36.266060 #5079]  INFO -- : lab.rism: Source #840030385 moved 240$k to 500 '1689'
I, [2020-06-10T15:41:36.390346 #5079]  INFO -- : lab.rism: Source #840030386 moved 240$k to 500 '1689'
I, [2020-06-10T15:41:36.474786 #5079]  INFO -- : lab.rism: Source #840030388 moved 240$k to 500 '1689'
I, [2020-06-10T15:41:36.548014 #5079]  INFO -- : lab.rism: Source #840030389 moved 240$k to 500 '1689'
I, [2020-06-10T15:41:36.617539 #5079]  INFO -- : lab.rism: Source #840030390 moved 240$k to 500 '1689'
I, [2020-06-10T15:41:36.683775 #5079]  INFO -- : lab.rism: Source #840030391 moved 240$k to 500 '1689'
I, [2020-06-10T15:41:36.753418 #5079]  INFO -- : lab.rism: Source #840030393 moved 240$k to 500 '1662-1663'
I, [2020-06-10T15:41:36.894260 #5079]  INFO -- : lab.rism: Source #840030394 moved 240$k to 500 '1662-1663'
I, [2020-06-10T15:41:36.989027 #5079]  INFO -- : lab.rism: Source #840030395 moved 240$k to 500 '1662-1663'
I, [2020-06-10T15:41:37.080938 #5079]  INFO -- : lab.rism: Source #840030396 moved 240$k to 500 '1662-1663'
I, [2020-06-10T15:41:37.216406 #5079]  INFO -- : lab.rism: Source #840030397 moved 240$k to 500 '1662-1663'
I, [2020-06-10T15:41:37.369116 #5079]  INFO -- : lab.rism: Source #840030398 moved 240$k to 500 '1662-1663'
I, [2020-06-10T15:41:37.452824 #5079]  INFO -- : lab.rism: Source #840030399 moved 240$k to 500 '1662-1663'
I, [2020-06-10T15:41:37.529117 #5079]  INFO -- : lab.rism: Source #840030400 moved 240$k to 500 '1662-1663'
I, [2020-06-10T15:41:37.600551 #5079]  INFO -- : lab.rism: Source #840030401 moved 240$k to 500 '1662-1663'
I, [2020-06-10T15:41:37.666237 #5079]  INFO -- : lab.rism: Source #840030441 moved 240$k to 500 '1626'
I, [2020-06-10T15:41:37.727523 #5079]  INFO -- : lab.rism: Source #840030442 moved 240$k to 500 '1626'
I, [2020-06-10T15:41:37.797192 #5079]  INFO -- : lab.rism: Source #840030443 moved 240$k to 500 '1626'
I, [2020-06-10T15:41:37.919427 #5079]  INFO -- : lab.rism: Source #840030444 moved 240$k to 500 '1626'
I, [2020-06-10T15:41:37.994351 #5079]  INFO -- : lab.rism: Source #840030445 moved 240$k to 500 '1626'
I, [2020-06-10T15:41:38.076421 #5079]  INFO -- : lab.rism: Source #840030446 moved 240$k to 500 '1626'
I, [2020-06-10T15:41:38.180340 #5079]  INFO -- : lab.rism: Source #840030447 moved 240$k to 500 '1626'
I, [2020-06-10T15:41:38.249655 #5079]  INFO -- : lab.rism: Source #840030448 moved 240$k to 500 '1626'
I, [2020-06-10T15:41:38.314749 #5079]  INFO -- : lab.rism: Source #840030449 moved 240$k to 500 '1619'
I, [2020-06-10T15:41:38.382516 #5079]  INFO -- : lab.rism: Source #840030450 moved 240$k to 500 '1626'
I, [2020-06-10T15:41:38.448361 #5079]  INFO -- : lab.rism: Source #840030451 moved 240$k to 500 '1626'
I, [2020-06-10T15:41:38.561168 #5079]  INFO -- : lab.rism: Source #840030452 moved 240$k to 500 '1626'
I, [2020-06-10T15:41:38.633623 #5079]  INFO -- : lab.rism: Source #840030453 moved 240$k to 500 '1626'
I, [2020-06-10T15:41:38.695413 #5079]  INFO -- : lab.rism: Source #840030457 moved 240$k to 500 '1626'
I, [2020-06-10T15:41:38.753495 #5079]  INFO -- : lab.rism: Source #840030458 moved 240$k to 500 '1626'
I, [2020-06-10T15:41:38.828778 #5079]  INFO -- : lab.rism: Source #840030459 moved 240$k to 500 '1626'
I, [2020-06-10T15:41:38.945125 #5079]  INFO -- : lab.rism: Source #840030461 moved 240$k to 500 '1626'
I, [2020-06-10T15:41:39.027712 #5079]  INFO -- : lab.rism: Source #840030462 moved 240$k to 500 '1626'
I, [2020-06-10T15:41:39.110489 #5079]  INFO -- : lab.rism: Source #840030465 moved 240$k to 500 '1619'
I, [2020-06-10T15:41:39.170746 #5079]  INFO -- : lab.rism: Source #840030467 moved 240$k to 500 '1626'
I, [2020-06-10T15:41:39.232154 #5079]  INFO -- : lab.rism: Source #840030468 moved 240$k to 500 '1626'
I, [2020-06-10T15:41:39.291749 #5079]  INFO -- : lab.rism: Source #840030469 moved 240$k to 500 '1626'
I, [2020-06-10T15:41:39.368764 #5079]  INFO -- : lab.rism: Source #840030470 moved 240$k to 500 '1626'
I, [2020-06-10T15:41:39.453807 #5079]  INFO -- : lab.rism: Source #840031049 moved 240$k to 500 '1675'
I, [2020-06-10T15:41:39.624098 #5079]  INFO -- : lab.rism: Source #840031147 moved 240$k to 500 '1668'
I, [2020-06-10T15:41:39.739855 #5079]  INFO -- : lab.rism: Source #840031212 moved 240$k to 500 '1675'
