# Logfile created on 2020-05-15 13:19:52 +0200 by logger.rb/56815
I, [2020-05-15T13:20:54.953604 #16757]  INFO -- : lab.rism: Size of collection --> 20202
I, [2020-05-15T13:21:30.368514 #16757]  INFO -- : lab.rism: Source #840010064 300$c: '[0;33;49m30,5 x 24 cm et 27 x 21 cm[0m' => '[0;32;49m30,5 x 24 cm and 27 x 21 cm[0m'
I, [2020-05-15T13:21:31.572650 #16757]  INFO -- : lab.rism: Source #840010081 300$c: '[0;33;49m29 x 23 cm et 23 x 29 cm[0m' => '[0;32;49m29 x 23 cm and 23 x 29 cm[0m'
I, [2020-05-15T13:21:32.283042 #16757]  INFO -- : lab.rism: Source #840010131 300$c: '[0;33;49m23 x 30 cm et 30 x 23 cm[0m' => '[0;32;49m23 x 30 cm and 30 x 23 cm[0m'
I, [2020-05-15T13:21:32.502313 #16757]  INFO -- : lab.rism: Source #840010134 300$c: '[0;33;49m30 x 23 cm et 27,5 x 21,5 cm[0m' => '[0;32;49m30 x 23 cm and 27,5 x 21,5 cm[0m'
I, [2020-05-15T13:21:33.107956 #16757]  INFO -- : lab.rism: Source #840010188 300$c: '[0;33;49m29,5 x 22,5 cm et 20 x 26,5 cm[0m' => '[0;32;49m29,5 x 22,5 cm and 20 x 26,5 cm[0m'
I, [2020-05-15T13:21:33.270782 #16757]  INFO -- : lab.rism: Source #840010192 300$c: '[0;33;49m19,5 x 26 cm et 29 x 22,5 cm[0m' => '[0;32;49m19,5 x 26 cm and 29 x 22,5 cm[0m'
I, [2020-05-15T13:21:33.355285 #16757]  INFO -- : lab.rism: Source #840010193 300$c: '[0;33;49m19,5 x 26 cm et 29 x 22,5 cm[0m' => '[0;32;49m19,5 x 26 cm and 29 x 22,5 cm[0m'
I, [2020-05-15T13:21:33.479943 #16757]  INFO -- : lab.rism: Source #840010196 300$c: '[0;33;49m21 x 27 cm et 30 x 22,5 cm[0m' => '[0;32;49m21 x 27 cm and 30 x 22,5 cm[0m'
I, [2020-05-15T13:21:33.588250 #16757]  INFO -- : lab.rism: Source #840010199 300$c: '[0;33;49m20 x 27 cm et 30 x 23 cm[0m' => '[0;32;49m20 x 27 cm and 30 x 23 cm[0m'
I, [2020-05-15T13:21:33.710721 #16757]  INFO -- : lab.rism: Source #840010206 300$c: '[0;33;49m20 x 25,5 et 29 x 23 cm[0m' => '[0;32;49m20 x 25,5 and 29 x 23 cm[0m'
I, [2020-05-15T13:21:33.825963 #16757]  INFO -- : lab.rism: Source #840010210 300$c: '[0;33;49m20 x 26,5 et 30 x 22,5 cm[0m' => '[0;32;49m20 x 26,5 and 30 x 22,5 cm[0m'
I, [2020-05-15T13:21:33.955331 #16757]  INFO -- : lab.rism: Source #840010211 300$c: '[0;33;49m20 x 26,5 cm et 30 x 23 cm[0m' => '[0;32;49m20 x 26,5 cm and 30 x 23 cm[0m'
I, [2020-05-15T13:21:34.130050 #16757]  INFO -- : lab.rism: Source #840010218 300$c: '[0;33;49m20,5 x 26,5 et 30,5 x 23 cm[0m' => '[0;32;49m20,5 x 26,5 and 30,5 x 23 cm[0m'
I, [2020-05-15T13:21:34.486406 #16757]  INFO -- : lab.rism: Source #840010242 300$c: '[0;33;49m31 x 23 cm et 21,5 x 27,5 cm[0m' => '[0;32;49m31 x 23 cm and 21,5 x 27,5 cm[0m'
I, [2020-05-15T13:21:34.642583 #16757]  INFO -- : lab.rism: Source #840010247 300$c: '[0;33;49m21,5 x 27,5 cm et 29,8 x 23 cm[0m' => '[0;32;49m21,5 x 27,5 cm and 29,8 x 23 cm[0m'
I, [2020-05-15T13:21:34.834048 #16757]  INFO -- : lab.rism: Source #840010251 300$c: '[0;33;49m21 x 27 cm et 30 x 22,5 cm[0m' => '[0;32;49m21 x 27 cm and 30 x 22,5 cm[0m'
I, [2020-05-15T13:21:35.134222 #16757]  INFO -- : lab.rism: Source #840010272 300$c: '[0;33;49m29,5 x 22 cm et 20 x 26,5 cm[0m' => '[0;32;49m29,5 x 22 cm and 20 x 26,5 cm[0m'
I, [2020-05-15T13:21:35.405938 #16757]  INFO -- : lab.rism: Source #840010281 300$c: '[0;33;49m20 x 27 cm et 30 x 23 cm[0m' => '[0;32;49m20 x 27 cm and 30 x 23 cm[0m'
I, [2020-05-15T13:21:35.609226 #16757]  INFO -- : lab.rism: Source #840010296 300$c: '[0;33;49m21 x 25,5 cm et 30 x 22,5 cm[0m' => '[0;32;49m21 x 25,5 cm and 30 x 22,5 cm[0m'
I, [2020-05-15T13:21:35.727027 #16757]  INFO -- : lab.rism: Source #840010305 300$c: '[0;33;49m25,5 x 35 et 23 x 30 cm[0m' => '[0;32;49m25,5 x 35 and 23 x 30 cm[0m'
I, [2020-05-15T13:21:36.155172 #16757]  INFO -- : lab.rism: Source #840010348 300$c: '[0;33;49m22,5 x 30 cm et 30 x 22,5 cm[0m' => '[0;32;49m22,5 x 30 cm and 30 x 22,5 cm[0m'
I, [2020-05-15T13:21:36.544477 #16757]  INFO -- : lab.rism: Source #840010383 300$c: '[0;33;49m29 x 22,5 cm et 20 x 25,5 cm[0m' => '[0;32;49m29 x 22,5 cm and 20 x 25,5 cm[0m'
I, [2020-05-15T13:21:36.744115 #16757]  INFO -- : lab.rism: Source #840010397 300$c: '[0;33;49mformats divers[0m' => '[0;32;49mDifferent sizes[0m'
I, [2020-05-15T13:21:36.876731 #16757]  INFO -- : lab.rism: Source #840010403 300$c: '[0;33;49m21,5 x 27,5 cm et 29,5 x 23 cm[0m' => '[0;32;49m21,5 x 27,5 cm and 29,5 x 23 cm[0m'
I, [2020-05-15T13:21:37.064085 #16757]  INFO -- : lab.rism: Source #840010411 300$c: '[0;33;49m34 x 26 cm et 30 x 23 cm[0m' => '[0;32;49m34 x 26 cm and 30 x 23 cm[0m'
I, [2020-05-15T13:21:37.759574 #16757]  INFO -- : lab.rism: Source #840010471 300$c: '[0;33;49mformats divers[0m' => '[0;32;49mDifferent sizes[0m'
I, [2020-05-15T13:21:38.496274 #16757]  INFO -- : lab.rism: Source #840010568 300$c: '[0;33;49m30 x 22,5 cm et 21 x 26,5 cm[0m' => '[0;32;49m30 x 22,5 cm and 21 x 26,5 cm[0m'
I, [2020-05-15T13:21:38.630226 #16757]  INFO -- : lab.rism: Source #840010569 300$c: '[0;33;49m30 x 22,5 cm et 21 x 26,5 cm[0m' => '[0;32;49m30 x 22,5 cm and 21 x 26,5 cm[0m'
I, [2020-05-15T13:21:38.730938 #16757]  INFO -- : lab.rism: Source #840010574 300$c: '[0;33;49m25,5 x 32,5 et 22 x 27 cm[0m' => '[0;32;49m25,5 x 32,5 and 22 x 27 cm[0m'
I, [2020-05-15T13:21:38.927292 #16757]  INFO -- : lab.rism: Source #840010580 300$c: '[0;33;49m21 x 26,5 cm et 30,5 x 23,5 cm[0m' => '[0;32;49m21 x 26,5 cm and 30,5 x 23,5 cm[0m'
I, [2020-05-15T13:21:39.022981 #16757]  INFO -- : lab.rism: Source #840010581 300$c: '[0;33;49mformats divers[0m' => '[0;32;49mDifferent sizes[0m'
I, [2020-05-15T13:21:39.274972 #16757]  INFO -- : lab.rism: Source #840010583 300$c: '[0;33;49m30 x 22,30 cm et 23,5 x 31,5 cm[0m' => '[0;32;49m30 x 22,30 cm and 23,5 x 31,5 cm[0m'
I, [2020-05-15T13:21:39.515630 #16757]  INFO -- : lab.rism: Source #840010589 300$c: '[0;33;49m30 x 23 cm et 23 x 29,5 cm[0m' => '[0;32;49m30 x 23 cm and 23 x 29,5 cm[0m'
I, [2020-05-15T13:21:39.612703 #16757]  INFO -- : lab.rism: Source #840010592 300$c: '[0;33;49m31 x 23 cm et 35,5 x 26,5 cm[0m' => '[0;32;49m31 x 23 cm and 35,5 x 26,5 cm[0m'
I, [2020-05-15T13:21:39.892215 #16757]  INFO -- : lab.rism: Source #840010609 300$c: '[0;33;49mformats divers[0m' => '[0;32;49mDifferent sizes[0m'
I, [2020-05-15T13:21:40.237139 #16757]  INFO -- : lab.rism: Source #840010610 300$c: '[0;33;49m21 x 27,5 cm et 29,5 x 23 cm[0m' => '[0;32;49m21 x 27,5 cm and 29,5 x 23 cm[0m'
I, [2020-05-15T13:21:40.357778 #16757]  INFO -- : lab.rism: Source #840010613 300$c: '[0;33;49m21,5 x 26 cm et 29,5 x 22,5 cm[0m' => '[0;32;49m21,5 x 26 cm and 29,5 x 22,5 cm[0m'
I, [2020-05-15T13:21:40.452972 #16757]  INFO -- : lab.rism: Source #840010615 300$c: '[0;33;49m21 x 27 cm et 30,5 x 23 cm[0m' => '[0;32;49m21 x 27 cm and 30,5 x 23 cm[0m'
I, [2020-05-15T13:21:40.566234 #16757]  INFO -- : lab.rism: Source #840010618 300$c: '[0;33;49m30,5 x 23 cm et 21 x 27,5 cm[0m' => '[0;32;49m30,5 x 23 cm and 21 x 27,5 cm[0m'
I, [2020-05-15T13:21:40.809140 #16757]  INFO -- : lab.rism: Source #840010636 300$c: '[0;33;49m21 x 26,5 cm et 29,5 x 22 cm[0m' => '[0;32;49m21 x 26,5 cm and 29,5 x 22 cm[0m'
I, [2020-05-15T13:21:40.966847 #16757]  INFO -- : lab.rism: Source #840010644 300$c: '[0;33;49mformats divers[0m' => '[0;32;49mDifferent sizes[0m'
I, [2020-05-15T13:21:41.210765 #16757]  INFO -- : lab.rism: Source #840010656 300$c: '[0;33;49mformats divers[0m' => '[0;32;49mDifferent sizes[0m'
I, [2020-05-15T13:21:41.325795 #16757]  INFO -- : lab.rism: Source #840010657 300$c: '[0;33;49mformats divers[0m' => '[0;32;49mDifferent sizes[0m'
I, [2020-05-15T13:21:41.625372 #16757]  INFO -- : lab.rism: Source #840010677 300$c: '[0;33;49mformats divers[0m' => '[0;32;49mDifferent sizes[0m'
I, [2020-05-15T13:21:41.846617 #16757]  INFO -- : lab.rism: Source #840010691 300$c: '[0;33;49mformats divers[0m' => '[0;32;49mDifferent sizes[0m'
I, [2020-05-15T13:21:41.924934 #16757]  INFO -- : lab.rism: Source #840010692 300$c: '[0;33;49mformats divers[0m' => '[0;32;49mDifferent sizes[0m'
I, [2020-05-15T13:21:42.037348 #16757]  INFO -- : lab.rism: Source #840010698 300$c: '[0;33;49m30 x 23 cm et 29,5 x 22 cm[0m' => '[0;32;49m30 x 23 cm and 29,5 x 22 cm[0m'
I, [2020-05-15T13:21:42.166057 #16757]  INFO -- : lab.rism: Source #840010704 300$c: '[0;33;49m21,5 x 26 cm et 29 x 22 cm[0m' => '[0;32;49m21,5 x 26 cm and 29 x 22 cm[0m'
I, [2020-05-15T13:21:42.424723 #16757]  INFO -- : lab.rism: Source #840010732 300$c: '[0;33;49m21 x 27 cm et 29,5 x 22,5 cm[0m' => '[0;32;49m21 x 27 cm and 29,5 x 22,5 cm[0m'
I, [2020-05-15T13:21:42.530402 #16757]  INFO -- : lab.rism: Source #840010736 300$c: '[0;33;49m34,5 x 26,5 cm et 30 x 22,5 cm[0m' => '[0;32;49m34,5 x 26,5 cm and 30 x 22,5 cm[0m'
I, [2020-05-15T13:21:42.686690 #16757]  INFO -- : lab.rism: Source #840010747 300$c: '[0;33;49m21 x 26,5 cm et 29,5 x 22,5 cm[0m' => '[0;32;49m21 x 26,5 cm and 29,5 x 22,5 cm[0m'
I, [2020-05-15T13:21:42.760669 #16757]  INFO -- : lab.rism: Source #840010748 300$c: '[0;33;49m21 x 26 cm et 29 x 22 cm[0m' => '[0;32;49m21 x 26 cm and 29 x 22 cm[0m'
I, [2020-05-15T13:21:43.023232 #16757]  INFO -- : lab.rism: Source #840010750 300$c: '[0;33;49mformats divers[0m' => '[0;32;49mDifferent sizes[0m'
I, [2020-05-15T13:21:43.115786 #16757]  INFO -- : lab.rism: Source #840010751 300$c: '[0;33;49m21 x 26 cm et 29 x 22 cm[0m' => '[0;32;49m21 x 26 cm and 29 x 22 cm[0m'
I, [2020-05-15T13:21:43.224054 #16757]  INFO -- : lab.rism: Source #840010756 300$c: '[0;33;49mformats divers[0m' => '[0;32;49mDifferent sizes[0m'
I, [2020-05-15T13:21:43.390760 #16757]  INFO -- : lab.rism: Source #840010765 300$c: '[0;33;49mformats divers[0m' => '[0;32;49mDifferent sizes[0m'
I, [2020-05-15T13:21:43.490996 #16757]  INFO -- : lab.rism: Source #840010767 300$c: '[0;33;49mformats divers[0m' => '[0;32;49mDifferent sizes[0m'
I, [2020-05-15T13:21:43.559714 #16757]  INFO -- : lab.rism: Source #840010768 300$c: '[0;33;49mformats divers[0m' => '[0;32;49mDifferent sizes[0m'
I, [2020-05-15T13:21:43.631431 #16757]  INFO -- : lab.rism: Source #840010769 300$c: '[0;33;49mformats divers[0m' => '[0;32;49mDifferent sizes[0m'
I, [2020-05-15T13:21:43.719131 #16757]  INFO -- : lab.rism: Source #840010771 300$c: '[0;33;49mformats divers[0m' => '[0;32;49mDifferent sizes[0m'
I, [2020-05-15T13:21:43.815579 #16757]  INFO -- : lab.rism: Source #840010775 300$c: '[0;33;49mformats divers[0m' => '[0;32;49mDifferent sizes[0m'
I, [2020-05-15T13:21:44.030360 #16757]  INFO -- : lab.rism: Source #840010782 300$c: '[0;33;49mformats divers[0m' => '[0;32;49mDifferent sizes[0m'
I, [2020-05-15T13:21:44.216154 #16757]  INFO -- : lab.rism: Source #840010784 300$c: '[0;33;49mformats divers[0m' => '[0;32;49mDifferent sizes[0m'
I, [2020-05-15T13:21:44.356001 #16757]  INFO -- : lab.rism: Source #840010785 300$c: '[0;33;49m29,5 x 22 cm et 21 x 26,5 cm[0m' => '[0;32;49m29,5 x 22 cm and 21 x 26,5 cm[0m'
I, [2020-05-15T13:21:44.465944 #16757]  INFO -- : lab.rism: Source #840010789 300$c: '[0;33;49mformats divers[0m' => '[0;32;49mDifferent sizes[0m'
I, [2020-05-15T13:21:44.533023 #16757]  INFO -- : lab.rism: Source #840010792 300$c: '[0;33;49mformats divers[0m' => '[0;32;49mDifferent sizes[0m'
I, [2020-05-15T13:21:44.586320 #16757]  INFO -- : lab.rism: Source #840010794 300$c: '[0;33;49mformats divers[0m' => '[0;32;49mDifferent sizes[0m'
I, [2020-05-15T13:21:44.922374 #16757]  INFO -- : lab.rism: Source #840010821 300$c: '[0;33;49m29 x 21,5 cm et 34,5 x 26 cm[0m' => '[0;32;49m29 x 21,5 cm and 34,5 x 26 cm[0m'
I, [2020-05-15T13:21:45.136048 #16757]  INFO -- : lab.rism: Source #840010831 300$c: '[0;33;49m33,5 x 26 cm et 28,5 x 22 cm[0m' => '[0;32;49m33,5 x 26 cm and 28,5 x 22 cm[0m'
I, [2020-05-15T13:21:45.215439 #16757]  INFO -- : lab.rism: Source #840010835 300$c: '[0;33;49m29,5 x 22,5 cm et 26,5 x 33 cm[0m' => '[0;32;49m29,5 x 22,5 cm and 26,5 x 33 cm[0m'
I, [2020-05-15T13:21:45.290440 #16757]  INFO -- : lab.rism: Source #840010837 300$c: '[0;33;49mformats divers[0m' => '[0;32;49mDifferent sizes[0m'
I, [2020-05-15T13:21:45.352495 #16757]  INFO -- : lab.rism: Source #840010838 300$c: '[0;33;49mformats divers[0m' => '[0;32;49mDifferent sizes[0m'
I, [2020-05-15T13:21:45.508289 #16757]  INFO -- : lab.rism: Source #840010841 300$c: '[0;33;49mformats divers[0m' => '[0;32;49mDifferent sizes[0m'
I, [2020-05-15T13:21:45.693490 #16757]  INFO -- : lab.rism: Source #840010845 300$c: '[0;33;49m23 x 29,5 et 30 x 25 cm[0m' => '[0;32;49m23 x 29,5 and 30 x 25 cm[0m'
I, [2020-05-15T13:21:45.852107 #16757]  INFO -- : lab.rism: Source #840010864 300$c: '[0;33;49mformats divers[0m' => '[0;32;49mDifferent sizes[0m'
I, [2020-05-15T13:21:46.253746 #16757]  INFO -- : lab.rism: Source #840010904 300$c: '[0;33;49mformats divers[0m' => '[0;32;49mDifferent sizes[0m'
I, [2020-05-15T13:21:46.497834 #16757]  INFO -- : lab.rism: Source #840010906 300$c: '[0;33;49m25,5 x 32,5 cm et 25,5 x 35,5 cm[0m' => '[0;32;49m25,5 x 32,5 cm and 25,5 x 35,5 cm[0m'
I, [2020-05-15T13:21:46.859184 #16757]  INFO -- : lab.rism: Source #840010913 300$c: '[0;33;49mformats divers[0m' => '[0;32;49mDifferent sizes[0m'
I, [2020-05-15T13:21:47.190052 #16757]  INFO -- : lab.rism: Source #840010928 300$c: '[0;33;49mformats divers[0m' => '[0;32;49mDifferent sizes[0m'
I, [2020-05-15T13:21:47.721618 #16757]  INFO -- : lab.rism: Source #840010952 300$c: '[0;33;49mformats divers[0m' => '[0;32;49mDifferent sizes[0m'
I, [2020-05-15T13:21:48.033178 #16757]  INFO -- : lab.rism: Source #840010956 300$c: '[0;33;49m21 x 27 cm [0m' => '[0;32;49m21 x 27 cm[0m'
I, [2020-05-15T13:21:48.602377 #16757]  INFO -- : lab.rism: Source #840010993 300$c: '[0;33;49m26,5 x 21 cm et 30 x 22,5 cm[0m' => '[0;32;49m26,5 x 21 cm and 30 x 22,5 cm[0m'
I, [2020-05-15T13:21:48.953997 #16757]  INFO -- : lab.rism: Source #840011000 300$c: '[0;33;49m12,5 x 21,5 cm et 9,5 x 21,5 cm[0m' => '[0;32;49m12,5 x 21,5 cm and 9,5 x 21,5 cm[0m'
I, [2020-05-15T13:21:49.155010 #16757]  INFO -- : lab.rism: Source #840011014 300$c: '[0;33;49m21 x 27 cm et 29,5 x 23 cm[0m' => '[0;32;49m21 x 27 cm and 29,5 x 23 cm[0m'
I, [2020-05-15T13:21:49.358913 #16757]  INFO -- : lab.rism: Source #840011025 300$c: '[0;33;49m21 x 26 cm et 29 x 22 cm[0m' => '[0;32;49m21 x 26 cm and 29 x 22 cm[0m'
I, [2020-05-15T13:21:49.813414 #16757]  INFO -- : lab.rism: Source #840011040 300$c: '[0;33;49m21 x 26 cm et 30 x 23 cm[0m' => '[0;32;49m21 x 26 cm and 30 x 23 cm[0m'
I, [2020-05-15T13:21:49.932130 #16757]  INFO -- : lab.rism: Source #840011041 300$c: '[0;33;49m21 x 26 cm et 30 x 23 cm[0m' => '[0;32;49m21 x 26 cm and 30 x 23 cm[0m'
I, [2020-05-15T13:21:50.030812 #16757]  INFO -- : lab.rism: Source #840011042 300$c: '[0;33;49mformats divers[0m' => '[0;32;49mDifferent sizes[0m'
I, [2020-05-15T13:21:50.150372 #16757]  INFO -- : lab.rism: Source #840011043 300$c: '[0;33;49m21 x 26 cm et 26,5 x 21 cm[0m' => '[0;32;49m21 x 26 cm and 26,5 x 21 cm[0m'
I, [2020-05-15T13:21:50.212313 #16757]  INFO -- : lab.rism: Source #840011044 300$c: '[0;33;49mformats divers[0m' => '[0;32;49mDifferent sizes[0m'
I, [2020-05-15T13:21:50.422956 #16757]  INFO -- : lab.rism: Source #840011058 300$c: '[0;33;49m21 x 26 cm et 29 x 22 cm[0m' => '[0;32;49m21 x 26 cm and 29 x 22 cm[0m'
I, [2020-05-15T13:21:50.566388 #16757]  INFO -- : lab.rism: Source #840011062 300$c: '[0;33;49m30 x 22,5 cm et 22,5 x 30 cm[0m' => '[0;32;49m30 x 22,5 cm and 22,5 x 30 cm[0m'
I, [2020-05-15T13:21:50.874270 #16757]  INFO -- : lab.rism: Source #840011073 300$c: '[0;33;49m21 x 26 cm et 29 x 22 cm[0m' => '[0;32;49m21 x 26 cm and 29 x 22 cm[0m'
I, [2020-05-15T13:21:51.039093 #16757]  INFO -- : lab.rism: Source #840011081 300$c: '[0;33;49m21 x 26,5 cm et 35 x 27 cm[0m' => '[0;32;49m21 x 26,5 cm and 35 x 27 cm[0m'
I, [2020-05-15T13:21:51.399237 #16757]  INFO -- : lab.rism: Source #840011096 300$c: '[0;33;49m21 x 26,5 cm et 30,5 x 23,5 cm[0m' => '[0;32;49m21 x 26,5 cm and 30,5 x 23,5 cm[0m'
I, [2020-05-15T13:21:51.485500 #16757]  INFO -- : lab.rism: Source #840011098 300$c: '[0;33;49m30 x 22,5 cm et 21 x 27 cm[0m' => '[0;32;49m30 x 22,5 cm and 21 x 27 cm[0m'
I, [2020-05-15T13:21:51.642895 #16757]  INFO -- : lab.rism: Source #840011100 300$c: '[0;33;49m29 x 22,5 cm et 21 x 27,5 cm[0m' => '[0;32;49m29 x 22,5 cm and 21 x 27,5 cm[0m'
I, [2020-05-15T13:21:52.364736 #16757]  INFO -- : lab.rism: Source #840011155 300$c: '[0;33;49m31,5 x 23,5 cm et 35 x 25 cm[0m' => '[0;32;49m31,5 x 23,5 cm and 35 x 25 cm[0m'
I, [2020-05-15T13:21:55.638981 #16757]  INFO -- : lab.rism: Source #840011401 300$c: '[0;33;49mill. à l'encre et au crayon[0m' => '[0;32;49mill. à l'encre and au crayon[0m'
I, [2020-05-15T13:21:56.733844 #16757]  INFO -- : lab.rism: Source #840011540 300$c: '[0;33;49m22,5 x 29,5 cm et 29,5 x 22,5 cm[0m' => '[0;32;49m22,5 x 29,5 cm and 29,5 x 22,5 cm[0m'
I, [2020-05-15T13:21:57.075469 #16757]  INFO -- : lab.rism: Source #840011569 300$c: '[0;33;49m23,5 x 32 cm et formats divers[0m' => '[0;32;49m23,5 x 32 cm and Different sizes[0m'
I, [2020-05-15T13:21:57.345008 #16757]  INFO -- : lab.rism: Source #840011590 300$c: '[0;33;49m22,5 x 32 cm et 24 x 33,5 cm[0m' => '[0;32;49m22,5 x 32 cm and 24 x 33,5 cm[0m'
I, [2020-05-15T13:21:57.930299 #16757]  INFO -- : lab.rism: Source #840011649 300$c: '[0;33;49mformats divers[0m' => '[0;32;49mDifferent sizes[0m'
I, [2020-05-15T13:21:58.102455 #16757]  INFO -- : lab.rism: Source #840011650 300$c: '[0;33;49mformats divers[0m' => '[0;32;49mDifferent sizes[0m'
I, [2020-05-15T13:21:58.306880 #16757]  INFO -- : lab.rism: Source #840011659 300$c: '[0;33;49mformats divers[0m' => '[0;32;49mDifferent sizes[0m'
I, [2020-05-15T13:21:58.439796 #16757]  INFO -- : lab.rism: Source #840011660 300$c: '[0;33;49mformats divers[0m' => '[0;32;49mDifferent sizes[0m'
I, [2020-05-15T13:21:58.581623 #16757]  INFO -- : lab.rism: Source #840011669 300$c: '[0;33;49m21,5 x 27 cm et 29,5 x 22,5 cm[0m' => '[0;32;49m21,5 x 27 cm and 29,5 x 22,5 cm[0m'
I, [2020-05-15T13:21:58.890907 #16757]  INFO -- : lab.rism: Source #840011693 300$c: '[0;33;49mformats divers[0m' => '[0;32;49mDifferent sizes[0m'
I, [2020-05-15T13:21:59.016643 #16757]  INFO -- : lab.rism: Source #840011699 300$c: '[0;33;49m21 x 26,5 cm et 30 x 22,5 cm[0m' => '[0;32;49m21 x 26,5 cm and 30 x 22,5 cm[0m'
I, [2020-05-15T13:21:59.165298 #16757]  INFO -- : lab.rism: Source #840011708 300$c: '[0;33;49m22,5 x 29,5 cm et 35 x 26 cm[0m' => '[0;32;49m22,5 x 29,5 cm and 35 x 26 cm[0m'
I, [2020-05-15T13:21:59.515250 #16757]  INFO -- : lab.rism: Source #840011745 300$c: '[0;33;49m24 x 31 cm et 29,5 x 23 cm[0m' => '[0;32;49m24 x 31 cm and 29,5 x 23 cm[0m'
I, [2020-05-15T13:21:59.690185 #16757]  INFO -- : lab.rism: Source #840011746 300$c: '[0;33;49m21,5 x 27,5 cm et 32 x 24 cm[0m' => '[0;32;49m21,5 x 27,5 cm and 32 x 24 cm[0m'
I, [2020-05-15T13:21:59.777911 #16757]  INFO -- : lab.rism: Source #840011748 300$c: '[0;33;49m23,5 x 30 cm et 30 x 23,5 cm[0m' => '[0;32;49m23,5 x 30 cm and 30 x 23,5 cm[0m'
I, [2020-05-15T13:22:00.004225 #16757]  INFO -- : lab.rism: Source #840011759 300$c: '[0;33;49mformats divers[0m' => '[0;32;49mDifferent sizes[0m'
I, [2020-05-15T13:22:00.120015 #16757]  INFO -- : lab.rism: Source #840011760 300$c: '[0;33;49mformats divers[0m' => '[0;32;49mDifferent sizes[0m'
I, [2020-05-15T13:22:00.228213 #16757]  INFO -- : lab.rism: Source #840011768 300$c: '[0;33;49m24 x 30 cm et 29,5 x 22,5 cm[0m' => '[0;32;49m24 x 30 cm and 29,5 x 22,5 cm[0m'
I, [2020-05-15T13:22:00.311707 #16757]  INFO -- : lab.rism: Source #840011772 300$c: '[0;33;49m26,5 x 21 cm et 23 x 30 cm[0m' => '[0;32;49m26,5 x 21 cm and 23 x 30 cm[0m'
I, [2020-05-15T13:22:00.936934 #16757]  INFO -- : lab.rism: Source #840011857 300$c: '[0;33;49m30,5 x 22,5 cm et 22,5 x 30,5 cm[0m' => '[0;32;49m30,5 x 22,5 cm and 22,5 x 30,5 cm[0m'
I, [2020-05-15T13:22:01.959839 #16757]  INFO -- : lab.rism: Source #840011970 300$c: '[0;33;49m21 x 30 cm et 23 x 32 cm[0m' => '[0;32;49m21 x 30 cm and 23 x 32 cm[0m'
I, [2020-05-15T13:22:02.354083 #16757]  INFO -- : lab.rism: Source #840011972 300$c: '[0;33;49m23 x 30 cm et 31 x 21 cm[0m' => '[0;32;49m23 x 30 cm and 31 x 21 cm[0m'
I, [2020-05-15T13:22:02.724529 #16757]  INFO -- : lab.rism: Source #840011998 300$c: '[0;33;49mformats divers[0m' => '[0;32;49mDifferent sizes[0m'
I, [2020-05-15T13:22:03.379356 #16757]  INFO -- : lab.rism: Source #840012021 300$c: '[0;33;49m28,5 x 21,5 cm et 29,5 x 22 cm[0m' => '[0;32;49m28,5 x 21,5 cm and 29,5 x 22 cm[0m'
I, [2020-05-15T13:22:04.146089 #16757]  INFO -- : lab.rism: Source #840012047 300$c: '[0;33;49m22 x 27 cm et 36 x 26,5 cm[0m' => '[0;32;49m22 x 27 cm and 36 x 26,5 cm[0m'
I, [2020-05-15T13:22:04.542062 #16757]  INFO -- : lab.rism: Source #840012063 300$c: '[0;33;49m21,5 x 26,5 cm et 30 x 23 cm[0m' => '[0;32;49m21,5 x 26,5 cm and 30 x 23 cm[0m'
I, [2020-05-15T13:22:05.214836 #16757]  INFO -- : lab.rism: Source #840012130 300$c: '[0;33;49mformats divers[0m' => '[0;32;49mDifferent sizes[0m'
I, [2020-05-15T13:22:05.327299 #16757]  INFO -- : lab.rism: Source #840012132 300$c: '[0;33;49mformats divers[0m' => '[0;32;49mDifferent sizes[0m'
I, [2020-05-15T13:22:06.114349 #16757]  INFO -- : lab.rism: Source #840012226 300$c: '[0;33;49mformats divers[0m' => '[0;32;49mDifferent sizes[0m'
I, [2020-05-15T13:22:06.682847 #16757]  INFO -- : lab.rism: Source #840012328 300$c: '[0;33;49m20,5 x 26,8 cm et 30 x 22,5 cm[0m' => '[0;32;49m20,5 x 26,8 cm and 30 x 22,5 cm[0m'
I, [2020-05-15T13:22:07.283989 #16757]  INFO -- : lab.rism: Source #840012447 300$c: '[0;33;49mformats divers[0m' => '[0;32;49mDifferent sizes[0m'
I, [2020-05-15T13:22:07.723388 #16757]  INFO -- : lab.rism: Source #840012479 300$c: '[0;33;49mformats divers[0m' => '[0;32;49mDifferent sizes[0m'
I, [2020-05-15T13:22:08.397012 #16757]  INFO -- : lab.rism: Source #840012718 300$c: '[0;33;49m27 x 21 et 32 x 24 cm[0m' => '[0;32;49m27 x 21 and 32 x 24 cm[0m'
I, [2020-05-15T13:22:08.529150 #16757]  INFO -- : lab.rism: Source #840012722 300$c: '[0;33;49m27 x 21, 30,5 x 23,5 et 24 x 30 cm[0m' => '[0;32;49m27 x 21, 30,5 x 23,5 and 24 x 30 cm[0m'
I, [2020-05-15T13:22:11.847143 #16757]  INFO -- : lab.rism: Source #840013057 300$c: '[0;33;49m35 x 26,5 cm et 18,5 x 26,5 cm[0m' => '[0;32;49m35 x 26,5 cm and 18,5 x 26,5 cm[0m'
I, [2020-05-15T13:22:12.205662 #16757]  INFO -- : lab.rism: Source #840013083 300$c: '[0;33;49m27 x 21 cm et 21 x 27 cm[0m' => '[0;32;49m27 x 21 cm and 21 x 27 cm[0m'
I, [2020-05-15T13:22:12.705155 #16757]  INFO -- : lab.rism: Source #840013128 300$c: '[0;33;49m22 x 29 cm et 20,5 x 28 cm[0m' => '[0;32;49m22 x 29 cm and 20,5 x 28 cm[0m'
I, [2020-05-15T13:22:13.410636 #16757]  INFO -- : lab.rism: Source #840013226 300$c: '[0;33;49m31 x 25 cm et 31 x 23 cm[0m' => '[0;32;49m31 x 25 cm and 31 x 23 cm[0m'
I, [2020-05-15T13:22:13.920050 #16757]  INFO -- : lab.rism: Source #840013271 300$c: '[0;33;49mformats divers[0m' => '[0;32;49mDifferent sizes[0m'
I, [2020-05-15T13:22:14.090792 #16757]  INFO -- : lab.rism: Source #840013279 300$c: '[0;33;49m34,5 x 25,5 cm et 30,5 x 23 cm[0m' => '[0;32;49m34,5 x 25,5 cm and 30,5 x 23 cm[0m'
I, [2020-05-15T13:22:14.225936 #16757]  INFO -- : lab.rism: Source #840013281 300$c: '[0;33;49m21,2 x 27 cm et 30 x 22,5 cm[0m' => '[0;32;49m21,2 x 27 cm and 30 x 22,5 cm[0m'
I, [2020-05-15T13:22:14.410297 #16757]  INFO -- : lab.rism: Source #840013282 300$c: '[0;33;49mformats divers[0m' => '[0;32;49mDifferent sizes[0m'
I, [2020-05-15T13:22:14.708729 #16757]  INFO -- : lab.rism: Source #840013300 300$c: '[0;33;49m31 x 24 cm et 23 cm x 30 cm[0m' => '[0;32;49m31 x 24 cm and 23 cm x 30 cm[0m'
I, [2020-05-15T13:22:14.917283 #16757]  INFO -- : lab.rism: Source #840013318 300$c: '[0;33;49m33 x 24 et 35,5 x 25 cm[0m' => '[0;32;49m33 x 24 and 35,5 x 25 cm[0m'
I, [2020-05-15T13:22:15.111007 #16757]  INFO -- : lab.rism: Source #840013332 300$c: '[0;33;49m30 x 23 cm et 28 x 37 cm[0m' => '[0;32;49m30 x 23 cm and 28 x 37 cm[0m'
I, [2020-05-15T13:22:15.233347 #16757]  INFO -- : lab.rism: Source #840013335 300$c: '[0;33;49m10 x 25,4 cm et 30 x 27,5 cm[0m' => '[0;32;49m10 x 25,4 cm and 30 x 27,5 cm[0m'
I, [2020-05-15T13:22:15.450888 #16757]  INFO -- : lab.rism: Source #840013349 300$c: '[0;33;49mformats divers[0m' => '[0;32;49mDifferent sizes[0m'
I, [2020-05-15T13:22:15.618882 #16757]  INFO -- : lab.rism: Source #840013353 300$c: '[0;33;49mformats divers[0m' => '[0;32;49mDifferent sizes[0m'
I, [2020-05-15T13:22:15.738978 #16757]  INFO -- : lab.rism: Source #840013358 300$c: '[0;33;49mformats divers[0m' => '[0;32;49mDifferent sizes[0m'
I, [2020-05-15T13:22:15.876401 #16757]  INFO -- : lab.rism: Source #840013368 300$c: '[0;33;49mformats divers[0m' => '[0;32;49mDifferent sizes[0m'
I, [2020-05-15T13:22:16.027606 #16757]  INFO -- : lab.rism: Source #840013374 300$c: '[0;33;49mformats divers[0m' => '[0;32;49mDifferent sizes[0m'
I, [2020-05-15T13:22:17.592849 #16757]  INFO -- : lab.rism: Source #840013585 300$c: '[0;33;49mformats divers[0m' => '[0;32;49mDifferent sizes[0m'
I, [2020-05-15T13:22:18.401636 #16757]  INFO -- : lab.rism: Source #840013586 300$c: '[0;33;49mformats divers[0m' => '[0;32;49mDifferent sizes[0m'
I, [2020-05-15T13:22:18.965962 #16757]  INFO -- : lab.rism: Source #840013607 300$c: '[0;33;49m30 x 22,5 et 22 x 28 cm[0m' => '[0;32;49m30 x 22,5 and 22 x 28 cm[0m'
I, [2020-05-15T13:22:19.295960 #16757]  INFO -- : lab.rism: Source #840013609 300$c: '[0;33;49m20,5 x 27 cm, 30 x 23 cm et 26,5 x 19,5 cm[0m' => '[0;32;49m20,5 x 27 cm, 30 x 23 cm and 26,5 x 19,5 cm[0m'
I, [2020-05-15T13:22:19.456892 #16757]  INFO -- : lab.rism: Source #840013614 300$c: '[0;33;49m30 x 23 cm, 18 x 21 cm et 22 x 21,5 cm[0m' => '[0;32;49m30 x 23 cm, 18 x 21 cm and 22 x 21,5 cm[0m'
I, [2020-05-15T13:22:19.779443 #16757]  INFO -- : lab.rism: Source #840013616 300$c: '[0;33;49m30 x 23 cm, 20 x 26 cm et 25,7 x 19,5 cm[0m' => '[0;32;49m30 x 23 cm, 20 x 26 cm and 25,7 x 19,5 cm[0m'
I, [2020-05-15T13:22:20.134150 #16757]  INFO -- : lab.rism: Source #840013619 300$c: '[0;33;49m26 x 20,5 cm et 29,5 x 22 cm[0m' => '[0;32;49m26 x 20,5 cm and 29,5 x 22 cm[0m'
I, [2020-05-15T13:22:20.233727 #16757]  INFO -- : lab.rism: Source #840013621 300$c: '[0;33;49m20 x 26 cm, 21 x 26,5 cm et 30 x 23 cm[0m' => '[0;32;49m20 x 26 cm, 21 x 26,5 cm and 30 x 23 cm[0m'
I, [2020-05-15T13:22:20.346398 #16757]  INFO -- : lab.rism: Source #840013622 300$c: '[0;33;49m26,5 x 20 cm et 28,5 x 21 cm[0m' => '[0;32;49m26,5 x 20 cm and 28,5 x 21 cm[0m'
I, [2020-05-15T13:22:20.485178 #16757]  INFO -- : lab.rism: Source #840013629 300$c: '[0;33;49m20 x 26 cm, 21 x 27 cm et 29,5 x 22,5 cm[0m' => '[0;32;49m20 x 26 cm, 21 x 27 cm and 29,5 x 22,5 cm[0m'
I, [2020-05-15T13:22:20.611857 #16757]  INFO -- : lab.rism: Source #840013631 300$c: '[0;33;49m30 x 23,5 cm et 26 x 21 cm[0m' => '[0;32;49m30 x 23,5 cm and 26 x 21 cm[0m'
I, [2020-05-15T13:22:20.708130 #16757]  INFO -- : lab.rism: Source #840013634 300$c: '[0;33;49m20 x 26,5 cm et 30 x 24 cm[0m' => '[0;32;49m20 x 26,5 cm and 30 x 24 cm[0m'
I, [2020-05-15T13:22:20.757559 #16757]  INFO -- : lab.rism: Source #840013636 300$c: '[0;33;49m30 x 23,5 cm et 19,5 x 24,5 cm[0m' => '[0;32;49m30 x 23,5 cm and 19,5 x 24,5 cm[0m'
I, [2020-05-15T13:22:20.813635 #16757]  INFO -- : lab.rism: Source #840013639 300$c: '[0;33;49m26,5 x 21 cm et 30 x 23 cm[0m' => '[0;32;49m26,5 x 21 cm and 30 x 23 cm[0m'
I, [2020-05-15T13:22:20.868806 #16757]  INFO -- : lab.rism: Source #840013641 300$c: '[0;33;49m29,5 x 22,5 cm, 19,5 x 25,5 cm et 36 x 24 cm[0m' => '[0;32;49m29,5 x 22,5 cm, 19,5 x 25,5 cm and 36 x 24 cm[0m'
I, [2020-05-15T13:22:20.962300 #16757]  INFO -- : lab.rism: Source #840013643 300$c: '[0;33;49m29,5 x 22 cm, 27 x 20 cm et 21 x 26 cm[0m' => '[0;32;49m29,5 x 22 cm, 27 x 20 cm and 21 x 26 cm[0m'
I, [2020-05-15T13:22:21.036151 #16757]  INFO -- : lab.rism: Source #840013646 300$c: '[0;33;49m30 x 23 cm et 20 x 26 cm[0m' => '[0;32;49m30 x 23 cm and 20 x 26 cm[0m'
I, [2020-05-15T13:22:21.177603 #16757]  INFO -- : lab.rism: Source #840013654 300$c: '[0;33;49m30,5 x 23,5 cm et 30 x 23,5 cm[0m' => '[0;32;49m30,5 x 23,5 cm and 30 x 23,5 cm[0m'
I, [2020-05-15T13:22:21.297619 #16757]  INFO -- : lab.rism: Source #840013661 300$c: '[0;33;49m20 x 26 cm, 26 x 19 cm et 29 x 23 cm[0m' => '[0;32;49m20 x 26 cm, 26 x 19 cm and 29 x 23 cm[0m'
I, [2020-05-15T13:22:21.436725 #16757]  INFO -- : lab.rism: Source #840013669 300$c: '[0;33;49m30 x 23 cm et 21 x 29 cm[0m' => '[0;32;49m30 x 23 cm and 21 x 29 cm[0m'
I, [2020-05-15T13:22:23.283139 #16757]  INFO -- : lab.rism: Source #840013942 300$c: '[0;33;49m23 x 31 cm et 32,5 x 22,5 cm[0m' => '[0;32;49m23 x 31 cm and 32,5 x 22,5 cm[0m'
I, [2020-05-15T13:22:23.520651 #16757]  INFO -- : lab.rism: Source #840013956 300$c: '[0;33;49m30 x 23 cm et 26,5 x 20 cm[0m' => '[0;32;49m30 x 23 cm and 26,5 x 20 cm[0m'
I, [2020-05-15T13:22:24.045584 #16757]  INFO -- : lab.rism: Source #840014042 300$c: '[0;33;49m21 x 17 cm et 34 x 21 cm[0m' => '[0;32;49m21 x 17 cm and 34 x 21 cm[0m'
I, [2020-05-15T13:22:24.653788 #16757]  INFO -- : lab.rism: Source #840014124 300$c: '[0;33;49m29 x 22,5 cm et 19,5 x 26 cm[0m' => '[0;32;49m29 x 22,5 cm and 19,5 x 26 cm[0m'
I, [2020-05-15T13:22:24.862727 #16757]  INFO -- : lab.rism: Source #840014138 300$c: '[0;33;49m30,5 x 23,5 cm et 23,5 x 30,5 cm[0m' => '[0;32;49m30,5 x 23,5 cm and 23,5 x 30,5 cm[0m'
I, [2020-05-15T13:22:25.165357 #16757]  INFO -- : lab.rism: Source #840014167 300$c: '[0;33;49mformats divers[0m' => '[0;32;49mDifferent sizes[0m'
I, [2020-05-15T13:22:26.283300 #16757]  INFO -- : lab.rism: Source #840014300 300$c: '[0;33;49m28,5 x 22 cm et 28 x 21,5 cm[0m' => '[0;32;49m28,5 x 22 cm and 28 x 21,5 cm[0m'
I, [2020-05-15T13:22:26.795461 #16757]  INFO -- : lab.rism: Source #840014333 300$c: '[0;33;49m35,5 x 27 cm et 27 x 35,5 cm[0m' => '[0;32;49m35,5 x 27 cm and 27 x 35,5 cm[0m'
I, [2020-05-15T13:22:27.100398 #16757]  INFO -- : lab.rism: Source #840014349 300$c: '[0;33;49m21,5 x 27 cm (parties vocales) et 29,5 x 22,5 cm (parties instrumentales)[0m' => '[0;32;49m21,5 x 27 cm (parties vocales) and 29,5 x 22,5 cm (parties instrumentales)[0m'
I, [2020-05-15T13:22:28.280718 #16757]  INFO -- : lab.rism: Source #840014458 300$c: '[0;33;49m35,5 x 26,5 cm et 23 x 30 cm[0m' => '[0;32;49m35,5 x 26,5 cm and 23 x 30 cm[0m'
I, [2020-05-15T13:22:28.991246 #16757]  INFO -- : lab.rism: Source #840014513 300$c: '[0;33;49m28 x 21 cm et 34,5 x 26 cm[0m' => '[0;32;49m28 x 21 cm and 34,5 x 26 cm[0m'
I, [2020-05-15T13:22:29.133350 #16757]  INFO -- : lab.rism: Source #840014514 300$c: '[0;33;49m27,5 x 21,5 cm et 21,5 x 26,5 cm[0m' => '[0;32;49m27,5 x 21,5 cm and 21,5 x 26,5 cm[0m'
I, [2020-05-15T13:22:29.424651 #16757]  INFO -- : lab.rism: Source #840014556 300$c: '[0;33;49m22 x 28 cm et 21,5 x 26,5 cm[0m' => '[0;32;49m22 x 28 cm and 21,5 x 26,5 cm[0m'
I, [2020-05-15T13:22:30.115112 #16757]  INFO -- : lab.rism: Source #840014652 300$c: '[0;33;49m21 x 26,5 cm et 29,5 x 22,5 cm[0m' => '[0;32;49m21 x 26,5 cm and 29,5 x 22,5 cm[0m'
I, [2020-05-15T13:22:30.508439 #16757]  INFO -- : lab.rism: Source #840014706 300$c: '[0;33;49m30,5 x 22,5 cm et 22,5 x 30 cm[0m' => '[0;32;49m30,5 x 22,5 cm and 22,5 x 30 cm[0m'
I, [2020-05-15T13:22:30.982728 #16757]  INFO -- : lab.rism: Source #840014731 300$c: '[0;33;49m27,5 x 21 cm (parties vocales) et 30 x 23 cm (parties intrumentales)[0m' => '[0;32;49m27,5 x 21 cm (parties vocales) and 30 x 23 cm (parties intrumentales)[0m'
I, [2020-05-15T13:22:31.440164 #16757]  INFO -- : lab.rism: Source #840014771 300$c: '[0;33;49m30,5 x 22,5 cm et 31 x 23 cm[0m' => '[0;32;49m30,5 x 22,5 cm and 31 x 23 cm[0m'
I, [2020-05-15T13:22:31.883135 #16757]  INFO -- : lab.rism: Source #840014793 300$c: '[0;33;49mFormats multiples[0m' => '[0;32;49mMultiple sizes[0m'
I, [2020-05-15T13:22:33.035110 #16757]  INFO -- : lab.rism: Source #840014925 300$c: '[0;33;49m24 x 31 cm et 22 x 30 cm[0m' => '[0;32;49m24 x 31 cm and 22 x 30 cm[0m'
I, [2020-05-15T13:22:33.907970 #16757]  INFO -- : lab.rism: Source #840014989 300$c: '[0;33;49m30,5 x 23 cm et 21,5 x 27 cm[0m' => '[0;32;49m30,5 x 23 cm and 21,5 x 27 cm[0m'
I, [2020-05-15T13:22:34.387496 #16757]  INFO -- : lab.rism: Source #840014990 300$c: '[0;33;49mformats divers[0m' => '[0;32;49mDifferent sizes[0m'
I, [2020-05-15T13:22:35.087088 #16757]  INFO -- : lab.rism: Source #840015052 300$c: '[0;33;49m24,5 x 18,5 cm et 25 x 19 cm[0m' => '[0;32;49m24,5 x 18,5 cm and 25 x 19 cm[0m'
I, [2020-05-15T13:22:35.810763 #16757]  INFO -- : lab.rism: Source #840015084 300$c: '[0;33;49m31 x 23,5 cm et 23,5 x 31 cm[0m' => '[0;32;49m31 x 23,5 cm and 23,5 x 31 cm[0m'
I, [2020-05-15T13:22:35.995365 #16757]  INFO -- : lab.rism: Source #840015086 300$c: '[0;33;49m28 x 21,5 cm et 28,5 x 22 cm[0m' => '[0;32;49m28 x 21,5 cm and 28,5 x 22 cm[0m'
I, [2020-05-15T13:22:36.142893 #16757]  INFO -- : lab.rism: Source #840015087 300$c: '[0;33;49m27,5 x 22 cm et 28,5 x 22 cm[0m' => '[0;32;49m27,5 x 22 cm and 28,5 x 22 cm[0m'
I, [2020-05-15T13:22:36.491046 #16757]  INFO -- : lab.rism: Source #840015107 300$c: '[0;33;49m30 x 22,5 et 20,5 x 27 cm[0m' => '[0;32;49m30 x 22,5 and 20,5 x 27 cm[0m'
I, [2020-05-15T13:22:36.818986 #16757]  INFO -- : lab.rism: Source #840015109 300$c: '[0;33;49m30,5 x 23 et 27 x 21 cm[0m' => '[0;32;49m30,5 x 23 and 27 x 21 cm[0m'
I, [2020-05-15T13:22:37.439639 #16757]  INFO -- : lab.rism: Source #840015189 300$c: '[0;33;49m30,5 x 23,5 et 23,5 x 30,5 cm[0m' => '[0;32;49m30,5 x 23,5 and 23,5 x 30,5 cm[0m'
I, [2020-05-15T13:22:37.956329 #16757]  INFO -- : lab.rism: Source #840015237 300$c: '[0;33;49mformats divers[0m' => '[0;32;49mDifferent sizes[0m'
I, [2020-05-15T13:22:38.123330 #16757]  INFO -- : lab.rism: Source #840015239 300$c: '[0;33;49mformats divers[0m' => '[0;32;49mDifferent sizes[0m'
I, [2020-05-15T13:22:38.271565 #16757]  INFO -- : lab.rism: Source #840015243 300$c: '[0;33;49mformats divers[0m' => '[0;32;49mDifferent sizes[0m'
I, [2020-05-15T13:22:38.787800 #16757]  INFO -- : lab.rism: Source #840015310 300$c: '[0;33;49m30,5 x 23 cm et 23 x 30,5 cm[0m' => '[0;32;49m30,5 x 23 cm and 23 x 30,5 cm[0m'
I, [2020-05-15T13:22:39.315537 #16757]  INFO -- : lab.rism: Source #840015387 300$c: '[0;33;49m31,5 x 23,5 cm et 30,5 x 23,5 cm[0m' => '[0;32;49m31,5 x 23,5 cm and 30,5 x 23,5 cm[0m'
I, [2020-05-15T13:22:39.439053 #16757]  INFO -- : lab.rism: Source #840015388 300$c: '[0;33;49m31 x 23 cm et 29 x 23,5 cm[0m' => '[0;32;49m31 x 23 cm and 29 x 23,5 cm[0m'
I, [2020-05-15T13:22:39.511320 #16757]  INFO -- : lab.rism: Source #840015389 300$c: '[0;33;49m29 x 23 cm et 31 x 23 cm[0m' => '[0;32;49m29 x 23 cm and 31 x 23 cm[0m'
I, [2020-05-15T13:22:39.630944 #16757]  INFO -- : lab.rism: Source #840015390 300$c: '[0;33;49mformats divers[0m' => '[0;32;49mDifferent sizes[0m'
I, [2020-05-15T13:22:39.799425 #16757]  INFO -- : lab.rism: Source #840015399 300$c: '[0;33;49mformats divers[0m' => '[0;32;49mDifferent sizes[0m'
I, [2020-05-15T13:22:39.985381 #16757]  INFO -- : lab.rism: Source #840015403 300$c: '[0;33;49m34 x 26 cm et formats divers[0m' => '[0;32;49m34 x 26 cm and Different sizes[0m'
I, [2020-05-15T13:22:40.980240 #16757]  INFO -- : lab.rism: Source #840015502 300$c: '[0;33;49m30,5 x 23 cm et 29 x 23 cm[0m' => '[0;32;49m30,5 x 23 cm and 29 x 23 cm[0m'
I, [2020-05-15T13:22:41.192374 #16757]  INFO -- : lab.rism: Source #840015511 300$c: '[0;33;49m30,5 x 23 cm et 27 x 21 cm[0m' => '[0;32;49m30,5 x 23 cm and 27 x 21 cm[0m'
I, [2020-05-15T13:22:41.292464 #16757]  INFO -- : lab.rism: Source #840015518 300$c: '[0;33;49m30,5 x 23 cm et 23 x 30,5 cm[0m' => '[0;32;49m30,5 x 23 cm and 23 x 30,5 cm[0m'
I, [2020-05-15T13:22:41.365137 #16757]  INFO -- : lab.rism: Source #840015525 300$c: '[0;33;49m29 x 23,5 cm et 23,5 x 29 cm[0m' => '[0;32;49m29 x 23,5 cm and 23,5 x 29 cm[0m'
I, [2020-05-15T13:22:41.472015 #16757]  INFO -- : lab.rism: Source #840015535 300$c: '[0;33;49m26,5 x 21 cm et 30,5 x 22,5 cm[0m' => '[0;32;49m26,5 x 21 cm and 30,5 x 22,5 cm[0m'
I, [2020-05-15T13:22:41.706170 #16757]  INFO -- : lab.rism: Source #840015536 300$c: '[0;33;49m30,5 x 23,5 cm et 29,5 x 23,5 cm[0m' => '[0;32;49m30,5 x 23,5 cm and 29,5 x 23,5 cm[0m'
I, [2020-05-15T13:22:41.934965 #16757]  INFO -- : lab.rism: Source #840015537 300$c: '[0;33;49m31,5 x 23 cm et 21 x 26 cm[0m' => '[0;32;49m31,5 x 23 cm and 21 x 26 cm[0m'
I, [2020-05-15T13:22:42.068716 #16757]  INFO -- : lab.rism: Source #840015544 300$c: '[0;33;49mformats divers[0m' => '[0;32;49mDifferent sizes[0m'
I, [2020-05-15T13:22:42.207275 #16757]  INFO -- : lab.rism: Source #840015547 300$c: '[0;33;49m31 x 23 cm et 27 x 21 cm[0m' => '[0;32;49m31 x 23 cm and 27 x 21 cm[0m'
I, [2020-05-15T13:22:43.426503 #16757]  INFO -- : lab.rism: Source #840015660 300$c: '[0;33;49m30 x 23 cm et 21,5 x 27,5 cm[0m' => '[0;32;49m30 x 23 cm and 21,5 x 27,5 cm[0m'
I, [2020-05-15T13:22:43.715276 #16757]  INFO -- : lab.rism: Source #840015665 300$c: '[0;33;49mformats divers[0m' => '[0;32;49mDifferent sizes[0m'
I, [2020-05-15T13:22:46.292743 #16757]  INFO -- : lab.rism: Source #840015919 300$c: '[0;33;49m23 x 30,5 cm, 21 x 27 cm et 29 x 21,5 cm[0m' => '[0;32;49m23 x 30,5 cm, 21 x 27 cm and 29 x 21,5 cm[0m'
I, [2020-05-15T13:22:47.108292 #16757]  INFO -- : lab.rism: Source #840015957 300$c: '[0;33;49m29,5 x 22,5 cm et 21 x 27 cm[0m' => '[0;32;49m29,5 x 22,5 cm and 21 x 27 cm[0m'
I, [2020-05-15T13:22:47.249448 #16757]  INFO -- : lab.rism: Source #840015958 300$c: '[0;33;49m21 x 27 et 30,5 x 23 cm[0m' => '[0;32;49m21 x 27 and 30,5 x 23 cm[0m'
I, [2020-05-15T13:22:47.430053 #16757]  INFO -- : lab.rism: Source #840015974 300$c: '[0;33;49m20,5 x 26,5 et 29,5 x 22,5 cm[0m' => '[0;32;49m20,5 x 26,5 and 29,5 x 22,5 cm[0m'
I, [2020-05-15T13:22:47.537964 #16757]  INFO -- : lab.rism: Source #840015982 300$c: '[0;33;49m21 x 27 cm et 26,5 x 21 cm[0m' => '[0;32;49m21 x 27 cm and 26,5 x 21 cm[0m'
I, [2020-05-15T13:22:47.739713 #16757]  INFO -- : lab.rism: Source #840015986 300$c: '[0;33;49m21,5 x 26,5 et 31 x 23 cm[0m' => '[0;32;49m21,5 x 26,5 and 31 x 23 cm[0m'
I, [2020-05-15T13:22:47.872956 #16757]  INFO -- : lab.rism: Source #840015989 300$c: '[0;33;49m32 x 26 cm et 23 x 30,5 cm[0m' => '[0;32;49m32 x 26 cm and 23 x 30,5 cm[0m'
I, [2020-05-15T13:22:48.095323 #16757]  INFO -- : lab.rism: Source #840015994 300$c: '[0;33;49m23,5 x 30,5 cm, 21 x 27 cm et 30 x 23,5 cm[0m' => '[0;32;49m23,5 x 30,5 cm, 21 x 27 cm and 30 x 23,5 cm[0m'
I, [2020-05-15T13:22:48.248716 #16757]  INFO -- : lab.rism: Source #840015999 300$c: '[0;33;49m29,5 x 22,5 cm et 21,5 x 27 cm[0m' => '[0;32;49m29,5 x 22,5 cm and 21,5 x 27 cm[0m'
I, [2020-05-15T13:22:48.403604 #16757]  INFO -- : lab.rism: Source #840016001 300$c: '[0;33;49m30 x 23 cm et 21 x 26,5 cm[0m' => '[0;32;49m30 x 23 cm and 21 x 26,5 cm[0m'
I, [2020-05-15T13:22:48.472806 #16757]  INFO -- : lab.rism: Source #840016002 300$c: '[0;33;49m30 x 23 cm et 21 x 26,5 cm[0m' => '[0;32;49m30 x 23 cm and 21 x 26,5 cm[0m'
I, [2020-05-15T13:22:48.536935 #16757]  INFO -- : lab.rism: Source #840016003 300$c: '[0;33;49m30 x 23 cm et 21 x 26,5 cm[0m' => '[0;32;49m30 x 23 cm and 21 x 26,5 cm[0m'
I, [2020-05-15T13:22:48.672588 #16757]  INFO -- : lab.rism: Source #840016005 300$c: '[0;33;49m29,5 x 23 cm et 21,5 x 27 cm[0m' => '[0;32;49m29,5 x 23 cm and 21,5 x 27 cm[0m'
I, [2020-05-15T13:22:48.756461 #16757]  INFO -- : lab.rism: Source #840016006 300$c: '[0;33;49m29,5 x 23 cm et 21,5 x 27 cm[0m' => '[0;32;49m29,5 x 23 cm and 21,5 x 27 cm[0m'
I, [2020-05-15T13:22:48.842252 #16757]  INFO -- : lab.rism: Source #840016009 300$c: '[0;33;49m30 x 23 cm et 26,5 x 21,5 cm[0m' => '[0;32;49m30 x 23 cm and 26,5 x 21,5 cm[0m'
I, [2020-05-15T13:22:49.058804 #16757]  INFO -- : lab.rism: Source #840016022 300$c: '[0;33;49m30,5 x 23 cm et 20,5 x 26,5 cm[0m' => '[0;32;49m30,5 x 23 cm and 20,5 x 26,5 cm[0m'
I, [2020-05-15T13:22:49.158798 #16757]  INFO -- : lab.rism: Source #840016023 300$c: '[0;33;49m30 x 23 cm et 21 x 27 cm[0m' => '[0;32;49m30 x 23 cm and 21 x 27 cm[0m'
I, [2020-05-15T13:22:49.431478 #16757]  INFO -- : lab.rism: Source #840016036 300$c: '[0;33;49m29,5 x 22,5 cm et 21,5 x 27 cm[0m' => '[0;32;49m29,5 x 22,5 cm and 21,5 x 27 cm[0m'
I, [2020-05-15T13:22:49.620175 #16757]  INFO -- : lab.rism: Source #840016037 300$c: '[0;33;49m29,5 x 22,5 cm et 20,5 x 27 cm[0m' => '[0;32;49m29,5 x 22,5 cm and 20,5 x 27 cm[0m'
I, [2020-05-15T13:22:49.769934 #16757]  INFO -- : lab.rism: Source #840016042 300$c: '[0;33;49m21 x 26,5 cm et 29,5 x 23 cm[0m' => '[0;32;49m21 x 26,5 cm and 29,5 x 23 cm[0m'
I, [2020-05-15T13:22:50.060002 #16757]  INFO -- : lab.rism: Source #840016046 300$c: '[0;33;49m21 x 26 cm et 30 x 22,5 cm[0m' => '[0;32;49m21 x 26 cm and 30 x 22,5 cm[0m'
I, [2020-05-15T13:22:50.974830 #16757]  INFO -- : lab.rism: Source #840016100 300$c: '[0;33;49m21 x 27 cm et 30 x 23 cm[0m' => '[0;32;49m21 x 27 cm and 30 x 23 cm[0m'
I, [2020-05-15T13:22:51.465511 #16757]  INFO -- : lab.rism: Source #840016107 300$c: '[0;33;49m20.5 x 27 cm ; 21 cm x 27 cm ; 30 cm x 23 cm et 34,5 cm x 27 cm[0m' => '[0;32;49m20.5 x 27 cm ; 21 cm x 27 cm ; 30 cm x 23 cm and 34,5 cm x 27 cm[0m'
I, [2020-05-15T13:22:51.848218 #16757]  INFO -- : lab.rism: Source #840016111 300$c: '[0;33;49m27,5 x 22 cm et 29,5 x 27 cm[0m' => '[0;32;49m27,5 x 22 cm and 29,5 x 27 cm[0m'
I, [2020-05-15T13:22:52.077361 #16757]  INFO -- : lab.rism: Source #840016122 300$c: '[0;33;49m21 x 26 cm et 30 x 22,5 cm[0m' => '[0;32;49m21 x 26 cm and 30 x 22,5 cm[0m'
I, [2020-05-15T13:22:52.243209 #16757]  INFO -- : lab.rism: Source #840016126 300$c: '[0;33;49m34,5 x 20 cm et 17,5 x 20 cm[0m' => '[0;32;49m34,5 x 20 cm and 17,5 x 20 cm[0m'
I, [2020-05-15T13:22:52.349194 #16757]  INFO -- : lab.rism: Source #840016130 300$c: '[0;33;49m31 x 23 cm et 19,5 x 23 cm[0m' => '[0;32;49m31 x 23 cm and 19,5 x 23 cm[0m'
I, [2020-05-15T13:22:52.489814 #16757]  INFO -- : lab.rism: Source #840016139 300$c: '[0;33;49m29 x 23 cm et 30,5 x 23cm[0m' => '[0;32;49m29 x 23 cm and 30,5 x 23cm[0m'
I, [2020-05-15T13:22:52.848601 #16757]  INFO -- : lab.rism: Source #840016169 300$c: '[0;33;49m30 x 23 cm et 22 x 27 cm[0m' => '[0;32;49m30 x 23 cm and 22 x 27 cm[0m'
I, [2020-05-15T13:22:53.062177 #16757]  INFO -- : lab.rism: Source #840016172 300$c: '[0;33;49m21 x 26 cm et 30,5 x 23 cm[0m' => '[0;32;49m21 x 26 cm and 30,5 x 23 cm[0m'
I, [2020-05-15T13:22:53.496726 #16757]  INFO -- : lab.rism: Source #840016211 300$c: '[0;33;49m21 x 27 cm et 35,5 x 27 cm[0m' => '[0;32;49m21 x 27 cm and 35,5 x 27 cm[0m'
I, [2020-05-15T13:22:53.779451 #16757]  INFO -- : lab.rism: Source #840016229 300$c: '[0;33;49m30 x 23 cm et 22 x 30 cm[0m' => '[0;32;49m30 x 23 cm and 22 x 30 cm[0m'
I, [2020-05-15T13:22:54.086587 #16757]  INFO -- : lab.rism: Source #840016297 300$c: '[0;33;49m30 x 23 cm et 15,5 x 23,5 cm[0m' => '[0;32;49m30 x 23 cm and 15,5 x 23,5 cm[0m'
I, [2020-05-15T13:22:54.470765 #16757]  INFO -- : lab.rism: Source #840016317 300$c: '[0;33;49m24 x 30,5 cm et 23 x 30,5 cm[0m' => '[0;32;49m24 x 30,5 cm and 23 x 30,5 cm[0m'
I, [2020-05-15T13:22:55.704257 #16757]  INFO -- : lab.rism: Source #840016418 300$c: '[0;33;49m23 x 31 cm et 22,5 x 29,5 cm[0m' => '[0;32;49m23 x 31 cm and 22,5 x 29,5 cm[0m'
I, [2020-05-15T13:22:56.488157 #16757]  INFO -- : lab.rism: Source #840016509 300$c: '[0;33;49m42 x 28 et 21 x 27 cm[0m' => '[0;32;49m42 x 28 and 21 x 27 cm[0m'
I, [2020-05-15T13:22:59.144972 #16757]  INFO -- : lab.rism: Source #840016700 300$c: '[0;33;49m30,5 x 22,5 cm et 34,5 x 26 cm[0m' => '[0;32;49m30,5 x 22,5 cm and 34,5 x 26 cm[0m'
I, [2020-05-15T13:22:59.301499 #16757]  INFO -- : lab.rism: Source #840016702 300$c: '[0;33;49m30 x 23 cm et 23 x 31 cm[0m' => '[0;32;49m30 x 23 cm and 23 x 31 cm[0m'
I, [2020-05-15T13:22:59.390413 #16757]  INFO -- : lab.rism: Source #840016704 300$c: '[0;33;49m23,5 x 30,5 et 21 x 27 cm[0m' => '[0;32;49m23,5 x 30,5 and 21 x 27 cm[0m'
I, [2020-05-15T13:23:00.563022 #16757]  INFO -- : lab.rism: Source #840016863 300$c: '[0;33;49mformats divers[0m' => '[0;32;49mDifferent sizes[0m'
I, [2020-05-15T13:23:01.509965 #16757]  INFO -- : lab.rism: Source #840016975 300$c: '[0;33;49m22 x 27 cm et 30 x 23 cm[0m' => '[0;32;49m22 x 27 cm and 30 x 23 cm[0m'
I, [2020-05-15T13:23:02.124422 #16757]  INFO -- : lab.rism: Source #840017033 300$c: '[0;33;49m23 x 30 cm et 30,5 x 22,5 cm[0m' => '[0;32;49m23 x 30 cm and 30,5 x 22,5 cm[0m'
I, [2020-05-15T13:23:02.886850 #16757]  INFO -- : lab.rism: Source #840017128 300$c: '[0;33;49mformats divers[0m' => '[0;32;49mDifferent sizes[0m'
I, [2020-05-15T13:23:02.978966 #16757]  INFO -- : lab.rism: Source #840017131 300$c: '[0;33;49m25 x 20 cm et 27 x 20,5 cm[0m' => '[0;32;49m25 x 20 cm and 27 x 20,5 cm[0m'
I, [2020-05-15T13:23:03.413310 #16757]  INFO -- : lab.rism: Source #840017176 300$c: '[0;33;49mformats divers[0m' => '[0;32;49mDifferent sizes[0m'
I, [2020-05-15T13:23:04.109271 #16757]  INFO -- : lab.rism: Source #840017254 300$c: '[0;33;49m30 x 23 et 29,5 x 22,5 cm[0m' => '[0;32;49m30 x 23 and 29,5 x 22,5 cm[0m'
I, [2020-05-15T13:23:04.912317 #16757]  INFO -- : lab.rism: Source #840017315 300$c: '[0;33;49m21,5 x 27,5 et 31 x 23 cm[0m' => '[0;32;49m21,5 x 27,5 and 31 x 23 cm[0m'
I, [2020-05-15T13:23:05.587870 #16757]  INFO -- : lab.rism: Source #840017353 300$c: '[0;33;49m30,5 x 23 cm et 28,5 x 21,5 cm[0m' => '[0;32;49m30,5 x 23 cm and 28,5 x 21,5 cm[0m'
I, [2020-05-15T13:23:06.498848 #16757]  INFO -- : lab.rism: Source #840017419 300$c: '[0;33;49mformats divers[0m' => '[0;32;49mDifferent sizes[0m'
I, [2020-05-15T13:23:07.240006 #16757]  INFO -- : lab.rism: Source #840017476 300$c: '[0;33;49m22,5 x 29,5 cm et 20 x 14 cm[0m' => '[0;32;49m22,5 x 29,5 cm and 20 x 14 cm[0m'
I, [2020-05-15T13:23:07.451792 #16757]  INFO -- : lab.rism: Source #840017484 300$c: '[0;33;49mformats divers[0m' => '[0;32;49mDifferent sizes[0m'
I, [2020-05-15T13:23:08.215639 #16757]  INFO -- : lab.rism: Source #840017578 300$c: '[0;33;49m30,5 x 23cm et 26,5 x 20,5 cm[0m' => '[0;32;49m30,5 x 23cm and 26,5 x 20,5 cm[0m'
I, [2020-05-15T13:23:08.481633 #16757]  INFO -- : lab.rism: Source #840017593 300$c: '[0;33;49m30 x 22,5 cm et 26,5 x 21,5 cm[0m' => '[0;32;49m30 x 22,5 cm and 26,5 x 21,5 cm[0m'
I, [2020-05-15T13:23:08.582944 #16757]  INFO -- : lab.rism: Source #840017594 300$c: '[0;33;49m30,5 x 24 cm et 30 x 22,5 cm[0m' => '[0;32;49m30,5 x 24 cm and 30 x 22,5 cm[0m'
I, [2020-05-15T13:23:08.966327 #16757]  INFO -- : lab.rism: Source #840017627 300$c: '[0;33;49m30 x 23 cm et 29 x 21 cm[0m' => '[0;32;49m30 x 23 cm and 29 x 21 cm[0m'
I, [2020-05-15T13:23:09.216129 #16757]  INFO -- : lab.rism: Source #840017641 300$c: '[0;33;49m30,5 x 24 cm et 29,5 x 22 cm[0m' => '[0;32;49m30,5 x 24 cm and 29,5 x 22 cm[0m'
I, [2020-05-15T13:23:09.964081 #16757]  INFO -- : lab.rism: Source #840017739 300$c: '[0;33;49m24 x 31 cm et 22,5 x 31,5 cm[0m' => '[0;32;49m24 x 31 cm and 22,5 x 31,5 cm[0m'
I, [2020-05-15T13:23:10.362010 #16757]  INFO -- : lab.rism: Source #840017762 300$c: '[0;33;49m33 x 21 cm et 25 x 31 cm[0m' => '[0;32;49m33 x 21 cm and 25 x 31 cm[0m'
I, [2020-05-15T13:23:10.530489 #16757]  INFO -- : lab.rism: Source #840017777 300$c: '[0;33;49m33,5 x 25 cm et 22,5 x 29,5 cm[0m' => '[0;32;49m33,5 x 25 cm and 22,5 x 29,5 cm[0m'
I, [2020-05-15T13:23:11.287296 #16757]  INFO -- : lab.rism: Source #840017861 300$c: '[0;33;49m31 x 24 et 36 x 28 cm[0m' => '[0;32;49m31 x 24 and 36 x 28 cm[0m'
I, [2020-05-15T13:23:11.420709 #16757]  INFO -- : lab.rism: Source #840017862 300$c: '[0;33;49mformats divers[0m' => '[0;32;49mDifferent sizes[0m'
I, [2020-05-15T13:23:11.668502 #16757]  INFO -- : lab.rism: Source #840017872 300$c: '[0;33;49mformats divers[0m' => '[0;32;49mDifferent sizes[0m'
I, [2020-05-15T13:23:11.848575 #16757]  INFO -- : lab.rism: Source #840017883 300$c: '[0;33;49m23,5 x 31 cm et 22 x 27,5 cm[0m' => '[0;32;49m23,5 x 31 cm and 22 x 27,5 cm[0m'
I, [2020-05-15T13:23:11.962577 #16757]  INFO -- : lab.rism: Source #840017885 300$c: '[0;33;49mformats divers[0m' => '[0;32;49mDifferent sizes[0m'
I, [2020-05-15T13:23:12.201700 #16757]  INFO -- : lab.rism: Source #840017886 300$c: '[0;33;49m31 x 24 cm et 21 x 27 cm[0m' => '[0;32;49m31 x 24 cm and 21 x 27 cm[0m'
I, [2020-05-15T13:23:12.485521 #16757]  INFO -- : lab.rism: Source #840017900 300$c: '[0;33;49mformats divers[0m' => '[0;32;49mDifferent sizes[0m'
I, [2020-05-15T13:23:12.870694 #16757]  INFO -- : lab.rism: Source #840017925 300$c: '[0;33;49mformats divers[0m' => '[0;32;49mDifferent sizes[0m'
I, [2020-05-15T13:23:13.033612 #16757]  INFO -- : lab.rism: Source #840017935 300$c: '[0;33;49mformats divers[0m' => '[0;32;49mDifferent sizes[0m'
I, [2020-05-15T13:23:13.502439 #16757]  INFO -- : lab.rism: Source #840017993 300$c: '[0;33;49m29 x 22,5 cm  et 20,5 x 26,5 cm[0m' => '[0;32;49m29 x 22,5 cm  and 20,5 x 26,5 cm[0m'
I, [2020-05-15T13:23:14.650984 #16757]  INFO -- : lab.rism: Source #840018098 300$c: '[0;33;49m21 x 26,5 cm et 30 x 23 cm[0m' => '[0;32;49m21 x 26,5 cm and 30 x 23 cm[0m'
I, [2020-05-15T13:23:14.889177 #16757]  INFO -- : lab.rism: Source #840018101 300$c: '[0;33;49m19,5 x 23 et 20,5 x 26,5 cm[0m' => '[0;32;49m19,5 x 23 and 20,5 x 26,5 cm[0m'
I, [2020-05-15T13:23:14.997763 #16757]  INFO -- : lab.rism: Source #840018103 300$c: '[0;33;49m20,5 x 26,5 et 30 x 23 cm[0m' => '[0;32;49m20,5 x 26,5 and 30 x 23 cm[0m'
I, [2020-05-15T13:23:15.406694 #16757]  INFO -- : lab.rism: Source #840018139 300$c: '[0;33;49mformats divers[0m' => '[0;32;49mDifferent sizes[0m'
I, [2020-05-15T13:23:15.724693 #16757]  INFO -- : lab.rism: Source #840018153 300$c: '[0;33;49mformats divers[0m' => '[0;32;49mDifferent sizes[0m'
I, [2020-05-15T13:23:16.222017 #16757]  INFO -- : lab.rism: Source #840018167 300$c: '[0;33;49mformats divers[0m' => '[0;32;49mDifferent sizes[0m'
I, [2020-05-15T13:23:16.441581 #16757]  INFO -- : lab.rism: Source #840018178 300$c: '[0;33;49m24 x 30 cm et 30,5 x 23,5 cm[0m' => '[0;32;49m24 x 30 cm and 30,5 x 23,5 cm[0m'
I, [2020-05-15T13:23:16.600110 #16757]  INFO -- : lab.rism: Source #840018187 300$c: '[0;33;49m22,5 x 29,5 et 27 x 35 cm[0m' => '[0;32;49m22,5 x 29,5 and 27 x 35 cm[0m'
I, [2020-05-15T13:23:17.717271 #16757]  INFO -- : lab.rism: Source #840018341 300$c: '[0;33;49m38,5 x 26 et 43,5 x 29 cm[0m' => '[0;32;49m38,5 x 26 and 43,5 x 29 cm[0m'
I, [2020-05-15T13:23:18.375343 #16757]  INFO -- : lab.rism: Source #840018407 300$c: '[0;33;49m25 x 18,5 et 28,5 x 24 cm[0m' => '[0;32;49m25 x 18,5 and 28,5 x 24 cm[0m'
I, [2020-05-15T13:23:20.352887 #16757]  INFO -- : lab.rism: Source #840018564 300$c: '[0;33;49m23 x 29 et 29,5 x 22,5 cm[0m' => '[0;32;49m23 x 29 and 29,5 x 22,5 cm[0m'
I, [2020-05-15T13:23:21.081799 #16757]  INFO -- : lab.rism: Source #840018571 300$c: '[0;33;49m22,5 x 28,5, 23,5 x 30 et 28,5 x 22,5 cm[0m' => '[0;32;49m22,5 x 28,5, 23,5 x 30 and 28,5 x 22,5 cm[0m'
I, [2020-05-15T13:23:21.461905 #16757]  INFO -- : lab.rism: Source #840018574 300$c: '[0;33;49m35,5 x 25 et 23 x 32 cm[0m' => '[0;32;49m35,5 x 25 and 23 x 32 cm[0m'
I, [2020-05-15T13:23:22.077023 #16757]  INFO -- : lab.rism: Source #840018646 300$c: '[0;33;49m22 x 31 et 30 x 22,5 cm[0m' => '[0;32;49m22 x 31 and 30 x 22,5 cm[0m'
I, [2020-05-15T13:23:22.539688 #16757]  INFO -- : lab.rism: Source #840018696 300$c: '[0;33;49m26,5 x 33 cm  et 34 x 26 cm[0m' => '[0;32;49m26,5 x 33 cm  and 34 x 26 cm[0m'
I, [2020-05-15T13:23:23.256213 #16757]  INFO -- : lab.rism: Source #840018794 300$c: '[0;33;49m22 x 31,5 et 32 x 21,5 cm[0m' => '[0;32;49m22 x 31,5 and 32 x 21,5 cm[0m'
I, [2020-05-15T13:23:23.628446 #16757]  INFO -- : lab.rism: Source #840018847 300$c: '[0;33;49m22 x 30,5 cm et 26,5 x 30,5 cm[0m' => '[0;32;49m22 x 30,5 cm and 26,5 x 30,5 cm[0m'
I, [2020-05-15T13:23:23.881352 #16757]  INFO -- : lab.rism: Source #840018870 300$c: '[0;33;49m28,2 x 28,5 cm et 23 x 17,5 cm[0m' => '[0;32;49m28,2 x 28,5 cm and 23 x 17,5 cm[0m'
I, [2020-05-15T13:23:24.388028 #16757]  INFO -- : lab.rism: Source #840018933 300$c: '[0;33;49m24 x 18,5 et 28,5 x 22,5 cm[0m' => '[0;32;49m24 x 18,5 and 28,5 x 22,5 cm[0m'
I, [2020-05-15T13:23:24.507557 #16757]  INFO -- : lab.rism: Source #840018942 300$c: '[0;33;49m30 x 21,5 et 24 x 18 cm[0m' => '[0;32;49m30 x 21,5 and 24 x 18 cm[0m'
I, [2020-05-15T13:23:24.610503 #16757]  INFO -- : lab.rism: Source #840018951 300$c: '[0;33;49m35 x 25 et 29 x 22,5 cm[0m' => '[0;32;49m35 x 25 and 29 x 22,5 cm[0m'
I, [2020-05-15T13:23:24.806017 #16757]  INFO -- : lab.rism: Source #840018952 300$c: '[0;33;49m33 x 26 et 29,5 cm[0m' => '[0;32;49m33 x 26 and 29,5 cm[0m'
I, [2020-05-15T13:23:25.151469 #16757]  INFO -- : lab.rism: Source #840019028 300$c: '[0;33;49m [0m' => ''
