# Logfile created on 2020-11-03 13:19:08 +0100 by logger.rb/56815
I, [2020-11-03T13:19:14.168176 #30053]  INFO -- : lab.rism: 990000219 changed 510$c from '1620|15' to '1620¦15'
I, [2020-11-03T13:19:14.220508 #30053]  INFO -- : lab.rism: 990000220 changed 510$c from '1621|18' to '1621¦18'
I, [2020-11-03T13:19:15.060025 #30053]  INFO -- : lab.rism: 990000367 changed 510$c from 'RISM B/I: 1611|2' to 'RISM B/I: 1611¦2'
I, [2020-11-03T13:19:15.112134 #30053]  INFO -- : lab.rism: 990000368 changed 510$c from '1615|4' to '1615¦4'
I, [2020-11-03T13:19:15.170451 #30053]  INFO -- : lab.rism: 990000376 changed 510$c from '1615|5' to '1615¦5'
I, [2020-11-03T13:19:15.594449 #30053]  INFO -- : lab.rism: 990000491 changed 510$c from '1660|2' to '1660¦2'
I, [2020-11-03T13:19:15.769347 #30053]  INFO -- : lab.rism: 990000523 changed 510$c from '1609|2' to '1609¦2'
I, [2020-11-03T13:19:15.928819 #30053]  INFO -- : lab.rism: 990000550 changed 510$c from '1626|6' to '1626¦6'
I, [2020-11-03T13:19:16.226624 #30053]  INFO -- : lab.rism: 990000601 changed 510$c from '1616|11' to '1616¦11'
I, [2020-11-03T13:19:17.159921 #30053]  INFO -- : lab.rism: 990000859 changed 510$c from '1619|12' to '1619¦12'
I, [2020-11-03T13:19:17.320527 #30053]  INFO -- : lab.rism: 990000866 changed 510$c from '1662|3' to '1662¦3'
I, [2020-11-03T13:19:17.411055 #30053]  INFO -- : lab.rism: 990000874 changed 510$c from '1644|1' to '1644¦1'
I, [2020-11-03T13:19:17.912353 #30053]  INFO -- : lab.rism: 990000965 changed 510$c from '1609|4' to '1609¦4'
I, [2020-11-03T13:19:18.335148 #30053]  INFO -- : lab.rism: 990001035 changed 510$c from '1599|6' to '1599¦6'
I, [2020-11-03T13:19:18.611908 #30053]  INFO -- : lab.rism: 990001106 changed 510$c from '1613|4' to '1613¦4'
I, [2020-11-03T13:19:18.685898 #30053]  INFO -- : lab.rism: 990001126 changed 510$c from '1619|8' to '1619¦8'
I, [2020-11-03T13:19:18.986931 #30053]  INFO -- : lab.rism: 990001223 changed 510$c from '1689|8' to '1689¦8'
I, [2020-11-03T13:19:19.184896 #30053]  INFO -- : lab.rism: 990001266 changed 510$c from '1603|2' to '1603¦2'
I, [2020-11-03T13:19:19.228594 #30053]  INFO -- : lab.rism: 990001271 changed 510$c from '1614|4' to '1614¦4'
I, [2020-11-03T13:19:19.353927 #30053]  INFO -- : lab.rism: 990001312 changed 510$c from '1559|21' to '1559¦21'
I, [2020-11-03T13:19:19.394326 #30053]  INFO -- : lab.rism: 990001324 changed 510$c from '[c.1551]|12' to '[c.1551]¦12'
I, [2020-11-03T13:19:19.436048 #30053]  INFO -- : lab.rism: 990001326 changed 510$c from '1551|11' to '1551¦11'
I, [2020-11-03T13:19:19.495416 #30053]  INFO -- : lab.rism: 990001327 changed 510$c from '1553|27' to '1553¦27'
I, [2020-11-03T13:19:19.545466 #30053]  INFO -- : lab.rism: 990001329 changed 510$c from '1556|24' to '1556¦24'
I, [2020-11-03T13:19:19.612224 #30053]  INFO -- : lab.rism: 990001330 changed 510$c from '1557|21' to '1557¦21'
I, [2020-11-03T13:19:19.670504 #30053]  INFO -- : lab.rism: 990001331 changed 510$c from '1558|14' to '1558¦14'
I, [2020-11-03T13:19:19.762177 #30053]  INFO -- : lab.rism: 990001339 changed 510$c from '1603|9' to '1603¦9'
I, [2020-11-03T13:19:19.845536 #30053]  INFO -- : lab.rism: 990001348 changed 510$c from '1601|9' to '1601¦9'
I, [2020-11-03T13:19:19.878965 #30053]  INFO -- : lab.rism: 990001349 changed 510$c from '1606|9' to '1606¦9'
I, [2020-11-03T13:19:19.920660 #30053]  INFO -- : lab.rism: 990001350 changed 510$c from '1608|16' to '1608¦16'
I, [2020-11-03T13:19:19.953886 #30053]  INFO -- : lab.rism: 990001351 changed 510$c from '1608|15' to '1608¦15'
I, [2020-11-03T13:19:20.003937 #30053]  INFO -- : lab.rism: 990001353 changed 510$c from '1617|11' to '1617¦11'
I, [2020-11-03T13:19:20.060182 #30053]  INFO -- : lab.rism: 990001354 changed 510$c from '1617|10' to '1617¦10'
I, [2020-11-03T13:19:20.120574 #30053]  INFO -- : lab.rism: 990001358 changed 510$c from '1603|10' to '1603¦10'
I, [2020-11-03T13:19:20.162234 #30053]  INFO -- : lab.rism: 990001359 changed 510$c from '1608|14' to '1608¦14'
I, [2020-11-03T13:19:20.219574 #30053]  INFO -- : lab.rism: 990001360 changed 510$c from '1625|7' to '1625¦7'
I, [2020-11-03T13:19:20.270657 #30053]  INFO -- : lab.rism: 990001361 changed 510$c from '1628|13' to '1628¦13'
I, [2020-11-03T13:19:20.337274 #30053]  INFO -- : lab.rism: 990001363 changed 510$c from '1627|7' to '1627¦7'
I, [2020-11-03T13:19:20.412324 #30053]  INFO -- : lab.rism: 990001366 changed 510$c from '1640|7' to '1640¦7'
I, [2020-11-03T13:19:20.470692 #30053]  INFO -- : lab.rism: 990001367 changed 510$c from '1642|5' to '1642¦5'
I, [2020-11-03T13:19:20.553028 #30053]  INFO -- : lab.rism: 990001373 changed 510$c from '1552|21' to '1552¦21'
I, [2020-11-03T13:19:20.604005 #30053]  INFO -- : lab.rism: 990001376 changed 510$c from '[c.1556]|23' to '[c.1556]¦23'
I, [2020-11-03T13:19:20.662408 #30053]  INFO -- : lab.rism: 990001379 changed 510$c from '1556|22' to '1556¦22'
I, [2020-11-03T13:19:20.869737 #30053]  INFO -- : lab.rism: 990001397 changed 510$c from '1612|2' to '1612¦2'
I, [2020-11-03T13:19:21.568323 #30053]  INFO -- : lab.rism: 990001546 changed 510$c from '1651|7' to '1651¦7'
I, [2020-11-03T13:19:21.629166 #30053]  INFO -- : lab.rism: 990001547 changed 510$c from '1659|6' to '1659¦6'
I, [2020-11-03T13:19:25.110343 #30053]  INFO -- : lab.rism: 990002167 changed 510$c from '1663|2' to '1663¦2'
I, [2020-11-03T13:19:26.343662 #30053]  INFO -- : lab.rism: 990002637 changed 510$c from '1609|3' to '1609¦3'
I, [2020-11-03T13:19:27.510834 #30053]  INFO -- : lab.rism: 990002962 changed 510$c from '1557|18' to '1557¦18'
I, [2020-11-03T13:19:27.603645 #30053]  INFO -- : lab.rism: 990002967 changed 510$c from '1559|19' to '1559¦19'
I, [2020-11-03T13:19:27.744515 #30053]  INFO -- : lab.rism: 990002989 changed 510$c from '1616|3' to '1616¦3'
I, [2020-11-03T13:19:27.886952 #30053]  INFO -- : lab.rism: 990003010 changed 510$c from '1605|11' to '1605¦11'
I, [2020-11-03T13:19:30.745044 #30053]  INFO -- : lab.rism: 990003789 changed 510$c from '1652|4' to '1652¦4'
I, [2020-11-03T13:19:31.128037 #30053]  INFO -- : lab.rism: 990003858 changed 510$c from '1599|12' to '1599¦12'
I, [2020-11-03T13:19:33.528407 #30053]  INFO -- : lab.rism: 990004502 changed 510$c from '1599|13' to '1599¦13'
I, [2020-11-03T13:19:33.594428 #30053]  INFO -- : lab.rism: 990004504 changed 510$c from '1604|3' to '1604¦3'
I, [2020-11-03T13:19:34.358979 #30053]  INFO -- : lab.rism: 990004706 changed 510$c from '1604|4' to '1604¦4'
I, [2020-11-03T13:19:34.411416 #30053]  INFO -- : lab.rism: 990004710 changed 510$c from '1613|11' to '1613¦11'
I, [2020-11-03T13:19:34.594820 #30053]  INFO -- : lab.rism: 990004763 changed 510$c from '1668|3' to '1668¦3'
I, [2020-11-03T13:19:34.794127 #30053]  INFO -- : lab.rism: 990004809 changed 510$c from '1606|1' to '1606¦1'
I, [2020-11-03T13:19:37.334310 #30053]  INFO -- : lab.rism: 990005377 changed 510$c from '1608|2' to '1608¦2'
I, [2020-11-03T13:19:37.777985 #30053]  INFO -- : lab.rism: 990005480 changed 510$c from '1607|3' to '1607¦3'
I, [2020-11-03T13:19:40.520536 #30053]  INFO -- : lab.rism: 990006019 changed 510$c from '1628|7' to '1628¦7'
I, [2020-11-03T13:19:40.595386 #30053]  INFO -- : lab.rism: 990006023 changed 510$c from '1632|6' to '1632¦6'
I, [2020-11-03T13:19:40.677306 #30053]  INFO -- : lab.rism: 990006027 changed 510$c from '1620|11' to '1620¦11'
I, [2020-11-03T13:19:40.743973 #30053]  INFO -- : lab.rism: 990006030 changed 510$c from '1626|12' to '1626¦12'
I, [2020-11-03T13:19:40.785624 #30053]  INFO -- : lab.rism: 990006031 changed 510$c from '1628|11' to '1628¦11'
I, [2020-11-03T13:19:40.837090 #30053]  INFO -- : lab.rism: 990006032 changed 510$c from '1632|7' to '1632¦7'
I, [2020-11-03T13:19:41.369106 #30053]  INFO -- : lab.rism: 990006149 changed 510$c from '1604|15' to '1604¦15'
I, [2020-11-03T13:19:41.495378 #30053]  INFO -- : lab.rism: 990006168 changed 510$c from '1619|6' to '1619¦6'
I, [2020-11-03T13:19:41.543970 #30053]  INFO -- : lab.rism: 990006170 changed 510$c from '1599|14' to '1599¦14'
I, [2020-11-03T13:19:41.578706 #30053]  INFO -- : lab.rism: 990006171 changed 510$c from '1601|10' to '1601¦10'
I, [2020-11-03T13:19:41.878902 #30053]  INFO -- : lab.rism: 990006224 changed 510$c from '1607|10' to '1607¦10'
I, [2020-11-03T13:19:41.928986 #30053]  INFO -- : lab.rism: 990006225 changed 510$c from '1608|5' to '1608¦5'
I, [2020-11-03T13:19:44.453596 #30053]  INFO -- : lab.rism: 990006831 changed 510$c from '1619|13' to '1619¦13'
I, [2020-11-03T13:19:44.520254 #30053]  INFO -- : lab.rism: 990006834 changed 510$c from '1617|25' to '1617¦25'
I, [2020-11-03T13:19:44.910569 #30053]  INFO -- : lab.rism: 990006917 changed 510$c from '1553|3|5' to '1553¦3¦5'
I, [2020-11-03T13:19:46.027303 #30053]  INFO -- : lab.rism: 990007255 changed 510$c from '1614|14' to '1614¦14'
I, [2020-11-03T13:19:46.119648 #30053]  INFO -- : lab.rism: 990007257 changed 510$c from '1616|12' to '1616¦12'
I, [2020-11-03T13:19:47.636883 #30053]  INFO -- : lab.rism: 990007573 changed 510$c from '1608|6' to '1608¦6'
I, [2020-11-03T13:19:47.843961 #30053]  INFO -- : lab.rism: 990007594 changed 510$c from '1626|10' to '1626¦10'
I, [2020-11-03T13:19:48.852169 #30053]  INFO -- : lab.rism: 990007867 changed 510$c from '1617|12' to '1617¦12'
I, [2020-11-03T13:19:48.903457 #30053]  INFO -- : lab.rism: 990007868 changed 510$c from '1604|16' to '1604¦16'
I, [2020-11-03T13:19:48.945152 #30053]  INFO -- : lab.rism: 990007869 changed 510$c from '1605|17' to '1605¦17'
I, [2020-11-03T13:19:51.103818 #30053]  INFO -- : lab.rism: 990008384 changed 510$c from '1607|27' to '1607¦27'
I, [2020-11-03T13:19:51.178401 #30053]  INFO -- : lab.rism: 990008385 changed 510$c from '1614|22' to '1614¦22'
I, [2020-11-03T13:19:52.203675 #30053]  INFO -- : lab.rism: 990008571 changed 510$c from '1614|15' to '1614¦15'
I, [2020-11-03T13:19:52.803309 #30053]  INFO -- : lab.rism: 990008677 changed 510$c from '1645|1' to '1645¦1'
I, [2020-11-03T13:19:52.903214 #30053]  INFO -- : lab.rism: 990008678 changed 510$c from '1650|2' to '1650¦2'
I, [2020-11-03T13:19:53.794830 #30053]  INFO -- : lab.rism: 990008882 changed 510$c from '1664|1a' to '1664¦1a'
I, [2020-11-03T13:19:54.062312 #30053]  INFO -- : lab.rism: 990008921 changed 510$c from '1598|12' to '1598¦12'
I, [2020-11-03T13:19:54.928080 #30053]  INFO -- : lab.rism: 990009056 changed 510$c from '1640|3' to '1640¦3'
I, [2020-11-03T13:19:54.969746 #30053]  INFO -- : lab.rism: 990009057 changed 510$c from '1642|2' to '1642¦2'
I, [2020-11-03T13:19:55.039849 #30053]  INFO -- : lab.rism: 990009058 changed 510$c from '1644|2' to '1644¦2'
I, [2020-11-03T13:19:55.078215 #30053]  INFO -- : lab.rism: 990009059 changed 510$c from '1650|3' to '1650¦3'
I, [2020-11-03T13:19:55.160551 #30053]  INFO -- : lab.rism: 990009063 changed 510$c from '1643|3' to '1643¦3'
I, [2020-11-03T13:19:55.227136 #30053]  INFO -- : lab.rism: 990009067 changed 510$c from '1654|3' to '1654¦3'
I, [2020-11-03T13:19:55.294853 #30053]  INFO -- : lab.rism: 990009072 changed 510$c from '1645|4' to '1645¦4'
I, [2020-11-03T13:19:55.419867 #30053]  INFO -- : lab.rism: 990009073 changed 510$c from '1647|4' to '1647¦4'
I, [2020-11-03T13:19:55.510450 #30053]  INFO -- : lab.rism: 990009085 changed 510$c from '1609|19' to '1609¦19'
I, [2020-11-03T13:19:55.560515 #30053]  INFO -- : lab.rism: 990009086 changed 510$c from '1611|13' to '1611¦13'
I, [2020-11-03T13:19:57.378102 #30053]  INFO -- : lab.rism: 990009650 changed 510$c from '1620|5' to '1620¦5'
I, [2020-11-03T13:19:57.703283 #30053]  INFO -- : lab.rism: 990009653 changed 510$c from '1621|5' to '1621¦5'
I, [2020-11-03T13:19:57.794731 #30053]  INFO -- : lab.rism: 990009665 changed 510$c from '1615|15' to '1615¦15'
I, [2020-11-03T13:19:57.835375 #30053]  INFO -- : lab.rism: 990009667 changed 510$c from '1617|13' to '1617¦13'
I, [2020-11-03T13:19:57.935470 #30053]  INFO -- : lab.rism: 990009675 changed 510$c from '1610|4' to '1610¦4'
I, [2020-11-03T13:19:59.523680 #30053]  INFO -- : lab.rism: 990009976 changed 510$c from '1607|15' to '1607¦15'
