# Logfile created on 2020-11-05 12:00:00 +0100 by logger.rb/56815
I, [2020-11-05T12:00:19.907535 #18766]  INFO -- : lab.rism: 190026035 changed 500$a from 'Zusammengebunden mit Septiesme livre de chansons, RISM B I: 1570|8 unter anderen' to 'Zusammengebunden mit Septiesme livre de chansons, RISM B I: 1570¦8 unter anderen'
I, [2020-11-05T12:00:20.502807 #18766]  INFO -- : lab.rism: 190026524 changed 500$a from 'Zuschreibung laut RISM ID no. 1001043224, RISM A/I: G 4624; GG 4624, RISM B/I: 1628|1 und HGWV' to 'Zuschreibung laut RISM ID no. 1001043224, RISM A/I: G 4624; GG 4624, RISM B/I: 1628¦1 und HGWV'
I, [2020-11-05T12:00:41.825982 #18766]  INFO -- : lab.rism: 211002220 changed 500$a from 'Die im 19. Jahrhundert neu gebundenen Stimmbücher enthalten Druckausgaben (unter anderem RISM B 1618|1 und 1621|2), daran angebunden handschriftliche Stimmen; lediglich der T-Stimmband enthält nur die Drucke, die handschriftlichen Stimmen liegen separat bei' to 'Die im 19. Jahrhundert neu gebundenen Stimmbücher enthalten Druckausgaben (unter anderem RISM B 1618¦1 und 1621¦2), daran angebunden handschriftliche Stimmen; lediglich der T-Stimmband enthält nur die Drucke, die handschriftlichen Stimmen liegen separat bei'
I, [2020-11-05T12:00:42.047418 #18766]  INFO -- : lab.rism: 211002289 changed 500$a from 'Zwischentitel in der bc-Stimme auf f.678: "SIRENIS COELESTIS / sive / FLORILEGII / Cantionum 1. 2. 3. vocum / BASIS GENE / ralis. / Ephes: 5 / Aut ad placitum Dei cane / aut sile. / Sing wie Gott wil / Oder schweig still. / Fuga [folgt Notentext eines 8-stimmigen Kanons 'Sancta Trinitas unus Deus, Miserere nostri'] 8 Vocum."; vorliegend also Abschriften aus RISM B/1 1616|2 oder 1622|3' to 'Zwischentitel in der bc-Stimme auf f.678: "SIRENIS COELESTIS / sive / FLORILEGII / Cantionum 1. 2. 3. vocum / BASIS GENE / ralis. / Ephes: 5 / Aut ad placitum Dei cane / aut sile. / Sing wie Gott wil / Oder schweig still. / Fuga [folgt Notentext eines 8-stimmigen Kanons 'Sancta Trinitas unus Deus, Miserere nostri'] 8 Vocum."; vorliegend also Abschriften aus RISM B/1 1616¦2 oder 1622¦3'
I, [2020-11-05T12:00:42.167976 #18766]  INFO -- : lab.rism: 211002392 changed 500$a from 'Komponist ermittelt in RISM B/I 1637|3 (no.8)' to 'Komponist ermittelt in RISM B/I 1637¦3 (no.8)'
I, [2020-11-05T12:00:42.293449 #18766]  INFO -- : lab.rism: 211002426 changed 500$a from 'Mit Angabe des Komponisten gedruckt in RISM B/I 1540|7 (no.18)' to 'Mit Angabe des Komponisten gedruckt in RISM B/I 1540¦7 (no.18)'
I, [2020-11-05T12:00:42.403698 #18766]  INFO -- : lab.rism: 211002554 changed 500$a from 'Gedruckt in RISM B/I 1537|1 (no.30)' to 'Gedruckt in RISM B/I 1537¦1 (no.30)'
I, [2020-11-05T12:00:42.518121 #18766]  INFO -- : lab.rism: 211002556 changed 500$a from 'Gedruckt in RISM B/I 1519|2 (no.5)' to 'Gedruckt in RISM B/I 1519¦2 (no.5)'
I, [2020-11-05T12:00:42.609822 #18766]  INFO -- : lab.rism: 211002576 changed 500$a from 'Ebenfalls ohne Autorangabe gedruckt in RISM B/I 1555|12 (no.1)' to 'Ebenfalls ohne Autorangabe gedruckt in RISM B/I 1555¦12 (no.1)'
I, [2020-11-05T12:00:42.683958 #18766]  INFO -- : lab.rism: 211002578 changed 500$a from 'Gedruckt in RISM B/I 1556|8 (no.5)' to 'Gedruckt in RISM B/I 1556¦8 (no.5)'
I, [2020-11-05T12:00:42.805915 #18766]  INFO -- : lab.rism: 211002869 changed 500$a from 'Mit Angabe des Komponisten gedruckt in RISM B/I 1568|02 (p.122-123)' to 'Mit Angabe des Komponisten gedruckt in RISM B/I 1568¦02 (p.122-123)'
I, [2020-11-05T12:00:42.910074 #18766]  INFO -- : lab.rism: 211002947 changed 500$a from 'Gedruckt in RISM B/I 1538|7 (no.14), dort ebenfalls anonym' to 'Gedruckt in RISM B/I 1538¦7 (no.14), dort ebenfalls anonym'
I, [2020-11-05T12:00:43.002957 #18766]  INFO -- : lab.rism: 211002964 changed 500$a from 'Komponist ermittelt in RISM B/I 1545|5 (no.108)' to 'Komponist ermittelt in RISM B/I 1545¦5 (no.108)'
I, [2020-11-05T12:00:43.111489 #18766]  INFO -- : lab.rism: 211002965 changed 500$a from 'Komponist ermittelt in RISM B/I 1545|5 (no.109)' to 'Komponist ermittelt in RISM B/I 1545¦5 (no.109)'
I, [2020-11-05T12:00:43.159327 #18766]  INFO -- : lab.rism: 211002982 changed 500$a from 'Komponist ermittelt in RISM B/I 1575|2 (no.18)' to 'Komponist ermittelt in RISM B/I 1575¦2 (no.18)'
I, [2020-11-05T12:00:43.225329 #18766]  INFO -- : lab.rism: 211003042 changed 500$a from 'Eine Quinte höher transponiert gegenüber der wohl originalen Fassung wie sie in RISM B/I 1585|1 gedruckt ist' to 'Eine Quinte höher transponiert gegenüber der wohl originalen Fassung wie sie in RISM B/I 1585¦1 gedruckt ist'
I, [2020-11-05T12:00:43.275414 #18766]  INFO -- : lab.rism: 211003092 changed 500$a from 'Mit Angabe des Komponisten gedruckt in RISM B/1 1585|1 (no.6)' to 'Mit Angabe des Komponisten gedruckt in RISM B/1 1585¦1 (no.6)'
I, [2020-11-05T12:00:43.313495 #18766]  INFO -- : lab.rism: 211003098 changed 500$a from 'Mit Angabe des Komponisten gedruckt in RISM B/I 1585|4 (p.13)' to 'Mit Angabe des Komponisten gedruckt in RISM B/I 1585¦4 (p.13)'
I, [2020-11-05T12:00:43.350784 #18766]  INFO -- : lab.rism: 211003208 changed 500$a from 'Mit Angabe des Komponisten gedruckt in RISM B/I 1568|3 (p.188)' to 'Mit Angabe des Komponisten gedruckt in RISM B/I 1568¦3 (p.188)'
I, [2020-11-05T12:00:43.392325 #18766]  INFO -- : lab.rism: 211003213 changed 500$a from 'Gedruckt mit der Angabe des Komponisten ("Jean Pierre") in RISM B/I 1554|13 (p.14-15)' to 'Gedruckt mit der Angabe des Komponisten ("Jean Pierre") in RISM B/I 1554¦13 (p.14-15)'
I, [2020-11-05T12:00:43.435034 #18766]  INFO -- : lab.rism: 211003219 changed 500$a from 'Mit Angabe des Komponisten gedruckt in RISM B/I 1583|2 (no.32)' to 'Mit Angabe des Komponisten gedruckt in RISM B/I 1583¦2 (no.32)'
I, [2020-11-05T12:00:43.493074 #18766]  INFO -- : lab.rism: 211003220 changed 500$a from 'Mit Angabe des Komponisten gedruckt in RISM B/I 1558|4 (no.42)' to 'Mit Angabe des Komponisten gedruckt in RISM B/I 1558¦4 (no.42)'
I, [2020-11-05T12:00:43.534173 #18766]  INFO -- : lab.rism: 211003223 changed 500$a from 'Mit Angabe des Komponisten gedruckt in RISM B/I 1555|10 (no.5)' to 'Mit Angabe des Komponisten gedruckt in RISM B/I 1555¦10 (no.5)'
I, [2020-11-05T12:00:43.691453 #18766]  INFO -- : lab.rism: 211003225 changed 500$a from 'Mit Angabe des Komponisten gedruckt in RISM B/I 1568|2 (p.104-105)' to 'Mit Angabe des Komponisten gedruckt in RISM B/I 1568¦2 (p.104-105)'
I, [2020-11-05T12:00:43.724549 #18766]  INFO -- : lab.rism: 211003231 changed 500$a from 'Mit Angabe des Komponisten gedruckt in RISM B/I 1588|2 (no.26)' to 'Mit Angabe des Komponisten gedruckt in RISM B/I 1588¦2 (no.26)'
I, [2020-11-05T12:00:43.757959 #18766]  INFO -- : lab.rism: 211003235 changed 500$a from 'Mit Angabe des Komponisten gedruckt in RISM B/I 1538|4 (p.30)' to 'Mit Angabe des Komponisten gedruckt in RISM B/I 1538¦4 (p.30)'
I, [2020-11-05T12:00:43.791492 #18766]  INFO -- : lab.rism: 211003246 changed 500$a from 'Mit Angabe des Komponisten gedruckt in RISM B/I 1585|1 (no.29)' to 'Mit Angabe des Komponisten gedruckt in RISM B/I 1585¦1 (no.29)'
I, [2020-11-05T12:00:43.832022 #18766]  INFO -- : lab.rism: 211003352 changed 500$a from 'Unter dem Komponisten Gosse gedruckt in RISM B/I 1539|5 (p.27); auch Senfl und Josquin zugewiesen (siehe MGG|2/p).' to 'Unter dem Komponisten Gosse gedruckt in RISM B/I 1539¦5 (p.27); auch Senfl und Josquin zugewiesen (siehe MGG|2/p).'
I, [2020-11-05T12:00:43.908542 #18766]  INFO -- : lab.rism: 211003353 changed 500$a from 'Gedruckt in RISM B/I 1568|2 (p.3-4)' to 'Gedruckt in RISM B/I 1568¦2 (p.3-4)'
I, [2020-11-05T12:00:43.949638 #18766]  INFO -- : lab.rism: 211003377 changed 500$a from 'Gedruckt in RISM B/I 1568|2 (p.9-10)' to 'Gedruckt in RISM B/I 1568¦2 (p.9-10)'
I, [2020-11-05T12:00:44.008096 #18766]  INFO -- : lab.rism: 211003386 changed 500$a from 'Gedruckt in RISM B/I 1559|2 (no.67)' to 'Gedruckt in RISM B/I 1559¦2 (no.67)'
I, [2020-11-05T12:00:44.075853 #18766]  INFO -- : lab.rism: 211003387 changed 500$a from 'Gedruckt in RISM B/I 1564|3 (no.38); eine Neuedition der Motette findet sich in CMM 110.' to 'Gedruckt in RISM B/I 1564¦3 (no.38); eine Neuedition der Motette findet sich in CMM 110.'
I, [2020-11-05T12:00:44.150877 #18766]  INFO -- : lab.rism: 211003405 changed 500$a from 'Komponist laut Sammeldruck RISM B/I 1549|7 (p.8)' to 'Komponist laut Sammeldruck RISM B/I 1549¦7 (p.8)'
I, [2020-11-05T12:00:44.246259 #18766]  INFO -- : lab.rism: 211003427 changed 500$a from 'Gedruckt mit der Angabe des Komponisten ("Jean Pierre") in RISM B/I 1554|13 (p.14-15)' to 'Gedruckt mit der Angabe des Komponisten ("Jean Pierre") in RISM B/I 1554¦13 (p.14-15)'
I, [2020-11-05T12:00:44.322399 #18766]  INFO -- : lab.rism: 211003494 changed 500$a from 'Gedruckt in RISM B/I 1556|8 (no.5)' to 'Gedruckt in RISM B/I 1556¦8 (no.5)'
I, [2020-11-05T12:00:44.383745 #18766]  INFO -- : lab.rism: 211003497 changed 500$a from 'Gedruckt in RISM B/I 1554|7 (no.2)' to 'Gedruckt in RISM B/I 1554¦7 (no.2)'
I, [2020-11-05T12:00:44.450438 #18766]  INFO -- : lab.rism: 211003501 changed 500$a from 'Gedruckt in RISM B/I 1537|1 (no.2)' to 'Gedruckt in RISM B/I 1537¦1 (no.2)'
I, [2020-11-05T12:00:44.495778 #18766]  INFO -- : lab.rism: 211003508 changed 500$a from 'In RISM B/I 1607|6 (Neuausgabe in BlumeP 1928) Palestrina zugeschrieben; laut Grove|7 jedoch von Giovanelli' to 'In RISM B/I 1607¦6 (Neuausgabe in BlumeP 1928) Palestrina zugeschrieben; laut Grove|7 jedoch von Giovanelli'
I, [2020-11-05T12:00:44.634301 #18766]  INFO -- : lab.rism: 211003729 changed 500$a from 'In D-Dl Mus.Gl 5 Gallus zugeschrieben (SteudeD 1974, no.21.157), in RISM B/I 1607|6 (Neuausgabe in BlumeP 1928) Palestrina zugeschrieben; laut Grove|7 jedoch von Giovanelli' to 'In D-Dl Mus.Gl 5 Gallus zugeschrieben (SteudeD 1974, no.21.157), in RISM B/I 1607¦6 (Neuausgabe in BlumeP 1928) Palestrina zugeschrieben; laut Grove|7 jedoch von Giovanelli'
I, [2020-11-05T12:00:44.717998 #18766]  INFO -- : lab.rism: 211003734 changed 500$a from 'Gedruckt in RISM B/I 1564|3 (no.38); eine Neuedition der Motette findet sich in CMM 110.' to 'Gedruckt in RISM B/I 1564¦3 (no.38); eine Neuedition der Motette findet sich in CMM 110.'
I, [2020-11-05T12:00:44.784258 #18766]  INFO -- : lab.rism: 211003760 changed 500$a from 'Gedruckt in RISM B/I 1556|8 (no.5)' to 'Gedruckt in RISM B/I 1556¦8 (no.5)'
I, [2020-11-05T12:00:44.859491 #18766]  INFO -- : lab.rism: 211003813 changed 500$a from 'Die Angabe über dem Beginn weist darauf hin, daß eine Abschrift aus dem Druck RISM B/I 1637|3 vorliegt' to 'Die Angabe über dem Beginn weist darauf hin, daß eine Abschrift aus dem Druck RISM B/I 1637¦3 vorliegt'
I, [2020-11-05T12:00:44.918246 #18766]  INFO -- : lab.rism: 211003814 changed 500$a from 'Die Angabe über dem Beginn weist darauf hin, daß eine Abschrift aus dem Druck RISM B/I 1637|3 (no.4) vorliegt' to 'Die Angabe über dem Beginn weist darauf hin, daß eine Abschrift aus dem Druck RISM B/I 1637¦3 (no.4) vorliegt'
I, [2020-11-05T12:00:44.918314 #18766]  INFO -- : lab.rism: 211003814 changed 500$a from 'Stimme untextiert; Komponist und Text in RISM B/I 1637|3 ermittelt' to 'Stimme untextiert; Komponist und Text in RISM B/I 1637¦3 ermittelt'
I, [2020-11-05T12:00:44.958839 #18766]  INFO -- : lab.rism: 211003815 changed 500$a from 'Die Angabe über dem Beginn weist darauf hin, daß eine Abschrift aus dem Druck RISM B/I 1637|3 (no.11) vorliegt' to 'Die Angabe über dem Beginn weist darauf hin, daß eine Abschrift aus dem Druck RISM B/I 1637¦3 (no.11) vorliegt'
I, [2020-11-05T12:00:44.958903 #18766]  INFO -- : lab.rism: 211003815 changed 500$a from 'Stimme untextiert; Komponist und Text in RISM B/I 1637|3 ermittelt' to 'Stimme untextiert; Komponist und Text in RISM B/I 1637¦3 ermittelt'
I, [2020-11-05T12:00:45.005733 #18766]  INFO -- : lab.rism: 211003816 changed 500$a from 'Die Angabe über dem Beginn weist darauf hin, daß eine Abschrift aus dem Druck RISM B/I 1637|3 (no.8) vorliegt' to 'Die Angabe über dem Beginn weist darauf hin, daß eine Abschrift aus dem Druck RISM B/I 1637¦3 (no.8) vorliegt'
I, [2020-11-05T12:00:45.104040 #18766]  INFO -- : lab.rism: 211003827 changed 500$a from 'Die Angabe über dem Beginn weist darauf hin, daß eine Abschrift aus dem Druck RISM B/I 1637|3 vorliegt (no.25)' to 'Die Angabe über dem Beginn weist darauf hin, daß eine Abschrift aus dem Druck RISM B/I 1637¦3 vorliegt (no.25)'
I, [2020-11-05T12:00:45.164276 #18766]  INFO -- : lab.rism: 211003828 changed 500$a from 'Die Angabe über dem Beginn weist darauf hin, daß eine Abschrift aus dem Druck RISM B/I 1637|3 (no.30) vorliegt' to 'Die Angabe über dem Beginn weist darauf hin, daß eine Abschrift aus dem Druck RISM B/I 1637¦3 (no.30) vorliegt'
I, [2020-11-05T12:00:45.164356 #18766]  INFO -- : lab.rism: 211003828 changed 500$a from 'Stimme untextiert, lediglich Textmarke am Beginn; Komponist in RISM B/I 1637|3 ermittelt' to 'Stimme untextiert, lediglich Textmarke am Beginn; Komponist in RISM B/I 1637¦3 ermittelt'
I, [2020-11-05T12:00:45.210209 #18766]  INFO -- : lab.rism: 211003829 changed 500$a from 'Die Angabe über dem Beginn weist darauf hin, daß (ebenso wie in dem vorangehenden Eintrag der Sammelhandschrift) eine Abschrift aus dem Druck RISM B/I 1637|3 (no.32) vorliegt' to 'Die Angabe über dem Beginn weist darauf hin, daß (ebenso wie in dem vorangehenden Eintrag der Sammelhandschrift) eine Abschrift aus dem Druck RISM B/I 1637¦3 (no.32) vorliegt'
I, [2020-11-05T12:00:45.210279 #18766]  INFO -- : lab.rism: 211003829 changed 500$a from 'Stimme untextiert, lediglich Textmarke am Beginn; Komponist in RISM B/I 1637|3 ermittelt' to 'Stimme untextiert, lediglich Textmarke am Beginn; Komponist in RISM B/I 1637¦3 ermittelt'
I, [2020-11-05T12:00:45.250471 #18766]  INFO -- : lab.rism: 211003830 changed 500$a from 'Die Angabe über dem Beginn weist darauf hin, daß (ebenso wie in dem vorangehenden Eintrag der Sammelhandschrift) eine Abschrift aus dem Druck RISM B/I 1637|3 (no.33) vorliegt' to 'Die Angabe über dem Beginn weist darauf hin, daß (ebenso wie in dem vorangehenden Eintrag der Sammelhandschrift) eine Abschrift aus dem Druck RISM B/I 1637¦3 (no.33) vorliegt'
I, [2020-11-05T12:00:45.250536 #18766]  INFO -- : lab.rism: 211003830 changed 500$a from 'Stimme untextiert, lediglich Textmarke am Beginn; Komponist in RISM B/I 1637|3 ermittelt' to 'Stimme untextiert, lediglich Textmarke am Beginn; Komponist in RISM B/I 1637¦3 ermittelt'
I, [2020-11-05T12:00:45.309035 #18766]  INFO -- : lab.rism: 211003832 changed 500$a from 'Komponist ermittelt in RISM B/I 1618|1 (no.96)' to 'Komponist ermittelt in RISM B/I 1618¦1 (no.96)'
I, [2020-11-05T12:00:45.357760 #18766]  INFO -- : lab.rism: 211003836 changed 500$a from 'Die Angabe über dem Beginn weist darauf hin, daß eine Abschrift aus dem Druck RISM B/I 1637|3 (no.48) vorliegt' to 'Die Angabe über dem Beginn weist darauf hin, daß eine Abschrift aus dem Druck RISM B/I 1637¦3 (no.48) vorliegt'
I, [2020-11-05T12:00:45.407007 #18766]  INFO -- : lab.rism: 211003873 changed 500$a from 'Die Angabe über dem Beginn weist darauf hin, daß eine Abschrift aus dem Druck RISM B/I 1637|3 (no.54) vorliegt' to 'Die Angabe über dem Beginn weist darauf hin, daß eine Abschrift aus dem Druck RISM B/I 1637¦3 (no.54) vorliegt'
I, [2020-11-05T12:00:45.446253 #18766]  INFO -- : lab.rism: 211003874 changed 500$a from 'Die Angabe über dem Beginn weist darauf hin, daß eine Abschrift aus dem Druck RISM B/I 1637|3 (no.53) vorliegt' to 'Die Angabe über dem Beginn weist darauf hin, daß eine Abschrift aus dem Druck RISM B/I 1637¦3 (no.53) vorliegt'
I, [2020-11-05T12:00:45.491782 #18766]  INFO -- : lab.rism: 211003900 changed 500$a from 'Gedruckt in RISM B/I 1585|1 (no.10)' to 'Gedruckt in RISM B/I 1585¦1 (no.10)'
I, [2020-11-05T12:00:45.559107 #18766]  INFO -- : lab.rism: 211003937 changed 500$a from 'Gedruckt in RISM B/I 1585|1 (no.29)' to 'Gedruckt in RISM B/I 1585¦1 (no.29)'
I, [2020-11-05T12:00:45.600297 #18766]  INFO -- : lab.rism: 211003940 changed 500$a from 'Gedruckt in RISM B/I 1564|1 (no.23)' to 'Gedruckt in RISM B/I 1564¦1 (no.23)'
I, [2020-11-05T12:00:45.697742 #18766]  INFO -- : lab.rism: 211003993 changed 500$a from 'In RISM B/I 1607|6 (Neuausgabe in BlumeP 1928) Palestrina zugeschrieben; laut Grove|7 jedoch von Giovanelli' to 'In RISM B/I 1607¦6 (Neuausgabe in BlumeP 1928) Palestrina zugeschrieben; laut Grove|7 jedoch von Giovanelli'
I, [2020-11-05T12:00:45.747806 #18766]  INFO -- : lab.rism: 211004141 changed 500$a from 'Gedruckt in RISM B/I 1588|2 (no.18)' to 'Gedruckt in RISM B/I 1588¦2 (no.18)'
I, [2020-11-05T12:00:45.840132 #18766]  INFO -- : lab.rism: 211004142 changed 500$a from 'Mit Angabe des Komponisten gedruckt in RISM B/I 1588|2 (no.17)' to 'Mit Angabe des Komponisten gedruckt in RISM B/I 1588¦2 (no.17)'
I, [2020-11-05T12:00:45.898533 #18766]  INFO -- : lab.rism: 211004176 changed 500$a from 'Gedruckt in RISM B/I 1555|12 (no.3)' to 'Gedruckt in RISM B/I 1555¦12 (no.3)'
I, [2020-11-05T12:00:46.015841 #18766]  INFO -- : lab.rism: 211004192 changed 500$a from 'Die Veröffentlichung der Motette in RISM B/I 1549|8 führte zur irrtümlichen Zuschreibung an Morales; siehe dazu PlanchartM 2004.' to 'Die Veröffentlichung der Motette in RISM B/I 1549¦8 führte zur irrtümlichen Zuschreibung an Morales; siehe dazu PlanchartM 2004.'
I, [2020-11-05T12:00:46.113053 #18766]  INFO -- : lab.rism: 211004242 changed 500$a from 'Mit Angabe des Komponisten gedruckt in RISM B/I 1554|7 (no.2)' to 'Mit Angabe des Komponisten gedruckt in RISM B/I 1554¦7 (no.2)'
I, [2020-11-05T12:00:46.178896 #18766]  INFO -- : lab.rism: 211004244 changed 500$a from 'Mit Angabe des Komponisten gedruckt in RISM B/I 1564|4 (no. 31)' to 'Mit Angabe des Komponisten gedruckt in RISM B/I 1564¦4 (no. 31)'
I, [2020-11-05T12:00:46.241712 #18766]  INFO -- : lab.rism: 211004252 changed 500$a from 'In RISM B/I 1555|9 Hollander zugeschrieben (siehe dazu auch CMM 63, vol.6, p.XLII-XLIII)' to 'In RISM B/I 1555¦9 Hollander zugeschrieben (siehe dazu auch CMM 63, vol.6, p.XLII-XLIII)'
I, [2020-11-05T12:00:46.306959 #18766]  INFO -- : lab.rism: 211004256 changed 500$a from 'Mit Angabe des Komponisten gedruckt in RISM B/I 1564|4 (no. 30)' to 'Mit Angabe des Komponisten gedruckt in RISM B/I 1564¦4 (no. 30)'
I, [2020-11-05T12:00:46.359054 #18766]  INFO -- : lab.rism: 211004270 changed 500$a from 'Mit Autorangabe gedruckt in RISM B/I 1537|1 (no.20).' to 'Mit Autorangabe gedruckt in RISM B/I 1537¦1 (no.20).'
I, [2020-11-05T12:00:47.002003 #18766]  INFO -- : lab.rism: 211004493 changed 500$a from 'Entgegen der Angabe in SteudeD 1974 nicht in RISM B/I 1545|5 enthalten.' to 'Entgegen der Angabe in SteudeD 1974 nicht in RISM B/I 1545¦5 enthalten.'
I, [2020-11-05T12:00:47.165645 #18766]  INFO -- : lab.rism: 211004509 changed 500$a from 'Ebenfalls ohne Autorangabe gedruckt in RISM B/I 1538|8 (no. 24); lediglich in D-Rp mit der Zuweisung "Senfl" überliefert (siehe KrebsE 1995).' to 'Ebenfalls ohne Autorangabe gedruckt in RISM B/I 1538¦8 (no. 24); lediglich in D-Rp mit der Zuweisung "Senfl" überliefert (siehe KrebsE 1995).'
I, [2020-11-05T12:00:47.252217 #18766]  INFO -- : lab.rism: 211004510 changed 500$a from 'Mit Angabe des Komponisten gedruckt in RISM B/I 1538|8 (no. 9)' to 'Mit Angabe des Komponisten gedruckt in RISM B/I 1538¦8 (no. 9)'
I, [2020-11-05T12:00:47.309780 #18766]  INFO -- : lab.rism: 211004511 changed 500$a from 'Mit Angabe des Komponisten gedruckt in RISM B/I 1537|1 (no. 20)' to 'Mit Angabe des Komponisten gedruckt in RISM B/I 1537¦1 (no. 20)'
I, [2020-11-05T12:00:47.375972 #18766]  INFO -- : lab.rism: 211004512 changed 500$a from 'Mit Angabe des Komponisten gedruckt in RISM B/I 1555|12 (no. 28).' to 'Mit Angabe des Komponisten gedruckt in RISM B/I 1555¦12 (no. 28).'
I, [2020-11-05T12:00:51.132462 #18766]  INFO -- : lab.rism: 211005646 changed 500$a from 'Mit Angabe des Komponisten gedruckt in RISM B/I 1554|10 (no.36).' to 'Mit Angabe des Komponisten gedruckt in RISM B/I 1554¦10 (no.36).'
I, [2020-11-05T12:00:51.298660 #18766]  INFO -- : lab.rism: 211005674 changed 500$a from 'Mit Angabe des Komponisten gedruckt in RISM B/I 1539|05 (p.27);  auch Senfl und Josquin zugewiesen (siehe MGG|2/p).' to 'Mit Angabe des Komponisten gedruckt in RISM B/I 1539¦05 (p.27);  auch Senfl und Josquin zugewiesen (siehe MGG|2/p).'
I, [2020-11-05T12:00:51.492269 #18766]  INFO -- : lab.rism: 211005675 changed 500$a from 'Mit Angabe des Komponisten gedruckt in RISM B/I 1540|6 (no.10)' to 'Mit Angabe des Komponisten gedruckt in RISM B/I 1540¦6 (no.10)'
I, [2020-11-05T12:00:51.569473 #18766]  INFO -- : lab.rism: 211005678 changed 500$a from 'Mit Angabe des Komponisten gedruckt in RISM B/I 1558|4 (no.21).' to 'Mit Angabe des Komponisten gedruckt in RISM B/I 1558¦4 (no.21).'
I, [2020-11-05T12:00:51.635339 #18766]  INFO -- : lab.rism: 211005685 changed 500$a from 'Mit Angabe des Komponisten gedruckt in RISM B/I 1559|1 (no.29).' to 'Mit Angabe des Komponisten gedruckt in RISM B/I 1559¦1 (no.29).'
I, [2020-11-05T12:00:51.717362 #18766]  INFO -- : lab.rism: 211005712 changed 500$a from 'Die Motette ist in RISM B/I 1564|4 (no.62) unter Hermes Bruneau, in RISM B/I 1546|6 (f.10v-11) anonym und in D B Mus.ms 1730/1 und D Mbs Mus.ms 786 (Nr.2) unter Stefano Betti überliefert. Die in CMM 3 edierte Vertonung des Textes "Verbum iniquum" von Willaert ist mit der vorliegenden Motette nicht identisch.' to 'Die Motette ist in RISM B/I 1564¦4 (no.62) unter Hermes Bruneau, in RISM B/I 1546¦6 (f.10v-11) anonym und in D B Mus.ms 1730/1 und D Mbs Mus.ms 786 (Nr.2) unter Stefano Betti überliefert. Die in CMM 3 edierte Vertonung des Textes "Verbum iniquum" von Willaert ist mit der vorliegenden Motette nicht identisch.'
I, [2020-11-05T12:00:51.822172 #18766]  INFO -- : lab.rism: 211005721 changed 500$a from 'In RISM B/I 1541|3 (no.14) C. Morales, in RISM B/I 1546|7 J. Guyot und in RISM B/I 1553|11 S. Morau zugeschrieben.' to 'In RISM B/I 1541¦3 (no.14) C. Morales, in RISM B/I 1546¦7 J. Guyot und in RISM B/I 1553¦11 S. Morau zugeschrieben.'
I, [2020-11-05T12:00:52.000377 #18766]  INFO -- : lab.rism: 211005744 changed 500$a from 'Auch in RISM B/I 1585|1 (no.29) Corvetti zugewiesen; in der B-Stimme ein Vermerk aus dem 20. Jahrhundert: "NB Der Autor ist Jac. Gallus (Handl)".' to 'Auch in RISM B/I 1585¦1 (no.29) Corvetti zugewiesen; in der B-Stimme ein Vermerk aus dem 20. Jahrhundert: "NB Der Autor ist Jac. Gallus (Handl)".'
I, [2020-11-05T12:00:52.089383 #18766]  INFO -- : lab.rism: 211005751 changed 500$a from 'Gedruckt in RISM B/I 1556|8 (no.5).' to 'Gedruckt in RISM B/I 1556¦8 (no.5).'
I, [2020-11-05T12:00:52.174499 #18766]  INFO -- : lab.rism: 211005753 changed 500$a from 'In RISM B/I 1555|12 als Komposition von Maistre Jhan, in 1549|3 als Komposition von N. Gombert enthalten.' to 'In RISM B/I 1555¦12 als Komposition von Maistre Jhan, in 1549¦3 als Komposition von N. Gombert enthalten.'
I, [2020-11-05T12:00:52.286807 #18766]  INFO -- : lab.rism: 211005962 changed 500$a from 'Gedruckt in RISM B/I 1621|2 (no.28).' to 'Gedruckt in RISM B/I 1621¦2 (no.28).'
I, [2020-11-05T12:00:52.504797 #18766]  INFO -- : lab.rism: 211006050 changed 500$a from 'Gedruckt in RISM B/I 1592|2 (p.11).' to 'Gedruckt in RISM B/I 1592¦2 (p.11).'
I, [2020-11-05T12:00:52.551742 #18766]  INFO -- : lab.rism: 211006052 changed 500$a from 'Gedruckt in RISM B/I 1590|5 (no.25).' to 'Gedruckt in RISM B/I 1590¦5 (no.25).'
I, [2020-11-05T12:00:52.655599 #18766]  INFO -- : lab.rism: 211006141 changed 500$a from 'Gedruckt in RISM B/I 1537|1 (no.2).' to 'Gedruckt in RISM B/I 1537¦1 (no.2).'
I, [2020-11-05T12:00:52.742718 #18766]  INFO -- : lab.rism: 211006185 changed 500$a from 'Gedruckt in RISM B/I 1588|2 (no.18).' to 'Gedruckt in RISM B/I 1588¦2 (no.18).'
I, [2020-11-05T12:00:52.901416 #18766]  INFO -- : lab.rism: 211006247 changed 500$a from 'Motette gedruckt in RISM B/I 1621|2 ("Florilegium Portense", Teil 2, no. 65).' to 'Motette gedruckt in RISM B/I 1621¦2 ("Florilegium Portense", Teil 2, no. 65).'
I, [2020-11-05T12:00:53.062070 #18766]  INFO -- : lab.rism: 211006315 changed 500$a from 'Gedruckt erschienen in RISM B/I 1623|2 (No.2).' to 'Gedruckt erschienen in RISM B/I 1623¦2 (No.2).'
I, [2020-11-05T12:00:53.169687 #18766]  INFO -- : lab.rism: 211006316 changed 500$a from 'Gedruckt erschienen in RISM B/I 1623|2 (No.134).' to 'Gedruckt erschienen in RISM B/I 1623¦2 (No.134).'
I, [2020-11-05T12:00:53.251511 #18766]  INFO -- : lab.rism: 211006319 changed 500$a from 'Gedruckt erschienen in RISM B/I 1622|2 (no.12).' to 'Gedruckt erschienen in RISM B/I 1622¦2 (no.12).'
I, [2020-11-05T12:00:53.330026 #18766]  INFO -- : lab.rism: 211006320 changed 500$a from 'Gedruckt erschienen in RISM B/I 1622|2 (no.49).' to 'Gedruckt erschienen in RISM B/I 1622¦2 (no.49).'
I, [2020-11-05T12:00:53.401493 #18766]  INFO -- : lab.rism: 211006321 changed 500$a from 'Gedruckt erschienen in RISM B/I 1623|2 (no.140).' to 'Gedruckt erschienen in RISM B/I 1623¦2 (no.140).'
I, [2020-11-05T12:00:53.451589 #18766]  INFO -- : lab.rism: 211006352 changed 500$a from 'Gedruckt erschienen in RISM B/I 1622|2 (no.12).' to 'Gedruckt erschienen in RISM B/I 1622¦2 (no.12).'
I, [2020-11-05T12:00:53.528933 #18766]  INFO -- : lab.rism: 211006407 changed 500$a from 'Vermutlich identisch mit der Komposition Mayrs in RISM B/I 1616|2 (eine Überprüfung war nicht möglich, jedoch stimmen laut EitnerB 1877 Besetzung und Textincipit überein).' to 'Vermutlich identisch mit der Komposition Mayrs in RISM B/I 1616¦2 (eine Überprüfung war nicht möglich, jedoch stimmen laut EitnerB 1877 Besetzung und Textincipit überein).'
I, [2020-11-05T12:00:53.592816 #18766]  INFO -- : lab.rism: 211006416 changed 500$a from 'Vermutlich identisch mit der Komposition Bieners in RISM B/I 1622|2 (eine Überprüfung war nicht möglich, jedoch stimmen laut EitnerB 1877 Besetzung und Textincipit überein).' to 'Vermutlich identisch mit der Komposition Bieners in RISM B/I 1622¦2 (eine Überprüfung war nicht möglich, jedoch stimmen laut EitnerB 1877 Besetzung und Textincipit überein).'
I, [2020-11-05T12:00:53.642752 #18766]  INFO -- : lab.rism: 211006417 changed 500$a from 'Vermutlich identisch mit der Komposition von J. Sagittarius in RISM B/I 1624|1 (eine Überprüfung war nicht möglich, jedoch stimmen laut EitnerB 1877 Besetzung und Textincipit überein).' to 'Vermutlich identisch mit der Komposition von J. Sagittarius in RISM B/I 1624¦1 (eine Überprüfung war nicht möglich, jedoch stimmen laut EitnerB 1877 Besetzung und Textincipit überein).'
I, [2020-11-05T12:00:53.689305 #18766]  INFO -- : lab.rism: 211006418 changed 500$a from 'Vorliegend vermutlich die einzige bekannte Komposition von Donfried, die in RISM B/I 1622|2 gedruckt ist (eine Überprüfung war nicht möglich, jedoch stimmen laut EitnerB 1877 Besetzung und Textincipit überein).' to 'Vorliegend vermutlich die einzige bekannte Komposition von Donfried, die in RISM B/I 1622¦2 gedruckt ist (eine Überprüfung war nicht möglich, jedoch stimmen laut EitnerB 1877 Besetzung und Textincipit überein).'
I, [2020-11-05T12:00:53.739307 #18766]  INFO -- : lab.rism: 211006419 changed 500$a from 'Vermutlich identisch mit der Komposition von Catalani in RISM B/I 1622|2 (eine Überprüfung war nicht möglich, jedoch stimmen laut EitnerB 1877 Besetzung und Textincipit überein).' to 'Vermutlich identisch mit der Komposition von Catalani in RISM B/I 1622¦2 (eine Überprüfung war nicht möglich, jedoch stimmen laut EitnerB 1877 Besetzung und Textincipit überein).'
I, [2020-11-05T12:00:53.961045 #18766]  INFO -- : lab.rism: 211006713 changed 500$a from 'Vermutlich identisch mit der Komposition Finettis in RISM B/I 1622|2 (eine Überprüfung war nicht möglich, jedoch stimmen laut EitnerB 1877 Besetzung und Textincipit überein).' to 'Vermutlich identisch mit der Komposition Finettis in RISM B/I 1622¦2 (eine Überprüfung war nicht möglich, jedoch stimmen laut EitnerB 1877 Besetzung und Textincipit überein).'
I, [2020-11-05T12:00:54.062095 #18766]  INFO -- : lab.rism: 211006714 changed 500$a from 'Vorliegend vermutlich die einzige bekannte Komposition von Donfried, die in RISM B/I 1622|2 gedruckt ist (eine Überprüfung war nicht möglich, jedoch stimmen laut EitnerB 1877 Besetzung und Textincipit überein).' to 'Vorliegend vermutlich die einzige bekannte Komposition von Donfried, die in RISM B/I 1622¦2 gedruckt ist (eine Überprüfung war nicht möglich, jedoch stimmen laut EitnerB 1877 Besetzung und Textincipit überein).'
I, [2020-11-05T12:00:54.109515 #18766]  INFO -- : lab.rism: 211006715 changed 500$a from 'Vermutlich identisch mit der Komposition Keifferers in RISM B/I 1622|2 (eine Überprüfung war nicht möglich, jedoch stimmen laut EitnerB 1877 Besetzung und Textincipit überein).' to 'Vermutlich identisch mit der Komposition Keifferers in RISM B/I 1622¦2 (eine Überprüfung war nicht möglich, jedoch stimmen laut EitnerB 1877 Besetzung und Textincipit überein).'
I, [2020-11-05T12:00:54.150831 #18766]  INFO -- : lab.rism: 211006716 changed 500$a from 'Vermutlich identisch mit der Komposition Bieners in RISM B/I 1622|2 (eine Überprüfung war nicht möglich, jedoch stimmen laut EitnerB 1877 Besetzung und Textincipit überein).' to 'Vermutlich identisch mit der Komposition Bieners in RISM B/I 1622¦2 (eine Überprüfung war nicht möglich, jedoch stimmen laut EitnerB 1877 Besetzung und Textincipit überein).'
I, [2020-11-05T12:00:54.192392 #18766]  INFO -- : lab.rism: 211006717 changed 500$a from 'Vermutlich identisch mit der Komposition Bieners in RISM B/I 1622|2 (eine Überprüfung war nicht möglich, jedoch stimmen laut EitnerB 1877 Besetzung und Textincipit überein).' to 'Vermutlich identisch mit der Komposition Bieners in RISM B/I 1622¦2 (eine Überprüfung war nicht möglich, jedoch stimmen laut EitnerB 1877 Besetzung und Textincipit überein).'
I, [2020-11-05T12:00:54.233530 #18766]  INFO -- : lab.rism: 211006718 changed 500$a from 'Identisch mit der Komposition Cesares in RISM B/I 1622|2 (no. LXVII).' to 'Identisch mit der Komposition Cesares in RISM B/I 1622¦2 (no. LXVII).'
I, [2020-11-05T12:00:54.383695 #18766]  INFO -- : lab.rism: 211006719 changed 500$a from 'Vermutlich identisch mit der Komposition Pattas in RISM B/I 1622|2 (eine Überprüfung war nicht möglich, jedoch stimmen laut EitnerB 1877 Besetzung und Textincipit überein).' to 'Vermutlich identisch mit der Komposition Pattas in RISM B/I 1622¦2 (eine Überprüfung war nicht möglich, jedoch stimmen laut EitnerB 1877 Besetzung und Textincipit überein).'
I, [2020-11-05T12:00:54.461356 #18766]  INFO -- : lab.rism: 211006720 changed 500$a from 'Vermutlich identisch mit der Komposition Loths in RISM B/I 1623|2 (eine Überprüfung war nicht möglich, jedoch stimmen laut EitnerB 1877 Besetzung und Textincipit überein).' to 'Vermutlich identisch mit der Komposition Loths in RISM B/I 1623¦2 (eine Überprüfung war nicht möglich, jedoch stimmen laut EitnerB 1877 Besetzung und Textincipit überein).'
I, [2020-11-05T12:00:54.527135 #18766]  INFO -- : lab.rism: 211006721 changed 500$a from 'Vermutlich identisch mit der Komposition Loths in RISM B/I 1623|2 (eine Überprüfung war nicht möglich, jedoch stimmen laut EitnerB 1877 Besetzung und Textincipit überein).' to 'Vermutlich identisch mit der Komposition Loths in RISM B/I 1623¦2 (eine Überprüfung war nicht möglich, jedoch stimmen laut EitnerB 1877 Besetzung und Textincipit überein).'
I, [2020-11-05T12:00:54.598208 #18766]  INFO -- : lab.rism: 211006722 changed 500$a from 'Vermutlich identisch mit der Komposition Stadlmayrs in RISM B/I 1623|2 (eine Überprüfung war nicht möglich, jedoch stimmen laut EitnerB 1877 Besetzung und Textincipit überein).' to 'Vermutlich identisch mit der Komposition Stadlmayrs in RISM B/I 1623¦2 (eine Überprüfung war nicht möglich, jedoch stimmen laut EitnerB 1877 Besetzung und Textincipit überein).'
I, [2020-11-05T12:00:54.643124 #18766]  INFO -- : lab.rism: 211006723 changed 500$a from 'Vermutlich identisch mit der Komposition Leonis in RISM B/I 1627|1 (eine Überprüfung war nicht möglich, jedoch stimmen laut EitnerB 1877 Besetzung und Textincipit überein).' to 'Vermutlich identisch mit der Komposition Leonis in RISM B/I 1627¦1 (eine Überprüfung war nicht möglich, jedoch stimmen laut EitnerB 1877 Besetzung und Textincipit überein).'
I, [2020-11-05T12:00:54.729758 #18766]  INFO -- : lab.rism: 211006725 changed 500$a from 'Vermutlich identisch mit der Komposition Paces in RISM B/I 1627|1 (eine Überprüfung war nicht möglich, jedoch stimmen laut EitnerB 1877 Besetzung und Textincipit überein).' to 'Vermutlich identisch mit der Komposition Paces in RISM B/I 1627¦1 (eine Überprüfung war nicht möglich, jedoch stimmen laut EitnerB 1877 Besetzung und Textincipit überein).'
I, [2020-11-05T12:00:54.781979 #18766]  INFO -- : lab.rism: 211006726 changed 500$a from 'Vermutlich identisch mit der Komposition Burlinis in RISM B/I 1623|2 (eine Überprüfung war nicht möglich, jedoch stimmen laut EitnerB 1877 Besetzung und Textincipit überein).' to 'Vermutlich identisch mit der Komposition Burlinis in RISM B/I 1623¦2 (eine Überprüfung war nicht möglich, jedoch stimmen laut EitnerB 1877 Besetzung und Textincipit überein).'
I, [2020-11-05T12:00:54.870812 #18766]  INFO -- : lab.rism: 211006727 changed 500$a from 'Vermutlich identisch mit der Komposition Viadanas in RISM B/I 1623|2 (eine Überprüfung war nicht möglich, jedoch stimmen laut EitnerB 1877 Besetzung und Textincipit überein).' to 'Vermutlich identisch mit der Komposition Viadanas in RISM B/I 1623¦2 (eine Überprüfung war nicht möglich, jedoch stimmen laut EitnerB 1877 Besetzung und Textincipit überein).'
I, [2020-11-05T12:00:54.943091 #18766]  INFO -- : lab.rism: 211006728 changed 500$a from 'Vermutlich identisch mit der Komposition Grandis in RISM B/I 1627|2 (eine Überprüfung war nicht möglich, jedoch stimmen laut EitnerB 1877 Besetzung und Textincipit überein).' to 'Vermutlich identisch mit der Komposition Grandis in RISM B/I 1627¦2 (eine Überprüfung war nicht möglich, jedoch stimmen laut EitnerB 1877 Besetzung und Textincipit überein).'
I, [2020-11-05T12:00:54.990142 #18766]  INFO -- : lab.rism: 211006731 changed 500$a from 'Vermutlich identisch mit der Komposition Grandis in RISM B/I 1627|2 (eine Überprüfung war nicht möglich, jedoch stimmen laut EitnerB 1877 Besetzung und Textincipit überein).' to 'Vermutlich identisch mit der Komposition Grandis in RISM B/I 1627¦2 (eine Überprüfung war nicht möglich, jedoch stimmen laut EitnerB 1877 Besetzung und Textincipit überein).'
I, [2020-11-05T12:00:55.053763 #18766]  INFO -- : lab.rism: 211006732 changed 500$a from 'Vermutlich identisch mit der Komposition Finettis in RISM B/I 1623|2 (eine Überprüfung war nicht möglich, jedoch stimmen laut EitnerB 1877 Besetzung und Textincipit überein).' to 'Vermutlich identisch mit der Komposition Finettis in RISM B/I 1623¦2 (eine Überprüfung war nicht möglich, jedoch stimmen laut EitnerB 1877 Besetzung und Textincipit überein).'
I, [2020-11-05T12:00:55.110435 #18766]  INFO -- : lab.rism: 211006734 changed 500$a from 'Vermutlich identisch mit der Komposition von Plautz in RISM B/I 1627|2 (eine Überprüfung war nicht möglich, jedoch stimmen laut EitnerB 1877 Besetzung und Textincipit überein).' to 'Vermutlich identisch mit der Komposition von Plautz in RISM B/I 1627¦2 (eine Überprüfung war nicht möglich, jedoch stimmen laut EitnerB 1877 Besetzung und Textincipit überein).'
I, [2020-11-05T12:00:55.168906 #18766]  INFO -- : lab.rism: 211006735 changed 500$a from 'Vermutlich identisch mit der Komposition Leonis in RISM B/I 1627|2 (eine Überprüfung war nicht möglich, jedoch stimmen laut EitnerB 1877 Besetzung und Textincipit überein).' to 'Vermutlich identisch mit der Komposition Leonis in RISM B/I 1627¦2 (eine Überprüfung war nicht möglich, jedoch stimmen laut EitnerB 1877 Besetzung und Textincipit überein).'
I, [2020-11-05T12:00:55.214784 #18766]  INFO -- : lab.rism: 211006736 changed 500$a from 'Vermutlich identisch mit der Komposition Loths in RISM B/I 1627|2 (eine Überprüfung war nicht möglich, jedoch stimmen laut EitnerB 1877 Besetzung und Textincipit überein).' to 'Vermutlich identisch mit der Komposition Loths in RISM B/I 1627¦2 (eine Überprüfung war nicht möglich, jedoch stimmen laut EitnerB 1877 Besetzung und Textincipit überein).'
I, [2020-11-05T12:00:55.371660 #18766]  INFO -- : lab.rism: 211006737 changed 500$a from 'Vermutlich identisch mit der Komposition Benns in RISM B/I 1627|2 (eine Überprüfung war nicht möglich, jedoch stimmen laut EitnerB 1877 Besetzung und Textincipit überein).' to 'Vermutlich identisch mit der Komposition Benns in RISM B/I 1627¦2 (eine Überprüfung war nicht möglich, jedoch stimmen laut EitnerB 1877 Besetzung und Textincipit überein).'
I, [2020-11-05T12:00:55.436223 #18766]  INFO -- : lab.rism: 211006738 changed 500$a from 'Vermutlich identisch mit der Komposition Leonis in RISM B/I 1627|2 (eine Überprüfung war nicht möglich, jedoch stimmen laut EitnerB 1877 Besetzung und Textincipit überein).' to 'Vermutlich identisch mit der Komposition Leonis in RISM B/I 1627¦2 (eine Überprüfung war nicht möglich, jedoch stimmen laut EitnerB 1877 Besetzung und Textincipit überein).'
I, [2020-11-05T12:00:55.485868 #18766]  INFO -- : lab.rism: 211006739 changed 500$a from 'Vermutlich identisch mit der Komposition Grandis in RISM B/I 1627|2 (eine Überprüfung war nicht möglich, jedoch stimmen laut EitnerB 1877 Besetzung und Textincipit überein).' to 'Vermutlich identisch mit der Komposition Grandis in RISM B/I 1627¦2 (eine Überprüfung war nicht möglich, jedoch stimmen laut EitnerB 1877 Besetzung und Textincipit überein).'
I, [2020-11-05T12:00:55.534701 #18766]  INFO -- : lab.rism: 211006740 changed 500$a from 'Vermutlich identisch mit der Komposition Loths in RISM B/I 1627|2 (eine Überprüfung war nicht möglich).' to 'Vermutlich identisch mit der Komposition Loths in RISM B/I 1627¦2 (eine Überprüfung war nicht möglich).'
I, [2020-11-05T12:00:55.590983 #18766]  INFO -- : lab.rism: 211006741 changed 500$a from 'Vermutlich identisch mit der Komposition Banchieris in RISM B/I 1627|2 (eine Überprüfung war nicht möglich, jedoch stimmen laut EitnerB 1877 Besetzung und Textincipit überein).' to 'Vermutlich identisch mit der Komposition Banchieris in RISM B/I 1627¦2 (eine Überprüfung war nicht möglich, jedoch stimmen laut EitnerB 1877 Besetzung und Textincipit überein).'
I, [2020-11-05T12:00:55.645170 #18766]  INFO -- : lab.rism: 211006744 changed 500$a from 'Vermutlich identisch mit der Komposition Indis in RISM B/I 1627|1 (eine Überprüfung war nicht möglich, jedoch stimmen laut EitnerB 1877 Besetzung und Textincipit überein).' to 'Vermutlich identisch mit der Komposition Indis in RISM B/I 1627¦1 (eine Überprüfung war nicht möglich, jedoch stimmen laut EitnerB 1877 Besetzung und Textincipit überein).'
I, [2020-11-05T12:00:55.694127 #18766]  INFO -- : lab.rism: 211006745 changed 500$a from 'Vermutlich identisch mit der Komposition Holzners in RISM B/I 1627|1 (eine Überprüfung war nicht möglich, jedoch stimmen laut EitnerB 1877 Besetzung und Textincipit überein).' to 'Vermutlich identisch mit der Komposition Holzners in RISM B/I 1627¦1 (eine Überprüfung war nicht möglich, jedoch stimmen laut EitnerB 1877 Besetzung und Textincipit überein).'
I, [2020-11-05T12:00:55.744110 #18766]  INFO -- : lab.rism: 211006746 changed 500$a from 'Vermutlich identisch mit der Komposition Loths in RISM B/I 1627|1 (eine Überprüfung war nicht möglich, jedoch stimmen laut EitnerB 1877 Besetzung und Textincipit überein).' to 'Vermutlich identisch mit der Komposition Loths in RISM B/I 1627¦1 (eine Überprüfung war nicht möglich, jedoch stimmen laut EitnerB 1877 Besetzung und Textincipit überein).'
I, [2020-11-05T12:00:55.799355 #18766]  INFO -- : lab.rism: 211006747 changed 500$a from 'Vermutlich identisch mit der Komposition Cesares in RISM B/I 1627|2 (eine Überprüfung war nicht möglich, jedoch stimmen laut EitnerB 1877 Besetzung und Textincipit überein).' to 'Vermutlich identisch mit der Komposition Cesares in RISM B/I 1627¦2 (eine Überprüfung war nicht möglich, jedoch stimmen laut EitnerB 1877 Besetzung und Textincipit überein).'
I, [2020-11-05T12:00:55.853036 #18766]  INFO -- : lab.rism: 211006748 changed 500$a from 'Vermutlich identisch mit der Komposition Finettis in RISM B/I 1623|2 (eine Überprüfung war nicht möglich, jedoch stimmen laut EitnerB 1877 Besetzung und Textincipit überein).' to 'Vermutlich identisch mit der Komposition Finettis in RISM B/I 1623¦2 (eine Überprüfung war nicht möglich, jedoch stimmen laut EitnerB 1877 Besetzung und Textincipit überein).'
I, [2020-11-05T12:00:55.906886 #18766]  INFO -- : lab.rism: 211006749 changed 500$a from 'Vermutlich identisch mit der Komposition Mezzogorris in RISM B/I 1623|2 (eine Überprüfung war nicht möglich, jedoch stimmen laut EitnerB 1877 Besetzung und Textincipit überein).' to 'Vermutlich identisch mit der Komposition Mezzogorris in RISM B/I 1623¦2 (eine Überprüfung war nicht möglich, jedoch stimmen laut EitnerB 1877 Besetzung und Textincipit überein).'
I, [2020-11-05T12:00:55.957654 #18766]  INFO -- : lab.rism: 211006750 changed 500$a from 'Vermutlich identisch mit der Komposition Leonis in RISM B/I 1623|2 (eine Überprüfung war nicht möglich, jedoch stimmen laut EitnerB 1877 Besetzung und Textincipit überein).' to 'Vermutlich identisch mit der Komposition Leonis in RISM B/I 1623¦2 (eine Überprüfung war nicht möglich, jedoch stimmen laut EitnerB 1877 Besetzung und Textincipit überein).'
I, [2020-11-05T12:00:56.006530 #18766]  INFO -- : lab.rism: 211006751 changed 500$a from 'Vermutlich identisch mit der Komposition Granis in RISM B/I 1627|2 (eine Überprüfung war nicht möglich, jedoch stimmen laut EitnerB 1877 Besetzung und Textincipit überein).' to 'Vermutlich identisch mit der Komposition Granis in RISM B/I 1627¦2 (eine Überprüfung war nicht möglich, jedoch stimmen laut EitnerB 1877 Besetzung und Textincipit überein).'
I, [2020-11-05T12:00:56.075816 #18766]  INFO -- : lab.rism: 211006753 changed 500$a from 'Vermutlich identisch mit der Komposition Loths in RISM B/I 1622|2 (eine Überprüfung war nicht möglich, jedoch stimmen laut EitnerB 1877 Besetzung und Textincipit überein).' to 'Vermutlich identisch mit der Komposition Loths in RISM B/I 1622¦2 (eine Überprüfung war nicht möglich, jedoch stimmen laut EitnerB 1877 Besetzung und Textincipit überein).'
I, [2020-11-05T12:00:56.170190 #18766]  INFO -- : lab.rism: 211006754 changed 500$a from 'Vermutlich identisch mit der Komposition Grandis in RISM B/I 1627|1 (eine Überprüfung war nicht möglich, jedoch stimmen laut EitnerB 1877 Besetzung und Textincipit überein).' to 'Vermutlich identisch mit der Komposition Grandis in RISM B/I 1627¦1 (eine Überprüfung war nicht möglich, jedoch stimmen laut EitnerB 1877 Besetzung und Textincipit überein).'
I, [2020-11-05T12:00:56.234037 #18766]  INFO -- : lab.rism: 211006755 changed 500$a from 'Vermutlich identisch mit der Komposition Bellis in RISM B/I 1623|2 (eine Überprüfung war nicht möglich, jedoch stimmen laut EitnerB 1877 Besetzung und Textincipit überein).' to 'Vermutlich identisch mit der Komposition Bellis in RISM B/I 1623¦2 (eine Überprüfung war nicht möglich, jedoch stimmen laut EitnerB 1877 Besetzung und Textincipit überein).'
I, [2020-11-05T12:00:56.354297 #18766]  INFO -- : lab.rism: 211006756 changed 500$a from 'Vermutlich identisch mit der Komposition Lappis in RISM B/I 1623|2 (eine Überprüfung war nicht möglich, jedoch stimmen laut EitnerB 1877 Besetzung und Textincipit überein).' to 'Vermutlich identisch mit der Komposition Lappis in RISM B/I 1623¦2 (eine Überprüfung war nicht möglich, jedoch stimmen laut EitnerB 1877 Besetzung und Textincipit überein).'
I, [2020-11-05T12:00:56.426418 #18766]  INFO -- : lab.rism: 211006757 changed 500$a from 'Vermutlich identisch mit der Komposition Uffereris in RISM B/I 1623|2 (eine Überprüfung war nicht möglich, jedoch stimmen laut EitnerB 1877 Besetzung und Textincipit überein).' to 'Vermutlich identisch mit der Komposition Uffereris in RISM B/I 1623¦2 (eine Überprüfung war nicht möglich, jedoch stimmen laut EitnerB 1877 Besetzung und Textincipit überein).'
I, [2020-11-05T12:00:56.581561 #18766]  INFO -- : lab.rism: 211006860 changed 500$a from 'Gedruckt in RISM B/I 1554|13 (dort ebenfalls anonym).' to 'Gedruckt in RISM B/I 1554¦13 (dort ebenfalls anonym).'
I, [2020-11-05T12:00:56.677497 #18766]  INFO -- : lab.rism: 211006864 changed 500$a from 'Gedruckt in RISM B/I 1556|8 (no.5).' to 'Gedruckt in RISM B/I 1556¦8 (no.5).'
I, [2020-11-05T12:00:56.728419 #18766]  INFO -- : lab.rism: 211006869 changed 500$a from 'Mit Angabe des Komponisten gedruckt in RISM B/I 1558|4 (no.21).' to 'Mit Angabe des Komponisten gedruckt in RISM B/I 1558¦4 (no.21).'
I, [2020-11-05T12:00:56.844319 #18766]  INFO -- : lab.rism: 211006876 changed 500$a from 'Cantus firmus mit deutschem Text "Christ ist erstanden" wandert durch die Stimmen A, T, B und Vag. Anonym gedruckt in RISM B/I 1539|14 (siehe AlbrechtR 1955).' to 'Cantus firmus mit deutschem Text "Christ ist erstanden" wandert durch die Stimmen A, T, B und Vag. Anonym gedruckt in RISM B/I 1539¦14 (siehe AlbrechtR 1955).'
I, [2020-11-05T12:00:56.954175 #18766]  INFO -- : lab.rism: 211006877 changed 500$a from 'Cantus firmus mit deutschem Text "Christ ist erstanden" wandert durch die Stimmen A, T, B und Vag. Anonym gedruckt in RISM B/I 1539|14 (siehe AlbrechtR 1955).' to 'Cantus firmus mit deutschem Text "Christ ist erstanden" wandert durch die Stimmen A, T, B und Vag. Anonym gedruckt in RISM B/I 1539¦14 (siehe AlbrechtR 1955).'
I, [2020-11-05T12:00:57.081016 #18766]  INFO -- : lab.rism: 211006883 changed 500$a from 'Mit Angabe des Komponisten gedruckt in RISM B/I 1554|7 (no.2).' to 'Mit Angabe des Komponisten gedruckt in RISM B/I 1554¦7 (no.2).'
I, [2020-11-05T12:00:58.806912 #18766]  INFO -- : lab.rism: 211008080 changed 500$a from 'Zuweisung an Brumel nach dem Sammeldruck RISM B/I 1503|1 (siehe SmijersO 1939).' to 'Zuweisung an Brumel nach dem Sammeldruck RISM B/I 1503¦1 (siehe SmijersO 1939).'
I, [2020-11-05T12:01:02.733910 #18766]  INFO -- : lab.rism: 211011365 changed 500$a from 'Die Aria erschien 1660 als No.8 in der von J. R. Ahle herausgegebenen Sammlung RISM B/I 1660|2 (von Ahle stammt nur das zur Arie gehörige Ritornell, das aber in der vorliegenden Handschrift nicht enthalten ist).' to 'Die Aria erschien 1660 als No.8 in der von J. R. Ahle herausgegebenen Sammlung RISM B/I 1660¦2 (von Ahle stammt nur das zur Arie gehörige Ritornell, das aber in der vorliegenden Handschrift nicht enthalten ist).'
I, [2020-11-05T12:01:03.906517 #18766]  INFO -- : lab.rism: 211011893 changed 500$a from 'Mit Autorangabe gedruckt in RISM B/I 1559|2 (no.26).' to 'Mit Autorangabe gedruckt in RISM B/I 1559¦2 (no.26).'
I, [2020-11-05T12:01:04.513005 #18766]  INFO -- : lab.rism: 211012391 changed 500$a from 'Gedruckt in RISM B/I 1622|2 (no. LXVII).' to 'Gedruckt in RISM B/I 1622¦2 (no. LXVII).'
I, [2020-11-05T12:01:04.766216 #18766]  INFO -- : lab.rism: 211012569 changed 500$a from 'In RISM B/I 1607|6 (Neuausgabe in BlumeP 1928) Palestrina zugeschrieben; laut Grove|7 jedoch von Giovanelli. In D-Dl Mus.Gri 49 (SteudeD 1974 no.37.107) auch Hassler oder Marentio zugeschrieben (siehe die Anmerkung in RISM ID no.211003993).' to 'In RISM B/I 1607¦6 (Neuausgabe in BlumeP 1928) Palestrina zugeschrieben; laut Grove|7 jedoch von Giovanelli. In D-Dl Mus.Gri 49 (SteudeD 1974 no.37.107) auch Hassler oder Marentio zugeschrieben (siehe die Anmerkung in RISM ID no.211003993).'
