# Logfile created on 2020-09-14 13:38:58 +0200 by logger.rb/56815
I, [2020-09-14T13:38:58.342722 #16399]  INFO -- : lab.rism: Size of collection --> 69412
I, [2020-09-14T13:44:47.818189 #16399]  INFO -- : lab.rism: Holding 990000090 changed shelfmark '4 Mus. pr. 66459' to '4 Mus.pr. 66459'
I, [2020-09-14T13:44:48.278724 #16399]  INFO -- : lab.rism: Holding 990000640 changed shelfmark '2 Mus. pr.99#Beibd. 7' to '2 Mus.pr. 99#Beibd. 7'
I, [2020-09-14T13:44:48.357585 #16399]  INFO -- : lab.rism: Holding 990001055 changed shelfmark '4 Mus. pr. 66426' to '4 Mus.pr. 66426'
I, [2020-09-14T13:44:48.431463 #16399]  INFO -- : lab.rism: Holding 990001065 changed shelfmark '4 Mus. pr. 65785' to '4 Mus.pr. 65785'
I, [2020-09-14T13:44:48.521346 #16399]  INFO -- : lab.rism: Holding 990002131 changed shelfmark '4 Mus. pr. 64815' to '4 Mus.pr. 64815'
I, [2020-09-14T13:44:48.623229 #16399]  INFO -- : lab.rism: Holding 990003040 changed shelfmark '4 Mus. pr. 64979' to '4 Mus.pr. 64979'
I, [2020-09-14T13:44:48.681363 #16399]  INFO -- : lab.rism: Holding 990003062 changed shelfmark '4 Mus. pr. 64979' to '4 Mus.pr. 64979'
I, [2020-09-14T13:44:48.760436 #16399]  INFO -- : lab.rism: Holding 990003074 changed shelfmark '4 Mus. pr. 66404' to '4 Mus.pr. 66404'
I, [2020-09-14T13:44:52.909266 #16399]  INFO -- : lab.rism: Holding 990003516 changed shelfmark 'Mus. pr. 9672' to 'Mus.pr. 9672'
I, [2020-09-14T13:44:53.122671 #16399]  INFO -- : lab.rism: Holding 990003516 changed shelfmark 'Mus. pr. 93.157' to 'Mus.pr. 93.157'
I, [2020-09-14T13:44:53.175193 #16399]  INFO -- : lab.rism: Holding 990003971 changed shelfmark '4 Mus. pr. 1415' to '4 Mus.pr. 1415'
I, [2020-09-14T13:44:53.230733 #16399]  INFO -- : lab.rism: Holding 990004005 changed shelfmark 'Mus. pr. 9835' to 'Mus.pr. 9835'
I, [2020-09-14T13:44:53.264474 #16399]  INFO -- : lab.rism: Holding 990004180 changed shelfmark '4 Mus. pr. 63213' to '4 Mus.pr. 63213'
I, [2020-09-14T13:44:53.330117 #16399]  INFO -- : lab.rism: Holding 990004566 changed shelfmark '4 Mus. pr. 518' to '4 Mus.pr. 518'
I, [2020-09-14T13:44:53.369161 #16399]  INFO -- : lab.rism: Holding 990004654 changed shelfmark '4 Mus. pr. 64962' to '4 Mus.pr. 64962'
I, [2020-09-14T13:44:53.407430 #16399]  INFO -- : lab.rism: Holding 990004734 changed shelfmark '4 Mus. pr. 64840' to '4 Mus.pr. 64840'
I, [2020-09-14T13:44:53.461940 #16399]  INFO -- : lab.rism: Holding 990005034 changed shelfmark '4 Mus. pr. 62942' to '4 Mus.pr. 62942'
I, [2020-09-14T13:44:53.483775 #16399]  INFO -- : lab.rism: Holding 990005077 changed shelfmark '4 Mus. pr. 62943' to '4 Mus.pr. 62943'
I, [2020-09-14T13:44:53.508141 #16399]  INFO -- : lab.rism: Holding 990005083 changed shelfmark '4 Mus. pr. 62944' to '4 Mus.pr. 62944'
I, [2020-09-14T13:44:53.522002 #16399]  INFO -- : lab.rism: Holding 990005084 changed shelfmark '4 Mus. pr. 62948' to '4 Mus.pr. 62948'
I, [2020-09-14T13:44:53.538697 #16399]  INFO -- : lab.rism: Holding 990005085 changed shelfmark '4 Mus. pr. 62938' to '4 Mus.pr. 62938'
I, [2020-09-14T13:44:53.555464 #16399]  INFO -- : lab.rism: Holding 990005091 changed shelfmark '4 Mus. pr. 62941' to '4 Mus.pr. 62941'
I, [2020-09-14T13:44:53.572823 #16399]  INFO -- : lab.rism: Holding 990005098 changed shelfmark '4 Mus. pr. 62945' to '4 Mus.pr. 62945'
I, [2020-09-14T13:44:53.606843 #16399]  INFO -- : lab.rism: Holding 990005120 changed shelfmark '4 Mus. pr. 62947' to '4 Mus.pr. 62947'
I, [2020-09-14T13:44:53.622148 #16399]  INFO -- : lab.rism: Holding 990005122 changed shelfmark '4 Mus. pr. 64385' to '4 Mus.pr. 64385'
I, [2020-09-14T13:44:53.638842 #16399]  INFO -- : lab.rism: Holding 990005125 changed shelfmark '4 Mus. pr. 62946' to '4 Mus.pr. 62946'
I, [2020-09-14T13:44:53.655509 #16399]  INFO -- : lab.rism: Holding 990005143 changed shelfmark '4 Mus. pr. 65936' to '4 Mus.pr. 65936'
I, [2020-09-14T13:44:53.679645 #16399]  INFO -- : lab.rism: Holding 990005271 changed shelfmark '4 Mus. pr. 520' to '4 Mus.pr. 520'
I, [2020-09-14T13:44:53.740809 #16399]  INFO -- : lab.rism: Holding 990005469 changed shelfmark '4 Mus. pr. 64433' to '4 Mus.pr. 64433'
I, [2020-09-14T13:44:53.777343 #16399]  INFO -- : lab.rism: Holding 990005730 changed shelfmark '4 Mus. pr. 65927' to '4 Mus.pr. 65927'
I, [2020-09-14T13:44:53.814120 #16399]  INFO -- : lab.rism: Holding 990005899 changed shelfmark '4 Mus. pr. 65664-1,2' to '4 Mus.pr. 65664-1,2'
I, [2020-09-14T13:44:53.872782 #16399]  INFO -- : lab.rism: Holding 990006494 changed shelfmark '4 Mus. pr. 65952' to '4 Mus.pr. 65952'
I, [2020-09-14T13:44:53.905167 #16399]  INFO -- : lab.rism: Holding 990006853 changed shelfmark '4 Mus. pr. 66041' to '4 Mus.pr. 66041'
I, [2020-09-14T13:44:53.966415 #16399]  INFO -- : lab.rism: Holding 990006963 changed shelfmark '4 Mus. pr. 63925' to '4 Mus.pr. 63925'
I, [2020-09-14T13:44:54.013116 #16399]  INFO -- : lab.rism: Holding 990007388 changed shelfmark '2 Mus. pr. 12623' to '2 Mus.pr. 12623'
I, [2020-09-14T13:44:54.089680 #16399]  INFO -- : lab.rism: Holding 990007817 changed shelfmark '4 Mus. pr. 1416' to '4 Mus.pr. 1416'
I, [2020-09-14T13:44:54.128739 #16399]  INFO -- : lab.rism: Holding 990007877 changed shelfmark '4 Mus. pr. 65070' to '4 Mus.pr. 65070'
I, [2020-09-14T13:44:54.170433 #16399]  INFO -- : lab.rism: Holding 990008472 changed shelfmark 'Mus. pr. 8951' to 'Mus.pr. 8951'
I, [2020-09-14T13:44:54.222292 #16399]  INFO -- : lab.rism: Holding 990008490 changed shelfmark '4 Mus. pr. 62973' to '4 Mus.pr. 62973'
I, [2020-09-14T13:44:54.250628 #16399]  INFO -- : lab.rism: Holding 990008511 changed shelfmark '4 Mus. pr. 62874' to '4 Mus.pr. 62874'
I, [2020-09-14T13:44:54.312613 #16399]  INFO -- : lab.rism: Holding 990009261 changed shelfmark '4 Mus. pr. 1420' to '4 Mus.pr. 1420'
I, [2020-09-14T13:44:54.335093 #16399]  INFO -- : lab.rism: Holding 990009457 changed shelfmark '4 Mus. pr. 66219' to '4 Mus.pr. 66219'
I, [2020-09-14T13:44:54.390788 #16399]  INFO -- : lab.rism: Holding 990010168 changed shelfmark '4 Mus. pr. 63861' to '4 Mus.pr. 63861'
I, [2020-09-14T13:44:54.456912 #16399]  INFO -- : lab.rism: Holding 990010593 changed shelfmark '2 Mus. pr. 12566' to '2 Mus.pr. 12566'
I, [2020-09-14T13:44:54.480225 #16399]  INFO -- : lab.rism: Holding 990010596 changed shelfmark '2 Mus. pr. 12567' to '2 Mus.pr. 12567'
I, [2020-09-14T13:44:54.508456 #16399]  INFO -- : lab.rism: Holding 990010807 changed shelfmark '4 Mus. pr. 66432 ' to '4 Mus.pr. 66432 '
I, [2020-09-14T13:44:54.545073 #16399]  INFO -- : lab.rism: Holding 990011222 changed shelfmark '4 Mus. pr. 63784' to '4 Mus.pr. 63784'
I, [2020-09-14T13:44:54.594251 #16399]  INFO -- : lab.rism: Holding 990011783 changed shelfmark '4 Mus. pr. 530' to '4 Mus.pr. 530'
I, [2020-09-14T13:44:54.632741 #16399]  INFO -- : lab.rism: Holding 990011809 changed shelfmark '4 Mus. pr.1289' to '4 Mus.pr. 1289'
I, [2020-09-14T13:44:54.674483 #16399]  INFO -- : lab.rism: Holding 990011911 changed shelfmark '4 Mus. pr. 64047 ' to '4 Mus.pr. 64047 '
I, [2020-09-14T13:44:54.714644 #16399]  INFO -- : lab.rism: Holding 990011966 changed shelfmark '4 Mus. pr. 62669' to '4 Mus.pr. 62669'
I, [2020-09-14T13:44:54.748596 #16399]  INFO -- : lab.rism: Holding 990012099 changed shelfmark '4 Mus. pr. 62655 ' to '4 Mus.pr. 62655 '
I, [2020-09-14T13:44:54.773774 #16399]  INFO -- : lab.rism: Holding 990012173 changed shelfmark '4 Mus. pr. 62654' to '4 Mus.pr. 62654'
I, [2020-09-14T13:44:54.807474 #16399]  INFO -- : lab.rism: Holding 990012189 changed shelfmark '4 Mus. pr. 62665' to '4 Mus.pr. 62665'
I, [2020-09-14T13:44:54.830698 #16399]  INFO -- : lab.rism: Holding 990012190 changed shelfmark '4 Mus. pr. 62663' to '4 Mus.pr. 62663'
I, [2020-09-14T13:44:54.855295 #16399]  INFO -- : lab.rism: Holding 990012195 changed shelfmark '4 Mus. pr. 62661' to '4 Mus.pr. 62661'
I, [2020-09-14T13:44:54.875376 #16399]  INFO -- : lab.rism: Holding 990012217 changed shelfmark '4 Mus. pr. 62656' to '4 Mus.pr. 62656'
I, [2020-09-14T13:44:54.910009 #16399]  INFO -- : lab.rism: Holding 990012341 changed shelfmark ' 4 Mus. pr. 62660 ' to ' 4 Mus.pr. 62660 '
I, [2020-09-14T13:44:54.938995 #16399]  INFO -- : lab.rism: Holding 990012348 changed shelfmark '4 Mus. pr. 62653' to '4 Mus.pr. 62653'
I, [2020-09-14T13:44:54.957862 #16399]  INFO -- : lab.rism: Holding 990012417 changed shelfmark '4 Mus. pr. 62657' to '4 Mus.pr. 62657'
I, [2020-09-14T13:44:55.075978 #16399]  INFO -- : lab.rism: Holding 990013651 changed shelfmark ' 4 Mus. pr. 65718' to ' 4 Mus.pr. 65718'
I, [2020-09-14T13:44:55.132205 #16399]  INFO -- : lab.rism: Holding 990013659 changed shelfmark '4 Mus. pr. 62970' to '4 Mus.pr. 62970'
I, [2020-09-14T13:44:55.168713 #16399]  INFO -- : lab.rism: Holding 990013672 changed shelfmark '4 Mus. pr. 66453' to '4 Mus.pr. 66453'
I, [2020-09-14T13:44:55.270493 #16399]  INFO -- : lab.rism: Holding 990015320 changed shelfmark '4 Mus. pr. 65989' to '4 Mus.pr. 65989'
I, [2020-09-14T13:44:55.302849 #16399]  INFO -- : lab.rism: Holding 990015491 changed shelfmark '4 Mus. pr. 63155' to '4 Mus.pr. 63155'
I, [2020-09-14T13:44:55.322302 #16399]  INFO -- : lab.rism: Holding 990015498 changed shelfmark '4 Mus. pr. 63158' to '4 Mus.pr. 63158'
I, [2020-09-14T13:44:55.347535 #16399]  INFO -- : lab.rism: Holding 990015512 changed shelfmark '4 Mus. pr. 63157' to '4 Mus.pr. 63157'
I, [2020-09-14T13:44:55.378014 #16399]  INFO -- : lab.rism: Holding 990015654 changed shelfmark '4 Mus. pr. 65979' to '4 Mus.pr. 65979'
I, [2020-09-14T13:44:55.425985 #16399]  INFO -- : lab.rism: Holding 990015679 changed shelfmark '4 Mus. pr. 63750' to '4 Mus.pr. 63750'
I, [2020-09-14T13:44:59.439992 #16399]  INFO -- : lab.rism: Holding 990015986 changed shelfmark '4 Mus. pr. 64407' to '4 Mus.pr. 64407'
I, [2020-09-14T13:44:59.541885 #16399]  INFO -- : lab.rism: Holding 990016108 changed shelfmark '4 Mus. pr. 63448' to '4 Mus.pr. 63448'
I, [2020-09-14T13:44:59.595850 #16399]  INFO -- : lab.rism: Holding 990016199 changed shelfmark '4 Mus. pr. 63842' to '4 Mus.pr. 63842'
I, [2020-09-14T13:44:59.622868 #16399]  INFO -- : lab.rism: Holding 990016203 changed shelfmark '4 Mus. pr. 63929' to '4 Mus.pr. 63929'
I, [2020-09-14T13:44:59.799345 #16399]  INFO -- : lab.rism: Holding 990018337 changed shelfmark '4 Mus. pr. 65917' to '4 Mus.pr. 65917'
I, [2020-09-14T13:44:59.966125 #16399]  INFO -- : lab.rism: Holding 990019940 changed shelfmark '4 Mus. pr. 66433' to '4 Mus.pr. 66433'
I, [2020-09-14T13:45:00.154086 #16399]  INFO -- : lab.rism: Holding 990020224 changed shelfmark '4 Mus. pr. 64847' to '4 Mus.pr. 64847'
I, [2020-09-14T13:45:00.240951 #16399]  INFO -- : lab.rism: Holding 990020289 changed shelfmark '4 Mus. pr. 64849' to '4 Mus.pr. 64849'
I, [2020-09-14T13:45:00.291660 #16399]  INFO -- : lab.rism: Holding 990020345 changed shelfmark '4 Mus. pr. 64851' to '4 Mus.pr. 64851'
I, [2020-09-14T13:45:00.330557 #16399]  INFO -- : lab.rism: Holding 990020346 changed shelfmark '4 Mus. pr. 64854' to '4 Mus.pr. 64854'
I, [2020-09-14T13:45:00.357905 #16399]  INFO -- : lab.rism: Holding 990020353 changed shelfmark '4 Mus. pr. 64856' to '4 Mus.pr. 64856'
I, [2020-09-14T13:45:00.383831 #16399]  INFO -- : lab.rism: Holding 990020372 changed shelfmark '4 Mus. pr. 64858' to '4 Mus.pr. 64858'
I, [2020-09-14T13:45:00.428756 #16399]  INFO -- : lab.rism: Holding 990020651 changed shelfmark '4 Mus. pr. 66214' to '4 Mus.pr. 66214'
I, [2020-09-14T13:45:00.486684 #16399]  INFO -- : lab.rism: Holding 990020764 changed shelfmark '2 Mus. pr. 12450' to '2 Mus.pr. 12450'
I, [2020-09-14T13:45:00.612240 #16399]  INFO -- : lab.rism: Holding 990021763 changed shelfmark 'Mus. pr. 64474' to 'Mus.pr. 64474'
I, [2020-09-14T13:45:00.665709 #16399]  INFO -- : lab.rism: Holding 990021773 changed shelfmark '4 Mus. pr. 63416' to '4 Mus.pr. 63416'
I, [2020-09-14T13:45:00.689322 #16399]  INFO -- : lab.rism: Holding 990021775 changed shelfmark '4 Mus. pr. 62713/23' to '4 Mus.pr. 62713/23'
I, [2020-09-14T13:45:00.802125 #16399]  INFO -- : lab.rism: Holding 990022455 changed shelfmark '4 Mus. pr. 64518' to '4 Mus.pr. 64518'
I, [2020-09-14T13:45:00.855724 #16399]  INFO -- : lab.rism: Holding 990022690 changed shelfmark '4 Mus. pr. 1424' to '4 Mus.pr. 1424'
I, [2020-09-14T13:45:00.931717 #16399]  INFO -- : lab.rism: Holding 990022963 changed shelfmark '4 Mus. pr. 62995' to '4 Mus.pr. 62995'
I, [2020-09-14T13:45:00.988239 #16399]  INFO -- : lab.rism: Holding 990023174 changed shelfmark '4 Mus. pr. 62990' to '4 Mus.pr. 62990'
I, [2020-09-14T13:45:01.055532 #16399]  INFO -- : lab.rism: Holding 990023189 changed shelfmark '2 Mus. pr. 12422' to '2 Mus.pr. 12422'
I, [2020-09-14T13:45:01.236259 #16399]  INFO -- : lab.rism: Holding 990025673 changed shelfmark '4 Mus. pr. 63404' to '4 Mus.pr. 63404'
I, [2020-09-14T13:45:01.436295 #16399]  INFO -- : lab.rism: Holding 990026690 changed shelfmark '4 Mus. pr. 64298 ' to '4 Mus.pr. 64298 '
I, [2020-09-14T13:45:01.639110 #16399]  INFO -- : lab.rism: Holding 990027517 changed shelfmark '4 Mus. pr. 64830' to '4 Mus.pr. 64830'
I, [2020-09-14T13:45:01.804065 #16399]  INFO -- : lab.rism: Holding 990028839 changed shelfmark '4 Mus. pr. 65095' to '4 Mus.pr. 65095'
I, [2020-09-14T13:45:01.867643 #16399]  INFO -- : lab.rism: Holding 990029066 changed shelfmark 'Mus. pr. 9809' to 'Mus.pr. 9809'
I, [2020-09-14T13:45:01.996805 #16399]  INFO -- : lab.rism: Holding 990029925 changed shelfmark '4 Mus. pr. 65958' to '4 Mus.pr. 65958'
I, [2020-09-14T13:45:02.367300 #16399]  INFO -- : lab.rism: Holding 990030232 changed shelfmark '4 Mus.pr.62282' to '4 Mus.pr. 62282'
I, [2020-09-14T13:45:02.434208 #16399]  INFO -- : lab.rism: Holding 990031930 changed shelfmark '4 Mus. pr. 64510' to '4 Mus.pr. 64510'
I, [2020-09-14T13:45:02.515545 #16399]  INFO -- : lab.rism: Holding 990031947 changed shelfmark '2 Mus. pr. 12431' to '2 Mus.pr. 12431'
I, [2020-09-14T13:45:02.542413 #16399]  INFO -- : lab.rism: Holding 990031985 changed shelfmark '4 Mus. pr. 1295' to '4 Mus.pr. 1295'
I, [2020-09-14T13:45:02.710994 #16399]  INFO -- : lab.rism: Holding 990033474 changed shelfmark '4 Mus. pr. 66409' to '4 Mus.pr. 66409'
I, [2020-09-14T13:45:02.786679 #16399]  INFO -- : lab.rism: Holding 990033501 changed shelfmark '4 Mus. pr. 65617' to '4 Mus.pr. 65617'
I, [2020-09-14T13:45:03.019604 #16399]  INFO -- : lab.rism: Holding 990035058 changed shelfmark '4 Mus. pr. 64676' to '4 Mus.pr. 64676'
I, [2020-09-14T13:45:03.222444 #16399]  INFO -- : lab.rism: Holding 990035571 changed shelfmark '4 Mus. pr. 63570' to '4 Mus.pr. 63570'
I, [2020-09-14T13:45:03.416454 #16399]  INFO -- : lab.rism: Holding 990035904 changed shelfmark '4 Mus. pr. 62986/ 1' to '4 Mus.pr. 62986/ 1'
I, [2020-09-14T13:45:03.715256 #16399]  INFO -- : lab.rism: Holding 990035905 changed shelfmark '4 Mus. pr. 62986 ' to '4 Mus.pr. 62986 '
I, [2020-09-14T13:45:03.840289 #16399]  INFO -- : lab.rism: Holding 990035909 changed shelfmark '4 Mus. pr. 62684' to '4 Mus.pr. 62684'
I, [2020-09-14T13:45:03.891292 #16399]  INFO -- : lab.rism: Holding 990035919 changed shelfmark '4 Mus. pr. 62685' to '4 Mus.pr. 62685'
I, [2020-09-14T13:45:04.006863 #16399]  INFO -- : lab.rism: Holding 990035924 changed shelfmark '2 Mus. pr. 12405' to '2 Mus.pr. 12405'
I, [2020-09-14T13:45:04.117886 #16399]  INFO -- : lab.rism: Holding 990036199 changed shelfmark '4 Mus. pr. 544' to '4 Mus.pr. 544'
I, [2020-09-14T13:45:04.306021 #16399]  INFO -- : lab.rism: Holding 990036469 changed shelfmark '4 Mus. pr. 81' to '4 Mus.pr. 81'
I, [2020-09-14T13:45:04.494812 #16399]  INFO -- : lab.rism: Holding 990036473 changed shelfmark '4 Mus. pr. 345' to '4 Mus.pr. 345'
I, [2020-09-14T13:45:04.698459 #16399]  INFO -- : lab.rism: Holding 990036645 changed shelfmark 'Mus. pr. 9678' to 'Mus.pr. 9678'
I, [2020-09-14T13:45:04.898174 #16399]  INFO -- : lab.rism: Holding 990036646 changed shelfmark 'Mus. pr. 9676' to 'Mus.pr. 9676'
I, [2020-09-14T13:45:04.998041 #16399]  INFO -- : lab.rism: Holding 990036717 changed shelfmark 'Mus. pr. 9677' to 'Mus.pr. 9677'
I, [2020-09-14T13:45:05.213287 #16399]  INFO -- : lab.rism: Holding 990036729 changed shelfmark 'Mus. pr. 9677' to 'Mus.pr. 9677'
I, [2020-09-14T13:45:05.359172 #16399]  INFO -- : lab.rism: Holding 990036760 changed shelfmark '2 Mus. pr. 20' to '2 Mus.pr. 20'
I, [2020-09-14T13:45:05.505664 #16399]  INFO -- : lab.rism: Holding 990037087 changed shelfmark '4 Mus. pr. 64524' to '4 Mus.pr. 64524'
I, [2020-09-14T13:45:05.531160 #16399]  INFO -- : lab.rism: Holding 990037089 changed shelfmark '2 Mus. pr. 12600' to '2 Mus.pr. 12600'
I, [2020-09-14T13:45:05.582682 #16399]  INFO -- : lab.rism: Holding 990037091 changed shelfmark '4 Mus. pr. 66227' to '4 Mus.pr. 66227'
I, [2020-09-14T13:45:05.650012 #16399]  INFO -- : lab.rism: Holding 990037765 changed shelfmark '4 Mus. pr. 547' to '4 Mus.pr. 547'
I, [2020-09-14T13:45:05.716648 #16399]  INFO -- : lab.rism: Holding 990037998 changed shelfmark '4 Mus. pr. 63205' to '4 Mus.pr. 63205'
I, [2020-09-14T13:45:05.795491 #16399]  INFO -- : lab.rism: Holding 990038338 changed shelfmark '4 Mus. pr. 66043' to '4 Mus.pr. 66043'
I, [2020-09-14T13:45:05.882216 #16399]  INFO -- : lab.rism: Holding 990038569 changed shelfmark '4 Mus. pr. 64811' to '4 Mus.pr. 64811'
I, [2020-09-14T13:45:05.940034 #16399]  INFO -- : lab.rism: Holding 990038669 changed shelfmark '2 Mus. pr. 12631' to '2 Mus.pr. 12631'
I, [2020-09-14T13:45:05.994415 #16399]  INFO -- : lab.rism: Holding 990038682 changed shelfmark '2 Mus. pr. 12411' to '2 Mus.pr. 12411'
I, [2020-09-14T13:45:06.110962 #16399]  INFO -- : lab.rism: Holding 990039176 changed shelfmark '4 Mus. pr. 65795 ' to '4 Mus.pr. 65795 '
I, [2020-09-14T13:45:06.171716 #16399]  INFO -- : lab.rism: Holding 990039485 changed shelfmark '4 Mus. pr. 1290' to '4 Mus.pr. 1290'
I, [2020-09-14T13:45:06.246438 #16399]  INFO -- : lab.rism: Holding 990039981 changed shelfmark '4 Mus. pr. 1292' to '4 Mus.pr. 1292'
I, [2020-09-14T13:45:06.274631 #16399]  INFO -- : lab.rism: Holding 990039987 changed shelfmark '4 Mus. pr. 1291' to '4 Mus.pr. 1291'
I, [2020-09-14T13:45:06.353047 #16399]  INFO -- : lab.rism: Holding 990040378 changed shelfmark '4 Mus. pr. 550' to '4 Mus.pr. 550'
I, [2020-09-14T13:45:06.388264 #16399]  INFO -- : lab.rism: Holding 990040438 changed shelfmark '4 Mus. pr. 551' to '4 Mus.pr. 551'
I, [2020-09-14T13:45:06.430027 #16399]  INFO -- : lab.rism: Holding 990040479 changed shelfmark '4 Mus. pr. 65669' to '4 Mus.pr. 65669'
I, [2020-09-14T13:45:06.539386 #16399]  INFO -- : lab.rism: Holding 990040925 changed shelfmark '4° Mus. pr. 2675' to '4° Mus.pr. 2675'
I, [2020-09-14T13:45:06.566118 #16399]  INFO -- : lab.rism: Holding 990040927 changed shelfmark '4 Mus. pr. 1427' to '4 Mus.pr. 1427'
I, [2020-09-14T13:45:06.663081 #16399]  INFO -- : lab.rism: Holding 990041674 changed shelfmark '2 Mus. pr. 12480' to '2 Mus.pr. 12480'
I, [2020-09-14T13:45:06.751253 #16399]  INFO -- : lab.rism: Holding 990042263 changed shelfmark '4 Mus. pr. 64730' to '4 Mus.pr. 64730'
I, [2020-09-14T13:45:06.880462 #16399]  INFO -- : lab.rism: Holding 990042925 changed shelfmark '4 Mus. pr. 64316' to '4 Mus.pr. 64316'
I, [2020-09-14T13:45:07.024204 #16399]  INFO -- : lab.rism: Holding 990043643 changed shelfmark '2 Mus.pr.91.54' to '2 Mus.pr. 91.54'
I, [2020-09-14T13:45:07.118767 #16399]  INFO -- : lab.rism: Holding 990043854 changed shelfmark '4 Mus. pr. 64603-9' to '4 Mus.pr. 64603-9'
I, [2020-09-14T13:45:07.484561 #16399]  INFO -- : lab.rism: Holding 990045899 changed shelfmark '4 Mus. pr. 65678' to '4 Mus.pr. 65678'
I, [2020-09-14T13:45:07.658048 #16399]  INFO -- : lab.rism: Holding 990046781 changed shelfmark '4 Mus. pr. 65794' to '4 Mus.pr. 65794'
I, [2020-09-14T13:45:07.744911 #16399]  INFO -- : lab.rism: Holding 990047276 changed shelfmark '4 Mus. pr. 1294' to '4 Mus.pr. 1294'
I, [2020-09-14T13:45:07.790287 #16399]  INFO -- : lab.rism: Holding 990047577 changed shelfmark '2 Mus. pr. 12564' to '2 Mus.pr. 12564'
I, [2020-09-14T13:45:07.847179 #16399]  INFO -- : lab.rism: Holding 990047880 changed shelfmark '4 Mus. pr. 64379' to '4 Mus.pr. 64379'
I, [2020-09-14T13:45:07.922238 #16399]  INFO -- : lab.rism: Holding 990048418 changed shelfmark '4 Mus. pr. 64587' to '4 Mus.pr. 64587'
I, [2020-09-14T13:45:08.035843 #16399]  INFO -- : lab.rism: Holding 990048805 changed shelfmark '4 Mus. pr. 64816' to '4 Mus.pr. 64816'
I, [2020-09-14T13:45:08.130867 #16399]  INFO -- : lab.rism: Holding 990048922 changed shelfmark '4 Mus. pr. 64341' to '4 Mus.pr. 64341'
I, [2020-09-14T13:45:08.270976 #16399]  INFO -- : lab.rism: Holding 990050038 changed shelfmark '4 Mus. pr. 1430' to '4 Mus.pr. 1430'
I, [2020-09-14T13:45:08.453374 #16399]  INFO -- : lab.rism: Holding 990052146 changed shelfmark '4 Mus. pr. 65961' to '4 Mus.pr. 65961'
I, [2020-09-14T13:45:08.490976 #16399]  INFO -- : lab.rism: Holding 990052378 changed shelfmark '4 Mus. pr. 64066-1' to '4 Mus.pr. 64066-1'
I, [2020-09-14T13:45:08.515018 #16399]  INFO -- : lab.rism: Holding 990052380 changed shelfmark '4 Mus. pr. 64066-2' to '4 Mus.pr. 64066-2'
I, [2020-09-14T13:45:08.597604 #16399]  INFO -- : lab.rism: Holding 990053315 changed shelfmark '4 Mus. pr. 65963' to '4 Mus.pr. 65963'
I, [2020-09-14T13:45:08.690430 #16399]  INFO -- : lab.rism: Holding 990053610 changed shelfmark '2 Mus. pr. 12480/ 1 ' to '2 Mus.pr. 12480/ 1 '
I, [2020-09-14T13:45:08.910518 #16399]  INFO -- : lab.rism: Holding 990054211 changed shelfmark '4 Mus. pr. 66412' to '4 Mus.pr. 66412'
I, [2020-09-14T13:45:08.971646 #16399]  INFO -- : lab.rism: Holding 990054213 changed shelfmark '4 Mus. pr. 65916' to '4 Mus.pr. 65916'
I, [2020-09-14T13:45:09.017728 #16399]  INFO -- : lab.rism: Holding 990054266 changed shelfmark 'Mus. pr. 9839 ' to 'Mus.pr. 9839 '
I, [2020-09-14T13:45:09.363642 #16399]  INFO -- : lab.rism: Holding 990055402 changed shelfmark '4 Mus. pr. 65797' to '4 Mus.pr. 65797'
I, [2020-09-14T13:45:09.500792 #16399]  INFO -- : lab.rism: Holding 990056736 changed shelfmark '4 Mus. pr. 64496' to '4 Mus.pr. 64496'
I, [2020-09-14T13:45:09.526051 #16399]  INFO -- : lab.rism: Holding 990056825 changed shelfmark '4 Mus. pr. 1432' to '4 Mus.pr. 1432'
I, [2020-09-14T13:45:09.585906 #16399]  INFO -- : lab.rism: Holding 990056827 changed shelfmark '4 Mus. pr. 1431' to '4 Mus.pr. 1431'
I, [2020-09-14T13:45:09.624351 #16399]  INFO -- : lab.rism: Holding 990056828 changed shelfmark '4 Mus. pr. 1435' to '4 Mus.pr. 1435'
I, [2020-09-14T13:45:09.650440 #16399]  INFO -- : lab.rism: Holding 990056831 changed shelfmark '4 Mus. pr. 1433' to '4 Mus.pr. 1433'
I, [2020-09-14T13:45:09.748694 #16399]  INFO -- : lab.rism: Holding 990058090 changed shelfmark '4 Mus. pr. 64823' to '4 Mus.pr. 64823'
I, [2020-09-14T13:45:10.014224 #16399]  INFO -- : lab.rism: Holding 990059771 changed shelfmark '4 Mus. pr. 66205' to '4 Mus.pr. 66205'
I, [2020-09-14T13:45:10.140619 #16399]  INFO -- : lab.rism: Holding 990060610 changed shelfmark '4 Mus. pr. 573' to '4 Mus.pr. 573'
I, [2020-09-14T13:45:10.209041 #16399]  INFO -- : lab.rism: Holding 990060904 changed shelfmark '4 Mus. pr. 66111' to '4 Mus.pr. 66111'
I, [2020-09-14T13:45:10.467566 #16399]  INFO -- : lab.rism: Holding 990062151 changed shelfmark '4 Mus. pr. 66203' to '4 Mus.pr. 66203'
I, [2020-09-14T13:45:10.528417 #16399]  INFO -- : lab.rism: Holding 990062232 changed shelfmark '4 Mus. pr. 64832' to '4 Mus.pr. 64832'
I, [2020-09-14T13:45:10.665125 #16399]  INFO -- : lab.rism: Holding 990063288 changed shelfmark '4 Mus. pr. 66204' to '4 Mus.pr. 66204'
I, [2020-09-14T13:45:10.726810 #16399]  INFO -- : lab.rism: Holding 990063459 changed shelfmark '4 Mus. pr. 582' to '4 Mus.pr. 582'
I, [2020-09-14T13:45:10.758726 #16399]  INFO -- : lab.rism: Holding 990063460 changed shelfmark '4 Mus. pr. 586' to '4 Mus.pr. 586'
I, [2020-09-14T13:45:10.791489 #16399]  INFO -- : lab.rism: Holding 990063461 changed shelfmark '4 Mus. pr. 588' to '4 Mus.pr. 588'
I, [2020-09-14T13:45:10.824881 #16399]  INFO -- : lab.rism: Holding 990063463 changed shelfmark '4 Mus. pr. 584' to '4 Mus.pr. 584'
I, [2020-09-14T13:45:10.873062 #16399]  INFO -- : lab.rism: Holding 990063464 changed shelfmark '4 Mus. pr. 583' to '4 Mus.pr. 583'
I, [2020-09-14T13:45:10.902534 #16399]  INFO -- : lab.rism: Holding 990063466 changed shelfmark '4 Mus. pr. 1437' to '4 Mus.pr. 1437'
I, [2020-09-14T13:45:10.933117 #16399]  INFO -- : lab.rism: Holding 990063467 changed shelfmark 'Mus. pr. 1272' to 'Mus.pr. 1272'
I, [2020-09-14T13:45:10.964820 #16399]  INFO -- : lab.rism: Holding 990063492 changed shelfmark '2 Mus. pr. 12622' to '2 Mus.pr. 12622'
I, [2020-09-14T13:45:11.057784 #16399]  INFO -- : lab.rism: Holding 990064669 changed shelfmark '4 Mus. pr. 1296' to '4 Mus.pr. 1296'
I, [2020-09-14T13:45:11.158756 #16399]  INFO -- : lab.rism: Holding 990064960 changed shelfmark '4 Mus. pr. 65953' to '4 Mus.pr. 65953'
I, [2020-09-14T13:45:11.220647 #16399]  INFO -- : lab.rism: Holding 990065127 changed shelfmark '4 Mus. pr. 589' to '4 Mus.pr. 589'
I, [2020-09-14T13:45:11.358884 #16399]  INFO -- : lab.rism: Holding 990066181 changed shelfmark '4 Mus. pr. 64922' to '4 Mus.pr. 64922'
I, [2020-09-14T13:45:11.401742 #16399]  INFO -- : lab.rism: Holding 990066225 changed shelfmark '4 Mus. pr. 64752' to '4 Mus.pr. 64752'
I, [2020-09-14T13:45:11.447607 #16399]  INFO -- : lab.rism: Holding 990066391 changed shelfmark '4 Mus. pr. 593' to '4 Mus.pr. 593'
I, [2020-09-14T13:45:11.505347 #16399]  INFO -- : lab.rism: Holding 990066564 changed shelfmark '4 Mus. pr. 2' to '4 Mus.pr. 2'
I, [2020-09-14T13:45:11.532918 #16399]  INFO -- : lab.rism: Holding 990066567 changed shelfmark '4 Mus. pr. 4' to '4 Mus.pr. 4'
I, [2020-09-14T13:45:11.599599 #16399]  INFO -- : lab.rism: Holding 990067045 changed shelfmark '4 Mus. pr. 65787' to '4 Mus.pr. 65787'
I, [2020-09-14T13:45:11.699257 #16399]  INFO -- : lab.rism: Holding 990067596 changed shelfmark '4 Mus. pr. 64724' to '4 Mus.pr. 64724'
I, [2020-09-14T13:45:11.745163 #16399]  INFO -- : lab.rism: Holding 990067671 changed shelfmark '4 Mus. pr. 65863' to '4 Mus.pr. 65863'
I, [2020-09-14T13:45:11.808335 #16399]  INFO -- : lab.rism: Holding 990068223 changed shelfmark '4 Mus. pr. 65985' to '4 Mus.pr. 65985'
I, [2020-09-14T13:45:11.848633 #16399]  INFO -- : lab.rism: Holding 990068395 changed shelfmark '2 Mus. pr. 12605' to '2 Mus.pr. 12605'
I, [2020-09-14T13:45:12.046128 #16399]  INFO -- : lab.rism: Holding 990069696 changed shelfmark '4 Mus. pr. 65624' to '4 Mus.pr. 65624'
I, [2020-09-14T13:45:12.154026 #16399]  INFO -- : lab.rism: Holding 990069810 changed shelfmark '4 Mus. pr. 66038' to '4 Mus.pr. 66038'
I, [2020-09-14T13:45:12.404870 #16399]  INFO -- : lab.rism: Holding 990072940 changed shelfmark '4|o Mus.pr.22611' to '4|o Mus.pr. 22611'
I, [2020-09-14T13:45:12.559441 #16399]  INFO -- : lab.rism: Holding 991003809 changed shelfmark 'Mus. pr. 9843' to 'Mus.pr. 9843'
I, [2020-09-14T13:45:12.731333 #16399]  INFO -- : lab.rism: Holding 991007082 changed shelfmark '4 Mus. pr. 65954' to '4 Mus.pr. 65954'
I, [2020-09-14T13:45:12.777918 #16399]  INFO -- : lab.rism: Holding 991007658 changed shelfmark '4 Mus. pr. 64870' to '4 Mus.pr. 64870'
I, [2020-09-14T13:45:12.974745 #16399]  INFO -- : lab.rism: Holding 991012710 changed shelfmark '4 Mus. pr. 2011.3146' to '4 Mus.pr. 2011.3146'
I, [2020-09-14T13:45:13.408473 #16399]  INFO -- : lab.rism: Holding 991017997 changed shelfmark '4 Mus. pr. 66437' to '4 Mus.pr. 66437'
I, [2020-09-14T13:45:13.469585 #16399]  INFO -- : lab.rism: Holding 991018071 changed shelfmark '4 Mus. pr. 64592' to '4 Mus.pr. 64592'
I, [2020-09-14T13:45:13.497892 #16399]  INFO -- : lab.rism: Holding 991018086 changed shelfmark '4 Mus. pr. 63348' to '4 Mus.pr. 63348'
I, [2020-09-14T13:45:13.542297 #16399]  INFO -- : lab.rism: Holding 991018107 changed shelfmark '4 Mus. pr. 66232' to '4 Mus.pr. 66232'
I, [2020-09-14T13:45:13.639157 #16399]  INFO -- : lab.rism: Holding 991019387 changed shelfmark '4 Mus. pr. 63796' to '4 Mus.pr. 63796'
I, [2020-09-14T13:45:13.713285 #16399]  INFO -- : lab.rism: Holding 991020232 changed shelfmark '4 Mus. pr. 64465-7' to '4 Mus.pr. 64465-7'
I, [2020-09-14T13:45:13.769838 #16399]  INFO -- : lab.rism: Holding 991020536 changed shelfmark '4 Mus. pr. 66195' to '4 Mus.pr. 66195'
I, [2020-09-14T13:45:13.808024 #16399]  INFO -- : lab.rism: Holding 991020539 changed shelfmark '4 Mus. pr. 66196 ' to '4 Mus.pr. 66196 '
I, [2020-09-14T13:45:13.974206 #16399]  INFO -- : lab.rism: Holding 991022586 changed shelfmark '4 Mus. pr. 64565' to '4 Mus.pr. 64565'
I, [2020-09-14T13:45:14.201803 #16399]  INFO -- : lab.rism: Holding 991027155 changed shelfmark '4 Mus. pr. 64577-1' to '4 Mus.pr. 64577-1'
I, [2020-09-14T13:45:14.506734 #16399]  INFO -- : lab.rism: Holding 991029594 changed shelfmark '4 Mus. pr. 64391' to '4 Mus.pr. 64391'
I, [2020-09-14T13:45:14.652224 #16399]  INFO -- : lab.rism: Holding 992004959 changed shelfmark '4 Mus. pr. 66423' to '4 Mus.pr. 66423'
I, [2020-09-14T13:45:14.696585 #16399]  INFO -- : lab.rism: Holding 992007163 changed shelfmark '4 Mus. pr. 64177 ' to '4 Mus.pr. 64177 '
I, [2020-09-14T13:45:14.749194 #16399]  INFO -- : lab.rism: Holding 993000089 changed shelfmark '4 Mus. pr. 65070' to '4 Mus.pr. 65070'
I, [2020-09-14T13:45:14.773440 #16399]  INFO -- : lab.rism: Holding 993000093 changed shelfmark '4 Mus. pr. 63864' to '4 Mus.pr. 63864'
I, [2020-09-14T13:45:14.796690 #16399]  INFO -- : lab.rism: Holding 993000094 changed shelfmark '4 Mus. pr. 64075' to '4 Mus.pr. 64075'
I, [2020-09-14T13:45:14.815016 #16399]  INFO -- : lab.rism: Holding 993000095 changed shelfmark '4 Mus. pr. 64076' to '4 Mus.pr. 64076'
I, [2020-09-14T13:45:14.838278 #16399]  INFO -- : lab.rism: Holding 993000096 changed shelfmark '4 Mus. pr. 62719/5' to '4 Mus.pr. 62719/5'
I, [2020-09-14T13:45:14.856724 #16399]  INFO -- : lab.rism: Holding 993000097 changed shelfmark '4 Mus. pr. 66032' to '4 Mus.pr. 66032'
I, [2020-09-14T13:45:14.881486 #16399]  INFO -- : lab.rism: Holding 993000101 changed shelfmark '4 Mus. pr. 12516' to '4 Mus.pr. 12516'
I, [2020-09-14T13:45:14.905741 #16399]  INFO -- : lab.rism: Holding 993000103 changed shelfmark '4 Mus. pr. 65093' to '4 Mus.pr. 65093'
I, [2020-09-14T13:45:14.923310 #16399]  INFO -- : lab.rism: Holding 993000104 changed shelfmark '4 Mus. pr. 66213' to '4 Mus.pr. 66213'
I, [2020-09-14T13:45:14.946568 #16399]  INFO -- : lab.rism: Holding 993000105 changed shelfmark '4 Mus. pr. 66405' to '4 Mus.pr. 66405'
I, [2020-09-14T13:45:14.965052 #16399]  INFO -- : lab.rism: Holding 993000106 changed shelfmark '2 Mus. pr. 12592' to '2 Mus.pr. 12592'
I, [2020-09-14T13:45:14.988333 #16399]  INFO -- : lab.rism: Holding 993000109 changed shelfmark '4 Mus. pr. 65909' to '4 Mus.pr. 65909'
I, [2020-09-14T13:45:15.013623 #16399]  INFO -- : lab.rism: Holding 993000110 changed shelfmark '4 Mus. pr. 62534' to '4 Mus.pr. 62534'
I, [2020-09-14T13:45:15.056317 #16399]  INFO -- : lab.rism: Holding 993000111 changed shelfmark '4 Mus. pr. 63912' to '4 Mus.pr. 63912'
I, [2020-09-14T13:45:15.081787 #16399]  INFO -- : lab.rism: Holding 993000112 changed shelfmark '4 Mus. pr. 63516' to '4 Mus.pr. 63516'
I, [2020-09-14T13:45:15.105023 #16399]  INFO -- : lab.rism: Holding 993000113 changed shelfmark '4 Mus. pr. 65128' to '4 Mus.pr. 65128'
I, [2020-09-14T13:45:15.123483 #16399]  INFO -- : lab.rism: Holding 993000114 changed shelfmark '4 Mus. pr. 62935' to '4 Mus.pr. 62935'
I, [2020-09-14T13:45:15.146685 #16399]  INFO -- : lab.rism: Holding 993000115 changed shelfmark '4 Mus. pr. 62937' to '4 Mus.pr. 62937'
I, [2020-09-14T13:45:15.165588 #16399]  INFO -- : lab.rism: Holding 993000118 changed shelfmark '4 Mus. pr. 63783' to '4 Mus.pr. 63783'
I, [2020-09-14T13:45:15.190397 #16399]  INFO -- : lab.rism: Holding 993000129 changed shelfmark '4 Mus. pr. 65930' to '4 Mus.pr. 65930'
I, [2020-09-14T13:45:15.215244 #16399]  INFO -- : lab.rism: Holding 993000133 changed shelfmark '4 Mus. pr. 64051' to '4 Mus.pr. 64051'
I, [2020-09-14T13:45:15.240173 #16399]  INFO -- : lab.rism: Holding 993000134 changed shelfmark '4 Mus. pr. 64528' to '4 Mus.pr. 64528'
I, [2020-09-14T13:45:15.263412 #16399]  INFO -- : lab.rism: Holding 993000136 changed shelfmark '4 Mus. pr. 63518' to '4 Mus.pr. 63518'
I, [2020-09-14T13:45:15.288373 #16399]  INFO -- : lab.rism: Holding 993000137 changed shelfmark '4 Mus. pr. 64871' to '4 Mus.pr. 64871'
I, [2020-09-14T13:45:15.356994 #16399]  INFO -- : lab.rism: Holding 993000139 changed shelfmark '4 Mus. pr. 63199' to '4 Mus.pr. 63199'
I, [2020-09-14T13:45:15.399046 #16399]  INFO -- : lab.rism: Holding 993000140 changed shelfmark '4 Mus. pr. 66230' to '4 Mus.pr. 66230'
I, [2020-09-14T13:45:15.424099 #16399]  INFO -- : lab.rism: Holding 993000143 changed shelfmark '4 Mus. pr. 64381' to '4 Mus.pr. 64381'
I, [2020-09-14T13:45:15.448888 #16399]  INFO -- : lab.rism: Holding 993000148 changed shelfmark 'Mus. pr. 9834' to 'Mus.pr. 9834'
I, [2020-09-14T13:45:15.473947 #16399]  INFO -- : lab.rism: Holding 993000149 changed shelfmark 'Mus. pr. 9834' to 'Mus.pr. 9834'
I, [2020-09-14T13:45:15.498749 #16399]  INFO -- : lab.rism: Holding 993000151 changed shelfmark '4 Mus. pr. 65160-3' to '4 Mus.pr. 65160-3'
I, [2020-09-14T13:45:15.523733 #16399]  INFO -- : lab.rism: Holding 993000155 changed shelfmark '4 Mus. pr. 62671' to '4 Mus.pr. 62671'
I, [2020-09-14T13:45:15.549046 #16399]  INFO -- : lab.rism: Holding 993000158 changed shelfmark '4 Mus. pr. 62712/10' to '4 Mus.pr. 62712/10'
I, [2020-09-14T13:45:15.573836 #16399]  INFO -- : lab.rism: Holding 993000159 changed shelfmark '4 Mus. pr. 62712/12' to '4 Mus.pr. 62712/12'
I, [2020-09-14T13:45:15.617605 #16399]  INFO -- : lab.rism: Holding 993000160 changed shelfmark '4 Mus. pr. 65783' to '4 Mus.pr. 65783'
I, [2020-09-14T13:45:15.640187 #16399]  INFO -- : lab.rism: Holding 993000169 changed shelfmark 'Mus. pr. 9832' to 'Mus.pr. 9832'
I, [2020-09-14T13:45:15.664320 #16399]  INFO -- : lab.rism: Holding 993000172 changed shelfmark '2 Mus. pr. 12452' to '2 Mus.pr. 12452'
I, [2020-09-14T13:45:15.688443 #16399]  INFO -- : lab.rism: Holding 993000173 changed shelfmark '4 Mus. pr. 62714/1' to '4 Mus.pr. 62714/1'
I, [2020-09-14T13:45:15.706868 #16399]  INFO -- : lab.rism: Holding 993000174 changed shelfmark '2 Mus. pr. 12604' to '2 Mus.pr. 12604'
I, [2020-09-14T13:45:15.748862 #16399]  INFO -- : lab.rism: Holding 993000175 changed shelfmark '4 Mus. pr. 63788' to '4 Mus.pr. 63788'
I, [2020-09-14T13:45:15.773772 #16399]  INFO -- : lab.rism: Holding 993000176 changed shelfmark '4 Mus. pr. 62997' to '4 Mus.pr. 62997'
I, [2020-09-14T13:45:15.798701 #16399]  INFO -- : lab.rism: Holding 993000179 changed shelfmark '4 Mus. pr. 63206' to '4 Mus.pr. 63206'
I, [2020-09-14T13:45:15.824141 #16399]  INFO -- : lab.rism: Holding 993000180 changed shelfmark '2 Mus. pr. 12440' to '2 Mus.pr. 12440'
I, [2020-09-14T13:45:15.848871 #16399]  INFO -- : lab.rism: Holding 993000181 changed shelfmark '4 Mus. pr. 64042' to '4 Mus.pr. 64042'
I, [2020-09-14T13:45:15.873975 #16399]  INFO -- : lab.rism: Holding 993000182 changed shelfmark 'Mus. pr. 9718' to 'Mus.pr. 9718'
I, [2020-09-14T13:45:15.898734 #16399]  INFO -- : lab.rism: Holding 993000184 changed shelfmark '4 Mus. pr. 63604' to '4 Mus.pr. 63604'
I, [2020-09-14T13:45:15.923813 #16399]  INFO -- : lab.rism: Holding 993000185 changed shelfmark '4 Mus. pr. 63605' to '4 Mus.pr. 63605'
I, [2020-09-14T13:45:15.949719 #16399]  INFO -- : lab.rism: Holding 993000191 changed shelfmark '4 Mus. pr. 63430' to '4 Mus.pr. 63430'
I, [2020-09-14T13:45:15.973670 #16399]  INFO -- : lab.rism: Holding 993000192 changed shelfmark '4 Mus. pr. 63519' to '4 Mus.pr. 63519'
I, [2020-09-14T13:45:15.998745 #16399]  INFO -- : lab.rism: Holding 993000196 changed shelfmark '4 Mus. pr. 66408' to '4 Mus.pr. 66408'
I, [2020-09-14T13:45:16.039790 #16399]  INFO -- : lab.rism: Holding 993000197 changed shelfmark '4 Mus. pr. 62714/20' to '4 Mus.pr. 62714/20'
I, [2020-09-14T13:45:16.065396 #16399]  INFO -- : lab.rism: Holding 993000200 changed shelfmark '4 Mus. pr. 66421' to '4 Mus.pr. 66421'
I, [2020-09-14T13:45:16.107104 #16399]  INFO -- : lab.rism: Holding 993000201 changed shelfmark '4 Mus. pr. 62712/14' to '4 Mus.pr. 62712/14'
I, [2020-09-14T13:45:16.132039 #16399]  INFO -- : lab.rism: Holding 993000205 changed shelfmark '4 Mus. pr. 64471' to '4 Mus.pr. 64471'
I, [2020-09-14T13:45:16.158070 #16399]  INFO -- : lab.rism: Holding 993000206 changed shelfmark '4 Mus. pr. 64470' to '4 Mus.pr. 64470'
I, [2020-09-14T13:45:16.215416 #16399]  INFO -- : lab.rism: Holding 993000207 changed shelfmark '4 Mus. pr. 63844' to '4 Mus.pr. 63844'
I, [2020-09-14T13:45:16.240338 #16399]  INFO -- : lab.rism: Holding 993000208 changed shelfmark '4 Mus. pr. 63843' to '4 Mus.pr. 63843'
I, [2020-09-14T13:45:16.265812 #16399]  INFO -- : lab.rism: Holding 993000211 changed shelfmark '4 Mus. pr. 64511' to '4 Mus.pr. 64511'
I, [2020-09-14T13:45:16.298625 #16399]  INFO -- : lab.rism: Holding 993000213 changed shelfmark '4 Mus. pr. 64414' to '4 Mus.pr. 64414'
I, [2020-09-14T13:45:16.323844 #16399]  INFO -- : lab.rism: Holding 993000215 changed shelfmark '4 Mus. pr. 66210' to '4 Mus.pr. 66210'
I, [2020-09-14T13:45:16.348870 #16399]  INFO -- : lab.rism: Holding 993000217 changed shelfmark '4 Mus. pr. 66440' to '4 Mus.pr. 66440'
I, [2020-09-14T13:45:16.373646 #16399]  INFO -- : lab.rism: Holding 993000218 changed shelfmark '4 Mus. pr. 64412' to '4 Mus.pr. 64412'
I, [2020-09-14T13:45:16.398664 #16399]  INFO -- : lab.rism: Holding 993000219 changed shelfmark '4 Mus. pr. 65864' to '4 Mus.pr. 65864'
I, [2020-09-14T13:45:16.423663 #16399]  INFO -- : lab.rism: Holding 993000220 changed shelfmark '4 Mus. pr. 63677' to '4 Mus.pr. 63677'
I, [2020-09-14T13:45:16.446912 #16399]  INFO -- : lab.rism: Holding 993000221 changed shelfmark '4 Mus. pr. 63817' to '4 Mus.pr. 63817'
I, [2020-09-14T13:45:16.465271 #16399]  INFO -- : lab.rism: Holding 993000225 changed shelfmark '4 Mus. pr. 65793' to '4 Mus.pr. 65793'
I, [2020-09-14T13:45:16.674894 #16399]  INFO -- : lab.rism: Holding 993000226 changed shelfmark '4 Mus. pr. 65795' to '4 Mus.pr. 65795'
I, [2020-09-14T13:45:16.692201 #16399]  INFO -- : lab.rism: Holding 993000231 changed shelfmark '4 Mus. pr. 63881' to '4 Mus.pr. 63881'
I, [2020-09-14T13:45:16.715263 #16399]  INFO -- : lab.rism: Holding 993000237 changed shelfmark '4 Mus. pr. 65106' to '4 Mus.pr. 65106'
I, [2020-09-14T13:45:16.738555 #16399]  INFO -- : lab.rism: Holding 993000240 changed shelfmark '4 Mus. pr. 64372' to '4 Mus.pr. 64372'
I, [2020-09-14T13:45:16.756921 #16399]  INFO -- : lab.rism: Holding 993000241 changed shelfmark '4 Mus. pr. 65171' to '4 Mus.pr. 65171'
I, [2020-09-14T13:45:16.780050 #16399]  INFO -- : lab.rism: Holding 993000244 changed shelfmark '4 Mus. pr. 65621' to '4 Mus.pr. 65621'
I, [2020-09-14T13:45:16.798638 #16399]  INFO -- : lab.rism: Holding 993000245 changed shelfmark '4 Mus. pr. 65960' to '4 Mus.pr. 65960'
I, [2020-09-14T13:45:16.822011 #16399]  INFO -- : lab.rism: Holding 993000246 changed shelfmark '4 Mus. pr. 64826' to '4 Mus.pr. 64826'
I, [2020-09-14T13:45:16.840431 #16399]  INFO -- : lab.rism: Holding 993000249 changed shelfmark '4 Mus. pr. 66456' to '4 Mus.pr. 66456'
I, [2020-09-14T13:45:16.865317 #16399]  INFO -- : lab.rism: Holding 993000254 changed shelfmark '4 Mus. pr. 66434' to '4 Mus.pr. 66434'
I, [2020-09-14T13:45:16.915473 #16399]  INFO -- : lab.rism: Holding 993000256 changed shelfmark '4 Mus. pr. 66222' to '4 Mus.pr. 66222'
I, [2020-09-14T13:45:16.940476 #16399]  INFO -- : lab.rism: Holding 993000257 changed shelfmark '4 Mus. pr. 65630' to '4 Mus.pr. 65630'
I, [2020-09-14T13:45:16.965376 #16399]  INFO -- : lab.rism: Holding 993000258 changed shelfmark '4 Mus. pr. 65629' to '4 Mus.pr. 65629'
I, [2020-09-14T13:45:16.988547 #16399]  INFO -- : lab.rism: Holding 993000259 changed shelfmark '4 Mus. pr. 64982' to '4 Mus.pr. 64982'
I, [2020-09-14T13:45:17.007084 #16399]  INFO -- : lab.rism: Holding 993000261 changed shelfmark '4 Mus. pr. 9229' to '4 Mus.pr. 9229'
I, [2020-09-14T13:45:17.097720 #16399]  INFO -- : lab.rism: Holding 993000262 changed shelfmark '4 Mus. pr. 64575' to '4 Mus.pr. 64575'
I, [2020-09-14T13:45:17.149318 #16399]  INFO -- : lab.rism: Holding 993000263 changed shelfmark '4 Mus. pr. 65796' to '4 Mus.pr. 65796'
I, [2020-09-14T13:45:17.182919 #16399]  INFO -- : lab.rism: Holding 993000264 changed shelfmark '4 Mus. pr. 65985' to '4 Mus.pr. 65985'
I, [2020-09-14T13:45:17.224156 #16399]  INFO -- : lab.rism: Holding 993000265 changed shelfmark '4 Mus. pr. 66449' to '4 Mus.pr. 66449'
I, [2020-09-14T13:45:17.257906 #16399]  INFO -- : lab.rism: Holding 993000270 changed shelfmark '4 Mus. pr. 65170' to '4 Mus.pr. 65170'
I, [2020-09-14T13:45:17.305534 #16399]  INFO -- : lab.rism: Holding 993000271 changed shelfmark '4 Mus. pr. 63072' to '4 Mus.pr. 63072'
I, [2020-09-14T13:45:17.367014 #16399]  INFO -- : lab.rism: Holding 993000275 changed shelfmark '4 Mus. pr. 63669' to '4 Mus.pr. 63669'
I, [2020-09-14T13:45:17.415943 #16399]  INFO -- : lab.rism: Holding 993000277 changed shelfmark '2 Mus. pr. 12486' to '2 Mus.pr. 12486'
I, [2020-09-14T13:45:17.449326 #16399]  INFO -- : lab.rism: Holding 993000292 changed shelfmark '4 Mus. pr. 10123-2' to '4 Mus.pr. 10123-2'
I, [2020-09-14T13:45:17.482643 #16399]  INFO -- : lab.rism: Holding 993000293 changed shelfmark '4 Mus. pr. 63529' to '4 Mus.pr. 63529'
I, [2020-09-14T13:45:17.515706 #16399]  INFO -- : lab.rism: Holding 993000299 changed shelfmark '4 Mus. pr. 63607' to '4 Mus.pr. 63607'
I, [2020-09-14T13:45:17.557414 #16399]  INFO -- : lab.rism: Holding 993000317 changed shelfmark '4 Mus. pr. 63910' to '4 Mus.pr. 63910'
I, [2020-09-14T13:45:17.599619 #16399]  INFO -- : lab.rism: Holding 993000321 changed shelfmark '4 Mus. pr. 63440' to '4 Mus.pr. 63440'
I, [2020-09-14T13:45:17.640925 #16399]  INFO -- : lab.rism: Holding 993000322 changed shelfmark '4 Mus. pr. 63777' to '4 Mus.pr. 63777'
I, [2020-09-14T13:45:17.684631 #16399]  INFO -- : lab.rism: Holding 993000323 changed shelfmark '4 Mus. pr. 63779' to '4 Mus.pr. 63779'
I, [2020-09-14T13:45:17.732572 #16399]  INFO -- : lab.rism: Holding 993000324 changed shelfmark '4 Mus. pr. 63780' to '4 Mus.pr. 63780'
I, [2020-09-14T13:45:17.757147 #16399]  INFO -- : lab.rism: Holding 993000325 changed shelfmark '4 Mus. pr. 63776' to '4 Mus.pr. 63776'
I, [2020-09-14T13:45:17.780279 #16399]  INFO -- : lab.rism: Holding 993000326 changed shelfmark '4 Mus. pr. 63778' to '4 Mus.pr. 63778'
I, [2020-09-14T13:45:17.805280 #16399]  INFO -- : lab.rism: Holding 993000331 changed shelfmark '4 Mus. pr. 62714/31, 32' to '4 Mus.pr. 62714/31, 32'
I, [2020-09-14T13:45:17.823749 #16399]  INFO -- : lab.rism: Holding 993000332 changed shelfmark '4 Mus. pr. 62713/22' to '4 Mus.pr. 62713/22'
I, [2020-09-14T13:45:17.847023 #16399]  INFO -- : lab.rism: Holding 993000340 changed shelfmark '4 Mus. pr. 62714/10' to '4 Mus.pr. 62714/10'
I, [2020-09-14T13:45:17.872064 #16399]  INFO -- : lab.rism: Holding 993000341 changed shelfmark '4 Mus. pr. 62708' to '4 Mus.pr. 62708'
I, [2020-09-14T13:45:17.899001 #16399]  INFO -- : lab.rism: Holding 993000343 changed shelfmark '4 Mus. pr. 62704' to '4 Mus.pr. 62704'
I, [2020-09-14T13:45:17.923886 #16399]  INFO -- : lab.rism: Holding 993000344 changed shelfmark '4 Mus. pr. 62705' to '4 Mus.pr. 62705'
I, [2020-09-14T13:45:17.948219 #16399]  INFO -- : lab.rism: Holding 993000346 changed shelfmark '4 Mus. pr. 62709' to '4 Mus.pr. 62709'
I, [2020-09-14T13:45:18.053987 #16399]  INFO -- : lab.rism: Holding 990001056 changed shelfmark '4 Mus. pr. 66426' to '4 Mus.pr. 66426'
I, [2020-09-14T13:45:18.521613 #16399]  INFO -- : lab.rism: Holding 993121373 changed shelfmark '4 Mus. pr. 16#Beibd.3' to '4 Mus.pr. 16#Beibd.3'
I, [2020-09-14T13:45:19.107241 #16399]  INFO -- : lab.rism: Holding 990023035 changed shelfmark '4 Mus.pr.62238' to '4 Mus.pr. 62238'
I, [2020-09-14T13:45:19.463088 #16399]  INFO -- : lab.rism: Holding 990023297 changed shelfmark '4 Mus.pr.62237' to '4 Mus.pr. 62237'
I, [2020-09-14T13:45:19.531426 #16399]  INFO -- : lab.rism: Holding 990027616 changed shelfmark '4 Mus.pr.86.2249' to '4 Mus.pr. 86.2249'
I, [2020-09-14T13:45:19.599607 #16399]  INFO -- : lab.rism: Holding 990027619 changed shelfmark '4 Mus.pr.87.2100' to '4 Mus.pr. 87.2100'
I, [2020-09-14T13:45:19.666468 #16399]  INFO -- : lab.rism: Holding 990027655 changed shelfmark '4 Mus.pr.86.2248' to '4 Mus.pr. 86.2248'
I, [2020-09-14T13:45:19.739926 #16399]  INFO -- : lab.rism: Holding 990027679 changed shelfmark '4 Mus.pr.86.2247' to '4 Mus.pr. 86.2247'
I, [2020-09-14T13:45:19.817136 #16399]  INFO -- : lab.rism: Holding 990027690 changed shelfmark '4 Mus.pr.87.2104' to '4 Mus.pr. 87.2104'
I, [2020-09-14T13:45:19.889733 #16399]  INFO -- : lab.rism: Holding 990027816 changed shelfmark '4 Mus.pr.86.2244' to '4 Mus.pr. 86.2244'
I, [2020-09-14T13:45:19.958150 #16399]  INFO -- : lab.rism: Holding 990027838 changed shelfmark '4 Mus.pr.86.2245' to '4 Mus.pr. 86.2245'
I, [2020-09-14T13:45:20.033326 #16399]  INFO -- : lab.rism: Holding 990028129 changed shelfmark '4 Mus.pr.87.2103' to '4 Mus.pr. 87.2103'
I, [2020-09-14T13:45:20.139999 #16399]  INFO -- : lab.rism: Holding 990028284 changed shelfmark '4 Mus.pr.86.2243' to '4 Mus.pr. 86.2243'
I, [2020-09-14T13:45:20.366568 #16399]  INFO -- : lab.rism: Holding 990028449 changed shelfmark '4 Mus.pr.86.2242' to '4 Mus.pr. 86.2242'
I, [2020-09-14T13:45:20.441448 #16399]  INFO -- : lab.rism: Holding 990028825 changed shelfmark '4 Mus.pr.87.2588/1' to '4 Mus.pr. 87.2588/1'
I, [2020-09-14T13:45:20.516527 #16399]  INFO -- : lab.rism: Holding 990026402 changed shelfmark '4 Mus.pr.62243' to '4 Mus.pr. 62243'
I, [2020-09-14T13:45:20.618473 #16399]  INFO -- : lab.rism: Holding 992004967 changed shelfmark '4 Mus.pr.86.2231' to '4 Mus.pr. 86.2231'
I, [2020-09-14T13:45:20.767863 #16399]  INFO -- : lab.rism: Holding 1001108192 changed shelfmark '4 Mus.pr.86.2257' to '4 Mus.pr. 86.2257'
I, [2020-09-14T13:45:20.807832 #16399]  INFO -- : lab.rism: Holding 1001108197 changed shelfmark '4 Mus.pr.86.2253' to '4 Mus.pr. 86.2253'
I, [2020-09-14T13:45:20.841800 #16399]  INFO -- : lab.rism: Holding 1001108199 changed shelfmark '4 Mus.pr.86.2254' to '4 Mus.pr. 86.2254'
