# Logfile created on 2020-10-06 14:46:45 +0200 by logger.rb/56815
I, [2020-10-06T14:46:45.467341 #16160]  INFO -- : lab.rism: Size of collection --> 3570
I, [2020-10-06T14:46:45.778271 #16160]  INFO -- : lab.rism: Source 107261 1.1.1 '!'
I, [2020-10-06T14:46:46.508895 #16160]  INFO -- : lab.rism: Source 117724 1.1.1 '?'
I, [2020-10-06T14:46:46.621354 #16160]  INFO -- : lab.rism: Source 126293 1.1.1 '?'
I, [2020-10-06T14:46:46.710807 #16160]  INFO -- : lab.rism: Source 128426 1.1.1 '?'
I, [2020-10-06T14:46:46.771500 #16160]  INFO -- : lab.rism: Source 136147 1.1.1 '?'
I, [2020-10-06T14:46:46.832751 #16160]  INFO -- : lab.rism: Source 136333 1.1.1 '?'
I, [2020-10-06T14:46:46.901512 #16160]  INFO -- : lab.rism: Source 136337 1.1.1 '?'
I, [2020-10-06T14:46:46.960709 #16160]  INFO -- : lab.rism: Source 136338 1.1.1 '?'
I, [2020-10-06T14:46:47.052590 #16160]  INFO -- : lab.rism: Source 136468 1.1.1 '?'
I, [2020-10-06T14:46:47.118475 #16160]  INFO -- : lab.rism: Source 136474 1.1.1 '?'
I, [2020-10-06T14:46:47.195082 #16160]  INFO -- : lab.rism: Source 136475 1.1.1 '?'
I, [2020-10-06T14:46:47.268296 #16160]  INFO -- : lab.rism: Source 136476 1.1.1 '?'
I, [2020-10-06T14:46:47.343379 #16160]  INFO -- : lab.rism: Source 136477 1.1.1 '?'
I, [2020-10-06T14:46:47.410775 #16160]  INFO -- : lab.rism: Source 136478 1.1.1 '?'
I, [2020-10-06T14:46:47.474524 #16160]  INFO -- : lab.rism: Source 136479 1.1.1 '?'
I, [2020-10-06T14:46:47.536824 #16160]  INFO -- : lab.rism: Source 136480 1.1.1 '?'
I, [2020-10-06T14:46:47.601550 #16160]  INFO -- : lab.rism: Source 136481 1.1.1 '?'
I, [2020-10-06T14:46:47.660038 #16160]  INFO -- : lab.rism: Source 136482 1.1.1 '?'
I, [2020-10-06T14:46:47.734772 #16160]  INFO -- : lab.rism: Source 136483 1.1.1 '?'
I, [2020-10-06T14:46:47.792256 #16160]  INFO -- : lab.rism: Source 136484 1.1.1 '?'
I, [2020-10-06T14:46:47.885893 #16160]  INFO -- : lab.rism: Source 136485 1.1.1 '?'
I, [2020-10-06T14:46:48.011379 #16160]  INFO -- : lab.rism: Source 136503 1.1.1 '?'
I, [2020-10-06T14:46:48.127127 #16160]  INFO -- : lab.rism: Source 100029098 1.1.1 '?'
I, [2020-10-06T14:46:48.193515 #16160]  INFO -- : lab.rism: Source 100029131 1.1.1 't'
I, [2020-10-06T14:46:48.268537 #16160]  INFO -- : lab.rism: Source 100029239 1.1.1 't'
I, [2020-10-06T14:46:48.335217 #16160]  INFO -- : lab.rism: Source 100198137 1.1.1 't'
I, [2020-10-06T14:46:48.442308 #16160]  INFO -- : lab.rism: Source 100501014 1.1.1 't'
I, [2020-10-06T14:46:49.004420 #16160]  INFO -- : lab.rism: Source 110003031 1.1.1 '?'
I, [2020-10-06T14:46:49.121625 #16160]  INFO -- : lab.rism: Source 110003292 1.1.1 't'
I, [2020-10-06T14:46:49.222314 #16160]  INFO -- : lab.rism: Source 110003299 1.1.1 't'
I, [2020-10-06T14:46:50.248844 #16160]  INFO -- : lab.rism: Source 190004752 1.1.1 '?'
I, [2020-10-06T14:46:50.300231 #16160]  INFO -- : lab.rism: Source 190007341 1.1.1 '?'
I, [2020-10-06T14:46:50.350370 #16160]  INFO -- : lab.rism: Source 190007362 1.1.1 '?'
I, [2020-10-06T14:46:50.400445 #16160]  INFO -- : lab.rism: Source 190007365 1.1.1 '?'
I, [2020-10-06T14:46:50.450556 #16160]  INFO -- : lab.rism: Source 190007419 1.1.1 '?'
I, [2020-10-06T14:46:50.503179 #16160]  INFO -- : lab.rism: Source 190008949 1.1.1 '?'
I, [2020-10-06T14:46:50.564394 #16160]  INFO -- : lab.rism: Source 190012423 1.1.1 '?'
I, [2020-10-06T14:46:50.617437 #16160]  INFO -- : lab.rism: Source 190012532 1.1.1 '?'
I, [2020-10-06T14:46:50.667329 #16160]  INFO -- : lab.rism: Source 190012630 1.1.1 '?'
I, [2020-10-06T14:46:50.717638 #16160]  INFO -- : lab.rism: Source 190013030 1.1.1 '?'
I, [2020-10-06T14:46:50.802937 #16160]  INFO -- : lab.rism: Source 190019501 1.1.1 '? no mensuration given'
I, [2020-10-06T14:46:50.883547 #16160]  INFO -- : lab.rism: Source 190019503 1.1.1 '? no mensuration given'
I, [2020-10-06T14:46:50.959608 #16160]  INFO -- : lab.rism: Source 190019504 1.1.1 '? mensuration not given'
I, [2020-10-06T14:46:51.079117 #16160]  INFO -- : lab.rism: Source 190026840 1.1.1 '?'
I, [2020-10-06T14:46:51.170648 #16160]  INFO -- : lab.rism: Source 190026987 1.1.1 '? no metre indicated'
I, [2020-10-06T14:46:51.243605 #16160]  INFO -- : lab.rism: Source 190101636 1.1.1 '? metre is missing'
I, [2020-10-06T14:46:51.325849 #16160]  INFO -- : lab.rism: Source 190101646 1.1.1 '? no metre indicated'
I, [2020-10-06T14:46:51.380003 #16160]  INFO -- : lab.rism: Source 190101650 1.1.1 '? no metre indicated'
I, [2020-10-06T14:46:51.425771 #16160]  INFO -- : lab.rism: Source 190101664 1.1.1 '? no metre indicated'
I, [2020-10-06T14:46:51.469534 #16160]  INFO -- : lab.rism: Source 190101732 1.5.1 '? no time signature given'
I, [2020-10-06T14:46:51.655595 #16160]  INFO -- : lab.rism: Source 250005022 1.6.1 'bar-lines setted irregularly'
I, [2020-10-06T14:46:51.815182 #16160]  INFO -- : lab.rism: Source 300505257 1.1.1 't'
I, [2020-10-06T14:46:52.383934 #16160]  INFO -- : lab.rism: Source 310000123 1.3.1 '?'
I, [2020-10-06T14:46:52.492731 #16160]  INFO -- : lab.rism: Source 310000243 1.1.1 't'
I, [2020-10-06T14:46:53.226089 #16160]  INFO -- : lab.rism: Source 450042154 1.1.1 '?'
I, [2020-10-06T14:46:53.226148 #16160]  INFO -- : lab.rism: Source 450042154 1.1.2 '?'
I, [2020-10-06T14:46:53.593923 #16160]  INFO -- : lab.rism: Source 450043562 1.1.2 '?'
I, [2020-10-06T14:46:53.687613 #16160]  INFO -- : lab.rism: Source 450043563 1.1.2 '?'
I, [2020-10-06T14:46:54.149830 #16160]  INFO -- : lab.rism: Source 451012222 1.1.1 '?'
I, [2020-10-06T14:46:54.242400 #16160]  INFO -- : lab.rism: Source 451012374 1.1.1 '?'
I, [2020-10-06T14:46:55.263097 #16160]  INFO -- : lab.rism: Source 451506306 1.1.1 '+'
I, [2020-10-06T14:46:55.554121 #16160]  INFO -- : lab.rism: Source 451506346 1.1.1 '+'
I, [2020-10-06T14:46:55.853809 #16160]  INFO -- : lab.rism: Source 451510239 1.1.1 '+'
I, [2020-10-06T14:46:56.143410 #16160]  INFO -- : lab.rism: Source 452000505 1.1.1 '?'
I, [2020-10-06T14:46:56.259845 #16160]  INFO -- : lab.rism: Source 452000512 1.1.1 '?'
I, [2020-10-06T14:46:56.344254 #16160]  INFO -- : lab.rism: Source 452000518 1.1.1 '?'
I, [2020-10-06T14:46:56.419833 #16160]  INFO -- : lab.rism: Source 452000524 1.1.1 '?'
I, [2020-10-06T14:46:56.493954 #16160]  INFO -- : lab.rism: Source 452000529 1.1.1 '?'
I, [2020-10-06T14:46:56.571297 #16160]  INFO -- : lab.rism: Source 452000542 1.1.1 '?'
I, [2020-10-06T14:46:56.684081 #16160]  INFO -- : lab.rism: Source 452000544 1.1.1 '?'
I, [2020-10-06T14:46:56.816160 #16160]  INFO -- : lab.rism: Source 452000546 1.1.1 '?'
I, [2020-10-06T14:46:56.970750 #16160]  INFO -- : lab.rism: Source 452000547 1.1.1 '?'
I, [2020-10-06T14:46:57.092829 #16160]  INFO -- : lab.rism: Source 452000548 1.1.1 '?'
I, [2020-10-06T14:46:57.300917 #16160]  INFO -- : lab.rism: Source 452007850 1.1.1 '+'
I, [2020-10-06T14:46:57.350825 #16160]  INFO -- : lab.rism: Source 452009010 1.1.1 '?'
I, [2020-10-06T14:46:57.503800 #16160]  INFO -- : lab.rism: Source 452011355 1.1.1 '+'
I, [2020-10-06T14:46:57.553498 #16160]  INFO -- : lab.rism: Source 452012028 1.2.1 '?'
I, [2020-10-06T14:46:57.614804 #16160]  INFO -- : lab.rism: Source 452012569 1.1.1 '?'
I, [2020-10-06T14:46:57.823309 #16160]  INFO -- : lab.rism: Source 452027626 1.1.1 '+t'
I, [2020-10-06T14:46:58.023177 #16160]  INFO -- : lab.rism: Source 452505367 1.1.1 '?'
I, [2020-10-06T14:46:58.090671 #16160]  INFO -- : lab.rism: Source 452506642 1.1.1 '?'
I, [2020-10-06T14:46:58.227375 #16160]  INFO -- : lab.rism: Source 452514032 1.1.1 '?'
I, [2020-10-06T14:46:58.298189 #16160]  INFO -- : lab.rism: Source 452516441 1.1.1 '?'
I, [2020-10-06T14:46:58.369310 #16160]  INFO -- : lab.rism: Source 452520037 1.1.1 '?'
I, [2020-10-06T14:46:58.435843 #16160]  INFO -- : lab.rism: Source 452520038 1.1.1 '?'
I, [2020-10-06T14:46:58.495830 #16160]  INFO -- : lab.rism: Source 452520039 1.1.1 '?'
I, [2020-10-06T14:46:58.569884 #16160]  INFO -- : lab.rism: Source 452520040 1.1.1 '?'
I, [2020-10-06T14:46:58.636087 #16160]  INFO -- : lab.rism: Source 452520041 1.1.1 '?'
I, [2020-10-06T14:46:58.702598 #16160]  INFO -- : lab.rism: Source 452520042 1.1.1 '?'
I, [2020-10-06T14:46:58.767538 #16160]  INFO -- : lab.rism: Source 452520043 1.1.1 '?'
I, [2020-10-06T14:46:58.880332 #16160]  INFO -- : lab.rism: Source 452520044 1.1.1 '?'
I, [2020-10-06T14:46:58.977981 #16160]  INFO -- : lab.rism: Source 452520045 1.1.1 '?'
I, [2020-10-06T14:46:59.084670 #16160]  INFO -- : lab.rism: Source 452520046 1.1.1 '?'
I, [2020-10-06T14:46:59.161460 #16160]  INFO -- : lab.rism: Source 452520047 1.1.1 '?'
I, [2020-10-06T14:46:59.228017 #16160]  INFO -- : lab.rism: Source 452520048 1.1.1 '?'
I, [2020-10-06T14:46:59.294567 #16160]  INFO -- : lab.rism: Source 452520049 1.1.1 '?'
I, [2020-10-06T14:46:59.360935 #16160]  INFO -- : lab.rism: Source 452520050 1.1.1 '?'
I, [2020-10-06T14:46:59.419988 #16160]  INFO -- : lab.rism: Source 452520051 1.1.1 '?'
I, [2020-10-06T14:46:59.476960 #16160]  INFO -- : lab.rism: Source 452520052 1.1.1 '?'
I, [2020-10-06T14:46:59.535653 #16160]  INFO -- : lab.rism: Source 452520053 1.1.1 '?'
I, [2020-10-06T14:46:59.593728 #16160]  INFO -- : lab.rism: Source 452520054 1.1.1 '?'
I, [2020-10-06T14:46:59.652210 #16160]  INFO -- : lab.rism: Source 452520055 1.1.1 '?'
I, [2020-10-06T14:46:59.737790 #16160]  INFO -- : lab.rism: Source 452520056 1.1.1 '?'
I, [2020-10-06T14:46:59.820146 #16160]  INFO -- : lab.rism: Source 452520057 1.1.1 '?'
I, [2020-10-06T14:46:59.896123 #16160]  INFO -- : lab.rism: Source 452520058 1.1.1 '?'
I, [2020-10-06T14:46:59.960677 #16160]  INFO -- : lab.rism: Source 452520059 1.1.1 '?'
I, [2020-10-06T14:47:00.073361 #16160]  INFO -- : lab.rism: Source 452520060 1.1.1 '?'
I, [2020-10-06T14:47:00.143632 #16160]  INFO -- : lab.rism: Source 452520061 1.1.1 '?'
I, [2020-10-06T14:47:00.201634 #16160]  INFO -- : lab.rism: Source 452520062 1.1.1 '?'
I, [2020-10-06T14:47:00.259954 #16160]  INFO -- : lab.rism: Source 452520063 1.1.1 '?'
I, [2020-10-06T14:47:00.318627 #16160]  INFO -- : lab.rism: Source 452520064 1.1.1 '?'
I, [2020-10-06T14:47:00.376557 #16160]  INFO -- : lab.rism: Source 452520065 1.1.1 '?'
I, [2020-10-06T14:47:00.435135 #16160]  INFO -- : lab.rism: Source 452520066 1.1.1 '?'
I, [2020-10-06T14:47:00.493447 #16160]  INFO -- : lab.rism: Source 452520067 1.1.1 '?'
I, [2020-10-06T14:47:00.560260 #16160]  INFO -- : lab.rism: Source 452520068 1.1.1 '?'
I, [2020-10-06T14:47:00.638942 #16160]  INFO -- : lab.rism: Source 452521166 1.2.1 '?'
I, [2020-10-06T14:47:00.639003 #16160]  INFO -- : lab.rism: Source 452521166 1.3.1 '?'
I, [2020-10-06T14:47:00.639046 #16160]  INFO -- : lab.rism: Source 452521166 1.4.1 '?'
I, [2020-10-06T14:47:00.639087 #16160]  INFO -- : lab.rism: Source 452521166 1.5.1 '?'
I, [2020-10-06T14:47:00.639135 #16160]  INFO -- : lab.rism: Source 452521166 1.7.1 '?'
I, [2020-10-06T14:47:00.753583 #16160]  INFO -- : lab.rism: Source 452521473 1.1.1 '?'
I, [2020-10-06T14:47:00.988129 #16160]  INFO -- : lab.rism: Source 452524072 1.1.1 '?'
I, [2020-10-06T14:47:02.354788 #16160]  INFO -- : lab.rism: Source 454009442 1.1.1 'Original the notes 2-4, 7-12 and note 14 are black'
I, [2020-10-06T14:47:02.466576 #16160]  INFO -- : lab.rism: Source 454009443 1.1.1 'Original the notes 5, 7, 12 and 13 are black'
I, [2020-10-06T14:47:03.640204 #16160]  INFO -- : lab.rism: Source 454017122 1.1.1 'black notes'
I, [2020-10-06T14:47:03.726593 #16160]  INFO -- : lab.rism: Source 455002146 1.1.1 'without meter'
I, [2020-10-06T14:47:03.798276 #16160]  INFO -- : lab.rism: Source 455002306 1.4.1 'Without meter'
I, [2020-10-06T14:47:03.945278 #16160]  INFO -- : lab.rism: Source 455004280 1.2.1 'without meter'
I, [2020-10-06T14:47:03.945363 #16160]  INFO -- : lab.rism: Source 455004280 1.3.1 'without meter'
I, [2020-10-06T14:47:04.051812 #16160]  INFO -- : lab.rism: Source 455004570 1.1.1 'without text and without meter'
I, [2020-10-06T14:47:04.158750 #16160]  INFO -- : lab.rism: Source 455004963 1.1.1 'without meter'
I, [2020-10-06T14:47:04.232684 #16160]  INFO -- : lab.rism: Source 455004983 1.1.1 '?'
I, [2020-10-06T14:47:04.293668 #16160]  INFO -- : lab.rism: Source 455005001 1.1.1 'without meter'
I, [2020-10-06T14:47:04.351640 #16160]  INFO -- : lab.rism: Source 455005002 1.1.1 'without clefs, meter and key'
I, [2020-10-06T14:47:04.414233 #16160]  INFO -- : lab.rism: Source 455005009 1.1.1 'without clefs, meter and key'
I, [2020-10-06T14:47:04.469409 #16160]  INFO -- : lab.rism: Source 455005012 1.1.1 'without meter'
I, [2020-10-06T14:47:04.517514 #16160]  INFO -- : lab.rism: Source 455005036 1.1.1 'without meter'
I, [2020-10-06T14:47:04.567462 #16160]  INFO -- : lab.rism: Source 455005044 1.1.1 'without meter and key'
I, [2020-10-06T14:47:04.617784 #16160]  INFO -- : lab.rism: Source 455005051 1.1.1 'without clefs, meter and key'
I, [2020-10-06T14:47:04.671530 #16160]  INFO -- : lab.rism: Source 455005266 1.1.1 'Incipit shows the whole length of the Miserere'
I, [2020-10-06T14:47:04.749927 #16160]  INFO -- : lab.rism: Source 455006860 1.1.1 'without meter, key and bar lines'
I, [2020-10-06T14:47:04.812969 #16160]  INFO -- : lab.rism: Source 455007035 1.11.1 'without meter'
I, [2020-10-06T14:47:06.084876 #16160]  INFO -- : lab.rism: Source 455010960 1.1.1 'Incipit shows the whole length of the Prelude'
I, [2020-10-06T14:47:07.647826 #16160]  INFO -- : lab.rism: Source 456012891 1.1.1 '+ (5th note F)'
I, [2020-10-06T14:47:07.846481 #16160]  INFO -- : lab.rism: Source 458001311 1.2.1 '?Bar 3 is too long'
I, [2020-10-06T14:47:07.998537 #16160]  INFO -- : lab.rism: Source 500195461 1.2.1 '?'
I, [2020-10-06T14:47:08.188914 #16160]  INFO -- : lab.rism: Source 550248113 1.1.1 '?'
I, [2020-10-06T14:47:08.311222 #16160]  INFO -- : lab.rism: Source 550265738 1.2.1 '?'
I, [2020-10-06T14:47:08.385255 #16160]  INFO -- : lab.rism: Source 550265759 1.1.1 '+ clef added'
I, [2020-10-06T14:47:08.715925 #16160]  INFO -- : lab.rism: Source 600153579 1.1.1 't'
I, [2020-10-06T14:47:08.795561 #16160]  INFO -- : lab.rism: Source 600153585 1.1.1 't'
I, [2020-10-06T14:47:08.921383 #16160]  INFO -- : lab.rism: Source 600153821 1.1.1 't'
I, [2020-10-06T14:47:09.010194 #16160]  INFO -- : lab.rism: Source 600153909 1.1.1 't'
I, [2020-10-06T14:47:09.109674 #16160]  INFO -- : lab.rism: Source 600153949 1.1.1 't'
I, [2020-10-06T14:47:09.195270 #16160]  INFO -- : lab.rism: Source 600153967 1.1.1 't'
I, [2020-10-06T14:47:09.260554 #16160]  INFO -- : lab.rism: Source 600153971 1.1.1 't'
I, [2020-10-06T14:47:09.327850 #16160]  INFO -- : lab.rism: Source 600153983 1.1.1 't'
I, [2020-10-06T14:47:09.403793 #16160]  INFO -- : lab.rism: Source 600160429 1.1.1 't'
I, [2020-10-06T14:47:09.479662 #16160]  INFO -- : lab.rism: Source 600160471 1.1.1 't'
I, [2020-10-06T14:47:09.544749 #16160]  INFO -- : lab.rism: Source 600160489 1.1.1 't'
I, [2020-10-06T14:47:09.610937 #16160]  INFO -- : lab.rism: Source 600160507 1.1.1 't'
I, [2020-10-06T14:47:09.669040 #16160]  INFO -- : lab.rism: Source 600160570 1.1.1 't'
I, [2020-10-06T14:47:09.728152 #16160]  INFO -- : lab.rism: Source 600160603 1.1.1 't'
I, [2020-10-06T14:47:09.793430 #16160]  INFO -- : lab.rism: Source 600160617 1.1.1 't'
I, [2020-10-06T14:47:09.927878 #16160]  INFO -- : lab.rism: Source 600160639 1.1.1 't'
I, [2020-10-06T14:47:10.019971 #16160]  INFO -- : lab.rism: Source 600160716 1.1.1 't'
I, [2020-10-06T14:47:10.116429 #16160]  INFO -- : lab.rism: Source 600160731 1.1.1 't'
I, [2020-10-06T14:47:10.187824 #16160]  INFO -- : lab.rism: Source 600160783 1.1.1 't'
I, [2020-10-06T14:47:10.187880 #16160]  INFO -- : lab.rism: Source 600160783 1.2.1 't'
I, [2020-10-06T14:47:10.187919 #16160]  INFO -- : lab.rism: Source 600160783 1.3.1 't'
I, [2020-10-06T14:47:10.187956 #16160]  INFO -- : lab.rism: Source 600160783 1.4.1 't'
I, [2020-10-06T14:47:10.187993 #16160]  INFO -- : lab.rism: Source 600160783 1.5.1 't'
I, [2020-10-06T14:47:10.188070 #16160]  INFO -- : lab.rism: Source 600160783 1.6.1 't'
I, [2020-10-06T14:47:10.188108 #16160]  INFO -- : lab.rism: Source 600160783 1.7.1 't'
I, [2020-10-06T14:47:10.188144 #16160]  INFO -- : lab.rism: Source 600160783 1.8.1 't'
I, [2020-10-06T14:47:10.188180 #16160]  INFO -- : lab.rism: Source 600160783 1.9.1 't'
I, [2020-10-06T14:47:10.188216 #16160]  INFO -- : lab.rism: Source 600160783 1.10.1 't'
I, [2020-10-06T14:47:10.188251 #16160]  INFO -- : lab.rism: Source 600160783 1.11.1 't'
I, [2020-10-06T14:47:10.188287 #16160]  INFO -- : lab.rism: Source 600160783 1.12.1 't'
I, [2020-10-06T14:47:10.188323 #16160]  INFO -- : lab.rism: Source 600160783 1.13.1 't'
I, [2020-10-06T14:47:10.188366 #16160]  INFO -- : lab.rism: Source 600160783 1.14.1 't'
I, [2020-10-06T14:47:10.188404 #16160]  INFO -- : lab.rism: Source 600160783 1.15.1 't'
I, [2020-10-06T14:47:10.188439 #16160]  INFO -- : lab.rism: Source 600160783 1.16.1 't'
I, [2020-10-06T14:47:10.188475 #16160]  INFO -- : lab.rism: Source 600160783 1.17.1 't'
I, [2020-10-06T14:47:10.678247 #16160]  INFO -- : lab.rism: Source 650006684 1.2.1 't plainsong notation changed into modern notation'
I, [2020-10-06T14:47:10.796941 #16160]  INFO -- : lab.rism: Source 650006686 1.2.1 't plainsong notation changed into modern notation'
I, [2020-10-06T14:47:10.957879 #16160]  INFO -- : lab.rism: Source 650006692 1.3.1 't plainsong notation changed into modern notation'
I, [2020-10-06T14:47:11.140390 #16160]  INFO -- : lab.rism: Source 650006700 1.1.1 't plainsong notation changed into modern notation'
I, [2020-10-06T14:47:11.140469 #16160]  INFO -- : lab.rism: Source 650006700 1.1.2 '+ measure 2: the first note c and the fifth note f added'
I, [2020-10-06T14:47:11.140524 #16160]  INFO -- : lab.rism: Source 650006700 1.2.1 't plainsong notation changed into modern notation'
I, [2020-10-06T14:47:11.140576 #16160]  INFO -- : lab.rism: Source 650006700 1.2.2 '+ fourth note g added'
I, [2020-10-06T14:47:11.140650 #16160]  INFO -- : lab.rism: Source 650006700 1.3.1 't plainsong notation changed into modern notation'
I, [2020-10-06T14:47:11.140703 #16160]  INFO -- : lab.rism: Source 650006700 1.3.2 '+ sixth note f added'
I, [2020-10-06T14:47:11.291526 #16160]  INFO -- : lab.rism: Source 650006703 1.1.1 't plainsong notation changed into modern notation'
I, [2020-10-06T14:47:11.291627 #16160]  INFO -- : lab.rism: Source 650006703 1.2.1 't plainsong notation changed into modern notation'
I, [2020-10-06T14:47:11.406694 #16160]  INFO -- : lab.rism: Source 650006704 1.1.1 't plainsong notation changed into modern notation'
I, [2020-10-06T14:47:11.406752 #16160]  INFO -- : lab.rism: Source 650006704 1.1.2 '+ measure 2: fifth note b flat changed into f'
I, [2020-10-06T14:47:11.406795 #16160]  INFO -- : lab.rism: Source 650006704 1.2.1 't plainsong notation changed into modern notation'
I, [2020-10-06T14:47:11.406835 #16160]  INFO -- : lab.rism: Source 650006704 1.2.2 '+ measure 2: fifth note b flat changed into f'
I, [2020-10-06T14:47:11.505233 #16160]  INFO -- : lab.rism: Source 650006705 1.1.1 't plainsong notation changed into modern notation'
I, [2020-10-06T14:47:11.505291 #16160]  INFO -- : lab.rism: Source 650006705 1.2.1 't plainsong notation changed into modern notation'
I, [2020-10-06T14:47:11.595339 #16160]  INFO -- : lab.rism: Source 650006706 1.1.1 't plainsong notation changed into modern notation'
I, [2020-10-06T14:47:11.595389 #16160]  INFO -- : lab.rism: Source 650006706 1.1.2 '+ eighth note c added, ninth note b flat changed into f'
I, [2020-10-06T14:47:11.595422 #16160]  INFO -- : lab.rism: Source 650006706 1.2.1 't plainsong notation changed into modern notation'
I, [2020-10-06T14:47:11.680627 #16160]  INFO -- : lab.rism: Source 650006707 1.1.1 't plainsong notation changed into modern notation'
I, [2020-10-06T14:47:11.680679 #16160]  INFO -- : lab.rism: Source 650006707 1.2.1 't plainsong notation changed into modern notation'
I, [2020-10-06T14:47:12.566524 #16160]  INFO -- : lab.rism: Source 651002413 1.1.1 '+ accidental added'
I, [2020-10-06T14:47:13.294767 #16160]  INFO -- : lab.rism: Source 651002582 1.1.1 '+ clef added'
I, [2020-10-06T14:47:14.131157 #16160]  INFO -- : lab.rism: Source 651002905 1.1.2 '+ crotchet G changed to half note G'
I, [2020-10-06T14:47:14.710580 #16160]  INFO -- : lab.rism: Source 701001986 1.1.1 '?'
I, [2020-10-06T14:47:14.710624 #16160]  INFO -- : lab.rism: Source 701001986 1.2.1 '?'
I, [2020-10-06T14:47:15.360231 #16160]  INFO -- : lab.rism: Source 702005312 1.3.1 'without mesure'
I, [2020-10-06T14:47:15.458854 #16160]  INFO -- : lab.rism: Source 702005344 1.1.1 'No mesure'
I, [2020-10-06T14:47:15.458948 #16160]  INFO -- : lab.rism: Source 702005344 1.2.1 'No mesure'
I, [2020-10-06T14:47:15.459009 #16160]  INFO -- : lab.rism: Source 702005344 1.3.1 'No mesure'
I, [2020-10-06T14:47:15.643395 #16160]  INFO -- : lab.rism: Source 800000618 1.1.1 '?'
I, [2020-10-06T14:47:16.048948 #16160]  INFO -- : lab.rism: Source 800000825 1.1.1 '?'
I, [2020-10-06T14:47:16.339069 #16160]  INFO -- : lab.rism: Source 800001312 1.3.1 '?'
I, [2020-10-06T14:47:16.339126 #16160]  INFO -- : lab.rism: Source 800001312 1.4.1 '-'
I, [2020-10-06T14:47:16.491379 #16160]  INFO -- : lab.rism: Source 800002497 1.1.1 '?'
I, [2020-10-06T14:47:16.561475 #16160]  INFO -- : lab.rism: Source 800002577 1.1.2 '? Without metre'
I, [2020-10-06T14:47:16.636863 #16160]  INFO -- : lab.rism: Source 800002626 1.1.1 '? Without metre'
I, [2020-10-06T14:47:16.636917 #16160]  INFO -- : lab.rism: Source 800002626 1.1.2 '? Without metre'
I, [2020-10-06T14:47:16.636952 #16160]  INFO -- : lab.rism: Source 800002626 1.1.3 '? Without metre'
I, [2020-10-06T14:47:16.787221 #16160]  INFO -- : lab.rism: Source 800002770 1.1.2 '? Without metre'
I, [2020-10-06T14:47:16.943169 #16160]  INFO -- : lab.rism: Source 800002863 1.1.1 '?'
I, [2020-10-06T14:47:17.049105 #16160]  INFO -- : lab.rism: Source 800002865 1.1.1 '?'
I, [2020-10-06T14:47:17.132471 #16160]  INFO -- : lab.rism: Source 800002867 1.1.1 '?'
I, [2020-10-06T14:47:17.132541 #16160]  INFO -- : lab.rism: Source 800002867 1.1.2 '?'
I, [2020-10-06T14:47:17.212759 #16160]  INFO -- : lab.rism: Source 800002876 1.1.1 '?'
I, [2020-10-06T14:47:17.309271 #16160]  INFO -- : lab.rism: Source 800002882 1.1.1 '? Without metre'
I, [2020-10-06T14:47:17.407617 #16160]  INFO -- : lab.rism: Source 800002900 1.1.1 '?'
I, [2020-10-06T14:47:17.519914 #16160]  INFO -- : lab.rism: Source 800070405 1.1.1 '+ Clef added'
I, [2020-10-06T14:47:17.748069 #16160]  INFO -- : lab.rism: Source 800261055 1.1.1 '?'
I, [2020-10-06T14:47:18.167443 #16160]  INFO -- : lab.rism: Source 800265226 1.1.1 'Original clef: C-clef on lowest line of six line stave'
I, [2020-10-06T14:47:18.318046 #16160]  INFO -- : lab.rism: Source 800265228 1.1.1 'Original clef: G-clef on third line of six line stave'
I, [2020-10-06T14:47:18.410343 #16160]  INFO -- : lab.rism: Source 800265230 1.1.1 'Original clef: C-clef on fourth line of six line stave'
I, [2020-10-06T14:47:18.485434 #16160]  INFO -- : lab.rism: Source 800265276 1.1.1 'Original clef: G-clef on third line of six line stave'
I, [2020-10-06T14:47:18.596358 #16160]  INFO -- : lab.rism: Source 800265287 1.1.1 'Original clef: F-clef on fourth line of six line stave'
I, [2020-10-06T14:47:18.677253 #16160]  INFO -- : lab.rism: Source 800265288 1.1.1 'Original clef: G-clef on third line of six line stave'
I, [2020-10-06T14:47:18.743952 #16160]  INFO -- : lab.rism: Source 800265293 1.1.1 'Original clef: G-clef on third line of six line stave'
I, [2020-10-06T14:47:18.744010 #16160]  INFO -- : lab.rism: Source 800265293 1.2.1 'Original clef: G-clef on third line of six line stave'
I, [2020-10-06T14:47:18.744094 #16160]  INFO -- : lab.rism: Source 800265293 1.3.1 'Original clef: F-clef on fourth line of six line stave'
I, [2020-10-06T14:47:18.827360 #16160]  INFO -- : lab.rism: Source 800265300 1.3.1 'Original clef: F-clef on fourth line of six line stave'
I, [2020-10-06T14:47:18.901763 #16160]  INFO -- : lab.rism: Source 800265302 1.3.1 'Original clef: C-clef on second line of six line stave'
I, [2020-10-06T14:47:19.020557 #16160]  INFO -- : lab.rism: Source 800265303 1.1.1 'Original clef: F-clef on fourth line of six line stave'
I, [2020-10-06T14:47:19.121536 #16160]  INFO -- : lab.rism: Source 800265309 1.1.1 'Original clef: G-clef on third line of six line stave'
I, [2020-10-06T14:47:19.624927 #16160]  INFO -- : lab.rism: Source 800268213 1.1.1 't square notation in manuscript'
I, [2020-10-06T14:47:19.754152 #16160]  INFO -- : lab.rism: Source 800268215 1.1.1 't square notation in manuscript'
I, [2020-10-06T14:47:19.845285 #16160]  INFO -- : lab.rism: Source 800268216 1.1.1 't square notation in manuscript'
I, [2020-10-06T14:47:19.920633 #16160]  INFO -- : lab.rism: Source 800268217 1.1.1 't square notation in manuscript'
I, [2020-10-06T14:47:20.012000 #16160]  INFO -- : lab.rism: Source 800268218 1.1.1 't square notation in manuscript'
I, [2020-10-06T14:47:20.086966 #16160]  INFO -- : lab.rism: Source 800268219 1.1.1 't square notation in manuscript'
I, [2020-10-06T14:47:20.152208 #16160]  INFO -- : lab.rism: Source 800268220 1.1.1 't square notation in manuscript'
I, [2020-10-06T14:47:20.206288 #16160]  INFO -- : lab.rism: Source 800268221 1.1.1 't square notation in manuscript'
I, [2020-10-06T14:47:20.277814 #16160]  INFO -- : lab.rism: Source 800268222 1.1.1 't square notation in manuscript'
I, [2020-10-06T14:47:20.344065 #16160]  INFO -- : lab.rism: Source 800268223 1.1.1 't square notation in manuscript'
I, [2020-10-06T14:47:20.402282 #16160]  INFO -- : lab.rism: Source 800268224 1.1.1 't square notation in manuscript'
I, [2020-10-06T14:47:20.461224 #16160]  INFO -- : lab.rism: Source 800268225 1.1.1 't square notation in manuscript, first barline added'
I, [2020-10-06T14:47:20.519745 #16160]  INFO -- : lab.rism: Source 800268226 1.1.1 't square notation in manuscript'
I, [2020-10-06T14:47:20.603020 #16160]  INFO -- : lab.rism: Source 800268227 1.1.1 't square notation in manuscript'
I, [2020-10-06T14:47:20.660841 #16160]  INFO -- : lab.rism: Source 800268228 1.1.1 't square notation in manuscript'
I, [2020-10-06T14:47:20.742047 #16160]  INFO -- : lab.rism: Source 800268235 1.1.1 't square notation in manuscript'
I, [2020-10-06T14:47:20.811426 #16160]  INFO -- : lab.rism: Source 800268236 1.1.1 't square notation in manuscript'
I, [2020-10-06T14:47:20.885492 #16160]  INFO -- : lab.rism: Source 800268237 1.1.1 't square notation in manuscript'
I, [2020-10-06T14:47:20.967188 #16160]  INFO -- : lab.rism: Source 800268243 1.1.1 't square notation in manuscript'
I, [2020-10-06T14:47:21.047045 #16160]  INFO -- : lab.rism: Source 800268246 1.1.1 't square notation in manuscript'
I, [2020-10-06T14:47:21.128639 #16160]  INFO -- : lab.rism: Source 800268248 1.1.1 't square notation in manuscript'
I, [2020-10-06T14:47:21.195270 #16160]  INFO -- : lab.rism: Source 800268249 1.1.1 't square notation in manuscript'
I, [2020-10-06T14:47:21.268597 #16160]  INFO -- : lab.rism: Source 800268250 1.1.1 't square notation in manuscript'
I, [2020-10-06T14:47:21.336000 #16160]  INFO -- : lab.rism: Source 800268251 1.1.1 't square notation in manuscript'
I, [2020-10-06T14:47:21.401053 #16160]  INFO -- : lab.rism: Source 800268252 1.1.1 't square notation in manuscript'
I, [2020-10-06T14:47:21.459427 #16160]  INFO -- : lab.rism: Source 800268253 1.1.1 't square notation in manuscript'
I, [2020-10-06T14:47:21.518437 #16160]  INFO -- : lab.rism: Source 800268254 1.1.1 't square notation in manuscript'
I, [2020-10-06T14:47:21.587494 #16160]  INFO -- : lab.rism: Source 800268255 1.1.1 't square notation in manuscript'
I, [2020-10-06T14:47:21.655065 #16160]  INFO -- : lab.rism: Source 800268256 1.1.1 't square notation in manuscript'
I, [2020-10-06T14:47:21.710108 #16160]  INFO -- : lab.rism: Source 800268257 1.1.1 't black square notation in manuscript'
I, [2020-10-06T14:47:21.768859 #16160]  INFO -- : lab.rism: Source 800268259 1.1.1 't square notation in manuscript'
I, [2020-10-06T14:47:22.210320 #16160]  INFO -- : lab.rism: Source 800268537 1.1.1 't 6-line stave with clef G-4 (without lowest line)'
I, [2020-10-06T14:47:22.317371 #16160]  INFO -- : lab.rism: Source 800268539 1.1.1 't 6-line stave with clef C-2 (here without lowest line)'
I, [2020-10-06T14:47:22.414813 #16160]  INFO -- : lab.rism: Source 800268561 1.1.1 't 6-line stave with clef F-3 (here without lowest line)'
I, [2020-10-06T14:47:22.496208 #16160]  INFO -- : lab.rism: Source 800268568 1.1.1 't 6-line stave with clef G-3 (here without lowest line)'
I, [2020-10-06T14:47:22.572883 #16160]  INFO -- : lab.rism: Source 800268569 1.1.1 't 6-line stave with clef G-3 (here without lowest line)'
I, [2020-10-06T14:47:22.658249 #16160]  INFO -- : lab.rism: Source 800268570 1.1.1 't 6-line stave with clef F-4 (here without lowest line)'
I, [2020-10-06T14:47:22.942253 #16160]  INFO -- : lab.rism: Source 800268676 1.1.1 '? rhythm uncertain'
I, [2020-10-06T14:47:23.037908 #16160]  INFO -- : lab.rism: Source 800268677 1.1.1 '? rhythm uncertain'
I, [2020-10-06T14:47:23.239404 #16160]  INFO -- : lab.rism: Source 800268707 1.1.2 '? First few notes very unclear'
I, [2020-10-06T14:47:23.422152 #16160]  INFO -- : lab.rism: Source 800268733 1.1.1 '?'
I, [2020-10-06T14:47:23.771516 #16160]  INFO -- : lab.rism: Source 800268942 1.1.1 't ligature "0bB9.AA"'
I, [2020-10-06T14:47:24.136387 #16160]  INFO -- : lab.rism: Source 800271018 1.4.1 'With few F|x-accidentals in B-part'
I, [2020-10-06T14:47:24.338794 #16160]  INFO -- : lab.rism: Source 850014851 1.1.1 '?'
I, [2020-10-06T14:47:24.409086 #16160]  INFO -- : lab.rism: Source 850016593 1.1.1 '?'
I, [2020-10-06T14:47:24.475720 #16160]  INFO -- : lab.rism: Source 850026155 1.1.1 '-'
I, [2020-10-06T14:47:24.758980 #16160]  INFO -- : lab.rism: Source 850030168 1.1.1 '?'
I, [2020-10-06T14:47:24.819849 #16160]  INFO -- : lab.rism: Source 850030392 1.1.1 '?'
I, [2020-10-06T14:47:24.943581 #16160]  INFO -- : lab.rism: Source 850030575 1.1.1 '?'
I, [2020-10-06T14:47:25.033694 #16160]  INFO -- : lab.rism: Source 850030711 1.1.1 '?'
I, [2020-10-06T14:47:25.134271 #16160]  INFO -- : lab.rism: Source 850031306 1.1.1 '?'
I, [2020-10-06T14:47:25.603033 #16160]  INFO -- : lab.rism: Source 851002239 1.1.1 '?'
I, [2020-10-06T14:47:25.603094 #16160]  INFO -- : lab.rism: Source 851002239 1.1.2 '?'
I, [2020-10-06T14:47:25.696814 #16160]  INFO -- : lab.rism: Source 851002246 1.1.1 '?'
I, [2020-10-06T14:47:25.769673 #16160]  INFO -- : lab.rism: Source 851002247 1.1.1 '?'
I, [2020-10-06T14:47:25.828214 #16160]  INFO -- : lab.rism: Source 851002249 1.1.1 '?'
I, [2020-10-06T14:47:26.014639 #16160]  INFO -- : lab.rism: Source 852002659 1.1.1 '?'
I, [2020-10-06T14:47:26.107000 #16160]  INFO -- : lab.rism: Source 852002660 1.1.1 '?'
I, [2020-10-06T14:47:26.773685 #16160]  INFO -- : lab.rism: Source 852028716 1.1.1 'Incipit added according to ChomCH'
