# Logfile created on 2020-06-10 13:48:39 +0200 by logger.rb/56815
I, [2020-06-10T13:48:41.788575 #3093]  INFO -- : lab.rism: Size of collection --> 19700
I, [2020-06-10T13:49:17.171056 #3244]  INFO -- : lab.rism: Size of collection --> 19700
I, [2020-06-10T13:50:29.124558 #3244]  INFO -- : lab.rism: Source #840010010 650$0: deleted duplicate entry'
I, [2020-06-10T13:51:10.258570 #3244]  INFO -- : lab.rism: Source #840010162 650$0: deleted duplicate entry'
I, [2020-06-10T13:51:15.227458 #3244]  INFO -- : lab.rism: Source #840010231 650$0: deleted duplicate entry'
I, [2020-06-10T13:51:37.425776 #3840]  INFO -- : lab.rism: Size of collection --> 19700
I, [2020-06-10T13:51:42.662154 #3840]  INFO -- : lab.rism: Source #840010010 650$0: deleted duplicate entry
I, [2020-06-10T13:52:16.178895 #3840]  INFO -- : lab.rism: Source #840010162 650$0: deleted duplicate entry
I, [2020-06-10T13:52:23.525169 #3840]  INFO -- : lab.rism: Source #840010231 650$0: deleted duplicate entry
I, [2020-06-10T13:52:24.131713 #3840]  INFO -- : lab.rism: Source #840010319 650$0: deleted duplicate entry
I, [2020-06-10T13:52:24.561519 #3840]  INFO -- : lab.rism: Source #840010389 650$0: deleted duplicate entry
I, [2020-06-10T13:52:24.792983 #3840]  INFO -- : lab.rism: Source #840010427 650$0: deleted duplicate entry
I, [2020-06-10T13:52:24.877925 #3840]  INFO -- : lab.rism: Source #840010429 650$0: deleted duplicate entry
I, [2020-06-10T13:52:24.935948 #3840]  INFO -- : lab.rism: Source #840010431 650$0: deleted duplicate entry
I, [2020-06-10T13:52:25.010294 #3840]  INFO -- : lab.rism: Source #840010436 650$0: deleted duplicate entry
I, [2020-06-10T13:52:25.373617 #3840]  INFO -- : lab.rism: Source #840010500 650$0: deleted duplicate entry
I, [2020-06-10T13:52:25.575095 #3840]  INFO -- : lab.rism: Source #840010530 650$0: deleted duplicate entry
I, [2020-06-10T13:52:26.042424 #3840]  INFO -- : lab.rism: Source #840010623 650$0: deleted duplicate entry
I, [2020-06-10T13:52:26.145893 #3840]  INFO -- : lab.rism: Source #840010627 650$0: deleted duplicate entry
I, [2020-06-10T13:52:26.231359 #3840]  INFO -- : lab.rism: Source #840010630 650$0: deleted duplicate entry
I, [2020-06-10T13:52:26.290305 #3840]  INFO -- : lab.rism: Source #840010631 650$0: deleted duplicate entry
I, [2020-06-10T13:52:26.348016 #3840]  INFO -- : lab.rism: Source #840010632 650$0: deleted duplicate entry
I, [2020-06-10T13:52:26.495366 #3840]  INFO -- : lab.rism: Source #840010652 650$0: deleted duplicate entry
I, [2020-06-10T13:52:26.545951 #3840]  INFO -- : lab.rism: Source #840010653 650$0: deleted duplicate entry
I, [2020-06-10T13:52:26.673538 #3840]  INFO -- : lab.rism: Source #840010675 650$0: deleted duplicate entry
I, [2020-06-10T13:52:26.731112 #3840]  INFO -- : lab.rism: Source #840010677 650$0: deleted duplicate entry
I, [2020-06-10T13:52:26.814023 #3840]  INFO -- : lab.rism: Source #840010680 650$0: deleted duplicate entry
I, [2020-06-10T13:52:26.913059 #3840]  INFO -- : lab.rism: Source #840010685 650$0: deleted duplicate entry
I, [2020-06-10T13:52:27.177744 #3840]  INFO -- : lab.rism: Source #840010726 650$0: deleted duplicate entry
I, [2020-06-10T13:52:27.286728 #3840]  INFO -- : lab.rism: Source #840010729 650$0: deleted duplicate entry
I, [2020-06-10T13:52:27.472163 #3840]  INFO -- : lab.rism: Source #840010739 650$0: deleted duplicate entry
I, [2020-06-10T13:52:27.570863 #3840]  INFO -- : lab.rism: Source #840010743 650$0: deleted duplicate entry
I, [2020-06-10T13:52:27.649760 #3840]  INFO -- : lab.rism: Source #840010745 650$0: deleted duplicate entry
I, [2020-06-10T13:52:27.740437 #3840]  INFO -- : lab.rism: Source #840010749 650$0: deleted duplicate entry
I, [2020-06-10T13:52:27.916025 #3840]  INFO -- : lab.rism: Source #840010759 650$0: deleted duplicate entry
I, [2020-06-10T13:52:27.997034 #3840]  INFO -- : lab.rism: Source #840010770 650$0: deleted duplicate entry
I, [2020-06-10T13:52:28.068711 #3840]  INFO -- : lab.rism: Source #840010771 650$0: deleted duplicate entry
I, [2020-06-10T13:52:28.217276 #3840]  INFO -- : lab.rism: Source #840010788 650$0: deleted duplicate entry
I, [2020-06-10T13:52:28.296399 #3840]  INFO -- : lab.rism: Source #840010791 650$0: deleted duplicate entry
I, [2020-06-10T13:52:28.553333 #3840]  INFO -- : lab.rism: Source #840010825 650$0: deleted duplicate entry
I, [2020-06-10T13:52:28.652581 #3840]  INFO -- : lab.rism: Source #840010826 650$0: deleted duplicate entry
I, [2020-06-10T13:52:28.750842 #3840]  INFO -- : lab.rism: Source #840010832 650$0: deleted duplicate entry
I, [2020-06-10T13:52:28.857002 #3840]  INFO -- : lab.rism: Source #840010836 650$0: deleted duplicate entry
I, [2020-06-10T13:52:28.913400 #3840]  INFO -- : lab.rism: Source #840010837 650$0: deleted duplicate entry
I, [2020-06-10T13:52:28.971319 #3840]  INFO -- : lab.rism: Source #840010840 650$0: deleted duplicate entry
I, [2020-06-10T13:52:29.102012 #3840]  INFO -- : lab.rism: Source #840010844 650$0: deleted duplicate entry
I, [2020-06-10T13:52:29.197212 #3840]  INFO -- : lab.rism: Source #840010849 650$0: deleted duplicate entry
I, [2020-06-10T13:52:29.263517 #3840]  INFO -- : lab.rism: Source #840010850 650$0: deleted duplicate entry
I, [2020-06-10T13:52:29.330067 #3840]  INFO -- : lab.rism: Source #840010854 650$0: deleted duplicate entry
I, [2020-06-10T13:52:29.385671 #3840]  INFO -- : lab.rism: Source #840010856 650$0: deleted duplicate entry
I, [2020-06-10T13:52:29.439820 #3840]  INFO -- : lab.rism: Source #840010857 650$0: deleted duplicate entry
I, [2020-06-10T13:52:29.495318 #3840]  INFO -- : lab.rism: Source #840010860 650$0: deleted duplicate entry
I, [2020-06-10T13:52:29.553782 #3840]  INFO -- : lab.rism: Source #840010864 650$0: deleted duplicate entry
I, [2020-06-10T13:52:29.625107 #3840]  INFO -- : lab.rism: Source #840010870 650$0: deleted duplicate entry
I, [2020-06-10T13:52:29.674584 #3840]  INFO -- : lab.rism: Source #840010871 650$0: deleted duplicate entry
I, [2020-06-10T13:52:29.713714 #3840]  INFO -- : lab.rism: Source #840010872 650$0: deleted duplicate entry
I, [2020-06-10T13:52:29.764489 #3840]  INFO -- : lab.rism: Source #840010876 650$0: deleted duplicate entry
I, [2020-06-10T13:52:29.804598 #3840]  INFO -- : lab.rism: Source #840010877 650$0: deleted duplicate entry
I, [2020-06-10T13:52:29.852955 #3840]  INFO -- : lab.rism: Source #840010882 650$0: deleted duplicate entry
I, [2020-06-10T13:52:29.893040 #3840]  INFO -- : lab.rism: Source #840010884 650$0: deleted duplicate entry
I, [2020-06-10T13:52:29.946829 #3840]  INFO -- : lab.rism: Source #840010885 650$0: deleted duplicate entry
I, [2020-06-10T13:52:30.023604 #3840]  INFO -- : lab.rism: Source #840010896 650$0: deleted duplicate entry
I, [2020-06-10T13:52:30.109120 #3840]  INFO -- : lab.rism: Source #840010900 650$0: deleted duplicate entry
I, [2020-06-10T13:52:30.225703 #3840]  INFO -- : lab.rism: Source #840010904 650$0: deleted duplicate entry
I, [2020-06-10T13:52:30.340362 #3840]  INFO -- : lab.rism: Source #840010909 650$0: deleted duplicate entry
I, [2020-06-10T13:52:30.494278 #3840]  INFO -- : lab.rism: Source #840010913 650$0: deleted duplicate entry
I, [2020-06-10T13:52:30.546492 #3840]  INFO -- : lab.rism: Source #840010916 650$0: deleted duplicate entry
I, [2020-06-10T13:52:30.580473 #3840]  INFO -- : lab.rism: Source #840010917 650$0: deleted duplicate entry
I, [2020-06-10T13:52:30.617348 #3840]  INFO -- : lab.rism: Source #840010919 650$0: deleted duplicate entry
I, [2020-06-10T13:52:30.794391 #3840]  INFO -- : lab.rism: Source #840010931 650$0: deleted duplicate entry
I, [2020-06-10T13:52:31.012332 #3840]  INFO -- : lab.rism: Source #840010950 650$0: deleted duplicate entry
I, [2020-06-10T13:52:31.099113 #3840]  INFO -- : lab.rism: Source #840010952 650$0: deleted duplicate entry
I, [2020-06-10T13:52:31.309847 #3840]  INFO -- : lab.rism: Source #840010957 650$0: deleted duplicate entry
I, [2020-06-10T13:52:32.165042 #3840]  INFO -- : lab.rism: Source #840011082 650$0: deleted duplicate entry
I, [2020-06-10T13:52:33.120487 #3840]  INFO -- : lab.rism: Source #840011170 650$0: deleted duplicate entry
I, [2020-06-10T13:52:33.688786 #3840]  INFO -- : lab.rism: Source #840011233 650$0: deleted duplicate entry
I, [2020-06-10T13:52:33.890366 #3840]  INFO -- : lab.rism: Source #840011263 650$0: deleted duplicate entry
I, [2020-06-10T13:52:34.131497 #3840]  INFO -- : lab.rism: Source #840011295 650$0: deleted duplicate entry
I, [2020-06-10T13:52:34.193222 #3840]  INFO -- : lab.rism: Source #840011297 650$0: deleted duplicate entry
I, [2020-06-10T13:52:34.245162 #3840]  INFO -- : lab.rism: Source #840011299 650$0: deleted duplicate entry
I, [2020-06-10T13:52:34.412417 #3840]  INFO -- : lab.rism: Source #840011326 650$0: deleted duplicate entry
I, [2020-06-10T13:52:34.606708 #3840]  INFO -- : lab.rism: Source #840011354 650$0: deleted duplicate entry
I, [2020-06-10T13:52:38.676370 #3840]  INFO -- : lab.rism: Source #840011982 650$0: deleted duplicate entry
I, [2020-06-10T13:52:39.009008 #3840]  INFO -- : lab.rism: Source #840012012 650$0: deleted duplicate entry
I, [2020-06-10T13:52:39.399596 #3840]  INFO -- : lab.rism: Source #840012029 650$0: deleted duplicate entry
I, [2020-06-10T13:52:39.612237 #3840]  INFO -- : lab.rism: Source #840012052 650$0: deleted duplicate entry
I, [2020-06-10T13:52:39.669635 #3840]  INFO -- : lab.rism: Source #840012054 650$0: deleted duplicate entry
I, [2020-06-10T13:52:39.722333 #3840]  INFO -- : lab.rism: Source #840012055 650$0: deleted duplicate entry
I, [2020-06-10T13:52:39.765152 #3840]  INFO -- : lab.rism: Source #840012056 650$0: deleted duplicate entry
I, [2020-06-10T13:52:39.814284 #3840]  INFO -- : lab.rism: Source #840012057 650$0: deleted duplicate entry
I, [2020-06-10T13:52:39.864249 #3840]  INFO -- : lab.rism: Source #840012058 650$0: deleted duplicate entry
I, [2020-06-10T13:52:39.926974 #3840]  INFO -- : lab.rism: Source #840012062 650$0: deleted duplicate entry
I, [2020-06-10T13:52:39.971906 #3840]  INFO -- : lab.rism: Source #840012063 650$0: deleted duplicate entry
I, [2020-06-10T13:52:40.013431 #3840]  INFO -- : lab.rism: Source #840012064 650$0: deleted duplicate entry
I, [2020-06-10T13:52:40.077212 #3840]  INFO -- : lab.rism: Source #840012065 650$0: deleted duplicate entry
I, [2020-06-10T13:52:40.134508 #3840]  INFO -- : lab.rism: Source #840012067 650$0: deleted duplicate entry
I, [2020-06-10T13:52:40.180656 #3840]  INFO -- : lab.rism: Source #840012068 650$0: deleted duplicate entry
I, [2020-06-10T13:52:40.230232 #3840]  INFO -- : lab.rism: Source #840012069 650$0: deleted duplicate entry
I, [2020-06-10T13:52:40.281077 #3840]  INFO -- : lab.rism: Source #840012070 650$0: deleted duplicate entry
I, [2020-06-10T13:52:40.359871 #3840]  INFO -- : lab.rism: Source #840012072 650$0: deleted duplicate entry
I, [2020-06-10T13:52:40.406588 #3840]  INFO -- : lab.rism: Source #840012073 650$0: deleted duplicate entry
I, [2020-06-10T13:52:40.459807 #3840]  INFO -- : lab.rism: Source #840012076 650$0: deleted duplicate entry
I, [2020-06-10T13:52:40.520345 #3840]  INFO -- : lab.rism: Source #840012081 650$0: deleted duplicate entry
I, [2020-06-10T13:52:40.565583 #3840]  INFO -- : lab.rism: Source #840012083 650$0: deleted duplicate entry
I, [2020-06-10T13:52:40.623105 #3840]  INFO -- : lab.rism: Source #840012084 650$0: deleted duplicate entry
I, [2020-06-10T13:52:40.710130 #3840]  INFO -- : lab.rism: Source #840012095 650$0: deleted duplicate entry
I, [2020-06-10T13:52:40.755914 #3840]  INFO -- : lab.rism: Source #840012096 650$0: deleted duplicate entry
I, [2020-06-10T13:52:40.797551 #3840]  INFO -- : lab.rism: Source #840012097 650$0: deleted duplicate entry
I, [2020-06-10T13:52:40.839197 #3840]  INFO -- : lab.rism: Source #840012098 650$0: deleted duplicate entry
I, [2020-06-10T13:52:40.895306 #3840]  INFO -- : lab.rism: Source #840012103 650$0: deleted duplicate entry
I, [2020-06-10T13:52:40.950413 #3840]  INFO -- : lab.rism: Source #840012106 650$0: deleted duplicate entry
I, [2020-06-10T13:52:40.997505 #3840]  INFO -- : lab.rism: Source #840012107 650$0: deleted duplicate entry
I, [2020-06-10T13:52:41.059924 #3840]  INFO -- : lab.rism: Source #840012108 650$0: deleted duplicate entry
I, [2020-06-10T13:52:41.106289 #3840]  INFO -- : lab.rism: Source #840012109 650$0: deleted duplicate entry
I, [2020-06-10T13:52:41.148736 #3840]  INFO -- : lab.rism: Source #840012110 650$0: deleted duplicate entry
I, [2020-06-10T13:52:41.208351 #3840]  INFO -- : lab.rism: Source #840012115 650$0: deleted duplicate entry
I, [2020-06-10T13:52:41.716277 #3840]  INFO -- : lab.rism: Source #840012227 650$0: deleted duplicate entry
I, [2020-06-10T13:52:41.774201 #3840]  INFO -- : lab.rism: Source #840012228 650$0: deleted duplicate entry
I, [2020-06-10T13:52:41.850578 #3840]  INFO -- : lab.rism: Source #840012232 650$0: deleted duplicate entry
I, [2020-06-10T13:52:41.897658 #3840]  INFO -- : lab.rism: Source #840012233 650$0: deleted duplicate entry
I, [2020-06-10T13:52:41.988461 #3840]  INFO -- : lab.rism: Source #840012244 650$0: deleted duplicate entry
I, [2020-06-10T13:52:42.103706 #3840]  INFO -- : lab.rism: Source #840012252 650$0: deleted duplicate entry
I, [2020-06-10T13:52:42.178747 #3840]  INFO -- : lab.rism: Source #840012253 650$0: deleted duplicate entry
I, [2020-06-10T13:52:42.252982 #3840]  INFO -- : lab.rism: Source #840012254 650$0: deleted duplicate entry
I, [2020-06-10T13:52:42.389348 #3840]  INFO -- : lab.rism: Source #840012255 650$0: deleted duplicate entry
I, [2020-06-10T13:52:43.193114 #3840]  INFO -- : lab.rism: Source #840012995 650$0: deleted duplicate entry
I, [2020-06-10T13:52:44.137172 #3840]  INFO -- : lab.rism: Source #840013176 650$0: deleted duplicate entry
I, [2020-06-10T13:52:44.496870 #3840]  INFO -- : lab.rism: Source #840013229 650$0: deleted duplicate entry
I, [2020-06-10T13:52:44.698408 #3840]  INFO -- : lab.rism: Source #840013247 650$0: deleted duplicate entry
I, [2020-06-10T13:52:44.854642 #3840]  INFO -- : lab.rism: Source #840013278 650$0: deleted duplicate entry
I, [2020-06-10T13:52:45.001557 #3840]  INFO -- : lab.rism: Source #840013306 650$0: deleted duplicate entry
I, [2020-06-10T13:52:45.067138 #3840]  INFO -- : lab.rism: Source #840013309 650$0: deleted duplicate entry
I, [2020-06-10T13:52:46.515427 #3840]  INFO -- : lab.rism: Source #840013692 650$0: deleted duplicate entry
I, [2020-06-10T13:52:47.636613 #3840]  INFO -- : lab.rism: Source #840013742 650$0: deleted duplicate entry
I, [2020-06-10T13:52:50.174524 #3840]  INFO -- : lab.rism: Source #840014141 650$0: deleted duplicate entry
I, [2020-06-10T13:52:50.279681 #3840]  INFO -- : lab.rism: Source #840014142 650$0: deleted duplicate entry
I, [2020-06-10T13:52:50.368278 #3840]  INFO -- : lab.rism: Source #840014143 650$0: deleted duplicate entry
I, [2020-06-10T13:52:50.434266 #3840]  INFO -- : lab.rism: Source #840014146 650$0: deleted duplicate entry
I, [2020-06-10T13:52:50.500108 #3840]  INFO -- : lab.rism: Source #840014147 650$0: deleted duplicate entry
I, [2020-06-10T13:52:50.695109 #3840]  INFO -- : lab.rism: Source #840014156 650$0: deleted duplicate entry
I, [2020-06-10T13:52:50.758784 #3840]  INFO -- : lab.rism: Source #840014160 650$0: deleted duplicate entry
I, [2020-06-10T13:52:50.807461 #3840]  INFO -- : lab.rism: Source #840014161 650$0: deleted duplicate entry
I, [2020-06-10T13:52:50.874060 #3840]  INFO -- : lab.rism: Source #840014162 650$0: deleted duplicate entry
I, [2020-06-10T13:52:50.935316 #3840]  INFO -- : lab.rism: Source #840014164 650$0: deleted duplicate entry
I, [2020-06-10T13:52:51.604998 #3840]  INFO -- : lab.rism: Source #840014276 650$0: deleted duplicate entry
I, [2020-06-10T13:52:51.749206 #3840]  INFO -- : lab.rism: Source #840014283 650$0: deleted duplicate entry
I, [2020-06-10T13:52:51.861906 #3840]  INFO -- : lab.rism: Source #840014295 650$0: deleted duplicate entry
I, [2020-06-10T13:52:51.915364 #3840]  INFO -- : lab.rism: Source #840014296 650$0: deleted duplicate entry
I, [2020-06-10T13:52:51.965837 #3840]  INFO -- : lab.rism: Source #840014297 650$0: deleted duplicate entry
I, [2020-06-10T13:52:52.045331 #3840]  INFO -- : lab.rism: Source #840014298 650$0: deleted duplicate entry
I, [2020-06-10T13:52:52.199997 #3840]  INFO -- : lab.rism: Source #840014321 650$0: deleted duplicate entry
I, [2020-06-10T13:52:52.675445 #3840]  INFO -- : lab.rism: Source #840014388 650$0: deleted duplicate entry
I, [2020-06-10T13:52:52.908806 #3840]  INFO -- : lab.rism: Source #840014425 650$0: deleted duplicate entry
I, [2020-06-10T13:52:53.389692 #3840]  INFO -- : lab.rism: Source #840014514 650$0: deleted duplicate entry
I, [2020-06-10T13:52:53.739976 #3840]  INFO -- : lab.rism: Source #840014555 650$0: deleted duplicate entry
I, [2020-06-10T13:52:53.896990 #3840]  INFO -- : lab.rism: Source #840014575 650$0: deleted duplicate entry
I, [2020-06-10T13:52:54.033385 #3840]  INFO -- : lab.rism: Source #840014590 650$0: deleted duplicate entry
I, [2020-06-10T13:52:54.505085 #3840]  INFO -- : lab.rism: Source #840014652 650$0: deleted duplicate entry
I, [2020-06-10T13:52:55.030277 #3840]  INFO -- : lab.rism: Source #840014719 650$0: deleted duplicate entry
I, [2020-06-10T13:52:55.183309 #3840]  INFO -- : lab.rism: Source #840014734 650$0: deleted duplicate entry
I, [2020-06-10T13:52:55.270074 #3840]  INFO -- : lab.rism: Source #840014746 650$0: deleted duplicate entry
I, [2020-06-10T13:52:55.693579 #3840]  INFO -- : lab.rism: Source #840014807 650$0: deleted duplicate entry
I, [2020-06-10T13:52:56.508816 #3840]  INFO -- : lab.rism: Source #840014938 650$0: deleted duplicate entry
I, [2020-06-10T13:52:56.640083 #3840]  INFO -- : lab.rism: Source #840014939 650$0: deleted duplicate entry
I, [2020-06-10T13:52:56.742470 #3840]  INFO -- : lab.rism: Source #840014940 650$0: deleted duplicate entry
I, [2020-06-10T13:52:56.814548 #3840]  INFO -- : lab.rism: Source #840014942 650$0: deleted duplicate entry
I, [2020-06-10T13:52:56.874020 #3840]  INFO -- : lab.rism: Source #840014943 650$0: deleted duplicate entry
I, [2020-06-10T13:52:56.923475 #3840]  INFO -- : lab.rism: Source #840014944 650$0: deleted duplicate entry
I, [2020-06-10T13:52:57.013981 #3840]  INFO -- : lab.rism: Source #840014960 650$0: deleted duplicate entry
I, [2020-06-10T13:52:57.077219 #3840]  INFO -- : lab.rism: Source #840014961 650$0: deleted duplicate entry
I, [2020-06-10T13:52:57.131744 #3840]  INFO -- : lab.rism: Source #840014962 650$0: deleted duplicate entry
I, [2020-06-10T13:52:57.292726 #3840]  INFO -- : lab.rism: Source #840014987 650$0: deleted duplicate entry
I, [2020-06-10T13:52:58.063228 #3840]  INFO -- : lab.rism: Source #840015122 650$0: deleted duplicate entry
I, [2020-06-10T13:52:58.158523 #3840]  INFO -- : lab.rism: Source #840015123 650$0: deleted duplicate entry
I, [2020-06-10T13:52:58.233920 #3840]  INFO -- : lab.rism: Source #840015125 650$0: deleted duplicate entry
I, [2020-06-10T13:52:58.291158 #3840]  INFO -- : lab.rism: Source #840015128 650$0: deleted duplicate entry
I, [2020-06-10T13:52:58.359256 #3840]  INFO -- : lab.rism: Source #840015129 650$0: deleted duplicate entry
I, [2020-06-10T13:52:58.436896 #3840]  INFO -- : lab.rism: Source #840015132 650$0: deleted duplicate entry
I, [2020-06-10T13:52:59.286972 #3840]  INFO -- : lab.rism: Source #840015249 650$0: deleted duplicate entry
I, [2020-06-10T13:52:59.812793 #3840]  INFO -- : lab.rism: Source #840015326 650$0: deleted duplicate entry
I, [2020-06-10T13:53:00.401991 #3840]  INFO -- : lab.rism: Source #840015421 650$0: deleted duplicate entry
I, [2020-06-10T13:53:01.257624 #3840]  INFO -- : lab.rism: Source #840015550 650$0: deleted duplicate entry
I, [2020-06-10T13:53:01.912232 #3840]  INFO -- : lab.rism: Source #840015664 650$0: deleted duplicate entry
I, [2020-06-10T13:53:02.523590 #3840]  INFO -- : lab.rism: Source #840015814 650$0: deleted duplicate entry
I, [2020-06-10T13:53:02.785163 #3840]  INFO -- : lab.rism: Source #840015823 650$0: deleted duplicate entry
I, [2020-06-10T13:53:03.025461 #3840]  INFO -- : lab.rism: Source #840015880 650$0: deleted duplicate entry
I, [2020-06-10T13:53:04.487103 #3840]  INFO -- : lab.rism: Source #840016203 650$0: deleted duplicate entry
I, [2020-06-10T13:53:05.335740 #3840]  INFO -- : lab.rism: Source #840016286 650$0: deleted duplicate entry
I, [2020-06-10T13:53:06.075163 #3840]  INFO -- : lab.rism: Source #840016417 650$0: deleted duplicate entry
I, [2020-06-10T13:53:07.323623 #3840]  INFO -- : lab.rism: Source #840016613 650$0: deleted duplicate entry
I, [2020-06-10T13:53:10.603908 #3840]  INFO -- : lab.rism: Source #840017144 650$0: deleted duplicate entry
I, [2020-06-10T13:53:13.589208 #3840]  INFO -- : lab.rism: Source #840017802 650$0: deleted duplicate entry
I, [2020-06-10T13:53:14.282649 #3840]  INFO -- : lab.rism: Source #840017924 650$0: deleted duplicate entry
I, [2020-06-10T13:53:14.638329 #3840]  INFO -- : lab.rism: Source #840017983 650$0: deleted duplicate entry
I, [2020-06-10T13:53:14.982678 #3840]  INFO -- : lab.rism: Source #840018032 650$0: deleted duplicate entry
I, [2020-06-10T13:53:15.078380 #3840]  INFO -- : lab.rism: Source #840018041 650$0: deleted duplicate entry
I, [2020-06-10T13:53:15.224119 #3840]  INFO -- : lab.rism: Source #840018065 650$0: deleted duplicate entry
I, [2020-06-10T13:53:15.310768 #3840]  INFO -- : lab.rism: Source #840018076 650$0: deleted duplicate entry
I, [2020-06-10T13:53:15.438871 #3840]  INFO -- : lab.rism: Source #840018099 650$0: deleted duplicate entry
I, [2020-06-10T13:53:15.794775 #3840]  INFO -- : lab.rism: Source #840018147 650$0: deleted duplicate entry
I, [2020-06-10T13:53:15.860754 #3840]  INFO -- : lab.rism: Source #840018148 650$0: deleted duplicate entry
I, [2020-06-10T13:53:15.968382 #3840]  INFO -- : lab.rism: Source #840018150 650$0: deleted duplicate entry
I, [2020-06-10T13:53:16.040170 #3840]  INFO -- : lab.rism: Source #840018151 650$0: deleted duplicate entry
I, [2020-06-10T13:53:16.110684 #3840]  INFO -- : lab.rism: Source #840018153 650$0: deleted duplicate entry
I, [2020-06-10T13:53:16.159426 #3840]  INFO -- : lab.rism: Source #840018154 650$0: deleted duplicate entry
I, [2020-06-10T13:53:16.592148 #3840]  INFO -- : lab.rism: Source #840018226 650$0: deleted duplicate entry
I, [2020-06-10T13:53:16.815959 #3840]  INFO -- : lab.rism: Source #840018247 650$0: deleted duplicate entry
I, [2020-06-10T13:53:16.918458 #3840]  INFO -- : lab.rism: Source #840018256 650$0: deleted duplicate entry
I, [2020-06-10T13:53:16.987320 #3840]  INFO -- : lab.rism: Source #840018259 650$0: deleted duplicate entry
I, [2020-06-10T13:53:17.062268 #3840]  INFO -- : lab.rism: Source #840018260 650$0: deleted duplicate entry
I, [2020-06-10T13:53:17.494579 #3840]  INFO -- : lab.rism: Source #840018318 650$0: deleted duplicate entry
I, [2020-06-10T13:53:17.713171 #3840]  INFO -- : lab.rism: Source #840018324 650$0: deleted duplicate entry
I, [2020-06-10T13:53:18.123059 #3840]  INFO -- : lab.rism: Source #840018353 650$0: deleted duplicate entry
I, [2020-06-10T13:53:18.411725 #3840]  INFO -- : lab.rism: Source #840018370 650$0: deleted duplicate entry
I, [2020-06-10T13:53:18.877486 #3840]  INFO -- : lab.rism: Source #840018413 650$0: deleted duplicate entry
I, [2020-06-10T13:53:19.271300 #3840]  INFO -- : lab.rism: Source #840018473 650$0: deleted duplicate entry
I, [2020-06-10T13:53:19.518354 #3840]  INFO -- : lab.rism: Source #840018494 650$0: deleted duplicate entry
I, [2020-06-10T13:53:20.715775 #3840]  INFO -- : lab.rism: Source #840018701 650$0: deleted duplicate entry
I, [2020-06-10T13:53:20.766251 #3840]  INFO -- : lab.rism: Source #840018702 650$0: deleted duplicate entry
I, [2020-06-10T13:53:20.909853 #3840]  INFO -- : lab.rism: Source #840018730 650$0: deleted duplicate entry
I, [2020-06-10T13:53:21.400034 #3840]  INFO -- : lab.rism: Source #840018788 650$0: deleted duplicate entry
I, [2020-06-10T13:53:21.590867 #3840]  INFO -- : lab.rism: Source #840018812 650$0: deleted duplicate entry
I, [2020-06-10T13:53:21.663356 #3840]  INFO -- : lab.rism: Source #840018814 650$0: deleted duplicate entry
I, [2020-06-10T13:53:21.727177 #3840]  INFO -- : lab.rism: Source #840018815 650$0: deleted duplicate entry
I, [2020-06-10T13:53:21.801927 #3840]  INFO -- : lab.rism: Source #840018816 650$0: deleted duplicate entry
I, [2020-06-10T13:53:21.875905 #3840]  INFO -- : lab.rism: Source #840018817 650$0: deleted duplicate entry
I, [2020-06-10T13:53:22.037425 #3840]  INFO -- : lab.rism: Source #840018839 650$0: deleted duplicate entry
I, [2020-06-10T13:53:22.142738 #3840]  INFO -- : lab.rism: Source #840018846 650$0: deleted duplicate entry
I, [2020-06-10T13:53:22.209583 #3840]  INFO -- : lab.rism: Source #840018847 650$0: deleted duplicate entry
I, [2020-06-10T13:53:22.265483 #3840]  INFO -- : lab.rism: Source #840018848 650$0: deleted duplicate entry
I, [2020-06-10T13:53:22.328781 #3840]  INFO -- : lab.rism: Source #840018852 650$0: deleted duplicate entry
I, [2020-06-10T13:53:22.383654 #3840]  INFO -- : lab.rism: Source #840018853 650$0: deleted duplicate entry
I, [2020-06-10T13:53:22.425820 #3840]  INFO -- : lab.rism: Source #840018854 650$0: deleted duplicate entry
I, [2020-06-10T13:53:22.617601 #3840]  INFO -- : lab.rism: Source #840018889 650$0: deleted duplicate entry
I, [2020-06-10T13:53:22.687739 #3840]  INFO -- : lab.rism: Source #840018897 650$0: deleted duplicate entry
I, [2020-06-10T13:53:22.732292 #3840]  INFO -- : lab.rism: Source #840018898 650$0: deleted duplicate entry
I, [2020-06-10T13:53:22.781887 #3840]  INFO -- : lab.rism: Source #840018899 650$0: deleted duplicate entry
I, [2020-06-10T13:53:22.823424 #3840]  INFO -- : lab.rism: Source #840018900 650$0: deleted duplicate entry
I, [2020-06-10T13:53:22.991018 #3840]  INFO -- : lab.rism: Source #840018938 650$0: deleted duplicate entry
I, [2020-06-10T13:53:23.057737 #3840]  INFO -- : lab.rism: Source #840018939 650$0: deleted duplicate entry
I, [2020-06-10T13:53:23.194665 #3840]  INFO -- : lab.rism: Source #840018962 650$0: deleted duplicate entry
I, [2020-06-10T13:53:23.269322 #3840]  INFO -- : lab.rism: Source #840018966 650$0: deleted duplicate entry
I, [2020-06-10T13:53:23.365976 #3840]  INFO -- : lab.rism: Source #840018981 650$0: deleted duplicate entry
I, [2020-06-10T13:53:23.421245 #3840]  INFO -- : lab.rism: Source #840018983 650$0: deleted duplicate entry
I, [2020-06-10T13:53:23.483513 #3840]  INFO -- : lab.rism: Source #840018984 650$0: deleted duplicate entry
I, [2020-06-10T13:53:23.674318 #3840]  INFO -- : lab.rism: Source #840018992 650$0: deleted duplicate entry
I, [2020-06-10T13:53:23.847357 #3840]  INFO -- : lab.rism: Source #840019027 650$0: deleted duplicate entry
I, [2020-06-10T16:10:16.449478 #16036]  INFO -- : lab.rism: Size of collection --> 19700
I, [2020-06-10T16:10:19.955531 #16036]  INFO -- : lab.rism: Source #840010010 650$0: deleted duplicate entry
I, [2020-06-10T16:10:21.017225 #16036]  INFO -- : lab.rism: Source #840010162 650$0: deleted duplicate entry
I, [2020-06-10T16:10:21.581270 #16036]  INFO -- : lab.rism: Source #840010231 650$0: deleted duplicate entry
I, [2020-06-10T16:10:21.966109 #16036]  INFO -- : lab.rism: Source #840010319 650$0: deleted duplicate entry
I, [2020-06-10T16:10:22.564988 #16036]  INFO -- : lab.rism: Source #840010389 650$0: deleted duplicate entry
I, [2020-06-10T16:10:23.057996 #16036]  INFO -- : lab.rism: Source #840010427 650$0: deleted duplicate entry
I, [2020-06-10T16:10:23.191883 #16036]  INFO -- : lab.rism: Source #840010429 650$0: deleted duplicate entry
I, [2020-06-10T16:10:23.268170 #16036]  INFO -- : lab.rism: Source #840010431 650$0: deleted duplicate entry
I, [2020-06-10T16:10:23.342656 #16036]  INFO -- : lab.rism: Source #840010436 650$0: deleted duplicate entry
I, [2020-06-10T16:10:23.687820 #16036]  INFO -- : lab.rism: Source #840010500 650$0: deleted duplicate entry
I, [2020-06-10T16:10:23.868047 #16036]  INFO -- : lab.rism: Source #840010530 650$0: deleted duplicate entry
I, [2020-06-10T16:10:24.676558 #16036]  INFO -- : lab.rism: Source #840010623 650$0: deleted duplicate entry
I, [2020-06-10T16:10:24.797748 #16036]  INFO -- : lab.rism: Source #840010627 650$0: deleted duplicate entry
I, [2020-06-10T16:10:25.019879 #16036]  INFO -- : lab.rism: Source #840010630 650$0: deleted duplicate entry
I, [2020-06-10T16:10:25.109885 #16036]  INFO -- : lab.rism: Source #840010631 650$0: deleted duplicate entry
I, [2020-06-10T16:10:25.175255 #16036]  INFO -- : lab.rism: Source #840010632 650$0: deleted duplicate entry
I, [2020-06-10T16:10:25.336308 #16036]  INFO -- : lab.rism: Source #840010652 650$0: deleted duplicate entry
I, [2020-06-10T16:10:25.448825 #16036]  INFO -- : lab.rism: Source #840010653 650$0: deleted duplicate entry
I, [2020-06-10T16:10:25.744613 #16036]  INFO -- : lab.rism: Source #840010675 650$0: deleted duplicate entry
I, [2020-06-10T16:10:25.807236 #16036]  INFO -- : lab.rism: Source #840010677 650$0: deleted duplicate entry
I, [2020-06-10T16:10:25.874763 #16036]  INFO -- : lab.rism: Source #840010680 650$0: deleted duplicate entry
I, [2020-06-10T16:10:25.937501 #16036]  INFO -- : lab.rism: Source #840010685 650$0: deleted duplicate entry
I, [2020-06-10T16:10:26.152194 #16036]  INFO -- : lab.rism: Source #840010726 650$0: deleted duplicate entry
I, [2020-06-10T16:10:26.263059 #16036]  INFO -- : lab.rism: Source #840010729 650$0: deleted duplicate entry
I, [2020-06-10T16:10:26.397510 #16036]  INFO -- : lab.rism: Source #840010739 650$0: deleted duplicate entry
I, [2020-06-10T16:10:26.543648 #16036]  INFO -- : lab.rism: Source #840010743 650$0: deleted duplicate entry
I, [2020-06-10T16:10:26.729215 #16036]  INFO -- : lab.rism: Source #840010745 650$0: deleted duplicate entry
I, [2020-06-10T16:10:26.834855 #16036]  INFO -- : lab.rism: Source #840010749 650$0: deleted duplicate entry
I, [2020-06-10T16:10:26.962356 #16036]  INFO -- : lab.rism: Source #840010759 650$0: deleted duplicate entry
I, [2020-06-10T16:10:27.157312 #16036]  INFO -- : lab.rism: Source #840010770 650$0: deleted duplicate entry
I, [2020-06-10T16:10:27.249338 #16036]  INFO -- : lab.rism: Source #840010771 650$0: deleted duplicate entry
I, [2020-06-10T16:10:27.473402 #16036]  INFO -- : lab.rism: Source #840010788 650$0: deleted duplicate entry
I, [2020-06-10T16:10:27.682450 #16036]  INFO -- : lab.rism: Source #840010791 650$0: deleted duplicate entry
I, [2020-06-10T16:10:27.918598 #16036]  INFO -- : lab.rism: Source #840010825 650$0: deleted duplicate entry
I, [2020-06-10T16:10:28.017758 #16036]  INFO -- : lab.rism: Source #840010826 650$0: deleted duplicate entry
I, [2020-06-10T16:10:28.198528 #16036]  INFO -- : lab.rism: Source #840010832 650$0: deleted duplicate entry
I, [2020-06-10T16:10:28.297408 #16036]  INFO -- : lab.rism: Source #840010836 650$0: deleted duplicate entry
I, [2020-06-10T16:10:28.356652 #16036]  INFO -- : lab.rism: Source #840010837 650$0: deleted duplicate entry
I, [2020-06-10T16:10:28.414518 #16036]  INFO -- : lab.rism: Source #840010840 650$0: deleted duplicate entry
I, [2020-06-10T16:10:28.581497 #16036]  INFO -- : lab.rism: Source #840010844 650$0: deleted duplicate entry
I, [2020-06-10T16:10:28.661793 #16036]  INFO -- : lab.rism: Source #840010849 650$0: deleted duplicate entry
I, [2020-06-10T16:10:28.789979 #16036]  INFO -- : lab.rism: Source #840010850 650$0: deleted duplicate entry
I, [2020-06-10T16:10:28.880013 #16036]  INFO -- : lab.rism: Source #840010854 650$0: deleted duplicate entry
I, [2020-06-10T16:10:28.946767 #16036]  INFO -- : lab.rism: Source #840010856 650$0: deleted duplicate entry
I, [2020-06-10T16:10:28.999098 #16036]  INFO -- : lab.rism: Source #840010857 650$0: deleted duplicate entry
I, [2020-06-10T16:10:29.075103 #16036]  INFO -- : lab.rism: Source #840010860 650$0: deleted duplicate entry
I, [2020-06-10T16:10:29.152667 #16036]  INFO -- : lab.rism: Source #840010864 650$0: deleted duplicate entry
I, [2020-06-10T16:10:29.237873 #16036]  INFO -- : lab.rism: Source #840010870 650$0: deleted duplicate entry
I, [2020-06-10T16:10:29.300594 #16036]  INFO -- : lab.rism: Source #840010871 650$0: deleted duplicate entry
I, [2020-06-10T16:10:29.410015 #16036]  INFO -- : lab.rism: Source #840010872 650$0: deleted duplicate entry
I, [2020-06-10T16:10:29.532224 #16036]  INFO -- : lab.rism: Source #840010876 650$0: deleted duplicate entry
I, [2020-06-10T16:10:29.642171 #16036]  INFO -- : lab.rism: Source #840010877 650$0: deleted duplicate entry
I, [2020-06-10T16:10:29.791783 #16036]  INFO -- : lab.rism: Source #840010882 650$0: deleted duplicate entry
I, [2020-06-10T16:10:29.864169 #16036]  INFO -- : lab.rism: Source #840010884 650$0: deleted duplicate entry
I, [2020-06-10T16:10:29.924059 #16036]  INFO -- : lab.rism: Source #840010885 650$0: deleted duplicate entry
I, [2020-06-10T16:10:30.020570 #16036]  INFO -- : lab.rism: Source #840010896 650$0: deleted duplicate entry
I, [2020-06-10T16:10:30.111427 #16036]  INFO -- : lab.rism: Source #840010900 650$0: deleted duplicate entry
I, [2020-06-10T16:10:30.278348 #16036]  INFO -- : lab.rism: Source #840010904 650$0: deleted duplicate entry
I, [2020-06-10T16:10:30.382995 #16036]  INFO -- : lab.rism: Source #840010909 650$0: deleted duplicate entry
I, [2020-06-10T16:10:30.773622 #16036]  INFO -- : lab.rism: Source #840010913 650$0: deleted duplicate entry
I, [2020-06-10T16:10:30.837653 #16036]  INFO -- : lab.rism: Source #840010916 650$0: deleted duplicate entry
I, [2020-06-10T16:10:30.881900 #16036]  INFO -- : lab.rism: Source #840010917 650$0: deleted duplicate entry
I, [2020-06-10T16:10:30.929813 #16036]  INFO -- : lab.rism: Source #840010919 650$0: deleted duplicate entry
I, [2020-06-10T16:10:31.025976 #16036]  INFO -- : lab.rism: Source #840010931 650$0: deleted duplicate entry
I, [2020-06-10T16:10:31.203356 #16036]  INFO -- : lab.rism: Source #840010950 650$0: deleted duplicate entry
I, [2020-06-10T16:10:31.250823 #16036]  INFO -- : lab.rism: Source #840010952 650$0: deleted duplicate entry
I, [2020-06-10T16:10:31.431954 #16036]  INFO -- : lab.rism: Source #840010957 650$0: deleted duplicate entry
I, [2020-06-10T16:10:32.441003 #16036]  INFO -- : lab.rism: Source #840011082 650$0: deleted duplicate entry
I, [2020-06-10T16:10:33.835796 #16036]  INFO -- : lab.rism: Source #840011170 650$0: deleted duplicate entry
I, [2020-06-10T16:10:34.648236 #16036]  INFO -- : lab.rism: Source #840011233 650$0: deleted duplicate entry
I, [2020-06-10T16:10:34.907543 #16036]  INFO -- : lab.rism: Source #840011263 650$0: deleted duplicate entry
I, [2020-06-10T16:10:35.158013 #16036]  INFO -- : lab.rism: Source #840011295 650$0: deleted duplicate entry
I, [2020-06-10T16:10:35.292307 #16036]  INFO -- : lab.rism: Source #840011297 650$0: deleted duplicate entry
I, [2020-06-10T16:10:35.495815 #16036]  INFO -- : lab.rism: Source #840011299 650$0: deleted duplicate entry
I, [2020-06-10T16:10:35.646414 #16036]  INFO -- : lab.rism: Source #840011326 650$0: deleted duplicate entry
I, [2020-06-10T16:10:35.831464 #16036]  INFO -- : lab.rism: Source #840011354 650$0: deleted duplicate entry
I, [2020-06-10T16:10:39.401393 #16036]  INFO -- : lab.rism: Source #840011982 650$0: deleted duplicate entry
I, [2020-06-10T16:10:39.828029 #16036]  INFO -- : lab.rism: Source #840012012 650$0: deleted duplicate entry
I, [2020-06-10T16:10:40.049230 #16036]  INFO -- : lab.rism: Source #840012029 650$0: deleted duplicate entry
I, [2020-06-10T16:10:40.336906 #16036]  INFO -- : lab.rism: Source #840012052 650$0: deleted duplicate entry
I, [2020-06-10T16:10:40.444695 #16036]  INFO -- : lab.rism: Source #840012054 650$0: deleted duplicate entry
I, [2020-06-10T16:10:40.671071 #16036]  INFO -- : lab.rism: Source #840012055 650$0: deleted duplicate entry
I, [2020-06-10T16:10:40.742676 #16036]  INFO -- : lab.rism: Source #840012056 650$0: deleted duplicate entry
I, [2020-06-10T16:10:40.817149 #16036]  INFO -- : lab.rism: Source #840012057 650$0: deleted duplicate entry
I, [2020-06-10T16:10:40.917739 #16036]  INFO -- : lab.rism: Source #840012058 650$0: deleted duplicate entry
I, [2020-06-10T16:10:41.060377 #16036]  INFO -- : lab.rism: Source #840012062 650$0: deleted duplicate entry
I, [2020-06-10T16:10:41.137612 #16036]  INFO -- : lab.rism: Source #840012063 650$0: deleted duplicate entry
I, [2020-06-10T16:10:41.198702 #16036]  INFO -- : lab.rism: Source #840012064 650$0: deleted duplicate entry
I, [2020-06-10T16:10:41.249139 #16036]  INFO -- : lab.rism: Source #840012065 650$0: deleted duplicate entry
I, [2020-06-10T16:10:41.301558 #16036]  INFO -- : lab.rism: Source #840012067 650$0: deleted duplicate entry
I, [2020-06-10T16:10:41.347716 #16036]  INFO -- : lab.rism: Source #840012068 650$0: deleted duplicate entry
I, [2020-06-10T16:10:41.397680 #16036]  INFO -- : lab.rism: Source #840012069 650$0: deleted duplicate entry
I, [2020-06-10T16:10:41.448138 #16036]  INFO -- : lab.rism: Source #840012070 650$0: deleted duplicate entry
I, [2020-06-10T16:10:41.557955 #16036]  INFO -- : lab.rism: Source #840012072 650$0: deleted duplicate entry
I, [2020-06-10T16:10:41.634729 #16036]  INFO -- : lab.rism: Source #840012073 650$0: deleted duplicate entry
I, [2020-06-10T16:10:41.714459 #16036]  INFO -- : lab.rism: Source #840012076 650$0: deleted duplicate entry
I, [2020-06-10T16:10:41.805427 #16036]  INFO -- : lab.rism: Source #840012081 650$0: deleted duplicate entry
I, [2020-06-10T16:10:41.976530 #16036]  INFO -- : lab.rism: Source #840012083 650$0: deleted duplicate entry
I, [2020-06-10T16:10:42.070768 #16036]  INFO -- : lab.rism: Source #840012084 650$0: deleted duplicate entry
I, [2020-06-10T16:10:42.205203 #16036]  INFO -- : lab.rism: Source #840012095 650$0: deleted duplicate entry
I, [2020-06-10T16:10:42.275638 #16036]  INFO -- : lab.rism: Source #840012096 650$0: deleted duplicate entry
I, [2020-06-10T16:10:42.341483 #16036]  INFO -- : lab.rism: Source #840012097 650$0: deleted duplicate entry
I, [2020-06-10T16:10:42.399759 #16036]  INFO -- : lab.rism: Source #840012098 650$0: deleted duplicate entry
I, [2020-06-10T16:10:42.648273 #16036]  INFO -- : lab.rism: Source #840012103 650$0: deleted duplicate entry
I, [2020-06-10T16:10:42.734701 #16036]  INFO -- : lab.rism: Source #840012106 650$0: deleted duplicate entry
I, [2020-06-10T16:10:42.790621 #16036]  INFO -- : lab.rism: Source #840012107 650$0: deleted duplicate entry
I, [2020-06-10T16:10:42.840850 #16036]  INFO -- : lab.rism: Source #840012108 650$0: deleted duplicate entry
I, [2020-06-10T16:10:42.960263 #16036]  INFO -- : lab.rism: Source #840012109 650$0: deleted duplicate entry
I, [2020-06-10T16:10:43.048868 #16036]  INFO -- : lab.rism: Source #840012110 650$0: deleted duplicate entry
I, [2020-06-10T16:10:43.140249 #16036]  INFO -- : lab.rism: Source #840012115 650$0: deleted duplicate entry
I, [2020-06-10T16:10:43.951053 #16036]  INFO -- : lab.rism: Source #840012227 650$0: deleted duplicate entry
I, [2020-06-10T16:10:43.989382 #16036]  INFO -- : lab.rism: Source #840012228 650$0: deleted duplicate entry
I, [2020-06-10T16:10:44.067446 #16036]  INFO -- : lab.rism: Source #840012232 650$0: deleted duplicate entry
I, [2020-06-10T16:10:44.114572 #16036]  INFO -- : lab.rism: Source #840012233 650$0: deleted duplicate entry
I, [2020-06-10T16:10:44.280621 #16036]  INFO -- : lab.rism: Source #840012244 650$0: deleted duplicate entry
I, [2020-06-10T16:10:44.363611 #16036]  INFO -- : lab.rism: Source #840012252 650$0: deleted duplicate entry
I, [2020-06-10T16:10:44.427478 #16036]  INFO -- : lab.rism: Source #840012253 650$0: deleted duplicate entry
I, [2020-06-10T16:10:44.511072 #16036]  INFO -- : lab.rism: Source #840012254 650$0: deleted duplicate entry
I, [2020-06-10T16:10:44.712550 #16036]  INFO -- : lab.rism: Source #840012255 650$0: deleted duplicate entry
I, [2020-06-10T16:10:45.497372 #16036]  INFO -- : lab.rism: Source #840012995 650$0: deleted duplicate entry
I, [2020-06-10T16:10:46.532472 #16036]  INFO -- : lab.rism: Source #840013176 650$0: deleted duplicate entry
I, [2020-06-10T16:10:47.063268 #16036]  INFO -- : lab.rism: Source #840013229 650$0: deleted duplicate entry
I, [2020-06-10T16:10:47.646282 #16036]  INFO -- : lab.rism: Source #840013247 650$0: deleted duplicate entry
I, [2020-06-10T16:10:47.963142 #16036]  INFO -- : lab.rism: Source #840013278 650$0: deleted duplicate entry
I, [2020-06-10T16:10:48.132162 #16036]  INFO -- : lab.rism: Source #840013306 650$0: deleted duplicate entry
I, [2020-06-10T16:10:48.202260 #16036]  INFO -- : lab.rism: Source #840013309 650$0: deleted duplicate entry
I, [2020-06-10T16:10:50.464161 #16036]  INFO -- : lab.rism: Source #840013692 650$0: deleted duplicate entry
I, [2020-06-10T16:10:50.980535 #16036]  INFO -- : lab.rism: Source #840013742 650$0: deleted duplicate entry
I, [2020-06-10T16:10:52.981653 #16036]  INFO -- : lab.rism: Source #840014141 650$0: deleted duplicate entry
I, [2020-06-10T16:10:53.114399 #16036]  INFO -- : lab.rism: Source #840014142 650$0: deleted duplicate entry
I, [2020-06-10T16:10:53.191365 #16036]  INFO -- : lab.rism: Source #840014143 650$0: deleted duplicate entry
I, [2020-06-10T16:10:53.260083 #16036]  INFO -- : lab.rism: Source #840014146 650$0: deleted duplicate entry
I, [2020-06-10T16:10:53.334143 #16036]  INFO -- : lab.rism: Source #840014147 650$0: deleted duplicate entry
I, [2020-06-10T16:10:53.431027 #16036]  INFO -- : lab.rism: Source #840014156 650$0: deleted duplicate entry
I, [2020-06-10T16:10:53.627022 #16036]  INFO -- : lab.rism: Source #840014160 650$0: deleted duplicate entry
I, [2020-06-10T16:10:53.693287 #16036]  INFO -- : lab.rism: Source #840014161 650$0: deleted duplicate entry
I, [2020-06-10T16:10:53.766461 #16036]  INFO -- : lab.rism: Source #840014162 650$0: deleted duplicate entry
I, [2020-06-10T16:10:53.829143 #16036]  INFO -- : lab.rism: Source #840014164 650$0: deleted duplicate entry
I, [2020-06-10T16:10:54.385814 #16036]  INFO -- : lab.rism: Source #840014276 650$0: deleted duplicate entry
I, [2020-06-10T16:10:54.485476 #16036]  INFO -- : lab.rism: Source #840014283 650$0: deleted duplicate entry
I, [2020-06-10T16:10:54.742882 #16036]  INFO -- : lab.rism: Source #840014295 650$0: deleted duplicate entry
I, [2020-06-10T16:10:54.809040 #16036]  INFO -- : lab.rism: Source #840014296 650$0: deleted duplicate entry
I, [2020-06-10T16:10:55.007172 #16036]  INFO -- : lab.rism: Source #840014297 650$0: deleted duplicate entry
I, [2020-06-10T16:10:55.125249 #16036]  INFO -- : lab.rism: Source #840014298 650$0: deleted duplicate entry
I, [2020-06-10T16:10:55.305533 #16036]  INFO -- : lab.rism: Source #840014321 650$0: deleted duplicate entry
I, [2020-06-10T16:10:55.732337 #16036]  INFO -- : lab.rism: Source #840014388 650$0: deleted duplicate entry
I, [2020-06-10T16:10:55.951277 #16036]  INFO -- : lab.rism: Source #840014425 650$0: deleted duplicate entry
I, [2020-06-10T16:10:56.449549 #16036]  INFO -- : lab.rism: Source #840014514 650$0: deleted duplicate entry
I, [2020-06-10T16:10:56.824692 #16036]  INFO -- : lab.rism: Source #840014555 650$0: deleted duplicate entry
I, [2020-06-10T16:10:57.004014 #16036]  INFO -- : lab.rism: Source #840014575 650$0: deleted duplicate entry
I, [2020-06-10T16:10:57.260324 #16036]  INFO -- : lab.rism: Source #840014590 650$0: deleted duplicate entry
I, [2020-06-10T16:10:57.868327 #16036]  INFO -- : lab.rism: Source #840014652 650$0: deleted duplicate entry
I, [2020-06-10T16:10:58.501054 #16036]  INFO -- : lab.rism: Source #840014719 650$0: deleted duplicate entry
I, [2020-06-10T16:10:58.743967 #16036]  INFO -- : lab.rism: Source #840014734 650$0: deleted duplicate entry
I, [2020-06-10T16:10:58.885397 #16036]  INFO -- : lab.rism: Source #840014746 650$0: deleted duplicate entry
I, [2020-06-10T16:10:59.308611 #16036]  INFO -- : lab.rism: Source #840014807 650$0: deleted duplicate entry
I, [2020-06-10T16:11:00.237176 #16036]  INFO -- : lab.rism: Source #840014938 650$0: deleted duplicate entry
I, [2020-06-10T16:11:00.313347 #16036]  INFO -- : lab.rism: Source #840014939 650$0: deleted duplicate entry
I, [2020-06-10T16:11:00.373362 #16036]  INFO -- : lab.rism: Source #840014940 650$0: deleted duplicate entry
I, [2020-06-10T16:11:00.428093 #16036]  INFO -- : lab.rism: Source #840014942 650$0: deleted duplicate entry
I, [2020-06-10T16:11:00.574271 #16036]  INFO -- : lab.rism: Source #840014943 650$0: deleted duplicate entry
I, [2020-06-10T16:11:00.651060 #16036]  INFO -- : lab.rism: Source #840014944 650$0: deleted duplicate entry
I, [2020-06-10T16:11:00.801892 #16036]  INFO -- : lab.rism: Source #840014960 650$0: deleted duplicate entry
I, [2020-06-10T16:11:00.856346 #16036]  INFO -- : lab.rism: Source #840014961 650$0: deleted duplicate entry
I, [2020-06-10T16:11:00.915955 #16036]  INFO -- : lab.rism: Source #840014962 650$0: deleted duplicate entry
I, [2020-06-10T16:11:01.073430 #16036]  INFO -- : lab.rism: Source #840014987 650$0: deleted duplicate entry
I, [2020-06-10T16:11:01.996608 #16036]  INFO -- : lab.rism: Source #840015122 650$0: deleted duplicate entry
I, [2020-06-10T16:11:02.521518 #16036]  INFO -- : lab.rism: Source #840015123 650$0: deleted duplicate entry
I, [2020-06-10T16:11:02.727419 #16036]  INFO -- : lab.rism: Source #840015125 650$0: deleted duplicate entry
I, [2020-06-10T16:11:02.831284 #16036]  INFO -- : lab.rism: Source #840015128 650$0: deleted duplicate entry
I, [2020-06-10T16:11:02.882071 #16036]  INFO -- : lab.rism: Source #840015129 650$0: deleted duplicate entry
I, [2020-06-10T16:11:02.940289 #16036]  INFO -- : lab.rism: Source #840015132 650$0: deleted duplicate entry
I, [2020-06-10T16:11:03.413058 #16036]  INFO -- : lab.rism: Source #840015249 650$0: deleted duplicate entry
I, [2020-06-10T16:11:03.888631 #16036]  INFO -- : lab.rism: Source #840015326 650$0: deleted duplicate entry
I, [2020-06-10T16:11:04.280822 #16036]  INFO -- : lab.rism: Source #840015421 650$0: deleted duplicate entry
I, [2020-06-10T16:11:05.186421 #16036]  INFO -- : lab.rism: Source #840015550 650$0: deleted duplicate entry
I, [2020-06-10T16:11:06.106851 #16036]  INFO -- : lab.rism: Source #840015664 650$0: deleted duplicate entry
I, [2020-06-10T16:11:06.976356 #16036]  INFO -- : lab.rism: Source #840015814 650$0: deleted duplicate entry
I, [2020-06-10T16:11:07.180054 #16036]  INFO -- : lab.rism: Source #840015823 650$0: deleted duplicate entry
I, [2020-06-10T16:11:07.533765 #16036]  INFO -- : lab.rism: Source #840015880 650$0: deleted duplicate entry
I, [2020-06-10T16:11:10.370487 #16036]  INFO -- : lab.rism: Source #840016203 650$0: deleted duplicate entry
I, [2020-06-10T16:11:11.028382 #16036]  INFO -- : lab.rism: Source #840016286 650$0: deleted duplicate entry
I, [2020-06-10T16:11:11.799426 #16036]  INFO -- : lab.rism: Source #840016417 650$0: deleted duplicate entry
I, [2020-06-10T16:11:12.987908 #16036]  INFO -- : lab.rism: Source #840016613 650$0: deleted duplicate entry
I, [2020-06-10T16:11:15.916718 #16036]  INFO -- : lab.rism: Source #840017144 650$0: deleted duplicate entry
I, [2020-06-10T16:11:19.310973 #16036]  INFO -- : lab.rism: Source #840017802 650$0: deleted duplicate entry
I, [2020-06-10T16:11:20.093385 #16036]  INFO -- : lab.rism: Source #840017924 650$0: deleted duplicate entry
I, [2020-06-10T16:11:20.417727 #16036]  INFO -- : lab.rism: Source #840017983 650$0: deleted duplicate entry
I, [2020-06-10T16:11:20.957033 #16036]  INFO -- : lab.rism: Source #840018032 650$0: deleted duplicate entry
I, [2020-06-10T16:11:21.038643 #16036]  INFO -- : lab.rism: Source #840018041 650$0: deleted duplicate entry
I, [2020-06-10T16:11:21.302286 #16036]  INFO -- : lab.rism: Source #840018065 650$0: deleted duplicate entry
I, [2020-06-10T16:11:21.527734 #16036]  INFO -- : lab.rism: Source #840018076 650$0: deleted duplicate entry
I, [2020-06-10T16:11:21.869609 #16036]  INFO -- : lab.rism: Source #840018099 650$0: deleted duplicate entry
I, [2020-06-10T16:11:22.175286 #16036]  INFO -- : lab.rism: Source #840018147 650$0: deleted duplicate entry
I, [2020-06-10T16:11:22.311585 #16036]  INFO -- : lab.rism: Source #840018148 650$0: deleted duplicate entry
I, [2020-06-10T16:11:22.516741 #16036]  INFO -- : lab.rism: Source #840018150 650$0: deleted duplicate entry
I, [2020-06-10T16:11:22.905026 #16036]  INFO -- : lab.rism: Source #840018151 650$0: deleted duplicate entry
I, [2020-06-10T16:11:23.258642 #16036]  INFO -- : lab.rism: Source #840018153 650$0: deleted duplicate entry
I, [2020-06-10T16:11:23.369857 #16036]  INFO -- : lab.rism: Source #840018154 650$0: deleted duplicate entry
I, [2020-06-10T16:11:24.519021 #16036]  INFO -- : lab.rism: Source #840018226 650$0: deleted duplicate entry
I, [2020-06-10T16:11:24.932012 #16036]  INFO -- : lab.rism: Source #840018247 650$0: deleted duplicate entry
I, [2020-06-10T16:11:25.111756 #16036]  INFO -- : lab.rism: Source #840018256 650$0: deleted duplicate entry
I, [2020-06-10T16:11:25.221428 #16036]  INFO -- : lab.rism: Source #840018259 650$0: deleted duplicate entry
I, [2020-06-10T16:11:25.293587 #16036]  INFO -- : lab.rism: Source #840018260 650$0: deleted duplicate entry
I, [2020-06-10T16:11:25.841179 #16036]  INFO -- : lab.rism: Source #840018318 650$0: deleted duplicate entry
I, [2020-06-10T16:11:25.989474 #16036]  INFO -- : lab.rism: Source #840018324 650$0: deleted duplicate entry
I, [2020-06-10T16:11:26.251445 #16036]  INFO -- : lab.rism: Source #840018353 650$0: deleted duplicate entry
I, [2020-06-10T16:11:26.393188 #16036]  INFO -- : lab.rism: Source #840018370 650$0: deleted duplicate entry
I, [2020-06-10T16:11:26.943752 #16036]  INFO -- : lab.rism: Source #840018413 650$0: deleted duplicate entry
I, [2020-06-10T16:11:27.339368 #16036]  INFO -- : lab.rism: Source #840018473 650$0: deleted duplicate entry
I, [2020-06-10T16:11:27.755174 #16036]  INFO -- : lab.rism: Source #840018494 650$0: deleted duplicate entry
I, [2020-06-10T16:11:28.850918 #16036]  INFO -- : lab.rism: Source #840018701 650$0: deleted duplicate entry
I, [2020-06-10T16:11:29.082245 #16036]  INFO -- : lab.rism: Source #840018702 650$0: deleted duplicate entry
I, [2020-06-10T16:11:29.358487 #16036]  INFO -- : lab.rism: Source #840018730 650$0: deleted duplicate entry
I, [2020-06-10T16:11:29.960798 #16036]  INFO -- : lab.rism: Source #840018788 650$0: deleted duplicate entry
I, [2020-06-10T16:11:30.345144 #16036]  INFO -- : lab.rism: Source #840018812 650$0: deleted duplicate entry
I, [2020-06-10T16:11:30.400071 #16036]  INFO -- : lab.rism: Source #840018814 650$0: deleted duplicate entry
I, [2020-06-10T16:11:30.458659 #16036]  INFO -- : lab.rism: Source #840018815 650$0: deleted duplicate entry
I, [2020-06-10T16:11:30.574518 #16036]  INFO -- : lab.rism: Source #840018816 650$0: deleted duplicate entry
I, [2020-06-10T16:11:30.649516 #16036]  INFO -- : lab.rism: Source #840018817 650$0: deleted duplicate entry
I, [2020-06-10T16:11:30.791628 #16036]  INFO -- : lab.rism: Source #840018839 650$0: deleted duplicate entry
I, [2020-06-10T16:11:30.886031 #16036]  INFO -- : lab.rism: Source #840018846 650$0: deleted duplicate entry
I, [2020-06-10T16:11:30.939215 #16036]  INFO -- : lab.rism: Source #840018847 650$0: deleted duplicate entry
I, [2020-06-10T16:11:30.988886 #16036]  INFO -- : lab.rism: Source #840018848 650$0: deleted duplicate entry
I, [2020-06-10T16:11:31.142958 #16036]  INFO -- : lab.rism: Source #840018852 650$0: deleted duplicate entry
I, [2020-06-10T16:11:31.199226 #16036]  INFO -- : lab.rism: Source #840018853 650$0: deleted duplicate entry
I, [2020-06-10T16:11:31.248299 #16036]  INFO -- : lab.rism: Source #840018854 650$0: deleted duplicate entry
I, [2020-06-10T16:11:31.422026 #16036]  INFO -- : lab.rism: Source #840018889 650$0: deleted duplicate entry
I, [2020-06-10T16:11:31.702328 #16036]  INFO -- : lab.rism: Source #840018897 650$0: deleted duplicate entry
I, [2020-06-10T16:11:31.765735 #16036]  INFO -- : lab.rism: Source #840018898 650$0: deleted duplicate entry
I, [2020-06-10T16:11:31.822996 #16036]  INFO -- : lab.rism: Source #840018899 650$0: deleted duplicate entry
I, [2020-06-10T16:11:31.880696 #16036]  INFO -- : lab.rism: Source #840018900 650$0: deleted duplicate entry
I, [2020-06-10T16:11:32.095242 #16036]  INFO -- : lab.rism: Source #840018938 650$0: deleted duplicate entry
I, [2020-06-10T16:11:32.473942 #16036]  INFO -- : lab.rism: Source #840018939 650$0: deleted duplicate entry
I, [2020-06-10T16:11:32.671682 #16036]  INFO -- : lab.rism: Source #840018962 650$0: deleted duplicate entry
I, [2020-06-10T16:11:32.770779 #16036]  INFO -- : lab.rism: Source #840018966 650$0: deleted duplicate entry
I, [2020-06-10T16:11:32.922640 #16036]  INFO -- : lab.rism: Source #840018981 650$0: deleted duplicate entry
I, [2020-06-10T16:11:33.089728 #16036]  INFO -- : lab.rism: Source #840018983 650$0: deleted duplicate entry
I, [2020-06-10T16:11:33.195730 #16036]  INFO -- : lab.rism: Source #840018984 650$0: deleted duplicate entry
I, [2020-06-10T16:11:33.304285 #16036]  INFO -- : lab.rism: Source #840018992 650$0: deleted duplicate entry
I, [2020-06-10T16:11:33.518575 #16036]  INFO -- : lab.rism: Source #840019027 650$0: deleted duplicate entry
