# Logfile created on 2021-07-14 12:23:03 +0200 by logger.rb/66358
I, [2021-07-14T12:23:03.973802 #31808]  INFO -- : lab.rism: Size of collection --> 72
I, [2021-07-14T12:23:04.518070 #31808]  INFO -- : lab.rism: Holding #990001582 new digitizalization with content 'https://hdl.handle.net/2027/wau.39352027329978'
I, [2021-07-14T12:23:05.124444 #31808]  INFO -- : lab.rism: Holding #990001617 new digitizalization with content 'https://hdl.handle.net/2027/wau.39352027251552'
I, [2021-07-14T12:23:05.222991 #31808]  INFO -- : lab.rism: Holding #990001621 new digitizalization with content 'https://hdl.handle.net/2027/wau.39352027251552'
I, [2021-07-14T12:23:05.366196 #31808]  INFO -- : lab.rism: Holding #990001747 new digitizalization with content 'https://hdl.handle.net/2027/wau.39352026303560'
I, [2021-07-14T12:23:05.542518 #31808]  INFO -- : lab.rism: Holding #990001809 new digitizalization with content 'http://cdm16786.contentdm.oclc.org/cdm/ref/collection/mm/id/30815'
I, [2021-07-14T12:23:05.578794 #31808]  INFO -- : lab.rism: Holding #990001858 new digitizalization with content 'https://hdl.handle.net/2027/wau.39352027329978'
I, [2021-07-14T12:23:05.616264 #31808]  INFO -- : lab.rism: Holding #990002255 new digitizalization with content 'https://hdl.handle.net/2027/wau.39352027329804'
I, [2021-07-14T12:23:05.653300 #31808]  INFO -- : lab.rism: Holding #990002326 new digitizalization with content 'https://hdl.handle.net/2027/wau.39352028104396'
I, [2021-07-14T12:23:05.686365 #31808]  INFO -- : lab.rism: Holding #990004647 new digitizalization with content 'https://hdl.handle.net/2027/wau.39352028104503'
I, [2021-07-14T12:23:05.738505 #31808]  INFO -- : lab.rism: Holding #990005027 new digitizalization with content 'http://cdm16786.contentdm.oclc.org/cdm/ref/collection/mm/id/34048'
I, [2021-07-14T12:23:05.781490 #31808]  INFO -- : lab.rism: Holding #990005730 new digitizalization with content 'http://cdm16786.contentdm.oclc.org/cdm/ref/collection/mm/id/30093'
I, [2021-07-14T12:23:05.826686 #31808]  INFO -- : lab.rism: Holding #990008490 new digitizalization with content 'http://cdm16786.contentdm.oclc.org/cdm/ref/collection/mm/id/1286'
I, [2021-07-14T12:23:05.917680 #31808]  INFO -- : lab.rism: Holding #990008505 new digitizalization with content 'http://cdm16786.contentdm.oclc.org/cdm/ref/collection/mm/id/56964'
I, [2021-07-14T12:23:05.950859 #31808]  INFO -- : lab.rism: Holding #990008950 new digitizalization with content 'https://hdl.handle.net/2027/wau.39352028104370'
I, [2021-07-14T12:23:05.983805 #31808]  INFO -- : lab.rism: Holding #990008953 new digitizalization with content 'https://hdl.handle.net/2027/wau.39352028104420'
I, [2021-07-14T12:23:06.045539 #31808]  INFO -- : lab.rism: Holding #990012464 new digitizalization with content 'http://cdm16786.contentdm.oclc.org/cdm/ref/collection/mm/id/47866'
I, [2021-07-14T12:23:06.147784 #31808]  INFO -- : lab.rism: Holding #990013262 new digitizalization with content 'http://cdm16786.contentdm.oclc.org/cdm/ref/collection/mm/id/46434'
I, [2021-07-14T12:23:06.184482 #31808]  INFO -- : lab.rism: Holding #990013700 new digitizalization with content 'http://cdm16786.contentdm.oclc.org/cdm/ref/collection/mm/id/50190'
I, [2021-07-14T12:23:06.234528 #31808]  INFO -- : lab.rism: Holding #990014020 new digitizalization with content 'http://cdm16786.contentdm.oclc.org/cdm/ref/collection/mm/id/47366'
I, [2021-07-14T12:23:06.275543 #31808]  INFO -- : lab.rism: Holding #990014331 new digitizalization with content 'https://hdl.handle.net/2027/wau.39352027234947'
I, [2021-07-14T12:23:06.375009 #31808]  INFO -- : lab.rism: Holding #990014400 new digitizalization with content 'https://hdl.handle.net/2027/wau.39352058957028'
I, [2021-07-14T12:23:06.516513 #31808]  INFO -- : lab.rism: Holding #990019436 new digitizalization with content 'http://cdm16786.contentdm.oclc.org/cdm/ref/collection/mm/id/47437'
I, [2021-07-14T12:23:06.640279 #31808]  INFO -- : lab.rism: Holding #990019858 new digitizalization with content 'http://cdm16786.contentdm.oclc.org/cdm/ref/collection/mm/id/52770'
I, [2021-07-14T12:23:06.689400 #31808]  INFO -- : lab.rism: Holding #990021772 new digitizalization with content 'http://cdm16786.contentdm.oclc.org/cdm/ref/collection/mm/id/53818'
I, [2021-07-14T12:23:06.756582 #31808]  INFO -- : lab.rism: Holding #990021870 new digitizalization with content 'https://cdm16786.contentdm.oclc.org/digital/collection/mm/id/62471'
I, [2021-07-14T12:23:06.787052 #31808]  INFO -- : lab.rism: Holding #990021871 new digitizalization with content 'http://cdm16786.contentdm.oclc.org/cdm/ref/collection/mm/id/54451'
I, [2021-07-14T12:23:06.817112 #31808]  INFO -- : lab.rism: Holding #990021969 new digitizalization with content 'http://cdm16786.contentdm.oclc.org/cdm/ref/collection/mm/id/54678'
I, [2021-07-14T12:23:06.852447 #31808]  INFO -- : lab.rism: Holding #990022996 new digitizalization with content 'http://cdm16786.contentdm.oclc.org/cdm/ref/collection/mm/id/35124'
I, [2021-07-14T12:23:06.878636 #31808]  INFO -- : lab.rism: Holding #990023029 new digitizalization with content 'http://cdm16786.contentdm.oclc.org/cdm/ref/collection/mm/id/51257'
I, [2021-07-14T12:23:06.903688 #31808]  INFO -- : lab.rism: Holding #990023041 new digitizalization with content 'http://cdm16786.contentdm.oclc.org/cdm/ref/collection/mm/id/51401'
I, [2021-07-14T12:23:06.928205 #31808]  INFO -- : lab.rism: Holding #990023062 new digitizalization with content 'http://cdm16786.contentdm.oclc.org/cdm/ref/collection/mm/id/35670'
I, [2021-07-14T12:23:06.953373 #31808]  INFO -- : lab.rism: Holding #990023117 new digitizalization with content 'https://cdm16786.contentdm.oclc.org/digital/collection/mm/id/36011'
I, [2021-07-14T12:23:06.978425 #31808]  INFO -- : lab.rism: Holding #990023132 new digitizalization with content 'http://cdm16786.contentdm.oclc.org/cdm/ref/collection/mm/id/36203'
I, [2021-07-14T12:23:07.066909 #31808]  INFO -- : lab.rism: Holding #990023151 new digitizalization with content 'https://cdm16786.contentdm.oclc.org/digital/collection/mm/id/36342'
I, [2021-07-14T12:23:07.122930 #31808]  INFO -- : lab.rism: Holding #990023164 new digitizalization with content 'http://cdm16786.contentdm.oclc.org/cdm/ref/collection/mm/id/55082'
I, [2021-07-14T12:23:07.181592 #31808]  INFO -- : lab.rism: Holding #990023174 new digitizalization with content 'http://cdm16786.contentdm.oclc.org/cdm/ref/collection/mm/id/36538'
I, [2021-07-14T12:23:07.211997 #31808]  INFO -- : lab.rism: Holding #990023220 new digitizalization with content 'https://cdm16786.contentdm.oclc.org/digital/collection/mm/id/36977'
I, [2021-07-14T12:23:07.242093 #31808]  INFO -- : lab.rism: Holding #990023250 new digitizalization with content 'http://cdm16786.contentdm.oclc.org/cdm/ref/collection/mm/id/37129'
I, [2021-07-14T12:23:07.270188 #31808]  INFO -- : lab.rism: Holding #990023303 new digitizalization with content 'http://cdm16786.contentdm.oclc.org/cdm/ref/collection/mm/id/48479'
I, [2021-07-14T12:23:07.295067 #31808]  INFO -- : lab.rism: Holding #990023323 new digitizalization with content 'http://cdm16786.contentdm.oclc.org/cdm/ref/collection/mm/id/55226'
I, [2021-07-14T12:23:07.433851 #31808]  INFO -- : lab.rism: Holding #990023344 new digitizalization with content 'http://cdm16786.contentdm.oclc.org/cdm/ref/collection/mm/id/55370'
I, [2021-07-14T12:23:07.476101 #31808]  INFO -- : lab.rism: Holding #990023365 new digitizalization with content 'http://cdm16786.contentdm.oclc.org/cdm/ref/collection/mm/id/37354'
I, [2021-07-14T12:23:07.526849 #31808]  INFO -- : lab.rism: Holding #990024709 new digitizalization with content 'https://hdl.handle.net/2027/wau.39352026424192'
I, [2021-07-14T12:23:07.578379 #31808]  INFO -- : lab.rism: Holding #990026453 new digitizalization with content 'http://cdm16786.contentdm.oclc.org/cdm/ref/collection/mm/id/37974'
I, [2021-07-14T12:23:07.647240 #31808]  INFO -- : lab.rism: Holding #990029360 new digitizalization with content 'https://hdl.handle.net/2027/wau.39352028104727'
I, [2021-07-14T12:23:07.704278 #31808]  INFO -- : lab.rism: Holding #990031535 new digitizalization with content 'http://cdm16786.contentdm.oclc.org/cdm/ref/collection/mm/id/25746'
I, [2021-07-14T12:23:07.747219 #31808]  INFO -- : lab.rism: Holding #990032348 new digitizalization with content 'http://cdm16786.contentdm.oclc.org/cdm/ref/collection/mm/id/40087'
I, [2021-07-14T12:23:07.784224 #31808]  INFO -- : lab.rism: Holding #990035995 new digitizalization with content 'http://cdm16786.contentdm.oclc.org/cdm/ref/collection/mm/id/40726'
I, [2021-07-14T12:23:07.820483 #31808]  INFO -- : lab.rism: Holding #990036275 new digitizalization with content 'http://cdm16786.contentdm.oclc.org/cdm/ref/collection/mm/id/40793'
I, [2021-07-14T12:23:07.950966 #31808]  INFO -- : lab.rism: Holding #990036306 new digitizalization with content 'https://cdm16786.contentdm.oclc.org/digital/collection/mm/id/40818'
I, [2021-07-14T12:23:08.007972 #31808]  INFO -- : lab.rism: Holding #990037648 new digitizalization with content 'http://cdm16786.contentdm.oclc.org/cdm/ref/collection/mm/id/41099'
I, [2021-07-14T12:23:08.068004 #31808]  INFO -- : lab.rism: Holding #990037663 new digitizalization with content 'http://cdm16786.contentdm.oclc.org/cdm/ref/collection/mm/id/41451'
I, [2021-07-14T12:23:08.109904 #31808]  INFO -- : lab.rism: Holding #990037869 new digitizalization with content 'http://cdm16786.contentdm.oclc.org/cdm/ref/collection/mm/id/42137'
I, [2021-07-14T12:23:08.170542 #31808]  INFO -- : lab.rism: Holding #990037901 new digitizalization with content 'http://cdm16786.contentdm.oclc.org/cdm/ref/collection/mm/id/42546'
I, [2021-07-14T12:23:08.333884 #31808]  INFO -- : lab.rism: Holding #990038115 new digitizalization with content 'https://hdl.handle.net/2027/wau.39352028104990'
I, [2021-07-14T12:23:08.551136 #31808]  INFO -- : lab.rism: Holding #990038122 new digitizalization with content 'https://hdl.handle.net/2027/wau.39352027315407'
I, [2021-07-14T12:23:08.594964 #31808]  INFO -- : lab.rism: Holding #990038593 new digitizalization with content 'https://cdm16786.contentdm.oclc.org/digital/collection/mm/id/42875'
I, [2021-07-14T12:23:08.629492 #31808]  INFO -- : lab.rism: Holding #990039053 new digitizalization with content 'https://cdm16786.contentdm.oclc.org/digital/collection/mm/id/42963'
I, [2021-07-14T12:23:08.667393 #31808]  INFO -- : lab.rism: Holding #990039770 new digitizalization with content 'http://cdm16786.contentdm.oclc.org/cdm/ref/collection/mm/id/43169'
I, [2021-07-14T12:23:08.704307 #31808]  INFO -- : lab.rism: Holding #990040448 new digitizalization with content 'http://cdm16786.contentdm.oclc.org/cdm/ref/collection/mm/id/43499'
I, [2021-07-14T12:23:08.739454 #31808]  INFO -- : lab.rism: Holding #990041470 new digitizalization with content 'http://cdm16786.contentdm.oclc.org/cdm/ref/collection/mm/id/47138'
I, [2021-07-14T12:23:08.771117 #31808]  INFO -- : lab.rism: Holding #990041664 new digitizalization with content 'http://cdm16786.contentdm.oclc.org/cdm/ref/collection/mm/id/45509'
I, [2021-07-14T12:23:08.801038 #31808]  INFO -- : lab.rism: Holding #990041719 new digitizalization with content 'http://cdm16786.contentdm.oclc.org/cdm/ref/collection/mm/id/56025'
I, [2021-07-14T12:23:08.828989 #31808]  INFO -- : lab.rism: Holding #990041840 new digitizalization with content 'http://cdm16786.contentdm.oclc.org/cdm/ref/collection/mm/id/45755'
I, [2021-07-14T12:23:08.925695 #31808]  INFO -- : lab.rism: Holding #990041859 new digitizalization with content 'http://cdm16786.contentdm.oclc.org/cdm/ref/collection/mm/id/45951'
I, [2021-07-14T12:23:08.974010 #31808]  INFO -- : lab.rism: Holding #990052377 new digitizalization with content 'https://hdl.handle.net/2027/wau.39352028106557'
I, [2021-07-14T12:23:09.121331 #31808]  INFO -- : lab.rism: Holding #990053211 new digitizalization with content 'http://cdm16786.contentdm.oclc.org/cdm/ref/collection/mm/id/30701'
I, [2021-07-14T12:23:09.271587 #31808]  INFO -- : lab.rism: Holding #990053550 new digitizalization with content 'https://hdl.handle.net/2027/wau.39352027296862'
I, [2021-07-14T12:23:09.326088 #31808]  INFO -- : lab.rism: Holding #990053559 new digitizalization with content 'https://hdl.handle.net/2027/wau.39352028105831'
I, [2021-07-14T12:23:09.568714 #31808]  INFO -- : lab.rism: Holding #990053592 new digitizalization with content 'https://hdl.handle.net/2027/wau.39352027254523'
I, [2021-07-14T12:23:09.632511 #31808]  INFO -- : lab.rism: Holding #991015744 new digitizalization with content 'http://cdm16786.contentdm.oclc.org/cdm/ref/collection/mm/id/59212'
I, [2021-07-14T12:23:09.752434 #31808]  INFO -- : lab.rism: Holding #991015820 new digitizalization with content 'http://cdm16786.contentdm.oclc.org/cdm/ref/collection/mm/id/59606'
