# Logfile created on 2023-09-25 09:32:42 +0200 by logger.rb/v1.4.2
I, [2023-09-25T09:32:42.277262 #18645]  INFO -- : lab.rism: Size of collection --> 34419
I, [2023-09-25T09:33:36.976803 #18645]  INFO -- : lab.rism: Source #400110803: =596  ##$aA/I$bD 3282
 ==> =596  ##$aA/I$bD 3282

I, [2023-09-25T09:33:38.033839 #18645]  INFO -- : lab.rism: Source #400253532: =596  ##$aA/I$bR 1521
 ==> =596  ##$aA/I$bR 1521

I, [2023-09-25T09:33:38.438691 #18645]  INFO -- : lab.rism: Source #400253533: =596  ##$aA/I$bR 1521
 ==> =596  ##$aA/I$bR 1521

I, [2023-09-25T09:33:38.720631 #18645]  INFO -- : lab.rism: Source #400253534: =596  ##$aA/I$bR 1521
 ==> =596  ##$aA/I$bR 1521

I, [2023-09-25T09:33:38.838469 #18645]  INFO -- : lab.rism: Source #400253535: =596  ##$aA/I$bR 1521
 ==> =596  ##$aA/I$bR 1521

I, [2023-09-25T09:33:38.969599 #18645]  INFO -- : lab.rism: Source #400253536: =596  ##$aA/I$bR 1521
 ==> =596  ##$aA/I$bR 1521

I, [2023-09-25T09:33:39.108739 #18645]  INFO -- : lab.rism: Source #400253537: =596  ##$aA/I$bR 1521
 ==> =596  ##$aA/I$bR 1521

I, [2023-09-25T09:33:39.263932 #18645]  INFO -- : lab.rism: Source #406002169: =596  ##$aA/I$bS 4401
 ==> =596  ##$aA/I$bS 4401

I, [2023-09-25T09:33:39.726080 #18645]  INFO -- : lab.rism: Source #406002170: =596  ##$aA/I$bS 4401
 ==> =596  ##$aA/I$bS 4401

I, [2023-09-25T09:33:39.877278 #18645]  INFO -- : lab.rism: Source #406002171: =596  ##$aA/I$bS 4401
 ==> =596  ##$aA/I$bS 4401

I, [2023-09-25T09:33:40.002946 #18645]  INFO -- : lab.rism: Source #406002172: =596  ##$aA/I$bS 4401
 ==> =596  ##$aA/I$bS 4401

I, [2023-09-25T09:33:40.120694 #18645]  INFO -- : lab.rism: Source #406002173: =596  ##$aA/I$bS 4401
 ==> =596  ##$aA/I$bS 4401

I, [2023-09-25T09:33:40.256907 #18645]  INFO -- : lab.rism: Source #406002174: =596  ##$aA/I$bS 4401
 ==> =596  ##$aA/I$bS 4401

I, [2023-09-25T09:33:40.588931 #18645]  INFO -- : lab.rism: Source #406002176: =596  ##$aA/I$bS 4345
 ==> =596  ##$aA/I$bS 4345

I, [2023-09-25T09:33:40.777513 #18645]  INFO -- : lab.rism: Source #406002177: =596  ##$aA/I$bS 4345
 ==> =596  ##$aA/I$bS 4345

I, [2023-09-25T09:33:40.903897 #18645]  INFO -- : lab.rism: Source #406002178: =596  ##$aA/I$bS 4345
 ==> =596  ##$aA/I$bS 4345

I, [2023-09-25T09:33:41.029326 #18645]  INFO -- : lab.rism: Source #406002179: =596  ##$aA/I$bS 4345
 ==> =596  ##$aA/I$bS 4345

I, [2023-09-25T09:33:41.241565 #18645]  INFO -- : lab.rism: Source #406002180: =596  ##$aA/I$bS 4345
 ==> =596  ##$aA/I$bS 4345

I, [2023-09-25T09:33:41.386323 #18645]  INFO -- : lab.rism: Source #406002181: =596  ##$aA/I$bS 4345
 ==> =596  ##$aA/I$bS 4345

I, [2023-09-25T09:33:41.643570 #18645]  INFO -- : lab.rism: Source #406002185: =596  ##$aA/I$bB 2138
 ==> =596  ##$aA/I$bB 2138

I, [2023-09-25T09:33:41.912275 #18645]  INFO -- : lab.rism: Source #406002186: =596  ##$aA/I$bB 2138
 ==> =596  ##$aA/I$bB 2138

I, [2023-09-25T09:33:42.077708 #18645]  INFO -- : lab.rism: Source #406002187: =596  ##$aA/I$bB 2138
 ==> =596  ##$aA/I$bB 2138

I, [2023-09-25T09:33:42.226838 #18645]  INFO -- : lab.rism: Source #406002188: =596  ##$aA/I$bB 2138
 ==> =596  ##$aA/I$bB 2138

I, [2023-09-25T09:33:42.367876 #18645]  INFO -- : lab.rism: Source #406002189: =596  ##$aA/I$bB 2138
 ==> =596  ##$aA/I$bB 2138

I, [2023-09-25T09:33:42.562552 #18645]  INFO -- : lab.rism: Source #406002190: =596  ##$aA/I$bB 2138
 ==> =596  ##$aA/I$bB 2138

I, [2023-09-25T09:33:42.745209 #18645]  INFO -- : lab.rism: Source #406002192: =596  ##$aA/I$bB 3175; BB 3175
 ==> =596  ##$aA/I$bB 3175; BB 3175

I, [2023-09-25T09:33:42.954433 #18645]  INFO -- : lab.rism: Source #406002193: =596  ##$aA/I$bB 3175; BB 3175
 ==> =596  ##$aA/I$bB 3175; BB 3175

I, [2023-09-25T09:33:43.189182 #18645]  INFO -- : lab.rism: Source #406002194: =596  ##$aA/I$bB 3175; BB 3175
 ==> =596  ##$aA/I$bB 3175; BB 3175

I, [2023-09-25T09:33:43.429413 #18645]  INFO -- : lab.rism: Source #406002195: =596  ##$aA/I$bB 3175; BB 3175
 ==> =596  ##$aA/I$bB 3175; BB 3175

I, [2023-09-25T09:33:43.715623 #18645]  INFO -- : lab.rism: Source #406002196: =596  ##$aA/I$bB 3175; BB 3175
 ==> =596  ##$aA/I$bB 3175; BB 3175

I, [2023-09-25T09:33:43.910637 #18645]  INFO -- : lab.rism: Source #406002197: =596  ##$aA/I$bB 3175; BB 3175
 ==> =596  ##$aA/I$bB 3175; BB 3175

I, [2023-09-25T09:33:44.149231 #18645]  INFO -- : lab.rism: Source #406002199: =596  ##$aA/I$bC 961; CC 961
 ==> =596  ##$aA/I$bC 961; CC 961

I, [2023-09-25T09:33:44.573533 #18645]  INFO -- : lab.rism: Source #406002200: =596  ##$aA/I$bC 961; CC 961
 ==> =596  ##$aA/I$bC 961; CC 961

I, [2023-09-25T09:33:44.758687 #18645]  INFO -- : lab.rism: Source #406002201: =596  ##$aA/I$bC 961; CC 961
 ==> =596  ##$aA/I$bC 961; CC 961

I, [2023-09-25T09:33:44.902844 #18645]  INFO -- : lab.rism: Source #406002202: =596  ##$aA/I$bC 961; CC 961
 ==> =596  ##$aA/I$bC 961; CC 961

I, [2023-09-25T09:33:45.042697 #18645]  INFO -- : lab.rism: Source #406002203: =596  ##$aA/I$bC 961; CC 961
 ==> =596  ##$aA/I$bC 961; CC 961

I, [2023-09-25T09:33:45.235131 #18645]  INFO -- : lab.rism: Source #406002204: =596  ##$aA/I$bC 961; CC 961
 ==> =596  ##$aA/I$bC 961; CC 961

I, [2023-09-25T09:33:45.478749 #18645]  INFO -- : lab.rism: Source #406002206: =596  ##$aA/I$bF 624
 ==> =596  ##$aA/I$bF 624

I, [2023-09-25T09:33:45.695575 #18645]  INFO -- : lab.rism: Source #406002207: =596  ##$aA/I$bF 624
 ==> =596  ##$aA/I$bF 624

I, [2023-09-25T09:33:45.861540 #18645]  INFO -- : lab.rism: Source #406002208: =596  ##$aA/I$bF 624
 ==> =596  ##$aA/I$bF 624

I, [2023-09-25T09:33:46.053563 #18645]  INFO -- : lab.rism: Source #406002209: =596  ##$aA/I$bF 624
 ==> =596  ##$aA/I$bF 624

I, [2023-09-25T09:33:46.272109 #18645]  INFO -- : lab.rism: Source #406002210: =596  ##$aA/I$bF 624
 ==> =596  ##$aA/I$bF 624

I, [2023-09-25T09:33:46.512574 #18645]  INFO -- : lab.rism: Source #406002211: =596  ##$aA/I$bF 624
 ==> =596  ##$aA/I$bF 624

I, [2023-09-25T09:33:46.631278 #18645]  INFO -- : lab.rism: Source #406002213: =596  ##$aA/I$bF 892
 ==> =596  ##$aA/I$bF 892

I, [2023-09-25T09:33:46.793755 #18645]  INFO -- : lab.rism: Source #406002214: =596  ##$aA/I$bF 892
 ==> =596  ##$aA/I$bF 892

I, [2023-09-25T09:33:46.998370 #18645]  INFO -- : lab.rism: Source #406002215: =596  ##$aA/I$bF 892
 ==> =596  ##$aA/I$bF 892

I, [2023-09-25T09:33:47.257848 #18645]  INFO -- : lab.rism: Source #406002216: =596  ##$aA/I$bF 892
 ==> =596  ##$aA/I$bF 892

I, [2023-09-25T09:33:47.539977 #18645]  INFO -- : lab.rism: Source #406002217: =596  ##$aA/I$bF 892
 ==> =596  ##$aA/I$bF 892

I, [2023-09-25T09:33:47.811006 #18645]  INFO -- : lab.rism: Source #406002218: =596  ##$aA/I$bF 892
 ==> =596  ##$aA/I$bF 892

I, [2023-09-25T09:33:47.929813 #18645]  INFO -- : lab.rism: Source #406002220: =596  ##$aA/I$bF 1335
 ==> =596  ##$aA/I$bF 1335

I, [2023-09-25T09:33:48.149811 #18645]  INFO -- : lab.rism: Source #406002221: =596  ##$aA/I$bF 1335
 ==> =596  ##$aA/I$bF 1335

I, [2023-09-25T09:33:48.346491 #18645]  INFO -- : lab.rism: Source #406002222: =596  ##$aA/I$bF 1335
 ==> =596  ##$aA/I$bF 1335

I, [2023-09-25T09:33:48.582999 #18645]  INFO -- : lab.rism: Source #406002223: =596  ##$aA/I$bF 1335
 ==> =596  ##$aA/I$bF 1335

I, [2023-09-25T09:33:48.706062 #18645]  INFO -- : lab.rism: Source #406002224: =596  ##$aA/I$bF 1335
 ==> =596  ##$aA/I$bF 1335

I, [2023-09-25T09:33:48.826511 #18645]  INFO -- : lab.rism: Source #406002225: =596  ##$aA/I$bF 1335
 ==> =596  ##$aA/I$bF 1335

I, [2023-09-25T09:33:48.952129 #18645]  INFO -- : lab.rism: Source #406002227: =596  ##$aA/I$bG 1976
 ==> =596  ##$aA/I$bG 1976

I, [2023-09-25T09:33:49.276770 #18645]  INFO -- : lab.rism: Source #406002228: =596  ##$aA/I$bG 1976
 ==> =596  ##$aA/I$bG 1976

I, [2023-09-25T09:33:49.617093 #18645]  INFO -- : lab.rism: Source #406002229: =596  ##$aA/I$bG 1976
 ==> =596  ##$aA/I$bG 1976

I, [2023-09-25T09:33:49.768059 #18645]  INFO -- : lab.rism: Source #406002230: =596  ##$aA/I$bG 1976
 ==> =596  ##$aA/I$bG 1976

I, [2023-09-25T09:33:49.963065 #18645]  INFO -- : lab.rism: Source #406002231: =596  ##$aA/I$bG 1976
 ==> =596  ##$aA/I$bG 1976

I, [2023-09-25T09:33:50.136718 #18645]  INFO -- : lab.rism: Source #406002232: =596  ##$aA/I$bG 1976
 ==> =596  ##$aA/I$bG 1976

I, [2023-09-25T09:33:50.379137 #18645]  INFO -- : lab.rism: Source #406002236: =596  ##$aA/I$bH 3298; HH 3298
 ==> =596  ##$aA/I$bH 3298; HH 3298

I, [2023-09-25T09:33:50.761169 #18645]  INFO -- : lab.rism: Source #406002237: =596  ##$aA/I$bH 3298; HH 3298
 ==> =596  ##$aA/I$bH 3298; HH 3298

I, [2023-09-25T09:33:51.013335 #18645]  INFO -- : lab.rism: Source #406002238: =596  ##$aA/I$bH 3298; HH 3298
 ==> =596  ##$aA/I$bH 3298; HH 3298

I, [2023-09-25T09:33:51.311514 #18645]  INFO -- : lab.rism: Source #406002239: =596  ##$aA/I$bH 3298; HH 3298
 ==> =596  ##$aA/I$bH 3298; HH 3298

I, [2023-09-25T09:33:51.563715 #18645]  INFO -- : lab.rism: Source #406002241: =596  ##$aA/I$bH 3503; HH 3503
 ==> =596  ##$aA/I$bH 3503; HH 3503

I, [2023-09-25T09:33:51.925588 #18645]  INFO -- : lab.rism: Source #406002242: =596  ##$aA/I$bH 3503; HH 3503
 ==> =596  ##$aA/I$bH 3503; HH 3503

I, [2023-09-25T09:33:52.185493 #18645]  INFO -- : lab.rism: Source #406002243: =596  ##$aA/I$bH 3503; HH 3503
 ==> =596  ##$aA/I$bH 3503; HH 3503

I, [2023-09-25T09:33:52.475876 #18645]  INFO -- : lab.rism: Source #406002244: =596  ##$aA/I$bH 3503; HH 3503
 ==> =596  ##$aA/I$bH 3503; HH 3503

I, [2023-09-25T09:33:52.664079 #18645]  INFO -- : lab.rism: Source #406002245: =596  ##$aA/I$bH 3503; HH 3503
 ==> =596  ##$aA/I$bH 3503; HH 3503

I, [2023-09-25T09:33:52.905268 #18645]  INFO -- : lab.rism: Source #406002246: =596  ##$aA/I$bH 3503; HH 3503
 ==> =596  ##$aA/I$bH 3503; HH 3503

I, [2023-09-25T09:33:53.200723 #18645]  INFO -- : lab.rism: Source #406002247: =596  ##$aA/I$bH 3503; HH 3503
 ==> =596  ##$aA/I$bH 3503; HH 3503

I, [2023-09-25T09:33:53.487849 #18645]  INFO -- : lab.rism: Source #406002248: =596  ##$aA/I$bH 3503; HH 3503
 ==> =596  ##$aA/I$bH 3503; HH 3503

I, [2023-09-25T09:33:53.750489 #18645]  INFO -- : lab.rism: Source #406002249: =596  ##$aA/I$bH 3503; HH 3503
 ==> =596  ##$aA/I$bH 3503; HH 3503

I, [2023-09-25T09:33:54.121857 #18645]  INFO -- : lab.rism: Source #406002254: =596  ##$aA/I$bH 3298; HH 3298
 ==> =596  ##$aA/I$bH 3298; HH 3298

I, [2023-09-25T09:33:54.566012 #18645]  INFO -- : lab.rism: Source #406002255: =596  ##$aA/I$bH 3298; HH 3298
 ==> =596  ##$aA/I$bH 3298; HH 3298

I, [2023-09-25T09:33:54.817167 #18645]  INFO -- : lab.rism: Source #406002256: =596  ##$aA/I$bH 3298; HH 3298
 ==> =596  ##$aA/I$bH 3298; HH 3298

I, [2023-09-25T09:33:55.092236 #18645]  INFO -- : lab.rism: Source #406002257: =596  ##$aA/I$bH 3298; HH 3298
 ==> =596  ##$aA/I$bH 3298; HH 3298

I, [2023-09-25T09:33:55.317825 #18645]  INFO -- : lab.rism: Source #406002258: =596  ##$aA/I$bH 3298; HH 3298
 ==> =596  ##$aA/I$bH 3298; HH 3298

I, [2023-09-25T09:33:55.547752 #18645]  INFO -- : lab.rism: Source #406002260: =596  ##$aA/I$bK 101
 ==> =596  ##$aA/I$bK 101

I, [2023-09-25T09:33:55.791602 #18645]  INFO -- : lab.rism: Source #406002261: =596  ##$aA/I$bK 101
 ==> =596  ##$aA/I$bK 101

I, [2023-09-25T09:33:55.998086 #18645]  INFO -- : lab.rism: Source #406002262: =596  ##$aA/I$bK 101
 ==> =596  ##$aA/I$bK 101

I, [2023-09-25T09:33:56.148496 #18645]  INFO -- : lab.rism: Source #406002263: =596  ##$aA/I$bK 101
 ==> =596  ##$aA/I$bK 101

I, [2023-09-25T09:33:56.360126 #18645]  INFO -- : lab.rism: Source #406002264: =596  ##$aA/I$bK 101
 ==> =596  ##$aA/I$bK 101

I, [2023-09-25T09:33:56.547985 #18645]  INFO -- : lab.rism: Source #406002265: =596  ##$aA/I$bK 101
 ==> =596  ##$aA/I$bK 101

I, [2023-09-25T09:33:56.694088 #18645]  INFO -- : lab.rism: Source #406002271: =596  ##$aA/I$bM 6416
 ==> =596  ##$aA/I$bM 6416

I, [2023-09-25T09:33:56.904937 #18645]  INFO -- : lab.rism: Source #406002272: =596  ##$aA/I$bM 6416
 ==> =596  ##$aA/I$bM 6416

I, [2023-09-25T09:33:57.224509 #18645]  INFO -- : lab.rism: Source #406002274: =596  ##$aA/I$bN 471
 ==> =596  ##$aA/I$bN 471

I, [2023-09-25T09:33:57.491233 #18645]  INFO -- : lab.rism: Source #406002275: =596  ##$aA/I$bN 471
 ==> =596  ##$aA/I$bN 471

I, [2023-09-25T09:33:57.641142 #18645]  INFO -- : lab.rism: Source #406002276: =596  ##$aA/I$bN 471
 ==> =596  ##$aA/I$bN 471

I, [2023-09-25T09:33:57.875306 #18645]  INFO -- : lab.rism: Source #406002300: =596  ##$aA/I$bP 3300; PP 3300
 ==> =596  ##$aA/I$bP 3300; PP 3300

I, [2023-09-25T09:33:58.116468 #18645]  INFO -- : lab.rism: Source #406002302: =596  ##$aA/I$bP 3300; PP 3300
 ==> =596  ##$aA/I$bP 3300; PP 3300

I, [2023-09-25T09:33:58.261691 #18645]  INFO -- : lab.rism: Source #406002303: =596  ##$aA/I$bP 3300; PP 3300
 ==> =596  ##$aA/I$bP 3300; PP 3300

I, [2023-09-25T09:33:58.503362 #18645]  INFO -- : lab.rism: Source #406002304: =596  ##$aA/I$bP 3300; PP 3300
 ==> =596  ##$aA/I$bP 3300; PP 3300

I, [2023-09-25T09:33:58.655156 #18645]  INFO -- : lab.rism: Source #406002305: =596  ##$aA/I$bP 3300; PP 3300
 ==> =596  ##$aA/I$bP 3300; PP 3300

I, [2023-09-25T09:33:58.987849 #18645]  INFO -- : lab.rism: Source #406002307: =596  ##$aA/I$bP 3336
 ==> =596  ##$aA/I$bP 3336

I, [2023-09-25T09:33:59.239107 #18645]  INFO -- : lab.rism: Source #406002308: =596  ##$aA/I$bP 3336
 ==> =596  ##$aA/I$bP 3336

I, [2023-09-25T09:33:59.423258 #18645]  INFO -- : lab.rism: Source #406002309: =596  ##$aA/I$bP 3336
 ==> =596  ##$aA/I$bP 3336

I, [2023-09-25T09:33:59.578276 #18645]  INFO -- : lab.rism: Source #406002322: =596  ##$aA/I$bP 3519; PP 3519
 ==> =596  ##$aA/I$bP 3519; PP 3519

I, [2023-09-25T09:33:59.781163 #18645]  INFO -- : lab.rism: Source #406002323: =596  ##$aA/I$bP 3519; PP 3519
 ==> =596  ##$aA/I$bP 3519; PP 3519

I, [2023-09-25T09:33:59.948457 #18645]  INFO -- : lab.rism: Source #406002324: =596  ##$aA/I$bP 3519; PP 3519
 ==> =596  ##$aA/I$bP 3519; PP 3519

I, [2023-09-25T09:34:00.171046 #18645]  INFO -- : lab.rism: Source #406002325: =596  ##$aA/I$bP 3519; PP 3519
 ==> =596  ##$aA/I$bP 3519; PP 3519

I, [2023-09-25T09:34:00.375697 #18645]  INFO -- : lab.rism: Source #406002326: =596  ##$aA/I$bP 3519; PP 3519
 ==> =596  ##$aA/I$bP 3519; PP 3519

I, [2023-09-25T09:34:00.604478 #18645]  INFO -- : lab.rism: Source #406002327: =596  ##$aA/I$bP 3519; PP 3519
 ==> =596  ##$aA/I$bP 3519; PP 3519

I, [2023-09-25T09:34:00.851922 #18645]  INFO -- : lab.rism: Source #406002330: =596  ##$aA/I$bR 73
 ==> =596  ##$aA/I$bR 73

I, [2023-09-25T09:34:01.124947 #18645]  INFO -- : lab.rism: Source #406002331: =596  ##$aA/I$bR 73
 ==> =596  ##$aA/I$bR 73

I, [2023-09-25T09:34:01.299845 #18645]  INFO -- : lab.rism: Source #406002332: =596  ##$aA/I$bR 73
 ==> =596  ##$aA/I$bR 73

I, [2023-09-25T09:34:01.653527 #18645]  INFO -- : lab.rism: Source #406002333: =596  ##$aA/I$bR 73
 ==> =596  ##$aA/I$bR 73

I, [2023-09-25T09:34:01.873805 #18645]  INFO -- : lab.rism: Source #406002334: =596  ##$aA/I$bR 73
 ==> =596  ##$aA/I$bR 73

I, [2023-09-25T09:34:02.221375 #18645]  INFO -- : lab.rism: Source #406002338: =596  ##$aA/I$bS 2154
 ==> =596  ##$aA/I$bS 2154

I, [2023-09-25T09:34:02.570976 #18645]  INFO -- : lab.rism: Source #406002339: =596  ##$aA/I$bS 2154
 ==> =596  ##$aA/I$bS 2154

I, [2023-09-25T09:34:02.789708 #18645]  INFO -- : lab.rism: Source #406002340: =596  ##$aA/I$bS 2154
 ==> =596  ##$aA/I$bS 2154

I, [2023-09-25T09:34:02.928044 #18645]  INFO -- : lab.rism: Source #406002341: =596  ##$aA/I$bS 2154
 ==> =596  ##$aA/I$bS 2154

I, [2023-09-25T09:34:03.107895 #18645]  INFO -- : lab.rism: Source #406002342: =596  ##$aA/I$bS 2154
 ==> =596  ##$aA/I$bS 2154

I, [2023-09-25T09:34:03.356854 #18645]  INFO -- : lab.rism: Source #406002343: =596  ##$aA/I$bS 2154
 ==> =596  ##$aA/I$bS 2154

I, [2023-09-25T09:34:03.596259 #18645]  INFO -- : lab.rism: Source #406002346: =596  ##$aA/I$bT 810; TT 810
 ==> =596  ##$aA/I$bT 810; TT 810

I, [2023-09-25T09:34:03.807270 #18645]  INFO -- : lab.rism: Source #406002347: =596  ##$aA/I$bT 810; TT 810
 ==> =596  ##$aA/I$bT 810; TT 810

I, [2023-09-25T09:34:04.005471 #18645]  INFO -- : lab.rism: Source #406002348: =596  ##$aA/I$bT 810; TT 810
 ==> =596  ##$aA/I$bT 810; TT 810

I, [2023-09-25T09:34:04.138967 #18645]  INFO -- : lab.rism: Source #406002349: =596  ##$aA/I$bT 810; TT 810
 ==> =596  ##$aA/I$bT 810; TT 810

I, [2023-09-25T09:34:04.321840 #18645]  INFO -- : lab.rism: Source #406002350: =596  ##$aA/I$bT 810; TT 810
 ==> =596  ##$aA/I$bT 810; TT 810

I, [2023-09-25T09:34:04.630903 #18645]  INFO -- : lab.rism: Source #406002351: =596  ##$aA/I$bT 810; TT 810
 ==> =596  ##$aA/I$bT 810; TT 810

I, [2023-09-25T09:34:04.826633 #18645]  INFO -- : lab.rism: Source #406002353: =596  ##$aA/I$bW 2085; WW 2085
 ==> =596  ##$aA/I$bW 2085; WW 2085

I, [2023-09-25T09:34:04.991019 #18645]  INFO -- : lab.rism: Source #406002354: =596  ##$aA/I$bW 2085; WW 2085
 ==> =596  ##$aA/I$bW 2085; WW 2085

I, [2023-09-25T09:34:05.226636 #18645]  INFO -- : lab.rism: Source #406002355: =596  ##$aA/I$bW 2085; WW 2085
 ==> =596  ##$aA/I$bW 2085; WW 2085

I, [2023-09-25T09:34:05.427193 #18645]  INFO -- : lab.rism: Source #406002365: =596  ##$aA/I$bC 3835
 ==> =596  ##$aA/I$bC 3835

I, [2023-09-25T09:34:05.755670 #18645]  INFO -- : lab.rism: Source #406002366: =596  ##$aA/I$bC 3835
 ==> =596  ##$aA/I$bC 3835

I, [2023-09-25T09:34:05.956749 #18645]  INFO -- : lab.rism: Source #406002367: =596  ##$aA/I$bC 3835
 ==> =596  ##$aA/I$bC 3835

I, [2023-09-25T09:34:06.106693 #18645]  INFO -- : lab.rism: Source #406002368: =596  ##$aA/I$bC 3835
 ==> =596  ##$aA/I$bC 3835

I, [2023-09-25T09:34:06.306644 #18645]  INFO -- : lab.rism: Source #406002369: =596  ##$aA/I$bC 3835
 ==> =596  ##$aA/I$bC 3835

I, [2023-09-25T09:34:06.538311 #18645]  INFO -- : lab.rism: Source #406002370: =596  ##$aA/I$bC 3835
 ==> =596  ##$aA/I$bC 3835

I, [2023-09-25T09:34:06.698573 #18645]  INFO -- : lab.rism: Source #406002371: =596  ##$aA/I$bC 3835
 ==> =596  ##$aA/I$bC 3835

I, [2023-09-25T09:34:06.882322 #18645]  INFO -- : lab.rism: Source #406002372: =596  ##$aA/I$bC 3835
 ==> =596  ##$aA/I$bC 3835

I, [2023-09-25T09:34:07.159613 #18645]  INFO -- : lab.rism: Source #406002373: =596  ##$aA/I$bC 3835
 ==> =596  ##$aA/I$bC 3835

I, [2023-09-25T09:34:07.305289 #18645]  INFO -- : lab.rism: Source #406002374: =596  ##$aA/I$bC 3835
 ==> =596  ##$aA/I$bC 3835

I, [2023-09-25T09:34:07.563790 #18645]  INFO -- : lab.rism: Source #406002375: =596  ##$aA/I$bC 3835
 ==> =596  ##$aA/I$bC 3835

I, [2023-09-25T09:34:07.796518 #18645]  INFO -- : lab.rism: Source #406002376: =596  ##$aA/I$bC 3835
 ==> =596  ##$aA/I$bC 3835

I, [2023-09-25T09:34:07.937963 #18645]  INFO -- : lab.rism: Source #406002378: =596  ##$aA/I$bW 2104; WW 2104
 ==> =596  ##$aA/I$bW 2104; WW 2104

I, [2023-09-25T09:34:08.256685 #18645]  INFO -- : lab.rism: Source #406002379: =596  ##$aA/I$bW 2104; WW 2104
 ==> =596  ##$aA/I$bW 2104; WW 2104

I, [2023-09-25T09:34:08.587379 #18645]  INFO -- : lab.rism: Source #406002380: =596  ##$aA/I$bW 2104; WW 2104
 ==> =596  ##$aA/I$bW 2104; WW 2104

I, [2023-09-25T09:34:08.794698 #18645]  INFO -- : lab.rism: Source #406002407: =596  ##$aA/I$bB 138; BB 138
 ==> =596  ##$aA/I$bB 138; BB 138

I, [2023-09-25T09:34:09.201359 #18645]  INFO -- : lab.rism: Source #406002408: =596  ##$aA/I$bB 138; BB 138
 ==> =596  ##$aA/I$bB 138; BB 138

I, [2023-09-25T09:34:09.554515 #18645]  INFO -- : lab.rism: Source #406002409: =596  ##$aA/I$bB 138; BB 138
 ==> =596  ##$aA/I$bB 138; BB 138

I, [2023-09-25T09:34:09.968739 #18645]  INFO -- : lab.rism: Source #406002410: =596  ##$aA/I$bB 138; BB 138
 ==> =596  ##$aA/I$bB 138; BB 138

I, [2023-09-25T09:34:10.238545 #18645]  INFO -- : lab.rism: Source #406002411: =596  ##$aA/I$bB 138; BB 138
 ==> =596  ##$aA/I$bB 138; BB 138

I, [2023-09-25T09:34:10.539546 #18645]  INFO -- : lab.rism: Source #406002412: =596  ##$aA/I$bB 138; BB 138
 ==> =596  ##$aA/I$bB 138; BB 138

I, [2023-09-25T09:34:10.886981 #18645]  INFO -- : lab.rism: Source #406002413: =596  ##$aA/I$bB 138; BB 138
 ==> =596  ##$aA/I$bB 138; BB 138

I, [2023-09-25T09:34:11.104728 #18645]  INFO -- : lab.rism: Source #406002414: =596  ##$aA/I$bB 138; BB 138
 ==> =596  ##$aA/I$bB 138; BB 138

I, [2023-09-25T09:34:11.300387 #18645]  INFO -- : lab.rism: Source #406002415: =596  ##$aA/I$bB 138; BB 138
 ==> =596  ##$aA/I$bB 138; BB 138

I, [2023-09-25T09:34:11.623549 #18645]  INFO -- : lab.rism: Source #406002416: =596  ##$aA/I$bB 138; BB 138
 ==> =596  ##$aA/I$bB 138; BB 138

I, [2023-09-25T09:34:11.808328 #18645]  INFO -- : lab.rism: Source #406002417: =596  ##$aA/I$bB 138; BB 138
 ==> =596  ##$aA/I$bB 138; BB 138

I, [2023-09-25T09:34:12.101049 #18645]  INFO -- : lab.rism: Source #406002418: =596  ##$aA/I$bB 138; BB 138
 ==> =596  ##$aA/I$bB 138; BB 138

I, [2023-09-25T09:34:12.362157 #18645]  INFO -- : lab.rism: Source #406002419: =596  ##$aA/I$bB 138; BB 138
 ==> =596  ##$aA/I$bB 138; BB 138

I, [2023-09-25T09:34:12.617973 #18645]  INFO -- : lab.rism: Source #406002420: =596  ##$aA/I$bB 138; BB 138
 ==> =596  ##$aA/I$bB 138; BB 138

I, [2023-09-25T09:34:12.806458 #18645]  INFO -- : lab.rism: Source #406002421: =596  ##$aA/I$bB 138; BB 138
 ==> =596  ##$aA/I$bB 138; BB 138

I, [2023-09-25T09:34:12.976447 #18645]  INFO -- : lab.rism: Source #406002422: =596  ##$aA/I$bB 138; BB 138
 ==> =596  ##$aA/I$bB 138; BB 138

I, [2023-09-25T09:34:13.173090 #18645]  INFO -- : lab.rism: Source #406002423: =596  ##$aA/I$bB 138; BB 138
 ==> =596  ##$aA/I$bB 138; BB 138

I, [2023-09-25T09:34:13.418143 #18645]  INFO -- : lab.rism: Source #406002424: =596  ##$aA/I$bB 138; BB 138
 ==> =596  ##$aA/I$bB 138; BB 138

I, [2023-09-25T09:34:13.667533 #18645]  INFO -- : lab.rism: Source #406002425: =596  ##$aA/I$bB 138; BB 138
 ==> =596  ##$aA/I$bB 138; BB 138

I, [2023-09-25T09:34:13.839782 #18645]  INFO -- : lab.rism: Source #406002426: =596  ##$aA/I$bB 138; BB 138
 ==> =596  ##$aA/I$bB 138; BB 138

I, [2023-09-25T09:34:14.108477 #18645]  INFO -- : lab.rism: Source #406002429: =596  ##$aA/I$bG 3564
 ==> =596  ##$aA/I$bG 3564

I, [2023-09-25T09:34:14.385921 #18645]  INFO -- : lab.rism: Source #406002430: =596  ##$aA/I$bG 3564
 ==> =596  ##$aA/I$bG 3564

I, [2023-09-25T09:34:14.593000 #18645]  INFO -- : lab.rism: Source #406002431: =596  ##$aA/I$bG 3564
 ==> =596  ##$aA/I$bG 3564

I, [2023-09-25T09:34:14.812966 #18645]  INFO -- : lab.rism: Source #406002432: =596  ##$aA/I$bG 3564
 ==> =596  ##$aA/I$bG 3564

I, [2023-09-25T09:34:15.007917 #18645]  INFO -- : lab.rism: Source #406002433: =596  ##$aA/I$bG 3564
 ==> =596  ##$aA/I$bG 3564

I, [2023-09-25T09:34:15.204975 #18645]  INFO -- : lab.rism: Source #406002434: =596  ##$aA/I$bG 3564
 ==> =596  ##$aA/I$bG 3564

I, [2023-09-25T09:34:15.371810 #18645]  INFO -- : lab.rism: Source #406002435: =596  ##$aA/I$bG 3564
 ==> =596  ##$aA/I$bG 3564

I, [2023-09-25T09:34:15.636486 #18645]  INFO -- : lab.rism: Source #406002436: =596  ##$aA/I$bG 3564
 ==> =596  ##$aA/I$bG 3564

I, [2023-09-25T09:34:15.800534 #18645]  INFO -- : lab.rism: Source #406002437: =596  ##$aA/I$bG 3564
 ==> =596  ##$aA/I$bG 3564

I, [2023-09-25T09:34:16.027026 #18645]  INFO -- : lab.rism: Source #406002438: =596  ##$aA/I$bG 3564
 ==> =596  ##$aA/I$bG 3564

I, [2023-09-25T09:34:16.184630 #18645]  INFO -- : lab.rism: Source #406002439: =596  ##$aA/I$bG 3564
 ==> =596  ##$aA/I$bG 3564

I, [2023-09-25T09:34:16.319266 #18645]  INFO -- : lab.rism: Source #406002440: =596  ##$aA/I$bG 3564
 ==> =596  ##$aA/I$bG 3564

I, [2023-09-25T09:34:16.652334 #18645]  INFO -- : lab.rism: Source #406002441: =596  ##$aA/I$bG 3564
 ==> =596  ##$aA/I$bG 3564

I, [2023-09-25T09:34:16.808241 #18645]  INFO -- : lab.rism: Source #406002442: =596  ##$aA/I$bG 3564
 ==> =596  ##$aA/I$bG 3564

I, [2023-09-25T09:34:16.976705 #18645]  INFO -- : lab.rism: Source #406002443: =596  ##$aA/I$bG 3564
 ==> =596  ##$aA/I$bG 3564

I, [2023-09-25T09:34:17.168742 #18645]  INFO -- : lab.rism: Source #406002444: =596  ##$aA/I$bG 3564
 ==> =596  ##$aA/I$bG 3564

I, [2023-09-25T09:34:17.863753 #18645]  INFO -- : lab.rism: Source #406002445: =596  ##$aA/I$bG 3564
 ==> =596  ##$aA/I$bG 3564

I, [2023-09-25T09:34:17.988057 #18645]  INFO -- : lab.rism: Source #406002446: =596  ##$aA/I$bG 3564
 ==> =596  ##$aA/I$bG 3564

I, [2023-09-25T09:34:18.197055 #18645]  INFO -- : lab.rism: Source #406002447: =596  ##$aA/I$bG 3564
 ==> =596  ##$aA/I$bG 3564

I, [2023-09-25T09:34:18.342821 #18645]  INFO -- : lab.rism: Source #406002448: =596  ##$aA/I$bG 3564
 ==> =596  ##$aA/I$bG 3564

I, [2023-09-25T09:34:18.559042 #18645]  INFO -- : lab.rism: Source #406002449: =596  ##$aA/I$bG 3564
 ==> =596  ##$aA/I$bG 3564

I, [2023-09-25T09:34:18.744181 #18645]  INFO -- : lab.rism: Source #406002450: =596  ##$aA/I$bG 3564
 ==> =596  ##$aA/I$bG 3564

I, [2023-09-25T09:34:18.873845 #18645]  INFO -- : lab.rism: Source #406002451: =596  ##$aA/I$bG 3564
 ==> =596  ##$aA/I$bG 3564

I, [2023-09-25T09:34:19.064510 #18645]  INFO -- : lab.rism: Source #406002452: =596  ##$aA/I$bG 3564
 ==> =596  ##$aA/I$bG 3564

I, [2023-09-25T09:34:19.196780 #18645]  INFO -- : lab.rism: Source #406002454: =596  ##$aB/II$bp.109
 ==> =596  ##$aB/II$bp.109

I, [2023-09-25T09:34:19.333403 #18645]  INFO -- : lab.rism: Source #406002455: =596  ##$aB/II$bp.109
 ==> =596  ##$aB/II$bp.109

I, [2023-09-25T09:34:19.690194 #18645]  INFO -- : lab.rism: Source #406002456: =596  ##$aB/II$bp.109
 ==> =596  ##$aB/II$bp.109

I, [2023-09-25T09:34:19.874027 #18645]  INFO -- : lab.rism: Source #406002457: =596  ##$aB/II$bp.109
 ==> =596  ##$aB/II$bp.109

I, [2023-09-25T09:34:20.006652 #18645]  INFO -- : lab.rism: Source #406002458: =596  ##$aB/II$bp.109
 ==> =596  ##$aB/II$bp.109

I, [2023-09-25T09:34:20.172763 #18645]  INFO -- : lab.rism: Source #406002459: =596  ##$aB/II$bp.109
 ==> =596  ##$aB/II$bp.109

I, [2023-09-25T09:34:20.362161 #18645]  INFO -- : lab.rism: Source #406002460: =596  ##$aB/II$bp.109
 ==> =596  ##$aB/II$bp.109

I, [2023-09-25T09:34:20.594377 #18645]  INFO -- : lab.rism: Source #406002461: =596  ##$aB/II$bp.109
 ==> =596  ##$aB/II$bp.109

I, [2023-09-25T09:34:20.781420 #18645]  INFO -- : lab.rism: Source #406002462: =596  ##$aB/II$bp.109
 ==> =596  ##$aB/II$bp.109

I, [2023-09-25T09:34:20.975745 #18645]  INFO -- : lab.rism: Source #406002463: =596  ##$aB/II$bp.109
 ==> =596  ##$aB/II$bp.109

I, [2023-09-25T09:34:21.237411 #18645]  INFO -- : lab.rism: Source #406002464: =596  ##$aB/II$bp.109
 ==> =596  ##$aB/II$bp.109

I, [2023-09-25T09:34:21.430340 #18645]  INFO -- : lab.rism: Source #406002465: =596  ##$aB/II$bp.109
 ==> =596  ##$aB/II$bp.109

I, [2023-09-25T09:34:21.706189 #18645]  INFO -- : lab.rism: Source #406002466: =596  ##$aB/II$bp.109
 ==> =596  ##$aB/II$bp.109

I, [2023-09-25T09:34:21.850277 #18645]  INFO -- : lab.rism: Source #406002467: =596  ##$aB/II$bp.109
 ==> =596  ##$aB/II$bp.109

I, [2023-09-25T09:34:22.152778 #18645]  INFO -- : lab.rism: Source #406002468: =596  ##$aB/II$bp.109
 ==> =596  ##$aB/II$bp.109

I, [2023-09-25T09:34:22.389438 #18645]  INFO -- : lab.rism: Source #406002469: =596  ##$aB/II$bp.109
 ==> =596  ##$aB/II$bp.109

I, [2023-09-25T09:34:22.638712 #18645]  INFO -- : lab.rism: Source #406002470: =596  ##$aB/II$bp.109
 ==> =596  ##$aB/II$bp.109

I, [2023-09-25T09:34:22.780711 #18645]  INFO -- : lab.rism: Source #406002471: =596  ##$aB/II$bp.109
 ==> =596  ##$aB/II$bp.109

I, [2023-09-25T09:34:22.922142 #18645]  INFO -- : lab.rism: Source #406002472: =596  ##$aB/II$bp.109
 ==> =596  ##$aB/II$bp.109

I, [2023-09-25T09:34:23.113974 #18645]  INFO -- : lab.rism: Source #406002473: =596  ##$aB/II$bp.109
 ==> =596  ##$aB/II$bp.109

I, [2023-09-25T09:34:23.369659 #18645]  INFO -- : lab.rism: Source #406002474: =596  ##$aB/II$bp.109
 ==> =596  ##$aB/II$bp.109

I, [2023-09-25T09:34:23.615986 #18645]  INFO -- : lab.rism: Source #406002475: =596  ##$aB/II$bp.109
 ==> =596  ##$aB/II$bp.109

I, [2023-09-25T09:34:23.818681 #18645]  INFO -- : lab.rism: Source #406002476: =596  ##$aB/II$bp.109
 ==> =596  ##$aB/II$bp.109

I, [2023-09-25T09:34:24.044847 #18645]  INFO -- : lab.rism: Source #406002478: =596  ##$aA/I$bB 123; BB 123
 ==> =596  ##$aA/I$bB 123; BB 123

I, [2023-09-25T09:34:24.527051 #18645]  INFO -- : lab.rism: Source #406002479: =596  ##$aA/I$bB 123; BB 123
 ==> =596  ##$aA/I$bB 123; BB 123

I, [2023-09-25T09:34:24.861899 #18645]  INFO -- : lab.rism: Source #406002480: =596  ##$aA/I$bB 123; BB 123
 ==> =596  ##$aA/I$bB 123; BB 123

I, [2023-09-25T09:34:25.230956 #18645]  INFO -- : lab.rism: Source #406002481: =596  ##$aA/I$bB 123; BB 123
 ==> =596  ##$aA/I$bB 123; BB 123

I, [2023-09-25T09:34:25.556784 #18645]  INFO -- : lab.rism: Source #406002482: =596  ##$aA/I$bB 123; BB 123
 ==> =596  ##$aA/I$bB 123; BB 123

I, [2023-09-25T09:34:25.827370 #18645]  INFO -- : lab.rism: Source #406002483: =596  ##$aA/I$bB 123; BB 123
 ==> =596  ##$aA/I$bB 123; BB 123

I, [2023-09-25T09:34:26.010772 #18645]  INFO -- : lab.rism: Source #406002484: =596  ##$aA/I$bB 123; BB 123
 ==> =596  ##$aA/I$bB 123; BB 123

I, [2023-09-25T09:34:26.193257 #18645]  INFO -- : lab.rism: Source #406002485: =596  ##$aA/I$bB 123; BB 123
 ==> =596  ##$aA/I$bB 123; BB 123

I, [2023-09-25T09:34:26.428594 #18645]  INFO -- : lab.rism: Source #406002486: =596  ##$aA/I$bB 123; BB 123
 ==> =596  ##$aA/I$bB 123; BB 123

I, [2023-09-25T09:34:26.750731 #18645]  INFO -- : lab.rism: Source #406002487: =596  ##$aA/I$bB 123; BB 123
 ==> =596  ##$aA/I$bB 123; BB 123

I, [2023-09-25T09:34:26.987361 #18645]  INFO -- : lab.rism: Source #406002488: =596  ##$aA/I$bB 123; BB 123
 ==> =596  ##$aA/I$bB 123; BB 123

I, [2023-09-25T09:34:27.228923 #18645]  INFO -- : lab.rism: Source #406002489: =596  ##$aA/I$bB 123; BB 123
 ==> =596  ##$aA/I$bB 123; BB 123

I, [2023-09-25T09:34:27.543139 #18645]  INFO -- : lab.rism: Source #406002490: =596  ##$aA/I$bB 123; BB 123
 ==> =596  ##$aA/I$bB 123; BB 123

I, [2023-09-25T09:34:27.729147 #18645]  INFO -- : lab.rism: Source #406002491: =596  ##$aA/I$bB 123; BB 123
 ==> =596  ##$aA/I$bB 123; BB 123

I, [2023-09-25T09:34:27.920524 #18645]  INFO -- : lab.rism: Source #406002492: =596  ##$aA/I$bB 123; BB 123
 ==> =596  ##$aA/I$bB 123; BB 123

I, [2023-09-25T09:34:28.152477 #18645]  INFO -- : lab.rism: Source #406002493: =596  ##$aA/I$bB 123; BB 123
 ==> =596  ##$aA/I$bB 123; BB 123

I, [2023-09-25T09:34:28.389292 #18645]  INFO -- : lab.rism: Source #406002494: =596  ##$aA/I$bB 123; BB 123
 ==> =596  ##$aA/I$bB 123; BB 123

I, [2023-09-25T09:34:28.593450 #18645]  INFO -- : lab.rism: Source #406002495: =596  ##$aA/I$bB 123; BB 123
 ==> =596  ##$aA/I$bB 123; BB 123

I, [2023-09-25T09:34:28.783481 #18645]  INFO -- : lab.rism: Source #406002496: =596  ##$aA/I$bB 123; BB 123
 ==> =596  ##$aA/I$bB 123; BB 123

I, [2023-09-25T09:34:29.016760 #18645]  INFO -- : lab.rism: Source #406002497: =596  ##$aA/I$bB 123; BB 123
 ==> =596  ##$aA/I$bB 123; BB 123

I, [2023-09-25T09:34:29.377606 #18645]  INFO -- : lab.rism: Source #406002498: =596  ##$aA/I$bB 123; BB 123
 ==> =596  ##$aA/I$bB 123; BB 123

I, [2023-09-25T09:34:29.736579 #18645]  INFO -- : lab.rism: Source #406002499: =596  ##$aA/I$bB 123; BB 123
 ==> =596  ##$aA/I$bB 123; BB 123

I, [2023-09-25T09:34:29.945114 #18645]  INFO -- : lab.rism: Source #406002500: =596  ##$aA/I$bB 123; BB 123
 ==> =596  ##$aA/I$bB 123; BB 123

I, [2023-09-25T09:34:30.155753 #18645]  INFO -- : lab.rism: Source #406002501: =596  ##$aA/I$bB 123; BB 123
 ==> =596  ##$aA/I$bB 123; BB 123

I, [2023-09-25T09:34:30.414707 #18645]  INFO -- : lab.rism: Source #406002502: =596  ##$aA/I$bB 123; BB 123
 ==> =596  ##$aA/I$bB 123; BB 123

I, [2023-09-25T09:34:30.696542 #18645]  INFO -- : lab.rism: Source #406002503: =596  ##$aA/I$bB 123; BB 123
 ==> =596  ##$aA/I$bB 123; BB 123

I, [2023-09-25T09:34:30.894631 #18645]  INFO -- : lab.rism: Source #406002504: =596  ##$aA/I$bB 123; BB 123
 ==> =596  ##$aA/I$bB 123; BB 123

I, [2023-09-25T09:34:31.164977 #18645]  INFO -- : lab.rism: Source #406002505: =596  ##$aA/I$bB 123; BB 123
 ==> =596  ##$aA/I$bB 123; BB 123

I, [2023-09-25T09:34:31.377699 #18645]  INFO -- : lab.rism: Source #406002506: =596  ##$aA/I$bB 123; BB 123
 ==> =596  ##$aA/I$bB 123; BB 123

I, [2023-09-25T09:34:31.682550 #18645]  INFO -- : lab.rism: Source #406002507: =596  ##$aA/I$bB 123; BB 123
 ==> =596  ##$aA/I$bB 123; BB 123

I, [2023-09-25T09:34:32.084854 #18645]  INFO -- : lab.rism: Source #406002508: =596  ##$aA/I$bB 123; BB 123
 ==> =596  ##$aA/I$bB 123; BB 123

I, [2023-09-25T09:34:32.588541 #18645]  INFO -- : lab.rism: Source #406002509: =596  ##$aA/I$bB 123; BB 123
 ==> =596  ##$aA/I$bB 123; BB 123

I, [2023-09-25T09:34:32.868988 #18645]  INFO -- : lab.rism: Source #406002510: =596  ##$aA/I$bB 123; BB 123
 ==> =596  ##$aA/I$bB 123; BB 123

I, [2023-09-25T09:34:33.249680 #18645]  INFO -- : lab.rism: Source #406002511: =596  ##$aA/I$bB 123; BB 123
 ==> =596  ##$aA/I$bB 123; BB 123

I, [2023-09-25T09:34:33.569844 #18645]  INFO -- : lab.rism: Source #406002512: =596  ##$aA/I$bB 123; BB 123
 ==> =596  ##$aA/I$bB 123; BB 123

I, [2023-09-25T09:34:33.915494 #18645]  INFO -- : lab.rism: Source #406002513: =596  ##$aA/I$bB 123; BB 123
 ==> =596  ##$aA/I$bB 123; BB 123

I, [2023-09-25T09:34:34.226263 #18645]  INFO -- : lab.rism: Source #406002514: =596  ##$aA/I$bB 123; BB 123
 ==> =596  ##$aA/I$bB 123; BB 123

I, [2023-09-25T09:34:34.544619 #18645]  INFO -- : lab.rism: Source #406002515: =596  ##$aA/I$bB 123; BB 123
 ==> =596  ##$aA/I$bB 123; BB 123

I, [2023-09-25T09:34:34.812248 #18645]  INFO -- : lab.rism: Source #406002516: =596  ##$aA/I$bB 123; BB 123
 ==> =596  ##$aA/I$bB 123; BB 123

I, [2023-09-25T09:34:35.250144 #18645]  INFO -- : lab.rism: Source #406002517: =596  ##$aA/I$bB 123; BB 123
 ==> =596  ##$aA/I$bB 123; BB 123

I, [2023-09-25T09:34:35.534905 #18645]  INFO -- : lab.rism: Source #406002518: =596  ##$aA/I$bB 123; BB 123
 ==> =596  ##$aA/I$bB 123; BB 123

I, [2023-09-25T09:34:35.717480 #18645]  INFO -- : lab.rism: Source #406002519: =596  ##$aA/I$bB 123; BB 123
 ==> =596  ##$aA/I$bB 123; BB 123

I, [2023-09-25T09:34:35.902496 #18645]  INFO -- : lab.rism: Source #406002520: =596  ##$aA/I$bB 123; BB 123
 ==> =596  ##$aA/I$bB 123; BB 123

I, [2023-09-25T09:34:36.180232 #18645]  INFO -- : lab.rism: Source #406002521: =596  ##$aA/I$bB 123; BB 123
 ==> =596  ##$aA/I$bB 123; BB 123

I, [2023-09-25T09:34:36.437909 #18645]  INFO -- : lab.rism: Source #406002522: =596  ##$aA/I$bB 123; BB 123
 ==> =596  ##$aA/I$bB 123; BB 123

I, [2023-09-25T09:34:36.690825 #18645]  INFO -- : lab.rism: Source #406002523: =596  ##$aA/I$bB 123; BB 123
 ==> =596  ##$aA/I$bB 123; BB 123

I, [2023-09-25T09:34:36.927398 #18645]  INFO -- : lab.rism: Source #406002524: =596  ##$aA/I$bB 123; BB 123
 ==> =596  ##$aA/I$bB 123; BB 123

I, [2023-09-25T09:34:37.244881 #18645]  INFO -- : lab.rism: Source #406002525: =596  ##$aA/I$bB 123; BB 123
 ==> =596  ##$aA/I$bB 123; BB 123

I, [2023-09-25T09:34:37.585217 #18645]  INFO -- : lab.rism: Source #406002526: =596  ##$aA/I$bB 123; BB 123
 ==> =596  ##$aA/I$bB 123; BB 123

I, [2023-09-25T09:34:37.764930 #18645]  INFO -- : lab.rism: Source #406002527: =596  ##$aA/I$bB 123; BB 123
 ==> =596  ##$aA/I$bB 123; BB 123

I, [2023-09-25T09:34:37.979272 #18645]  INFO -- : lab.rism: Source #406002528: =596  ##$aA/I$bB 123; BB 123
 ==> =596  ##$aA/I$bB 123; BB 123

I, [2023-09-25T09:34:38.228049 #18645]  INFO -- : lab.rism: Source #406002529: =596  ##$aA/I$bB 123; BB 123
 ==> =596  ##$aA/I$bB 123; BB 123

I, [2023-09-25T09:34:38.622559 #18645]  INFO -- : lab.rism: Source #406002530: =596  ##$aA/I$bB 123; BB 123
 ==> =596  ##$aA/I$bB 123; BB 123

I, [2023-09-25T09:34:38.910922 #18645]  INFO -- : lab.rism: Source #406002531: =596  ##$aA/I$bB 123; BB 123
 ==> =596  ##$aA/I$bB 123; BB 123

I, [2023-09-25T09:34:39.174916 #18645]  INFO -- : lab.rism: Source #406002589: =596  ##$aA/I$bS 1711
 ==> =596  ##$aA/I$bS 1711

I, [2023-09-25T09:34:39.516457 #18645]  INFO -- : lab.rism: Source #406002590: =596  ##$aA/I$bS 1711
 ==> =596  ##$aA/I$bS 1711

I, [2023-09-25T09:34:39.694601 #18645]  INFO -- : lab.rism: Source #406002591: =596  ##$aA/I$bS 1711
 ==> =596  ##$aA/I$bS 1711

I, [2023-09-25T09:34:39.985704 #18645]  INFO -- : lab.rism: Source #406002592: =596  ##$aA/I$bS 1711
 ==> =596  ##$aA/I$bS 1711

I, [2023-09-25T09:34:40.257210 #18645]  INFO -- : lab.rism: Source #406002593: =596  ##$aA/I$bS 1711
 ==> =596  ##$aA/I$bS 1711

I, [2023-09-25T09:34:40.489944 #18645]  INFO -- : lab.rism: Source #406002594: =596  ##$aA/I$bS 1711
 ==> =596  ##$aA/I$bS 1711

I, [2023-09-25T09:34:40.727022 #18645]  INFO -- : lab.rism: Source #406002595: =596  ##$aA/I$bS 1711
 ==> =596  ##$aA/I$bS 1711

I, [2023-09-25T09:34:40.924067 #18645]  INFO -- : lab.rism: Source #406002597: =596  ##$aA/I$bS 1836
 ==> =596  ##$aA/I$bS 1836

I, [2023-09-25T09:34:41.164129 #18645]  INFO -- : lab.rism: Source #406002598: =596  ##$aA/I$bS 1836
 ==> =596  ##$aA/I$bS 1836

I, [2023-09-25T09:34:41.570260 #18645]  INFO -- : lab.rism: Source #406002599: =596  ##$aA/I$bS 1836
 ==> =596  ##$aA/I$bS 1836

I, [2023-09-25T09:34:41.801197 #18645]  INFO -- : lab.rism: Source #406002600: =596  ##$aA/I$bS 1836
 ==> =596  ##$aA/I$bS 1836

I, [2023-09-25T09:34:41.927902 #18645]  INFO -- : lab.rism: Source #406002601: =596  ##$aA/I$bS 1836
 ==> =596  ##$aA/I$bS 1836

I, [2023-09-25T09:34:42.157200 #18645]  INFO -- : lab.rism: Source #406002602: =596  ##$aA/I$bS 1836
 ==> =596  ##$aA/I$bS 1836

I, [2023-09-25T09:34:42.307901 #18645]  INFO -- : lab.rism: Source #406002603: =596  ##$aA/I$bS 1836
 ==> =596  ##$aA/I$bS 1836

I, [2023-09-25T09:34:42.513768 #18645]  INFO -- : lab.rism: Source #406002604: =596  ##$aA/I$bS 1836
 ==> =596  ##$aA/I$bS 1836

I, [2023-09-25T09:34:42.651525 #18645]  INFO -- : lab.rism: Source #406002605: =596  ##$aA/I$bS 1836
 ==> =596  ##$aA/I$bS 1836

I, [2023-09-25T09:34:42.837679 #18645]  INFO -- : lab.rism: Source #406002606: =596  ##$aA/I$bS 1836
 ==> =596  ##$aA/I$bS 1836

I, [2023-09-25T09:34:42.984310 #18645]  INFO -- : lab.rism: Source #406002607: =596  ##$aA/I$bS 1836
 ==> =596  ##$aA/I$bS 1836

I, [2023-09-25T09:34:43.183891 #18645]  INFO -- : lab.rism: Source #406002608: =596  ##$aA/I$bS 1836
 ==> =596  ##$aA/I$bS 1836

I, [2023-09-25T09:34:43.372110 #18645]  INFO -- : lab.rism: Source #406002609: =596  ##$aA/I$bS 1836
 ==> =596  ##$aA/I$bS 1836

I, [2023-09-25T09:34:43.668097 #18645]  INFO -- : lab.rism: Source #406002610: =596  ##$aA/I$bS 1836
 ==> =596  ##$aA/I$bS 1836

I, [2023-09-25T09:34:43.832255 #18645]  INFO -- : lab.rism: Source #406002611: =596  ##$aA/I$bS 1836
 ==> =596  ##$aA/I$bS 1836

I, [2023-09-25T09:34:44.036051 #18645]  INFO -- : lab.rism: Source #406002612: =596  ##$aA/I$bS 1836
 ==> =596  ##$aA/I$bS 1836

I, [2023-09-25T09:34:44.225207 #18645]  INFO -- : lab.rism: Source #406002613: =596  ##$aA/I$bS 1836
 ==> =596  ##$aA/I$bS 1836

I, [2023-09-25T09:34:44.368538 #18645]  INFO -- : lab.rism: Source #406002614: =596  ##$aA/I$bS 1836
 ==> =596  ##$aA/I$bS 1836

I, [2023-09-25T09:34:44.662724 #18645]  INFO -- : lab.rism: Source #406002615: =596  ##$aA/I$bS 1836
 ==> =596  ##$aA/I$bS 1836

I, [2023-09-25T09:34:44.846853 #18645]  INFO -- : lab.rism: Source #406002616: =596  ##$aA/I$bS 1836
 ==> =596  ##$aA/I$bS 1836

I, [2023-09-25T09:34:44.990628 #18645]  INFO -- : lab.rism: Source #406002617: =596  ##$aA/I$bS 1836
 ==> =596  ##$aA/I$bS 1836

I, [2023-09-25T09:34:45.165928 #18645]  INFO -- : lab.rism: Source #406002618: =596  ##$aA/I$bS 1836
 ==> =596  ##$aA/I$bS 1836

I, [2023-09-25T09:34:45.300552 #18645]  INFO -- : lab.rism: Source #406002619: =596  ##$aA/I$bS 1836
 ==> =596  ##$aA/I$bS 1836

I, [2023-09-25T09:34:45.588505 #18645]  INFO -- : lab.rism: Source #406002620: =596  ##$aA/I$bS 1836
 ==> =596  ##$aA/I$bS 1836

I, [2023-09-25T09:34:45.765589 #18645]  INFO -- : lab.rism: Source #406002621: =596  ##$aA/I$bS 1836
 ==> =596  ##$aA/I$bS 1836

I, [2023-09-25T09:34:45.966339 #18645]  INFO -- : lab.rism: Source #406002622: =596  ##$aA/I$bS 1836
 ==> =596  ##$aA/I$bS 1836

I, [2023-09-25T09:34:46.154450 #18645]  INFO -- : lab.rism: Source #406002623: =596  ##$aA/I$bS 1836
 ==> =596  ##$aA/I$bS 1836

I, [2023-09-25T09:34:46.290660 #18645]  INFO -- : lab.rism: Source #406002624: =596  ##$aA/I$bS 1836
 ==> =596  ##$aA/I$bS 1836

I, [2023-09-25T09:34:46.593251 #18645]  INFO -- : lab.rism: Source #406002625: =596  ##$aA/I$bS 1836
 ==> =596  ##$aA/I$bS 1836

I, [2023-09-25T09:34:46.722738 #18645]  INFO -- : lab.rism: Source #406002626: =596  ##$aA/I$bS 1836
 ==> =596  ##$aA/I$bS 1836

I, [2023-09-25T09:34:46.909043 #18645]  INFO -- : lab.rism: Source #406002627: =596  ##$aA/I$bS 1836
 ==> =596  ##$aA/I$bS 1836

I, [2023-09-25T09:34:47.107755 #18645]  INFO -- : lab.rism: Source #406003010: =596  ##$aA/I$bG 5346; GG 5346
 ==> =596  ##$aA/I$bG 5346; GG 5346

I, [2023-09-25T09:34:47.494507 #18645]  INFO -- : lab.rism: Source #406003011: =596  ##$aA/I$bG 5346; GG 5346
 ==> =596  ##$aA/I$bG 5346; GG 5346

I, [2023-09-25T09:34:47.809884 #18645]  INFO -- : lab.rism: Source #406003012: =596  ##$aA/I$bG 5346; GG 5346
 ==> =596  ##$aA/I$bG 5346; GG 5346

I, [2023-09-25T09:34:47.970757 #18645]  INFO -- : lab.rism: Source #406003013: =596  ##$aA/I$bG 5346; GG 5346
 ==> =596  ##$aA/I$bG 5346; GG 5346

I, [2023-09-25T09:34:48.264180 #18645]  INFO -- : lab.rism: Source #406003014: =596  ##$aA/I$bG 5346; GG 5346
 ==> =596  ##$aA/I$bG 5346; GG 5346

I, [2023-09-25T09:34:48.537306 #18645]  INFO -- : lab.rism: Source #406003015: =596  ##$aA/I$bG 5346; GG 5346
 ==> =596  ##$aA/I$bG 5346; GG 5346

I, [2023-09-25T09:34:48.808988 #18645]  INFO -- : lab.rism: Source #406003017: =596  ##$aA/I$bG 5354; GG 5354
 ==> =596  ##$aA/I$bG 5354; GG 5354

I, [2023-09-25T09:34:49.037368 #18645]  INFO -- : lab.rism: Source #406003018: =596  ##$aA/I$bG 5354; GG 5354
 ==> =596  ##$aA/I$bG 5354; GG 5354

I, [2023-09-25T09:34:49.244072 #18645]  INFO -- : lab.rism: Source #406003019: =596  ##$aA/I$bG 5354; GG 5354
 ==> =596  ##$aA/I$bG 5354; GG 5354

I, [2023-09-25T09:34:49.673875 #18645]  INFO -- : lab.rism: Source #406003020: =596  ##$aA/I$bG 5354; GG 5354
 ==> =596  ##$aA/I$bG 5354; GG 5354

I, [2023-09-25T09:34:49.911885 #18645]  INFO -- : lab.rism: Source #406003021: =596  ##$aA/I$bG 5354; GG 5354
 ==> =596  ##$aA/I$bG 5354; GG 5354

I, [2023-09-25T09:34:50.127981 #18645]  INFO -- : lab.rism: Source #406003022: =596  ##$aA/I$bG 5354; GG 5354
 ==> =596  ##$aA/I$bG 5354; GG 5354

I, [2023-09-25T09:34:50.373984 #18645]  INFO -- : lab.rism: Source #406003024: =596  ##$aA/I$bG 5355; GG 5355
 ==> =596  ##$aA/I$bG 5355; GG 5355

I, [2023-09-25T09:34:50.715816 #18645]  INFO -- : lab.rism: Source #406003025: =596  ##$aA/I$bG 5355; GG 5355
 ==> =596  ##$aA/I$bG 5355; GG 5355

I, [2023-09-25T09:34:50.916400 #18645]  INFO -- : lab.rism: Source #406003026: =596  ##$aA/I$bG 5355; GG 5355
 ==> =596  ##$aA/I$bG 5355; GG 5355

I, [2023-09-25T09:34:51.121111 #18645]  INFO -- : lab.rism: Source #406003027: =596  ##$aA/I$bG 5355; GG 5355
 ==> =596  ##$aA/I$bG 5355; GG 5355

I, [2023-09-25T09:34:51.328838 #18645]  INFO -- : lab.rism: Source #406003028: =596  ##$aA/I$bG 5355; GG 5355
 ==> =596  ##$aA/I$bG 5355; GG 5355

I, [2023-09-25T09:34:51.641538 #18645]  INFO -- : lab.rism: Source #406003029: =596  ##$aA/I$bG 5355; GG 5355
 ==> =596  ##$aA/I$bG 5355; GG 5355

I, [2023-09-25T09:34:51.790697 #18645]  INFO -- : lab.rism: Source #406003110: =596  ##$aA/I$bK 1013
 ==> =596  ##$aA/I$bK 1013

I, [2023-09-25T09:34:52.102157 #18645]  INFO -- : lab.rism: Source #406003111: =596  ##$aA/I$bK 1013
 ==> =596  ##$aA/I$bK 1013

I, [2023-09-25T09:34:52.378909 #18645]  INFO -- : lab.rism: Source #406003112: =596  ##$aA/I$bK 1013
 ==> =596  ##$aA/I$bK 1013

I, [2023-09-25T09:34:52.647828 #18645]  INFO -- : lab.rism: Source #406003113: =596  ##$aA/I$bK 1013
 ==> =596  ##$aA/I$bK 1013

I, [2023-09-25T09:34:52.867212 #18645]  INFO -- : lab.rism: Source #406003114: =596  ##$aA/I$bK 1013
 ==> =596  ##$aA/I$bK 1013

I, [2023-09-25T09:34:53.071685 #18645]  INFO -- : lab.rism: Source #406003116: =596  ##$aA/I$bK 1010
 ==> =596  ##$aA/I$bK 1010

I, [2023-09-25T09:34:53.281106 #18645]  INFO -- : lab.rism: Source #406003117: =596  ##$aA/I$bK 1010
 ==> =596  ##$aA/I$bK 1010

I, [2023-09-25T09:34:53.557143 #18645]  INFO -- : lab.rism: Source #406003118: =596  ##$aA/I$bK 1010
 ==> =596  ##$aA/I$bK 1010

I, [2023-09-25T09:34:53.746725 #18645]  INFO -- : lab.rism: Source #406003119: =596  ##$aA/I$bK 1010
 ==> =596  ##$aA/I$bK 1010

I, [2023-09-25T09:34:54.052977 #18645]  INFO -- : lab.rism: Source #406003120: =596  ##$aA/I$bK 1010
 ==> =596  ##$aA/I$bK 1010

I, [2023-09-25T09:34:54.353319 #18645]  INFO -- : lab.rism: Source #406003121: =596  ##$aA/I$bK 1010
 ==> =596  ##$aA/I$bK 1010

I, [2023-09-25T09:34:54.786356 #18645]  INFO -- : lab.rism: Source #406003148: =596  ##$aA/I$bK 1258
 ==> =596  ##$aA/I$bK 1258

I, [2023-09-25T09:34:55.210707 #18645]  INFO -- : lab.rism: Source #406003149: =596  ##$aA/I$bK 1258
 ==> =596  ##$aA/I$bK 1258

I, [2023-09-25T09:34:55.486062 #18645]  INFO -- : lab.rism: Source #406003150: =596  ##$aA/I$bK 1258
 ==> =596  ##$aA/I$bK 1258

I, [2023-09-25T09:34:55.715683 #18645]  INFO -- : lab.rism: Source #406003151: =596  ##$aA/I$bK 1258
 ==> =596  ##$aA/I$bK 1258

I, [2023-09-25T09:34:55.899721 #18645]  INFO -- : lab.rism: Source #406003152: =596  ##$aA/I$bK 1258
 ==> =596  ##$aA/I$bK 1258

I, [2023-09-25T09:34:56.128779 #18645]  INFO -- : lab.rism: Source #406003153: =596  ##$aA/I$bK 1258
 ==> =596  ##$aA/I$bK 1258

I, [2023-09-25T09:34:56.343961 #18645]  INFO -- : lab.rism: Source #406003181: =596  ##$aA/I$bL 1358; LL1358
 ==> =596  ##$aA/I$bL 1358; LL1358

I, [2023-09-25T09:34:56.905463 #18645]  INFO -- : lab.rism: Source #406003182: =596  ##$aA/I$bL 1358; LL1358
 ==> =596  ##$aA/I$bL 1358; LL1358

I, [2023-09-25T09:34:57.127200 #18645]  INFO -- : lab.rism: Source #406003183: =596  ##$aA/I$bL 1358; LL1358
 ==> =596  ##$aA/I$bL 1358; LL1358

I, [2023-09-25T09:34:57.383041 #18645]  INFO -- : lab.rism: Source #406003184: =596  ##$aA/I$bL 1358; LL1358
 ==> =596  ##$aA/I$bL 1358; LL1358

I, [2023-09-25T09:34:57.656293 #18645]  INFO -- : lab.rism: Source #406003185: =596  ##$aA/I$bL 1358; LL1358
 ==> =596  ##$aA/I$bL 1358; LL1358

I, [2023-09-25T09:34:57.922081 #18645]  INFO -- : lab.rism: Source #406003186: =596  ##$aA/I$bL 1358; LL1358
 ==> =596  ##$aA/I$bL 1358; LL1358

I, [2023-09-25T09:34:58.154542 #18645]  INFO -- : lab.rism: Source #406003188: =596  ##$aA/I$bG 4757; GG 4757
 ==> =596  ##$aA/I$bG 4757; GG 4757

I, [2023-09-25T09:34:58.540755 #18645]  INFO -- : lab.rism: Source #406003189: =596  ##$aA/I$bG 4757; GG 4757
 ==> =596  ##$aA/I$bG 4757; GG 4757

I, [2023-09-25T09:34:58.712856 #18645]  INFO -- : lab.rism: Source #406003190: =596  ##$aA/I$bG 4757; GG 4757
 ==> =596  ##$aA/I$bG 4757; GG 4757

I, [2023-09-25T09:34:58.879672 #18645]  INFO -- : lab.rism: Source #406003191: =596  ##$aA/I$bG 4757; GG 4757
 ==> =596  ##$aA/I$bG 4757; GG 4757

I, [2023-09-25T09:34:59.112556 #18645]  INFO -- : lab.rism: Source #406003192: =596  ##$aA/I$bG 4757; GG 4757
 ==> =596  ##$aA/I$bG 4757; GG 4757

I, [2023-09-25T09:34:59.280601 #18645]  INFO -- : lab.rism: Source #406003193: =596  ##$aA/I$bG 4757; GG 4757
 ==> =596  ##$aA/I$bG 4757; GG 4757

I, [2023-09-25T09:34:59.614320 #18645]  INFO -- : lab.rism: Source #406003200: =596  ##$aA/I$bD 3552; DD 3552
 ==> =596  ##$aA/I$bD 3552; DD 3552

I, [2023-09-25T09:34:59.928200 #18645]  INFO -- : lab.rism: Source #406003201: =596  ##$aA/I$bD 3552; DD 3552
 ==> =596  ##$aA/I$bD 3552; DD 3552

I, [2023-09-25T09:35:00.183383 #18645]  INFO -- : lab.rism: Source #406003202: =596  ##$aA/I$bD 3552; DD 3552
 ==> =596  ##$aA/I$bD 3552; DD 3552

I, [2023-09-25T09:35:00.483117 #18645]  INFO -- : lab.rism: Source #406003203: =596  ##$aA/I$bD 3552; DD 3552
 ==> =596  ##$aA/I$bD 3552; DD 3552

I, [2023-09-25T09:35:00.717417 #18645]  INFO -- : lab.rism: Source #406003204: =596  ##$aA/I$bD 3552; DD 3552
 ==> =596  ##$aA/I$bD 3552; DD 3552

I, [2023-09-25T09:35:01.016230 #18645]  INFO -- : lab.rism: Source #406003205: =596  ##$aA/I$bD 3552; DD 3552
 ==> =596  ##$aA/I$bD 3552; DD 3552

I, [2023-09-25T09:35:01.261915 #18645]  INFO -- : lab.rism: Source #406003318: =596  ##$aA/I$bD 3561; DD 3561
 ==> =596  ##$aA/I$bD 3561; DD 3561

I, [2023-09-25T09:35:01.749786 #18645]  INFO -- : lab.rism: Source #406003319: =596  ##$aA/I$bD 3561; DD 3561
 ==> =596  ##$aA/I$bD 3561; DD 3561

I, [2023-09-25T09:35:02.030525 #18645]  INFO -- : lab.rism: Source #406003320: =596  ##$aA/I$bD 3561; DD 3561
 ==> =596  ##$aA/I$bD 3561; DD 3561

I, [2023-09-25T09:35:02.436168 #18645]  INFO -- : lab.rism: Source #406003321: =596  ##$aA/I$bD 3561; DD 3561
 ==> =596  ##$aA/I$bD 3561; DD 3561

I, [2023-09-25T09:35:02.706803 #18645]  INFO -- : lab.rism: Source #406003322: =596  ##$aA/I$bD 3561; DD 3561
 ==> =596  ##$aA/I$bD 3561; DD 3561

I, [2023-09-25T09:35:02.982477 #18645]  INFO -- : lab.rism: Source #406003323: =596  ##$aA/I$bD 3561; DD 3561
 ==> =596  ##$aA/I$bD 3561; DD 3561

I, [2023-09-25T09:35:03.503769 #18645]  INFO -- : lab.rism: Source #406003356: =596  ##$aA/I$bBB 2640a53
 ==> =596  ##$aA/I$bBB 2640a53

I, [2023-09-25T09:35:03.826761 #18645]  INFO -- : lab.rism: Source #406003357: =596  ##$aA/I$bBB 2640a53
 ==> =596  ##$aA/I$bBB 2640a53

I, [2023-09-25T09:35:04.060113 #18645]  INFO -- : lab.rism: Source #406003358: =596  ##$aA/I$bBB 2640a53
 ==> =596  ##$aA/I$bBB 2640a53

I, [2023-09-25T09:35:04.231748 #18645]  INFO -- : lab.rism: Source #406003359: =596  ##$aA/I$bBB 2640a53
 ==> =596  ##$aA/I$bBB 2640a53

I, [2023-09-25T09:35:04.553729 #18645]  INFO -- : lab.rism: Source #406003424: =596  ##$aA/I$bK 1023; KK 1023
 ==> =596  ##$aA/I$bK 1023; KK 1023

I, [2023-09-25T09:35:04.776747 #18645]  INFO -- : lab.rism: Source #406003425: =596  ##$aA/I$bK 1023; KK 1023
 ==> =596  ##$aA/I$bK 1023; KK 1023

I, [2023-09-25T09:35:05.059880 #18645]  INFO -- : lab.rism: Source #406003426: =596  ##$aA/I$bK 1023; KK 1023
 ==> =596  ##$aA/I$bK 1023; KK 1023

I, [2023-09-25T09:35:05.328173 #18645]  INFO -- : lab.rism: Source #406003429: =596  ##$aA/I$bH 12; HH 12
 ==> =596  ##$aA/I$bH 12; HH 12

I, [2023-09-25T09:35:05.692763 #18645]  INFO -- : lab.rism: Source #406003430: =596  ##$aA/I$bH 12; HH 12
 ==> =596  ##$aA/I$bH 12; HH 12

I, [2023-09-25T09:35:05.859421 #18645]  INFO -- : lab.rism: Source #406003431: =596  ##$aA/I$bH 12; HH 12
 ==> =596  ##$aA/I$bH 12; HH 12

I, [2023-09-25T09:35:06.019573 #18645]  INFO -- : lab.rism: Source #406003432: =596  ##$aA/I$bH 12; HH 12
 ==> =596  ##$aA/I$bH 12; HH 12

I, [2023-09-25T09:35:06.243183 #18645]  INFO -- : lab.rism: Source #406003433: =596  ##$aA/I$bH 12; HH 12
 ==> =596  ##$aA/I$bH 12; HH 12

I, [2023-09-25T09:35:06.540592 #18645]  INFO -- : lab.rism: Source #406003434: =596  ##$aA/I$bH 12; HH 12
 ==> =596  ##$aA/I$bH 12; HH 12

I, [2023-09-25T09:35:06.779966 #18645]  INFO -- : lab.rism: Source #406003435: =596  ##$aA/I$bH 12; HH 12
 ==> =596  ##$aA/I$bH 12; HH 12

I, [2023-09-25T09:35:07.018436 #18645]  INFO -- : lab.rism: Source #406003436: =596  ##$aA/I$bH 12; HH 12
 ==> =596  ##$aA/I$bH 12; HH 12

I, [2023-09-25T09:35:07.198405 #18645]  INFO -- : lab.rism: Source #406003437: =596  ##$aA/I$bH 12; HH 12
 ==> =596  ##$aA/I$bH 12; HH 12

I, [2023-09-25T09:35:07.514683 #18645]  INFO -- : lab.rism: Source #406003438: =596  ##$aA/I$bH 12; HH 12
 ==> =596  ##$aA/I$bH 12; HH 12

I, [2023-09-25T09:35:07.757648 #18645]  INFO -- : lab.rism: Source #406003439: =596  ##$aA/I$bH 12; HH 12
 ==> =596  ##$aA/I$bH 12; HH 12

I, [2023-09-25T09:35:07.979546 #18645]  INFO -- : lab.rism: Source #406003440: =596  ##$aA/I$bH 12; HH 12
 ==> =596  ##$aA/I$bH 12; HH 12

I, [2023-09-25T09:35:08.139076 #18645]  INFO -- : lab.rism: Source #406003441: =596  ##$aA/I$bH 12; HH 12
 ==> =596  ##$aA/I$bH 12; HH 12

I, [2023-09-25T09:35:08.296142 #18645]  INFO -- : lab.rism: Source #406003442: =596  ##$aA/I$bH 12; HH 12
 ==> =596  ##$aA/I$bH 12; HH 12

I, [2023-09-25T09:35:08.570364 #18645]  INFO -- : lab.rism: Source #406003443: =596  ##$aA/I$bH 12; HH 12
 ==> =596  ##$aA/I$bH 12; HH 12

I, [2023-09-25T09:35:08.939040 #18645]  INFO -- : lab.rism: Source #406003451: =596  ##$aA/I$bM 115, MM 115
 ==> =596  ##$aA/I$bM 115, MM 115

I, [2023-09-25T09:35:09.587539 #18645]  INFO -- : lab.rism: Source #406003452: =596  ##$aA/I$bM 115, MM 115
 ==> =596  ##$aA/I$bM 115, MM 115

I, [2023-09-25T09:35:10.274975 #18645]  INFO -- : lab.rism: Source #406003453: =596  ##$aA/I$bM 115, MM 115
 ==> =596  ##$aA/I$bM 115, MM 115

I, [2023-09-25T09:35:10.809189 #18645]  INFO -- : lab.rism: Source #406003454: =596  ##$aA/I$bM 115, MM 115
 ==> =596  ##$aA/I$bM 115, MM 115

I, [2023-09-25T09:35:11.154037 #18645]  INFO -- : lab.rism: Source #406003455: =596  ##$aA/I$bM 115, MM 115
 ==> =596  ##$aA/I$bM 115, MM 115

I, [2023-09-25T09:35:11.546708 #18645]  INFO -- : lab.rism: Source #406003456: =596  ##$aA/I$bM 115, MM 115
 ==> =596  ##$aA/I$bM 115, MM 115

I, [2023-09-25T09:35:11.895954 #18645]  INFO -- : lab.rism: Source #406003457: =596  ##$aA/I$bM 115, MM 115
 ==> =596  ##$aA/I$bM 115, MM 115

I, [2023-09-25T09:35:12.200487 #18645]  INFO -- : lab.rism: Source #406003458: =596  ##$aA/I$bM 115, MM 115
 ==> =596  ##$aA/I$bM 115, MM 115

I, [2023-09-25T09:35:12.529330 #18645]  INFO -- : lab.rism: Source #406003459: =596  ##$aA/I$bM 115, MM 115
 ==> =596  ##$aA/I$bM 115, MM 115

I, [2023-09-25T09:35:12.823541 #18645]  INFO -- : lab.rism: Source #406003460: =596  ##$aA/I$bM 115, MM 115
 ==> =596  ##$aA/I$bM 115, MM 115

I, [2023-09-25T09:35:13.199649 #18645]  INFO -- : lab.rism: Source #406003461: =596  ##$aA/I$bM 115, MM 115
 ==> =596  ##$aA/I$bM 115, MM 115

I, [2023-09-25T09:35:13.528124 #18645]  INFO -- : lab.rism: Source #406003462: =596  ##$aA/I$bM 115, MM 115
 ==> =596  ##$aA/I$bM 115, MM 115

I, [2023-09-25T09:35:13.796562 #18645]  INFO -- : lab.rism: Source #406003463: =596  ##$aA/I$bM 115, MM 115
 ==> =596  ##$aA/I$bM 115, MM 115

I, [2023-09-25T09:35:14.101139 #18645]  INFO -- : lab.rism: Source #406003464: =596  ##$aA/I$bM 115, MM 115
 ==> =596  ##$aA/I$bM 115, MM 115

I, [2023-09-25T09:35:14.377175 #18645]  INFO -- : lab.rism: Source #406003465: =596  ##$aA/I$bM 115, MM 115
 ==> =596  ##$aA/I$bM 115, MM 115

I, [2023-09-25T09:35:14.657668 #18645]  INFO -- : lab.rism: Source #406003467: =596  ##$aA/I$bE 685; EE 685
 ==> =596  ##$aA/I$bE 685; EE 685

I, [2023-09-25T09:35:14.901025 #18645]  INFO -- : lab.rism: Source #406003468: =596  ##$aA/I$bE 685; EE 685
 ==> =596  ##$aA/I$bE 685; EE 685

I, [2023-09-25T09:35:15.152543 #18645]  INFO -- : lab.rism: Source #406003469: =596  ##$aA/I$bE 685; EE 685
 ==> =596  ##$aA/I$bE 685; EE 685

I, [2023-09-25T09:35:15.382806 #18645]  INFO -- : lab.rism: Source #406003470: =596  ##$aA/I$bE 685; EE 685
 ==> =596  ##$aA/I$bE 685; EE 685

I, [2023-09-25T09:35:15.692261 #18645]  INFO -- : lab.rism: Source #406003471: =596  ##$aA/I$bE 685; EE 685
 ==> =596  ##$aA/I$bE 685; EE 685

I, [2023-09-25T09:35:15.848780 #18645]  INFO -- : lab.rism: Source #406003472: =596  ##$aA/I$bE 685; EE 685
 ==> =596  ##$aA/I$bE 685; EE 685

I, [2023-09-25T09:35:16.155656 #18645]  INFO -- : lab.rism: Source #406003473: =596  ##$aA/I$bE 685; EE 685
 ==> =596  ##$aA/I$bE 685; EE 685

I, [2023-09-25T09:35:16.428455 #18645]  INFO -- : lab.rism: Source #406003476: =596  ##$aA/I$bK 1033; KK 1033
 ==> =596  ##$aA/I$bK 1033; KK 1033

I, [2023-09-25T09:35:16.687941 #18645]  INFO -- : lab.rism: Source #406003477: =596  ##$aA/I$bK 1033; KK 1033
 ==> =596  ##$aA/I$bK 1033; KK 1033

I, [2023-09-25T09:35:17.568494 #18645]  INFO -- : lab.rism: Source #406003478: =596  ##$aA/I$bK 1033; KK 1033
 ==> =596  ##$aA/I$bK 1033; KK 1033

I, [2023-09-25T09:35:17.793623 #18645]  INFO -- : lab.rism: Source #406003479: =596  ##$aA/I$bK 1033; KK 1033
 ==> =596  ##$aA/I$bK 1033; KK 1033

I, [2023-09-25T09:35:17.958520 #18645]  INFO -- : lab.rism: Source #406003480: =596  ##$aA/I$bK 1033; KK 1033
 ==> =596  ##$aA/I$bK 1033; KK 1033

I, [2023-09-25T09:35:18.177927 #18645]  INFO -- : lab.rism: Source #406003481: =596  ##$aA/I$bK 1033; KK 1033
 ==> =596  ##$aA/I$bK 1033; KK 1033

I, [2023-09-25T09:35:18.400872 #18645]  INFO -- : lab.rism: Source #406003482: =596  ##$aA/I$bK 1033; KK 1033
 ==> =596  ##$aA/I$bK 1033; KK 1033

I, [2023-09-25T09:35:18.627097 #18645]  INFO -- : lab.rism: Source #406003484: =596  ##$aA/I$bL 1086; LL 1086
 ==> =596  ##$aA/I$bL 1086; LL 1086

I, [2023-09-25T09:35:18.866809 #18645]  INFO -- : lab.rism: Source #406003485: =596  ##$aA/I$bL 1086; LL 1086
 ==> =596  ##$aA/I$bL 1086; LL 1086

I, [2023-09-25T09:35:19.015219 #18645]  INFO -- : lab.rism: Source #406003486: =596  ##$aA/I$bL 1086; LL 1086
 ==> =596  ##$aA/I$bL 1086; LL 1086

I, [2023-09-25T09:35:19.242038 #18645]  INFO -- : lab.rism: Source #406003487: =596  ##$aA/I$bL 1086; LL 1086
 ==> =596  ##$aA/I$bL 1086; LL 1086

I, [2023-09-25T09:35:19.486341 #18645]  INFO -- : lab.rism: Source #406003488: =596  ##$aA/I$bL 1086; LL 1086
 ==> =596  ##$aA/I$bL 1086; LL 1086

I, [2023-09-25T09:35:19.688264 #18645]  INFO -- : lab.rism: Source #406003489: =596  ##$aA/I$bL 1086; LL 1086
 ==> =596  ##$aA/I$bL 1086; LL 1086

I, [2023-09-25T09:35:19.892629 #18645]  INFO -- : lab.rism: Source #406003490: =596  ##$aA/I$bL 1086; LL 1086
 ==> =596  ##$aA/I$bL 1086; LL 1086

I, [2023-09-25T09:35:20.075310 #18645]  INFO -- : lab.rism: Source #406003491: =596  ##$aA/I$bL 1086; LL 1086
 ==> =596  ##$aA/I$bL 1086; LL 1086

I, [2023-09-25T09:35:20.216464 #18645]  INFO -- : lab.rism: Source #406003492: =596  ##$aA/I$bL 1086; LL 1086
 ==> =596  ##$aA/I$bL 1086; LL 1086

I, [2023-09-25T09:35:20.468388 #18645]  INFO -- : lab.rism: Source #406003493: =596  ##$aA/I$bL 1086; LL 1086
 ==> =596  ##$aA/I$bL 1086; LL 1086

I, [2023-09-25T09:35:20.733797 #18645]  INFO -- : lab.rism: Source #406003495: =596  ##$aA/I$bL 1086; LL 1086
 ==> =596  ##$aA/I$bL 1086; LL 1086

I, [2023-09-25T09:35:20.946962 #18645]  INFO -- : lab.rism: Source #406003496: =596  ##$aA/I$bL 1086; LL 1086
 ==> =596  ##$aA/I$bL 1086; LL 1086

I, [2023-09-25T09:35:21.250098 #18645]  INFO -- : lab.rism: Source #406003497: =596  ##$aA/I$bL 1086; LL 1086
 ==> =596  ##$aA/I$bL 1086; LL 1086

I, [2023-09-25T09:35:21.552188 #18645]  INFO -- : lab.rism: Source #406003498: =596  ##$aA/I$bL 1086; LL 1086
 ==> =596  ##$aA/I$bL 1086; LL 1086

I, [2023-09-25T09:35:21.795879 #18645]  INFO -- : lab.rism: Source #406003499: =596  ##$aA/I$bL 1086; LL 1086
 ==> =596  ##$aA/I$bL 1086; LL 1086

I, [2023-09-25T09:35:21.936154 #18645]  INFO -- : lab.rism: Source #406003500: =596  ##$aA/I$bL 1086; LL 1086
 ==> =596  ##$aA/I$bL 1086; LL 1086

I, [2023-09-25T09:35:22.094733 #18645]  INFO -- : lab.rism: Source #406003501: =596  ##$aA/I$bL 1086; LL 1086
 ==> =596  ##$aA/I$bL 1086; LL 1086

I, [2023-09-25T09:35:22.403409 #18645]  INFO -- : lab.rism: Source #406003502: =596  ##$aA/I$bL 1086; LL 1086
 ==> =596  ##$aA/I$bL 1086; LL 1086

I, [2023-09-25T09:35:22.586515 #18645]  INFO -- : lab.rism: Source #406003503: =596  ##$aA/I$bL 1086; LL 1086
 ==> =596  ##$aA/I$bL 1086; LL 1086

I, [2023-09-25T09:35:22.753392 #18645]  INFO -- : lab.rism: Source #406003504: =596  ##$aA/I$bL 1086; LL 1086
 ==> =596  ##$aA/I$bL 1086; LL 1086

I, [2023-09-25T09:35:22.962119 #18645]  INFO -- : lab.rism: Source #406003521: =596  ##$aA/I$bK 1035; KK 1035
 ==> =596  ##$aA/I$bK 1035; KK 1035

I, [2023-09-25T09:35:23.213376 #18645]  INFO -- : lab.rism: Source #406003522: =596  ##$aA/I$bK 1035; KK 1035
 ==> =596  ##$aA/I$bK 1035; KK 1035

I, [2023-09-25T09:35:23.379158 #18645]  INFO -- : lab.rism: Source #406003523: =596  ##$aA/I$bK 1035; KK 1035
 ==> =596  ##$aA/I$bK 1035; KK 1035

I, [2023-09-25T09:35:23.570806 #18645]  INFO -- : lab.rism: Source #406003524: =596  ##$aA/I$bK 1035; KK 1035
 ==> =596  ##$aA/I$bK 1035; KK 1035

I, [2023-09-25T09:35:23.788909 #18645]  INFO -- : lab.rism: Source #406003552: =596  ##$aA/I$bD 3549; DD 3549
 ==> =596  ##$aA/I$bD 3549; DD 3549

I, [2023-09-25T09:35:24.058063 #18645]  INFO -- : lab.rism: Source #406003553: =596  ##$aA/I$bD 3549; DD 3549
 ==> =596  ##$aA/I$bD 3549; DD 3549

I, [2023-09-25T09:35:24.332943 #18645]  INFO -- : lab.rism: Source #406003554: =596  ##$aA/I$bD 3549; DD 3549
 ==> =596  ##$aA/I$bD 3549; DD 3549

I, [2023-09-25T09:35:24.591211 #18645]  INFO -- : lab.rism: Source #406003555: =596  ##$aA/I$bD 3549; DD 3549
 ==> =596  ##$aA/I$bD 3549; DD 3549

I, [2023-09-25T09:35:24.866143 #18645]  INFO -- : lab.rism: Source #406003556: =596  ##$aA/I$bD 3549; DD 3549
 ==> =596  ##$aA/I$bD 3549; DD 3549

I, [2023-09-25T09:35:25.202304 #18645]  INFO -- : lab.rism: Source #406003557: =596  ##$aA/I$bD 3549; DD 3549
 ==> =596  ##$aA/I$bD 3549; DD 3549

I, [2023-09-25T09:35:25.530199 #18645]  INFO -- : lab.rism: Source #406003561: =596  ##$aA/I$bD 3553; DD 3553
 ==> =596  ##$aA/I$bD 3553; DD 3553

I, [2023-09-25T09:35:25.927923 #18645]  INFO -- : lab.rism: Source #406003562: =596  ##$aA/I$bD 3553; DD 3553
 ==> =596  ##$aA/I$bD 3553; DD 3553

I, [2023-09-25T09:35:26.268357 #18645]  INFO -- : lab.rism: Source #406003563: =596  ##$aA/I$bD 3553; DD 3553
 ==> =596  ##$aA/I$bD 3553; DD 3553

I, [2023-09-25T09:35:26.612090 #18645]  INFO -- : lab.rism: Source #406003564: =596  ##$aA/I$bD 3553; DD 3553
 ==> =596  ##$aA/I$bD 3553; DD 3553

I, [2023-09-25T09:35:26.834324 #18645]  INFO -- : lab.rism: Source #406003565: =596  ##$aA/I$bD 3553; DD 3553
 ==> =596  ##$aA/I$bD 3553; DD 3553

I, [2023-09-25T09:35:27.102372 #18645]  INFO -- : lab.rism: Source #406003566: =596  ##$aA/I$bD 3553; DD 3553
 ==> =596  ##$aA/I$bD 3553; DD 3553

I, [2023-09-25T09:35:27.398007 #18645]  INFO -- : lab.rism: Source #406003568: =596  ##$aA/I$bD 3557; DD 3557
 ==> =596  ##$aA/I$bD 3557; DD 3557

I, [2023-09-25T09:35:27.909836 #18645]  INFO -- : lab.rism: Source #406003569: =596  ##$aA/I$bD 3557; DD 3557
 ==> =596  ##$aA/I$bD 3557; DD 3557

I, [2023-09-25T09:35:28.245504 #18645]  INFO -- : lab.rism: Source #406003570: =596  ##$aA/I$bD 3557; DD 3557
 ==> =596  ##$aA/I$bD 3557; DD 3557

I, [2023-09-25T09:35:28.521501 #18645]  INFO -- : lab.rism: Source #406003571: =596  ##$aA/I$bD 3557; DD 3557
 ==> =596  ##$aA/I$bD 3557; DD 3557

I, [2023-09-25T09:35:28.811615 #18645]  INFO -- : lab.rism: Source #406003572: =596  ##$aA/I$bD 3557; DD 3557
 ==> =596  ##$aA/I$bD 3557; DD 3557

I, [2023-09-25T09:35:29.054177 #18645]  INFO -- : lab.rism: Source #406003573: =596  ##$aA/I$bD 3557; DD 3557
 ==> =596  ##$aA/I$bD 3557; DD 3557

I, [2023-09-25T09:35:29.527618 #18645]  INFO -- : lab.rism: Source #406003574: =596  ##$aA/I$bD 3557; DD 3557
 ==> =596  ##$aA/I$bD 3557; DD 3557

I, [2023-09-25T09:35:29.810619 #18645]  INFO -- : lab.rism: Source #406003575: =596  ##$aA/I$bD 3557; DD 3557
 ==> =596  ##$aA/I$bD 3557; DD 3557

I, [2023-09-25T09:35:30.045434 #18645]  INFO -- : lab.rism: Source #406003576: =596  ##$aA/I$bD 3557; DD 3557
 ==> =596  ##$aA/I$bD 3557; DD 3557

I, [2023-09-25T09:35:30.272526 #18645]  INFO -- : lab.rism: Source #406003579: =596  ##$aA/I$bG 2592; GG 2592
 ==> =596  ##$aA/I$bG 2592; GG 2592

I, [2023-09-25T09:35:30.692389 #18645]  INFO -- : lab.rism: Source #406003580: =596  ##$aA/I$bG 2592; GG 2592
 ==> =596  ##$aA/I$bG 2592; GG 2592

I, [2023-09-25T09:35:30.905074 #18645]  INFO -- : lab.rism: Source #406003581: =596  ##$aA/I$bG 2592; GG 2592
 ==> =596  ##$aA/I$bG 2592; GG 2592

I, [2023-09-25T09:35:31.189771 #18645]  INFO -- : lab.rism: Source #406003582: =596  ##$aA/I$bG 2592; GG 2592
 ==> =596  ##$aA/I$bG 2592; GG 2592

I, [2023-09-25T09:35:31.581135 #18645]  INFO -- : lab.rism: Source #406003583: =596  ##$aA/I$bG 2592; GG 2592
 ==> =596  ##$aA/I$bG 2592; GG 2592

I, [2023-09-25T09:35:31.800406 #18645]  INFO -- : lab.rism: Source #406003584: =596  ##$aA/I$bG 2592; GG 2592
 ==> =596  ##$aA/I$bG 2592; GG 2592

I, [2023-09-25T09:35:32.053466 #18645]  INFO -- : lab.rism: Source #406003586: =596  ##$aA/I$bG 4754; GG 4754
 ==> =596  ##$aA/I$bG 4754; GG 4754

I, [2023-09-25T09:35:32.472550 #18645]  INFO -- : lab.rism: Source #406003587: =596  ##$aA/I$bG 4754; GG 4754
 ==> =596  ##$aA/I$bG 4754; GG 4754

I, [2023-09-25T09:35:32.686280 #18645]  INFO -- : lab.rism: Source #406003588: =596  ##$aA/I$bG 4754; GG 4754
 ==> =596  ##$aA/I$bG 4754; GG 4754

I, [2023-09-25T09:35:32.948522 #18645]  INFO -- : lab.rism: Source #406003589: =596  ##$aA/I$bG 4754; GG 4754
 ==> =596  ##$aA/I$bG 4754; GG 4754

I, [2023-09-25T09:35:33.231745 #18645]  INFO -- : lab.rism: Source #406003590: =596  ##$aA/I$bG 4754; GG 4754
 ==> =596  ##$aA/I$bG 4754; GG 4754

I, [2023-09-25T09:35:33.631177 #18645]  INFO -- : lab.rism: Source #406003591: =596  ##$aA/I$bG 4754; GG 4754
 ==> =596  ##$aA/I$bG 4754; GG 4754

I, [2023-09-25T09:35:33.898141 #18645]  INFO -- : lab.rism: Source #406003592: =596  ##$aA/I$bG 4754; GG 4754
 ==> =596  ##$aA/I$bG 4754; GG 4754

I, [2023-09-25T09:35:34.183522 #18645]  INFO -- : lab.rism: Source #406003593: =596  ##$aA/I$bG 4754; GG 4754
 ==> =596  ##$aA/I$bG 4754; GG 4754

I, [2023-09-25T09:35:34.489517 #18645]  INFO -- : lab.rism: Source #406003594: =596  ##$aA/I$bG 4754; GG 4754
 ==> =596  ##$aA/I$bG 4754; GG 4754

I, [2023-09-25T09:35:34.756275 #18645]  INFO -- : lab.rism: Source #406003595: =596  ##$aA/I$bG 4754; GG 4754
 ==> =596  ##$aA/I$bG 4754; GG 4754

I, [2023-09-25T09:35:35.094911 #18645]  INFO -- : lab.rism: Source #406003596: =596  ##$aA/I$bG 4754; GG 4754
 ==> =596  ##$aA/I$bG 4754; GG 4754

I, [2023-09-25T09:35:35.309548 #18645]  INFO -- : lab.rism: Source #406003597: =596  ##$aA/I$bG 4754; GG 4754
 ==> =596  ##$aA/I$bG 4754; GG 4754

I, [2023-09-25T09:35:35.658500 #18645]  INFO -- : lab.rism: Source #406003598: =596  ##$aA/I$bG 4754; GG 4754
 ==> =596  ##$aA/I$bG 4754; GG 4754

I, [2023-09-25T09:35:35.989124 #18645]  INFO -- : lab.rism: Source #406003599: =596  ##$aA/I$bG 4754; GG 4754
 ==> =596  ##$aA/I$bG 4754; GG 4754

I, [2023-09-25T09:35:36.215011 #18645]  INFO -- : lab.rism: Source #406003600: =596  ##$aA/I$bG 4754; GG 4754
 ==> =596  ##$aA/I$bG 4754; GG 4754

I, [2023-09-25T09:35:36.476459 #18645]  INFO -- : lab.rism: Source #406003601: =596  ##$aA/I$bG 4754; GG 4754
 ==> =596  ##$aA/I$bG 4754; GG 4754

I, [2023-09-25T09:35:36.691297 #18645]  INFO -- : lab.rism: Source #406003602: =596  ##$aA/I$bG 4754; GG 4754
 ==> =596  ##$aA/I$bG 4754; GG 4754

I, [2023-09-25T09:35:36.950493 #18645]  INFO -- : lab.rism: Source #406003603: =596  ##$aA/I$bG 4754; GG 4754
 ==> =596  ##$aA/I$bG 4754; GG 4754

I, [2023-09-25T09:35:37.181358 #18645]  INFO -- : lab.rism: Source #406003604: =596  ##$aA/I$bG 4754; GG 4754
 ==> =596  ##$aA/I$bG 4754; GG 4754

I, [2023-09-25T09:35:37.603141 #18645]  INFO -- : lab.rism: Source #406003605: =596  ##$aA/I$bG 4754; GG 4754
 ==> =596  ##$aA/I$bG 4754; GG 4754

I, [2023-09-25T09:35:37.783757 #18645]  INFO -- : lab.rism: Source #406003606: =596  ##$aA/I$bG 4754; GG 4754
 ==> =596  ##$aA/I$bG 4754; GG 4754

I, [2023-09-25T09:35:38.040854 #18645]  INFO -- : lab.rism: Source #406003607: =596  ##$aA/I$bG 4754; GG 4754
 ==> =596  ##$aA/I$bG 4754; GG 4754

I, [2023-09-25T09:35:38.234622 #18645]  INFO -- : lab.rism: Source #406003608: =596  ##$aA/I$bG 4754; GG 4754
 ==> =596  ##$aA/I$bG 4754; GG 4754

I, [2023-09-25T09:35:38.483451 #18645]  INFO -- : lab.rism: Source #406003609: =596  ##$aA/I$bG 4754; GG 4754
 ==> =596  ##$aA/I$bG 4754; GG 4754

I, [2023-09-25T09:35:38.685647 #18645]  INFO -- : lab.rism: Source #406003615: =596  ##$aA/I$bD 3560; DD 3560
 ==> =596  ##$aA/I$bD 3560; DD 3560

I, [2023-09-25T09:35:38.976215 #18645]  INFO -- : lab.rism: Source #406003616: =596  ##$aA/I$bD 3560; DD 3560
 ==> =596  ##$aA/I$bD 3560; DD 3560

I, [2023-09-25T09:35:39.294799 #18645]  INFO -- : lab.rism: Source #406003617: =596  ##$aA/I$bD 3560; DD 3560
 ==> =596  ##$aA/I$bD 3560; DD 3560

I, [2023-09-25T09:35:39.621181 #18645]  INFO -- : lab.rism: Source #406003618: =596  ##$aA/I$bD 3560; DD 3560
 ==> =596  ##$aA/I$bD 3560; DD 3560

I, [2023-09-25T09:35:39.873506 #18645]  INFO -- : lab.rism: Source #406003619: =596  ##$aA/I$bD 3560; DD 3560
 ==> =596  ##$aA/I$bD 3560; DD 3560

I, [2023-09-25T09:35:40.257454 #18645]  INFO -- : lab.rism: Source #406003620: =596  ##$aA/I$bD 3560; DD 3560
 ==> =596  ##$aA/I$bD 3560; DD 3560

I, [2023-09-25T09:35:40.600661 #18645]  INFO -- : lab.rism: Source #406003622: =596  ##$aA/I$bS 2123; SS 2123
 ==> =596  ##$aA/I$bS 2123; SS 2123

I, [2023-09-25T09:35:40.948419 #18645]  INFO -- : lab.rism: Source #406003623: =596  ##$aA/I$bS 2123; SS 2123
 ==> =596  ##$aA/I$bS 2123; SS 2123

I, [2023-09-25T09:35:41.223394 #18645]  INFO -- : lab.rism: Source #406003624: =596  ##$aA/I$bS 2123; SS 2123
 ==> =596  ##$aA/I$bS 2123; SS 2123

I, [2023-09-25T09:35:41.516501 #18645]  INFO -- : lab.rism: Source #406003625: =596  ##$aA/I$bS 2123; SS 2123
 ==> =596  ##$aA/I$bS 2123; SS 2123

I, [2023-09-25T09:35:41.744466 #18645]  INFO -- : lab.rism: Source #406003626: =596  ##$aA/I$bS 2123; SS 2123
 ==> =596  ##$aA/I$bS 2123; SS 2123

I, [2023-09-25T09:35:42.002194 #18645]  INFO -- : lab.rism: Source #406003627: =596  ##$aA/I$bS 2123; SS 2123
 ==> =596  ##$aA/I$bS 2123; SS 2123

I, [2023-09-25T09:35:42.219108 #18645]  INFO -- : lab.rism: Source #406003628: =596  ##$aA/I$bS 2123; SS 2123
 ==> =596  ##$aA/I$bS 2123; SS 2123

I, [2023-09-25T09:35:42.491126 #18645]  INFO -- : lab.rism: Source #406003629: =596  ##$aA/I$bS 2123; SS 2123
 ==> =596  ##$aA/I$bS 2123; SS 2123

I, [2023-09-25T09:35:42.752848 #18645]  INFO -- : lab.rism: Source #406003630: =596  ##$aA/I$bS 2123; SS 2123
 ==> =596  ##$aA/I$bS 2123; SS 2123

I, [2023-09-25T09:35:42.943735 #18645]  INFO -- : lab.rism: Source #406003631: =596  ##$aA/I$bS 2123; SS 2123
 ==> =596  ##$aA/I$bS 2123; SS 2123

I, [2023-09-25T09:35:43.196683 #18645]  INFO -- : lab.rism: Source #406003632: =596  ##$aA/I$bS 2123; SS 2123
 ==> =596  ##$aA/I$bS 2123; SS 2123

I, [2023-09-25T09:35:43.475437 #18645]  INFO -- : lab.rism: Source #406003633: =596  ##$aA/I$bS 2123; SS 2123
 ==> =596  ##$aA/I$bS 2123; SS 2123

I, [2023-09-25T09:35:43.670048 #18645]  INFO -- : lab.rism: Source #406003634: =596  ##$aA/I$bS 2123; SS 2123
 ==> =596  ##$aA/I$bS 2123; SS 2123

I, [2023-09-25T09:35:43.919225 #18645]  INFO -- : lab.rism: Source #406003635: =596  ##$aA/I$bS 2123; SS 2123
 ==> =596  ##$aA/I$bS 2123; SS 2123

I, [2023-09-25T09:35:44.206825 #18645]  INFO -- : lab.rism: Source #406003636: =596  ##$aA/I$bS 2123; SS 2123
 ==> =596  ##$aA/I$bS 2123; SS 2123

I, [2023-09-25T09:35:44.470547 #18645]  INFO -- : lab.rism: Source #406003637: =596  ##$aA/I$bS 2123; SS 2123
 ==> =596  ##$aA/I$bS 2123; SS 2123

I, [2023-09-25T09:35:44.732453 #18645]  INFO -- : lab.rism: Source #406003639: =596  ##$aA/I$bG 4652; GG 4652
 ==> =596  ##$aA/I$bG 4652; GG 4652

I, [2023-09-25T09:35:45.176112 #18645]  INFO -- : lab.rism: Source #406003640: =596  ##$aA/I$bG 4652; GG 4652
 ==> =596  ##$aA/I$bG 4652; GG 4652

I, [2023-09-25T09:35:45.591757 #18645]  INFO -- : lab.rism: Source #406003641: =596  ##$aA/I$bG 4652; GG 4652
 ==> =596  ##$aA/I$bG 4652; GG 4652

I, [2023-09-25T09:35:45.881507 #18645]  INFO -- : lab.rism: Source #406003642: =596  ##$aA/I$bG 4652; GG 4652
 ==> =596  ##$aA/I$bG 4652; GG 4652

I, [2023-09-25T09:35:46.210692 #18645]  INFO -- : lab.rism: Source #406003652: =596  ##$aA/I$bK 1908; KK 1908
 ==> =596  ##$aA/I$bK 1908; KK 1908

I, [2023-09-25T09:35:46.580066 #18645]  INFO -- : lab.rism: Source #406003653: =596  ##$aA/I$bK 1908; KK 1908
 ==> =596  ##$aA/I$bK 1908; KK 1908

I, [2023-09-25T09:35:46.782334 #18645]  INFO -- : lab.rism: Source #406003654: =596  ##$aA/I$bK 1908; KK 1908
 ==> =596  ##$aA/I$bK 1908; KK 1908

I, [2023-09-25T09:35:47.074526 #18645]  INFO -- : lab.rism: Source #406003655: =596  ##$aA/I$bK 1908; KK 1908
 ==> =596  ##$aA/I$bK 1908; KK 1908

I, [2023-09-25T09:35:48.447955 #18645]  INFO -- : lab.rism: Source #406003656: =596  ##$aA/I$bK 1908; KK 1908
 ==> =596  ##$aA/I$bK 1908; KK 1908

I, [2023-09-25T09:35:48.656729 #18645]  INFO -- : lab.rism: Source #406003657: =596  ##$aA/I$bK 1908; KK 1908
 ==> =596  ##$aA/I$bK 1908; KK 1908

I, [2023-09-25T09:35:48.813745 #18645]  INFO -- : lab.rism: Source #406003659: =596  ##$aA/I$bL 751; LL 751
 ==> =596  ##$aA/I$bL 751; LL 751

I, [2023-09-25T09:35:49.189917 #18645]  INFO -- : lab.rism: Source #406003660: =596  ##$aA/I$bL 751; LL 751
 ==> =596  ##$aA/I$bL 751; LL 751

I, [2023-09-25T09:35:49.623946 #18645]  INFO -- : lab.rism: Source #406003661: =596  ##$aA/I$bL 751; LL 751
 ==> =596  ##$aA/I$bL 751; LL 751

I, [2023-09-25T09:35:49.967731 #18645]  INFO -- : lab.rism: Source #406003662: =596  ##$aA/I$bL 751; LL 751
 ==> =596  ##$aA/I$bL 751; LL 751

I, [2023-09-25T09:35:50.391032 #18645]  INFO -- : lab.rism: Source #406003663: =596  ##$aA/I$bL 751; LL 751
 ==> =596  ##$aA/I$bL 751; LL 751

I, [2023-09-25T09:35:50.752206 #18645]  INFO -- : lab.rism: Source #406003664: =596  ##$aA/I$bL 751; LL 751
 ==> =596  ##$aA/I$bL 751; LL 751

I, [2023-09-25T09:35:51.160266 #18645]  INFO -- : lab.rism: Source #406003666: =596  ##$aA/I$bD 3568; DD 3568
 ==> =596  ##$aA/I$bD 3568; DD 3568

I, [2023-09-25T09:35:51.585325 #18645]  INFO -- : lab.rism: Source #406003667: =596  ##$aA/I$bD 3568; DD 3568
 ==> =596  ##$aA/I$bD 3568; DD 3568

I, [2023-09-25T09:35:51.860105 #18645]  INFO -- : lab.rism: Source #406003668: =596  ##$aA/I$bD 3568; DD 3568
 ==> =596  ##$aA/I$bD 3568; DD 3568

I, [2023-09-25T09:35:52.110899 #18645]  INFO -- : lab.rism: Source #406003669: =596  ##$aA/I$bD 3568; DD 3568
 ==> =596  ##$aA/I$bD 3568; DD 3568

I, [2023-09-25T09:35:52.722041 #18645]  INFO -- : lab.rism: Source #406003670: =596  ##$aA/I$bD 3568; DD 3568
 ==> =596  ##$aA/I$bD 3568; DD 3568

I, [2023-09-25T09:35:53.060121 #18645]  INFO -- : lab.rism: Source #406003671: =596  ##$aA/I$bD 3568; DD 3568
 ==> =596  ##$aA/I$bD 3568; DD 3568

I, [2023-09-25T09:35:53.391454 #18645]  INFO -- : lab.rism: Source #406003713: =596  ##$aA/I$bF 1040; FF 1040
 ==> =596  ##$aA/I$bF 1040; FF 1040

I, [2023-09-25T09:35:53.968751 #18645]  INFO -- : lab.rism: Source #406003714: =596  ##$aA/I$bF 1040; FF 1040
 ==> =596  ##$aA/I$bF 1040; FF 1040

I, [2023-09-25T09:35:54.267597 #18645]  INFO -- : lab.rism: Source #406003715: =596  ##$aA/I$bF 1040; FF 1040
 ==> =596  ##$aA/I$bF 1040; FF 1040

I, [2023-09-25T09:35:56.239201 #18645]  INFO -- : lab.rism: Source #406003716: =596  ##$aA/I$bF 1040; FF 1040
 ==> =596  ##$aA/I$bF 1040; FF 1040

I, [2023-09-25T09:35:56.470082 #18645]  INFO -- : lab.rism: Source #406003717: =596  ##$aA/I$bF 1040; FF 1040
 ==> =596  ##$aA/I$bF 1040; FF 1040

I, [2023-09-25T09:35:56.623321 #18645]  INFO -- : lab.rism: Source #406003718: =596  ##$aA/I$bF 1040; FF 1040
 ==> =596  ##$aA/I$bF 1040; FF 1040

I, [2023-09-25T09:35:56.843914 #18645]  INFO -- : lab.rism: Source #406003746: =596  ##$aA/I$bP 1061; PP 1061
 ==> =596  ##$aA/I$bP 1061; PP 1061

I, [2023-09-25T09:35:57.426478 #18645]  INFO -- : lab.rism: Source #406003747: =596  ##$aA/I$bP 1061; PP 1061
 ==> =596  ##$aA/I$bP 1061; PP 1061

I, [2023-09-25T09:35:57.816134 #18645]  INFO -- : lab.rism: Source #406003748: =596  ##$aA/I$bP 1061; PP 1061
 ==> =596  ##$aA/I$bP 1061; PP 1061

I, [2023-09-25T09:35:58.141540 #18645]  INFO -- : lab.rism: Source #406003749: =596  ##$aA/I$bP 1061; PP 1061
 ==> =596  ##$aA/I$bP 1061; PP 1061

I, [2023-09-25T09:35:58.555341 #18645]  INFO -- : lab.rism: Source #406003750: =596  ##$aA/I$bP 1061; PP 1061
 ==> =596  ##$aA/I$bP 1061; PP 1061

I, [2023-09-25T09:35:58.911796 #18645]  INFO -- : lab.rism: Source #406003751: =596  ##$aA/I$bP 1061; PP 1061
 ==> =596  ##$aA/I$bP 1061; PP 1061

I, [2023-09-25T09:35:59.419514 #18645]  INFO -- : lab.rism: Source #409003482: =596  ##$aB/II$bp.191
 ==> =596  ##$aB/II$bp.191

I, [2023-09-25T09:35:59.975515 #18645]  INFO -- : lab.rism: Source #409003486: =596  ##$aB/II$bp.191
 ==> =596  ##$aB/II$bp.191

I, [2023-09-25T09:36:00.342764 #18645]  INFO -- : lab.rism: Source #409003489: =596  ##$aB/II$bp.191
 ==> =596  ##$aB/II$bp.191

I, [2023-09-25T09:36:00.508192 #18645]  INFO -- : lab.rism: Source #409003492: =596  ##$aB/II$bp.191
 ==> =596  ##$aB/II$bp.191

I, [2023-09-25T09:36:00.946795 #18645]  INFO -- : lab.rism: Source #409003495: =596  ##$aB/II$bp.191
 ==> =596  ##$aB/II$bp.191

I, [2023-09-25T09:36:01.288766 #18645]  INFO -- : lab.rism: Source #409003498: =596  ##$aB/II$bp.191
 ==> =596  ##$aB/II$bp.191

I, [2023-09-25T09:36:01.560462 #18645]  INFO -- : lab.rism: Source #409003501: =596  ##$aB/II$bp.191
 ==> =596  ##$aB/II$bp.191

I, [2023-09-25T09:36:01.849736 #18645]  INFO -- : lab.rism: Source #409003522: =596  ##$aB/II$bp.191
 ==> =596  ##$aB/II$bp.191

I, [2023-09-25T09:36:02.260961 #18645]  INFO -- : lab.rism: Source #409003530: =596  ##$aB/II$bp.191
 ==> =596  ##$aB/II$bp.191

I, [2023-09-25T09:36:02.511883 #18645]  INFO -- : lab.rism: Source #409003533: =596  ##$aB/II$bp.191
 ==> =596  ##$aB/II$bp.191

I, [2023-09-25T09:36:02.710448 #18645]  INFO -- : lab.rism: Source #409003534: =596  ##$aB/II$bp.191
 ==> =596  ##$aB/II$bp.191

I, [2023-09-25T09:36:02.818931 #18645]  INFO -- : lab.rism: Source #409003538: =596  ##$aB/II$bp.191
 ==> =596  ##$aB/II$bp.191

I, [2023-09-25T09:36:03.027246 #18645]  INFO -- : lab.rism: Source #409003541: =596  ##$aB/II$bp.191
 ==> =596  ##$aB/II$bp.191

I, [2023-09-25T09:36:03.370494 #18645]  INFO -- : lab.rism: Source #409003542: =596  ##$aB/II$bp.191
 ==> =596  ##$aB/II$bp.191

I, [2023-09-25T09:36:03.477949 #18645]  INFO -- : lab.rism: Source #409003545: =596  ##$aB/II$bp.191
 ==> =596  ##$aB/II$bp.191

I, [2023-09-25T09:36:03.586762 #18645]  INFO -- : lab.rism: Source #409003548: =596  ##$aB/II$bp.191
 ==> =596  ##$aB/II$bp.191

I, [2023-09-25T09:36:03.711218 #18645]  INFO -- : lab.rism: Source #409003549: =596  ##$aB/II$bp.191
 ==> =596  ##$aB/II$bp.191

I, [2023-09-25T09:36:03.869409 #18645]  INFO -- : lab.rism: Source #410001185: =596  ##$aA/I$bGG 5528
 ==> =596  ##$aA/I$bGG 5528

I, [2023-09-25T09:36:04.036961 #18645]  INFO -- : lab.rism: Source #410003530: =596  ##$aA/I$bR 297
 ==> =596  ##$aA/I$bR 297

I, [2023-09-25T09:36:04.396305 #18645]  INFO -- : lab.rism: Source #410003966: =596  ##$aA/I$bVV 2474
 ==> =596  ##$aA/I$bVV 2474

I, [2023-09-25T09:36:04.632847 #18645]  INFO -- : lab.rism: Source #410003980: =596  ##$aA/I$bVV 2474
 ==> =596  ##$aA/I$bVV 2474

I, [2023-09-25T09:36:04.815656 #18645]  INFO -- : lab.rism: Source #410003985: =596  ##$aA/I$bVV 2474
 ==> =596  ##$aA/I$bVV 2474

I, [2023-09-25T09:36:04.997629 #18645]  INFO -- : lab.rism: Source #410007506: =596  ##$aA/I$bBB 2640a50
 ==> =596  ##$aA/I$bBB 2640a50

I, [2023-09-25T09:38:22.344595 #18645]  INFO -- : lab.rism: Source #990043837: =596  ##$aB/II$bp.191
 ==> =596  ##$aB/II$bp.191

