# Logfile created on 2023-06-19 10:58:38 +0200 by logger.rb/v1.4.2
I, [2023-06-19T10:58:38.397769 #22362]  INFO -- : lab.rism: Size of collection --> 6041
I, [2023-06-19T10:58:38.458831 #22362]  INFO -- : lab.rism: Holding #990000076:2335 '$4' added 'oth'
I, [2023-06-19T10:58:38.792583 #22362]  INFO -- : lab.rism: Holding #990003096:13221 '$4' added 'oth'
I, [2023-06-19T10:58:39.639437 #22362]  INFO -- : lab.rism: Holding #990051581:202481 '$4' added 'oth'
I, [2023-06-19T10:58:39.990179 #22362]  INFO -- : lab.rism: Holding #990070157:270579 '$4' added 'oth'
I, [2023-06-19T10:58:40.178414 #22362]  INFO -- : lab.rism: Holding #991012464:285402 '$4' added 'oth'
I, [2023-06-19T10:58:40.625286 #22362]  INFO -- : lab.rism: Holding #1001037816:51005500 '$4' added 'oth'
I, [2023-06-19T10:58:40.739616 #22362]  INFO -- : lab.rism: Holding #990025895:51006087 '$4' added 'oth'
I, [2023-06-19T10:58:40.896981 #22362]  INFO -- : lab.rism: Holding #990025821:51006090 '$4' added 'oth'
I, [2023-06-19T10:58:41.093107 #22362]  INFO -- : lab.rism: Holding #990069219:51006105 '$4' added 'oth'
I, [2023-06-19T10:58:41.269329 #22362]  INFO -- : lab.rism: Holding #990069222:51006129 '$4' added 'oth'
I, [2023-06-19T10:58:41.404006 #22362]  INFO -- : lab.rism: Holding #990064834:51006143 '$4' added 'oth'
I, [2023-06-19T10:58:41.676574 #22362]  INFO -- : lab.rism: Holding #990003049:51006177 '$4' added 'oth'
I, [2023-06-19T10:58:41.892324 #22362]  INFO -- : lab.rism: Holding #990021719:51006182 '$4' added 'oth'
I, [2023-06-19T10:58:41.979471 #22362]  INFO -- : lab.rism: Holding #1001081749:51006205 '$4' added 'oth'
I, [2023-06-19T10:58:42.114012 #22362]  INFO -- : lab.rism: Holding #1001081772:51006210 '$4' added 'oth'
I, [2023-06-19T10:58:42.247415 #22362]  INFO -- : lab.rism: Holding #1001081779:51006243 '$4' added 'oth'
I, [2023-06-19T10:58:42.369675 #22362]  INFO -- : lab.rism: Holding #990068881:51006277 '$4' added 'oth'
I, [2023-06-19T10:58:42.521674 #22362]  INFO -- : lab.rism: Holding #1001082060:51006400 '$4' added 'oth'
I, [2023-06-19T10:58:42.689983 #22362]  INFO -- : lab.rism: Holding #990003047:51006628 '$4' added 'oth'
I, [2023-06-19T10:58:42.898907 #22362]  INFO -- : lab.rism: Holding #990025827:51006721 '$4' added 'oth'
I, [2023-06-19T10:58:42.988860 #22362]  INFO -- : lab.rism: Holding #990026627:51006761 '$4' added 'oth'
I, [2023-06-19T10:58:43.108983 #22362]  INFO -- : lab.rism: Holding #1001085190:51006766 '$4' added 'oth'
I, [2023-06-19T10:58:43.281224 #22362]  INFO -- : lab.rism: Holding #1001085196:51006770 '$4' added 'oth'
I, [2023-06-19T10:58:43.417768 #22362]  INFO -- : lab.rism: Holding #1001085197:51006771 '$4' added 'oth'
I, [2023-06-19T10:58:43.542627 #22362]  INFO -- : lab.rism: Holding #1001085198:51006772 '$4' added 'oth'
I, [2023-06-19T10:58:43.778498 #22362]  INFO -- : lab.rism: Holding #1001085396:51006793 '$4' added 'oth'
I, [2023-06-19T10:58:43.971487 #22362]  INFO -- : lab.rism: Holding #1001085403:51006794 '$4' added 'oth'
I, [2023-06-19T10:58:44.169310 #22362]  INFO -- : lab.rism: Holding #1001085404:51006795 '$4' added 'oth'
I, [2023-06-19T10:58:44.243051 #22362]  INFO -- : lab.rism: Holding #1001085405:51006796 '$4' added 'oth'
I, [2023-06-19T10:58:44.432107 #22362]  INFO -- : lab.rism: Holding #1001085407:51006797 '$4' added 'oth'
I, [2023-06-19T10:58:44.569562 #22362]  INFO -- : lab.rism: Holding #1001085409:51006798 '$4' added 'oth'
I, [2023-06-19T10:58:44.817281 #22362]  INFO -- : lab.rism: Holding #1001085410:51006799 '$4' added 'oth'
I, [2023-06-19T10:58:45.019053 #22362]  INFO -- : lab.rism: Holding #1001085563:51006822 '$4' added 'oth'
I, [2023-06-19T10:58:45.150231 #22362]  INFO -- : lab.rism: Holding #1001085563:51006823 '$4' added 'oth'
I, [2023-06-19T10:58:45.275593 #22362]  INFO -- : lab.rism: Holding #1001085563:51006824 '$4' added 'oth'
I, [2023-06-19T10:58:45.350498 #22362]  INFO -- : lab.rism: Holding #1001085567:51006825 '$4' added 'oth'
I, [2023-06-19T10:58:45.500704 #22362]  INFO -- : lab.rism: Holding #1001085567:51006826 '$4' added 'oth'
I, [2023-06-19T10:58:45.686547 #22362]  INFO -- : lab.rism: Holding #1001085567:51006827 '$4' added 'oth'
I, [2023-06-19T10:58:45.776029 #22362]  INFO -- : lab.rism: Holding #1001085570:51006828 '$4' added 'oth'
I, [2023-06-19T10:58:45.956510 #22362]  INFO -- : lab.rism: Holding #1001085570:51006829 '$4' added 'oth'
I, [2023-06-19T10:58:46.251233 #22362]  INFO -- : lab.rism: Holding #1001085570:51006830 '$4' added 'oth'
I, [2023-06-19T10:58:46.411609 #22362]  INFO -- : lab.rism: Holding #1001085573:51006831 '$4' added 'oth'
I, [2023-06-19T10:58:46.484954 #22362]  INFO -- : lab.rism: Holding #1001085573:51006832 '$4' added 'oth'
I, [2023-06-19T10:58:46.662538 #22362]  INFO -- : lab.rism: Holding #1001085573:51006833 '$4' added 'oth'
I, [2023-06-19T10:58:46.885832 #22362]  INFO -- : lab.rism: Holding #1001085575:51006834 '$4' added 'oth'
I, [2023-06-19T10:58:46.971377 #22362]  INFO -- : lab.rism: Holding #1001085575:51006835 '$4' added 'oth'
I, [2023-06-19T10:58:47.102160 #22362]  INFO -- : lab.rism: Holding #1001085575:51006836 '$4' added 'oth'
I, [2023-06-19T10:58:47.212518 #22362]  INFO -- : lab.rism: Holding #1001085797:51006849 '$4' added 'oth'
I, [2023-06-19T10:58:47.285860 #22362]  INFO -- : lab.rism: Holding #1001085807:51006850 '$4' added 'oth'
I, [2023-06-19T10:58:47.420623 #22362]  INFO -- : lab.rism: Holding #1001085807:51006851 '$4' added 'oth'
I, [2023-06-19T10:58:47.487875 #22362]  INFO -- : lab.rism: Holding #1001085810:51006852 '$4' added 'oth'
I, [2023-06-19T10:58:47.687760 #22362]  INFO -- : lab.rism: Holding #1001085810:51006854 '$4' added 'oth'
I, [2023-06-19T10:58:47.836934 #22362]  INFO -- : lab.rism: Holding #1001085403:51006855 '$4' added 'oth'
I, [2023-06-19T10:58:47.946623 #22362]  INFO -- : lab.rism: Holding #1001085403:51006856 '$4' added 'oth'
I, [2023-06-19T10:58:48.030485 #22362]  INFO -- : lab.rism: Holding #1001085198:51006857 '$4' added 'oth'
I, [2023-06-19T10:58:48.162292 #22362]  INFO -- : lab.rism: Holding #1001085198:51006858 '$4' added 'oth'
I, [2023-06-19T10:58:48.297335 #22362]  INFO -- : lab.rism: Holding #1001085405:51006859 '$4' added 'oth'
I, [2023-06-19T10:58:48.364212 #22362]  INFO -- : lab.rism: Holding #1001085404:51006860 '$4' added 'oth'
I, [2023-06-19T10:58:48.439143 #22362]  INFO -- : lab.rism: Holding #1001085404:51006861 '$4' added 'oth'
I, [2023-06-19T10:58:48.652029 #22362]  INFO -- : lab.rism: Holding #1001085407:51006862 '$4' added 'oth'
I, [2023-06-19T10:58:48.788026 #22362]  INFO -- : lab.rism: Holding #1001085407:51006863 '$4' added 'oth'
I, [2023-06-19T10:58:48.856932 #22362]  INFO -- : lab.rism: Holding #990028798:51006880 '$4' added 'oth'
I, [2023-06-19T10:58:48.973301 #22362]  INFO -- : lab.rism: Holding #990055402:51006881 '$4' added 'oth'
I, [2023-06-19T10:58:49.113049 #22362]  INFO -- : lab.rism: Holding #990023631:51006882 '$4' added 'oth'
I, [2023-06-19T10:58:49.252855 #22362]  INFO -- : lab.rism: Holding #991005586:51006883 '$4' added 'oth'
I, [2023-06-19T10:58:49.364094 #22362]  INFO -- : lab.rism: Holding #1001086455:51006954 '$4' added 'oth'
I, [2023-06-19T10:58:49.438519 #22362]  INFO -- : lab.rism: Holding #990045864:51006955 '$4' added 'oth'
I, [2023-06-19T10:58:49.571933 #22362]  INFO -- : lab.rism: Holding #1001086594:51006984 '$4' added 'oth'
I, [2023-06-19T10:58:49.780949 #22362]  INFO -- : lab.rism: Holding #990026829:51007002 '$4' added 'oth'
I, [2023-06-19T10:58:49.855891 #22362]  INFO -- : lab.rism: Holding #1001086816:51007003 '$4' added 'oth'
I, [2023-06-19T10:58:50.014839 #22362]  INFO -- : lab.rism: Holding #1001086826:51007008 '$4' added 'oth'
I, [2023-06-19T10:58:50.180422 #22362]  INFO -- : lab.rism: Holding #1001086828:51007009 '$4' added 'oth'
I, [2023-06-19T10:58:50.312805 #22362]  INFO -- : lab.rism: Holding #1001087003:51007019 '$4' added 'oth'
I, [2023-06-19T10:58:50.481528 #22362]  INFO -- : lab.rism: Holding #1001087004:51007020 '$4' added 'oth'
I, [2023-06-19T10:58:50.748426 #22362]  INFO -- : lab.rism: Holding #1001087005:51007021 '$4' added 'oth'
I, [2023-06-19T10:58:50.957302 #22362]  INFO -- : lab.rism: Holding #1001087031:51007026 '$4' added 'oth'
I, [2023-06-19T10:58:51.079731 #22362]  INFO -- : lab.rism: Holding #1001087033:51007027 '$4' added 'oth'
I, [2023-06-19T10:58:51.239548 #22362]  INFO -- : lab.rism: Holding #1001087034:51007028 '$4' added 'oth'
I, [2023-06-19T10:58:51.407051 #22362]  INFO -- : lab.rism: Holding #1001087035:51007029 '$4' added 'oth'
I, [2023-06-19T10:58:51.473858 #22362]  INFO -- : lab.rism: Holding #1001087036:51007030 '$4' added 'oth'
I, [2023-06-19T10:58:51.874641 #22362]  INFO -- : lab.rism: Holding #1001087091:51007033 '$4' added 'oth'
I, [2023-06-19T10:58:51.982590 #22362]  INFO -- : lab.rism: Holding #1001087092:51007035 '$4' added 'oth'
I, [2023-06-19T10:58:52.057649 #22362]  INFO -- : lab.rism: Holding #1001087094:51007036 '$4' added 'oth'
I, [2023-06-19T10:58:52.287702 #22362]  INFO -- : lab.rism: Holding #1001087805:51007158 '$4' added 'oth'
I, [2023-06-19T10:58:52.374695 #22362]  INFO -- : lab.rism: Holding #990036850:51007329 '$4' added 'oth'
I, [2023-06-19T10:58:52.560595 #22362]  INFO -- : lab.rism: Holding #990036847:51007502 '$4' added 'oth'
I, [2023-06-19T10:58:52.848443 #22362]  INFO -- : lab.rism: Holding #1001080802:51007516 '$4' added 'oth'
I, [2023-06-19T10:58:52.967988 #22362]  INFO -- : lab.rism: Holding #1001080803:51007517 '$4' added 'oth'
I, [2023-06-19T10:58:53.117842 #22362]  INFO -- : lab.rism: Holding #1001080804:51007518 '$4' added 'oth'
I, [2023-06-19T10:58:53.308944 #22362]  INFO -- : lab.rism: Holding #1001080805:51007519 '$4' added 'oth'
I, [2023-06-19T11:00:22.443974 #22362]  INFO -- : lab.rism: Holding #1001080806:51007520 '$4' added 'oth'
I, [2023-06-19T11:00:22.528910 #22362]  INFO -- : lab.rism: Holding #1001094822:51008292 '$4' added 'oth'
I, [2023-06-19T11:00:22.650491 #22362]  INFO -- : lab.rism: Holding #990026707:51008307 '$4' added 'oth'
I, [2023-06-19T11:00:22.725905 #22362]  INFO -- : lab.rism: Holding #990043658:51008308 '$4' added 'oth'
I, [2023-06-19T11:00:22.805165 #22362]  INFO -- : lab.rism: Holding #991015755:51008309 '$4' added 'oth'
I, [2023-06-19T11:00:22.892858 #22362]  INFO -- : lab.rism: Holding #1001095270:51008323 '$4' added 'oth'
I, [2023-06-19T11:00:22.968013 #22362]  INFO -- : lab.rism: Holding #990036852:51008324 '$4' added 'oth'
I, [2023-06-19T11:00:23.048337 #22362]  INFO -- : lab.rism: Holding #1001095625:51008362 '$4' added 'oth'
I, [2023-06-19T11:00:23.176666 #22362]  INFO -- : lab.rism: Holding #991019760:51008363 '$4' added 'oth'
I, [2023-06-19T11:00:23.247674 #22362]  INFO -- : lab.rism: Holding #990045209:51008389 '$4' added 'oth'
I, [2023-06-19T11:00:23.361367 #22362]  INFO -- : lab.rism: Holding #990034390:51008390 '$4' added 'oth'
I, [2023-06-19T11:00:23.492065 #22362]  INFO -- : lab.rism: Holding #1001095952:51008394 '$4' added 'oth'
I, [2023-06-19T11:00:23.749855 #22362]  INFO -- : lab.rism: Holding #991017710:51008437 '$4' added 'oth'
I, [2023-06-19T11:00:23.941346 #22362]  INFO -- : lab.rism: Holding #1001096171:51008438 '$4' added 'oth'
I, [2023-06-19T11:00:24.078218 #22362]  INFO -- : lab.rism: Holding #1001096173:51008439 '$4' added 'oth'
I, [2023-06-19T11:00:24.188338 #22362]  INFO -- : lab.rism: Holding #990008389:51008440 '$4' added 'oth'
I, [2023-06-19T11:00:24.261513 #22362]  INFO -- : lab.rism: Holding #1001096928:51008611 '$4' added 'oth'
I, [2023-06-19T11:00:24.458989 #22362]  INFO -- : lab.rism: Holding #1001096935:51008615 '$4' added 'oth'
I, [2023-06-19T11:00:24.560791 #22362]  INFO -- : lab.rism: Holding #990069190:51008616 '$4' added 'oth'
I, [2023-06-19T11:00:24.653744 #22362]  INFO -- : lab.rism: Holding #990073192:51008622 '$4' added 'oth'
I, [2023-06-19T11:00:24.724110 #22362]  INFO -- : lab.rism: Holding #990032949:51008634 '$4' added 'oth'
I, [2023-06-19T11:00:24.799769 #22362]  INFO -- : lab.rism: Holding #990036858:51008636 '$4' added 'oth'
I, [2023-06-19T11:00:24.865991 #22362]  INFO -- : lab.rism: Holding #1001097061:51008637 '$4' added 'oth'
I, [2023-06-19T11:00:24.933026 #22362]  INFO -- : lab.rism: Holding #990054203:51008639 '$4' added 'oth'
I, [2023-06-19T11:00:25.013281 #22362]  INFO -- : lab.rism: Holding #1001097204:51008671 '$4' added 'oth'
I, [2023-06-19T11:00:25.096663 #22362]  INFO -- : lab.rism: Holding #1001097204:51008675 '$4' added 'oth'
I, [2023-06-19T11:00:25.164072 #22362]  INFO -- : lab.rism: Holding #1001097204:51008676 '$4' added 'oth'
I, [2023-06-19T11:00:25.288127 #22362]  INFO -- : lab.rism: Holding #1001097294:51008677 '$4' added 'oth'
I, [2023-06-19T11:00:25.417429 #22362]  INFO -- : lab.rism: Holding #1001097584:51008746 '$4' added 'oth'
I, [2023-06-19T11:00:25.514869 #22362]  INFO -- : lab.rism: Holding #1001097808:51008797 '$4' added 'oth'
I, [2023-06-19T11:00:25.590547 #22362]  INFO -- : lab.rism: Holding #1001097814:51008798 '$4' added 'oth'
I, [2023-06-19T11:00:25.659319 #22362]  INFO -- : lab.rism: Holding #1001097969:51008826 '$4' added 'oth'
I, [2023-06-19T11:00:25.726117 #22362]  INFO -- : lab.rism: Holding #1001097971:51008827 '$4' added 'oth'
I, [2023-06-19T11:00:25.858462 #22362]  INFO -- : lab.rism: Holding #990069341:51008828 '$4' added 'oth'
I, [2023-06-19T11:00:25.926318 #22362]  INFO -- : lab.rism: Holding #990004165:51008829 '$4' added 'oth'
I, [2023-06-19T11:00:26.042261 #22362]  INFO -- : lab.rism: Holding #991013045:51008839 '$4' added 'oth'
I, [2023-06-19T11:00:26.143167 #22362]  INFO -- : lab.rism: Holding #990070076:51008841 '$4' added 'oth'
I, [2023-06-19T11:00:26.215697 #22362]  INFO -- : lab.rism: Holding #990070076:51008842 '$4' added 'oth'
I, [2023-06-19T11:00:26.299918 #22362]  INFO -- : lab.rism: Holding #990070071:51008843 '$4' added 'oth'
I, [2023-06-19T11:00:26.435662 #22362]  INFO -- : lab.rism: Holding #990070071:51008844 '$4' added 'oth'
I, [2023-06-19T11:00:26.507220 #22362]  INFO -- : lab.rism: Holding #990070067:51008845 '$4' added 'oth'
I, [2023-06-19T11:00:26.641137 #22362]  INFO -- : lab.rism: Holding #990070067:51008846 '$4' added 'oth'
I, [2023-06-19T11:00:26.719281 #22362]  INFO -- : lab.rism: Holding #1001098355:51008879 '$4' added 'oth'
I, [2023-06-19T11:00:26.844307 #22362]  INFO -- : lab.rism: Holding #990027664:51014373 '$4' added 'oth'
I, [2023-06-19T11:00:26.938006 #22362]  INFO -- : lab.rism: Holding #990070096:51014377 '$4' added 'oth'
I, [2023-06-19T11:00:27.017744 #22362]  INFO -- : lab.rism: Holding #990070100:51014387 '$4' added 'oth'
I, [2023-06-19T11:00:27.161676 #22362]  INFO -- : lab.rism: Holding #990040634:51014529 '$4' added 'oth'
I, [2023-06-19T11:00:27.258827 #22362]  INFO -- : lab.rism: Holding #1001099190:51014538 '$4' added 'oth'
I, [2023-06-19T11:00:27.595567 #22362]  INFO -- : lab.rism: Holding #1001099236:51014539 '$4' added 'oth'
I, [2023-06-19T11:00:27.694457 #22362]  INFO -- : lab.rism: Holding #1001099267:51014540 '$4' added 'oth'
I, [2023-06-19T11:00:27.812039 #22362]  INFO -- : lab.rism: Holding #1001099347:51014554 '$4' added 'oth'
I, [2023-06-19T11:00:27.920699 #22362]  INFO -- : lab.rism: Holding #1001099373:51014558 '$4' added 'oth'
I, [2023-06-19T11:00:28.037854 #22362]  INFO -- : lab.rism: Holding #1001099279:51014559 '$4' added 'oth'
I, [2023-06-19T11:00:28.201855 #22362]  INFO -- : lab.rism: Holding #1001100924:51014802 '$4' added 'oth'
I, [2023-06-19T11:00:28.353666 #22362]  INFO -- : lab.rism: Holding #1001106677:51015634 '$4' added 'oth'
I, [2023-06-19T11:00:28.564869 #22362]  INFO -- : lab.rism: Holding #1001106844:51015647 '$4' added 'oth'
I, [2023-06-19T11:00:28.640894 #22362]  INFO -- : lab.rism: Holding #1001106853:51015649 '$4' added 'oth'
I, [2023-06-19T11:00:28.776213 #22362]  INFO -- : lab.rism: Holding #1001031116:51015821 '$4' added 'oth'
I, [2023-06-19T11:00:28.966274 #22362]  INFO -- : lab.rism: Holding #1001109058:51016741 '$4' added 'oth'
I, [2023-06-19T11:00:29.111839 #22362]  INFO -- : lab.rism: Holding #1001110352:51016921 '$4' added 'oth'
I, [2023-06-19T11:00:35.299080 #22362]  INFO -- : lab.rism: Source #108387 '$4' added 'oth'
I, [2023-06-19T11:00:37.114287 #22362]  INFO -- : lab.rism: Source #108427 '$4' added 'oth'
I, [2023-06-19T11:00:37.822540 #22362]  INFO -- : lab.rism: Source #109885 '$4' added 'oth'
I, [2023-06-19T11:00:38.613025 #22362]  INFO -- : lab.rism: Source #109985 '$4' added 'oth'
I, [2023-06-19T11:00:40.570971 #22362]  INFO -- : lab.rism: Source #110297 '$4' added 'oth'
I, [2023-06-19T11:00:41.206173 #22362]  INFO -- : lab.rism: Source #110307 '$4' added 'oth'
I, [2023-06-19T11:00:41.842913 #22362]  INFO -- : lab.rism: Source #110326 '$4' added 'oth'
I, [2023-06-19T11:00:44.075856 #22362]  INFO -- : lab.rism: Source #111340 '$4' added 'oth'
I, [2023-06-19T11:00:44.783308 #22362]  INFO -- : lab.rism: Source #111343 '$4' added 'oth'
I, [2023-06-19T11:01:01.203755 #22362]  INFO -- : lab.rism: Source #243072 '$4' added 'oth'
I, [2023-06-19T11:01:04.325057 #22362]  INFO -- : lab.rism: Source #1001042253 '$4' added 'oth'
I, [2023-06-19T11:01:05.147903 #22362]  INFO -- : lab.rism: Source #1001042259 '$4' added 'oth'
I, [2023-06-19T11:01:05.461710 #22362]  INFO -- : lab.rism: Source #1001042343 '$4' added 'oth'
I, [2023-06-19T11:01:06.151565 #22362]  INFO -- : lab.rism: Source #1001042344 '$4' added 'oth'
I, [2023-06-19T11:01:06.490707 #22362]  INFO -- : lab.rism: Source #1001042594 '$4' added 'oth'
I, [2023-06-19T11:01:07.123993 #22362]  INFO -- : lab.rism: Source #1001042605 '$4' added 'oth'
I, [2023-06-19T11:01:07.688691 #22362]  INFO -- : lab.rism: Source #1001042607 '$4' added 'oth'
I, [2023-06-19T11:01:08.014619 #22362]  INFO -- : lab.rism: Source #1001042608 '$4' added 'oth'
I, [2023-06-19T11:01:08.259272 #22362]  INFO -- : lab.rism: Source #1001042655 '$4' added 'oth'
I, [2023-06-19T11:01:08.662911 #22362]  INFO -- : lab.rism: Source #1001042662 '$4' added 'oth'
I, [2023-06-19T11:01:09.079850 #22362]  INFO -- : lab.rism: Source #1001042668 '$4' added 'oth'
I, [2023-06-19T11:01:09.353673 #22362]  INFO -- : lab.rism: Source #1001042673 '$4' added 'oth'
I, [2023-06-19T11:01:09.608867 #22362]  INFO -- : lab.rism: Source #1001042687 '$4' added 'oth'
I, [2023-06-19T11:01:09.919115 #22362]  INFO -- : lab.rism: Source #1001042688 '$4' added 'oth'
I, [2023-06-19T11:01:10.225514 #22362]  INFO -- : lab.rism: Source #1001042692 '$4' added 'oth'
I, [2023-06-19T11:01:10.579817 #22362]  INFO -- : lab.rism: Source #1001042776 '$4' added 'oth'
I, [2023-06-19T11:01:10.891267 #22362]  INFO -- : lab.rism: Source #1001042777 '$4' added 'oth'
I, [2023-06-19T11:01:11.043537 #22362]  INFO -- : lab.rism: Source #1001042780 '$4' added 'oth'
I, [2023-06-19T11:01:11.488175 #22362]  INFO -- : lab.rism: Source #1001042782 '$4' added 'oth'
I, [2023-06-19T11:01:11.725175 #22362]  INFO -- : lab.rism: Source #1001042786 '$4' added 'oth'
I, [2023-06-19T11:01:11.890374 #22362]  INFO -- : lab.rism: Source #1001042789 '$4' added 'oth'
I, [2023-06-19T11:01:12.066798 #22362]  INFO -- : lab.rism: Source #1001042793 '$4' added 'oth'
I, [2023-06-19T11:01:12.363962 #22362]  INFO -- : lab.rism: Source #1001043044 '$4' added 'oth'
I, [2023-06-19T11:01:12.969484 #22362]  INFO -- : lab.rism: Source #1001043046 '$4' added 'oth'
I, [2023-06-19T11:01:13.240603 #22362]  INFO -- : lab.rism: Source #1001043047 '$4' added 'oth'
I, [2023-06-19T11:01:13.607641 #22362]  INFO -- : lab.rism: Source #1001043048 '$4' added 'oth'
I, [2023-06-19T11:01:13.846232 #22362]  INFO -- : lab.rism: Source #1001043112 '$4' added 'oth'
I, [2023-06-19T11:01:14.098662 #22362]  INFO -- : lab.rism: Source #1001043113 '$4' added 'oth'
I, [2023-06-19T11:01:14.454847 #22362]  INFO -- : lab.rism: Source #1001043114 '$4' added 'oth'
I, [2023-06-19T11:01:14.840464 #22362]  INFO -- : lab.rism: Source #1001043115 '$4' added 'oth'
I, [2023-06-19T11:01:15.144427 #22362]  INFO -- : lab.rism: Source #1001043116 '$4' added 'oth'
I, [2023-06-19T11:01:15.445821 #22362]  INFO -- : lab.rism: Source #1001043117 '$4' added 'oth'
I, [2023-06-19T11:01:15.649231 #22362]  INFO -- : lab.rism: Source #1001043118 '$4' added 'oth'
I, [2023-06-19T11:01:15.844723 #22362]  INFO -- : lab.rism: Source #1001043119 '$4' added 'oth'
I, [2023-06-19T11:01:16.014707 #22362]  INFO -- : lab.rism: Source #1001043120 '$4' added 'oth'
I, [2023-06-19T11:01:16.315436 #22362]  INFO -- : lab.rism: Source #1001043121 '$4' added 'oth'
I, [2023-06-19T11:01:16.699683 #22362]  INFO -- : lab.rism: Source #1001043122 '$4' added 'oth'
I, [2023-06-19T11:01:16.941514 #22362]  INFO -- : lab.rism: Source #1001043154 '$4' added 'oth'
I, [2023-06-19T11:01:17.444130 #22362]  INFO -- : lab.rism: Source #1001043155 '$4' added 'oth'
I, [2023-06-19T11:01:17.888519 #22362]  INFO -- : lab.rism: Source #1001043157 '$4' added 'oth'
I, [2023-06-19T11:01:18.140114 #22362]  INFO -- : lab.rism: Source #1001043160 '$4' added 'oth'
I, [2023-06-19T11:01:18.648631 #22362]  INFO -- : lab.rism: Source #1001043173 '$4' added 'oth'
I, [2023-06-19T11:01:18.944479 #22362]  INFO -- : lab.rism: Source #1001043174 '$4' added 'oth'
I, [2023-06-19T11:01:19.158169 #22362]  INFO -- : lab.rism: Source #1001043175 '$4' added 'oth'
I, [2023-06-19T11:01:19.339536 #22362]  INFO -- : lab.rism: Source #1001043176 '$4' added 'oth'
I, [2023-06-19T11:01:19.650287 #22362]  INFO -- : lab.rism: Source #1001043177 '$4' added 'oth'
I, [2023-06-19T11:01:20.081292 #22362]  INFO -- : lab.rism: Source #1001043874 '$4' added 'oth'
I, [2023-06-19T11:01:20.515077 #22362]  INFO -- : lab.rism: Source #1001043881 '$4' added 'oth'
I, [2023-06-19T11:01:20.830891 #22362]  INFO -- : lab.rism: Source #1001043886 '$4' added 'oth'
I, [2023-06-19T11:01:21.133081 #22362]  INFO -- : lab.rism: Source #1001043890 '$4' added 'oth'
I, [2023-06-19T11:01:21.436076 #22362]  INFO -- : lab.rism: Source #1001044190 '$4' added 'oth'
I, [2023-06-19T11:01:21.917834 #22362]  INFO -- : lab.rism: Source #1001044278 '$4' added 'oth'
I, [2023-06-19T11:01:22.183372 #22362]  INFO -- : lab.rism: Source #1001044279 '$4' added 'oth'
I, [2023-06-19T11:01:22.470987 #22362]  INFO -- : lab.rism: Source #1001044374 '$4' added 'oth'
I, [2023-06-19T11:01:22.697988 #22362]  INFO -- : lab.rism: Source #1001044375 '$4' added 'oth'
I, [2023-06-19T11:01:22.994699 #22362]  INFO -- : lab.rism: Source #1001044376 '$4' added 'oth'
I, [2023-06-19T11:01:23.202272 #22362]  INFO -- : lab.rism: Source #1001044378 '$4' added 'oth'
I, [2023-06-19T11:01:23.543472 #22362]  INFO -- : lab.rism: Source #1001044379 '$4' added 'oth'
I, [2023-06-19T11:01:23.956842 #22362]  INFO -- : lab.rism: Source #1001044380 '$4' added 'oth'
I, [2023-06-19T11:01:24.182721 #22362]  INFO -- : lab.rism: Source #1001044470 '$4' added 'oth'
I, [2023-06-19T11:01:24.543013 #22362]  INFO -- : lab.rism: Source #1001044842 '$4' added 'oth'
I, [2023-06-19T11:01:24.876797 #22362]  INFO -- : lab.rism: Source #1001045250 '$4' added 'oth'
I, [2023-06-19T11:01:25.469521 #22362]  INFO -- : lab.rism: Source #1001045252 '$4' added 'oth'
I, [2023-06-19T11:01:25.624750 #22362]  INFO -- : lab.rism: Source #1001045338 '$4' added 'oth'
I, [2023-06-19T11:01:25.934432 #22362]  INFO -- : lab.rism: Source #1001045350 '$4' added 'oth'
I, [2023-06-19T11:01:26.165678 #22362]  INFO -- : lab.rism: Source #1001045351 '$4' added 'oth'
I, [2023-06-19T11:01:26.446650 #22362]  INFO -- : lab.rism: Source #1001045363 '$4' added 'oth'
I, [2023-06-19T11:01:26.806200 #22362]  INFO -- : lab.rism: Source #1001045368 '$4' added 'oth'
I, [2023-06-19T11:01:27.059888 #22362]  INFO -- : lab.rism: Source #1001045372 '$4' added 'oth'
I, [2023-06-19T11:01:27.249643 #22362]  INFO -- : lab.rism: Source #1001045374 '$4' added 'oth'
I, [2023-06-19T11:01:27.502498 #22362]  INFO -- : lab.rism: Source #1001045375 '$4' added 'oth'
I, [2023-06-19T11:01:28.306623 #22362]  INFO -- : lab.rism: Source #1001045376 '$4' added 'oth'
I, [2023-06-19T11:01:28.575020 #22362]  INFO -- : lab.rism: Source #1001045377 '$4' added 'oth'
I, [2023-06-19T11:01:28.831266 #22362]  INFO -- : lab.rism: Source #1001045378 '$4' added 'oth'
I, [2023-06-19T11:01:29.004671 #22362]  INFO -- : lab.rism: Source #1001045379 '$4' added 'oth'
I, [2023-06-19T11:01:29.372586 #22362]  INFO -- : lab.rism: Source #1001045380 '$4' added 'oth'
I, [2023-06-19T11:01:30.195149 #22362]  INFO -- : lab.rism: Source #1001045381 '$4' added 'oth'
I, [2023-06-19T11:01:30.531094 #22362]  INFO -- : lab.rism: Source #1001045382 '$4' added 'oth'
I, [2023-06-19T11:01:30.771985 #22362]  INFO -- : lab.rism: Source #1001045383 '$4' added 'oth'
I, [2023-06-19T11:01:31.033807 #22362]  INFO -- : lab.rism: Source #1001045384 '$4' added 'oth'
I, [2023-06-19T11:01:31.189770 #22362]  INFO -- : lab.rism: Source #1001045464 '$4' added 'oth'
I, [2023-06-19T11:01:31.500711 #22362]  INFO -- : lab.rism: Source #1001045466 '$4' added 'oth'
I, [2023-06-19T11:01:31.933620 #22362]  INFO -- : lab.rism: Source #1001045468 '$4' added 'oth'
I, [2023-06-19T11:01:32.294073 #22362]  INFO -- : lab.rism: Source #1001045469 '$4' added 'oth'
I, [2023-06-19T11:01:32.540090 #22362]  INFO -- : lab.rism: Source #1001045479 '$4' added 'oth'
I, [2023-06-19T11:01:32.959480 #22362]  INFO -- : lab.rism: Source #1001045481 '$4' added 'oth'
I, [2023-06-19T11:01:33.285710 #22362]  INFO -- : lab.rism: Source #1001045482 '$4' added 'oth'
I, [2023-06-19T11:01:33.563227 #22362]  INFO -- : lab.rism: Source #1001045483 '$4' added 'oth'
I, [2023-06-19T11:01:33.880065 #22362]  INFO -- : lab.rism: Source #1001045484 '$4' added 'oth'
I, [2023-06-19T11:01:34.123196 #22362]  INFO -- : lab.rism: Source #1001045622 '$4' added 'oth'
I, [2023-06-19T11:01:34.754792 #22362]  INFO -- : lab.rism: Source #1001045625 '$4' added 'oth'
I, [2023-06-19T11:01:35.050261 #22362]  INFO -- : lab.rism: Source #1001045626 '$4' added 'oth'
I, [2023-06-19T11:01:35.227646 #22362]  INFO -- : lab.rism: Source #1001045627 '$4' added 'oth'
I, [2023-06-19T11:01:35.563440 #22362]  INFO -- : lab.rism: Source #1001045628 '$4' added 'oth'
I, [2023-06-19T11:01:35.815535 #22362]  INFO -- : lab.rism: Source #1001045632 '$4' added 'oth'
I, [2023-06-19T11:01:36.157883 #22362]  INFO -- : lab.rism: Source #1001045634 '$4' added 'oth'
I, [2023-06-19T11:01:36.506457 #22362]  INFO -- : lab.rism: Source #1001045636 '$4' added 'oth'
I, [2023-06-19T11:01:36.859167 #22362]  INFO -- : lab.rism: Source #1001045757 '$4' added 'oth'
I, [2023-06-19T11:01:37.144912 #22362]  INFO -- : lab.rism: Source #1001045760 '$4' added 'oth'
I, [2023-06-19T11:01:37.467640 #22362]  INFO -- : lab.rism: Source #1001046130 '$4' added 'oth'
I, [2023-06-19T11:01:37.880139 #22362]  INFO -- : lab.rism: Source #1001046131 '$4' added 'oth'
I, [2023-06-19T11:01:38.416429 #22362]  INFO -- : lab.rism: Source #1001046133 '$4' added 'oth'
I, [2023-06-19T11:01:38.638972 #22362]  INFO -- : lab.rism: Source #1001046134 '$4' added 'oth'
I, [2023-06-19T11:01:39.294546 #22362]  INFO -- : lab.rism: Source #1001048180 '$4' added 'oth'
I, [2023-06-19T11:01:40.264423 #22362]  INFO -- : lab.rism: Source #1001051664 '$4' added 'oth'
I, [2023-06-19T11:01:40.738145 #22362]  INFO -- : lab.rism: Source #1001051665 '$4' added 'oth'
I, [2023-06-19T11:01:41.094492 #22362]  INFO -- : lab.rism: Source #1001051666 '$4' added 'oth'
I, [2023-06-19T11:01:41.303965 #22362]  INFO -- : lab.rism: Source #1001051861 '$4' added 'oth'
I, [2023-06-19T11:01:41.848801 #22362]  INFO -- : lab.rism: Source #1001051862 '$4' added 'oth'
I, [2023-06-19T11:01:42.070986 #22362]  INFO -- : lab.rism: Source #1001051863 '$4' added 'oth'
I, [2023-06-19T11:01:42.403566 #22362]  INFO -- : lab.rism: Source #1001051864 '$4' added 'oth'
I, [2023-06-19T11:01:42.738989 #22362]  INFO -- : lab.rism: Source #1001051865 '$4' added 'oth'
I, [2023-06-19T11:01:43.101255 #22362]  INFO -- : lab.rism: Source #1001052087 '$4' added 'oth'
I, [2023-06-19T11:01:43.608254 #22362]  INFO -- : lab.rism: Source #1001052095 '$4' added 'oth'
I, [2023-06-19T11:01:43.880061 #22362]  INFO -- : lab.rism: Source #1001052099 '$4' added 'oth'
I, [2023-06-19T11:01:44.201642 #22362]  INFO -- : lab.rism: Source #1001052102 '$4' added 'oth'
I, [2023-06-19T11:01:44.698345 #22362]  INFO -- : lab.rism: Source #1001052106 '$4' added 'oth'
I, [2023-06-19T11:01:44.917672 #22362]  INFO -- : lab.rism: Source #1001052108 '$4' added 'oth'
I, [2023-06-19T11:01:45.193754 #22362]  INFO -- : lab.rism: Source #1001052109 '$4' added 'oth'
I, [2023-06-19T11:01:45.562558 #22362]  INFO -- : lab.rism: Source #1001052112 '$4' added 'oth'
I, [2023-06-19T11:01:45.833574 #22362]  INFO -- : lab.rism: Source #1001052115 '$4' added 'oth'
I, [2023-06-19T11:01:46.167633 #22362]  INFO -- : lab.rism: Source #1001052190 '$4' added 'oth'
I, [2023-06-19T11:01:46.646599 #22362]  INFO -- : lab.rism: Source #1001052201 '$4' added 'oth'
I, [2023-06-19T11:01:46.892675 #22362]  INFO -- : lab.rism: Source #1001052202 '$4' added 'oth'
I, [2023-06-19T11:01:47.162233 #22362]  INFO -- : lab.rism: Source #1001052204 '$4' added 'oth'
I, [2023-06-19T11:01:47.407196 #22362]  INFO -- : lab.rism: Source #1001052206 '$4' added 'oth'
I, [2023-06-19T11:01:47.718612 #22362]  INFO -- : lab.rism: Source #1001052228 '$4' added 'oth'
I, [2023-06-19T11:01:48.164669 #22362]  INFO -- : lab.rism: Source #1001052229 '$4' added 'oth'
I, [2023-06-19T11:01:48.566187 #22362]  INFO -- : lab.rism: Source #1001052230 '$4' added 'oth'
I, [2023-06-19T11:01:48.875701 #22362]  INFO -- : lab.rism: Source #1001052232 '$4' added 'oth'
I, [2023-06-19T11:01:49.212082 #22362]  INFO -- : lab.rism: Source #1001052239 '$4' added 'oth'
I, [2023-06-19T11:01:49.461240 #22362]  INFO -- : lab.rism: Source #1001052240 '$4' added 'oth'
I, [2023-06-19T11:01:49.635811 #22362]  INFO -- : lab.rism: Source #1001052242 '$4' added 'oth'
I, [2023-06-19T11:01:49.841531 #22362]  INFO -- : lab.rism: Source #1001052286 '$4' added 'oth'
I, [2023-06-19T11:01:50.138280 #22362]  INFO -- : lab.rism: Source #1001052288 '$4' added 'oth'
I, [2023-06-19T11:01:50.575558 #22362]  INFO -- : lab.rism: Source #1001052290 '$4' added 'oth'
I, [2023-06-19T11:01:50.757879 #22362]  INFO -- : lab.rism: Source #1001052293 '$4' added 'oth'
I, [2023-06-19T11:01:51.040851 #22362]  INFO -- : lab.rism: Source #1001052295 '$4' added 'oth'
I, [2023-06-19T11:01:51.349869 #22362]  INFO -- : lab.rism: Source #1001052297 '$4' added 'oth'
I, [2023-06-19T11:01:51.817705 #22362]  INFO -- : lab.rism: Source #1001052298 '$4' added 'oth'
I, [2023-06-19T11:01:52.136521 #22362]  INFO -- : lab.rism: Source #1001052321 '$4' added 'oth'
I, [2023-06-19T11:01:52.483599 #22362]  INFO -- : lab.rism: Source #1001052322 '$4' added 'oth'
I, [2023-06-19T11:01:52.657618 #22362]  INFO -- : lab.rism: Source #1001052323 '$4' added 'oth'
I, [2023-06-19T11:01:52.911394 #22362]  INFO -- : lab.rism: Source #1001052416 '$4' added 'oth'
I, [2023-06-19T11:01:53.569859 #22362]  INFO -- : lab.rism: Source #1001052417 '$4' added 'oth'
I, [2023-06-19T11:01:53.988429 #22362]  INFO -- : lab.rism: Source #1001052419 '$4' added 'oth'
I, [2023-06-19T11:01:54.143030 #22362]  INFO -- : lab.rism: Source #1001052423 '$4' added 'oth'
I, [2023-06-19T11:01:54.433323 #22362]  INFO -- : lab.rism: Source #1001052427 '$4' added 'oth'
I, [2023-06-19T11:01:54.637469 #22362]  INFO -- : lab.rism: Source #1001052430 '$4' added 'oth'
I, [2023-06-19T11:01:54.834911 #22362]  INFO -- : lab.rism: Source #1001052431 '$4' added 'oth'
I, [2023-06-19T11:01:55.109110 #22362]  INFO -- : lab.rism: Source #1001052443 '$4' added 'oth'
I, [2023-06-19T11:01:55.397753 #22362]  INFO -- : lab.rism: Source #1001052450 '$4' added 'oth'
I, [2023-06-19T11:01:55.791339 #22362]  INFO -- : lab.rism: Source #1001052454 '$4' added 'oth'
I, [2023-06-19T11:01:56.011958 #22362]  INFO -- : lab.rism: Source #1001052644 '$4' added 'oth'
I, [2023-06-19T11:01:56.309849 #22362]  INFO -- : lab.rism: Source #1001052660 '$4' added 'oth'
I, [2023-06-19T11:01:56.680394 #22362]  INFO -- : lab.rism: Source #1001052663 '$4' added 'oth'
I, [2023-06-19T11:01:56.960592 #22362]  INFO -- : lab.rism: Source #1001052686 '$4' added 'oth'
I, [2023-06-19T11:01:57.254911 #22362]  INFO -- : lab.rism: Source #1001052687 '$4' added 'oth'
I, [2023-06-19T11:01:57.621955 #22362]  INFO -- : lab.rism: Source #1001052688 '$4' added 'oth'
I, [2023-06-19T11:01:57.826685 #22362]  INFO -- : lab.rism: Source #1001052690 '$4' added 'oth'
I, [2023-06-19T11:01:58.007585 #22362]  INFO -- : lab.rism: Source #1001052692 '$4' added 'oth'
I, [2023-06-19T11:01:58.444662 #22362]  INFO -- : lab.rism: Source #1001052694 '$4' added 'oth'
I, [2023-06-19T11:01:58.817262 #22362]  INFO -- : lab.rism: Source #1001052695 '$4' added 'oth'
I, [2023-06-19T11:01:59.043599 #22362]  INFO -- : lab.rism: Source #1001052699 '$4' added 'oth'
I, [2023-06-19T11:01:59.192616 #22362]  INFO -- : lab.rism: Source #1001052701 '$4' added 'oth'
I, [2023-06-19T11:01:59.475090 #22362]  INFO -- : lab.rism: Source #1001052704 '$4' added 'oth'
I, [2023-06-19T11:01:59.717973 #22362]  INFO -- : lab.rism: Source #1001052821 '$4' added 'oth'
I, [2023-06-19T11:01:59.928617 #22362]  INFO -- : lab.rism: Source #1001052822 '$4' added 'oth'
I, [2023-06-19T11:02:00.218510 #22362]  INFO -- : lab.rism: Source #1001052824 '$4' added 'oth'
I, [2023-06-19T11:02:00.551081 #22362]  INFO -- : lab.rism: Source #1001052829 '$4' added 'oth'
I, [2023-06-19T11:02:00.704245 #22362]  INFO -- : lab.rism: Source #1001052830 '$4' added 'oth'
I, [2023-06-19T11:02:00.965782 #22362]  INFO -- : lab.rism: Source #1001052831 '$4' added 'oth'
I, [2023-06-19T11:02:01.151916 #22362]  INFO -- : lab.rism: Source #1001052832 '$4' added 'oth'
I, [2023-06-19T11:02:01.533924 #22362]  INFO -- : lab.rism: Source #1001052910 '$4' added 'oth'
I, [2023-06-19T11:02:01.913427 #22362]  INFO -- : lab.rism: Source #1001052913 '$4' added 'oth'
I, [2023-06-19T11:02:02.107658 #22362]  INFO -- : lab.rism: Source #1001052915 '$4' added 'oth'
I, [2023-06-19T11:02:02.442630 #22362]  INFO -- : lab.rism: Source #1001052917 '$4' added 'oth'
I, [2023-06-19T11:02:02.801614 #22362]  INFO -- : lab.rism: Source #1001052920 '$4' added 'oth'
I, [2023-06-19T11:02:03.349692 #22362]  INFO -- : lab.rism: Source #1001052922 '$4' added 'oth'
I, [2023-06-19T11:02:03.703499 #22362]  INFO -- : lab.rism: Source #1001052924 '$4' added 'oth'
I, [2023-06-19T11:02:03.985311 #22362]  INFO -- : lab.rism: Source #1001052925 '$4' added 'oth'
I, [2023-06-19T11:02:04.507681 #22362]  INFO -- : lab.rism: Source #1001052926 '$4' added 'oth'
I, [2023-06-19T11:02:04.812069 #22362]  INFO -- : lab.rism: Source #1001052927 '$4' added 'oth'
I, [2023-06-19T11:02:05.080483 #22362]  INFO -- : lab.rism: Source #1001052928 '$4' added 'oth'
I, [2023-06-19T11:02:05.321782 #22362]  INFO -- : lab.rism: Source #1001052929 '$4' added 'oth'
I, [2023-06-19T11:02:05.887252 #22362]  INFO -- : lab.rism: Source #1001052930 '$4' added 'oth'
I, [2023-06-19T11:02:06.089726 #22362]  INFO -- : lab.rism: Source #1001052933 '$4' added 'oth'
I, [2023-06-19T11:02:06.454979 #22362]  INFO -- : lab.rism: Source #1001052935 '$4' added 'oth'
I, [2023-06-19T11:02:06.831475 #22362]  INFO -- : lab.rism: Source #1001052936 '$4' added 'oth'
I, [2023-06-19T11:02:07.147950 #22362]  INFO -- : lab.rism: Source #1001052937 '$4' added 'oth'
I, [2023-06-19T11:02:07.476617 #22362]  INFO -- : lab.rism: Source #1001052938 '$4' added 'oth'
I, [2023-06-19T11:02:07.826694 #22362]  INFO -- : lab.rism: Source #1001052959 '$4' added 'oth'
I, [2023-06-19T11:02:08.194513 #22362]  INFO -- : lab.rism: Source #1001052961 '$4' added 'oth'
I, [2023-06-19T11:02:08.674804 #22362]  INFO -- : lab.rism: Source #1001052962 '$4' added 'oth'
I, [2023-06-19T11:02:09.151291 #22362]  INFO -- : lab.rism: Source #1001052965 '$4' added 'oth'
I, [2023-06-19T11:02:09.536160 #22362]  INFO -- : lab.rism: Source #1001052968 '$4' added 'oth'
I, [2023-06-19T11:02:09.856742 #22362]  INFO -- : lab.rism: Source #1001052970 '$4' added 'oth'
I, [2023-06-19T11:02:10.330769 #22362]  INFO -- : lab.rism: Source #1001053138 '$4' added 'oth'
I, [2023-06-19T11:02:10.978250 #22362]  INFO -- : lab.rism: Source #1001053152 '$4' added 'oth'
I, [2023-06-19T11:02:11.333939 #22362]  INFO -- : lab.rism: Source #1001053317 '$4' added 'oth'
I, [2023-06-19T11:02:11.781131 #22362]  INFO -- : lab.rism: Source #1001053325 '$4' added 'oth'
I, [2023-06-19T11:02:12.332221 #22362]  INFO -- : lab.rism: Source #1001053330 '$4' added 'oth'
I, [2023-06-19T11:02:12.883280 #22362]  INFO -- : lab.rism: Source #1001053453 '$4' added 'oth'
I, [2023-06-19T11:02:13.372584 #22362]  INFO -- : lab.rism: Source #1001053645 '$4' added 'oth'
I, [2023-06-19T11:02:13.970420 #22362]  INFO -- : lab.rism: Source #1001053731 '$4' added 'oth'
I, [2023-06-19T11:02:14.214468 #22362]  INFO -- : lab.rism: Source #1001053733 '$4' added 'oth'
I, [2023-06-19T11:02:14.497159 #22362]  INFO -- : lab.rism: Source #1001053746 '$4' added 'oth'
I, [2023-06-19T11:02:14.787159 #22362]  INFO -- : lab.rism: Source #1001053755 '$4' added 'oth'
I, [2023-06-19T11:02:15.045615 #22362]  INFO -- : lab.rism: Source #1001054077 '$4' added 'oth'
I, [2023-06-19T11:02:15.404144 #22362]  INFO -- : lab.rism: Source #1001054083 '$4' added 'oth'
I, [2023-06-19T11:02:15.765166 #22362]  INFO -- : lab.rism: Source #1001054278 '$4' added 'oth'
I, [2023-06-19T11:02:16.195697 #22362]  INFO -- : lab.rism: Source #1001054282 '$4' added 'oth'
I, [2023-06-19T11:02:16.528357 #22362]  INFO -- : lab.rism: Source #1001054284 '$4' added 'oth'
I, [2023-06-19T11:02:16.970661 #22362]  INFO -- : lab.rism: Source #1001054285 '$4' added 'oth'
I, [2023-06-19T11:02:17.193387 #22362]  INFO -- : lab.rism: Source #1001054286 '$4' added 'oth'
I, [2023-06-19T11:02:17.519284 #22362]  INFO -- : lab.rism: Source #1001054287 '$4' added 'oth'
I, [2023-06-19T11:02:17.872296 #22362]  INFO -- : lab.rism: Source #1001054289 '$4' added 'oth'
I, [2023-06-19T11:02:18.135701 #22362]  INFO -- : lab.rism: Source #1001054291 '$4' added 'oth'
I, [2023-06-19T11:02:18.679304 #22362]  INFO -- : lab.rism: Source #1001054292 '$4' added 'oth'
I, [2023-06-19T11:02:19.050336 #22362]  INFO -- : lab.rism: Source #1001054294 '$4' added 'oth'
I, [2023-06-19T11:02:19.448754 #22362]  INFO -- : lab.rism: Source #1001054296 '$4' added 'oth'
I, [2023-06-19T11:02:19.784219 #22362]  INFO -- : lab.rism: Source #1001054410 '$4' added 'oth'
I, [2023-06-19T11:02:20.160364 #22362]  INFO -- : lab.rism: Source #1001054492 '$4' added 'oth'
I, [2023-06-19T11:02:20.611950 #22362]  INFO -- : lab.rism: Source #1001054493 '$4' added 'oth'
I, [2023-06-19T11:02:21.002674 #22362]  INFO -- : lab.rism: Source #1001054495 '$4' added 'oth'
I, [2023-06-19T11:02:21.232737 #22362]  INFO -- : lab.rism: Source #1001054497 '$4' added 'oth'
I, [2023-06-19T11:02:21.418207 #22362]  INFO -- : lab.rism: Source #1001054500 '$4' added 'oth'
I, [2023-06-19T11:02:22.073414 #22362]  INFO -- : lab.rism: Source #1001054935 '$4' added 'oth'
I, [2023-06-19T11:02:22.446594 #22362]  INFO -- : lab.rism: Source #1001054940 '$4' added 'oth'
I, [2023-06-19T11:02:23.030174 #22362]  INFO -- : lab.rism: Source #1001055085 '$4' added 'oth'
I, [2023-06-19T11:02:23.503006 #22362]  INFO -- : lab.rism: Source #1001055180 '$4' added 'oth'
I, [2023-06-19T11:02:24.093514 #22362]  INFO -- : lab.rism: Source #1001055522 '$4' added 'oth'
I, [2023-06-19T11:02:24.716933 #22362]  INFO -- : lab.rism: Source #1001055535 '$4' added 'oth'
I, [2023-06-19T11:02:25.154502 #22362]  INFO -- : lab.rism: Source #1001055542 '$4' added 'oth'
I, [2023-06-19T11:02:25.538963 #22362]  INFO -- : lab.rism: Source #1001055543 '$4' added 'oth'
I, [2023-06-19T11:02:25.966799 #22362]  INFO -- : lab.rism: Source #1001055799 '$4' added 'oth'
I, [2023-06-19T11:02:26.402441 #22362]  INFO -- : lab.rism: Source #1001055814 '$4' added 'oth'
I, [2023-06-19T11:02:26.924188 #22362]  INFO -- : lab.rism: Source #1001055821 '$4' added 'oth'
I, [2023-06-19T11:02:27.191441 #22362]  INFO -- : lab.rism: Source #1001055823 '$4' added 'oth'
I, [2023-06-19T11:02:27.490060 #22362]  INFO -- : lab.rism: Source #1001055827 '$4' added 'oth'
I, [2023-06-19T11:02:27.806516 #22362]  INFO -- : lab.rism: Source #1001055844 '$4' added 'oth'
I, [2023-06-19T11:02:28.030142 #22362]  INFO -- : lab.rism: Source #1001055846 '$4' added 'oth'
I, [2023-06-19T11:02:28.257647 #22362]  INFO -- : lab.rism: Source #1001055850 '$4' added 'oth'
I, [2023-06-19T11:02:28.727904 #22362]  INFO -- : lab.rism: Source #1001055853 '$4' added 'oth'
I, [2023-06-19T11:02:29.101919 #22362]  INFO -- : lab.rism: Source #1001055857 '$4' added 'oth'
I, [2023-06-19T11:02:29.440780 #22362]  INFO -- : lab.rism: Source #1001055859 '$4' added 'oth'
I, [2023-06-19T11:02:29.770047 #22362]  INFO -- : lab.rism: Source #1001055863 '$4' added 'oth'
I, [2023-06-19T11:02:29.986368 #22362]  INFO -- : lab.rism: Source #1001055866 '$4' added 'oth'
I, [2023-06-19T11:02:30.176459 #22362]  INFO -- : lab.rism: Source #1001055868 '$4' added 'oth'
I, [2023-06-19T11:02:30.516039 #22362]  INFO -- : lab.rism: Source #1001055871 '$4' added 'oth'
I, [2023-06-19T11:02:30.773426 #22362]  INFO -- : lab.rism: Source #1001055874 '$4' added 'oth'
I, [2023-06-19T11:02:31.102253 #22362]  INFO -- : lab.rism: Source #1001055933 '$4' added 'oth'
I, [2023-06-19T11:02:31.478897 #22362]  INFO -- : lab.rism: Source #1001055938 '$4' added 'oth'
I, [2023-06-19T11:02:31.787446 #22362]  INFO -- : lab.rism: Source #1001055951 '$4' added 'oth'
I, [2023-06-19T11:02:32.074782 #22362]  INFO -- : lab.rism: Source #1001055985 '$4' added 'oth'
I, [2023-06-19T11:02:32.592986 #22362]  INFO -- : lab.rism: Source #1001055992 '$4' added 'oth'
I, [2023-06-19T11:02:33.021986 #22362]  INFO -- : lab.rism: Source #1001055994 '$4' added 'oth'
I, [2023-06-19T11:02:33.760904 #22362]  INFO -- : lab.rism: Source #1001056014 '$4' added 'oth'
I, [2023-06-19T11:02:34.737786 #22362]  INFO -- : lab.rism: Source #1001070391 '$4' added 'oth'
I, [2023-06-19T11:02:35.415381 #22362]  INFO -- : lab.rism: Source #1001070392 '$4' added 'oth'
I, [2023-06-19T11:02:35.797574 #22362]  INFO -- : lab.rism: Source #1001070474 '$4' added 'oth'
I, [2023-06-19T11:02:37.084669 #22362]  INFO -- : lab.rism: Source #1001070478 '$4' added 'oth'
I, [2023-06-19T11:02:37.403398 #22362]  INFO -- : lab.rism: Source #1001070491 '$4' added 'oth'
I, [2023-06-19T11:02:37.797584 #22362]  INFO -- : lab.rism: Source #1001070495 '$4' added 'oth'
I, [2023-06-19T11:02:38.062189 #22362]  INFO -- : lab.rism: Source #1001070499 '$4' added 'oth'
I, [2023-06-19T11:02:38.372423 #22362]  INFO -- : lab.rism: Source #1001070501 '$4' added 'oth'
I, [2023-06-19T11:02:38.703029 #22362]  INFO -- : lab.rism: Source #1001070505 '$4' added 'oth'
I, [2023-06-19T11:02:39.275135 #22362]  INFO -- : lab.rism: Source #1001070510 '$4' added 'oth'
I, [2023-06-19T11:02:39.598854 #22362]  INFO -- : lab.rism: Source #1001070512 '$4' added 'oth'
I, [2023-06-19T11:02:39.888343 #22362]  INFO -- : lab.rism: Source #1001070515 '$4' added 'oth'
I, [2023-06-19T11:02:40.377369 #22362]  INFO -- : lab.rism: Source #1001070518 '$4' added 'oth'
I, [2023-06-19T11:02:40.791281 #22362]  INFO -- : lab.rism: Source #1001070523 '$4' added 'oth'
I, [2023-06-19T11:02:41.096266 #22362]  INFO -- : lab.rism: Source #1001070612 '$4' added 'oth'
I, [2023-06-19T11:02:41.487382 #22362]  INFO -- : lab.rism: Source #1001070613 '$4' added 'oth'
I, [2023-06-19T11:02:41.700908 #22362]  INFO -- : lab.rism: Source #1001070615 '$4' added 'oth'
I, [2023-06-19T11:02:41.999173 #22362]  INFO -- : lab.rism: Source #1001070617 '$4' added 'oth'
I, [2023-06-19T11:02:42.320023 #22362]  INFO -- : lab.rism: Source #1001070618 '$4' added 'oth'
I, [2023-06-19T11:02:42.653657 #22362]  INFO -- : lab.rism: Source #1001070619 '$4' added 'oth'
I, [2023-06-19T11:02:42.920646 #22362]  INFO -- : lab.rism: Source #1001070620 '$4' added 'oth'
I, [2023-06-19T11:02:43.246193 #22362]  INFO -- : lab.rism: Source #1001070621 '$4' added 'oth'
I, [2023-06-19T11:02:43.623206 #22362]  INFO -- : lab.rism: Source #1001070622 '$4' added 'oth'
I, [2023-06-19T11:02:43.842992 #22362]  INFO -- : lab.rism: Source #1001070656 '$4' added 'oth'
I, [2023-06-19T11:02:44.314016 #22362]  INFO -- : lab.rism: Source #1001070657 '$4' added 'oth'
I, [2023-06-19T11:02:44.696177 #22362]  INFO -- : lab.rism: Source #1001070659 '$4' added 'oth'
I, [2023-06-19T11:02:45.041580 #22362]  INFO -- : lab.rism: Source #1001070664 '$4' added 'oth'
I, [2023-06-19T11:02:45.375901 #22362]  INFO -- : lab.rism: Source #1001070666 '$4' added 'oth'
I, [2023-06-19T11:02:45.725434 #22362]  INFO -- : lab.rism: Source #1001070669 '$4' added 'oth'
I, [2023-06-19T11:02:46.086491 #22362]  INFO -- : lab.rism: Source #1001070672 '$4' added 'oth'
I, [2023-06-19T11:02:46.353658 #22362]  INFO -- : lab.rism: Source #1001070673 '$4' added 'oth'
I, [2023-06-19T11:02:46.816870 #22362]  INFO -- : lab.rism: Source #1001070674 '$4' added 'oth'
I, [2023-06-19T11:02:47.085443 #22362]  INFO -- : lab.rism: Source #1001070675 '$4' added 'oth'
I, [2023-06-19T11:02:47.497421 #22362]  INFO -- : lab.rism: Source #1001070676 '$4' added 'oth'
I, [2023-06-19T11:02:47.875315 #22362]  INFO -- : lab.rism: Source #1001070677 '$4' added 'oth'
I, [2023-06-19T11:02:48.298644 #22362]  INFO -- : lab.rism: Source #1001070678 '$4' added 'oth'
I, [2023-06-19T11:02:48.655471 #22362]  INFO -- : lab.rism: Source #1001070679 '$4' added 'oth'
I, [2023-06-19T11:02:49.155486 #22362]  INFO -- : lab.rism: Source #1001070680 '$4' added 'oth'
I, [2023-06-19T11:02:49.415123 #22362]  INFO -- : lab.rism: Source #1001070770 '$4' added 'oth'
I, [2023-06-19T11:02:49.766047 #22362]  INFO -- : lab.rism: Source #1001070776 '$4' added 'oth'
I, [2023-06-19T11:02:50.145809 #22362]  INFO -- : lab.rism: Source #1001070780 '$4' added 'oth'
I, [2023-06-19T11:02:50.475818 #22362]  INFO -- : lab.rism: Source #1001070784 '$4' added 'oth'
I, [2023-06-19T11:02:50.855018 #22362]  INFO -- : lab.rism: Source #1001070786 '$4' added 'oth'
I, [2023-06-19T11:02:51.192969 #22362]  INFO -- : lab.rism: Source #1001070789 '$4' added 'oth'
I, [2023-06-19T11:02:51.363036 #22362]  INFO -- : lab.rism: Source #1001070790 '$4' added 'oth'
I, [2023-06-19T11:02:51.598594 #22362]  INFO -- : lab.rism: Source #1001070791 '$4' added 'oth'
I, [2023-06-19T11:02:51.950600 #22362]  INFO -- : lab.rism: Source #1001070792 '$4' added 'oth'
I, [2023-06-19T11:02:52.338949 #22362]  INFO -- : lab.rism: Source #1001070793 '$4' added 'oth'
I, [2023-06-19T11:02:52.649383 #22362]  INFO -- : lab.rism: Source #1001070794 '$4' added 'oth'
I, [2023-06-19T11:02:53.178935 #22362]  INFO -- : lab.rism: Source #1001070795 '$4' added 'oth'
I, [2023-06-19T11:02:53.390668 #22362]  INFO -- : lab.rism: Source #1001070796 '$4' added 'oth'
I, [2023-06-19T11:02:53.792281 #22362]  INFO -- : lab.rism: Source #1001070918 '$4' added 'oth'
I, [2023-06-19T11:02:54.129938 #22362]  INFO -- : lab.rism: Source #1001070929 '$4' added 'oth'
I, [2023-06-19T11:02:54.488135 #22362]  INFO -- : lab.rism: Source #1001070934 '$4' added 'oth'
I, [2023-06-19T11:02:54.907553 #22362]  INFO -- : lab.rism: Source #1001070939 '$4' added 'oth'
I, [2023-06-19T11:02:55.046279 #22362]  INFO -- : lab.rism: Source #1001070944 '$4' added 'oth'
I, [2023-06-19T11:02:55.253464 #22362]  INFO -- : lab.rism: Source #1001070948 '$4' added 'oth'
I, [2023-06-19T11:02:55.439899 #22362]  INFO -- : lab.rism: Source #1001070951 '$4' added 'oth'
I, [2023-06-19T11:02:55.773127 #22362]  INFO -- : lab.rism: Source #1001070953 '$4' added 'oth'
I, [2023-06-19T11:02:56.209004 #22362]  INFO -- : lab.rism: Source #1001070954 '$4' added 'oth'
I, [2023-06-19T11:02:56.454652 #22362]  INFO -- : lab.rism: Source #1001071021 '$4' added 'oth'
I, [2023-06-19T11:02:56.938558 #22362]  INFO -- : lab.rism: Source #1001071034 '$4' added 'oth'
I, [2023-06-19T11:02:57.228742 #22362]  INFO -- : lab.rism: Source #1001071081 '$4' added 'oth'
I, [2023-06-19T11:02:57.542962 #22362]  INFO -- : lab.rism: Source #1001071083 '$4' added 'oth'
I, [2023-06-19T11:02:58.102085 #22362]  INFO -- : lab.rism: Source #1001071084 '$4' added 'oth'
I, [2023-06-19T11:02:58.545093 #22362]  INFO -- : lab.rism: Source #1001071085 '$4' added 'oth'
I, [2023-06-19T11:02:58.869906 #22362]  INFO -- : lab.rism: Source #1001071087 '$4' added 'oth'
I, [2023-06-19T11:02:59.452196 #22362]  INFO -- : lab.rism: Source #1001071089 '$4' added 'oth'
I, [2023-06-19T11:02:59.820144 #22362]  INFO -- : lab.rism: Source #1001071092 '$4' added 'oth'
I, [2023-06-19T11:03:00.011009 #22362]  INFO -- : lab.rism: Source #1001071093 '$4' added 'oth'
I, [2023-06-19T11:03:00.246880 #22362]  INFO -- : lab.rism: Source #1001071094 '$4' added 'oth'
I, [2023-06-19T11:03:00.410674 #22362]  INFO -- : lab.rism: Source #1001071095 '$4' added 'oth'
I, [2023-06-19T11:03:00.919452 #22362]  INFO -- : lab.rism: Source #1001071184 '$4' added 'oth'
I, [2023-06-19T11:03:01.251013 #22362]  INFO -- : lab.rism: Source #1001071189 '$4' added 'oth'
I, [2023-06-19T11:03:01.470350 #22362]  INFO -- : lab.rism: Source #1001071240 '$4' added 'oth'
I, [2023-06-19T11:03:01.865277 #22362]  INFO -- : lab.rism: Source #1001071244 '$4' added 'oth'
I, [2023-06-19T11:03:02.083939 #22362]  INFO -- : lab.rism: Source #1001071415 '$4' added 'oth'
I, [2023-06-19T11:03:02.410467 #22362]  INFO -- : lab.rism: Source #1001071428 '$4' added 'oth'
I, [2023-06-19T11:03:02.724346 #22362]  INFO -- : lab.rism: Source #1001071431 '$4' added 'oth'
I, [2023-06-19T11:03:03.117457 #22362]  INFO -- : lab.rism: Source #1001071433 '$4' added 'oth'
I, [2023-06-19T11:03:03.427500 #22362]  INFO -- : lab.rism: Source #1001071438 '$4' added 'oth'
I, [2023-06-19T11:03:03.668172 #22362]  INFO -- : lab.rism: Source #1001071439 '$4' added 'oth'
I, [2023-06-19T11:03:04.015518 #22362]  INFO -- : lab.rism: Source #1001071440 '$4' added 'oth'
I, [2023-06-19T11:03:04.357328 #22362]  INFO -- : lab.rism: Source #1001071441 '$4' added 'oth'
I, [2023-06-19T11:03:04.663992 #22362]  INFO -- : lab.rism: Source #1001071442 '$4' added 'oth'
I, [2023-06-19T11:03:05.045137 #22362]  INFO -- : lab.rism: Source #1001071443 '$4' added 'oth'
I, [2023-06-19T11:03:05.226330 #22362]  INFO -- : lab.rism: Source #1001071601 '$4' added 'oth'
I, [2023-06-19T11:03:05.696063 #22362]  INFO -- : lab.rism: Source #1001071604 '$4' added 'oth'
I, [2023-06-19T11:03:06.046853 #22362]  INFO -- : lab.rism: Source #1001071608 '$4' added 'oth'
I, [2023-06-19T11:03:06.345492 #22362]  INFO -- : lab.rism: Source #1001071614 '$4' added 'oth'
I, [2023-06-19T11:03:06.794677 #22362]  INFO -- : lab.rism: Source #1001071615 '$4' added 'oth'
I, [2023-06-19T11:03:07.241716 #22362]  INFO -- : lab.rism: Source #1001071617 '$4' added 'oth'
I, [2023-06-19T11:03:07.515653 #22362]  INFO -- : lab.rism: Source #1001071630 '$4' added 'oth'
I, [2023-06-19T11:03:07.844359 #22362]  INFO -- : lab.rism: Source #1001071632 '$4' added 'oth'
I, [2023-06-19T11:03:08.139036 #22362]  INFO -- : lab.rism: Source #1001071634 '$4' added 'oth'
I, [2023-06-19T11:03:08.422590 #22362]  INFO -- : lab.rism: Source #1001071636 '$4' added 'oth'
I, [2023-06-19T11:03:08.775168 #22362]  INFO -- : lab.rism: Source #1001071638 '$4' added 'oth'
I, [2023-06-19T11:03:09.235267 #22362]  INFO -- : lab.rism: Source #1001071639 '$4' added 'oth'
I, [2023-06-19T11:03:09.489594 #22362]  INFO -- : lab.rism: Source #1001071640 '$4' added 'oth'
I, [2023-06-19T11:03:10.010925 #22362]  INFO -- : lab.rism: Source #1001071641 '$4' added 'oth'
I, [2023-06-19T11:03:10.301516 #22362]  INFO -- : lab.rism: Source #1001071642 '$4' added 'oth'
I, [2023-06-19T11:03:10.549589 #22362]  INFO -- : lab.rism: Source #1001071843 '$4' added 'oth'
I, [2023-06-19T11:03:11.011543 #22362]  INFO -- : lab.rism: Source #1001071847 '$4' added 'oth'
I, [2023-06-19T11:03:11.297179 #22362]  INFO -- : lab.rism: Source #1001071850 '$4' added 'oth'
I, [2023-06-19T11:03:11.779959 #22362]  INFO -- : lab.rism: Source #1001071882 '$4' added 'oth'
I, [2023-06-19T11:03:12.193149 #22362]  INFO -- : lab.rism: Source #1001071970 '$4' added 'oth'
I, [2023-06-19T11:03:12.786053 #22362]  INFO -- : lab.rism: Source #1001075425 '$4' added 'oth'
