# Logfile created on 2024-09-06 07:47:42 +0200 by logger.rb/v1.4.3
I, [2024-09-06T07:47:42.414989 #10972]  INFO -- : lab.rism: Size of collection --> 316153
I, [2024-09-06T07:47:47.929837 #10972]  INFO -- : lab.rism: 240033 changed 240m vlc. => vlc
I, [2024-09-06T07:47:49.054346 #10972]  INFO -- : lab.rism: 240035 changed 240m fl, => fl
I, [2024-09-06T07:47:49.246057 #10972]  INFO -- : lab.rism: 240036 changed 240m fl. => fl
I, [2024-09-06T07:47:49.366441 #10972]  INFO -- : lab.rism: 240059 changed 240m cor; trp => cor, trp
I, [2024-09-06T07:47:49.802127 #10972]  INFO -- : lab.rism: 240171 changed 240m B. => B
I, [2024-09-06T07:47:50.391625 #10972]  INFO -- : lab.rism: 240264 changed 240m Coro. => Coro
I, [2024-09-06T07:47:50.939736 #10972]  INFO -- : lab.rism: 240434 changed 240m cl 1 => cl
I, [2024-09-06T07:47:51.379883 #10972]  INFO -- : lab.rism: 240644 changed 240m Coro, => Coro
I, [2024-09-06T07:47:51.912046 #10972]  INFO -- : lab.rism: 241367 changed 240m Coro, orch, => Coro, orch
I, [2024-09-06T07:47:52.288985 #10972]  INFO -- : lab.rism: 241460 changed 240m Coro; => Coro
I, [2024-09-06T07:47:52.668280 #10972]  INFO -- : lab.rism: 241563 changed 240m Coro, fl, org. => Coro, fl, org
I, [2024-09-06T07:47:52.977300 #10972]  INFO -- : lab.rism: 241820 changed 240m Coro, strings. => Coro, strings
I, [2024-09-06T07:47:53.347117 #10972]  INFO -- : lab.rism: 241825 changed 240m Coro, orch. => Coro, orch
I, [2024-09-06T07:47:53.540189 #10972]  INFO -- : lab.rism: 241979 changed 240m Coro, orch, => Coro, orch
I, [2024-09-06T07:47:53.816659 #10972]  INFO -- : lab.rism: 242220 changed 240m Coro femminile,org => Coro femminile, org
I, [2024-09-06T07:47:54.142532 #10972]  INFO -- : lab.rism: 242271 changed 240m Coro. => Coro
I, [2024-09-06T07:47:54.648336 #10972]  INFO -- : lab.rism: 242594 changed 240m Coro, strings. => Coro, strings
I, [2024-09-06T07:47:54.884423 #10972]  INFO -- : lab.rism: 242696 changed 240m B, pf. => B, pf
I, [2024-09-06T07:47:55.104841 #10972]  INFO -- : lab.rism: 242699 changed 240m Coro, orch. => Coro, orch
I, [2024-09-06T07:47:55.313409 #10972]  INFO -- : lab.rism: 242704 changed 240m Coro, orch. => Coro, orch
I, [2024-09-06T07:47:55.473769 #10972]  INFO -- : lab.rism: 242799 changed 240m Coro, strings. => Coro, strings
I, [2024-09-06T07:47:55.715057 #10972]  INFO -- : lab.rism: 242803 changed 240m Coro, strings. => Coro, strings
I, [2024-09-06T07:47:55.849655 #10972]  INFO -- : lab.rism: 242806 changed 240m Coro, strings. => Coro, strings
I, [2024-09-06T07:47:56.251186 #10972]  INFO -- : lab.rism: 242808 changed 240m Coro femminile, strings. => Coro femminile, strings
I, [2024-09-06T07:47:56.386326 #10972]  INFO -- : lab.rism: 242809 changed 240m Coro, strings. => Coro, strings
I, [2024-09-06T07:47:56.592253 #10972]  INFO -- : lab.rism: 242943 changed 240m Coro, strings. => Coro, strings
I, [2024-09-06T07:47:56.825572 #10972]  INFO -- : lab.rism: 243033 changed 240m Coro, orch. => Coro, orch
I, [2024-09-06T07:47:57.175178 #10972]  INFO -- : lab.rism: 243036 changed 240m Coro, orch. => Coro, orch
I, [2024-09-06T07:47:57.502043 #10972]  INFO -- : lab.rism: 243050 changed 240m coro, orch => Coro, orch
I, [2024-09-06T07:47:57.721641 #10972]  INFO -- : lab.rism: 243104 changed 240m Coro, => Coro
I, [2024-09-06T07:47:57.855293 #10972]  INFO -- : lab.rism: 243109 changed 240m Coro, orch. => Coro, orch
I, [2024-09-06T07:47:57.994562 #10972]  INFO -- : lab.rism: 243202 changed 240m Coro, orch. => Coro, orch
I, [2024-09-06T07:47:58.201321 #10972]  INFO -- : lab.rism: 243212 changed 240m Coro, strings. => Coro, strings
I, [2024-09-06T07:47:58.418266 #10972]  INFO -- : lab.rism: 243240 changed 240m Coro, orch. => Coro, orch
I, [2024-09-06T07:47:58.571273 #10972]  INFO -- : lab.rism: 243241 changed 240m Coro, orch. => Coro, orch
I, [2024-09-06T07:47:58.796972 #10972]  INFO -- : lab.rism: 243327 changed 240m cor 1, 2; clno => cor (2), clno
I, [2024-09-06T07:47:59.053699 #10972]  INFO -- : lab.rism: 243383 changed 240m cl 1, 2; fag; clno; cor 1, 2 => cl (2), fag, clno, cor (2)
I, [2024-09-06T07:47:59.471005 #10972]  INFO -- : lab.rism: 243463 changed 240m coro, orch => Coro, orch
I, [2024-09-06T07:47:59.653851 #10972]  INFO -- : lab.rism: 243475 changed 240m chorus, orch => Coro, orch
I, [2024-09-06T07:48:08.389840 #10972]  INFO -- : lab.rism: 201009268 changed 240m A, strings,  bc => A, strings, bc
I, [2024-09-06T07:48:09.043323 #10972]  INFO -- : lab.rism: 201009566 changed 240m Coro; bc => Coro, bc
I, [2024-09-06T07:48:11.907117 #10972]  INFO -- : lab.rism: 212001919 changed 240m fl solo, strings, bc => fl, strings, bc
I, [2024-09-06T07:48:27.010639 #10972]  INFO -- : lab.rism: 250010154 changed 240m Choro maschile => Coro maschile
I, [2024-09-06T07:48:28.063424 #10972]  INFO -- : lab.rism: 250016042 changed 240m fl solo => fl
I, [2024-09-06T07:48:28.435048 #10972]  INFO -- : lab.rism: 250016556 changed 240m Coro (2); bc => Coro (2), bc
I, [2024-09-06T07:48:29.598585 #10972]  INFO -- : lab.rism: 290000969 changed 240m Choro, orch => Coro, orch
I, [2024-09-06T07:48:31.230477 #10972]  INFO -- : lab.rism: 300033324 changed 240m fl 1, 2, cl 1, 2 => fl (2), cl (2)
I, [2024-09-06T07:48:32.425018 #10972]  INFO -- : lab.rism: 300237590 changed 240m coro, orch => Coro, orch
I, [2024-09-06T07:48:33.248280 #10972]  INFO -- : lab.rism: 300237615 changed 240m Coro, orch,org => Coro, orch, org
I, [2024-09-06T07:48:35.181438 #10972]  INFO -- : lab.rism: 300514019 changed 240m B only => B
I, [2024-09-06T07:48:35.585818 #10972]  INFO -- : lab.rism: 300514279 changed 240m Coro, orch,  org => Coro, orch, org
I, [2024-09-06T07:48:35.852809 #10972]  INFO -- : lab.rism: 300514280 changed 240m Coro, orch,  org => Coro, orch, org
I, [2024-09-06T07:48:36.024728 #10972]  INFO -- : lab.rism: 300514283 changed 240m Coro, orch  org => Coro, orch, org
I, [2024-09-06T07:48:36.211793 #10972]  INFO -- : lab.rism: 300514284 changed 240m Coro, orch  org => Coro, orch, org
I, [2024-09-06T07:48:36.416690 #10972]  INFO -- : lab.rism: 300514637 changed 240m Coro, orch  org => Coro, orch, org
I, [2024-09-06T07:48:37.412864 #10972]  INFO -- : lab.rism: 301007507 changed 240m male chorus => Coro maschile
I, [2024-09-06T07:48:39.014006 #10972]  INFO -- : lab.rism: 303000250 changed 240m coro, strings, bc => Coro, strings, bc
I, [2024-09-06T07:48:39.324571 #10972]  INFO -- : lab.rism: 303000252 changed 240m coro, strings, bc => Coro, strings, bc
I, [2024-09-06T07:48:39.522487 #10972]  INFO -- : lab.rism: 303000254 changed 240m coro, strings, bc => Coro, strings, bc
I, [2024-09-06T07:48:39.764463 #10972]  INFO -- : lab.rism: 303000260 changed 240m coro, strings, bc => Coro, strings, bc
I, [2024-09-06T07:48:39.947225 #10972]  INFO -- : lab.rism: 303000266 changed 240m coro, strings, bc => Coro, strings, bc
I, [2024-09-06T07:48:40.085041 #10972]  INFO -- : lab.rism: 303000269 changed 240m coro, strings, fag, bc => Coro, strings, fag, bc
I, [2024-09-06T07:48:40.209373 #10972]  INFO -- : lab.rism: 303000272 changed 240m coro, strings, bc => Coro, strings, bc
I, [2024-09-06T07:48:40.341551 #10972]  INFO -- : lab.rism: 303000273 changed 240m coro, strings, bc => Coro, strings, bc
I, [2024-09-06T07:48:40.759824 #10972]  INFO -- : lab.rism: 303000699 changed 240m Coro, strings, 2 arp, org => Coro, strings, arp (2), org
I, [2024-09-06T07:48:41.021895 #10972]  INFO -- : lab.rism: 303000709 changed 240m Coro, strings, 2 arp, bc => Coro, strings, arp (2), bc
I, [2024-09-06T07:48:49.829178 #10972]  INFO -- : lab.rism: 405000327 changed 240m Choro maschile => Coro maschile
I, [2024-09-06T07:48:50.285179 #10972]  INFO -- : lab.rism: 405000328 changed 240m Choro maschile => Coro maschile
I, [2024-09-06T07:48:50.414290 #10972]  INFO -- : lab.rism: 405000329 changed 240m Choro maschile => Coro maschile
I, [2024-09-06T07:48:50.814012 #10972]  INFO -- : lab.rism: 406000173 changed 240m Coro feminile => Coro femminile
I, [2024-09-06T07:48:51.482715 #10972]  INFO -- : lab.rism: 406000176 changed 240m Coro feminile => Coro femminile
I, [2024-09-06T07:48:51.846396 #10972]  INFO -- : lab.rism: 406000556 changed 240m Coro  maschile => Coro maschile
I, [2024-09-06T07:48:52.344350 #10972]  INFO -- : lab.rism: 406000779 changed 240m Coro  femminile => Coro femminile
I, [2024-09-06T07:48:53.124289 #10972]  INFO -- : lab.rism: 407000268 changed 240m fl, 2 vl => fl, vl (2)
I, [2024-09-06T07:48:53.636665 #10972]  INFO -- : lab.rism: 407000269 changed 240m fl, 2 vl => fl, vl (2)
I, [2024-09-06T07:48:53.801238 #10972]  INFO -- : lab.rism: 407000270 changed 240m fl, 2 vl => fl, vl (2)
I, [2024-09-06T07:48:53.950033 #10972]  INFO -- : lab.rism: 407000271 changed 240m fl, 2 vl => fl, vl (2)
I, [2024-09-06T07:48:54.145320 #10972]  INFO -- : lab.rism: 407000272 changed 240m fl, 2 vl => fl, vl (2)
I, [2024-09-06T07:48:54.350850 #10972]  INFO -- : lab.rism: 407000273 changed 240m fl, 2 vl => fl, vl (2)
I, [2024-09-06T07:48:54.574420 #10972]  INFO -- : lab.rism: 407000274 changed 240m fl, 2 vl => fl, vl (2)
I, [2024-09-06T07:48:54.784804 #10972]  INFO -- : lab.rism: 407000275 changed 240m fl, 2 vl => fl, vl (2)
I, [2024-09-06T07:48:54.936855 #10972]  INFO -- : lab.rism: 407000276 changed 240m fl, 2 vl => fl, vl (2)
I, [2024-09-06T07:48:55.163987 #10972]  INFO -- : lab.rism: 407000277 changed 240m fl, 2 vl => fl, vl (2)
I, [2024-09-06T07:48:55.433116 #10972]  INFO -- : lab.rism: 407000278 changed 240m fl, 2 vl => fl, vl (2)
I, [2024-09-06T07:48:55.728384 #10972]  INFO -- : lab.rism: 407000279 changed 240m fl, 2 vl => fl, vl (2)
I, [2024-09-06T07:48:55.881790 #10972]  INFO -- : lab.rism: 407000280 changed 240m fl, 2 vl => fl, vl (2)
I, [2024-09-06T07:48:56.176486 #10972]  INFO -- : lab.rism: 407000281 changed 240m fl, 2 vl => fl, vl (2)
I, [2024-09-06T07:48:56.509952 #10972]  INFO -- : lab.rism: 407000282 changed 240m fl, 2 vl => fl, vl (2)
I, [2024-09-06T07:48:56.771767 #10972]  INFO -- : lab.rism: 407000284 changed 240m fl, 2 vl => fl, vl (2)
I, [2024-09-06T07:48:56.921635 #10972]  INFO -- : lab.rism: 407000285 changed 240m fl, 2 vl => fl, vl (2)
I, [2024-09-06T07:48:57.091156 #10972]  INFO -- : lab.rism: 407000286 changed 240m fl, 2 vl => fl, vl (2)
I, [2024-09-06T07:48:57.322915 #10972]  INFO -- : lab.rism: 407000287 changed 240m fl, 2 vl => fl, vl (2)
I, [2024-09-06T07:48:57.754530 #10972]  INFO -- : lab.rism: 407000288 changed 240m fl, 2 vl => fl, vl (2)
I, [2024-09-06T07:48:57.945980 #10972]  INFO -- : lab.rism: 407000289 changed 240m fl, 2 vl => fl, vl (2)
I, [2024-09-06T07:48:58.165482 #10972]  INFO -- : lab.rism: 407000290 changed 240m fl, 2 vl => fl, vl (2)
I, [2024-09-06T07:48:58.387571 #10972]  INFO -- : lab.rism: 407000291 changed 240m fl, 2 vl => fl, vl (2)
I, [2024-09-06T07:48:58.559654 #10972]  INFO -- : lab.rism: 407000292 changed 240m fl, 2 vl => fl, vl (2)
I, [2024-09-06T07:48:58.812119 #10972]  INFO -- : lab.rism: 407000293 changed 240m fl, 2 vl => fl, vl (2)
I, [2024-09-06T07:48:58.981966 #10972]  INFO -- : lab.rism: 407000294 changed 240m fl, 2 vl => fl, vl (2)
I, [2024-09-06T07:48:59.155968 #10972]  INFO -- : lab.rism: 407000295 changed 240m fl, 2 vl => fl, vl (2)
I, [2024-09-06T07:48:59.367702 #10972]  INFO -- : lab.rism: 407000296 changed 240m fl, 2 vl => fl, vl (2)
I, [2024-09-06T07:48:59.613853 #10972]  INFO -- : lab.rism: 407000297 changed 240m fl, 2 vl => fl, vl (2)
I, [2024-09-06T07:48:59.872981 #10972]  INFO -- : lab.rism: 407000298 changed 240m fl, 2 vl => fl, vl (2)
I, [2024-09-06T07:49:00.075667 #10972]  INFO -- : lab.rism: 407000299 changed 240m fl, 2 vl => fl, vl (2)
I, [2024-09-06T07:49:00.290542 #10972]  INFO -- : lab.rism: 407000300 changed 240m fl, 2 vl => fl, vl (2)
I, [2024-09-06T07:49:00.459765 #10972]  INFO -- : lab.rism: 407000301 changed 240m fl, 2 vl => fl, vl (2)
I, [2024-09-06T07:49:00.721529 #10972]  INFO -- : lab.rism: 407000302 changed 240m fl, 2 vl => fl, vl (2)
I, [2024-09-06T07:49:00.867163 #10972]  INFO -- : lab.rism: 407000303 changed 240m fl, 2 vl => fl, vl (2)
I, [2024-09-06T07:49:01.336770 #10972]  INFO -- : lab.rism: 407001396 changed 240m Coro  maschile => Coro maschile
I, [2024-09-06T07:49:01.945206 #10972]  INFO -- : lab.rism: 407001397 changed 240m Coro  maschile => Coro maschile
I, [2024-09-06T07:49:02.223949 #10972]  INFO -- : lab.rism: 407001398 changed 240m Coro  maschile => Coro maschile
I, [2024-09-06T07:49:02.443450 #10972]  INFO -- : lab.rism: 407001399 changed 240m Coro  femminile => Coro femminile
I, [2024-09-06T07:49:02.659235 #10972]  INFO -- : lab.rism: 407001400 changed 240m Coro  femminile => Coro femminile
I, [2024-09-06T07:49:02.889717 #10972]  INFO -- : lab.rism: 407001979 changed 240m Coro  maschile => Coro maschile
I, [2024-09-06T07:49:03.177649 #10972]  INFO -- : lab.rism: 407002045 changed 240m Coro  maschile => Coro maschile
I, [2024-09-06T07:49:03.464184 #10972]  INFO -- : lab.rism: 407002046 changed 240m Coro  maschile => Coro maschile
I, [2024-09-06T07:49:03.713716 #10972]  INFO -- : lab.rism: 407002047 changed 240m Coro  maschile => Coro maschile
I, [2024-09-06T07:49:04.367807 #10972]  INFO -- : lab.rism: 408000990 changed 240m A,  strings,  bc => A, strings, bc
I, [2024-09-06T07:49:04.827368 #10972]  INFO -- : lab.rism: 408000994 changed 240m B, strings,  bc => B, strings, bc
I, [2024-09-06T07:49:05.006319 #10972]  INFO -- : lab.rism: 408001000 changed 240m A,  strings,  bc => A, strings, bc
I, [2024-09-06T07:49:05.387774 #10972]  INFO -- : lab.rism: 408001866 changed 240m Coro maschile,  org => Coro maschile, org
I, [2024-09-06T07:49:05.889499 #10972]  INFO -- : lab.rism: 408001867 changed 240m Coro maschile,  org => Coro maschile, org
I, [2024-09-06T07:49:06.064501 #10972]  INFO -- : lab.rism: 408001868 changed 240m Coro maschile,  org => Coro maschile, org
I, [2024-09-06T07:49:06.495130 #10972]  INFO -- : lab.rism: 408001890 changed 240m Coro maschile,  org => Coro maschile, org
I, [2024-09-06T07:49:06.794180 #10972]  INFO -- : lab.rism: 408001892 changed 240m Coro maschile,  org => Coro maschile, org
I, [2024-09-06T07:49:07.008387 #10972]  INFO -- : lab.rism: 408001894 changed 240m Coro maschile,  org => Coro maschile, org
I, [2024-09-06T07:49:07.410085 #10972]  INFO -- : lab.rism: 408001895 changed 240m Coro femminile,  org => Coro femminile, org
I, [2024-09-06T07:49:07.610960 #10972]  INFO -- : lab.rism: 408001896 changed 240m Coro femminile,  org => Coro femminile, org
I, [2024-09-06T07:49:07.771942 #10972]  INFO -- : lab.rism: 408001897 changed 240m Coro maschile,  org => Coro maschile, org
I, [2024-09-06T07:49:08.170168 #10972]  INFO -- : lab.rism: 408004420 changed 240m Coro femminile,  pf => Coro femminile, pf
I, [2024-09-06T07:49:09.108547 #10972]  INFO -- : lab.rism: 409000910 changed 240m Coro feminile, pf => Coro femminile, pf
I, [2024-09-06T07:49:09.620357 #10972]  INFO -- : lab.rism: 409002294 changed 240m Choro => Coro
I, [2024-09-06T07:49:16.077967 #10972]  INFO -- : lab.rism: 450063884 changed 240m Coro; orch => Coro, orch
I, [2024-09-06T07:49:16.603242 #10972]  INFO -- : lab.rism: 450063905 changed 240m Coro; orch => Coro, orch
I, [2024-09-06T07:49:17.096726 #10972]  INFO -- : lab.rism: 450064915 changed 240m Bariton; Coro maschile => Bariton, Coro maschile
I, [2024-09-06T07:49:18.672054 #10972]  INFO -- : lab.rism: 450109203 changed 240m winds, percussion instr. => winds, stck
I, [2024-09-06T07:49:19.487160 #10972]  INFO -- : lab.rism: 450111326 changed 240m Coro  maschile => Coro maschile
I, [2024-09-06T07:49:19.911623 #10972]  INFO -- : lab.rism: 450111327 changed 240m Coro  maschile => Coro maschile
I, [2024-09-06T07:49:20.120460 #10972]  INFO -- : lab.rism: 450111328 changed 240m Coro  maschile => Coro maschile
I, [2024-09-06T07:49:21.484744 #10972]  INFO -- : lab.rism: 450200923 changed 240m fag-solo, orch => fag, orch
I, [2024-09-06T07:49:22.388939 #10972]  INFO -- : lab.rism: 450301237 changed 240m Cl, orch => cl, orch
I, [2024-09-06T07:49:23.111543 #10972]  INFO -- : lab.rism: 450301305 changed 240m coro, orch => Coro, orch
I, [2024-09-06T07:49:23.577929 #10972]  INFO -- : lab.rism: 450301938 changed 240m coro, orch => Coro, orch
I, [2024-09-06T07:49:24.121826 #10972]  INFO -- : lab.rism: 450301940 changed 240m coro, orch => Coro, orch
I, [2024-09-06T07:49:24.564937 #10972]  INFO -- : lab.rism: 450301941 changed 240m coro, orch => Coro, orch
I, [2024-09-06T07:49:24.854132 #10972]  INFO -- : lab.rism: 450301969 changed 240m coro, orch => Coro, orch
I, [2024-09-06T07:49:25.279790 #10972]  INFO -- : lab.rism: 450302025 changed 240m coro, orch => Coro, orch
I, [2024-09-06T07:49:25.509940 #10972]  INFO -- : lab.rism: 450302026 changed 240m coro, orch => Coro, orch
I, [2024-09-06T07:49:25.743788 #10972]  INFO -- : lab.rism: 450302328 changed 240m coro, org => Coro, org
I, [2024-09-06T07:49:26.209037 #10972]  INFO -- : lab.rism: 450302377 changed 240m coro, orch => Coro, orch
I, [2024-09-06T07:49:26.549547 #10972]  INFO -- : lab.rism: 450302421 changed 240m coro, orch => Coro, orch
I, [2024-09-06T07:49:26.792381 #10972]  INFO -- : lab.rism: 450302520 changed 240m coro, orch => Coro, orch
I, [2024-09-06T07:49:27.129378 #10972]  INFO -- : lab.rism: 450302988 changed 240m coro, org => Coro, org
I, [2024-09-06T07:49:27.360117 #10972]  INFO -- : lab.rism: 450302989 changed 240m coro, org => Coro, org
I, [2024-09-06T07:49:27.711187 #10972]  INFO -- : lab.rism: 450302992 changed 240m coro, bc => Coro, bc
I, [2024-09-06T07:49:27.953686 #10972]  INFO -- : lab.rism: 450303104 changed 240m coro, orch => Coro, orch
I, [2024-09-06T07:49:28.314504 #10972]  INFO -- : lab.rism: 450303105 changed 240m coro, orch, org => Coro, orch, org
I, [2024-09-06T07:49:28.601428 #10972]  INFO -- : lab.rism: 450303106 changed 240m coro, orch, org => Coro, orch, org
I, [2024-09-06T07:49:28.786576 #10972]  INFO -- : lab.rism: 450303107 changed 240m coro, orch, org => Coro, orch, org
I, [2024-09-06T07:49:29.096983 #10972]  INFO -- : lab.rism: 450303108 changed 240m coro, orch, org => Coro, orch, org
I, [2024-09-06T07:49:29.329335 #10972]  INFO -- : lab.rism: 450303560 changed 240m coro, orch => Coro, orch
I, [2024-09-06T07:49:41.465144 #10972]  INFO -- : lab.rism: 453450067 changed 240m coro, orch => Coro, orch
I, [2024-09-06T07:49:42.910069 #10972]  INFO -- : lab.rism: 453502878 changed 240m Solo A, org => A, org
I, [2024-09-06T07:49:45.073210 #10972]  INFO -- : lab.rism: 454502776 changed 240m Coro feminile => Coro femminile
I, [2024-09-06T07:49:45.551757 #10972]  INFO -- : lab.rism: 454503621 changed 240m Bariton, keyboard => Bariton, keyb
I, [2024-09-06T07:49:46.842786 #10972]  INFO -- : lab.rism: 454600558 changed 240m Coro, brass, timp => Coro, brasses, timp
I, [2024-09-06T07:49:54.583644 #10972]  INFO -- : lab.rism: 456016977 changed 240m coro, orch => Coro, orch
I, [2024-09-06T07:49:55.200774 #10972]  INFO -- : lab.rism: 456016989 changed 240m coro, fl, pf => Coro, fl, pf
I, [2024-09-06T07:49:55.375569 #10972]  INFO -- : lab.rism: 456016990 changed 240m coro, fl, pf => Coro, fl, pf
I, [2024-09-06T07:49:56.264943 #10972]  INFO -- : lab.rism: 464110618 changed 240m brasses, percussion => brasses, stck
I, [2024-09-06T07:49:56.785286 #10972]  INFO -- : lab.rism: 464111080 changed 240m A, coro, pf => A, Coro, pf
I, [2024-09-06T07:49:57.427442 #10972]  INFO -- : lab.rism: 464120046 changed 240m coro, bc => Coro, bc
I, [2024-09-06T07:49:58.596696 #10972]  INFO -- : lab.rism: 464131598 changed 240m Coro feminile, cemb => Coro femminile, cemb
I, [2024-09-06T07:49:59.033209 #10972]  INFO -- : lab.rism: 464131609 changed 240m Coro maschile, brass, percussion => Coro maschile, brasses, stck
I, [2024-09-06T07:49:59.275260 #10972]  INFO -- : lab.rism: 464140251 changed 240m coro, orch => Coro, orch
I, [2024-09-06T07:49:59.553605 #10972]  INFO -- : lab.rism: 464140253 changed 240m coro, orch => Coro, orch
I, [2024-09-06T07:49:59.897825 #10972]  INFO -- : lab.rism: 464140344 changed 240m coro, orch => Coro, orch
I, [2024-09-06T07:50:00.186266 #10972]  INFO -- : lab.rism: 464140345 changed 240m coro, orch => Coro, orch
I, [2024-09-06T07:50:00.373410 #10972]  INFO -- : lab.rism: 464140592 changed 240m coro, orch => Coro, orch
I, [2024-09-06T07:50:00.652631 #10972]  INFO -- : lab.rism: 464140605 changed 240m coro, orch => Coro, orch
I, [2024-09-06T07:50:00.871588 #10972]  INFO -- : lab.rism: 464140611 changed 240m coro, pf => Coro, pf
I, [2024-09-06T07:50:01.096095 #10972]  INFO -- : lab.rism: 464140692 changed 240m coro (2), bc => Coro (2), bc
I, [2024-09-06T07:50:01.289597 #10972]  INFO -- : lab.rism: 464140693 changed 240m coro, bc => Coro, bc
I, [2024-09-06T07:50:01.437085 #10972]  INFO -- : lab.rism: 464140694 changed 240m coro, bc => Coro, bc
I, [2024-09-06T07:50:01.578202 #10972]  INFO -- : lab.rism: 464140759 changed 240m coro, orch => Coro, orch
I, [2024-09-06T07:50:02.142287 #10972]  INFO -- : lab.rism: 464141196 changed 240m coro, orch => Coro, orch
I, [2024-09-06T07:50:02.548269 #10972]  INFO -- : lab.rism: 464141229 changed 240m coro, bc => Coro, bc
I, [2024-09-06T07:50:02.795368 #10972]  INFO -- : lab.rism: 464141432 changed 240m coro, orch => Coro, orch
I, [2024-09-06T07:50:02.989581 #10972]  INFO -- : lab.rism: 464141480 changed 240m coro, orch => Coro, orch
I, [2024-09-06T07:50:03.206291 #10972]  INFO -- : lab.rism: 464141610 changed 240m coro, orch => Coro, orch
I, [2024-09-06T07:50:03.451157 #10972]  INFO -- : lab.rism: 464141644 changed 240m coro maschile, orch => Coro maschile, orch
I, [2024-09-06T07:50:03.708671 #10972]  INFO -- : lab.rism: 464141645 changed 240m coro, orch => Coro, orch
I, [2024-09-06T07:50:03.928056 #10972]  INFO -- : lab.rism: 464141682 changed 240m coro feminile => Coro femminile
I, [2024-09-06T07:50:04.074239 #10972]  INFO -- : lab.rism: 464141741 changed 240m coro, pf => Coro, pf
I, [2024-09-06T07:50:04.560389 #10972]  INFO -- : lab.rism: 469029900 changed 240m Coro, orch. => Coro, orch
I, [2024-09-06T07:50:04.983131 #10972]  INFO -- : lab.rism: 469033200 changed 240m coro, orch => Coro, orch
I, [2024-09-06T07:50:06.308784 #10972]  INFO -- : lab.rism: 469497800 changed 240m Coro feminile => Coro femminile
I, [2024-09-06T07:50:06.530296 #10972]  INFO -- : lab.rism: 469497900 changed 240m Coro feminile => Coro femminile
I, [2024-09-06T07:50:06.664692 #10972]  INFO -- : lab.rism: 469498700 changed 240m Coro feminile => Coro femminile
I, [2024-09-06T07:50:07.001966 #10972]  INFO -- : lab.rism: 469509900 changed 240m Coro feminile => Coro femminile
I, [2024-09-06T07:50:07.333776 #10972]  INFO -- : lab.rism: 469515400 changed 240m coro, bc => Coro, bc
I, [2024-09-06T07:50:07.558179 #10972]  INFO -- : lab.rism: 469515601 changed 240m coro, bc => Coro, bc
I, [2024-09-06T07:50:07.764221 #10972]  INFO -- : lab.rism: 469515602 changed 240m coro, bc => Coro, bc
I, [2024-09-06T07:50:07.906444 #10972]  INFO -- : lab.rism: 469515603 changed 240m coro, bc => Coro, bc
I, [2024-09-06T07:50:08.034368 #10972]  INFO -- : lab.rism: 469515604 changed 240m coro, bc => Coro, bc
I, [2024-09-06T07:50:08.183247 #10972]  INFO -- : lab.rism: 469515605 changed 240m coro, bc => Coro, bc
I, [2024-09-06T07:50:08.304586 #10972]  INFO -- : lab.rism: 469515606 changed 240m coro, bc => Coro, bc
I, [2024-09-06T07:50:08.421491 #10972]  INFO -- : lab.rism: 469515607 changed 240m coro, bc => Coro, bc
I, [2024-09-06T07:50:08.600547 #10972]  INFO -- : lab.rism: 469515608 changed 240m coro, bc => Coro, bc
I, [2024-09-06T07:50:08.833231 #10972]  INFO -- : lab.rism: 469515609 changed 240m coro, bc => Coro, bc
I, [2024-09-06T07:50:09.039617 #10972]  INFO -- : lab.rism: 469515614 changed 240m coro, bc => Coro, bc
I, [2024-09-06T07:50:09.174091 #10972]  INFO -- : lab.rism: 469515615 changed 240m coro, bc => Coro, bc
I, [2024-09-06T07:50:09.315909 #10972]  INFO -- : lab.rism: 469515616 changed 240m coro, bc => Coro, bc
I, [2024-09-06T07:50:09.509884 #10972]  INFO -- : lab.rism: 469515617 changed 240m coro, bc => Coro, bc
I, [2024-09-06T07:50:09.623625 #10972]  INFO -- : lab.rism: 469515618 changed 240m coro, bc => Coro, bc
I, [2024-09-06T07:50:09.784494 #10972]  INFO -- : lab.rism: 469515619 changed 240m coro, bc => Coro, bc
I, [2024-09-06T07:50:09.913202 #10972]  INFO -- : lab.rism: 469515620 changed 240m coro, bc => Coro, bc
I, [2024-09-06T07:50:10.043325 #10972]  INFO -- : lab.rism: 469515621 changed 240m coro, bc => Coro, bc
I, [2024-09-06T07:50:10.292915 #10972]  INFO -- : lab.rism: 469515622 changed 240m coro, bc => Coro, bc
I, [2024-09-06T07:50:10.425726 #10972]  INFO -- : lab.rism: 469515623 changed 240m coro, bc => Coro, bc
I, [2024-09-06T07:50:10.561882 #10972]  INFO -- : lab.rism: 469515624 changed 240m coro, bc => Coro, bc
I, [2024-09-06T07:50:10.869622 #10972]  INFO -- : lab.rism: 469515625 changed 240m coro, bc => Coro, bc
I, [2024-09-06T07:50:10.999552 #10972]  INFO -- : lab.rism: 469515626 changed 240m coro, bc => Coro, bc
I, [2024-09-06T07:50:11.126876 #10972]  INFO -- : lab.rism: 469515627 changed 240m coro, bc => Coro, bc
I, [2024-09-06T07:50:11.265576 #10972]  INFO -- : lab.rism: 469515628 changed 240m coro, bc => Coro, bc
I, [2024-09-06T07:50:11.469973 #10972]  INFO -- : lab.rism: 469515629 changed 240m coro, bc => Coro, bc
I, [2024-09-06T07:50:11.607126 #10972]  INFO -- : lab.rism: 469515630 changed 240m coro, bc => Coro, bc
I, [2024-09-06T07:50:11.801851 #10972]  INFO -- : lab.rism: 469515631 changed 240m coro, bc => Coro, bc
I, [2024-09-06T07:50:12.020181 #10972]  INFO -- : lab.rism: 469515632 changed 240m coro, bc => Coro, bc
I, [2024-09-06T07:50:12.247902 #10972]  INFO -- : lab.rism: 469515633 changed 240m coro, bc => Coro, bc
I, [2024-09-06T07:50:12.402855 #10972]  INFO -- : lab.rism: 469515634 changed 240m coro, bc => Coro, bc
I, [2024-09-06T07:50:12.536194 #10972]  INFO -- : lab.rism: 469515635 changed 240m coro, bc => Coro, bc
I, [2024-09-06T07:50:12.780670 #10972]  INFO -- : lab.rism: 469515636 changed 240m coro, bc => Coro, bc
I, [2024-09-06T07:50:12.922271 #10972]  INFO -- : lab.rism: 469515637 changed 240m coro, bc => Coro, bc
I, [2024-09-06T07:50:13.088607 #10972]  INFO -- : lab.rism: 469515638 changed 240m coro, bc => Coro, bc
I, [2024-09-06T07:50:13.256884 #10972]  INFO -- : lab.rism: 469515639 changed 240m coro, bc => Coro, bc
I, [2024-09-06T07:50:13.406440 #10972]  INFO -- : lab.rism: 469515640 changed 240m coro, bc => Coro, bc
I, [2024-09-06T07:50:13.598880 #10972]  INFO -- : lab.rism: 469515641 changed 240m coro, bc => Coro, bc
I, [2024-09-06T07:50:13.830695 #10972]  INFO -- : lab.rism: 469515642 changed 240m coro, bc => Coro, bc
I, [2024-09-06T07:50:14.046717 #10972]  INFO -- : lab.rism: 469515643 changed 240m coro, bc => Coro, bc
I, [2024-09-06T07:50:14.232633 #10972]  INFO -- : lab.rism: 469515644 changed 240m coro, bc => Coro, bc
I, [2024-09-06T07:50:14.420606 #10972]  INFO -- : lab.rism: 469515645 changed 240m coro, bc => Coro, bc
I, [2024-09-06T07:50:14.710858 #10972]  INFO -- : lab.rism: 469515646 changed 240m coro, bc => Coro, bc
I, [2024-09-06T07:50:14.952841 #10972]  INFO -- : lab.rism: 469515647 changed 240m coro, bc => Coro, bc
I, [2024-09-06T07:50:15.212620 #10972]  INFO -- : lab.rism: 469515700 changed 240m coro, bc => Coro, bc
I, [2024-09-06T07:50:15.437632 #10972]  INFO -- : lab.rism: 469515900 changed 240m coro, bc => Coro, bc
I, [2024-09-06T07:50:23.319089 #10972]  INFO -- : lab.rism: 600077420 changed 240m Coro, orch, => Coro, orch
I, [2024-09-06T07:50:28.010975 #10972]  INFO -- : lab.rism: 605000121 changed 240m coro, orch => Coro, orch
I, [2024-09-06T07:50:28.514268 #10972]  INFO -- : lab.rism: 605000122 changed 240m coro, orch => Coro, orch
I, [2024-09-06T07:50:29.504184 #10972]  INFO -- : lab.rism: 605001939 changed 240m Coro feminile => Coro femminile
I, [2024-09-06T07:50:29.970955 #10972]  INFO -- : lab.rism: 605001941 changed 240m Coro feminile, pf => Coro femminile, pf
I, [2024-09-06T07:50:30.915177 #10972]  INFO -- : lab.rism: 605201105 changed 240m coro, orch, org => Coro, orch, org
I, [2024-09-06T07:50:31.858610 #10972]  INFO -- : lab.rism: 605201231 changed 240m coro, orch => Coro, orch
I, [2024-09-06T07:50:35.559497 #10972]  INFO -- : lab.rism: 653006222 changed 240m Coro feminile => Coro femminile
I, [2024-09-06T07:51:03.742585 #10972]  INFO -- : lab.rism: 850607902 changed 240m accordeon => accordion
I, [2024-09-06T07:51:05.665728 #10972]  INFO -- : lab.rism: 850679951 changed 240m B,vl, bc => B, vl, bc
I, [2024-09-06T07:51:07.986836 #10972]  INFO -- : lab.rism: 850759148 changed 240m A,strings => A, strings
I, [2024-09-06T07:51:09.271608 #10972]  INFO -- : lab.rism: 850796510 changed 240m B, orch,org => B, orch, org
I, [2024-09-06T07:51:09.885604 #10972]  INFO -- : lab.rism: 850812892 changed 240m cl, Coro, orch => Coro, cl, orch
I, [2024-09-06T07:51:10.657018 #10972]  INFO -- : lab.rism: 850815961 changed 240m cl princ, orch => cl, orch
I, [2024-09-06T07:51:10.992630 #10972]  INFO -- : lab.rism: 850816366 changed 240m fl solo => fl
I, [2024-09-06T07:51:11.323678 #10972]  INFO -- : lab.rism: 850816639 changed 240m cl-solo, orch => cl, orch
I, [2024-09-06T07:51:11.616983 #10972]  INFO -- : lab.rism: 850817439 changed 240m cl, vlc, cb, perc => cl, vlc, cb, stck
I, [2024-09-06T07:51:18.905228 #10972]  INFO -- : lab.rism: 990000427 changed 240m cemb, 2 vl, vlc => cemb, vl (2), vlc
I, [2024-09-06T07:51:19.538429 #10972]  INFO -- : lab.rism: 990000428 changed 240m cemb, 2 vl, vla, vlc => cemb, vl (2), vla, vlc
I, [2024-09-06T07:51:19.764489 #10972]  INFO -- : lab.rism: 990001267 changed 240m 3 Coro, bc => Coro (3), bc
I, [2024-09-06T07:51:20.356041 #10972]  INFO -- : lab.rism: 990003235 changed 240m clav, 2 vl, vlc => clav, vl (2), vlc
I, [2024-09-06T07:51:20.638250 #10972]  INFO -- : lab.rism: 990003257 changed 240m clav, 2 vl, vla, b => clav, vl (2), vla, b
I, [2024-09-06T07:51:20.847414 #10972]  INFO -- : lab.rism: 990003258 changed 240m clav, 2 vl, vla, b => clav, vl (2), vla, b
I, [2024-09-06T07:51:21.108536 #10972]  INFO -- : lab.rism: 990004442 changed 240m A, vl, 2 vla, bc => A, vl, vla (2), bc
I, [2024-09-06T07:51:21.478315 #10972]  INFO -- : lab.rism: 990004688 changed 240m cemb, 2 vl, vla, vlc => cemb, vl (2), vla, vlc
I, [2024-09-06T07:51:21.751664 #10972]  INFO -- : lab.rism: 990006166 changed 240m 4 Coro, org => Coro (4), org
I, [2024-09-06T07:51:22.058536 #10972]  INFO -- : lab.rism: 990007329 changed 240m 4 cl, 2 fag, 2 cor, tr => cl (4), fag (2), cor (2), tr
I, [2024-09-06T07:51:22.560169 #10972]  INFO -- : lab.rism: 990007778 changed 240m A, 5 i, bc => A, i (5), bc
I, [2024-09-06T07:51:22.903708 #10972]  INFO -- : lab.rism: 990010713 changed 240m 4 cnto, 5 i => cnto (4), i (5)
I, [2024-09-06T07:51:23.336157 #10972]  INFO -- : lab.rism: 990011353 changed 240m 3 fl, b => fl (3), b
I, [2024-09-06T07:51:23.528258 #10972]  INFO -- : lab.rism: 990011367 changed 240m 3 fl, bc => fl (3), bc
I, [2024-09-06T07:51:23.743610 #10972]  INFO -- : lab.rism: 990011372 changed 240m 3 fl, bc => fl (3), bc
I, [2024-09-06T07:51:24.006892 #10972]  INFO -- : lab.rism: 990012504 changed 240m 4 cl, 2 fag, 2 cor => cl (4), fag (2), cor (2)
I, [2024-09-06T07:51:24.454306 #10972]  INFO -- : lab.rism: 990013702 changed 240m 4 cl, 2 fag, 2 cor => cl (4), fag (2), cor (2)
I, [2024-09-06T07:51:24.687028 #10972]  INFO -- : lab.rism: 990013797 changed 240m 3 fl => fl (3) 
I, [2024-09-06T07:51:24.890059 #10972]  INFO -- : lab.rism: 990013799 changed 240m 3 fl => fl (3) 
I, [2024-09-06T07:51:25.107658 #10972]  INFO -- : lab.rism: 990015691 changed 240m cemb, 2 vl, vla, b => cemb, vl (2), vla, b
I, [2024-09-06T07:51:25.425031 #10972]  INFO -- : lab.rism: 990016427 changed 240m X cor => cor (X)
I, [2024-09-06T07:51:25.715473 #10972]  INFO -- : lab.rism: 990017050 changed 240m fag, 2 cor => fag, cor (2)
I, [2024-09-06T07:51:25.980115 #10972]  INFO -- : lab.rism: 990018073 changed 240m 3 fl => fl (3) 
I, [2024-09-06T07:51:26.334813 #10972]  INFO -- : lab.rism: 990018645 changed 240m 4 cl, 2 fag, 2 cor, tr => cl (4), fag (2), cor (2), tr
I, [2024-09-06T07:51:26.632796 #10972]  INFO -- : lab.rism: 990019229 changed 240m 4 cl, 2 fag, 2 cor => cl (4), fag (2), cor (2)
I, [2024-09-06T07:51:26.940538 #10972]  INFO -- : lab.rism: 990019230 changed 240m 4 cl, 2 fag, 2 cor => cl (4), fag (2), cor (2)
I, [2024-09-06T07:51:27.207836 #10972]  INFO -- : lab.rism: 990019231 changed 240m 4 cl, 2 fag, 2 cor => cl (4), fag (2), cor (2)
I, [2024-09-06T07:51:27.427434 #10972]  INFO -- : lab.rism: 990022062 changed 240m fl, 2 guit => fl, guit (2)
I, [2024-09-06T07:51:27.862265 #10972]  INFO -- : lab.rism: 990022168 changed 240m 4 cl, 2 fag, 2 cor, tr => cl (4), fag (2), cor (2), tr
I, [2024-09-06T07:51:28.190399 #10972]  INFO -- : lab.rism: 990022171 changed 240m 4 cl, 2 fag, 2 cor => cl (4), fag (2), cor (2)
I, [2024-09-06T07:51:28.405045 #10972]  INFO -- : lab.rism: 990022275 changed 240m 3 Coro => Coro (3) 
I, [2024-09-06T07:51:28.697752 #10972]  INFO -- : lab.rism: 990023899 changed 240m 3 fl => fl (3) 
I, [2024-09-06T07:51:29.036735 #10972]  INFO -- : lab.rism: 990026031 changed 240m fl, 2 cor, pf => fl, cor (2), pf
I, [2024-09-06T07:51:29.344815 #10972]  INFO -- : lab.rism: 990026124 changed 240m A, 3 vla, vlne, org => A, vla (3), vlne, org
I, [2024-09-06T07:51:29.742574 #10972]  INFO -- : lab.rism: 990029784 changed 240m 4 cl, 2 fag, 2 cor, serpentone => cl (4), fag (2), cor (2), serpentone
I, [2024-09-06T07:51:30.131727 #10972]  INFO -- : lab.rism: 990029912 changed 240m cemb, 2 vl, vla, b => cemb, vl (2), vla, b
I, [2024-09-06T07:51:30.331379 #10972]  INFO -- : lab.rism: 990030076 changed 240m 3 fl => fl (3) 
I, [2024-09-06T07:51:30.545535 #10972]  INFO -- : lab.rism: 990031402 changed 240m 3 fl => fl (3) 
I, [2024-09-06T07:51:30.910508 #10972]  INFO -- : lab.rism: 990034009 changed 240m 3 fl => fl (3) 
I, [2024-09-06T07:51:31.389812 #10972]  INFO -- : lab.rism: 990034010 changed 240m 3 fl => fl (3) 
I, [2024-09-06T07:51:31.689196 #10972]  INFO -- : lab.rism: 990036489 changed 240m 3 Coro => Coro (3) 
I, [2024-09-06T07:51:32.056476 #10972]  INFO -- : lab.rism: 990037896 changed 240m 4 cl, 2 fag, 2 cor, tr => cl (4), fag (2), cor (2), tr
I, [2024-09-06T07:51:32.527537 #10972]  INFO -- : lab.rism: 990038346 changed 240m A, 3 vla, org => A, vla (3), org
I, [2024-09-06T07:51:33.071737 #10972]  INFO -- : lab.rism: 990042328 changed 240m 3 Coro => Coro (3) 
I, [2024-09-06T07:51:33.525289 #10972]  INFO -- : lab.rism: 990042336 changed 240m 3 Coro, org => Coro (3), org
I, [2024-09-06T07:51:33.779385 #10972]  INFO -- : lab.rism: 990044829 changed 240m 3 fl => fl (3) 
I, [2024-09-06T07:51:34.156623 #10972]  INFO -- : lab.rism: 990046442 changed 240m cemb, 2 vl, vla, b => cemb, vl (2), vla, b
I, [2024-09-06T07:51:34.523463 #10972]  INFO -- : lab.rism: 990046638 changed 240m 3 Coro => Coro (3) 
I, [2024-09-06T07:51:35.017789 #10972]  INFO -- : lab.rism: 990047013 changed 240m 3 fl => fl (3) 
I, [2024-09-06T07:51:35.440729 #10972]  INFO -- : lab.rism: 990047014 changed 240m 3 fl => fl (3) 
I, [2024-09-06T07:51:35.772352 #10972]  INFO -- : lab.rism: 990048748 changed 240m clav, 2 vl, vlc => clav, vl (2), vlc
I, [2024-09-06T07:51:36.429638 #10972]  INFO -- : lab.rism: 990052568 changed 240m 3 fl => fl (3) 
I, [2024-09-06T07:51:36.946504 #10972]  INFO -- : lab.rism: 990052569 changed 240m 3 fl => fl (3) 
I, [2024-09-06T07:51:37.328260 #10972]  INFO -- : lab.rism: 990052571 changed 240m 3 fl => fl (3) 
I, [2024-09-06T07:51:37.784292 #10972]  INFO -- : lab.rism: 990053422 changed 240m 3 Coro => Coro (3) 
I, [2024-09-06T07:51:38.190033 #10972]  INFO -- : lab.rism: 990054339 changed 240m clav, 2 vl, vla, b => clav, vl (2), vla, b
I, [2024-09-06T07:51:38.498770 #10972]  INFO -- : lab.rism: 990054732 changed 240m cemb, 2 vl, violetta, b => cemb, vl (2), violetta, b
I, [2024-09-06T07:51:38.774623 #10972]  INFO -- : lab.rism: 990054867 changed 240m clav, 2 vl, vla, vlc => clav, vl (2), vla, vlc
I, [2024-09-06T07:51:38.980105 #10972]  INFO -- : lab.rism: 990054868 changed 240m clav, 2 vl, vla, vlc => clav, vl (2), vla, vlc
I, [2024-09-06T07:51:39.442465 #10972]  INFO -- : lab.rism: 990058028 changed 240m 4 fl, bc => fl (4), bc
I, [2024-09-06T07:51:39.842488 #10972]  INFO -- : lab.rism: 990058733 changed 240m A, 4 vla, b => A, vla (4), b
I, [2024-09-06T07:51:40.308460 #10972]  INFO -- : lab.rism: 990058925 changed 240m A, 3 vla => A, vla (3)
I, [2024-09-06T07:51:40.488316 #10972]  INFO -- : lab.rism: 990058927 changed 240m A, 3 vl, org => A, vl (3), org
I, [2024-09-06T07:51:40.711590 #10972]  INFO -- : lab.rism: 990058929 changed 240m A, 3 vla, org => A, vla (3), org
I, [2024-09-06T07:51:40.879901 #10972]  INFO -- : lab.rism: 990059222 changed 240m 3 Coro, bc => Coro (3), bc
I, [2024-09-06T07:51:41.280686 #10972]  INFO -- : lab.rism: 990060212 changed 240m 4 cl, 2 fag, 2 cor => cl (4), fag (2), cor (2)
I, [2024-09-06T07:51:41.580932 #10972]  INFO -- : lab.rism: 990061829 changed 240m 4 cl, 2 fag, 2 cor => cl (4), fag (2), cor (2)
I, [2024-09-06T07:51:41.852462 #10972]  INFO -- : lab.rism: 990062711 changed 240m 3 cor => cor (3) 
I, [2024-09-06T07:51:42.531984 #10972]  INFO -- : lab.rism: 990067572 changed 240m clav, 2 vl, b => clav, vl (2), b
I, [2024-09-06T07:51:43.196875 #10972]  INFO -- : lab.rism: 990067573 changed 240m clav, 2 vl, bc => clav, vl (2), bc
I, [2024-09-06T07:51:43.395556 #10972]  INFO -- : lab.rism: 990067574 changed 240m clav, 2 vl, bc => clav, vl (2), bc
I, [2024-09-06T07:51:43.561232 #10972]  INFO -- : lab.rism: 990067579 changed 240m clav, 2 vl, bc => clav, vl (2), bc
I, [2024-09-06T07:51:43.816893 #10972]  INFO -- : lab.rism: 990067580 changed 240m clav, 2 vl, b => clav, vl (2), b
I, [2024-09-06T07:51:43.947665 #10972]  INFO -- : lab.rism: 990067581 changed 240m clav, 2 vl, bc => clav, vl (2), bc
I, [2024-09-06T07:51:44.270974 #10972]  INFO -- : lab.rism: 990068243 changed 240m 4 cl, 2 fag, 2 cor => cl (4), fag (2), cor (2)
I, [2024-09-06T07:51:44.477284 #10972]  INFO -- : lab.rism: 990068244 changed 240m 4 cl, 2 fag, 2 cor => cl (4), fag (2), cor (2)
I, [2024-09-06T07:51:44.699505 #10972]  INFO -- : lab.rism: 990069196 changed 240m cemb, 2 vl, vla, b => cemb, vl (2), vla, b
I, [2024-09-06T07:51:45.011822 #10972]  INFO -- : lab.rism: 990069202 changed 240m cemb, 2 vl, vla, b => cemb, vl (2), vla, b
I, [2024-09-06T07:51:45.199187 #10972]  INFO -- : lab.rism: 990069204 changed 240m cemb, 2 vl, vla, b => cemb, vl (2), vla, b
I, [2024-09-06T07:51:45.493655 #10972]  INFO -- : lab.rism: 990070862 changed 240m cemb, 2 vl, vla, vlc => cemb, vl (2), vla, vlc
I, [2024-09-06T07:51:45.906996 #10972]  INFO -- : lab.rism: 990072643 changed 240m 3 fl => fl (3) 
I, [2024-09-06T07:51:46.422281 #10972]  INFO -- : lab.rism: 991005710 changed 240m clav, 2 vl, b => clav, vl (2), b
I, [2024-09-06T07:51:46.762994 #10972]  INFO -- : lab.rism: 991008195 changed 240m 3 cor, tr, t-trb, b-trb => cor (3), tr, t-trb, b-trb
I, [2024-09-06T07:51:47.197127 #10972]  INFO -- : lab.rism: 991014732 changed 240m B, 2 vl, bc => B, vl (2), bc
I, [2024-09-06T07:51:47.558514 #10972]  INFO -- : lab.rism: 991014995 changed 240m 3 fl => fl (3) 
I, [2024-09-06T07:51:47.943819 #10972]  INFO -- : lab.rism: 991014996 changed 240m 3 fl => fl (3) 
I, [2024-09-06T07:51:48.272807 #10972]  INFO -- : lab.rism: 991015142 changed 240m 3 fl => fl (3) 
I, [2024-09-06T07:51:48.601381 #10972]  INFO -- : lab.rism: 991015906 changed 240m 3 fl => fl (3) 
I, [2024-09-06T07:51:48.905751 #10972]  INFO -- : lab.rism: 991016214 changed 240m 3 fl => fl (3) 
I, [2024-09-06T07:51:49.313170 #10972]  INFO -- : lab.rism: 991018015 changed 240m 3 Coro => Coro (3) 
I, [2024-09-06T07:51:49.531986 #10972]  INFO -- : lab.rism: 991018704 changed 240m cl, fag, 2 cor => cl, fag, cor (2)
I, [2024-09-06T07:51:49.748363 #10972]  INFO -- : lab.rism: 991019059 changed 240m 4 fl => fl (4) 
I, [2024-09-06T07:51:50.138997 #10972]  INFO -- : lab.rism: 991019060 changed 240m fl, 2 fag => fl, fag (2)
I, [2024-09-06T07:51:50.442444 #10972]  INFO -- : lab.rism: 991019063 changed 240m 3 fl => fl (3) 
I, [2024-09-06T07:51:50.580110 #10972]  INFO -- : lab.rism: 991019064 changed 240m 3 fl => fl (3) 
I, [2024-09-06T07:51:50.770323 #10972]  INFO -- : lab.rism: 991019065 changed 240m 3 fl => fl (3) 
I, [2024-09-06T07:51:51.002688 #10972]  INFO -- : lab.rism: 991021230 changed 240m A, 2 vl, b => A, vl (2), b
I, [2024-09-06T07:51:51.838531 #10972]  INFO -- : lab.rism: 991023818 changed 240m 4 cl, 2 fag, 2 cor, tr => cl (4), fag (2), cor (2), tr
I, [2024-09-06T07:51:52.675438 #10972]  INFO -- : lab.rism: 991024998 changed 240m 3 cor => cor (3) 
I, [2024-09-06T07:51:52.986887 #10972]  INFO -- : lab.rism: 991025189 changed 240m 4 Coro => Coro (4) 
I, [2024-09-06T07:51:53.352796 #10972]  INFO -- : lab.rism: 991029912 changed 240m 4 cl, 2 fag, tr => cl (4), fag (2), tr
I, [2024-09-06T07:51:55.360438 #10972]  INFO -- : lab.rism: 1001011456 changed 240m Coro, Orch => Coro, orch
I, [2024-09-06T07:51:56.352072 #10972]  INFO -- : lab.rism: 1001017949 changed 240m fl solo, strings => fl, strings
I, [2024-09-06T07:51:57.569069 #10972]  INFO -- : lab.rism: 1001023288 changed 240m brass instruments, timp => brasses, timp
I, [2024-09-06T07:51:59.111542 #10972]  INFO -- : lab.rism: 1001028640 changed 240m Coro,  org => Coro, org
I, [2024-09-06T07:51:59.682455 #10972]  INFO -- : lab.rism: 1001028642 changed 240m Coro,  org => Coro, org
I, [2024-09-06T07:51:59.960801 #10972]  INFO -- : lab.rism: 1001028643 changed 240m Coro,  org => Coro, org
I, [2024-09-06T07:52:00.238238 #10972]  INFO -- : lab.rism: 1001028645 changed 240m Coro,  org => Coro, org
I, [2024-09-06T07:52:00.499835 #10972]  INFO -- : lab.rism: 1001028646 changed 240m Coro,  org => Coro, org
I, [2024-09-06T07:52:00.811213 #10972]  INFO -- : lab.rism: 1001028649 changed 240m Coro,  org => Coro, org
I, [2024-09-06T07:52:01.123685 #10972]  INFO -- : lab.rism: 1001028652 changed 240m Coro,  org => Coro, org
I, [2024-09-06T07:52:01.773156 #10972]  INFO -- : lab.rism: 1001031021 changed 240m VSol: B, Coro, orch, org => B, Coro, orch, org
I, [2024-09-06T07:52:02.287041 #10972]  INFO -- : lab.rism: 1001032015 changed 240m VSol: B, orch, org => B, orch, org
I, [2024-09-06T07:52:03.198680 #10972]  INFO -- : lab.rism: 1001034698 changed 240m cl princ, strings => cl, strings
I, [2024-09-06T07:52:04.738435 #10972]  INFO -- : lab.rism: 1001043176 changed 240m Solo: B, strings => B, strings
I, [2024-09-06T07:52:05.045262 #10972]  INFO -- : lab.rism: 1001043185 changed 240m Chorus => Coro
I, [2024-09-06T07:52:05.919188 #10972]  INFO -- : lab.rism: 1001044470 changed 240m Coro, orch. => Coro, orch
I, [2024-09-06T07:52:07.390935 #10972]  INFO -- : lab.rism: 1001050478 changed 240m accordeon => accordion
I, [2024-09-06T07:52:08.147663 #10972]  INFO -- : lab.rism: 1001051818 changed 240m Coro, strings, 2 fl, 2 cor => Coro, strings, fl (2), cor (2)
I, [2024-09-06T07:52:08.598622 #10972]  INFO -- : lab.rism: 1001052328 changed 240m fl 1 => fl
I, [2024-09-06T07:52:09.129116 #10972]  INFO -- : lab.rism: 1001053661 changed 240m Coro, orch, keyboard => Coro, orch, keyb
I, [2024-09-06T07:52:09.779183 #10972]  INFO -- : lab.rism: 1001054501 changed 240m Chorus => Coro
I, [2024-09-06T07:52:10.770960 #10972]  INFO -- : lab.rism: 1001061998 changed 240m brass orch => brasses
I, [2024-09-06T07:52:11.040960 #10972]  INFO -- : lab.rism: 1001062002 changed 240m brass orch => brasses
I, [2024-09-06T07:52:11.479328 #10972]  INFO -- : lab.rism: 1001064359 changed 240m cb solo, strings => cb, strings
I, [2024-09-06T07:52:12.794584 #10972]  INFO -- : lab.rism: 1001070478 changed 240m Coro,strings => Coro, strings
I, [2024-09-06T07:52:13.792795 #10972]  INFO -- : lab.rism: 1001075115 changed 240m A, cembalo => A, cemb
I, [2024-09-06T07:52:14.994553 #10972]  INFO -- : lab.rism: 1001083116 changed 240m Coro, keybd => Coro, keyb
I, [2024-09-06T07:52:15.595182 #10972]  INFO -- : lab.rism: 1001083254 changed 240m coro, org => Coro, org
I, [2024-09-06T07:52:16.017848 #10972]  INFO -- : lab.rism: 1001083272 changed 240m coro, org => Coro, org
I, [2024-09-06T07:52:16.305378 #10972]  INFO -- : lab.rism: 1001083674 changed 240m cl princ, orch => cl, orch
I, [2024-09-06T07:52:16.791063 #10972]  INFO -- : lab.rism: 1001083780 changed 240m coro, orch => Coro, orch
I, [2024-09-06T07:52:17.297992 #10972]  INFO -- : lab.rism: 1001083808 changed 240m Coro, keybd => Coro, keyb
I, [2024-09-06T07:52:17.814588 #10972]  INFO -- : lab.rism: 1001083809 changed 240m Coro, keybd => Coro, keyb
I, [2024-09-06T07:52:18.253967 #10972]  INFO -- : lab.rism: 1001083873 changed 240m coro, org => Coro, org
I, [2024-09-06T07:52:18.756954 #10972]  INFO -- : lab.rism: 1001083896 changed 240m Coro, keybd => Coro, keyb
I, [2024-09-06T07:52:19.161606 #10972]  INFO -- : lab.rism: 1001083900 changed 240m Coro, keybd => Coro, keyb
I, [2024-09-06T07:52:19.544906 #10972]  INFO -- : lab.rism: 1001083902 changed 240m Coro, keybd => Coro, keyb
I, [2024-09-06T07:52:19.790903 #10972]  INFO -- : lab.rism: 1001083904 changed 240m Coro, keybd => Coro, keyb
I, [2024-09-06T07:52:20.708520 #10972]  INFO -- : lab.rism: 1001088037 changed 240m coro maschile, trb, org => Coro maschile, trb, org
I, [2024-09-06T07:52:21.499465 #10972]  INFO -- : lab.rism: 1001088045 changed 240m coro, org => Coro, org
I, [2024-09-06T07:52:22.155965 #10972]  INFO -- : lab.rism: 1001089430 changed 240m coro, orch => Coro, orch
I, [2024-09-06T07:52:23.353125 #10972]  INFO -- : lab.rism: 1001092194 changed 240m brass orch => brasses
I, [2024-09-06T07:52:23.763621 #10972]  INFO -- : lab.rism: 1001092196 changed 240m brass orch => brasses
I, [2024-09-06T07:52:24.490043 #10972]  INFO -- : lab.rism: 1001095339 changed 240m coro, och => Coro, orch
I, [2024-09-06T07:52:24.911138 #10972]  INFO -- : lab.rism: 1001095794 changed 240m coro maschile, orch => Coro maschile, orch
I, [2024-09-06T07:52:25.166782 #10972]  INFO -- : lab.rism: 1001095890 changed 240m coro, orch => Coro, orch
I, [2024-09-06T07:52:25.513856 #10972]  INFO -- : lab.rism: 1001095898 changed 240m coro, orch => Coro, orch
I, [2024-09-06T07:52:25.762503 #10972]  INFO -- : lab.rism: 1001095901 changed 240m coro, orch => Coro, orch
I, [2024-09-06T07:52:26.027568 #10972]  INFO -- : lab.rism: 1001095906 changed 240m coro, orch => Coro, orch
I, [2024-09-06T07:52:26.185836 #10972]  INFO -- : lab.rism: 1001095911 changed 240m coro, orch => Coro, orch
I, [2024-09-06T07:52:26.306344 #10972]  INFO -- : lab.rism: 1001095916 changed 240m coro, orch => Coro, orch
I, [2024-09-06T07:52:26.482587 #10972]  INFO -- : lab.rism: 1001095920 changed 240m coro, orch => Coro, orch
I, [2024-09-06T07:52:26.719236 #10972]  INFO -- : lab.rism: 1001095942 changed 240m coro, orch => Coro, orch
I, [2024-09-06T07:52:26.846543 #10972]  INFO -- : lab.rism: 1001095947 changed 240m coro, pf => Coro, pf
I, [2024-09-06T07:52:26.996105 #10972]  INFO -- : lab.rism: 1001095948 changed 240m coro, pf => Coro, pf
I, [2024-09-06T07:52:27.128261 #10972]  INFO -- : lab.rism: 1001095950 changed 240m coro, pf => Coro, pf
I, [2024-09-06T07:52:27.357759 #10972]  INFO -- : lab.rism: 1001095951 changed 240m coro, pf => Coro, pf
I, [2024-09-06T07:52:27.554657 #10972]  INFO -- : lab.rism: 1001095953 changed 240m coro, pf => Coro, pf
I, [2024-09-06T07:52:27.745266 #10972]  INFO -- : lab.rism: 1001096163 changed 240m coro, pf => Coro, pf
I, [2024-09-06T07:52:27.964652 #10972]  INFO -- : lab.rism: 1001096164 changed 240m coro, pf => Coro, pf
I, [2024-09-06T07:52:28.213630 #10972]  INFO -- : lab.rism: 1001096165 changed 240m coro, pf => Coro, pf
I, [2024-09-06T07:52:28.400740 #10972]  INFO -- : lab.rism: 1001096166 changed 240m coro, pf => Coro, pf
I, [2024-09-06T07:52:28.617225 #10972]  INFO -- : lab.rism: 1001096167 changed 240m coro, pf => Coro, pf
I, [2024-09-06T07:52:28.779501 #10972]  INFO -- : lab.rism: 1001096404 changed 240m coro, pf => Coro, pf
I, [2024-09-06T07:52:28.940057 #10972]  INFO -- : lab.rism: 1001096411 changed 240m coro, pf => Coro, pf
I, [2024-09-06T07:52:29.147735 #10972]  INFO -- : lab.rism: 1001096412 changed 240m coro, pf => Coro, pf
I, [2024-09-06T07:52:29.323388 #10972]  INFO -- : lab.rism: 1001096413 changed 240m coro, pf => Coro, pf
I, [2024-09-06T07:52:29.621943 #10972]  INFO -- : lab.rism: 1001096414 changed 240m coro, pf => Coro, pf
I, [2024-09-06T07:52:29.798428 #10972]  INFO -- : lab.rism: 1001096415 changed 240m coro, pf => Coro, pf
I, [2024-09-06T07:52:29.996386 #10972]  INFO -- : lab.rism: 1001096864 changed 240m clno 1, 2; timp => clno (2), timp
I, [2024-09-06T07:52:30.239539 #10972]  INFO -- : lab.rism: 1001097022 changed 240m coro, org => Coro, org
I, [2024-09-06T07:52:30.570395 #10972]  INFO -- : lab.rism: 1001097038 changed 240m coro, org => Coro, org
I, [2024-09-06T07:52:30.723552 #10972]  INFO -- : lab.rism: 1001097039 changed 240m coro, org => Coro, org
I, [2024-09-06T07:52:30.863602 #10972]  INFO -- : lab.rism: 1001097041 changed 240m coro, org => Coro, org
I, [2024-09-06T07:52:31.034375 #10972]  INFO -- : lab.rism: 1001097096 changed 240m coro, org => Coro, org
I, [2024-09-06T07:52:31.196376 #10972]  INFO -- : lab.rism: 1001097098 changed 240m coro, org => Coro, org
I, [2024-09-06T07:52:31.385967 #10972]  INFO -- : lab.rism: 1001097100 changed 240m coro, org => Coro, org
I, [2024-09-06T07:52:31.598119 #10972]  INFO -- : lab.rism: 1001097106 changed 240m coro, org => Coro, org
I, [2024-09-06T07:52:31.735202 #10972]  INFO -- : lab.rism: 1001097109 changed 240m coro, org => Coro, org
I, [2024-09-06T07:52:31.854644 #10972]  INFO -- : lab.rism: 1001097113 changed 240m coro, org => Coro, org
I, [2024-09-06T07:52:32.017893 #10972]  INFO -- : lab.rism: 1001097114 changed 240m coro, org => Coro, org
I, [2024-09-06T07:52:32.184831 #10972]  INFO -- : lab.rism: 1001097116 changed 240m coro, org => Coro, org
I, [2024-09-06T07:52:32.441989 #10972]  INFO -- : lab.rism: 1001097415 changed 240m coro, orch => Coro, orch
I, [2024-09-06T07:52:33.523057 #10972]  INFO -- : lab.rism: 1001101428 changed 240m coro, pf => Coro, pf
I, [2024-09-06T07:52:34.016579 #10972]  INFO -- : lab.rism: 1001101433 changed 240m coro, pf => Coro, pf
I, [2024-09-06T07:52:35.758674 #10972]  INFO -- : lab.rism: 1001114247 changed 240m coro, pf => Coro, pf
I, [2024-09-06T07:52:36.006750 #10972]  INFO -- : lab.rism: 1001114502 changed 240m coro, strings => Coro, strings
I, [2024-09-06T07:52:36.338151 #10972]  INFO -- : lab.rism: 1001114520 changed 240m coro, orch => Coro, orch
I, [2024-09-06T07:52:36.841045 #10972]  INFO -- : lab.rism: 1001115167 changed 240m coro feminile, strings, cor => Coro femminile, strings, cor
I, [2024-09-06T07:52:37.486102 #10972]  INFO -- : lab.rism: 1001115193 changed 240m B, coro, org => B, Coro, org
I, [2024-09-06T07:52:38.151220 #10972]  INFO -- : lab.rism: 1001115441 changed 240m coro, orch => Coro, orch
I, [2024-09-06T07:52:38.657827 #10972]  INFO -- : lab.rism: 1001115452 changed 240m coro, orch => Coro, orch
I, [2024-09-06T07:52:40.375645 #10972]  INFO -- : lab.rism: 1001120709 changed 240m coro, pf => Coro, pf
I, [2024-09-06T07:52:41.175381 #10972]  INFO -- : lab.rism: 1001120712 changed 240m coro, org => Coro, org
I, [2024-09-06T07:52:42.246001 #10972]  INFO -- : lab.rism: 1001125004 changed 240m coro, org => Coro, org
I, [2024-09-06T07:52:43.644515 #10972]  INFO -- : lab.rism: 1001126912 changed 240m Solo B, Coro, org => B, Coro, org
I, [2024-09-06T07:52:44.645066 #10972]  INFO -- : lab.rism: 1001127155 changed 240m coro, pf => Coro, pf
I, [2024-09-06T07:52:45.088521 #10972]  INFO -- : lab.rism: 1001128546 changed 240m coro, org => Coro, org
I, [2024-09-06T07:52:45.399309 #10972]  INFO -- : lab.rism: 1001128549 changed 240m coro, org => Coro, org
I, [2024-09-06T07:52:45.714472 #10972]  INFO -- : lab.rism: 1001128665 changed 240m coro, org => Coro, org
I, [2024-09-06T07:52:45.915860 #10972]  INFO -- : lab.rism: 1001128674 changed 240m coro, org => Coro, org
I, [2024-09-06T07:52:46.194338 #10972]  INFO -- : lab.rism: 1001128678 changed 240m coro, org => Coro, org
I, [2024-09-06T07:52:46.680982 #10972]  INFO -- : lab.rism: 1001128873 changed 240m coro, cl, b-cl, cor, pf => Coro, cl, b-cl, cor, pf
I, [2024-09-06T07:52:47.006932 #10972]  INFO -- : lab.rism: 1001129118 changed 240m coro maschile, orch => Coro maschile, orch
I, [2024-09-06T07:52:47.534052 #10972]  INFO -- : lab.rism: 1001130949 changed 240m Coro 1, 2 => Coro (2)
I, [2024-09-06T07:52:47.972551 #10972]  INFO -- : lab.rism: 1001131260 changed 240m Coro, strings. => Coro, strings
I, [2024-09-06T07:52:48.307381 #10972]  INFO -- : lab.rism: 1001131265 changed 240m Coro, strings. => Coro, strings
I, [2024-09-06T07:52:48.701314 #10972]  INFO -- : lab.rism: 1001131405 changed 240m coro, orch => Coro, orch
I, [2024-09-06T07:52:49.905116 #10972]  INFO -- : lab.rism: 1001142458 changed 240m cl (2), bassoon, cor (2) => cl (2), fag, cor (2)
I, [2024-09-06T07:52:50.380987 #10972]  INFO -- : lab.rism: 1001143611 changed 240m [B] => B
I, [2024-09-06T07:52:50.921518 #10972]  INFO -- : lab.rism: 1001145813 changed 240m Chor, pf => Coro, pf
I, [2024-09-06T07:52:51.560004 #10972]  INFO -- : lab.rism: 1001147035 changed 240m coro, pf => Coro, pf
I, [2024-09-06T07:52:52.032391 #10972]  INFO -- : lab.rism: 1001147036 changed 240m coro, pf => Coro, pf
I, [2024-09-06T07:52:52.224275 #10972]  INFO -- : lab.rism: 1001147038 changed 240m coro, pf => Coro, pf
I, [2024-09-06T07:52:52.728485 #10972]  INFO -- : lab.rism: 1001147832 changed 240m coro, orch => Coro, orch
I, [2024-09-06T07:52:53.353372 #10972]  INFO -- : lab.rism: 1001148046 changed 240m coro, pf => Coro, pf
I, [2024-09-06T07:52:53.898071 #10972]  INFO -- : lab.rism: 1001148430 changed 240m coro maschile, pf => Coro maschile, pf
I, [2024-09-06T07:52:54.247506 #10972]  INFO -- : lab.rism: 1001149005 changed 240m coro, pf => Coro, pf
I, [2024-09-06T07:52:54.733072 #10972]  INFO -- : lab.rism: 1001149175 changed 240m Chor, pf => Coro, pf
I, [2024-09-06T07:52:54.977215 #10972]  INFO -- : lab.rism: 1001150011 changed 240m coro, pf => Coro, pf
I, [2024-09-06T07:52:55.211356 #10972]  INFO -- : lab.rism: 1001150020 changed 240m coro, pf => Coro, pf
I, [2024-09-06T07:52:55.435603 #10972]  INFO -- : lab.rism: 1001150043 changed 240m coro, pf => Coro, pf
I, [2024-09-06T07:52:55.702555 #10972]  INFO -- : lab.rism: 1001150044 changed 240m Coro,pf => Coro, pf
I, [2024-09-06T07:52:55.904964 #10972]  INFO -- : lab.rism: 1001150047 changed 240m coro, pf => Coro, pf
I, [2024-09-06T07:52:56.089654 #10972]  INFO -- : lab.rism: 1001150068 changed 240m coro, pf => Coro, pf
I, [2024-09-06T07:52:56.216974 #10972]  INFO -- : lab.rism: 1001150094 changed 240m coro, pf => Coro, pf
I, [2024-09-06T07:52:56.419165 #10972]  INFO -- : lab.rism: 1001150096 changed 240m coro, pf => Coro, pf
I, [2024-09-06T07:52:56.709793 #10972]  INFO -- : lab.rism: 1001150098 changed 240m coro, pf => Coro, pf
I, [2024-09-06T07:52:56.853525 #10972]  INFO -- : lab.rism: 1001150099 changed 240m coro, pf => Coro, pf
I, [2024-09-06T07:52:56.977211 #10972]  INFO -- : lab.rism: 1001150102 changed 240m Coro,pf => Coro, pf
I, [2024-09-06T07:52:57.152275 #10972]  INFO -- : lab.rism: 1001150106 changed 240m coro, pf => Coro, pf
I, [2024-09-06T07:52:57.265100 #10972]  INFO -- : lab.rism: 1001150108 changed 240m coro, pf => Coro, pf
I, [2024-09-06T07:52:57.489627 #10972]  INFO -- : lab.rism: 1001150120 changed 240m coro, pf => Coro, pf
I, [2024-09-06T07:52:57.984966 #10972]  INFO -- : lab.rism: 1001150125 changed 240m coro, pf => Coro, pf
I, [2024-09-06T07:52:58.202769 #10972]  INFO -- : lab.rism: 1001150233 changed 240m coro, pf => Coro, pf
I, [2024-09-06T07:52:58.378884 #10972]  INFO -- : lab.rism: 1001150275 changed 240m coro, pf => Coro, pf
I, [2024-09-06T07:52:58.642663 #10972]  INFO -- : lab.rism: 1001150329 changed 240m Banda => banda
I, [2024-09-06T07:52:58.920720 #10972]  INFO -- : lab.rism: 1001150759 changed 240m cl solo, orch => cl, orch
I, [2024-09-06T07:52:59.211860 #10972]  INFO -- : lab.rism: 1001151091 changed 240m coro, pf => Coro, pf
I, [2024-09-06T07:52:59.491383 #10972]  INFO -- : lab.rism: 1001151101 changed 240m coro, pf => Coro, pf
I, [2024-09-06T07:52:59.672651 #10972]  INFO -- : lab.rism: 1001151102 changed 240m coro, pf => Coro, pf
I, [2024-09-06T07:52:59.845662 #10972]  INFO -- : lab.rism: 1001151103 changed 240m coro, pf => Coro, pf
I, [2024-09-06T07:53:00.009075 #10972]  INFO -- : lab.rism: 1001151106 changed 240m coro, pf => Coro, pf
I, [2024-09-06T07:53:00.310650 #10972]  INFO -- : lab.rism: 1001153014 changed 240m coro, org => Coro, org
I, [2024-09-06T07:53:00.799867 #10972]  INFO -- : lab.rism: 1001153902 changed 240m coro, pf => Coro, pf
I, [2024-09-06T07:53:01.015888 #10972]  INFO -- : lab.rism: 1001153970 changed 240m coro, pf => Coro, pf
I, [2024-09-06T07:53:01.200543 #10972]  INFO -- : lab.rism: 1001153973 changed 240m coro, pf => Coro, pf
I, [2024-09-06T07:53:01.307221 #10972]  INFO -- : lab.rism: 1001153976 changed 240m coro, pf => Coro, pf
I, [2024-09-06T07:53:01.673446 #10972]  INFO -- : lab.rism: 1001154765 changed 240m A, coro, pf => A, Coro, pf
I, [2024-09-06T07:53:01.964565 #10972]  INFO -- : lab.rism: 1001154980 changed 240m coro, orch => Coro, orch
I, [2024-09-06T07:53:02.475764 #10972]  INFO -- : lab.rism: 1001155646 changed 240m coro, orch => Coro, orch
I, [2024-09-06T07:53:02.645652 #10972]  INFO -- : lab.rism: 1001155654 changed 240m Coro, Orch => Coro, orch
I, [2024-09-06T07:53:02.851632 #10972]  INFO -- : lab.rism: 1001155710 changed 240m coro, orch => Coro, orch
I, [2024-09-06T07:53:03.217908 #10972]  INFO -- : lab.rism: 1001155880 changed 240m coro maschile, pf => Coro maschile, pf
I, [2024-09-06T07:53:03.637498 #10972]  INFO -- : lab.rism: 1001156068 changed 240m coro, org => Coro, org
I, [2024-09-06T07:53:03.845277 #10972]  INFO -- : lab.rism: 1001156083 changed 240m coro, pf => Coro, pf
I, [2024-09-06T07:53:04.115142 #10972]  INFO -- : lab.rism: 1001156086 changed 240m coro, pf => Coro, pf
I, [2024-09-06T07:53:04.549697 #10972]  INFO -- : lab.rism: 1001156601 changed 240m coro, pf => Coro, pf
I, [2024-09-06T07:53:04.766358 #10972]  INFO -- : lab.rism: 1001156707 changed 240m coro, orch => Coro, orch
I, [2024-09-06T07:53:04.965788 #10972]  INFO -- : lab.rism: 1001156740 changed 240m coro, orch => Coro, orch
I, [2024-09-06T07:53:05.209438 #10972]  INFO -- : lab.rism: 1001156744 changed 240m coro, orch => Coro, orch
I, [2024-09-06T07:53:05.448231 #10972]  INFO -- : lab.rism: 1001157077 changed 240m coro femminile, pf => Coro femminile, pf
I, [2024-09-06T07:53:05.881566 #10972]  INFO -- : lab.rism: 1001157081 changed 240m coro femminile, pf => Coro femminile, pf
I, [2024-09-06T07:53:06.237014 #10972]  INFO -- : lab.rism: 1001157082 changed 240m coro femminile, pf => Coro femminile, pf
I, [2024-09-06T07:53:06.466024 #10972]  INFO -- : lab.rism: 1001157084 changed 240m coro femminile, pf => Coro femminile, pf
I, [2024-09-06T07:53:06.730509 #10972]  INFO -- : lab.rism: 1001157085 changed 240m coro femminile, pf => Coro femminile, pf
I, [2024-09-06T07:53:06.932821 #10972]  INFO -- : lab.rism: 1001157086 changed 240m coro femminile, pf => Coro femminile, pf
I, [2024-09-06T07:53:07.388567 #10972]  INFO -- : lab.rism: 1001158010 changed 240m coro, org => Coro, org
I, [2024-09-06T07:53:08.091372 #10972]  INFO -- : lab.rism: 1001158390 changed 240m cl princ, orch => cl, orch
I, [2024-09-06T07:53:08.520633 #10972]  INFO -- : lab.rism: 1001158523 changed 240m coro, org => Coro, org
I, [2024-09-06T07:53:09.146506 #10972]  INFO -- : lab.rism: 1001159141 changed 240m Coro, orch. => Coro, orch
I, [2024-09-06T07:53:09.836218 #10972]  INFO -- : lab.rism: 1001162949 changed 240m coro, pf => Coro, pf
I, [2024-09-06T07:53:10.447047 #10972]  INFO -- : lab.rism: 1001162956 changed 240m coro, pf => Coro, pf
I, [2024-09-06T07:53:10.708905 #10972]  INFO -- : lab.rism: 1001162957 changed 240m coro, pf => Coro, pf
I, [2024-09-06T07:53:10.975854 #10972]  INFO -- : lab.rism: 1001162959 changed 240m coro, pf => Coro, pf
I, [2024-09-06T07:53:11.210238 #10972]  INFO -- : lab.rism: 1001162960 changed 240m coro, pf => Coro, pf
I, [2024-09-06T07:53:11.444713 #10972]  INFO -- : lab.rism: 1001162961 changed 240m coro, pf => Coro, pf
I, [2024-09-06T07:53:11.789812 #10972]  INFO -- : lab.rism: 1001162963 changed 240m coro, pf => Coro, pf
I, [2024-09-06T07:53:11.999408 #10972]  INFO -- : lab.rism: 1001162964 changed 240m coro, pf => Coro, pf
I, [2024-09-06T07:53:12.433362 #10972]  INFO -- : lab.rism: 1001162985 changed 240m Bariton, coro, org => Bariton, Coro, org
I, [2024-09-06T07:53:12.869983 #10972]  INFO -- : lab.rism: 1001164689 changed 240m coro 1, 2 => Coro (2)
I, [2024-09-06T07:53:13.436266 #10972]  INFO -- : lab.rism: 1001164787 changed 240m 3 coro => Coro (3)
I, [2024-09-06T07:53:13.819005 #10972]  INFO -- : lab.rism: 1001165022 changed 240m Coro, Orch => Coro, orch
I, [2024-09-06T07:53:14.282695 #10972]  INFO -- : lab.rism: 1001166130 changed 240m coro, org => Coro, org
I, [2024-09-06T07:53:14.616237 #10972]  INFO -- : lab.rism: 1001166195 changed 240m coro, pf => Coro, pf
I, [2024-09-06T07:53:15.138284 #10972]  INFO -- : lab.rism: 1001168864 changed 240m coro, keyb => Coro, keyb
I, [2024-09-06T07:53:15.544597 #10972]  INFO -- : lab.rism: 1001168867 changed 240m coro, keyb => Coro, keyb
I, [2024-09-06T07:53:15.729002 #10972]  INFO -- : lab.rism: 1001168875 changed 240m coro, keyb => Coro, keyb
I, [2024-09-06T07:53:16.206069 #10972]  INFO -- : lab.rism: 1001169908 changed 240m Coro, 2 cor => Coro, cor (2)
I, [2024-09-06T07:53:16.699950 #10972]  INFO -- : lab.rism: 1001170515 changed 240m cl 1 => cl
I, [2024-09-06T07:53:17.056157 #10972]  INFO -- : lab.rism: 1001171305 changed 240m coro, org => Coro, org
I, [2024-09-06T07:53:17.572258 #10972]  INFO -- : lab.rism: 1001171306 changed 240m coro, org => Coro, org
I, [2024-09-06T07:53:17.741333 #10972]  INFO -- : lab.rism: 1001171308 changed 240m coro, org => Coro, org
I, [2024-09-06T07:53:17.966920 #10972]  INFO -- : lab.rism: 1001171526 changed 240m coro, org => Coro, org
I, [2024-09-06T07:53:18.494676 #10972]  INFO -- : lab.rism: 1001171759 changed 240m B 1, B 2, B 3, orch, org => B (3), orch, org
I, [2024-09-06T07:53:19.191960 #10972]  INFO -- : lab.rism: 1001176003 changed 240m cl princ, orch => cl, orch
I, [2024-09-06T07:53:19.745263 #10972]  INFO -- : lab.rism: 1001176625 changed 240m coro femminile, pf => Coro femminile, pf
I, [2024-09-06T07:53:20.478833 #10972]  INFO -- : lab.rism: 1001178007 changed 240m Coro, pf, => Coro, pf
I, [2024-09-06T07:53:21.302340 #10972]  INFO -- : lab.rism: 1001183146 changed 240m coro, orch => Coro, orch
I, [2024-09-06T07:53:21.854628 #10972]  INFO -- : lab.rism: 1001184823 changed 240m coro, orch => Coro, orch
I, [2024-09-06T07:53:22.232975 #10972]  INFO -- : lab.rism: 1001185417 changed 240m Coro feminile, org => Coro femminile, org
I, [2024-09-06T07:53:22.834114 #10972]  INFO -- : lab.rism: 1001185592 changed 240m coro, orch => Coro, orch
I, [2024-09-06T07:53:23.299701 #10972]  INFO -- : lab.rism: 1001186786 changed 240m brass quintet => brasses (5)
I, [2024-09-06T07:53:24.171281 #10972]  INFO -- : lab.rism: 1001188234 changed 240m Coro  bc => Coro, bc
I, [2024-09-06T07:53:24.733165 #10972]  INFO -- : lab.rism: 1001188236 changed 240m Coro  bc => Coro, bc
I, [2024-09-06T07:53:25.101676 #10972]  INFO -- : lab.rism: 1001188268 changed 240m Coro  strings, org => Coro, strings, org
I, [2024-09-06T07:53:25.511963 #10972]  INFO -- : lab.rism: 1001188391 changed 240m coro maschile, org => Coro maschile, org
I, [2024-09-06T07:53:26.105347 #10972]  INFO -- : lab.rism: 1001188399 changed 240m brass quintet => brasses (5)
I, [2024-09-06T07:53:26.396622 #10972]  INFO -- : lab.rism: 1001188401 changed 240m brass quintet => brasses (5)
I, [2024-09-06T07:53:26.739651 #10972]  INFO -- : lab.rism: 1001188795 changed 240m B. Coro, cor => B, Coro, cor
I, [2024-09-06T07:53:27.036881 #10972]  INFO -- : lab.rism: 1001189196 changed 240m Brass Quintet, Bass Drum => brasses (5), grancassa
I, [2024-09-06T07:53:28.778834 #10972]  INFO -- : lab.rism: 1001201300 changed 240m Coro maschile; pf => Coro maschile, pf
I, [2024-09-06T07:53:29.287354 #10972]  INFO -- : lab.rism: 1001202517 changed 240m coro, pf => Coro, pf
I, [2024-09-06T07:53:29.594703 #10972]  INFO -- : lab.rism: 1001202518 changed 240m coro, pf => Coro, pf
I, [2024-09-06T07:53:29.947375 #10972]  INFO -- : lab.rism: 1001202519 changed 240m coro, pf => Coro, pf
I, [2024-09-06T07:53:30.306653 #10972]  INFO -- : lab.rism: 1001202521 changed 240m coro, pf => Coro, pf
I, [2024-09-06T07:53:31.003904 #10972]  INFO -- : lab.rism: 1001206419 changed 240m coro, orch, org => Coro, orch, org
I, [2024-09-06T07:53:31.832007 #10972]  INFO -- : lab.rism: 1001206842 changed 240m coro maschile, pf => Coro maschile, pf
I, [2024-09-06T07:53:32.642271 #10972]  INFO -- : lab.rism: 1001208043 changed 240m B (1); bc => B, bc
I, [2024-09-06T07:53:33.828175 #10972]  INFO -- : lab.rism: 1001208051 changed 240m coro, orch, b => Coro, orch, b
I, [2024-09-06T07:53:34.403679 #10972]  INFO -- : lab.rism: 1001208605 changed 240m clar in B, pf => cl, pf
I, [2024-09-06T07:53:35.174530 #10972]  INFO -- : lab.rism: 1001208745 changed 240m coro, piano => Coro, pf
I, [2024-09-06T07:53:35.521982 #10972]  INFO -- : lab.rism: 1001208780 changed 240m coro, org => Coro, org
I, [2024-09-06T07:53:35.784574 #10972]  INFO -- : lab.rism: 1001208919 changed 240m coro, org => Coro, org
I, [2024-09-06T07:53:36.171717 #10972]  INFO -- : lab.rism: 1001208932 changed 240m coro, pf => Coro, pf
I, [2024-09-06T07:53:36.717113 #10972]  INFO -- : lab.rism: 1001211140 changed 240m B, coro maschile, pf => B, Coro maschile, pf
I, [2024-09-06T07:53:37.325728 #10972]  INFO -- : lab.rism: 1001212969 changed 240m Bariton, coro, orch => Bariton, Coro, orch
I, [2024-09-06T07:53:37.887165 #10972]  INFO -- : lab.rism: 1001215573 changed 240m male chorus => Coro maschile
I, [2024-09-06T07:53:39.062660 #10972]  INFO -- : lab.rism: 1001216844 changed 240m coro, pf => Coro, pf
I, [2024-09-06T07:53:39.463445 #10972]  INFO -- : lab.rism: 1001217165 changed 240m coro, orch => Coro, orch
I, [2024-09-06T07:53:39.751716 #10972]  INFO -- : lab.rism: 1001217275 changed 240m Cl. solo, orch => cl, orch
I, [2024-09-06T07:53:40.054239 #10972]  INFO -- : lab.rism: 1001217402 changed 240m coro, orch, org => Coro, orch, org
I, [2024-09-06T07:53:40.453435 #10972]  INFO -- : lab.rism: 1001218404 changed 240m choro, pf => Coro, pf
I, [2024-09-06T07:53:40.748134 #10972]  INFO -- : lab.rism: 1001218405 changed 240m choro, pf => Coro, pf
I, [2024-09-06T07:53:41.171832 #10972]  INFO -- : lab.rism: 1001220670 changed 240m coro, orch => Coro, orch
I, [2024-09-06T07:53:41.352644 #10972]  INFO -- : lab.rism: 1001220671 changed 240m coro, orch => Coro, orch
I, [2024-09-06T07:53:41.461387 #10972]  INFO -- : lab.rism: 1001220673 changed 240m coro, orch => Coro, orch
I, [2024-09-06T07:53:41.703610 #10972]  INFO -- : lab.rism: 1001220675 changed 240m coro, orch => Coro, orch
I, [2024-09-06T07:53:41.831758 #10972]  INFO -- : lab.rism: 1001220676 changed 240m coro, orch => Coro, orch
I, [2024-09-06T07:53:42.214360 #10972]  INFO -- : lab.rism: 1001222638 changed 240m coro di fanciulli, pf => Coro di fanciulli, pf
I, [2024-09-06T07:53:42.863888 #10972]  INFO -- : lab.rism: 1001226479 changed 240m choir, orch, bc => Coro, orch, bc
I, [2024-09-06T07:53:43.474894 #10972]  INFO -- : lab.rism: 1001226913 changed 240m Solo A, org => A, org
I, [2024-09-06T07:53:44.131656 #10972]  INFO -- : lab.rism: 1001228979 changed 240m coro, keyb => Coro, keyb
I, [2024-09-06T07:53:44.577656 #10972]  INFO -- : lab.rism: 1001230260 changed 240m coro, orch => Coro, orch
I, [2024-09-06T07:53:45.039587 #10972]  INFO -- : lab.rism: 1001233248 changed 240m Brass Quintet => brasses (5)
I, [2024-09-06T07:53:45.664696 #10972]  INFO -- : lab.rism: 1001235752 changed 240m coro, pf => Coro, pf
I, [2024-09-06T07:53:46.030320 #10972]  INFO -- : lab.rism: 1001236186 changed 240m coro maschile, org => Coro maschile, org
I, [2024-09-06T07:53:46.648048 #10972]  INFO -- : lab.rism: 1001238695 changed 240m brass orch => brasses
I, [2024-09-06T07:53:46.822654 #10972]  INFO -- : lab.rism: 1001238697 changed 240m brass orch => brasses
I, [2024-09-06T07:53:47.029314 #10972]  INFO -- : lab.rism: 1001238723 changed 240m brass orch => brasses
I, [2024-09-06T07:53:47.799458 #10972]  INFO -- : lab.rism: 1001243110 changed 240m coro di fanciulli => Coro di fanciulli
I, [2024-09-06T07:53:48.779130 #10972]  INFO -- : lab.rism: 1001244815 changed 240m Coro,  b, org => Coro, b, org
I, [2024-09-06T07:53:49.155674 #10972]  INFO -- : lab.rism: 1001246191 changed 240m coro, org => Coro, org
I, [2024-09-06T07:53:49.957846 #10972]  INFO -- : lab.rism: 1001252482 changed 240m brass orch => brasses
I, [2024-09-06T07:53:50.390645 #10972]  INFO -- : lab.rism: 1001252549 changed 240m brass orch => brasses
I, [2024-09-06T07:53:51.325344 #10972]  INFO -- : lab.rism: 1001260642 changed 240m Bariton, coro, org => Bariton, Coro, org
I, [2024-09-06T07:53:51.701419 #10972]  INFO -- : lab.rism: 1001261534 changed 240m coro femminile => Coro femminile
I, [2024-09-06T07:53:52.289817 #10972]  INFO -- : lab.rism: 1001265169 changed 240m coro, org => Coro, org
I, [2024-09-06T07:53:53.052865 #10972]  INFO -- : lab.rism: 1001271090 changed 240m coro maschile, orch => Coro maschile, orch
I, [2024-09-06T07:53:53.499397 #10972]  INFO -- : lab.rism: 1001271165 changed 240m coro maschile, orch => Coro maschile, orch
I, [2024-09-06T07:53:53.949501 #10972]  INFO -- : lab.rism: 1001272866 changed 240m akkordeon => accordion
I, [2024-09-06T07:53:54.969796 #10972]  INFO -- : lab.rism: 1001274632 changed 240m Coro maschile, brass, pf => Coro maschile, brasses, pf
I, [2024-09-06T07:53:55.555939 #10972]  INFO -- : lab.rism: 1001276003 changed 240m Coro feminile => Coro femminile
I, [2024-09-06T07:53:55.929452 #10972]  INFO -- : lab.rism: 1001276094 changed 240m Coro feminile, org => Coro femminile, org
I, [2024-09-06T07:53:56.410670 #10972]  INFO -- : lab.rism: 1001276227 changed 240m Coro feminile, org => Coro femminile, org
I, [2024-09-06T07:53:57.032791 #10972]  INFO -- : lab.rism: 1001276308 changed 240m Coro feminile, org => Coro femminile, org
I, [2024-09-06T07:53:57.423268 #10972]  INFO -- : lab.rism: 1001277069 changed 240m Coro, => Coro
I, [2024-09-06T07:53:57.868663 #10972]  INFO -- : lab.rism: 1001278484 changed 240m Brass => brasses
I, [2024-09-06T07:53:58.485189 #10972]  INFO -- : lab.rism: 1001278486 changed 240m Brass => brasses
I, [2024-09-06T07:53:58.776978 #10972]  INFO -- : lab.rism: 1001278487 changed 240m Brass => brasses
I, [2024-09-06T07:53:59.168020 #10972]  INFO -- : lab.rism: 1001280620 changed 240m Coro feminile, org => Coro femminile, org
I, [2024-09-06T07:53:59.422621 #10972]  INFO -- : lab.rism: 1001280789 changed 240m Coro feminile, org => Coro femminile, org
I, [2024-09-06T07:53:59.792314 #10972]  INFO -- : lab.rism: 1001280958 changed 240m Coro feminile, org => Coro femminile, org
I, [2024-09-06T07:54:00.205754 #10972]  INFO -- : lab.rism: 1001281324 changed 240m Coro feminile => Coro femminile
I, [2024-09-06T07:54:01.010547 #10972]  INFO -- : lab.rism: 1001282149 changed 240m Coro feminile => Coro femminile
I, [2024-09-06T07:54:01.295601 #10972]  INFO -- : lab.rism: 1001282883 changed 240m Coro feminile => Coro femminile
I, [2024-09-06T07:54:01.540864 #10972]  INFO -- : lab.rism: 1001283849 changed 240m brass orch => brasses
I, [2024-09-06T07:54:01.775135 #10972]  INFO -- : lab.rism: 1001284308 changed 240m Coro feminile, org => Coro femminile, org
I, [2024-09-06T07:54:02.553779 #10972]  INFO -- : lab.rism: 1001288279 changed 240m coro => Coro
I, [2024-09-06T07:54:03.262248 #10972]  INFO -- : lab.rism: 1001289480 changed 240m Coro, brass ensemble, org => Coro, brasses, org
I, [2024-09-06T07:54:03.697320 #10972]  INFO -- : lab.rism: 1001290416 changed 240m coro maschile => Coro maschile
I, [2024-09-06T07:54:04.171238 #10972]  INFO -- : lab.rism: 1001291668 changed 240m Chor => Coro
I, [2024-09-06T07:54:04.505223 #10972]  INFO -- : lab.rism: 1001291997 changed 240m coro maschile => Coro maschile
I, [2024-09-06T07:54:04.801848 #10972]  INFO -- : lab.rism: 1001292015 changed 240m Coro, 2 cor, bc => Coro, cor (2), bc
I, [2024-09-06T07:54:05.223338 #10972]  INFO -- : lab.rism: 1001292030 changed 240m coro maschile => Coro maschile
I, [2024-09-06T07:54:05.582883 #10972]  INFO -- : lab.rism: 1001292040 changed 240m Coro, 2 cor, bc => Coro, cor (2), bc
I, [2024-09-06T07:54:06.065383 #10972]  INFO -- : lab.rism: 1001293710 changed 240m male chorus => Coro maschile
I, [2024-09-06T07:54:06.780327 #10972]  INFO -- : lab.rism: 1001296963 changed 240m fl 1 => fl
I, [2024-09-06T07:54:07.549840 #10972]  INFO -- : lab.rism: 1001298184 changed 240m Coro, orch, org. => Coro, orch, org
I, [2024-09-06T07:54:08.464824 #10972]  INFO -- : lab.rism: 1001302459 changed 240m coro => Coro
I, [2024-09-06T07:54:09.021306 #10972]  INFO -- : lab.rism: 1001303325 changed 240m coro, orch, org => Coro, orch, org
