# Logfile created on 2024-11-14 09:45:33 +0100 by logger.rb/v1.4.3
I, [2024-11-14T09:45:33.060591 #13996]  INFO -- : lab.rism: Size of collection --> 374
I, [2024-11-14T09:45:33.700809 #13996]  INFO -- : lab.rism: #280002210 holdings with 'P. Wranitzky 6'
I, [2024-11-14T09:45:33.834124 #13996]  INFO -- : lab.rism: #990000036 holdings with 'Abeille 1'
I, [2024-11-14T09:45:34.067697 #13996]  INFO -- : lab.rism: #990000072 holdings with 'Abel 1'
I, [2024-11-14T09:45:34.426249 #13996]  INFO -- : lab.rism: #990000155 holdings with 'Abingdon 1'
I, [2024-11-14T09:45:34.518252 #13996]  INFO -- : lab.rism: #990000503 holdings with 'PrD mus. 1'
I, [2024-11-14T09:45:34.601988 #13996]  INFO -- : lab.rism: #990000707 holdings with 'F.K. Mus. 15./16. II. Abtheilung'
I, [2024-11-14T09:45:34.718655 #13996]  INFO -- : lab.rism: #990000841 holdings with 'Alexandre 1'
I, [2024-11-14T09:45:34.827671 #13996]  INFO -- : lab.rism: #990000968 holdings with 'Amon 1'
I, [2024-11-14T09:45:34.910560 #13996]  INFO -- : lab.rism: #990000969 holdings with 'Amon 2'
I, [2024-11-14T09:45:34.985601 #13996]  INFO -- : lab.rism: #990001050 holdings with 'André 1/I'
I, [2024-11-14T09:45:35.094214 #13996]  INFO -- : lab.rism: #990001066 holdings with 'André 5/I'
I, [2024-11-14T09:45:35.194425 #13996]  INFO -- : lab.rism: #990001128 holdings with 'F.K. Mus. 75 II. Abth.'
I, [2024-11-14T09:45:35.311514 #13996]  INFO -- : lab.rism: #990002577 holdings with 'F.K. Mus. 36/2'
I, [2024-11-14T09:45:35.411450 #13996]  INFO -- : lab.rism: #990002610 holdings with 'F.K. Mus. 27.28./5'
I, [2024-11-14T09:45:35.519730 #13996]  INFO -- : lab.rism: #990002840 holdings with 'Gossec 16'
I, [2024-11-14T09:45:35.611729 #13996]  INFO -- : lab.rism: #990003023 holdings with 'C. P. E. Bach 1'
I, [2024-11-14T09:45:35.720268 #13996]  INFO -- : lab.rism: #990003539 holdings with 'Backofen 1'
I, [2024-11-14T09:45:35.853748 #13996]  INFO -- : lab.rism: #990003774 holdings with 'F.K. Mus. 103/1'
I, [2024-11-14T09:45:35.975468 #13996]  INFO -- : lab.rism: #990004163 holdings with 'Baumbach 1'
I, [2024-11-14T09:45:36.112241 #13996]  INFO -- : lab.rism: #990004419 holdings with 'Beecke 25'
I, [2024-11-14T09:45:36.354179 #13996]  INFO -- : lab.rism: #990004671 holdings with 'Benda 4'
I, [2024-11-14T09:45:36.454059 #13996]  INFO -- : lab.rism: #990004673 holdings with 'Benda 2/I'
I, [2024-11-14T09:45:36.537633 #13996]  INFO -- : lab.rism: #990005561 holdings with 'Blaise 1'
I, [2024-11-14T09:45:36.637581 #13996]  INFO -- : lab.rism: #990006157 holdings with 'A. Bon 1'
I, [2024-11-14T09:45:36.721025 #13996]  INFO -- : lab.rism: #990006158 holdings with 'A. Bon 2'
I, [2024-11-14T09:45:36.846670 #13996]  INFO -- : lab.rism: #990006621 holdings with 'Boutmy 1'
I, [2024-11-14T09:45:37.054708 #13996]  INFO -- : lab.rism: #990006867 holdings with 'Brandl 1'
I, [2024-11-14T09:45:37.146524 #13996]  INFO -- : lab.rism: #990006870 holdings with 'Brandl 4'
I, [2024-11-14T09:45:37.221932 #13996]  INFO -- : lab.rism: #990006872 holdings with 'Brandl 5'
I, [2024-11-14T09:45:37.338631 #13996]  INFO -- : lab.rism: #990008106 holdings with 'Cambini 2'
I, [2024-11-14T09:45:37.413757 #13996]  INFO -- : lab.rism: #990008124 holdings with 'Cambini 3'
I, [2024-11-14T09:45:37.497345 #13996]  INFO -- : lab.rism: #990008214 holdings with 'Cambini 4'
I, [2024-11-14T09:45:37.605525 #13996]  INFO -- : lab.rism: #990008602 holdings with 'Cannabich 4'
I, [2024-11-14T09:45:37.697338 #13996]  INFO -- : lab.rism: #990008607 holdings with 'Cannabich 2'
I, [2024-11-14T09:45:37.797746 #13996]  INFO -- : lab.rism: #990008617 holdings with 'Cannabich 1'
I, [2024-11-14T09:45:37.897522 #13996]  INFO -- : lab.rism: #990009127 holdings with 'F.K. Mus. 27./28.'
I, [2024-11-14T09:45:37.989634 #13996]  INFO -- : lab.rism: #990009448 holdings with 'Chedeville 1'
I, [2024-11-14T09:45:38.097633 #13996]  INFO -- : lab.rism: #990010295 holdings with 'Clementi 1, 2'
I, [2024-11-14T09:45:38.214892 #13996]  INFO -- : lab.rism: #990010735 holdings with 'XL D 51'
I, [2024-11-14T09:45:38.331470 #13996]  INFO -- : lab.rism: #990010923 holdings with 'Sammelband 4/I'
I, [2024-11-14T09:45:38.415026 #13996]  INFO -- : lab.rism: #990011190 holdings with 'F.K. Mus. 13. II. Abtheilung'
I, [2024-11-14T09:45:38.539874 #13996]  INFO -- : lab.rism: #990011660 holdings with 'Couperin 1'
I, [2024-11-14T09:45:38.657776 #13996]  INFO -- : lab.rism: #990011844 holdings with 'H. Jac. Croes 3'
I, [2024-11-14T09:45:38.732644 #13996]  INFO -- : lab.rism: #990011848 holdings with 'H. Jac. Croes 2'
I, [2024-11-14T09:45:38.807786 #13996]  INFO -- : lab.rism: #990011850 holdings with 'H. Jac. Croes 1'
I, [2024-11-14T09:45:38.916075 #13996]  INFO -- : lab.rism: #990012884 holdings with 'Danzi 7'
I, [2024-11-14T09:45:39.008276 #13996]  INFO -- : lab.rism: #990012886 holdings with 'Danzi 8'
I, [2024-11-14T09:45:39.141475 #13996]  INFO -- : lab.rism: #990013018 holdings with 'Davaux 1'
I, [2024-11-14T09:45:39.250135 #13996]  INFO -- : lab.rism: #990013258 holdings with 'Della Maria 1'
I, [2024-11-14T09:45:39.325194 #13996]  INFO -- : lab.rism: #990013259 holdings with 'Della Maria 1'
I, [2024-11-14T09:45:39.391880 #13996]  INFO -- : lab.rism: #990013277 holdings with 'Della Maria 1'
I, [2024-11-14T09:45:39.477386 #13996]  INFO -- : lab.rism: #990013566 holdings with 'F.K. Mus 4.5/2'
I, [2024-11-14T09:45:39.592231 #13996]  INFO -- : lab.rism: #990014908 holdings with 'Distler 1'
I, [2024-11-14T09:45:39.767346 #13996]  INFO -- : lab.rism: #990015043 holdings with 'Dittersdorf 38'
I, [2024-11-14T09:45:39.842724 #13996]  INFO -- : lab.rism: #990015131 holdings with 'Domnich 1'
I, [2024-11-14T09:45:39.917604 #13996]  INFO -- : lab.rism: #990015485 holdings with 'Duny 1'
I, [2024-11-14T09:45:40.034353 #13996]  INFO -- : lab.rism: #990017050 holdings with 'Emmert 2'
I, [2024-11-14T09:45:40.101014 #13996]  INFO -- : lab.rism: #990017052 holdings with 'Emmert 1'
I, [2024-11-14T09:45:40.185911 #13996]  INFO -- : lab.rism: #990017310 holdings with 'F.K. Mus. 36/4'
I, [2024-11-14T09:45:40.260085 #13996]  INFO -- : lab.rism: #990017692 holdings with 'Ferrari 1'
I, [2024-11-14T09:45:40.385115 #13996]  INFO -- : lab.rism: #990018077 holdings with 'Fiocco 1'
I, [2024-11-14T09:45:40.501612 #13996]  INFO -- : lab.rism: #990018953 holdings with 'XL D 52'
I, [2024-11-14T09:45:40.593762 #13996]  INFO -- : lab.rism: #990019334 holdings with 'F.K. 27.28/6'
I, [2024-11-14T09:45:40.710790 #13996]  INFO -- : lab.rism: #990019731 holdings with 'F.K. Mus. 32-34F.K. Mus. 32-34'
I, [2024-11-14T09:45:40.794179 #13996]  INFO -- : lab.rism: #990019750 holdings with 'F.K. Mus. 35/5'
I, [2024-11-14T09:45:40.919439 #13996]  INFO -- : lab.rism: #990020843 holdings with 'F.K. Mus. 27.28/4, F.K. Mus. 53'
I, [2024-11-14T09:45:41.036023 #13996]  INFO -- : lab.rism: #990021188 holdings with 'Gibert 2'
I, [2024-11-14T09:45:41.127783 #13996]  INFO -- : lab.rism: #990021197 holdings with 'Gibert 1'
I, [2024-11-14T09:45:41.252939 #13996]  INFO -- : lab.rism: #990021554 holdings with 'Jarnowick 1'
I, [2024-11-14T09:45:41.353216 #13996]  INFO -- : lab.rism: #990021751 holdings with 'F.K. Mus. 37'
I, [2024-11-14T09:45:41.427894 #13996]  INFO -- : lab.rism: #990021779 holdings with 'Gluck 13/II'
I, [2024-11-14T09:45:41.545190 #13996]  INFO -- : lab.rism: #990021943 holdings with 'Gluck 13/I'
I, [2024-11-14T09:45:41.661943 #13996]  INFO -- : lab.rism: #990022149 holdings with 'Gossec 17'
I, [2024-11-14T09:45:41.745264 #13996]  INFO -- : lab.rism: #990022160 holdings with 'Gossec 18'
I, [2024-11-14T09:45:41.820428 #13996]  INFO -- : lab.rism: #990022182 holdings with 'Gossec 19'
I, [2024-11-14T09:45:41.904030 #13996]  INFO -- : lab.rism: #990022401 holdings with 'Ch. E. Graf 1'
I, [2024-11-14T09:45:41.995646 #13996]  INFO -- : lab.rism: #990022448 holdings with 'F. H. Graf 1'
I, [2024-11-14T09:45:42.212556 #13996]  INFO -- : lab.rism: #990022620 holdings with 'Graun 1/I'
I, [2024-11-14T09:45:42.304424 #13996]  INFO -- : lab.rism: #990023117 holdings with 'Grétry 4'
I, [2024-11-14T09:45:42.392668 #13996]  INFO -- : lab.rism: #990023344 holdings with 'Grétry 5/I'
I, [2024-11-14T09:45:42.484007 #13996]  INFO -- : lab.rism: #990023365 holdings with 'Grétry 9'
I, [2024-11-14T09:45:42.604626 #13996]  INFO -- : lab.rism: #990023464 holdings with 'Grill 1'
I, [2024-11-14T09:45:42.694461 #13996]  INFO -- : lab.rism: #990023465 holdings with 'Grill 3'
I, [2024-11-14T09:45:42.794488 #13996]  INFO -- : lab.rism: #990023467 holdings with 'Grill 1'
I, [2024-11-14T09:45:42.886347 #13996]  INFO -- : lab.rism: #990023468 holdings with 'Grill 2'
I, [2024-11-14T09:45:43.005437 #13996]  INFO -- : lab.rism: #990023785 holdings with 'Sammelband 4/I'
I, [2024-11-14T09:45:43.105538 #13996]  INFO -- : lab.rism: #990023798 holdings with 'Sammelband 4/I'
I, [2024-11-14T09:45:43.230653 #13996]  INFO -- : lab.rism: #990025946 holdings with 'Häusler 2'
I, [2024-11-14T09:45:43.363880 #13996]  INFO -- : lab.rism: #990026228 holdings with 'Hanke 1'
I, [2024-11-14T09:45:43.447711 #13996]  INFO -- : lab.rism: #990026250 holdings with 'F.K. Mus. 51'
I, [2024-11-14T09:45:43.663569 #13996]  INFO -- : lab.rism: #990026464 holdings with 'Hasse 1'
I, [2024-11-14T09:45:43.847934 #13996]  INFO -- : lab.rism: #990026684 holdings with 'J. Haydn 117/I'
I, [2024-11-14T09:45:43.931477 #13996]  INFO -- : lab.rism: #990026686 holdings with 'J. Haydn 116/I'
I, [2024-11-14T09:45:44.114124 #13996]  INFO -- : lab.rism: #990026708 holdings with 'J. Haydn 118'
I, [2024-11-14T09:45:44.264804 #13996]  INFO -- : lab.rism: #990026721 holdings with 'Sammelband 4/II'
I, [2024-11-14T09:45:44.355871 #13996]  INFO -- : lab.rism: #990026738 holdings with 'Sammelband 4/II'
I, [2024-11-14T09:45:44.456166 #13996]  INFO -- : lab.rism: #990026897 holdings with 'F.K. Mus. 115'
I, [2024-11-14T09:45:44.556227 #13996]  INFO -- : lab.rism: #990026918 holdings with 'J. Haydn 60'
I, [2024-11-14T09:45:44.631419 #13996]  INFO -- : lab.rism: #990026919 holdings with 'J. Haydn 61'
I, [2024-11-14T09:45:44.714819 #13996]  INFO -- : lab.rism: #990027058 holdings with 'J. Haydn 17'
I, [2024-11-14T09:45:44.798010 #13996]  INFO -- : lab.rism: #990027059 holdings with 'J. Haydn 78'
I, [2024-11-14T09:45:44.906730 #13996]  INFO -- : lab.rism: #990027298 holdings with 'J. Haydn 54/II'
I, [2024-11-14T09:45:45.015290 #13996]  INFO -- : lab.rism: #990027356 holdings with 'J. Haydn 70'
I, [2024-11-14T09:45:45.115088 #13996]  INFO -- : lab.rism: #990027433 holdings with 'J. Haydn 77'
I, [2024-11-14T09:45:45.199371 #13996]  INFO -- : lab.rism: #990027445 holdings with 'J. Haydn 73'
I, [2024-11-14T09:45:45.351049 #13996]  INFO -- : lab.rism: #990027450 holdings with 'J. Haydn 75'
I, [2024-11-14T09:45:45.441458 #13996]  INFO -- : lab.rism: #990027503 holdings with 'J. Haydn 94'
I, [2024-11-14T09:45:45.566722 #13996]  INFO -- : lab.rism: #990027645 holdings with 'J. Haydn 108'
I, [2024-11-14T09:45:45.708859 #13996]  INFO -- : lab.rism: #990027660 holdings with 'J. Haydn 113'
I, [2024-11-14T09:45:45.816766 #13996]  INFO -- : lab.rism: #990027703 holdings with 'J. Haydn 111'
I, [2024-11-14T09:45:45.900377 #13996]  INFO -- : lab.rism: #990027873 holdings with 'J. Haydn 100'
I, [2024-11-14T09:45:46.050316 #13996]  INFO -- : lab.rism: #990028613 holdings with 'Sammelband 7'
I, [2024-11-14T09:45:46.192184 #13996]  INFO -- : lab.rism: #990028867 holdings with 'Sammelband 4/II'
I, [2024-11-14T09:45:46.267518 #13996]  INFO -- : lab.rism: #990028868 holdings with 'Sammelband 4/II'
I, [2024-11-14T09:45:46.342553 #13996]  INFO -- : lab.rism: #990028972 holdings with 'Joh. M. Haydn 1'
I, [2024-11-14T09:45:46.417482 #13996]  INFO -- : lab.rism: #990029209 holdings with 'Herbain 1'
I, [2024-11-14T09:45:46.525922 #13996]  INFO -- : lab.rism: #990029432 holdings with 'Himmel 3/I'
I, [2024-11-14T09:45:46.609523 #13996]  INFO -- : lab.rism: #990029474 holdings with 'Himmel 4'
I, [2024-11-14T09:45:46.727313 #13996]  INFO -- : lab.rism: #990029996 holdings with 'Hoffmeister 11'
I, [2024-11-14T09:45:46.860234 #13996]  INFO -- : lab.rism: #990029998 holdings with 'Hoffmeister 14'
I, [2024-11-14T09:45:46.935705 #13996]  INFO -- : lab.rism: #990030001 holdings with 'Hoffmeister 13'
I, [2024-11-14T09:45:47.010873 #13996]  INFO -- : lab.rism: #990030002 holdings with 'Hoffmeister 15'
I, [2024-11-14T09:45:47.102003 #13996]  INFO -- : lab.rism: #990030010 holdings with 'Hoffmeister 16'
I, [2024-11-14T09:45:47.185965 #13996]  INFO -- : lab.rism: #990030020 holdings with 'Hoffmeister 12'
I, [2024-11-14T09:45:47.326040 #13996]  INFO -- : lab.rism: #990030217 holdings with 'Sammelband 7'
I, [2024-11-14T09:45:47.478207 #13996]  INFO -- : lab.rism: #990030310 holdings with 'Hoffstetter 1'
I, [2024-11-14T09:45:47.644910 #13996]  INFO -- : lab.rism: #990030418 holdings with 'Holzbauer 16/I'
I, [2024-11-14T09:45:47.802544 #13996]  INFO -- : lab.rism: #990031885 holdings with 'PrD mus. 5'
I, [2024-11-14T09:45:47.928774 #13996]  INFO -- : lab.rism: #990032646 holdings with 'Jomelli 21'
I, [2024-11-14T09:45:48.070523 #13996]  INFO -- : lab.rism: #990033078 holdings with 'F.K. Mus. 36'
I, [2024-11-14T09:45:48.203967 #13996]  INFO -- : lab.rism: #990033282 holdings with 'F.K. Mus. 4.5/1'
I, [2024-11-14T09:45:48.571012 #13996]  INFO -- : lab.rism: #990033767 holdings with 'Knecht 2'
I, [2024-11-14T09:45:48.753626 #13996]  INFO -- : lab.rism: #990034156 holdings with 'Kospoth 14'
I, [2024-11-14T09:45:48.863251 #13996]  INFO -- : lab.rism: #990034158 holdings with 'Kospoth 15'
I, [2024-11-14T09:45:48.997133 #13996]  INFO -- : lab.rism: #990034160 holdings with 'Kospoth 16'
I, [2024-11-14T09:45:49.105483 #13996]  INFO -- : lab.rism: #990034161 holdings with 'Kospoth 17'
I, [2024-11-14T09:45:49.204635 #13996]  INFO -- : lab.rism: #990034163 holdings with 'Sammelband 7'
I, [2024-11-14T09:45:49.346949 #13996]  INFO -- : lab.rism: #990034170 holdings with 'Kospoth 18'
I, [2024-11-14T09:45:49.506356 #13996]  INFO -- : lab.rism: #990034177 holdings with 'Koželuch 8'
I, [2024-11-14T09:45:49.681598 #13996]  INFO -- : lab.rism: #990034221 holdings with 'Koželuch 5'
I, [2024-11-14T09:45:49.792662 #13996]  INFO -- : lab.rism: #990034266 holdings with 'Koželuch 6'
I, [2024-11-14T09:45:49.939948 #13996]  INFO -- : lab.rism: #990034285 holdings with 'Sammelband 7'
I, [2024-11-14T09:45:50.098295 #13996]  INFO -- : lab.rism: #990034329 holdings with 'Sammelband 7'
I, [2024-11-14T09:45:50.265088 #13996]  INFO -- : lab.rism: #990034551 holdings with 'Koželuch 9'
I, [2024-11-14T09:45:50.442505 #13996]  INFO -- : lab.rism: #990034805 holdings with 'Kreusser 5'
I, [2024-11-14T09:45:50.524069 #13996]  INFO -- : lab.rism: #990034813 holdings with 'Kreusser 2'
I, [2024-11-14T09:45:50.665977 #13996]  INFO -- : lab.rism: #990035305 holdings with 'Krommer 2'
I, [2024-11-14T09:45:50.802965 #13996]  INFO -- : lab.rism: #990035314 holdings with 'Krommer 5'
I, [2024-11-14T09:45:50.908481 #13996]  INFO -- : lab.rism: #990035319 holdings with 'Krommer 4'
I, [2024-11-14T09:45:51.075507 #13996]  INFO -- : lab.rism: #990035322 holdings with 'Krommer 6'
I, [2024-11-14T09:45:51.159311 #13996]  INFO -- : lab.rism: #990035329 holdings with 'Krommer 3'
I, [2024-11-14T09:45:51.285938 #13996]  INFO -- : lab.rism: #990035331 holdings with 'Krommer 1'
I, [2024-11-14T09:45:51.534162 #13996]  INFO -- : lab.rism: #990036122 holdings with 'Le Lance 2'
I, [2024-11-14T09:45:51.609348 #13996]  INFO -- : lab.rism: #990036123 holdings with 'Le Lance 1'
I, [2024-11-14T09:45:51.709488 #13996]  INFO -- : lab.rism: #990036536 holdings with 'Lasser 1'
I, [2024-11-14T09:45:51.868325 #13996]  INFO -- : lab.rism: #990036620 holdings with 'F.K. Mus. 6.7/3'
I, [2024-11-14T09:45:52.061224 #13996]  INFO -- : lab.rism: #990036636 holdings with 'F.K. Mus. 6.7/2'
I, [2024-11-14T09:45:52.285185 #13996]  INFO -- : lab.rism: #990036658 holdings with 'F.K. Mus. 4.5/3'
I, [2024-11-14T09:45:52.361279 #13996]  INFO -- : lab.rism: #990036660 holdings with 'F.K. Mus. 54 Abth. II.'
I, [2024-11-14T09:45:52.436938 #13996]  INFO -- : lab.rism: #990036661 holdings with 'F.K. Mus. 55 II. Abth.F.K. Mus. 55 Abth. II.'
I, [2024-11-14T09:45:52.511582 #13996]  INFO -- : lab.rism: #990036667 holdings with 'F.K. Mus. 51/1'
I, [2024-11-14T09:45:52.611882 #13996]  INFO -- : lab.rism: #990036701 holdings with 'F.K. Mus. 6./7.'
I, [2024-11-14T09:45:52.745429 #13996]  INFO -- : lab.rism: #990036702 holdings with 'F.K. Mus. 6.7/1'
I, [2024-11-14T09:45:52.845539 #13996]  INFO -- : lab.rism: #990036724 holdings with 'F.K. Mus. 47-49/1'
I, [2024-11-14T09:45:52.985805 #13996]  INFO -- : lab.rism: #990036725 holdings with 'F.K. Mus. 47-50/2'
I, [2024-11-14T09:45:53.137760 #13996]  INFO -- : lab.rism: #990036726 holdings with 'F.K. Mus. 47-49'
I, [2024-11-14T09:45:53.220964 #13996]  INFO -- : lab.rism: #990036727 holdings with 'F.K. Mus. 53'
I, [2024-11-14T09:45:53.353035 #13996]  INFO -- : lab.rism: #990036760 holdings with 'F.K. Mus. 56 Abth. II.'
I, [2024-11-14T09:45:53.479513 #13996]  INFO -- : lab.rism: #990036775 holdings with 'F.K. Mus. 57 Abth. II.'
I, [2024-11-14T09:45:53.636834 #13996]  INFO -- : lab.rism: #990036801 holdings with 'F.K. Mus. 62.63/1'
I, [2024-11-14T09:45:53.853872 #13996]  INFO -- : lab.rism: #990036809 holdings with 'F.K. Mus. 58 Abth. II.'
I, [2024-11-14T09:45:54.106201 #13996]  INFO -- : lab.rism: #990036871 holdings with 'Laucher 1'
I, [2024-11-14T09:45:54.330195 #13996]  INFO -- : lab.rism: #990037991 holdings with 'F.K. Mus. 27.28/2, F.K. Mus. 53'
I, [2024-11-14T09:45:54.480641 #13996]  INFO -- : lab.rism: #990038242 holdings with 'F.K. Mus. 52 Abth. II.'
I, [2024-11-14T09:45:54.659865 #13996]  INFO -- : lab.rism: #990038565 holdings with 'XL K 33'
I, [2024-11-14T09:45:54.738975 #13996]  INFO -- : lab.rism: #990038568 holdings with 'XL K 35'
I, [2024-11-14T09:45:54.872907 #13996]  INFO -- : lab.rism: #990038595 holdings with 'XL K 36'
I, [2024-11-14T09:45:55.098764 #13996]  INFO -- : lab.rism: #990038613 holdings with 'XL K 40'
I, [2024-11-14T09:45:55.346979 #13996]  INFO -- : lab.rism: #990038618 holdings with 'XL K 42'
I, [2024-11-14T09:45:55.465191 #13996]  INFO -- : lab.rism: #990038622 holdings with 'XL K 37'
I, [2024-11-14T09:45:55.617943 #13996]  INFO -- : lab.rism: #990038635 holdings with 'XL K 41'
I, [2024-11-14T09:45:55.713852 #13996]  INFO -- : lab.rism: #990038645 holdings with 'XL K 39'
I, [2024-11-14T09:45:55.813991 #13996]  INFO -- : lab.rism: #990038656 holdings with 'XL K 30'
I, [2024-11-14T09:45:55.970609 #13996]  INFO -- : lab.rism: #990038667 holdings with 'XL K 38'
I, [2024-11-14T09:45:56.181275 #13996]  INFO -- : lab.rism: #990038673 holdings with 'XL K 32'
I, [2024-11-14T09:45:56.366113 #13996]  INFO -- : lab.rism: #990038676 holdings with 'XL K 31'
I, [2024-11-14T09:45:56.509954 #13996]  INFO -- : lab.rism: #990038698 holdings with 'XL K 34'
I, [2024-11-14T09:45:56.609346 #13996]  INFO -- : lab.rism: #990038743 holdings with 'F.K. Mus. 53. Abth. II.'
I, [2024-11-14T09:45:56.715138 #13996]  INFO -- : lab.rism: #990039131 holdings with 'XL D 53'
I, [2024-11-14T09:45:56.857188 #13996]  INFO -- : lab.rism: #990039133 holdings with 'XL D 57'
I, [2024-11-14T09:45:57.091899 #13996]  INFO -- : lab.rism: #990039135 holdings with 'XL D 61'
I, [2024-11-14T09:45:57.282264 #13996]  INFO -- : lab.rism: #990039141 holdings with 'XL D 58'
I, [2024-11-14T09:45:57.415680 #13996]  INFO -- : lab.rism: #990039146 holdings with 'XL D 56'
I, [2024-11-14T09:45:57.549059 #13996]  INFO -- : lab.rism: #990039147 holdings with 'XL D 60'
I, [2024-11-14T09:45:57.632532 #13996]  INFO -- : lab.rism: #990039148 holdings with 'XL D 55'
I, [2024-11-14T09:45:57.757712 #13996]  INFO -- : lab.rism: #990039149 holdings with 'XL D 59'
I, [2024-11-14T09:45:57.883135 #13996]  INFO -- : lab.rism: #990039335 holdings with 'F.K. Mus. 35F.K. Mus. 35'
I, [2024-11-14T09:45:58.149659 #13996]  INFO -- : lab.rism: #990039341 holdings with 'F.K. Mus. 35'
I, [2024-11-14T09:45:58.376627 #13996]  INFO -- : lab.rism: #990039346 holdings with 'F.K. Mus. 35F.K. Mus. 35'
I, [2024-11-14T09:45:58.509441 #13996]  INFO -- : lab.rism: #990039350 holdings with 'F.K. Mus. 35F.K. Mus. 35'
I, [2024-11-14T09:45:58.668523 #13996]  INFO -- : lab.rism: #990039353 holdings with 'F.K. Mus. 35F.K. Mus. 35'
I, [2024-11-14T09:45:58.836571 #13996]  INFO -- : lab.rism: #990039612 holdings with 'Dittersdorf 38'
I, [2024-11-14T09:45:59.020312 #13996]  INFO -- : lab.rism: #990039795 holdings with 'Martini 1'
I, [2024-11-14T09:45:59.287106 #13996]  INFO -- : lab.rism: #990040130 holdings with 'Maurer 1'
I, [2024-11-14T09:45:59.462043 #13996]  INFO -- : lab.rism: #990040403 holdings with 'Mederitsch 1'
I, [2024-11-14T09:45:59.652586 #13996]  INFO -- : lab.rism: #990041767 holdings with 'Monsigny 3/I'
I, [2024-11-14T09:45:59.778928 #13996]  INFO -- : lab.rism: #990042036 holdings with 'F.K. Mus. 36/6'
I, [2024-11-14T09:46:00.182059 #13996]  INFO -- : lab.rism: #990042551 holdings with 'XL D 50'
I, [2024-11-14T09:46:00.547209 #13996]  INFO -- : lab.rism: #990043107 holdings with 'W. A. Mozart 24/I'
I, [2024-11-14T09:46:00.655518 #13996]  INFO -- : lab.rism: #990043313 holdings with 'W. A. Mozart 25/II'
I, [2024-11-14T09:46:00.805458 #13996]  INFO -- : lab.rism: #990043695 holdings with 'Sammelband 4/I'
I, [2024-11-14T09:46:01.007679 #13996]  INFO -- : lab.rism: #990043842 holdings with 'Sammelband 4/II'
I, [2024-11-14T09:46:01.421029 #13996]  INFO -- : lab.rism: #990044055 holdings with 'W. A. Mozart 5'
I, [2024-11-14T09:46:01.564305 #13996]  INFO -- : lab.rism: #990044101 holdings with 'W. A. Mozart 6'
I, [2024-11-14T09:46:01.702794 #13996]  INFO -- : lab.rism: #990044117 holdings with 'W. A. Mozart 7'
I, [2024-11-14T09:46:01.810967 #13996]  INFO -- : lab.rism: #990044210 holdings with 'W. A. Mozart 18/II'
I, [2024-11-14T09:46:01.969959 #13996]  INFO -- : lab.rism: #990044221 holdings with 'W. A. Mozart 18/I'
I, [2024-11-14T09:46:02.223984 #13996]  INFO -- : lab.rism: #990044341 holdings with 'W. A. Mozart 11'
I, [2024-11-14T09:46:02.388553 #13996]  INFO -- : lab.rism: #990044350 holdings with 'W. A. Mozart 12'
I, [2024-11-14T09:46:02.522076 #13996]  INFO -- : lab.rism: #990044360 holdings with 'W. A. Mozart 13'
I, [2024-11-14T09:46:02.649467 #13996]  INFO -- : lab.rism: #990044378 holdings with 'W. A. Mozart 14'
I, [2024-11-14T09:46:02.730634 #13996]  INFO -- : lab.rism: #990044381 holdings with 'W. A. Mozart 13'
I, [2024-11-14T09:46:02.839397 #13996]  INFO -- : lab.rism: #990044456 holdings with 'W. A. Mozart 16/II'
I, [2024-11-14T09:46:02.986985 #13996]  INFO -- : lab.rism: #990044459 holdings with 'W. A. Mozart 16/III'
I, [2024-11-14T09:46:03.233238 #13996]  INFO -- : lab.rism: #990044460 holdings with 'W. A. Mozart 16/I'
I, [2024-11-14T09:46:03.456599 #13996]  INFO -- : lab.rism: #990044484 holdings with 'W. A. Mozart 15/III'
I, [2024-11-14T09:46:03.583572 #13996]  INFO -- : lab.rism: #990044509 holdings with 'W. A. Mozart 15/I'
I, [2024-11-14T09:46:03.665137 #13996]  INFO -- : lab.rism: #990044525 holdings with 'W. A. Mozart 15/II'
I, [2024-11-14T09:46:04.016681 #13996]  INFO -- : lab.rism: #990044705 holdings with 'W. A. Mozart 15'
I, [2024-11-14T09:46:04.320236 #13996]  INFO -- : lab.rism: #990045026 holdings with 'W. A. Mozart 9'
I, [2024-11-14T09:46:04.492139 #13996]  INFO -- : lab.rism: #990045076 holdings with 'W. A. Mozart 9'
I, [2024-11-14T09:46:04.760418 #13996]  INFO -- : lab.rism: #990046354 holdings with 'Wenzel 1'
I, [2024-11-14T09:46:04.870826 #13996]  INFO -- : lab.rism: #990046709 holdings with 'Naudot 1'
I, [2024-11-14T09:46:05.412685 #13996]  INFO -- : lab.rism: #990046794 holdings with 'Sammelband 5/I'
I, [2024-11-14T09:46:05.627574 #13996]  INFO -- : lab.rism: #990046853 holdings with 'Navoigille 1'
I, [2024-11-14T09:46:05.804413 #13996]  INFO -- : lab.rism: #990046982 holdings with 'Neubauer 2'
I, [2024-11-14T09:46:06.037820 #13996]  INFO -- : lab.rism: #990046991 holdings with 'Neubauer 3'
I, [2024-11-14T09:46:06.379561 #13996]  INFO -- : lab.rism: #990047006 holdings with 'Neubauer 8/I-II'
I, [2024-11-14T09:46:06.569045 #13996]  INFO -- : lab.rism: #990047360 holdings with 'F.K. Mus. 103'
I, [2024-11-14T09:46:06.805788 #13996]  INFO -- : lab.rism: #990047936 holdings with 'Sammelband 4/II'
I, [2024-11-14T09:46:07.005773 #13996]  INFO -- : lab.rism: #990048035 holdings with 'Paisiello 11/II'
I, [2024-11-14T09:46:07.212473 #13996]  INFO -- : lab.rism: #990048181 holdings with 'Sammelband 4/II'
I, [2024-11-14T09:46:07.416620 #13996]  INFO -- : lab.rism: #990048189 holdings with 'Paisiello 27'
I, [2024-11-14T09:46:07.596335 #13996]  INFO -- : lab.rism: #990049050 holdings with 'Sammelband 11'
I, [2024-11-14T09:46:07.798662 #13996]  INFO -- : lab.rism: #990049278 holdings with 'F.K. Mus. 36/3'
I, [2024-11-14T09:46:07.993867 #13996]  INFO -- : lab.rism: #990049403 holdings with 'Philidor 2/I'
I, [2024-11-14T09:46:08.231002 #13996]  INFO -- : lab.rism: #990049529 holdings with 'Piccinni 9'
I, [2024-11-14T09:46:08.408581 #13996]  INFO -- : lab.rism: #990049688 holdings with 'Pichl 14'
I, [2024-11-14T09:46:08.565032 #13996]  INFO -- : lab.rism: #990050272 holdings with 'Pleyel 19'
I, [2024-11-14T09:46:08.690221 #13996]  INFO -- : lab.rism: #990050393 holdings with 'Pleyel 20'
I, [2024-11-14T09:46:08.928470 #13996]  INFO -- : lab.rism: #990050442 holdings with 'Pleyel 33'
I, [2024-11-14T09:46:09.248934 #13996]  INFO -- : lab.rism: #990050483 holdings with 'Pleyel 30/2'
I, [2024-11-14T09:46:09.390587 #13996]  INFO -- : lab.rism: #990050486 holdings with 'Pleyel 30/3'
I, [2024-11-14T09:46:09.474029 #13996]  INFO -- : lab.rism: #990050488 holdings with 'Pleyel 30/4'
I, [2024-11-14T09:46:09.583060 #13996]  INFO -- : lab.rism: #990050496 holdings with 'Pleyel 32'
I, [2024-11-14T09:46:09.665911 #13996]  INFO -- : lab.rism: #990050505 holdings with 'Pleyel 30'
I, [2024-11-14T09:46:09.749430 #13996]  INFO -- : lab.rism: #990050509 holdings with 'Sammelband 7'
I, [2024-11-14T09:46:09.833132 #13996]  INFO -- : lab.rism: #990050510 holdings with 'Pleyel 31'
I, [2024-11-14T09:46:09.928138 #13996]  INFO -- : lab.rism: #990050514 holdings with 'Pleyel 30/6'
I, [2024-11-14T09:46:10.085764 #13996]  INFO -- : lab.rism: #990050522 holdings with 'Pleyel 30/5'
I, [2024-11-14T09:46:10.296401 #13996]  INFO -- : lab.rism: #990050526 holdings with 'Sammelband 7'
I, [2024-11-14T09:46:10.377586 #13996]  INFO -- : lab.rism: #990050565 holdings with 'Pleyel 23'
I, [2024-11-14T09:46:10.452922 #13996]  INFO -- : lab.rism: #990050592 holdings with 'Pleyel 24'
I, [2024-11-14T09:46:10.562048 #13996]  INFO -- : lab.rism: #990050784 holdings with 'Pleyel 28'
I, [2024-11-14T09:46:10.645492 #13996]  INFO -- : lab.rism: #990050806 holdings with 'Pleyel 26'
I, [2024-11-14T09:46:10.737122 #13996]  INFO -- : lab.rism: #990050825 holdings with 'Pleyel 27'
I, [2024-11-14T09:46:10.820671 #13996]  INFO -- : lab.rism: #990050909 holdings with 'Pleyel 38'
I, [2024-11-14T09:46:10.936072 #13996]  INFO -- : lab.rism: #990050910 holdings with 'Sammelband 7'
I, [2024-11-14T09:46:11.096146 #13996]  INFO -- : lab.rism: #990051026 holdings with 'Pleyel 34'
I, [2024-11-14T09:46:11.238153 #13996]  INFO -- : lab.rism: #990051049 holdings with 'Pleyel 34'
I, [2024-11-14T09:46:11.338194 #13996]  INFO -- : lab.rism: #990051222 holdings with 'Pleyel 35'
I, [2024-11-14T09:46:11.438167 #13996]  INFO -- : lab.rism: #990051276 holdings with 'Sammelband 7'
I, [2024-11-14T09:46:11.521963 #13996]  INFO -- : lab.rism: #990051278 holdings with 'Sammelband 7'
I, [2024-11-14T09:46:11.619112 #13996]  INFO -- : lab.rism: #990051298 holdings with 'Sammelband 7'
I, [2024-11-14T09:46:11.718969 #13996]  INFO -- : lab.rism: #990051331 holdings with 'Pleyel 39'
I, [2024-11-14T09:46:11.822334 #13996]  INFO -- : lab.rism: #990051972 holdings with 'Sammelband 7'
I, [2024-11-14T09:46:11.997133 #13996]  INFO -- : lab.rism: #990052126 holdings with 'Pleyel 36'
I, [2024-11-14T09:46:12.280921 #13996]  INFO -- : lab.rism: #990052375 holdings with 'Kohaut 1'
I, [2024-11-14T09:46:12.555220 #13996]  INFO -- : lab.rism: #990053337 holdings with 'XL K 43'
I, [2024-11-14T09:46:12.731671 #13996]  INFO -- : lab.rism: #990053569 holdings with 'F.K. Mus. 61 Abth. II.'
I, [2024-11-14T09:46:12.823165 #13996]  INFO -- : lab.rism: #990054165 holdings with 'Reicha 3'
I, [2024-11-14T09:46:13.062319 #13996]  INFO -- : lab.rism: #990054460 holdings with 'F.K. Mus. 62.63'
I, [2024-11-14T09:46:13.346502 #13996]  INFO -- : lab.rism: #990055156 holdings with 'Rodolphe 1'
I, [2024-11-14T09:46:13.546095 #13996]  INFO -- : lab.rism: #990055402 holdings with 'Rolle 1'
I, [2024-11-14T09:46:13.721404 #13996]  INFO -- : lab.rism: #990055895 holdings with 'Rosetti 25/I-II'
I, [2024-11-14T09:46:13.848942 #13996]  INFO -- : lab.rism: #990055905 holdings with 'Rosetti 2'
I, [2024-11-14T09:46:13.961003 #13996]  INFO -- : lab.rism: #990055909 holdings with 'Rosetti 1'
I, [2024-11-14T09:46:14.174399 #13996]  INFO -- : lab.rism: #990055930 holdings with 'Rosetti 23'
I, [2024-11-14T09:46:14.419517 #13996]  INFO -- : lab.rism: #990056914 holdings with 'F.K. Mus. 57 II. Abth.'
I, [2024-11-14T09:46:14.564311 #13996]  INFO -- : lab.rism: #990057023 holdings with 'Salieri 4'
I, [2024-11-14T09:46:14.655570 #13996]  INFO -- : lab.rism: #990057039 holdings with 'Salieri 10/I-II'
I, [2024-11-14T09:46:14.830812 #13996]  INFO -- : lab.rism: #990057408 holdings with 'Sammelband 4/II'
I, [2024-11-14T09:46:15.000770 #13996]  INFO -- : lab.rism: #990057428 holdings with 'Sammelband 4/II'
I, [2024-11-14T09:46:15.277346 #13996]  INFO -- : lab.rism: #990057680 holdings with 'Schacht 151/II'
I, [2024-11-14T09:46:15.485497 #13996]  INFO -- : lab.rism: #990057681 holdings with 'Schacht 154/III'
I, [2024-11-14T09:46:15.668003 #13996]  INFO -- : lab.rism: #990057682 holdings with 'Schacht 64'
I, [2024-11-14T09:46:15.798207 #13996]  INFO -- : lab.rism: #990058323 holdings with 'G. Laur. Schneider 1'
I, [2024-11-14T09:46:15.992962 #13996]  INFO -- : lab.rism: #990060267 holdings with 'Solnitz 1'
I, [2024-11-14T09:46:16.240580 #13996]  INFO -- : lab.rism: #990060781 holdings with 'Stamitz 34'
I, [2024-11-14T09:46:16.406994 #13996]  INFO -- : lab.rism: #990060808 holdings with 'Stamitz 41'
I, [2024-11-14T09:46:16.607716 #13996]  INFO -- : lab.rism: #990061860 holdings with 'Steibelt 1'
I, [2024-11-14T09:46:16.726146 #13996]  INFO -- : lab.rism: #990062066 holdings with 'Sammelband 4/I'
I, [2024-11-14T09:46:16.817793 #13996]  INFO -- : lab.rism: #990062119 holdings with 'PrD mus. 6'
I, [2024-11-14T09:46:16.868977 #13996]  INFO -- : lab.rism: #990062140 holdings with 'Sterkel 9/I'
I, [2024-11-14T09:46:17.099714 #13996]  INFO -- : lab.rism: #990062174 holdings with 'Sterkel 4'
I, [2024-11-14T09:46:17.344259 #13996]  INFO -- : lab.rism: #990062177 holdings with 'Sterkel 5'
I, [2024-11-14T09:46:17.536203 #13996]  INFO -- : lab.rism: #990062198 holdings with 'Sterkel 8'
I, [2024-11-14T09:46:17.677749 #13996]  INFO -- : lab.rism: #990062284 holdings with 'Sammelband 7'
I, [2024-11-14T09:46:17.936384 #13996]  INFO -- : lab.rism: #990063424 holdings with 'Süssmayer 3/I'
I, [2024-11-14T09:46:18.262499 #13996]  INFO -- : lab.rism: #990065023 holdings with 'F.K. Mus. 6.7/8'
I, [2024-11-14T09:46:18.393785 #13996]  INFO -- : lab.rism: #990065024 holdings with 'F.K. Mus. 6.7/4'
I, [2024-11-14T09:46:18.479424 #13996]  INFO -- : lab.rism: #990065025 holdings with 'F.K. Mus. 6.7/5'
I, [2024-11-14T09:46:18.671205 #13996]  INFO -- : lab.rism: #990065026 holdings with 'F.K. Mus. 6.7/7'
I, [2024-11-14T09:46:18.819614 #13996]  INFO -- : lab.rism: #990065027 holdings with 'F.K. Mus. 6.7/9'
I, [2024-11-14T09:46:19.102803 #13996]  INFO -- : lab.rism: #990065029 holdings with 'F.K. Mus. 6.7/6'
I, [2024-11-14T09:46:19.520065 #13996]  INFO -- : lab.rism: #990065050 holdings with 'Vachon 1/I-II'
I, [2024-11-14T09:46:19.798241 #13996]  INFO -- : lab.rism: #990065232 holdings with 'Vandenbroek 1'
I, [2024-11-14T09:46:20.136649 #13996]  INFO -- : lab.rism: #990065235 holdings with 'Vandenbroek 2'
I, [2024-11-14T09:46:20.435422 #13996]  INFO -- : lab.rism: #990065264 holdings with 'Vanderhagen 1'
I, [2024-11-14T09:46:20.779705 #13996]  INFO -- : lab.rism: #990065374 holdings with 'Vanhal 44'
I, [2024-11-14T09:46:20.904506 #13996]  INFO -- : lab.rism: #990065376 holdings with 'Vanhal 46/II'
I, [2024-11-14T09:46:21.229876 #13996]  INFO -- : lab.rism: #990065397 holdings with 'Vanhal 43, 43/1-5'
I, [2024-11-14T09:46:21.504684 #13996]  INFO -- : lab.rism: #990065668 holdings with 'Vanhal 46/I'
I, [2024-11-14T09:46:21.839072 #13996]  INFO -- : lab.rism: #990066114 holdings with 'Veichtner 1'
I, [2024-11-14T09:46:22.117308 #13996]  INFO -- : lab.rism: #990066141 holdings with 'F.K. Mus. 4.5/4'
I, [2024-11-14T09:46:22.452011 #13996]  INFO -- : lab.rism: #990066210 holdings with 'Venturini 1'
I, [2024-11-14T09:46:22.680883 #13996]  INFO -- : lab.rism: #990066435 holdings with 'F.K. Mus. 51'
I, [2024-11-14T09:46:22.882510 #13996]  INFO -- : lab.rism: #990066712 holdings with 'Viotti 1'
I, [2024-11-14T09:46:23.257108 #13996]  INFO -- : lab.rism: #990068245 holdings with 'Went 1'
I, [2024-11-14T09:46:23.743576 #13996]  INFO -- : lab.rism: #990068382 holdings with 'Wessely 1'
I, [2024-11-14T09:46:23.941144 #13996]  INFO -- : lab.rism: #990068387 holdings with 'Wessely 1'
I, [2024-11-14T09:46:24.202825 #13996]  INFO -- : lab.rism: #990068388 holdings with 'Wessely 1'
I, [2024-11-14T09:46:24.551016 #13996]  INFO -- : lab.rism: #990069351 holdings with 'A. Wranitzky 1'
I, [2024-11-14T09:46:24.736527 #13996]  INFO -- : lab.rism: #990069428 holdings with 'P. Wranitzky 2'
I, [2024-11-14T09:46:24.876019 #13996]  INFO -- : lab.rism: #990069430 holdings with 'P. Wranitzky 3, 4, 5'
I, [2024-11-14T09:46:25.067154 #13996]  INFO -- : lab.rism: #990069434 holdings with 'P. Wranitzky 7'
I, [2024-11-14T09:46:25.284513 #13996]  INFO -- : lab.rism: #990069435 holdings with 'P. Wranitzky 9'
I, [2024-11-14T09:46:25.485375 #13996]  INFO -- : lab.rism: #990069437 holdings with 'P. Wranitzky 8'
I, [2024-11-14T09:46:25.685247 #13996]  INFO -- : lab.rism: #990069442 holdings with 'P. Wranitzky 10'
I, [2024-11-14T09:46:25.810077 #13996]  INFO -- : lab.rism: #990069469 holdings with 'P. Wranitzky 11'
I, [2024-11-14T09:46:25.885239 #13996]  INFO -- : lab.rism: #990069472 holdings with 'P. Wranitzky 12'
I, [2024-11-14T09:46:26.078166 #13996]  INFO -- : lab.rism: #990069475 holdings with 'P. Wranitzky 13'
I, [2024-11-14T09:46:26.341995 #13996]  INFO -- : lab.rism: #990069488 holdings with 'P. Wranitzky 14'
I, [2024-11-14T09:46:26.584044 #13996]  INFO -- : lab.rism: #990069698 holdings with 'F.K. Mus. 50 II. Abtheilung'
I, [2024-11-14T09:46:26.719702 #13996]  INFO -- : lab.rism: #990069716 holdings with 'F.K. Mus. 36/5'
I, [2024-11-14T09:46:26.862103 #13996]  INFO -- : lab.rism: #990069897 holdings with 'Zimmermann 16/I'
I, [2024-11-14T09:46:27.118537 #13996]  INFO -- : lab.rism: #990069956 holdings with 'Sammelband 4/II'
I, [2024-11-14T09:46:27.468290 #13996]  INFO -- : lab.rism: #990070278 holdings with 'Sammelband 5/2'
I, [2024-11-14T09:46:27.654062 #13996]  INFO -- : lab.rism: #990071540 holdings with 'Inc. VI/3'
I, [2024-11-14T09:46:27.770714 #13996]  INFO -- : lab.rism: #991000542 holdings with 'Sammelband 4/II'
I, [2024-11-14T09:46:27.962144 #13996]  INFO -- : lab.rism: #991000593 holdings with 'Mayr 2/I'
I, [2024-11-14T09:46:28.346030 #13996]  INFO -- : lab.rism: #991004815 holdings with 'Valckiers 1'
I, [2024-11-14T09:46:28.654767 #13996]  INFO -- : lab.rism: #991006047 holdings with 'Sammelband 4/I'
I, [2024-11-14T09:46:28.791361 #13996]  INFO -- : lab.rism: #991006077 holdings with 'Sammelband 4/I'
I, [2024-11-14T09:46:28.985227 #13996]  INFO -- : lab.rism: #991006079 holdings with 'Sammelband 4/ISammelband 4/I'
I, [2024-11-14T09:46:29.300121 #13996]  INFO -- : lab.rism: #991006080 holdings with 'Sammelband 4/I'
I, [2024-11-14T09:46:29.461228 #13996]  INFO -- : lab.rism: #991006084 holdings with 'Sammelband 4/I'
I, [2024-11-14T09:46:29.588720 #13996]  INFO -- : lab.rism: #991006221 holdings with 'Weigl 3'
I, [2024-11-14T09:46:29.722688 #13996]  INFO -- : lab.rism: #991009163 holdings with 'Rüttinger 1'
I, [2024-11-14T09:46:29.952395 #13996]  INFO -- : lab.rism: #991011208 holdings with 'Inc. VIIa/6'
I, [2024-11-14T09:46:30.367654 #13996]  INFO -- : lab.rism: #991017664 holdings with 'Duport 1'
I, [2024-11-14T09:46:30.523050 #13996]  INFO -- : lab.rism: #991018083 holdings with 'Eybler 1'
I, [2024-11-14T09:46:30.673165 #13996]  INFO -- : lab.rism: #991020009 holdings with 'PrD mus. 12'
I, [2024-11-14T09:46:30.876892 #13996]  INFO -- : lab.rism: #991022297 holdings with 'XL D 54'
I, [2024-11-14T09:46:31.285052 #13996]  INFO -- : lab.rism: #992000573 holdings with 'Reichardt 2/I'
I, [2024-11-14T09:46:31.532003 #13996]  INFO -- : lab.rism: #992002653 holdings with 'Vandenbroek 3'
I, [2024-11-14T09:46:31.648833 #13996]  INFO -- : lab.rism: #992004399 holdings with 'Inc. IIIa/9'
I, [2024-11-14T09:46:31.824286 #13996]  INFO -- : lab.rism: #992005525 holdings with 'H. Jac. Croes 4'
I, [2024-11-14T09:46:32.001462 #13996]  INFO -- : lab.rism: #992005589 holdings with 'Kleinknecht 1'
I, [2024-11-14T09:46:32.232844 #13996]  INFO -- : lab.rism: #992005604 holdings with 'Kospoth 13'
I, [2024-11-14T09:46:32.619633 #13996]  INFO -- : lab.rism: #993120349 holdings with 'F.K. Mus. 27.28/3, 53'
I, [2024-11-14T09:46:32.866900 #13996]  INFO -- : lab.rism: #1001257394 holdings with 'Gyrowetz 1'
I, [2024-11-14T09:46:33.141723 #13996]  INFO -- : lab.rism: #1001303843 holdings with 'F.K. Mus. 51 II. Abth.'
I, [2024-11-14T09:46:33.424536 #13996]  INFO -- : lab.rism: #1001303844 holdings with 'F.K. Mus. 51 II. Abth.'
