# Logfile created on 2025-10-23 12:01:35 +0200 by logger.rb/v1.7.0
I, [2025-10-23T12:01:35.743119 #3424]  INFO -- : lab.rism: Size of collection --> 359
I, [2025-10-23T12:01:35.976642 #3424]  INFO -- : lab.rism: Source #700000035 new digitizalization with content 'https://uurl.kbr.be/1985745'
I, [2025-10-23T12:01:37.988972 #3424]  INFO -- : lab.rism: Source #700000040 new digitizalization with content 'https://uurl.kbr.be/1873386'
I, [2025-10-23T12:01:38.276927 #3424]  INFO -- : lab.rism: Source #700000080 new digitizalization with content 'https://uurl.kbr.be/1782765'
I, [2025-10-23T12:01:38.737131 #3424]  INFO -- : lab.rism: Source #700000134 new digitizalization with content 'https://uurl.kbr.be/1906702'
I, [2025-10-23T12:01:39.429197 #3424]  INFO -- : lab.rism: Source #700000360 new digitizalization with content 'https://uurl.kbr.be/1627196'
I, [2025-10-23T12:01:39.741851 #3424]  INFO -- : lab.rism: Source #700001720 new digitizalization with content 'https://uurl.kbr.be/1541191'
I, [2025-10-23T12:01:40.246055 #3424]  INFO -- : lab.rism: Source #700004741 new digitizalization with content 'https://uurl.kbr.be/2002851'
I, [2025-10-23T12:01:40.505591 #3424]  INFO -- : lab.rism: Source #700005580 new digitizalization with content 'https://uurl.kbr.be/1971949'
I, [2025-10-23T12:01:40.788849 #3424]  INFO -- : lab.rism: Source #700005581 new digitizalization with content 'https://uurl.kbr.be/1909751'
I, [2025-10-23T12:01:40.978082 #3424]  INFO -- : lab.rism: Source #700005602 new digitizalization with content 'https://uurl.kbr.be/1779346'
I, [2025-10-23T12:01:41.204577 #3424]  INFO -- : lab.rism: Source #700005604 new digitizalization with content 'https://uurl.kbr.be/1779337'
I, [2025-10-23T12:01:41.418071 #3424]  INFO -- : lab.rism: Source #700005605 new digitizalization with content 'https://uurl.kbr.be/1928852'
I, [2025-10-23T12:01:41.612124 #3424]  INFO -- : lab.rism: Source #700005608 new digitizalization with content 'https://uurl.kbr.be/1919722'
I, [2025-10-23T12:01:41.847355 #3424]  INFO -- : lab.rism: Source #700005666 new digitizalization with content 'https://uurl.kbr.be/1899499https://uurl.kbr.be/1899493'
I, [2025-10-23T12:01:42.096927 #3424]  INFO -- : lab.rism: Source #700005691 new digitizalization with content 'https://uurl.kbr.be/1769092'
I, [2025-10-23T12:01:42.305112 #3424]  INFO -- : lab.rism: Source #700005702 new digitizalization with content 'https://uurl.kbr.be/1768719'
I, [2025-10-23T12:01:42.552931 #3424]  INFO -- : lab.rism: Source #700005789 new digitizalization with content 'https://uurl.kbr.be/2002862'
I, [2025-10-23T12:01:42.933745 #3424]  INFO -- : lab.rism: Source #700005790 new digitizalization with content 'https://uurl.kbr.be/1882002'
I, [2025-10-23T12:01:43.113059 #3424]  INFO -- : lab.rism: Source #700005803 new digitizalization with content 'https://uurl.kbr.be/1750133'
I, [2025-10-23T12:01:43.483401 #3424]  INFO -- : lab.rism: Source #700005804 new digitizalization with content 'https://uurl.kbr.be/1973457'
I, [2025-10-23T12:01:43.762873 #3424]  INFO -- : lab.rism: Source #700005805 new digitizalization with content 'https://uurl.kbr.be/2002846'
I, [2025-10-23T12:01:43.980544 #3424]  INFO -- : lab.rism: Source #700005806 new digitizalization with content 'https://uurl.kbr.be/1837816'
I, [2025-10-23T12:01:44.190880 #3424]  INFO -- : lab.rism: Source #700005807 new digitizalization with content 'https://uurl.kbr.be/1609999https://uurl.kbr.be/2046474https://uurl.kbr.be/2046486'
I, [2025-10-23T12:01:44.398373 #3424]  INFO -- : lab.rism: Source #700005808 new digitizalization with content 'https://uurl.kbr.be/1610019https://uurl.kbr.be/2046556https://uurl.kbr.be/2046552'
I, [2025-10-23T12:01:44.573729 #3424]  INFO -- : lab.rism: Source #700005809 new digitizalization with content 'https://uurl.kbr.be/2082980'
I, [2025-10-23T12:01:44.709354 #3424]  INFO -- : lab.rism: Source #700005813 new digitizalization with content 'https://uurl.kbr.be/2005524'
I, [2025-10-23T12:01:44.859063 #3424]  INFO -- : lab.rism: Source #700005816 new digitizalization with content 'https://uurl.kbr.be/2005086'
I, [2025-10-23T12:01:44.994528 #3424]  INFO -- : lab.rism: Source #700005822 new digitizalization with content 'https://uurl.kbr.be/1973455'
I, [2025-10-23T12:01:45.284321 #3424]  INFO -- : lab.rism: Source #700005823 new digitizalization with content 'https://uurl.kbr.be/1975024'
I, [2025-10-23T12:01:45.524165 #3424]  INFO -- : lab.rism: Source #700005824 new digitizalization with content 'https://uurl.kbr.be/1973444'
I, [2025-10-23T12:01:45.751520 #3424]  INFO -- : lab.rism: Source #700005855 new digitizalization with content 'https://uurl.kbr.be/2016549'
I, [2025-10-23T12:01:45.983820 #3424]  INFO -- : lab.rism: Source #700005857 new digitizalization with content 'https://uurl.kbr.be/1973326'
I, [2025-10-23T12:01:46.219324 #3424]  INFO -- : lab.rism: Source #700005858 new digitizalization with content 'https://uurl.kbr.be/2053484'
I, [2025-10-23T12:01:46.372990 #3424]  INFO -- : lab.rism: Source #700005859 new digitizalization with content 'https://uurl.kbr.be/1761621'
I, [2025-10-23T12:01:46.626967 #3424]  INFO -- : lab.rism: Source #700005860 new digitizalization with content 'https://uurl.kbr.be/1936732'
I, [2025-10-23T12:01:46.812990 #3424]  INFO -- : lab.rism: Source #700005861 new digitizalization with content 'https://uurl.kbr.be/2008178'
I, [2025-10-23T12:01:47.088840 #3424]  INFO -- : lab.rism: Source #700005862 new digitizalization with content 'https://uurl.kbr.be/2009603'
I, [2025-10-23T12:01:47.294179 #3424]  INFO -- : lab.rism: Source #700005869 new digitizalization with content 'https://uurl.kbr.be/1897232'
I, [2025-10-23T12:01:47.567098 #3424]  INFO -- : lab.rism: Source #700005881 new digitizalization with content 'https://uurl.kbr.be/1779344'
I, [2025-10-23T12:01:47.851627 #3424]  INFO -- : lab.rism: Source #700005886 new digitizalization with content 'https://uurl.kbr.be/1756087'
I, [2025-10-23T12:01:48.013831 #3424]  INFO -- : lab.rism: Source #700005900 new digitizalization with content 'https://uurl.kbr.be/1782426'
I, [2025-10-23T12:01:48.371154 #3424]  INFO -- : lab.rism: Source #700005901 new digitizalization with content 'https://uurl.kbr.be/1782767'
I, [2025-10-23T12:01:48.634967 #3424]  INFO -- : lab.rism: Source #700005902 new digitizalization with content 'https://uurl.kbr.be/1782769'
I, [2025-10-23T12:01:48.840777 #3424]  INFO -- : lab.rism: Source #700005922 new digitizalization with content 'https://uurl.kbr.be/1928850'
I, [2025-10-23T12:01:49.019537 #3424]  INFO -- : lab.rism: Source #700005923 new digitizalization with content 'https://uurl.kbr.be/1782738'
I, [2025-10-23T12:01:49.197112 #3424]  INFO -- : lab.rism: Source #700005928 new digitizalization with content 'https://uurl.kbr.be/1813786'
I, [2025-10-23T12:01:49.390301 #3424]  INFO -- : lab.rism: Source #700005933 new digitizalization with content 'https://uurl.kbr.be/1853510'
I, [2025-10-23T12:01:49.533230 #3424]  INFO -- : lab.rism: Source #700005949 new digitizalization with content 'https://uurl.kbr.be/1900113'
I, [2025-10-23T12:01:49.715985 #3424]  INFO -- : lab.rism: Source #700006023 new digitizalization with content 'https://uurl.kbr.be/1782745'
I, [2025-10-23T12:01:49.905899 #3424]  INFO -- : lab.rism: Source #700006034 new digitizalization with content 'https://uurl.kbr.be/2021514'
I, [2025-10-23T12:01:50.133632 #3424]  INFO -- : lab.rism: Source #700006035 new digitizalization with content 'https://uurl.kbr.be/2021516'
I, [2025-10-23T12:01:50.451013 #3424]  INFO -- : lab.rism: Source #700006036 new digitizalization with content 'https://uurl.kbr.be/2022793'
I, [2025-10-23T12:01:50.633965 #3424]  INFO -- : lab.rism: Source #700006037 new digitizalization with content 'https://uurl.kbr.be/1885200'
I, [2025-10-23T12:01:50.909770 #3424]  INFO -- : lab.rism: Source #700006038 new digitizalization with content 'https://uurl.kbr.be/1631844'
I, [2025-10-23T12:01:51.098658 #3424]  INFO -- : lab.rism: Source #700006039 new digitizalization with content 'https://uurl.kbr.be/1610299https://uurl.kbr.be/1610304https://uurl.kbr.be/2046577'
I, [2025-10-23T12:01:51.235060 #3424]  INFO -- : lab.rism: Source #700006042 new digitizalization with content 'https://uurl.kbr.be/2022799'
I, [2025-10-23T12:01:51.455504 #3424]  INFO -- : lab.rism: Source #700006043 new digitizalization with content 'https://uurl.kbr.be/1746995'
I, [2025-10-23T12:01:51.623056 #3424]  INFO -- : lab.rism: Source #700006044 new digitizalization with content 'https://uurl.kbr.be/1746997'
I, [2025-10-23T12:01:51.963241 #3424]  INFO -- : lab.rism: Source #700006045 new digitizalization with content 'https://uurl.kbr.be/1629588'
I, [2025-10-23T12:01:52.316934 #3424]  INFO -- : lab.rism: Source #700006046 new digitizalization with content 'https://uurl.kbr.be/1746999'
I, [2025-10-23T12:01:52.560476 #3424]  INFO -- : lab.rism: Source #700006047 new digitizalization with content 'https://uurl.kbr.be/1747001https://uurl.kbr.be/2046586https://uurl.kbr.be/2046588'
I, [2025-10-23T12:01:52.890412 #3424]  INFO -- : lab.rism: Source #700006118 new digitizalization with content 'https://uurl.kbr.be/1779328'
I, [2025-10-23T12:01:53.192934 #3424]  INFO -- : lab.rism: Source #700006119 new digitizalization with content 'https://uurl.kbr.be/1782736'
I, [2025-10-23T12:01:53.592244 #3424]  INFO -- : lab.rism: Source #700006192 new digitizalization with content 'https://uurl.kbr.be/1768725'
I, [2025-10-23T12:01:53.858785 #3424]  INFO -- : lab.rism: Source #700006295 new digitizalization with content 'https://uurl.kbr.be/1923858'
I, [2025-10-23T12:01:54.219023 #3424]  INFO -- : lab.rism: Source #700006314 new digitizalization with content 'https://uurl.kbr.be/1756091'
I, [2025-10-23T12:01:54.626779 #3424]  INFO -- : lab.rism: Source #700006322 new digitizalization with content 'https://uurl.kbr.be/1928335'
I, [2025-10-23T12:01:54.838588 #3424]  INFO -- : lab.rism: Source #700006419 new digitizalization with content ' https://uurl.kbr.be/1758407'
I, [2025-10-23T12:01:55.047381 #3424]  INFO -- : lab.rism: Source #700006437 new digitizalization with content 'https://uurl.kbr.be/1904816'
I, [2025-10-23T12:01:55.215676 #3424]  INFO -- : lab.rism: Source #700006473 new digitizalization with content 'https://uurl.kbr.be/1932318https://uurl.kbr.be/1933303https://uurl.kbr.be/1933298'
I, [2025-10-23T12:01:55.381239 #3424]  INFO -- : lab.rism: Source #700006521 new digitizalization with content 'https://uurl.kbr.be/1919716'
I, [2025-10-23T12:01:55.512892 #3424]  INFO -- : lab.rism: Source #700006608 new digitizalization with content 'https://uurl.kbr.be/1904831'
I, [2025-10-23T12:01:55.661893 #3424]  INFO -- : lab.rism: Source #700006642 new digitizalization with content 'https://uurl.kbr.be/1904829'
I, [2025-10-23T12:01:55.888542 #3424]  INFO -- : lab.rism: Source #700006648 new digitizalization with content 'https://uurl.kbr.be/1904848'
I, [2025-10-23T12:01:56.012728 #3424]  INFO -- : lab.rism: Source #700006670 new digitizalization with content 'https://uurl.kbr.be/1905373'
I, [2025-10-23T12:01:56.211204 #3424]  INFO -- : lab.rism: Source #700006720 new digitizalization with content 'https://uurl.kbr.be/1903700'
I, [2025-10-23T12:01:56.428923 #3424]  INFO -- : lab.rism: Source #700006726 new digitizalization with content 'https://uurl.kbr.be/1747003'
I, [2025-10-23T12:01:56.642281 #3424]  INFO -- : lab.rism: Source #700006812 new digitizalization with content 'https://uurl.kbr.be/1844073'
I, [2025-10-23T12:01:56.864239 #3424]  INFO -- : lab.rism: Source #700006813 new digitizalization with content 'https://uurl.kbr.be/1751397'
I, [2025-10-23T12:01:57.160655 #3424]  INFO -- : lab.rism: Source #700006987 new digitizalization with content 'https://uurl.kbr.be/2031941'
I, [2025-10-23T12:01:57.456937 #3424]  INFO -- : lab.rism: Source #700006988 new digitizalization with content 'https://uurl.kbr.be/1782771'
I, [2025-10-23T12:01:57.608821 #3424]  INFO -- : lab.rism: Source #700007003 new digitizalization with content 'https://uurl.kbr.be/1758453'
I, [2025-10-23T12:01:57.831407 #3424]  INFO -- : lab.rism: Source #700007061 new digitizalization with content 'https://uurl.kbr.be/1909104'
I, [2025-10-23T12:01:58.030136 #3424]  INFO -- : lab.rism: Source #700007154 new digitizalization with content 'https://uurl.kbr.be/1985793'
I, [2025-10-23T12:01:58.195867 #3424]  INFO -- : lab.rism: Source #700007206 new digitizalization with content 'https://uurl.kbr.be/1961318'
I, [2025-10-23T12:01:58.364226 #3424]  INFO -- : lab.rism: Source #700007266 new digitizalization with content 'https://uurl.kbr.be/1970990'
I, [2025-10-23T12:01:58.611084 #3424]  INFO -- : lab.rism: Source #700007612 new digitizalization with content 'https://uurl.kbr.be/1744284'
I, [2025-10-23T12:01:58.873316 #3424]  INFO -- : lab.rism: Source #700008068 new digitizalization with content 'https://uurl.kbr.be/1958545'
I, [2025-10-23T12:01:59.144621 #3424]  INFO -- : lab.rism: Source #700008322 new digitizalization with content 'https://uurl.kbr.be/1454386'
I, [2025-10-23T12:01:59.364979 #3424]  INFO -- : lab.rism: Source #700009745 new digitizalization with content 'https://uurl.kbr.be/2016981https://uurl.kbr.be/2023364'
I, [2025-10-23T12:01:59.683522 #3424]  INFO -- : lab.rism: Source #700009746 new digitizalization with content 'https://uurl.kbr.be/2030196'
I, [2025-10-23T12:01:59.823389 #3424]  INFO -- : lab.rism: Source #700009747 new digitizalization with content 'https://uurl.kbr.be/2013084'
I, [2025-10-23T12:02:00.031838 #3424]  INFO -- : lab.rism: Source #700009748 new digitizalization with content 'https://uurl.kbr.be/2031900'
I, [2025-10-23T12:02:00.215166 #3424]  INFO -- : lab.rism: Source #700009749 new digitizalization with content 'https://uurl.kbr.be/2221110'
I, [2025-10-23T12:02:00.375369 #3424]  INFO -- : lab.rism: Source #700009750 new digitizalization with content 'https://uurl.kbr.be/2033539'
I, [2025-10-23T12:02:00.558159 #3424]  INFO -- : lab.rism: Source #700009756 new digitizalization with content 'https://uurl.kbr.be/2021081'
I, [2025-10-23T12:02:00.706127 #3424]  INFO -- : lab.rism: Source #700009762 new digitizalization with content 'https://uurl.kbr.be/2021078'
I, [2025-10-23T12:02:00.975059 #3424]  INFO -- : lab.rism: Source #700009766 new digitizalization with content 'https://uurl.kbr.be/1967095'
I, [2025-10-23T12:02:01.221736 #3424]  INFO -- : lab.rism: Source #700009767 new digitizalization with content 'https://uurl.kbr.be/2021648'
I, [2025-10-23T12:02:01.347881 #3424]  INFO -- : lab.rism: Source #700009860 new digitizalization with content 'https://uurl.kbr.be/2116409https://uurl.kbr.be/2108993'
I, [2025-10-23T12:02:01.608585 #3424]  INFO -- : lab.rism: Source #700009924 new digitizalization with content 'https://uurl.kbr.be/2150496'
I, [2025-10-23T12:02:02.012599 #3424]  INFO -- : lab.rism: Source #700009926 new digitizalization with content 'https://uurl.kbr.be/2073078'
I, [2025-10-23T12:02:02.265856 #3424]  INFO -- : lab.rism: Source #700010212 new digitizalization with content 'https://uurl.kbr.be/2134280'
I, [2025-10-23T12:02:02.449331 #3424]  INFO -- : lab.rism: Source #700010414 new digitizalization with content 'https://uurl.kbr.be/2070925'
I, [2025-10-23T12:02:02.687736 #3424]  INFO -- : lab.rism: Source #700010580 new digitizalization with content 'https://uurl.kbr.be/2045626'
I, [2025-10-23T12:02:02.939569 #3424]  INFO -- : lab.rism: Source #700010619 new digitizalization with content 'https://uurl.kbr.be/2045629'
I, [2025-10-23T12:02:03.229987 #3424]  INFO -- : lab.rism: Source #700010912 new digitizalization with content 'https://uurl.kbr.be/2258175'
I, [2025-10-23T12:02:03.573710 #3424]  INFO -- : lab.rism: Source #700010998 new digitizalization with content 'https://uurl.kbr.be/1965561'
I, [2025-10-23T12:02:03.901402 #3424]  INFO -- : lab.rism: Source #700011017 new digitizalization with content 'https://uurl.kbr.be/1632033'
I, [2025-10-23T12:02:04.163918 #3424]  INFO -- : lab.rism: Source #700011020 new digitizalization with content 'https://uurl.kbr.be/1454351'
I, [2025-10-23T12:02:04.418354 #3424]  INFO -- : lab.rism: Source #700011023 new digitizalization with content 'https://uurl.kbr.be/1848075'
I, [2025-10-23T12:02:04.678057 #3424]  INFO -- : lab.rism: Source #700011024 new digitizalization with content 'https://uurl.kbr.be/1848057'
I, [2025-10-23T12:02:04.903637 #3424]  INFO -- : lab.rism: Source #700011025 new digitizalization with content 'https://uurl.kbr.be/1848060'
I, [2025-10-23T12:02:05.186701 #3424]  INFO -- : lab.rism: Source #700011026 new digitizalization with content 'https://uurl.kbr.be/1848063'
I, [2025-10-23T12:02:05.438440 #3424]  INFO -- : lab.rism: Source #700011027 new digitizalization with content 'https://uurl.kbr.be/1848066'
I, [2025-10-23T12:02:05.621190 #3424]  INFO -- : lab.rism: Source #700011028 new digitizalization with content 'https://uurl.kbr.be/1848069'
I, [2025-10-23T12:02:05.785561 #3424]  INFO -- : lab.rism: Source #700011029 new digitizalization with content 'https://uurl.kbr.be/1848072'
I, [2025-10-23T12:02:06.031193 #3424]  INFO -- : lab.rism: Source #700011030 new digitizalization with content 'https://uurl.kbr.be/1971952'
I, [2025-10-23T12:02:06.273094 #3424]  INFO -- : lab.rism: Source #700011048 new digitizalization with content 'https://uurl.kbr.be/1968916https://uurl.kbr.be/1981548'
I, [2025-10-23T12:02:06.555434 #3424]  INFO -- : lab.rism: Source #700011049 new digitizalization with content 'https://uurl.kbr.be/1647342'
I, [2025-10-23T12:02:06.768710 #3424]  INFO -- : lab.rism: Source #700011050 new digitizalization with content 'https://uurl.kbr.be/1983317'
I, [2025-10-23T12:02:06.904485 #3424]  INFO -- : lab.rism: Source #700011158 new digitizalization with content 'https://uurl.kbr.be/2008615'
I, [2025-10-23T12:02:07.295524 #3424]  INFO -- : lab.rism: Source #700011159 new digitizalization with content 'https://uurl.kbr.be/2008609'
I, [2025-10-23T12:02:07.483435 #3424]  INFO -- : lab.rism: Source #700011164 new digitizalization with content 'https://uurl.kbr.be/2008606'
I, [2025-10-23T12:02:07.682624 #3424]  INFO -- : lab.rism: Source #700011165 new digitizalization with content 'https://uurl.kbr.be/2000700'
I, [2025-10-23T12:02:07.934639 #3424]  INFO -- : lab.rism: Source #700011166 new digitizalization with content 'https://uurl.kbr.be/2008612https://uurl.kbr.be/2009345'
I, [2025-10-23T12:02:08.311244 #3424]  INFO -- : lab.rism: Source #700011168 new digitizalization with content 'https://uurl.kbr.be/2003293https://uurl.kbr.be/2004525'
I, [2025-10-23T12:02:08.606646 #3424]  INFO -- : lab.rism: Source #700011169 new digitizalization with content 'https://uurl.kbr.be/2103383https://uurl.kbr.be/2103381https://uurl.kbr.be/2103379'
I, [2025-10-23T12:02:09.112641 #3424]  INFO -- : lab.rism: Source #701000001 new digitizalization with content 'https://uurl.kbr.be/1748446'
I, [2025-10-23T12:02:09.677116 #3424]  INFO -- : lab.rism: Source #701000002 new digitizalization with content 'https://uurl.kbr.be/1748423'
I, [2025-10-23T12:02:10.220015 #3424]  INFO -- : lab.rism: Source #701000003 new digitizalization with content 'https://uurl.kbr.be/1748448'
I, [2025-10-23T12:02:10.466433 #3424]  INFO -- : lab.rism: Source #701000004 new digitizalization with content 'https://uurl.kbr.be/1741013'
I, [2025-10-23T12:02:10.735674 #3424]  INFO -- : lab.rism: Source #701000005 new digitizalization with content 'https://uurl.kbr.be/1746324'
I, [2025-10-23T12:02:11.415574 #3424]  INFO -- : lab.rism: Source #701000006 new digitizalization with content 'https://uurl.kbr.be/1741228https://uurl.kbr.be/2048243https://uurl.kbr.be/2048245'
I, [2025-10-23T12:02:11.557431 #3424]  INFO -- : lab.rism: Source #701000007 new digitizalization with content 'https://uurl.kbr.be/1748298'
I, [2025-10-23T12:02:11.792759 #3424]  INFO -- : lab.rism: Source #701000008 new digitizalization with content 'https://uurl.kbr.be/1945407'
I, [2025-10-23T12:02:11.975171 #3424]  INFO -- : lab.rism: Source #701000009 new digitizalization with content 'https://uurl.kbr.be/1746274'
I, [2025-10-23T12:02:12.215618 #3424]  INFO -- : lab.rism: Source #701000010 new digitizalization with content 'https://uurl.kbr.be/1748468'
I, [2025-10-23T12:02:12.458312 #3424]  INFO -- : lab.rism: Source #701000011 new digitizalization with content 'https://uurl.kbr.be/1621897'
I, [2025-10-23T12:02:12.813039 #3424]  INFO -- : lab.rism: Source #701000012 new digitizalization with content 'https://uurl.kbr.be/1747051'
I, [2025-10-23T12:02:13.002557 #3424]  INFO -- : lab.rism: Source #701000013 new digitizalization with content 'https://uurl.kbr.be/1747053'
I, [2025-10-23T12:02:13.272705 #3424]  INFO -- : lab.rism: Source #701000014 new digitizalization with content 'https://uurl.kbr.be/1647007'
I, [2025-10-23T12:02:13.612893 #3424]  INFO -- : lab.rism: Source #701000016 new digitizalization with content 'https://uurl.kbr.be/1903858https://uurl.kbr.be/1903860'
I, [2025-10-23T12:02:13.979392 #3424]  INFO -- : lab.rism: Source #701000017 new digitizalization with content 'https://uurl.kbr.be/1903862https://uurl.kbr.be/1903864'
I, [2025-10-23T12:02:14.165530 #3424]  INFO -- : lab.rism: Source #701000019 new digitizalization with content 'https://uurl.kbr.be/1637679'
I, [2025-10-23T12:02:14.376476 #3424]  INFO -- : lab.rism: Source #701000021 new digitizalization with content 'https://uurl.kbr.be/1621895https://uurl.kbr.be/2046646https://uurl.kbr.be/2046644https://uurl.kbr.be/2046650'
I, [2025-10-23T12:02:14.645156 #3424]  INFO -- : lab.rism: Source #701000023 new digitizalization with content 'https://uurl.kbr.be/1577495'
I, [2025-10-23T12:02:15.036619 #3424]  INFO -- : lab.rism: Source #701000024 new digitizalization with content 'https://uurl.kbr.be/1577503'
I, [2025-10-23T12:02:15.299551 #3424]  INFO -- : lab.rism: Source #701000025 new digitizalization with content 'https://uurl.kbr.be/1903872https://uurl.kbr.be/1903866'
I, [2025-10-23T12:02:15.533319 #3424]  INFO -- : lab.rism: Source #701000026 new digitizalization with content 'https://uurl.kbr.be/1577486'
I, [2025-10-23T12:02:15.985293 #3424]  INFO -- : lab.rism: Source #701000027 new digitizalization with content 'https://uurl.kbr.be/1750095https://uurl.kbr.be/1750063'
I, [2025-10-23T12:02:16.192696 #3424]  INFO -- : lab.rism: Source #701000028 new digitizalization with content 'https://uurl.kbr.be/1903876https://uurl.kbr.be/1933556'
I, [2025-10-23T12:02:16.362106 #3424]  INFO -- : lab.rism: Source #701000029 new digitizalization with content 'https://uurl.kbr.be/1713408'
I, [2025-10-23T12:02:16.555809 #3424]  INFO -- : lab.rism: Source #701000030 new digitizalization with content 'https://uurl.kbr.be/1713406'
I, [2025-10-23T12:02:16.953395 #3424]  INFO -- : lab.rism: Source #701000032 new digitizalization with content 'https://uurl.kbr.be/2053550https://uurl.kbr.be/2053546https://uurl.kbr.be/2053548'
I, [2025-10-23T12:02:17.253668 #3424]  INFO -- : lab.rism: Source #701000033 new digitizalization with content 'https://uurl.kbr.be/1713401'
I, [2025-10-23T12:02:17.438112 #3424]  INFO -- : lab.rism: Source #701000034 new digitizalization with content 'https://uurl.kbr.be/1718108https://uurl.kbr.be/1908820https://uurl.kbr.be/1907136'
I, [2025-10-23T12:02:17.616429 #3424]  INFO -- : lab.rism: Source #701000035 new digitizalization with content 'https://uurl.kbr.be/1747059https://uurl.kbr.be/2046724https://uurl.kbr.be/2046722'
I, [2025-10-23T12:02:18.009203 #3424]  INFO -- : lab.rism: Source #701000036 new digitizalization with content 'https://uurl.kbr.be/1747061'
I, [2025-10-23T12:02:18.285599 #3424]  INFO -- : lab.rism: Source #701000037 new digitizalization with content 'https://uurl.kbr.be/1747046'
I, [2025-10-23T12:02:18.588298 #3424]  INFO -- : lab.rism: Source #701000038 new digitizalization with content 'https://uurl.kbr.be/1747049https://uurl.kbr.be/2046628https://uurl.kbr.be/2046630https://uurl.kbr.be/2046634'
I, [2025-10-23T12:02:18.847630 #3424]  INFO -- : lab.rism: Source #701000039 new digitizalization with content 'https://uurl.kbr.be/1747063https://uurl.kbr.be/2046730https://uurl.kbr.be/2046726'
I, [2025-10-23T12:02:19.037472 #3424]  INFO -- : lab.rism: Source #701000040 new digitizalization with content 'https://uurl.kbr.be/1747065https://uurl.kbr.be/2046736https://uurl.kbr.be/2046732'
I, [2025-10-23T12:02:19.250558 #3424]  INFO -- : lab.rism: Source #701000041 new digitizalization with content 'https://uurl.kbr.be/1949096'
I, [2025-10-23T12:02:19.437447 #3424]  INFO -- : lab.rism: Source #701000042 new digitizalization with content 'https://uurl.kbr.be/1747055https://uurl.kbr.be/2046819https://uurl.kbr.be/2046825https://uurl.kbr.be/2046827'
I, [2025-10-23T12:02:19.618904 #3424]  INFO -- : lab.rism: Source #701000043 new digitizalization with content 'https://uurl.kbr.be/1747057https://uurl.kbr.be/2046738https://uurl.kbr.be/2046740https://uurl.kbr.be/2046742'
I, [2025-10-23T12:02:19.816521 #3424]  INFO -- : lab.rism: Source #701000044 new digitizalization with content 'https://uurl.kbr.be/1922377'
I, [2025-10-23T12:02:19.984404 #3424]  INFO -- : lab.rism: Source #701000045 new digitizalization with content 'https://uurl.kbr.be/1927730'
I, [2025-10-23T12:02:20.261721 #3424]  INFO -- : lab.rism: Source #701000047 new digitizalization with content 'https://uurl.kbr.be/1903802'
I, [2025-10-23T12:02:20.447265 #3424]  INFO -- : lab.rism: Source #701000052 new digitizalization with content 'https://uurl.kbr.be/1747067'
I, [2025-10-23T12:02:20.594579 #3424]  INFO -- : lab.rism: Source #701000053 new digitizalization with content 'https://uurl.kbr.be/1747071'
I, [2025-10-23T12:02:20.907232 #3424]  INFO -- : lab.rism: Source #701000054 new digitizalization with content 'https://uurl.kbr.be/1747073'
I, [2025-10-23T12:02:21.166885 #3424]  INFO -- : lab.rism: Source #701000055 new digitizalization with content 'https://uurl.kbr.be/1747089'
I, [2025-10-23T12:02:21.388840 #3424]  INFO -- : lab.rism: Source #701000056 new digitizalization with content 'https://uurl.kbr.be/1747075https://uurl.kbr.be/2046877https://uurl.kbr.be/2046875'
I, [2025-10-23T12:02:21.575971 #3424]  INFO -- : lab.rism: Source #701000057 new digitizalization with content 'https://uurl.kbr.be/1747079'
I, [2025-10-23T12:02:21.812106 #3424]  INFO -- : lab.rism: Source #701000058 new digitizalization with content 'https://uurl.kbr.be/1747077'
I, [2025-10-23T12:02:22.141714 #3424]  INFO -- : lab.rism: Source #701000059 new digitizalization with content 'https://uurl.kbr.be/1961382'
I, [2025-10-23T12:02:22.417150 #3424]  INFO -- : lab.rism: Source #701000060 new digitizalization with content 'https://uurl.kbr.be/1747081https://uurl.kbr.be/2046951https://uurl.kbr.be/2046962'
I, [2025-10-23T12:02:22.617605 #3424]  INFO -- : lab.rism: Source #701000061 new digitizalization with content 'https://uurl.kbr.be/1747083'
I, [2025-10-23T12:02:22.896425 #3424]  INFO -- : lab.rism: Source #701000062 new digitizalization with content 'https://uurl.kbr.be/1747085https://uurl.kbr.be/2046883https://uurl.kbr.be/2046885'
I, [2025-10-23T12:02:23.133420 #3424]  INFO -- : lab.rism: Source #701000063 new digitizalization with content 'https://uurl.kbr.be/1931323https://uurl.kbr.be/1935149'
I, [2025-10-23T12:02:23.616513 #3424]  INFO -- : lab.rism: Source #701000064 new digitizalization with content 'https://uurl.kbr.be/1747087https://uurl.kbr.be/2046966'
I, [2025-10-23T12:02:23.915105 #3424]  INFO -- : lab.rism: Source #701000065 new digitizalization with content 'https://uurl.kbr.be/1931423'
I, [2025-10-23T12:02:24.334164 #3424]  INFO -- : lab.rism: Source #701000066 new digitizalization with content 'https://uurl.kbr.be/1903834https://uurl.kbr.be/2047826'
I, [2025-10-23T12:02:24.660008 #3424]  INFO -- : lab.rism: Source #701000067 new digitizalization with content 'https://uurl.kbr.be/1903836https://uurl.kbr.be/2047895https://uurl.kbr.be/2047891'
I, [2025-10-23T12:02:25.387704 #3424]  INFO -- : lab.rism: Source #701000068 new digitizalization with content 'https://uurl.kbr.be/1903838https://uurl.kbr.be/2047978https://uurl.kbr.be/2048058'
I, [2025-10-23T12:02:25.604559 #3424]  INFO -- : lab.rism: Source #701000069 new digitizalization with content 'https://uurl.kbr.be/1940601'
I, [2025-10-23T12:02:25.819268 #3424]  INFO -- : lab.rism: Source #701000070 new digitizalization with content 'https://uurl.kbr.be/1903840https://uurl.kbr.be/2048233https://uurl.kbr.be/2048231'
I, [2025-10-23T12:02:26.085375 #3424]  INFO -- : lab.rism: Source #701000071 new digitizalization with content 'https://uurl.kbr.be/1747091'
I, [2025-10-23T12:02:26.223907 #3424]  INFO -- : lab.rism: Source #701000072 new digitizalization with content 'https://uurl.kbr.be/1903842https://uurl.kbr.be/2048235'
I, [2025-10-23T12:02:26.479579 #3424]  INFO -- : lab.rism: Source #701000073 new digitizalization with content 'https://uurl.kbr.be/1637708https://uurl.kbr.be/1637710'
I, [2025-10-23T12:02:26.945507 #3424]  INFO -- : lab.rism: Source #701000074 new digitizalization with content 'https://uurl.kbr.be/2023740https://uurl.kbr.be/1969067'
I, [2025-10-23T12:02:27.176205 #3424]  INFO -- : lab.rism: Source #701000075 new digitizalization with content 'https://uurl.kbr.be/1818069'
I, [2025-10-23T12:02:27.374083 #3424]  INFO -- : lab.rism: Source #701000076 new digitizalization with content 'https://uurl.kbr.be/1786152https://uurl.kbr.be/1786154'
I, [2025-10-23T12:02:27.544470 #3424]  INFO -- : lab.rism: Source #701000077 new digitizalization with content 'https://uurl.kbr.be/1818067'
I, [2025-10-23T12:02:27.769484 #3424]  INFO -- : lab.rism: Source #701000078 new digitizalization with content 'https://uurl.kbr.be/1818081https://uurl.kbr.be/1818083'
I, [2025-10-23T12:02:28.097918 #3424]  INFO -- : lab.rism: Source #701000079 new digitizalization with content 'https://uurl.kbr.be/1821055https://uurl.kbr.be/1906800'
I, [2025-10-23T12:02:28.314753 #3424]  INFO -- : lab.rism: Source #701000080 new digitizalization with content 'https://uurl.kbr.be/1821075https://uurl.kbr.be/1907243'
I, [2025-10-23T12:02:28.475281 #3424]  INFO -- : lab.rism: Source #701000081 new digitizalization with content 'https://uurl.kbr.be/1903868https://uurl.kbr.be/1903870'
I, [2025-10-23T12:02:28.676143 #3424]  INFO -- : lab.rism: Source #701000082 new digitizalization with content 'https://uurl.kbr.be/1903844https://uurl.kbr.be/1903846'
I, [2025-10-23T12:02:28.876680 #3424]  INFO -- : lab.rism: Source #701000083 new digitizalization with content 'https://uurl.kbr.be/1774517https://uurl.kbr.be/1903848'
I, [2025-10-23T12:02:29.026245 #3424]  INFO -- : lab.rism: Source #701000084 new digitizalization with content 'https://uurl.kbr.be/1903850https://uurl.kbr.be/1903852'
I, [2025-10-23T12:02:29.254935 #3424]  INFO -- : lab.rism: Source #701000085 new digitizalization with content 'https://uurl.kbr.be/1713416'
I, [2025-10-23T12:02:29.471357 #3424]  INFO -- : lab.rism: Source #701000086 new digitizalization with content 'https://uurl.kbr.be/1927670https://uurl.kbr.be/1927673'
I, [2025-10-23T12:02:29.649405 #3424]  INFO -- : lab.rism: Source #701000087 new digitizalization with content 'https://uurl.kbr.be/1621872'
I, [2025-10-23T12:02:30.232305 #3424]  INFO -- : lab.rism: Source #701000092 new digitizalization with content 'https://uurl.kbr.be/1918893https://uurl.kbr.be/1903874'
I, [2025-10-23T12:02:30.400017 #3424]  INFO -- : lab.rism: Source #701000093 new digitizalization with content 'https://uurl.kbr.be/1774519'
I, [2025-10-23T12:02:30.561291 #3424]  INFO -- : lab.rism: Source #701000094 new digitizalization with content 'https://uurl.kbr.be/1903878https://uurl.kbr.be/1903880'
I, [2025-10-23T12:02:31.052345 #3424]  INFO -- : lab.rism: Source #701000095 new digitizalization with content 'https://uurl.kbr.be/1903882https://uurl.kbr.be/1903884'
I, [2025-10-23T12:02:31.440416 #3424]  INFO -- : lab.rism: Source #701000096 new digitizalization with content 'https://uurl.kbr.be/1903886https://uurl.kbr.be/1903888'
I, [2025-10-23T12:02:31.946325 #3424]  INFO -- : lab.rism: Source #701000097 new digitizalization with content 'https://uurl.kbr.be/1740432https://uurl.kbr.be/2048237https://uurl.kbr.be/2048241'
I, [2025-10-23T12:02:32.128973 #3424]  INFO -- : lab.rism: Source #701000099 new digitizalization with content 'https://uurl.kbr.be/1904888'
I, [2025-10-23T12:02:32.287628 #3424]  INFO -- : lab.rism: Source #701000112 new digitizalization with content 'https://uurl.kbr.be/1969326'
I, [2025-10-23T12:02:32.430690 #3424]  INFO -- : lab.rism: Source #701000124 new digitizalization with content 'https://uurl.kbr.be/1969321'
I, [2025-10-23T12:02:32.585305 #3424]  INFO -- : lab.rism: Source #701000132 new digitizalization with content 'https://uurl.kbr.be/1904893'
I, [2025-10-23T12:02:32.759787 #3424]  INFO -- : lab.rism: Source #701000140 new digitizalization with content 'https://uurl.kbr.be/1969583'
I, [2025-10-23T12:02:33.072217 #3424]  INFO -- : lab.rism: Source #701000146 new digitizalization with content 'https://uurl.kbr.be/2051061'
I, [2025-10-23T12:02:33.385664 #3424]  INFO -- : lab.rism: Source #701000154 new digitizalization with content 'https://uurl.kbr.be/1969748'
I, [2025-10-23T12:02:33.580263 #3424]  INFO -- : lab.rism: Source #701000162 new digitizalization with content 'https://uurl.kbr.be/1969444'
I, [2025-10-23T12:02:33.940929 #3424]  INFO -- : lab.rism: Source #701000167 new digitizalization with content 'https://uurl.kbr.be/1969446'
I, [2025-10-23T12:02:34.231638 #3424]  INFO -- : lab.rism: Source #701000172 new digitizalization with content 'https://uurl.kbr.be/1906704'
I, [2025-10-23T12:02:34.409861 #3424]  INFO -- : lab.rism: Source #701000196 new digitizalization with content 'https://uurl.kbr.be/1903890'
I, [2025-10-23T12:02:34.671051 #3424]  INFO -- : lab.rism: Source #701000197 new digitizalization with content 'https://uurl.kbr.be/1740430'
I, [2025-10-23T12:02:34.910711 #3424]  INFO -- : lab.rism: Source #701000210 new digitizalization with content 'https://uurl.kbr.be/1740436'
I, [2025-10-23T12:02:35.336240 #3424]  INFO -- : lab.rism: Source #701000211 new digitizalization with content 'https://uurl.kbr.be/1741500'
I, [2025-10-23T12:02:35.567005 #3424]  INFO -- : lab.rism: Source #701000212 new digitizalization with content 'https://uurl.kbr.be/1746331'
I, [2025-10-23T12:02:36.113856 #3424]  INFO -- : lab.rism: Source #701000213 new digitizalization with content 'https://uurl.kbr.be/1748520https://uurl.kbr.be/1748917'
I, [2025-10-23T12:02:36.345388 #3424]  INFO -- : lab.rism: Source #701000214 new digitizalization with content 'https://uurl.kbr.be/1750498https://uurl.kbr.be/1750356'
I, [2025-10-23T12:02:36.567970 #3424]  INFO -- : lab.rism: Source #701000216 new digitizalization with content 'https://uurl.kbr.be/1753076'
I, [2025-10-23T12:02:37.139126 #3424]  INFO -- : lab.rism: Source #701000217 new digitizalization with content 'https://uurl.kbr.be/1751416https://uurl.kbr.be/1751399'
I, [2025-10-23T12:02:37.452378 #3424]  INFO -- : lab.rism: Source #701000219 new digitizalization with content 'https://uurl.kbr.be/1749427'
I, [2025-10-23T12:02:37.920586 #3424]  INFO -- : lab.rism: Source #701000220 new digitizalization with content 'https://uurl.kbr.be/1757411https://uurl.kbr.be/1758435'
I, [2025-10-23T12:02:38.354230 #3424]  INFO -- : lab.rism: Source #701000221 new digitizalization with content 'https://uurl.kbr.be/1756080'
I, [2025-10-23T12:02:38.838885 #3424]  INFO -- : lab.rism: Source #701000222 new digitizalization with content 'https://uurl.kbr.be/1750490https://uurl.kbr.be/1749363'
I, [2025-10-23T12:02:39.217957 #3424]  INFO -- : lab.rism: Source #701000223 new digitizalization with content 'https://uurl.kbr.be/1752730https://uurl.kbr.be/1756777'
I, [2025-10-23T12:02:39.585327 #3424]  INFO -- : lab.rism: Source #701000224 new digitizalization with content 'https://uurl.kbr.be/1749729'
I, [2025-10-23T12:02:40.019733 #3424]  INFO -- : lab.rism: Source #701000225 new digitizalization with content 'https://uurl.kbr.be/1754226'
I, [2025-10-23T12:02:40.546680 #3424]  INFO -- : lab.rism: Source #701000226 new digitizalization with content 'https://uurl.kbr.be/1756151https://uurl.kbr.be/1758411https://uurl.kbr.be/1756149'
I, [2025-10-23T12:02:41.394921 #3424]  INFO -- : lab.rism: Source #701000227 new digitizalization with content 'https://uurl.kbr.be/1908656https://uurl.kbr.be/1756155'
I, [2025-10-23T12:02:41.661775 #3424]  INFO -- : lab.rism: Source #701000228 new digitizalization with content 'https://uurl.kbr.be/1747044'
I, [2025-10-23T12:02:41.988201 #3424]  INFO -- : lab.rism: Source #701000229 new digitizalization with content 'https://uurl.kbr.be/1928337'
I, [2025-10-23T12:02:42.379376 #3424]  INFO -- : lab.rism: Source #701000231 new digitizalization with content 'https://uurl.kbr.be/1816729'
I, [2025-10-23T12:02:42.618943 #3424]  INFO -- : lab.rism: Source #701000244 new digitizalization with content 'https://uurl.kbr.be/2051010https://uurl.kbr.be/2051012https://uurl.kbr.be/2051014https://uurl.kbr.be/2051016https://uurl.kbr.be/2051018https://uurl.kbr.be/2051020'
I, [2025-10-23T12:02:42.935374 #3424]  INFO -- : lab.rism: Source #701000246 new digitizalization with content 'https://uurl.kbr.be/1816725'
I, [2025-10-23T12:02:43.268011 #3424]  INFO -- : lab.rism: Source #701000264 new digitizalization with content 'https://uurl.kbr.be/1816731'
I, [2025-10-23T12:02:43.661493 #3424]  INFO -- : lab.rism: Source #701000282 new digitizalization with content 'https://uurl.kbr.be/1816742'
I, [2025-10-23T12:02:43.971035 #3424]  INFO -- : lab.rism: Source #701000292 new digitizalization with content 'https://uurl.kbr.be/1758433'
I, [2025-10-23T12:02:44.266649 #3424]  INFO -- : lab.rism: Source #701000293 new digitizalization with content 'https://uurl.kbr.be/1759619'
I, [2025-10-23T12:02:44.396432 #3424]  INFO -- : lab.rism: Source #701000294 new digitizalization with content 'https://uurl.kbr.be/1760734'
I, [2025-10-23T12:02:44.571005 #3424]  INFO -- : lab.rism: Source #701000295 new digitizalization with content 'https://uurl.kbr.be/1760736'
I, [2025-10-23T12:02:44.809684 #3424]  INFO -- : lab.rism: Source #701000296 new digitizalization with content 'https://uurl.kbr.be/1760769'
I, [2025-10-23T12:02:45.036130 #3424]  INFO -- : lab.rism: Source #701000297 new digitizalization with content 'https://uurl.kbr.be/1758445'
I, [2025-10-23T12:02:45.337935 #3424]  INFO -- : lab.rism: Source #701000298 new digitizalization with content 'https://uurl.kbr.be/1758463'
I, [2025-10-23T12:02:45.508874 #3424]  INFO -- : lab.rism: Source #701000299 new digitizalization with content 'https://uurl.kbr.be/1758544'
I, [2025-10-23T12:02:45.723907 #3424]  INFO -- : lab.rism: Source #701000300 new digitizalization with content 'https://uurl.kbr.be/1758523'
I, [2025-10-23T12:02:46.019403 #3424]  INFO -- : lab.rism: Source #701000318 new digitizalization with content 'https://uurl.kbr.be/1768403'
I, [2025-10-23T12:02:46.177684 #3424]  INFO -- : lab.rism: Source #701000329 new digitizalization with content 'https://uurl.kbr.be/1768721'
I, [2025-10-23T12:02:46.363193 #3424]  INFO -- : lab.rism: Source #701000342 new digitizalization with content 'https://uurl.kbr.be/1907239'
I, [2025-10-23T12:02:46.497053 #3424]  INFO -- : lab.rism: Source #701000368 new digitizalization with content 'https://uurl.kbr.be/1759127'
I, [2025-10-23T12:02:46.677237 #3424]  INFO -- : lab.rism: Source #701000394 new digitizalization with content 'https://uurl.kbr.be/1759129'
I, [2025-10-23T12:02:47.067775 #3424]  INFO -- : lab.rism: Source #701000427 new digitizalization with content 'https://uurl.kbr.be/1760756'
I, [2025-10-23T12:02:47.227376 #3424]  INFO -- : lab.rism: Source #701000540 new digitizalization with content 'https://uurl.kbr.be/2035013'
I, [2025-10-23T12:02:47.436685 #3424]  INFO -- : lab.rism: Source #701001368 new digitizalization with content 'https://uurl.kbr.be/2195190'
I, [2025-10-23T12:02:47.807545 #3424]  INFO -- : lab.rism: Source #701001391 new digitizalization with content 'https://uurl.kbr.be/2180043'
I, [2025-10-23T12:02:48.195389 #3424]  INFO -- : lab.rism: Source #701001407 new digitizalization with content 'https://uurl.kbr.be/2165230'
I, [2025-10-23T12:02:48.480187 #3424]  INFO -- : lab.rism: Source #701001419 new digitizalization with content 'https://uurl.kbr.be/2165240'
I, [2025-10-23T12:02:48.703135 #3424]  INFO -- : lab.rism: Source #701001420 new digitizalization with content 'https://uurl.kbr.be/2232457'
I, [2025-10-23T12:02:49.097390 #3424]  INFO -- : lab.rism: Source #701001486 new digitizalization with content 'https://uurl.kbr.be/1921390'
I, [2025-10-23T12:02:49.389370 #3424]  INFO -- : lab.rism: Source #701001507 new digitizalization with content 'https://uurl.kbr.be/1637495'
I, [2025-10-23T12:02:49.629770 #3424]  INFO -- : lab.rism: Source #704000112 new digitizalization with content 'https://uurl.kbr.be/2070944'
I, [2025-10-23T12:02:50.423477 #3424]  INFO -- : lab.rism: Source #704000204 new digitizalization with content 'https://uurl.kbr.be/1767473'
I, [2025-10-23T12:02:50.609908 #3424]  INFO -- : lab.rism: Source #704000253 new digitizalization with content 'https://uurl.kbr.be/2151959'
I, [2025-10-23T12:02:51.171049 #3424]  INFO -- : lab.rism: Source #704000533 new digitizalization with content 'https://uurl.kbr.be/1962239'
I, [2025-10-23T12:02:51.407799 #3424]  INFO -- : lab.rism: Source #704000572 new digitizalization with content 'https://uurl.kbr.be/2083311'
I, [2025-10-23T12:02:51.679123 #3424]  INFO -- : lab.rism: Source #704000579 new digitizalization with content 'https://uurl.kbr.be/1961306'
I, [2025-10-23T12:02:52.111192 #3424]  INFO -- : lab.rism: Source #704000580 new digitizalization with content 'https://uurl.kbr.be/2089803'
I, [2025-10-23T12:02:52.446887 #3424]  INFO -- : lab.rism: Source #704000581 new digitizalization with content 'https://uurl.kbr.be/1892452'
I, [2025-10-23T12:02:52.708739 #3424]  INFO -- : lab.rism: Source #704000582 new digitizalization with content 'https://uurl.kbr.be/1892494'
I, [2025-10-23T12:02:53.007544 #3424]  INFO -- : lab.rism: Source #704000583 new digitizalization with content 'https://uurl.kbr.be/1892522'
I, [2025-10-23T12:02:53.227029 #3424]  INFO -- : lab.rism: Source #704000584 new digitizalization with content 'https://uurl.kbr.be/1892543'
I, [2025-10-23T12:02:53.465165 #3424]  INFO -- : lab.rism: Source #704000585 new digitizalization with content 'https://uurl.kbr.be/1892754'
I, [2025-10-23T12:02:53.608982 #3424]  INFO -- : lab.rism: Source #704000586 new digitizalization with content 'https://uurl.kbr.be/1892757'
I, [2025-10-23T12:02:54.119703 #3424]  INFO -- : lab.rism: Source #704000587 new digitizalization with content 'https://uurl.kbr.be/1892760'
I, [2025-10-23T12:02:54.415430 #3424]  INFO -- : lab.rism: Source #704000588 new digitizalization with content 'https://uurl.kbr.be/1892763'
I, [2025-10-23T12:02:54.785208 #3424]  INFO -- : lab.rism: Source #704000589 new digitizalization with content 'https://uurl.kbr.be/1892766'
I, [2025-10-23T12:02:55.064544 #3424]  INFO -- : lab.rism: Source #704000590 new digitizalization with content 'https://uurl.kbr.be/1892769'
I, [2025-10-23T12:02:55.270079 #3424]  INFO -- : lab.rism: Source #704000591 new digitizalization with content 'https://uurl.kbr.be/1962250'
I, [2025-10-23T12:02:55.590690 #3424]  INFO -- : lab.rism: Source #704000602 new digitizalization with content 'https://uurl.kbr.be/2068697'
I, [2025-10-23T12:02:55.979775 #3424]  INFO -- : lab.rism: Source #704000613 new digitizalization with content 'https://uurl.kbr.be/2068695'
I, [2025-10-23T12:02:56.414869 #3424]  INFO -- : lab.rism: Source #704000673 new digitizalization with content 'https://uurl.kbr.be/2062813'
I, [2025-10-23T12:02:56.721885 #3424]  INFO -- : lab.rism: Source #704000980 new digitizalization with content 'https://uurl.kbr.be/2077640'
I, [2025-10-23T12:02:57.298452 #3424]  INFO -- : lab.rism: Source #704000995 new digitizalization with content 'https://uurl.kbr.be/2070853'
I, [2025-10-23T12:02:57.534486 #3424]  INFO -- : lab.rism: Source #704001100 new digitizalization with content 'https://uurl.kbr.be/2070900'
I, [2025-10-23T12:02:57.918241 #3424]  INFO -- : lab.rism: Source #704001174 new digitizalization with content 'https://uurl.kbr.be/2078232'
I, [2025-10-23T12:02:58.263414 #3424]  INFO -- : lab.rism: Source #704001306 new digitizalization with content 'https://uurl.kbr.be/2083313'
I, [2025-10-23T12:02:58.436810 #3424]  INFO -- : lab.rism: Source #704001436 new digitizalization with content 'https://uurl.kbr.be/1809624'
I, [2025-10-23T12:02:58.903195 #3424]  INFO -- : lab.rism: Source #704001455 new digitizalization with content 'https://uurl.kbr.be/1454355'
I, [2025-10-23T12:02:59.107369 #3424]  INFO -- : lab.rism: Source #704001561 new digitizalization with content 'https://uurl.kbr.be/2089785'
I, [2025-10-23T12:02:59.362718 #3424]  INFO -- : lab.rism: Source #704001583 new digitizalization with content 'https://uurl.kbr.be/2092972'
I, [2025-10-23T12:02:59.560536 #3424]  INFO -- : lab.rism: Source #704001955 new digitizalization with content 'https://uurl.kbr.be/1892212'
I, [2025-10-23T12:03:00.003467 #3424]  INFO -- : lab.rism: Source #704001956 new digitizalization with content 'https://uurl.kbr.be/1892217'
I, [2025-10-23T12:03:00.217804 #3424]  INFO -- : lab.rism: Source #704001957 new digitizalization with content 'https://uurl.kbr.be/1895408'
I, [2025-10-23T12:03:00.442610 #3424]  INFO -- : lab.rism: Source #704001958 new digitizalization with content 'https://uurl.kbr.be/1896236'
I, [2025-10-23T12:03:00.626479 #3424]  INFO -- : lab.rism: Source #704002008 new digitizalization with content 'https://uurl.kbr.be/1892222'
I, [2025-10-23T12:03:01.052562 #3424]  INFO -- : lab.rism: Source #704002009 new digitizalization with content 'https://uurl.kbr.be/1892225'
I, [2025-10-23T12:03:01.235581 #3424]  INFO -- : lab.rism: Source #704002010 new digitizalization with content 'https://uurl.kbr.be/1892250'
I, [2025-10-23T12:03:01.344795 #3424]  INFO -- : lab.rism: Source #704002011 new digitizalization with content 'https://uurl.kbr.be/1892256'
I, [2025-10-23T12:03:01.535257 #3424]  INFO -- : lab.rism: Source #704002012 new digitizalization with content 'https://uurl.kbr.be/1892286'
I, [2025-10-23T12:03:01.736657 #3424]  INFO -- : lab.rism: Source #704002013 new digitizalization with content 'https://uurl.kbr.be/1892330'
I, [2025-10-23T12:03:02.015594 #3424]  INFO -- : lab.rism: Source #704002014 new digitizalization with content 'https://uurl.kbr.be/1892347'
I, [2025-10-23T12:03:02.242152 #3424]  INFO -- : lab.rism: Source #704002015 new digitizalization with content 'https://uurl.kbr.be/1888903'
I, [2025-10-23T12:03:02.354141 #3424]  INFO -- : lab.rism: Source #704002016 new digitizalization with content 'https://uurl.kbr.be/1892364'
I, [2025-10-23T12:03:02.536884 #3424]  INFO -- : lab.rism: Source #704002017 new digitizalization with content 'https://uurl.kbr.be/1892384'
I, [2025-10-23T12:03:02.838109 #3424]  INFO -- : lab.rism: Source #704002018 new digitizalization with content 'https://uurl.kbr.be/1892407'
I, [2025-10-23T12:03:03.141313 #3424]  INFO -- : lab.rism: Source #704002019 new digitizalization with content 'https://uurl.kbr.be/1892432'
I, [2025-10-23T12:03:03.316343 #3424]  INFO -- : lab.rism: Source #704002020 new digitizalization with content 'https://uurl.kbr.be/1892473'
I, [2025-10-23T12:03:03.458896 #3424]  INFO -- : lab.rism: Source #704002099 new digitizalization with content 'https://uurl.kbr.be/1981003'
I, [2025-10-23T12:03:04.090466 #3424]  INFO -- : lab.rism: Source #704002100 new digitizalization with content 'https://uurl.kbr.be/1986208'
I, [2025-10-23T12:03:04.407760 #3424]  INFO -- : lab.rism: Source #704002101 new digitizalization with content 'https://uurl.kbr.be/1981000'
I, [2025-10-23T12:03:04.623826 #3424]  INFO -- : lab.rism: Source #704002102 new digitizalization with content 'https://uurl.kbr.be/1981401'
I, [2025-10-23T12:03:04.975041 #3424]  INFO -- : lab.rism: Source #704002103 new digitizalization with content 'https://uurl.kbr.be/1981410'
I, [2025-10-23T12:03:05.130517 #3424]  INFO -- : lab.rism: Source #704002104 new digitizalization with content 'https://uurl.kbr.be/1980991'
I, [2025-10-23T12:03:05.244478 #3424]  INFO -- : lab.rism: Source #704002105 new digitizalization with content 'https://uurl.kbr.be/1980997'
I, [2025-10-23T12:03:05.441187 #3424]  INFO -- : lab.rism: Source #704002106 new digitizalization with content 'https://uurl.kbr.be/1980994'
I, [2025-10-23T12:03:05.563255 #3424]  INFO -- : lab.rism: Source #704002107 new digitizalization with content 'https://uurl.kbr.be/1980985'
I, [2025-10-23T12:03:05.805592 #3424]  INFO -- : lab.rism: Source #704002108 new digitizalization with content 'https://uurl.kbr.be/1980988'
I, [2025-10-23T12:03:06.153591 #3424]  INFO -- : lab.rism: Source #704002109 new digitizalization with content 'https://uurl.kbr.be/1993746'
I, [2025-10-23T12:03:06.307446 #3424]  INFO -- : lab.rism: Source #704002110 new digitizalization with content 'https://uurl.kbr.be/1993740'
I, [2025-10-23T12:03:06.491362 #3424]  INFO -- : lab.rism: Source #704002112 new digitizalization with content 'https://uurl.kbr.be/1993743'
I, [2025-10-23T12:03:06.818639 #3424]  INFO -- : lab.rism: Source #704002129 new digitizalization with content 'https://uurl.kbr.be/2000552'
I, [2025-10-23T12:03:07.185587 #3424]  INFO -- : lab.rism: Source #704002130 new digitizalization with content 'https://uurl.kbr.be/1993767https://uurl.kbr.be/1993764'
I, [2025-10-23T12:03:07.404056 #3424]  INFO -- : lab.rism: Source #704002131 new digitizalization with content 'https://uurl.kbr.be/1993761https://uurl.kbr.be/1993758'
I, [2025-10-23T12:03:07.682986 #3424]  INFO -- : lab.rism: Source #704002138 new digitizalization with content 'https://uurl.kbr.be/2195201'
I, [2025-10-23T12:03:08.008243 #3424]  INFO -- : lab.rism: Source #704002139 new digitizalization with content 'https://uurl.kbr.be/2161562'
I, [2025-10-23T12:03:08.193452 #3424]  INFO -- : lab.rism: Source #704002140 new digitizalization with content 'https://uurl.kbr.be/2195182'
I, [2025-10-23T12:03:08.397355 #3424]  INFO -- : lab.rism: Source #704002141 new digitizalization with content 'https://uurl.kbr.be/2161560'
I, [2025-10-23T12:03:08.531650 #3424]  INFO -- : lab.rism: Source #704002143 new digitizalization with content 'https://uurl.kbr.be/2161556'
I, [2025-10-23T12:03:08.877466 #3424]  INFO -- : lab.rism: Source #704002144 new digitizalization with content 'https://uurl.kbr.be/2195194'
I, [2025-10-23T12:03:09.164963 #3424]  INFO -- : lab.rism: Source #704002145 new digitizalization with content 'https://uurl.kbr.be/2161570'
I, [2025-10-23T12:03:09.401199 #3424]  INFO -- : lab.rism: Source #704002146 new digitizalization with content 'https://uurl.kbr.be/2161566'
I, [2025-10-23T12:03:09.572972 #3424]  INFO -- : lab.rism: Source #704002147 new digitizalization with content 'https://uurl.kbr.be/2161572'
I, [2025-10-23T12:03:09.948764 #3424]  INFO -- : lab.rism: Source #704002149 new digitizalization with content 'https://uurl.kbr.be/1948512'
I, [2025-10-23T12:03:10.286975 #3424]  INFO -- : lab.rism: Source #704002150 new digitizalization with content 'https://uurl.kbr.be/2189728'
I, [2025-10-23T12:03:10.656420 #3424]  INFO -- : lab.rism: Source #704002151 new digitizalization with content 'https://uurl.kbr.be/2035670'
I, [2025-10-23T12:03:10.862413 #3424]  INFO -- : lab.rism: Source #704002152 new digitizalization with content 'https://uurl.kbr.be/2035595https://uurl.kbr.be/2035661'
I, [2025-10-23T12:03:11.206838 #3424]  INFO -- : lab.rism: Source #704002153 new digitizalization with content 'https://uurl.kbr.be/2035598https://uurl.kbr.be/2035664https://uurl.kbr.be/2035667'
I, [2025-10-23T12:03:11.345689 #3424]  INFO -- : lab.rism: Source #704002158 new digitizalization with content 'https://uurl.kbr.be/1608066'
I, [2025-10-23T12:03:11.560266 #3424]  INFO -- : lab.rism: Source #704002162 new digitizalization with content 'https://uurl.kbr.be/2189742'
I, [2025-10-23T12:03:11.833187 #3424]  INFO -- : lab.rism: Source #704002163 new digitizalization with content 'https://uurl.kbr.be/2189732'
I, [2025-10-23T12:03:12.065612 #3424]  INFO -- : lab.rism: Source #704002164 new digitizalization with content 'https://uurl.kbr.be/2165238'
I, [2025-10-23T12:03:12.360981 #3424]  INFO -- : lab.rism: Source #704002167 new digitizalization with content 'https://uurl.kbr.be/2165232'
I, [2025-10-23T12:03:12.602652 #3424]  INFO -- : lab.rism: Source #704002168 new digitizalization with content 'https://uurl.kbr.be/2035619https://uurl.kbr.be/2035624https://uurl.kbr.be/2035627'
I, [2025-10-23T12:03:12.900451 #3424]  INFO -- : lab.rism: Source #704002169 new digitizalization with content 'https://uurl.kbr.be/2165242'
I, [2025-10-23T12:03:13.085376 #3424]  INFO -- : lab.rism: Source #704002190 new digitizalization with content 'https://uurl.kbr.be/2194492'
I, [2025-10-23T12:03:13.307496 #3424]  INFO -- : lab.rism: Source #704002225 new digitizalization with content 'https://uurl.kbr.be/1454211'
I, [2025-10-23T12:03:13.570966 #3424]  INFO -- : lab.rism: Source #704002226 new digitizalization with content 'https://uurl.kbr.be/1968922'
I, [2025-10-23T12:03:13.878894 #3424]  INFO -- : lab.rism: Source #704003417 new digitizalization with content 'https://uurl.kbr.be/2020803'
I, [2025-10-23T12:03:14.310829 #3424]  INFO -- : lab.rism: Source #1001066870 new digitizalization with content 'https://uurl.kbr.be/2008603'
